ARM GAS  C:\Users\Luke\AppData\Local\Temp\ccmqmVaU.s 			page 1


   1              		.syntax unified
   2              		.cpu cortex-m3
   3              		.fpu softvfp
   4              		.eabi_attribute 20, 1
   5              		.eabi_attribute 21, 1
   6              		.eabi_attribute 23, 3
   7              		.eabi_attribute 24, 1
   8              		.eabi_attribute 25, 1
   9              		.eabi_attribute 26, 1
  10              		.eabi_attribute 30, 4
  11              		.eabi_attribute 34, 1
  12              		.eabi_attribute 18, 4
  13              		.thumb
  14              		.file	"ADC_DelSig_1_INT.c"
  15              		.text
  16              	.Ltext0:
  17              		.cfi_sections	.debug_frame
  18              		.section	.text.ADC_DelSig_1_ISR1,"ax",%progbits
  19              		.align	1
  20              		.global	ADC_DelSig_1_ISR1
  21              		.thumb
  22              		.thumb_func
  23              		.type	ADC_DelSig_1_ISR1, %function
  24              	ADC_DelSig_1_ISR1:
  25              	.LFB0:
  26              		.file 1 ".\\Generated_Source\\PSoC5\\ADC_DelSig_1_INT.c"
   1:.\Generated_Source\PSoC5/ADC_DelSig_1_INT.c **** /*******************************************************************************
   2:.\Generated_Source\PSoC5/ADC_DelSig_1_INT.c **** * File Name: ADC_DelSig_1_INT.c
   3:.\Generated_Source\PSoC5/ADC_DelSig_1_INT.c **** * Version 3.0
   4:.\Generated_Source\PSoC5/ADC_DelSig_1_INT.c **** *
   5:.\Generated_Source\PSoC5/ADC_DelSig_1_INT.c **** * Description:
   6:.\Generated_Source\PSoC5/ADC_DelSig_1_INT.c **** *  This file contains the code that operates during the ADC_DelSig interrupt
   7:.\Generated_Source\PSoC5/ADC_DelSig_1_INT.c **** *  service routine.
   8:.\Generated_Source\PSoC5/ADC_DelSig_1_INT.c **** *
   9:.\Generated_Source\PSoC5/ADC_DelSig_1_INT.c **** * Note:
  10:.\Generated_Source\PSoC5/ADC_DelSig_1_INT.c **** *
  11:.\Generated_Source\PSoC5/ADC_DelSig_1_INT.c **** ********************************************************************************
  12:.\Generated_Source\PSoC5/ADC_DelSig_1_INT.c **** * Copyright 2008-2013, Cypress Semiconductor Corporation.  All rights reserved.
  13:.\Generated_Source\PSoC5/ADC_DelSig_1_INT.c **** * You may use this file only in accordance with the license, terms, conditions,
  14:.\Generated_Source\PSoC5/ADC_DelSig_1_INT.c **** * disclaimers, and limitations in the end user license agreement accompanying
  15:.\Generated_Source\PSoC5/ADC_DelSig_1_INT.c **** * the software package with which this file was provided.
  16:.\Generated_Source\PSoC5/ADC_DelSig_1_INT.c **** *******************************************************************************/
  17:.\Generated_Source\PSoC5/ADC_DelSig_1_INT.c **** 
  18:.\Generated_Source\PSoC5/ADC_DelSig_1_INT.c **** #include "ADC_DelSig_1.h"
  19:.\Generated_Source\PSoC5/ADC_DelSig_1_INT.c **** 
  20:.\Generated_Source\PSoC5/ADC_DelSig_1_INT.c **** 
  21:.\Generated_Source\PSoC5/ADC_DelSig_1_INT.c **** /*******************************************************************************
  22:.\Generated_Source\PSoC5/ADC_DelSig_1_INT.c **** * Custom Declarations and Variables
  23:.\Generated_Source\PSoC5/ADC_DelSig_1_INT.c **** * - add user include files, prototypes and variables between the following
  24:.\Generated_Source\PSoC5/ADC_DelSig_1_INT.c **** *   #START and #END tags
  25:.\Generated_Source\PSoC5/ADC_DelSig_1_INT.c **** *******************************************************************************/
  26:.\Generated_Source\PSoC5/ADC_DelSig_1_INT.c **** /* `#START ADC_SYS_VAR`  */
  27:.\Generated_Source\PSoC5/ADC_DelSig_1_INT.c **** 
  28:.\Generated_Source\PSoC5/ADC_DelSig_1_INT.c **** /* `#END`  */
  29:.\Generated_Source\PSoC5/ADC_DelSig_1_INT.c **** 
  30:.\Generated_Source\PSoC5/ADC_DelSig_1_INT.c **** 
  31:.\Generated_Source\PSoC5/ADC_DelSig_1_INT.c **** #if(ADC_DelSig_1_IRQ_REMOVE == 0u)
ARM GAS  C:\Users\Luke\AppData\Local\Temp\ccmqmVaU.s 			page 2


  32:.\Generated_Source\PSoC5/ADC_DelSig_1_INT.c **** 
  33:.\Generated_Source\PSoC5/ADC_DelSig_1_INT.c **** 
  34:.\Generated_Source\PSoC5/ADC_DelSig_1_INT.c ****     /*****************************************************************************
  35:.\Generated_Source\PSoC5/ADC_DelSig_1_INT.c ****     * Function Name: ADC_DelSig_1_ISR1
  36:.\Generated_Source\PSoC5/ADC_DelSig_1_INT.c ****     ******************************************************************************
  37:.\Generated_Source\PSoC5/ADC_DelSig_1_INT.c ****     *
  38:.\Generated_Source\PSoC5/ADC_DelSig_1_INT.c ****     * Summary:
  39:.\Generated_Source\PSoC5/ADC_DelSig_1_INT.c ****     *  Handle Interrupt Service Routine.
  40:.\Generated_Source\PSoC5/ADC_DelSig_1_INT.c ****     *
  41:.\Generated_Source\PSoC5/ADC_DelSig_1_INT.c ****     * Parameters:
  42:.\Generated_Source\PSoC5/ADC_DelSig_1_INT.c ****     *  None
  43:.\Generated_Source\PSoC5/ADC_DelSig_1_INT.c ****     *
  44:.\Generated_Source\PSoC5/ADC_DelSig_1_INT.c ****     * Return:
  45:.\Generated_Source\PSoC5/ADC_DelSig_1_INT.c ****     *  None
  46:.\Generated_Source\PSoC5/ADC_DelSig_1_INT.c ****     *
  47:.\Generated_Source\PSoC5/ADC_DelSig_1_INT.c ****     * Reentrant:
  48:.\Generated_Source\PSoC5/ADC_DelSig_1_INT.c ****     *  No
  49:.\Generated_Source\PSoC5/ADC_DelSig_1_INT.c ****     *
  50:.\Generated_Source\PSoC5/ADC_DelSig_1_INT.c ****     *****************************************************************************/
  51:.\Generated_Source\PSoC5/ADC_DelSig_1_INT.c ****     CY_ISR( ADC_DelSig_1_ISR1)
  52:.\Generated_Source\PSoC5/ADC_DelSig_1_INT.c ****     {
  27              		.loc 1 52 0
  28              		.cfi_startproc
  29              		@ args = 0, pretend = 0, frame = 0
  30              		@ frame_needed = 0, uses_anonymous_args = 0
  31              		@ link register save eliminated.
  32 0000 7047     		bx	lr
  33              		.cfi_endproc
  34              	.LFE0:
  35              		.size	ADC_DelSig_1_ISR1, .-ADC_DelSig_1_ISR1
  36              		.section	.text.ADC_DelSig_1_ISR2,"ax",%progbits
  37              		.align	1
  38              		.global	ADC_DelSig_1_ISR2
  39              		.thumb
  40              		.thumb_func
  41              		.type	ADC_DelSig_1_ISR2, %function
  42              	ADC_DelSig_1_ISR2:
  43              	.LFB1:
  53:.\Generated_Source\PSoC5/ADC_DelSig_1_INT.c ****         /**************************************************************************
  54:.\Generated_Source\PSoC5/ADC_DelSig_1_INT.c ****         *  Custom Code
  55:.\Generated_Source\PSoC5/ADC_DelSig_1_INT.c ****         *  - add user ISR code between the following #START and #END tags
  56:.\Generated_Source\PSoC5/ADC_DelSig_1_INT.c ****         **************************************************************************/
  57:.\Generated_Source\PSoC5/ADC_DelSig_1_INT.c ****         /* `#START MAIN_ADC_ISR1`  */
  58:.\Generated_Source\PSoC5/ADC_DelSig_1_INT.c **** 
  59:.\Generated_Source\PSoC5/ADC_DelSig_1_INT.c ****         /* `#END`  */
  60:.\Generated_Source\PSoC5/ADC_DelSig_1_INT.c **** 
  61:.\Generated_Source\PSoC5/ADC_DelSig_1_INT.c ****         /* Stop the conversion if conversion mode is single sample and resolution
  62:.\Generated_Source\PSoC5/ADC_DelSig_1_INT.c ****         *  is above 16 bits.
  63:.\Generated_Source\PSoC5/ADC_DelSig_1_INT.c ****         */
  64:.\Generated_Source\PSoC5/ADC_DelSig_1_INT.c ****         #if(ADC_DelSig_1_CFG1_RESOLUTION > 16 && \
  65:.\Generated_Source\PSoC5/ADC_DelSig_1_INT.c ****             ADC_DelSig_1_CFG1_CONV_MODE == ADC_DelSig_1_MODE_SINGLE_SAMPLE)
  66:.\Generated_Source\PSoC5/ADC_DelSig_1_INT.c ****             ADC_DelSig_1_StopConvert();
  67:.\Generated_Source\PSoC5/ADC_DelSig_1_INT.c ****             /* Software flag for checking conversion complete or not. Will be used when
  68:.\Generated_Source\PSoC5/ADC_DelSig_1_INT.c ****             *  resolution is above 16 bits and conversion mode is single sample 
  69:.\Generated_Source\PSoC5/ADC_DelSig_1_INT.c **** 			*/
  70:.\Generated_Source\PSoC5/ADC_DelSig_1_INT.c ****             ADC_DelSig_1_convDone = ADC_DelSig_1_DEC_CONV_DONE;
  71:.\Generated_Source\PSoC5/ADC_DelSig_1_INT.c ****         #endif /* Single sample conversion mode with resolution above 16 bits */
ARM GAS  C:\Users\Luke\AppData\Local\Temp\ccmqmVaU.s 			page 3


  72:.\Generated_Source\PSoC5/ADC_DelSig_1_INT.c **** 
  73:.\Generated_Source\PSoC5/ADC_DelSig_1_INT.c ****     }
  74:.\Generated_Source\PSoC5/ADC_DelSig_1_INT.c **** 
  75:.\Generated_Source\PSoC5/ADC_DelSig_1_INT.c **** 
  76:.\Generated_Source\PSoC5/ADC_DelSig_1_INT.c ****     /*****************************************************************************
  77:.\Generated_Source\PSoC5/ADC_DelSig_1_INT.c ****     * Function Name: ADC_DelSig_1_ISR2
  78:.\Generated_Source\PSoC5/ADC_DelSig_1_INT.c ****     ******************************************************************************
  79:.\Generated_Source\PSoC5/ADC_DelSig_1_INT.c ****     *
  80:.\Generated_Source\PSoC5/ADC_DelSig_1_INT.c ****     * Summary:
  81:.\Generated_Source\PSoC5/ADC_DelSig_1_INT.c ****     *  Handle Interrupt Service Routine.
  82:.\Generated_Source\PSoC5/ADC_DelSig_1_INT.c ****     *
  83:.\Generated_Source\PSoC5/ADC_DelSig_1_INT.c ****     * Parameters:
  84:.\Generated_Source\PSoC5/ADC_DelSig_1_INT.c ****     *  None
  85:.\Generated_Source\PSoC5/ADC_DelSig_1_INT.c ****     *
  86:.\Generated_Source\PSoC5/ADC_DelSig_1_INT.c ****     * Return:
  87:.\Generated_Source\PSoC5/ADC_DelSig_1_INT.c ****     *  None
  88:.\Generated_Source\PSoC5/ADC_DelSig_1_INT.c ****     *
  89:.\Generated_Source\PSoC5/ADC_DelSig_1_INT.c ****     * Reentrant:
  90:.\Generated_Source\PSoC5/ADC_DelSig_1_INT.c ****     *  No
  91:.\Generated_Source\PSoC5/ADC_DelSig_1_INT.c ****     *
  92:.\Generated_Source\PSoC5/ADC_DelSig_1_INT.c ****     *****************************************************************************/
  93:.\Generated_Source\PSoC5/ADC_DelSig_1_INT.c ****     CY_ISR( ADC_DelSig_1_ISR2)
  94:.\Generated_Source\PSoC5/ADC_DelSig_1_INT.c ****     {
  44              		.loc 1 94 0
  45              		.cfi_startproc
  46              		@ args = 0, pretend = 0, frame = 0
  47              		@ frame_needed = 0, uses_anonymous_args = 0
  48              		@ link register save eliminated.
  49 0000 7047     		bx	lr
  50              		.cfi_endproc
  51              	.LFE1:
  52              		.size	ADC_DelSig_1_ISR2, .-ADC_DelSig_1_ISR2
  53              		.section	.text.ADC_DelSig_1_ISR3,"ax",%progbits
  54              		.align	1
  55              		.global	ADC_DelSig_1_ISR3
  56              		.thumb
  57              		.thumb_func
  58              		.type	ADC_DelSig_1_ISR3, %function
  59              	ADC_DelSig_1_ISR3:
  60              	.LFB2:
  95:.\Generated_Source\PSoC5/ADC_DelSig_1_INT.c ****         /***************************************************************************
  96:.\Generated_Source\PSoC5/ADC_DelSig_1_INT.c ****         *  Custom Code
  97:.\Generated_Source\PSoC5/ADC_DelSig_1_INT.c ****         *  - add user ISR code between the following #START and #END tags
  98:.\Generated_Source\PSoC5/ADC_DelSig_1_INT.c ****         **************************************************************************/
  99:.\Generated_Source\PSoC5/ADC_DelSig_1_INT.c ****         /* `#START MAIN_ADC_ISR2`  */
 100:.\Generated_Source\PSoC5/ADC_DelSig_1_INT.c **** 
 101:.\Generated_Source\PSoC5/ADC_DelSig_1_INT.c ****         /* `#END`  */
 102:.\Generated_Source\PSoC5/ADC_DelSig_1_INT.c **** 
 103:.\Generated_Source\PSoC5/ADC_DelSig_1_INT.c ****         /* Stop the conversion conversion mode is single sample and resolution
 104:.\Generated_Source\PSoC5/ADC_DelSig_1_INT.c ****         *  is above 16 bits.
 105:.\Generated_Source\PSoC5/ADC_DelSig_1_INT.c ****         */
 106:.\Generated_Source\PSoC5/ADC_DelSig_1_INT.c ****         #if(ADC_DelSig_1_CFG2_RESOLUTION > 16 && \
 107:.\Generated_Source\PSoC5/ADC_DelSig_1_INT.c ****             ADC_DelSig_1_CFG2_CONVMODE == ADC_DelSig_1_MODE_SINGLE_SAMPLE)
 108:.\Generated_Source\PSoC5/ADC_DelSig_1_INT.c ****             ADC_DelSig_1_StopConvert();
 109:.\Generated_Source\PSoC5/ADC_DelSig_1_INT.c ****             /* Software flag for checking conversion complete or not. Will be used when
 110:.\Generated_Source\PSoC5/ADC_DelSig_1_INT.c ****             *   resolution is above 16 bits and conversion mode is single sample 
 111:.\Generated_Source\PSoC5/ADC_DelSig_1_INT.c **** 			*/
ARM GAS  C:\Users\Luke\AppData\Local\Temp\ccmqmVaU.s 			page 4


 112:.\Generated_Source\PSoC5/ADC_DelSig_1_INT.c ****             ADC_DelSig_1_convDone = ADC_DelSig_1_DEC_CONV_DONE;
 113:.\Generated_Source\PSoC5/ADC_DelSig_1_INT.c ****         #endif /* Single sample conversion mode with resolution above 16 bits */
 114:.\Generated_Source\PSoC5/ADC_DelSig_1_INT.c **** 
 115:.\Generated_Source\PSoC5/ADC_DelSig_1_INT.c ****     }
 116:.\Generated_Source\PSoC5/ADC_DelSig_1_INT.c **** 
 117:.\Generated_Source\PSoC5/ADC_DelSig_1_INT.c **** 
 118:.\Generated_Source\PSoC5/ADC_DelSig_1_INT.c ****     /*****************************************************************************
 119:.\Generated_Source\PSoC5/ADC_DelSig_1_INT.c ****     * Function Name: ADC_DelSig_1_ISR3
 120:.\Generated_Source\PSoC5/ADC_DelSig_1_INT.c ****     ******************************************************************************
 121:.\Generated_Source\PSoC5/ADC_DelSig_1_INT.c ****     *
 122:.\Generated_Source\PSoC5/ADC_DelSig_1_INT.c ****     * Summary:
 123:.\Generated_Source\PSoC5/ADC_DelSig_1_INT.c ****     *  Handle Interrupt Service Routine.
 124:.\Generated_Source\PSoC5/ADC_DelSig_1_INT.c ****     *
 125:.\Generated_Source\PSoC5/ADC_DelSig_1_INT.c ****     * Parameters:
 126:.\Generated_Source\PSoC5/ADC_DelSig_1_INT.c ****     *  None
 127:.\Generated_Source\PSoC5/ADC_DelSig_1_INT.c ****     *
 128:.\Generated_Source\PSoC5/ADC_DelSig_1_INT.c ****     * Return:
 129:.\Generated_Source\PSoC5/ADC_DelSig_1_INT.c ****     *  None
 130:.\Generated_Source\PSoC5/ADC_DelSig_1_INT.c ****     *
 131:.\Generated_Source\PSoC5/ADC_DelSig_1_INT.c ****     * Reentrant:
 132:.\Generated_Source\PSoC5/ADC_DelSig_1_INT.c ****     *  No
 133:.\Generated_Source\PSoC5/ADC_DelSig_1_INT.c ****     *
 134:.\Generated_Source\PSoC5/ADC_DelSig_1_INT.c ****     *****************************************************************************/
 135:.\Generated_Source\PSoC5/ADC_DelSig_1_INT.c ****     CY_ISR( ADC_DelSig_1_ISR3)
 136:.\Generated_Source\PSoC5/ADC_DelSig_1_INT.c ****     {
  61              		.loc 1 136 0
  62              		.cfi_startproc
  63              		@ args = 0, pretend = 0, frame = 0
  64              		@ frame_needed = 0, uses_anonymous_args = 0
  65              		@ link register save eliminated.
  66 0000 7047     		bx	lr
  67              		.cfi_endproc
  68              	.LFE2:
  69              		.size	ADC_DelSig_1_ISR3, .-ADC_DelSig_1_ISR3
  70              		.section	.text.ADC_DelSig_1_ISR4,"ax",%progbits
  71              		.align	1
  72              		.global	ADC_DelSig_1_ISR4
  73              		.thumb
  74              		.thumb_func
  75              		.type	ADC_DelSig_1_ISR4, %function
  76              	ADC_DelSig_1_ISR4:
  77              	.LFB3:
 137:.\Generated_Source\PSoC5/ADC_DelSig_1_INT.c ****         /***************************************************************************
 138:.\Generated_Source\PSoC5/ADC_DelSig_1_INT.c ****         *  Custom Code
 139:.\Generated_Source\PSoC5/ADC_DelSig_1_INT.c ****         *  - add user ISR code between the following #START and #END tags
 140:.\Generated_Source\PSoC5/ADC_DelSig_1_INT.c ****         **************************************************************************/
 141:.\Generated_Source\PSoC5/ADC_DelSig_1_INT.c ****         /* `#START MAIN_ADC_ISR3`  */
 142:.\Generated_Source\PSoC5/ADC_DelSig_1_INT.c **** 
 143:.\Generated_Source\PSoC5/ADC_DelSig_1_INT.c ****         /* `#END`  */
 144:.\Generated_Source\PSoC5/ADC_DelSig_1_INT.c **** 
 145:.\Generated_Source\PSoC5/ADC_DelSig_1_INT.c ****         /* Stop the conversion if conversion mode is set to single sample and
 146:.\Generated_Source\PSoC5/ADC_DelSig_1_INT.c ****         *  resolution is above 16 bits.
 147:.\Generated_Source\PSoC5/ADC_DelSig_1_INT.c ****         */
 148:.\Generated_Source\PSoC5/ADC_DelSig_1_INT.c ****         #if(ADC_DelSig_1_CFG3_RESOLUTION > 16 && \
 149:.\Generated_Source\PSoC5/ADC_DelSig_1_INT.c ****             ADC_DelSig_1_CFG3_CONVMODE == ADC_DelSig_1_MODE_SINGLE_SAMPLE)
 150:.\Generated_Source\PSoC5/ADC_DelSig_1_INT.c ****             ADC_DelSig_1_StopConvert();
 151:.\Generated_Source\PSoC5/ADC_DelSig_1_INT.c ****             /* Software flag for checking conversion complete or not. Will be used when
ARM GAS  C:\Users\Luke\AppData\Local\Temp\ccmqmVaU.s 			page 5


 152:.\Generated_Source\PSoC5/ADC_DelSig_1_INT.c ****             *  resolution is above 16 bits and conversion mode is single sample 
 153:.\Generated_Source\PSoC5/ADC_DelSig_1_INT.c **** 			*/
 154:.\Generated_Source\PSoC5/ADC_DelSig_1_INT.c ****             ADC_DelSig_1_convDone = ADC_DelSig_1_DEC_CONV_DONE;
 155:.\Generated_Source\PSoC5/ADC_DelSig_1_INT.c ****         #endif /* Single sample conversion mode with resolution above 16 bits */
 156:.\Generated_Source\PSoC5/ADC_DelSig_1_INT.c ****     }
 157:.\Generated_Source\PSoC5/ADC_DelSig_1_INT.c **** 
 158:.\Generated_Source\PSoC5/ADC_DelSig_1_INT.c **** 
 159:.\Generated_Source\PSoC5/ADC_DelSig_1_INT.c ****     /*****************************************************************************
 160:.\Generated_Source\PSoC5/ADC_DelSig_1_INT.c ****     * Function Name: ADC_DelSig_1_ISR4
 161:.\Generated_Source\PSoC5/ADC_DelSig_1_INT.c ****     ******************************************************************************
 162:.\Generated_Source\PSoC5/ADC_DelSig_1_INT.c ****     *
 163:.\Generated_Source\PSoC5/ADC_DelSig_1_INT.c ****     * Summary:
 164:.\Generated_Source\PSoC5/ADC_DelSig_1_INT.c ****     *  Handle Interrupt Service Routine.
 165:.\Generated_Source\PSoC5/ADC_DelSig_1_INT.c ****     *
 166:.\Generated_Source\PSoC5/ADC_DelSig_1_INT.c ****     * Parameters:
 167:.\Generated_Source\PSoC5/ADC_DelSig_1_INT.c ****     *  None
 168:.\Generated_Source\PSoC5/ADC_DelSig_1_INT.c ****     *
 169:.\Generated_Source\PSoC5/ADC_DelSig_1_INT.c ****     * Return:
 170:.\Generated_Source\PSoC5/ADC_DelSig_1_INT.c ****     *  None
 171:.\Generated_Source\PSoC5/ADC_DelSig_1_INT.c ****     *
 172:.\Generated_Source\PSoC5/ADC_DelSig_1_INT.c ****     * Reentrant:
 173:.\Generated_Source\PSoC5/ADC_DelSig_1_INT.c ****     *  No
 174:.\Generated_Source\PSoC5/ADC_DelSig_1_INT.c ****     *
 175:.\Generated_Source\PSoC5/ADC_DelSig_1_INT.c ****     *****************************************************************************/
 176:.\Generated_Source\PSoC5/ADC_DelSig_1_INT.c ****     CY_ISR( ADC_DelSig_1_ISR4)
 177:.\Generated_Source\PSoC5/ADC_DelSig_1_INT.c ****     {
  78              		.loc 1 177 0
  79              		.cfi_startproc
  80              		@ args = 0, pretend = 0, frame = 0
  81              		@ frame_needed = 0, uses_anonymous_args = 0
  82              		@ link register save eliminated.
  83 0000 7047     		bx	lr
  84              		.cfi_endproc
  85              	.LFE3:
  86              		.size	ADC_DelSig_1_ISR4, .-ADC_DelSig_1_ISR4
  87              		.text
  88              	.Letext0:
  89              		.section	.debug_info,"",%progbits
  90              	.Ldebug_info0:
  91 0000 DC000000 		.4byte	0xdc
  92 0004 0200     		.2byte	0x2
  93 0006 00000000 		.4byte	.Ldebug_abbrev0
  94 000a 04       		.byte	0x4
  95 000b 01       		.uleb128 0x1
  96 000c 20000000 		.4byte	.LASF17
  97 0010 01       		.byte	0x1
  98 0011 E4000000 		.4byte	.LASF18
  99 0015 5C010000 		.4byte	.LASF19
 100 0019 00000000 		.4byte	.Ldebug_ranges0+0
 101 001d 00000000 		.4byte	0
 102 0021 00000000 		.4byte	0
 103 0025 00000000 		.4byte	.Ldebug_line0
 104 0029 02       		.uleb128 0x2
 105 002a 01       		.byte	0x1
 106 002b 06       		.byte	0x6
 107 002c 2A010000 		.4byte	.LASF0
 108 0030 02       		.uleb128 0x2
ARM GAS  C:\Users\Luke\AppData\Local\Temp\ccmqmVaU.s 			page 6


 109 0031 01       		.byte	0x1
 110 0032 08       		.byte	0x8
 111 0033 C8000000 		.4byte	.LASF1
 112 0037 02       		.uleb128 0x2
 113 0038 02       		.byte	0x2
 114 0039 05       		.byte	0x5
 115 003a 3C010000 		.4byte	.LASF2
 116 003e 02       		.uleb128 0x2
 117 003f 02       		.byte	0x2
 118 0040 07       		.byte	0x7
 119 0041 17010000 		.4byte	.LASF3
 120 0045 02       		.uleb128 0x2
 121 0046 04       		.byte	0x4
 122 0047 05       		.byte	0x5
 123 0048 DB000000 		.4byte	.LASF4
 124 004c 02       		.uleb128 0x2
 125 004d 04       		.byte	0x4
 126 004e 07       		.byte	0x7
 127 004f 69000000 		.4byte	.LASF5
 128 0053 02       		.uleb128 0x2
 129 0054 08       		.byte	0x8
 130 0055 05       		.byte	0x5
 131 0056 00000000 		.4byte	.LASF6
 132 005a 02       		.uleb128 0x2
 133 005b 08       		.byte	0x8
 134 005c 07       		.byte	0x7
 135 005d 8D000000 		.4byte	.LASF7
 136 0061 03       		.uleb128 0x3
 137 0062 04       		.byte	0x4
 138 0063 05       		.byte	0x5
 139 0064 696E7400 		.ascii	"int\000"
 140 0068 02       		.uleb128 0x2
 141 0069 04       		.byte	0x4
 142 006a 07       		.byte	0x7
 143 006b 46010000 		.4byte	.LASF8
 144 006f 02       		.uleb128 0x2
 145 0070 04       		.byte	0x4
 146 0071 04       		.byte	0x4
 147 0072 36010000 		.4byte	.LASF9
 148 0076 02       		.uleb128 0x2
 149 0077 08       		.byte	0x8
 150 0078 04       		.byte	0x4
 151 0079 10010000 		.4byte	.LASF10
 152 007d 02       		.uleb128 0x2
 153 007e 01       		.byte	0x1
 154 007f 08       		.byte	0x8
 155 0080 D6000000 		.4byte	.LASF11
 156 0084 02       		.uleb128 0x2
 157 0085 04       		.byte	0x4
 158 0086 07       		.byte	0x7
 159 0087 53010000 		.4byte	.LASF12
 160 008b 04       		.uleb128 0x4
 161 008c 01       		.byte	0x1
 162 008d 7B000000 		.4byte	.LASF13
 163 0091 01       		.byte	0x1
 164 0092 33       		.byte	0x33
 165 0093 01       		.byte	0x1
ARM GAS  C:\Users\Luke\AppData\Local\Temp\ccmqmVaU.s 			page 7


 166 0094 00000000 		.4byte	.LFB0
 167 0098 02000000 		.4byte	.LFE0
 168 009c 02       		.byte	0x2
 169 009d 7D       		.byte	0x7d
 170 009e 00       		.sleb128 0
 171 009f 01       		.byte	0x1
 172 00a0 04       		.uleb128 0x4
 173 00a1 01       		.byte	0x1
 174 00a2 0E000000 		.4byte	.LASF14
 175 00a6 01       		.byte	0x1
 176 00a7 5D       		.byte	0x5d
 177 00a8 01       		.byte	0x1
 178 00a9 00000000 		.4byte	.LFB1
 179 00ad 02000000 		.4byte	.LFE1
 180 00b1 02       		.byte	0x2
 181 00b2 7D       		.byte	0x7d
 182 00b3 00       		.sleb128 0
 183 00b4 01       		.byte	0x1
 184 00b5 04       		.uleb128 0x4
 185 00b6 01       		.byte	0x1
 186 00b7 A4000000 		.4byte	.LASF15
 187 00bb 01       		.byte	0x1
 188 00bc 87       		.byte	0x87
 189 00bd 01       		.byte	0x1
 190 00be 00000000 		.4byte	.LFB2
 191 00c2 02000000 		.4byte	.LFE2
 192 00c6 02       		.byte	0x2
 193 00c7 7D       		.byte	0x7d
 194 00c8 00       		.sleb128 0
 195 00c9 01       		.byte	0x1
 196 00ca 04       		.uleb128 0x4
 197 00cb 01       		.byte	0x1
 198 00cc B6000000 		.4byte	.LASF16
 199 00d0 01       		.byte	0x1
 200 00d1 B0       		.byte	0xb0
 201 00d2 01       		.byte	0x1
 202 00d3 00000000 		.4byte	.LFB3
 203 00d7 02000000 		.4byte	.LFE3
 204 00db 02       		.byte	0x2
 205 00dc 7D       		.byte	0x7d
 206 00dd 00       		.sleb128 0
 207 00de 01       		.byte	0x1
 208 00df 00       		.byte	0
 209              		.section	.debug_abbrev,"",%progbits
 210              	.Ldebug_abbrev0:
 211 0000 01       		.uleb128 0x1
 212 0001 11       		.uleb128 0x11
 213 0002 01       		.byte	0x1
 214 0003 25       		.uleb128 0x25
 215 0004 0E       		.uleb128 0xe
 216 0005 13       		.uleb128 0x13
 217 0006 0B       		.uleb128 0xb
 218 0007 03       		.uleb128 0x3
 219 0008 0E       		.uleb128 0xe
 220 0009 1B       		.uleb128 0x1b
 221 000a 0E       		.uleb128 0xe
 222 000b 55       		.uleb128 0x55
ARM GAS  C:\Users\Luke\AppData\Local\Temp\ccmqmVaU.s 			page 8


 223 000c 06       		.uleb128 0x6
 224 000d 11       		.uleb128 0x11
 225 000e 01       		.uleb128 0x1
 226 000f 52       		.uleb128 0x52
 227 0010 01       		.uleb128 0x1
 228 0011 10       		.uleb128 0x10
 229 0012 06       		.uleb128 0x6
 230 0013 00       		.byte	0
 231 0014 00       		.byte	0
 232 0015 02       		.uleb128 0x2
 233 0016 24       		.uleb128 0x24
 234 0017 00       		.byte	0
 235 0018 0B       		.uleb128 0xb
 236 0019 0B       		.uleb128 0xb
 237 001a 3E       		.uleb128 0x3e
 238 001b 0B       		.uleb128 0xb
 239 001c 03       		.uleb128 0x3
 240 001d 0E       		.uleb128 0xe
 241 001e 00       		.byte	0
 242 001f 00       		.byte	0
 243 0020 03       		.uleb128 0x3
 244 0021 24       		.uleb128 0x24
 245 0022 00       		.byte	0
 246 0023 0B       		.uleb128 0xb
 247 0024 0B       		.uleb128 0xb
 248 0025 3E       		.uleb128 0x3e
 249 0026 0B       		.uleb128 0xb
 250 0027 03       		.uleb128 0x3
 251 0028 08       		.uleb128 0x8
 252 0029 00       		.byte	0
 253 002a 00       		.byte	0
 254 002b 04       		.uleb128 0x4
 255 002c 2E       		.uleb128 0x2e
 256 002d 00       		.byte	0
 257 002e 3F       		.uleb128 0x3f
 258 002f 0C       		.uleb128 0xc
 259 0030 03       		.uleb128 0x3
 260 0031 0E       		.uleb128 0xe
 261 0032 3A       		.uleb128 0x3a
 262 0033 0B       		.uleb128 0xb
 263 0034 3B       		.uleb128 0x3b
 264 0035 0B       		.uleb128 0xb
 265 0036 27       		.uleb128 0x27
 266 0037 0C       		.uleb128 0xc
 267 0038 11       		.uleb128 0x11
 268 0039 01       		.uleb128 0x1
 269 003a 12       		.uleb128 0x12
 270 003b 01       		.uleb128 0x1
 271 003c 40       		.uleb128 0x40
 272 003d 0A       		.uleb128 0xa
 273 003e 9742     		.uleb128 0x2117
 274 0040 0C       		.uleb128 0xc
 275 0041 00       		.byte	0
 276 0042 00       		.byte	0
 277 0043 00       		.byte	0
 278              		.section	.debug_aranges,"",%progbits
 279 0000 34000000 		.4byte	0x34
ARM GAS  C:\Users\Luke\AppData\Local\Temp\ccmqmVaU.s 			page 9


 280 0004 0200     		.2byte	0x2
 281 0006 00000000 		.4byte	.Ldebug_info0
 282 000a 04       		.byte	0x4
 283 000b 00       		.byte	0
 284 000c 0000     		.2byte	0
 285 000e 0000     		.2byte	0
 286 0010 00000000 		.4byte	.LFB0
 287 0014 02000000 		.4byte	.LFE0-.LFB0
 288 0018 00000000 		.4byte	.LFB1
 289 001c 02000000 		.4byte	.LFE1-.LFB1
 290 0020 00000000 		.4byte	.LFB2
 291 0024 02000000 		.4byte	.LFE2-.LFB2
 292 0028 00000000 		.4byte	.LFB3
 293 002c 02000000 		.4byte	.LFE3-.LFB3
 294 0030 00000000 		.4byte	0
 295 0034 00000000 		.4byte	0
 296              		.section	.debug_ranges,"",%progbits
 297              	.Ldebug_ranges0:
 298 0000 00000000 		.4byte	.LFB0
 299 0004 02000000 		.4byte	.LFE0
 300 0008 00000000 		.4byte	.LFB1
 301 000c 02000000 		.4byte	.LFE1
 302 0010 00000000 		.4byte	.LFB2
 303 0014 02000000 		.4byte	.LFE2
 304 0018 00000000 		.4byte	.LFB3
 305 001c 02000000 		.4byte	.LFE3
 306 0020 00000000 		.4byte	0
 307 0024 00000000 		.4byte	0
 308              		.section	.debug_line,"",%progbits
 309              	.Ldebug_line0:
 310 0000 87000000 		.section	.debug_str,"MS",%progbits,1
 310      02004200 
 310      00000201 
 310      FB0E0D00 
 310      01010101 
 311              	.LASF6:
 312 0000 6C6F6E67 		.ascii	"long long int\000"
 312      206C6F6E 
 312      6720696E 
 312      7400
 313              	.LASF14:
 314 000e 4144435F 		.ascii	"ADC_DelSig_1_ISR2\000"
 314      44656C53 
 314      69675F31 
 314      5F495352 
 314      3200
 315              	.LASF17:
 316 0020 474E5520 		.ascii	"GNU C 4.7.3 20130312 (release) [ARM/embedded-4_7-br"
 316      4320342E 
 316      372E3320 
 316      32303133 
 316      30333132 
 317 0053 616E6368 		.ascii	"anch revision 196615]\000"
 317      20726576 
 317      6973696F 
 317      6E203139 
 317      36363135 
ARM GAS  C:\Users\Luke\AppData\Local\Temp\ccmqmVaU.s 			page 10


 318              	.LASF5:
 319 0069 6C6F6E67 		.ascii	"long unsigned int\000"
 319      20756E73 
 319      69676E65 
 319      6420696E 
 319      7400
 320              	.LASF13:
 321 007b 4144435F 		.ascii	"ADC_DelSig_1_ISR1\000"
 321      44656C53 
 321      69675F31 
 321      5F495352 
 321      3100
 322              	.LASF7:
 323 008d 6C6F6E67 		.ascii	"long long unsigned int\000"
 323      206C6F6E 
 323      6720756E 
 323      7369676E 
 323      65642069 
 324              	.LASF15:
 325 00a4 4144435F 		.ascii	"ADC_DelSig_1_ISR3\000"
 325      44656C53 
 325      69675F31 
 325      5F495352 
 325      3300
 326              	.LASF16:
 327 00b6 4144435F 		.ascii	"ADC_DelSig_1_ISR4\000"
 327      44656C53 
 327      69675F31 
 327      5F495352 
 327      3400
 328              	.LASF1:
 329 00c8 756E7369 		.ascii	"unsigned char\000"
 329      676E6564 
 329      20636861 
 329      7200
 330              	.LASF11:
 331 00d6 63686172 		.ascii	"char\000"
 331      00
 332              	.LASF4:
 333 00db 6C6F6E67 		.ascii	"long int\000"
 333      20696E74 
 333      00
 334              	.LASF18:
 335 00e4 2E5C4765 		.ascii	".\\Generated_Source\\PSoC5\\ADC_DelSig_1_INT.c\000"
 335      6E657261 
 335      7465645F 
 335      536F7572 
 335      63655C50 
 336              	.LASF10:
 337 0110 646F7562 		.ascii	"double\000"
 337      6C6500
 338              	.LASF3:
 339 0117 73686F72 		.ascii	"short unsigned int\000"
 339      7420756E 
 339      7369676E 
 339      65642069 
 339      6E7400
ARM GAS  C:\Users\Luke\AppData\Local\Temp\ccmqmVaU.s 			page 11


 340              	.LASF0:
 341 012a 7369676E 		.ascii	"signed char\000"
 341      65642063 
 341      68617200 
 342              	.LASF9:
 343 0136 666C6F61 		.ascii	"float\000"
 343      7400
 344              	.LASF2:
 345 013c 73686F72 		.ascii	"short int\000"
 345      7420696E 
 345      7400
 346              	.LASF8:
 347 0146 756E7369 		.ascii	"unsigned int\000"
 347      676E6564 
 347      20696E74 
 347      00
 348              	.LASF12:
 349 0153 73697A65 		.ascii	"sizetype\000"
 349      74797065 
 349      00
 350              	.LASF19:
 351 015c 433A5C55 		.ascii	"C:\\Users\\Luke\\Desktop\\Laserschutzschaltung.cyds"
 351      73657273 
 351      5C4C756B 
 351      655C4465 
 351      736B746F 
 352 018b 6E5C4C61 		.ascii	"n\\Laserschutzschaltung.cydsn\000"
 352      73657273 
 352      63687574 
 352      7A736368 
 352      616C7475 
 353              		.ident	"GCC: (GNU Tools for ARM Embedded Processors) 4.7.3 20130312 (release) [ARM/embedded-4_7-br
