ARM GAS  C:\Users\Luke\AppData\Local\Temp\cc8Ahb3R.s 			page 1


   1              		.syntax unified
   2              		.cpu cortex-m3
   3              		.fpu softvfp
   4              		.eabi_attribute 20, 1
   5              		.eabi_attribute 21, 1
   6              		.eabi_attribute 23, 3
   7              		.eabi_attribute 24, 1
   8              		.eabi_attribute 25, 1
   9              		.eabi_attribute 26, 1
  10              		.eabi_attribute 30, 4
  11              		.eabi_attribute 34, 1
  12              		.eabi_attribute 18, 4
  13              		.thumb
  14              		.file	"Comp_2_PM.c"
  15              		.text
  16              	.Ltext0:
  17              		.cfi_sections	.debug_frame
  18              		.section	.text.Comp_2_SaveConfig,"ax",%progbits
  19              		.align	1
  20              		.global	Comp_2_SaveConfig
  21              		.thumb
  22              		.thumb_func
  23              		.type	Comp_2_SaveConfig, %function
  24              	Comp_2_SaveConfig:
  25              	.LFB0:
  26              		.file 1 ".\\Generated_Source\\PSoC5\\Comp_2_PM.c"
   1:.\Generated_Source\PSoC5/Comp_2_PM.c **** /*******************************************************************************
   2:.\Generated_Source\PSoC5/Comp_2_PM.c **** * File Name: Comp_2.c
   3:.\Generated_Source\PSoC5/Comp_2_PM.c **** * Version 2.0
   4:.\Generated_Source\PSoC5/Comp_2_PM.c **** *
   5:.\Generated_Source\PSoC5/Comp_2_PM.c **** * Description:
   6:.\Generated_Source\PSoC5/Comp_2_PM.c **** *  This file provides the power management source code APIs for the
   7:.\Generated_Source\PSoC5/Comp_2_PM.c **** *  Comparator.
   8:.\Generated_Source\PSoC5/Comp_2_PM.c **** *
   9:.\Generated_Source\PSoC5/Comp_2_PM.c **** * Note:
  10:.\Generated_Source\PSoC5/Comp_2_PM.c **** *  None
  11:.\Generated_Source\PSoC5/Comp_2_PM.c **** *
  12:.\Generated_Source\PSoC5/Comp_2_PM.c **** ********************************************************************************
  13:.\Generated_Source\PSoC5/Comp_2_PM.c **** * Copyright 2008-2012, Cypress Semiconductor Corporation.  All rights reserved.
  14:.\Generated_Source\PSoC5/Comp_2_PM.c **** * You may use this file only in accordance with the license, terms, conditions, 
  15:.\Generated_Source\PSoC5/Comp_2_PM.c **** * disclaimers, and limitations in the end user license agreement accompanying 
  16:.\Generated_Source\PSoC5/Comp_2_PM.c **** * the software package with which this file was provided.
  17:.\Generated_Source\PSoC5/Comp_2_PM.c **** *******************************************************************************/
  18:.\Generated_Source\PSoC5/Comp_2_PM.c **** 
  19:.\Generated_Source\PSoC5/Comp_2_PM.c **** #include "Comp_2.h"
  20:.\Generated_Source\PSoC5/Comp_2_PM.c **** 
  21:.\Generated_Source\PSoC5/Comp_2_PM.c **** static Comp_2_backupStruct Comp_2_backup;
  22:.\Generated_Source\PSoC5/Comp_2_PM.c **** 
  23:.\Generated_Source\PSoC5/Comp_2_PM.c **** 
  24:.\Generated_Source\PSoC5/Comp_2_PM.c **** /*******************************************************************************
  25:.\Generated_Source\PSoC5/Comp_2_PM.c **** * Function Name: Comp_2_SaveConfig
  26:.\Generated_Source\PSoC5/Comp_2_PM.c **** ********************************************************************************
  27:.\Generated_Source\PSoC5/Comp_2_PM.c **** *
  28:.\Generated_Source\PSoC5/Comp_2_PM.c **** * Summary:
  29:.\Generated_Source\PSoC5/Comp_2_PM.c **** *  Save the current user configuration
  30:.\Generated_Source\PSoC5/Comp_2_PM.c **** *
  31:.\Generated_Source\PSoC5/Comp_2_PM.c **** * Parameters:
ARM GAS  C:\Users\Luke\AppData\Local\Temp\cc8Ahb3R.s 			page 2


  32:.\Generated_Source\PSoC5/Comp_2_PM.c **** *  void:
  33:.\Generated_Source\PSoC5/Comp_2_PM.c **** *
  34:.\Generated_Source\PSoC5/Comp_2_PM.c **** * Return:
  35:.\Generated_Source\PSoC5/Comp_2_PM.c **** *  void
  36:.\Generated_Source\PSoC5/Comp_2_PM.c **** *
  37:.\Generated_Source\PSoC5/Comp_2_PM.c **** *******************************************************************************/
  38:.\Generated_Source\PSoC5/Comp_2_PM.c **** void Comp_2_SaveConfig(void) 
  39:.\Generated_Source\PSoC5/Comp_2_PM.c **** {
  27              		.loc 1 39 0
  28              		.cfi_startproc
  29              		@ args = 0, pretend = 0, frame = 0
  30              		@ frame_needed = 0, uses_anonymous_args = 0
  31              		@ link register save eliminated.
  32 0000 7047     		bx	lr
  33              		.cfi_endproc
  34              	.LFE0:
  35              		.size	Comp_2_SaveConfig, .-Comp_2_SaveConfig
  36              		.section	.text.Comp_2_RestoreConfig,"ax",%progbits
  37              		.align	1
  38              		.global	Comp_2_RestoreConfig
  39              		.thumb
  40              		.thumb_func
  41              		.type	Comp_2_RestoreConfig, %function
  42              	Comp_2_RestoreConfig:
  43              	.LFB1:
  40:.\Generated_Source\PSoC5/Comp_2_PM.c ****     /* Empty since all are system reset for retention flops */
  41:.\Generated_Source\PSoC5/Comp_2_PM.c **** }
  42:.\Generated_Source\PSoC5/Comp_2_PM.c **** 
  43:.\Generated_Source\PSoC5/Comp_2_PM.c **** 
  44:.\Generated_Source\PSoC5/Comp_2_PM.c **** /*******************************************************************************
  45:.\Generated_Source\PSoC5/Comp_2_PM.c **** * Function Name: Comp_2_RestoreConfig
  46:.\Generated_Source\PSoC5/Comp_2_PM.c **** ********************************************************************************
  47:.\Generated_Source\PSoC5/Comp_2_PM.c **** *
  48:.\Generated_Source\PSoC5/Comp_2_PM.c **** * Summary:
  49:.\Generated_Source\PSoC5/Comp_2_PM.c **** *  Restores the current user configuration.
  50:.\Generated_Source\PSoC5/Comp_2_PM.c **** *
  51:.\Generated_Source\PSoC5/Comp_2_PM.c **** * Parameters:
  52:.\Generated_Source\PSoC5/Comp_2_PM.c **** *  void
  53:.\Generated_Source\PSoC5/Comp_2_PM.c **** *
  54:.\Generated_Source\PSoC5/Comp_2_PM.c **** * Return:
  55:.\Generated_Source\PSoC5/Comp_2_PM.c **** *  void
  56:.\Generated_Source\PSoC5/Comp_2_PM.c **** *
  57:.\Generated_Source\PSoC5/Comp_2_PM.c **** ********************************************************************************/
  58:.\Generated_Source\PSoC5/Comp_2_PM.c **** void Comp_2_RestoreConfig(void) 
  59:.\Generated_Source\PSoC5/Comp_2_PM.c **** {
  44              		.loc 1 59 0
  45              		.cfi_startproc
  46              		@ args = 0, pretend = 0, frame = 0
  47              		@ frame_needed = 0, uses_anonymous_args = 0
  48              		@ link register save eliminated.
  49 0000 7047     		bx	lr
  50              		.cfi_endproc
  51              	.LFE1:
  52              		.size	Comp_2_RestoreConfig, .-Comp_2_RestoreConfig
  53              		.section	.text.Comp_2_Sleep,"ax",%progbits
  54              		.align	1
  55              		.global	Comp_2_Sleep
ARM GAS  C:\Users\Luke\AppData\Local\Temp\cc8Ahb3R.s 			page 3


  56              		.thumb
  57              		.thumb_func
  58              		.type	Comp_2_Sleep, %function
  59              	Comp_2_Sleep:
  60              	.LFB2:
  60:.\Generated_Source\PSoC5/Comp_2_PM.c ****     /* Empty since all are system reset for retention flops */    
  61:.\Generated_Source\PSoC5/Comp_2_PM.c **** }
  62:.\Generated_Source\PSoC5/Comp_2_PM.c **** 
  63:.\Generated_Source\PSoC5/Comp_2_PM.c **** 
  64:.\Generated_Source\PSoC5/Comp_2_PM.c **** /*******************************************************************************
  65:.\Generated_Source\PSoC5/Comp_2_PM.c **** * Function Name: Comp_2_Sleep
  66:.\Generated_Source\PSoC5/Comp_2_PM.c **** ********************************************************************************
  67:.\Generated_Source\PSoC5/Comp_2_PM.c **** *
  68:.\Generated_Source\PSoC5/Comp_2_PM.c **** * Summary:
  69:.\Generated_Source\PSoC5/Comp_2_PM.c **** *  Stop and Save the user configuration
  70:.\Generated_Source\PSoC5/Comp_2_PM.c **** *
  71:.\Generated_Source\PSoC5/Comp_2_PM.c **** * Parameters:
  72:.\Generated_Source\PSoC5/Comp_2_PM.c **** *  void:
  73:.\Generated_Source\PSoC5/Comp_2_PM.c **** *
  74:.\Generated_Source\PSoC5/Comp_2_PM.c **** * Return:
  75:.\Generated_Source\PSoC5/Comp_2_PM.c **** *  void
  76:.\Generated_Source\PSoC5/Comp_2_PM.c **** *
  77:.\Generated_Source\PSoC5/Comp_2_PM.c **** * Global variables:
  78:.\Generated_Source\PSoC5/Comp_2_PM.c **** *  Comp_2_backup.enableState:  Is modified depending on the enable 
  79:.\Generated_Source\PSoC5/Comp_2_PM.c **** *   state of the block before entering sleep mode.
  80:.\Generated_Source\PSoC5/Comp_2_PM.c **** *
  81:.\Generated_Source\PSoC5/Comp_2_PM.c **** *******************************************************************************/
  82:.\Generated_Source\PSoC5/Comp_2_PM.c **** void Comp_2_Sleep(void) 
  83:.\Generated_Source\PSoC5/Comp_2_PM.c **** {
  61              		.loc 1 83 0
  62              		.cfi_startproc
  63              		@ args = 0, pretend = 0, frame = 0
  64              		@ frame_needed = 0, uses_anonymous_args = 0
  65              		@ link register save eliminated.
  84:.\Generated_Source\PSoC5/Comp_2_PM.c ****     /* Save Comp's enable state */    
  85:.\Generated_Source\PSoC5/Comp_2_PM.c ****     if(Comp_2_ACT_PWR_EN == (Comp_2_PWRMGR & Comp_2_ACT_PWR_EN))
  66              		.loc 1 85 0
  67 0000 044B     		ldr	r3, .L6
  68 0002 0549     		ldr	r1, .L6+4
  69 0004 1878     		ldrb	r0, [r3, #0]	@ zero_extendqisi2
  70 0006 10F00402 		ands	r2, r0, #4
  86:.\Generated_Source\PSoC5/Comp_2_PM.c ****     {
  87:.\Generated_Source\PSoC5/Comp_2_PM.c ****         /* Comp is enabled */
  88:.\Generated_Source\PSoC5/Comp_2_PM.c ****         Comp_2_backup.enableState = 1u;
  71              		.loc 1 88 0
  72 000a 18BF     		it	ne
  73 000c 0122     		movne	r2, #1
  89:.\Generated_Source\PSoC5/Comp_2_PM.c ****     }
  90:.\Generated_Source\PSoC5/Comp_2_PM.c ****     else
  91:.\Generated_Source\PSoC5/Comp_2_PM.c ****     {
  92:.\Generated_Source\PSoC5/Comp_2_PM.c ****         /* Comp is disabled */
  93:.\Generated_Source\PSoC5/Comp_2_PM.c ****         Comp_2_backup.enableState = 0u;
  74              		.loc 1 93 0
  75 000e 0A70     		strb	r2, [r1, #0]
  94:.\Generated_Source\PSoC5/Comp_2_PM.c ****     }    
  95:.\Generated_Source\PSoC5/Comp_2_PM.c ****     
  96:.\Generated_Source\PSoC5/Comp_2_PM.c ****     Comp_2_Stop();
ARM GAS  C:\Users\Luke\AppData\Local\Temp\cc8Ahb3R.s 			page 4


  97:.\Generated_Source\PSoC5/Comp_2_PM.c ****     Comp_2_SaveConfig();
  98:.\Generated_Source\PSoC5/Comp_2_PM.c **** }
  76              		.loc 1 98 0
  96:.\Generated_Source\PSoC5/Comp_2_PM.c ****     Comp_2_Stop();
  77              		.loc 1 96 0
  78 0010 FFF7FEBF 		b	Comp_2_Stop
  79              	.LVL0:
  80              	.L7:
  81              		.align	2
  82              	.L6:
  83 0014 A7430040 		.word	1073759143
  84 0018 00000000 		.word	.LANCHOR0
  85              		.cfi_endproc
  86              	.LFE2:
  87              		.size	Comp_2_Sleep, .-Comp_2_Sleep
  88              		.section	.text.Comp_2_Wakeup,"ax",%progbits
  89              		.align	1
  90              		.global	Comp_2_Wakeup
  91              		.thumb
  92              		.thumb_func
  93              		.type	Comp_2_Wakeup, %function
  94              	Comp_2_Wakeup:
  95              	.LFB3:
  99:.\Generated_Source\PSoC5/Comp_2_PM.c **** 
 100:.\Generated_Source\PSoC5/Comp_2_PM.c **** 
 101:.\Generated_Source\PSoC5/Comp_2_PM.c **** /*******************************************************************************
 102:.\Generated_Source\PSoC5/Comp_2_PM.c **** * Function Name: Comp_2_Wakeup
 103:.\Generated_Source\PSoC5/Comp_2_PM.c **** ********************************************************************************
 104:.\Generated_Source\PSoC5/Comp_2_PM.c **** *
 105:.\Generated_Source\PSoC5/Comp_2_PM.c **** * Summary:
 106:.\Generated_Source\PSoC5/Comp_2_PM.c **** *  Restores and enables the user configuration
 107:.\Generated_Source\PSoC5/Comp_2_PM.c **** *  
 108:.\Generated_Source\PSoC5/Comp_2_PM.c **** * Parameters:
 109:.\Generated_Source\PSoC5/Comp_2_PM.c **** *  void
 110:.\Generated_Source\PSoC5/Comp_2_PM.c **** *
 111:.\Generated_Source\PSoC5/Comp_2_PM.c **** * Return:
 112:.\Generated_Source\PSoC5/Comp_2_PM.c **** *  void
 113:.\Generated_Source\PSoC5/Comp_2_PM.c **** *
 114:.\Generated_Source\PSoC5/Comp_2_PM.c **** * Global variables:
 115:.\Generated_Source\PSoC5/Comp_2_PM.c **** *  Comp_2_backup.enableState:  Is used to restore the enable state of 
 116:.\Generated_Source\PSoC5/Comp_2_PM.c **** *  block on wakeup from sleep mode.
 117:.\Generated_Source\PSoC5/Comp_2_PM.c **** *
 118:.\Generated_Source\PSoC5/Comp_2_PM.c **** *******************************************************************************/
 119:.\Generated_Source\PSoC5/Comp_2_PM.c **** void Comp_2_Wakeup(void) 
 120:.\Generated_Source\PSoC5/Comp_2_PM.c **** {
  96              		.loc 1 120 0
  97              		.cfi_startproc
  98              		@ args = 0, pretend = 0, frame = 0
  99              		@ frame_needed = 0, uses_anonymous_args = 0
 100              		@ link register save eliminated.
 121:.\Generated_Source\PSoC5/Comp_2_PM.c ****     Comp_2_RestoreConfig();
 122:.\Generated_Source\PSoC5/Comp_2_PM.c ****     
 123:.\Generated_Source\PSoC5/Comp_2_PM.c ****     if(Comp_2_backup.enableState == 1u)
 101              		.loc 1 123 0
 102 0000 034B     		ldr	r3, .L11
 103 0002 1878     		ldrb	r0, [r3, #0]	@ zero_extendqisi2
 104 0004 0128     		cmp	r0, #1
ARM GAS  C:\Users\Luke\AppData\Local\Temp\cc8Ahb3R.s 			page 5


 105 0006 01D1     		bne	.L8
 124:.\Generated_Source\PSoC5/Comp_2_PM.c ****     {
 125:.\Generated_Source\PSoC5/Comp_2_PM.c ****         /* Enable Comp's operation */
 126:.\Generated_Source\PSoC5/Comp_2_PM.c ****         Comp_2_Enable();
 127:.\Generated_Source\PSoC5/Comp_2_PM.c **** 
 128:.\Generated_Source\PSoC5/Comp_2_PM.c ****     } /* Do nothing if Comp was disabled before */ 
 129:.\Generated_Source\PSoC5/Comp_2_PM.c **** }
 106              		.loc 1 129 0
 126:.\Generated_Source\PSoC5/Comp_2_PM.c ****         Comp_2_Enable();
 107              		.loc 1 126 0
 108 0008 FFF7FEBF 		b	Comp_2_Enable
 109              	.LVL1:
 110              	.L8:
 111 000c 7047     		bx	lr
 112              	.L12:
 113 000e 00BF     		.align	2
 114              	.L11:
 115 0010 00000000 		.word	.LANCHOR0
 116              		.cfi_endproc
 117              	.LFE3:
 118              		.size	Comp_2_Wakeup, .-Comp_2_Wakeup
 119              		.bss
 120              		.set	.LANCHOR0,. + 0
 121              		.type	Comp_2_backup, %object
 122              		.size	Comp_2_backup, 1
 123              	Comp_2_backup:
 124 0000 00       		.space	1
 125              		.text
 126              	.Letext0:
 127              		.file 2 ".\\Generated_Source\\PSoC5\\cytypes.h"
 128              		.file 3 ".\\Generated_Source\\PSoC5\\Comp_2.h"
 129              		.section	.debug_info,"",%progbits
 130              	.Ldebug_info0:
 131 0000 68010000 		.4byte	0x168
 132 0004 0200     		.2byte	0x2
 133 0006 00000000 		.4byte	.Ldebug_abbrev0
 134 000a 04       		.byte	0x4
 135 000b 01       		.uleb128 0x1
 136 000c 49000000 		.4byte	.LASF22
 137 0010 01       		.byte	0x1
 138 0011 E6000000 		.4byte	.LASF23
 139 0015 A2010000 		.4byte	.LASF24
 140 0019 00000000 		.4byte	.Ldebug_ranges0+0
 141 001d 00000000 		.4byte	0
 142 0021 00000000 		.4byte	0
 143 0025 00000000 		.4byte	.Ldebug_line0
 144 0029 02       		.uleb128 0x2
 145 002a 01       		.byte	0x1
 146 002b 06       		.byte	0x6
 147 002c 53010000 		.4byte	.LASF0
 148 0030 02       		.uleb128 0x2
 149 0031 01       		.byte	0x1
 150 0032 08       		.byte	0x8
 151 0033 0B010000 		.4byte	.LASF1
 152 0037 02       		.uleb128 0x2
 153 0038 02       		.byte	0x2
 154 0039 05       		.byte	0x5
ARM GAS  C:\Users\Luke\AppData\Local\Temp\cc8Ahb3R.s 			page 6


 155 003a 2F010000 		.4byte	.LASF2
 156 003e 02       		.uleb128 0x2
 157 003f 02       		.byte	0x2
 158 0040 07       		.byte	0x7
 159 0041 40010000 		.4byte	.LASF3
 160 0045 02       		.uleb128 0x2
 161 0046 04       		.byte	0x4
 162 0047 05       		.byte	0x5
 163 0048 26010000 		.4byte	.LASF4
 164 004c 02       		.uleb128 0x2
 165 004d 04       		.byte	0x4
 166 004e 07       		.byte	0x7
 167 004f 98000000 		.4byte	.LASF5
 168 0053 02       		.uleb128 0x2
 169 0054 08       		.byte	0x8
 170 0055 05       		.byte	0x5
 171 0056 00000000 		.4byte	.LASF6
 172 005a 02       		.uleb128 0x2
 173 005b 08       		.byte	0x8
 174 005c 07       		.byte	0x7
 175 005d AA000000 		.4byte	.LASF7
 176 0061 03       		.uleb128 0x3
 177 0062 04       		.byte	0x4
 178 0063 05       		.byte	0x5
 179 0064 696E7400 		.ascii	"int\000"
 180 0068 02       		.uleb128 0x2
 181 0069 04       		.byte	0x4
 182 006a 07       		.byte	0x7
 183 006b 1A000000 		.4byte	.LASF8
 184 006f 04       		.uleb128 0x4
 185 0070 92000000 		.4byte	.LASF12
 186 0074 02       		.byte	0x2
 187 0075 5B       		.byte	0x5b
 188 0076 30000000 		.4byte	0x30
 189 007a 02       		.uleb128 0x2
 190 007b 04       		.byte	0x4
 191 007c 04       		.byte	0x4
 192 007d 6D010000 		.4byte	.LASF9
 193 0081 02       		.uleb128 0x2
 194 0082 08       		.byte	0x8
 195 0083 04       		.byte	0x4
 196 0084 39010000 		.4byte	.LASF10
 197 0088 02       		.uleb128 0x2
 198 0089 01       		.byte	0x1
 199 008a 08       		.byte	0x8
 200 008b E1000000 		.4byte	.LASF11
 201 008f 04       		.uleb128 0x4
 202 0090 88010000 		.4byte	.LASF13
 203 0094 02       		.byte	0x2
 204 0095 F0       		.byte	0xf0
 205 0096 9A000000 		.4byte	0x9a
 206 009a 05       		.uleb128 0x5
 207 009b 6F000000 		.4byte	0x6f
 208 009f 02       		.uleb128 0x2
 209 00a0 04       		.byte	0x4
 210 00a1 07       		.byte	0x7
 211 00a2 99010000 		.4byte	.LASF14
ARM GAS  C:\Users\Luke\AppData\Local\Temp\cc8Ahb3R.s 			page 7


 212 00a6 06       		.uleb128 0x6
 213 00a7 01       		.byte	0x1
 214 00a8 03       		.byte	0x3
 215 00a9 29       		.byte	0x29
 216 00aa BD000000 		.4byte	0xbd
 217 00ae 07       		.uleb128 0x7
 218 00af 0E000000 		.4byte	.LASF25
 219 00b3 03       		.byte	0x3
 220 00b4 2B       		.byte	0x2b
 221 00b5 6F000000 		.4byte	0x6f
 222 00b9 02       		.byte	0x2
 223 00ba 23       		.byte	0x23
 224 00bb 00       		.uleb128 0
 225 00bc 00       		.byte	0
 226 00bd 04       		.uleb128 0x4
 227 00be 35000000 		.4byte	.LASF15
 228 00c2 03       		.byte	0x3
 229 00c3 2D       		.byte	0x2d
 230 00c4 A6000000 		.4byte	0xa6
 231 00c8 08       		.uleb128 0x8
 232 00c9 01       		.byte	0x1
 233 00ca C1000000 		.4byte	.LASF16
 234 00ce 01       		.byte	0x1
 235 00cf 26       		.byte	0x26
 236 00d0 01       		.byte	0x1
 237 00d1 01       		.byte	0x1
 238 00d2 08       		.uleb128 0x8
 239 00d3 01       		.byte	0x1
 240 00d4 73010000 		.4byte	.LASF17
 241 00d8 01       		.byte	0x1
 242 00d9 3A       		.byte	0x3a
 243 00da 01       		.byte	0x1
 244 00db 01       		.byte	0x1
 245 00dc 09       		.uleb128 0x9
 246 00dd C8000000 		.4byte	0xc8
 247 00e1 00000000 		.4byte	.LFB0
 248 00e5 02000000 		.4byte	.LFE0
 249 00e9 02       		.byte	0x2
 250 00ea 7D       		.byte	0x7d
 251 00eb 00       		.sleb128 0
 252 00ec 01       		.byte	0x1
 253 00ed 09       		.uleb128 0x9
 254 00ee D2000000 		.4byte	0xd2
 255 00f2 00000000 		.4byte	.LFB1
 256 00f6 02000000 		.4byte	.LFE1
 257 00fa 02       		.byte	0x2
 258 00fb 7D       		.byte	0x7d
 259 00fc 00       		.sleb128 0
 260 00fd 01       		.byte	0x1
 261 00fe 0A       		.uleb128 0xa
 262 00ff 01       		.byte	0x1
 263 0100 19010000 		.4byte	.LASF18
 264 0104 01       		.byte	0x1
 265 0105 52       		.byte	0x52
 266 0106 01       		.byte	0x1
 267 0107 00000000 		.4byte	.LFB2
 268 010b 1C000000 		.4byte	.LFE2
ARM GAS  C:\Users\Luke\AppData\Local\Temp\cc8Ahb3R.s 			page 8


 269 010f 02       		.byte	0x2
 270 0110 7D       		.byte	0x7d
 271 0111 00       		.sleb128 0
 272 0112 01       		.byte	0x1
 273 0113 22010000 		.4byte	0x122
 274 0117 0B       		.uleb128 0xb
 275 0118 14000000 		.4byte	.LVL0
 276 011c 01       		.byte	0x1
 277 011d 57010000 		.4byte	0x157
 278 0121 00       		.byte	0
 279 0122 0A       		.uleb128 0xa
 280 0123 01       		.byte	0x1
 281 0124 27000000 		.4byte	.LASF19
 282 0128 01       		.byte	0x1
 283 0129 77       		.byte	0x77
 284 012a 01       		.byte	0x1
 285 012b 00000000 		.4byte	.LFB3
 286 012f 14000000 		.4byte	.LFE3
 287 0133 02       		.byte	0x2
 288 0134 7D       		.byte	0x7d
 289 0135 00       		.sleb128 0
 290 0136 01       		.byte	0x1
 291 0137 46010000 		.4byte	0x146
 292 013b 0B       		.uleb128 0xb
 293 013c 0C000000 		.4byte	.LVL1
 294 0140 01       		.byte	0x1
 295 0141 61010000 		.4byte	0x161
 296 0145 00       		.byte	0
 297 0146 0C       		.uleb128 0xc
 298 0147 5F010000 		.4byte	.LASF26
 299 014b 01       		.byte	0x1
 300 014c 15       		.byte	0x15
 301 014d BD000000 		.4byte	0xbd
 302 0151 05       		.byte	0x5
 303 0152 03       		.byte	0x3
 304 0153 00000000 		.4byte	Comp_2_backup
 305 0157 0D       		.uleb128 0xd
 306 0158 01       		.byte	0x1
 307 0159 8D010000 		.4byte	.LASF20
 308 015d 03       		.byte	0x3
 309 015e 40       		.byte	0x40
 310 015f 01       		.byte	0x1
 311 0160 01       		.byte	0x1
 312 0161 0D       		.uleb128 0xd
 313 0162 01       		.byte	0x1
 314 0163 D3000000 		.4byte	.LASF21
 315 0167 03       		.byte	0x3
 316 0168 46       		.byte	0x46
 317 0169 01       		.byte	0x1
 318 016a 01       		.byte	0x1
 319 016b 00       		.byte	0
 320              		.section	.debug_abbrev,"",%progbits
 321              	.Ldebug_abbrev0:
 322 0000 01       		.uleb128 0x1
 323 0001 11       		.uleb128 0x11
 324 0002 01       		.byte	0x1
 325 0003 25       		.uleb128 0x25
ARM GAS  C:\Users\Luke\AppData\Local\Temp\cc8Ahb3R.s 			page 9


 326 0004 0E       		.uleb128 0xe
 327 0005 13       		.uleb128 0x13
 328 0006 0B       		.uleb128 0xb
 329 0007 03       		.uleb128 0x3
 330 0008 0E       		.uleb128 0xe
 331 0009 1B       		.uleb128 0x1b
 332 000a 0E       		.uleb128 0xe
 333 000b 55       		.uleb128 0x55
 334 000c 06       		.uleb128 0x6
 335 000d 11       		.uleb128 0x11
 336 000e 01       		.uleb128 0x1
 337 000f 52       		.uleb128 0x52
 338 0010 01       		.uleb128 0x1
 339 0011 10       		.uleb128 0x10
 340 0012 06       		.uleb128 0x6
 341 0013 00       		.byte	0
 342 0014 00       		.byte	0
 343 0015 02       		.uleb128 0x2
 344 0016 24       		.uleb128 0x24
 345 0017 00       		.byte	0
 346 0018 0B       		.uleb128 0xb
 347 0019 0B       		.uleb128 0xb
 348 001a 3E       		.uleb128 0x3e
 349 001b 0B       		.uleb128 0xb
 350 001c 03       		.uleb128 0x3
 351 001d 0E       		.uleb128 0xe
 352 001e 00       		.byte	0
 353 001f 00       		.byte	0
 354 0020 03       		.uleb128 0x3
 355 0021 24       		.uleb128 0x24
 356 0022 00       		.byte	0
 357 0023 0B       		.uleb128 0xb
 358 0024 0B       		.uleb128 0xb
 359 0025 3E       		.uleb128 0x3e
 360 0026 0B       		.uleb128 0xb
 361 0027 03       		.uleb128 0x3
 362 0028 08       		.uleb128 0x8
 363 0029 00       		.byte	0
 364 002a 00       		.byte	0
 365 002b 04       		.uleb128 0x4
 366 002c 16       		.uleb128 0x16
 367 002d 00       		.byte	0
 368 002e 03       		.uleb128 0x3
 369 002f 0E       		.uleb128 0xe
 370 0030 3A       		.uleb128 0x3a
 371 0031 0B       		.uleb128 0xb
 372 0032 3B       		.uleb128 0x3b
 373 0033 0B       		.uleb128 0xb
 374 0034 49       		.uleb128 0x49
 375 0035 13       		.uleb128 0x13
 376 0036 00       		.byte	0
 377 0037 00       		.byte	0
 378 0038 05       		.uleb128 0x5
 379 0039 35       		.uleb128 0x35
 380 003a 00       		.byte	0
 381 003b 49       		.uleb128 0x49
 382 003c 13       		.uleb128 0x13
ARM GAS  C:\Users\Luke\AppData\Local\Temp\cc8Ahb3R.s 			page 10


 383 003d 00       		.byte	0
 384 003e 00       		.byte	0
 385 003f 06       		.uleb128 0x6
 386 0040 13       		.uleb128 0x13
 387 0041 01       		.byte	0x1
 388 0042 0B       		.uleb128 0xb
 389 0043 0B       		.uleb128 0xb
 390 0044 3A       		.uleb128 0x3a
 391 0045 0B       		.uleb128 0xb
 392 0046 3B       		.uleb128 0x3b
 393 0047 0B       		.uleb128 0xb
 394 0048 01       		.uleb128 0x1
 395 0049 13       		.uleb128 0x13
 396 004a 00       		.byte	0
 397 004b 00       		.byte	0
 398 004c 07       		.uleb128 0x7
 399 004d 0D       		.uleb128 0xd
 400 004e 00       		.byte	0
 401 004f 03       		.uleb128 0x3
 402 0050 0E       		.uleb128 0xe
 403 0051 3A       		.uleb128 0x3a
 404 0052 0B       		.uleb128 0xb
 405 0053 3B       		.uleb128 0x3b
 406 0054 0B       		.uleb128 0xb
 407 0055 49       		.uleb128 0x49
 408 0056 13       		.uleb128 0x13
 409 0057 38       		.uleb128 0x38
 410 0058 0A       		.uleb128 0xa
 411 0059 00       		.byte	0
 412 005a 00       		.byte	0
 413 005b 08       		.uleb128 0x8
 414 005c 2E       		.uleb128 0x2e
 415 005d 00       		.byte	0
 416 005e 3F       		.uleb128 0x3f
 417 005f 0C       		.uleb128 0xc
 418 0060 03       		.uleb128 0x3
 419 0061 0E       		.uleb128 0xe
 420 0062 3A       		.uleb128 0x3a
 421 0063 0B       		.uleb128 0xb
 422 0064 3B       		.uleb128 0x3b
 423 0065 0B       		.uleb128 0xb
 424 0066 27       		.uleb128 0x27
 425 0067 0C       		.uleb128 0xc
 426 0068 20       		.uleb128 0x20
 427 0069 0B       		.uleb128 0xb
 428 006a 00       		.byte	0
 429 006b 00       		.byte	0
 430 006c 09       		.uleb128 0x9
 431 006d 2E       		.uleb128 0x2e
 432 006e 00       		.byte	0
 433 006f 31       		.uleb128 0x31
 434 0070 13       		.uleb128 0x13
 435 0071 11       		.uleb128 0x11
 436 0072 01       		.uleb128 0x1
 437 0073 12       		.uleb128 0x12
 438 0074 01       		.uleb128 0x1
 439 0075 40       		.uleb128 0x40
ARM GAS  C:\Users\Luke\AppData\Local\Temp\cc8Ahb3R.s 			page 11


 440 0076 0A       		.uleb128 0xa
 441 0077 9742     		.uleb128 0x2117
 442 0079 0C       		.uleb128 0xc
 443 007a 00       		.byte	0
 444 007b 00       		.byte	0
 445 007c 0A       		.uleb128 0xa
 446 007d 2E       		.uleb128 0x2e
 447 007e 01       		.byte	0x1
 448 007f 3F       		.uleb128 0x3f
 449 0080 0C       		.uleb128 0xc
 450 0081 03       		.uleb128 0x3
 451 0082 0E       		.uleb128 0xe
 452 0083 3A       		.uleb128 0x3a
 453 0084 0B       		.uleb128 0xb
 454 0085 3B       		.uleb128 0x3b
 455 0086 0B       		.uleb128 0xb
 456 0087 27       		.uleb128 0x27
 457 0088 0C       		.uleb128 0xc
 458 0089 11       		.uleb128 0x11
 459 008a 01       		.uleb128 0x1
 460 008b 12       		.uleb128 0x12
 461 008c 01       		.uleb128 0x1
 462 008d 40       		.uleb128 0x40
 463 008e 0A       		.uleb128 0xa
 464 008f 9742     		.uleb128 0x2117
 465 0091 0C       		.uleb128 0xc
 466 0092 01       		.uleb128 0x1
 467 0093 13       		.uleb128 0x13
 468 0094 00       		.byte	0
 469 0095 00       		.byte	0
 470 0096 0B       		.uleb128 0xb
 471 0097 898201   		.uleb128 0x4109
 472 009a 00       		.byte	0
 473 009b 11       		.uleb128 0x11
 474 009c 01       		.uleb128 0x1
 475 009d 9542     		.uleb128 0x2115
 476 009f 0C       		.uleb128 0xc
 477 00a0 31       		.uleb128 0x31
 478 00a1 13       		.uleb128 0x13
 479 00a2 00       		.byte	0
 480 00a3 00       		.byte	0
 481 00a4 0C       		.uleb128 0xc
 482 00a5 34       		.uleb128 0x34
 483 00a6 00       		.byte	0
 484 00a7 03       		.uleb128 0x3
 485 00a8 0E       		.uleb128 0xe
 486 00a9 3A       		.uleb128 0x3a
 487 00aa 0B       		.uleb128 0xb
 488 00ab 3B       		.uleb128 0x3b
 489 00ac 0B       		.uleb128 0xb
 490 00ad 49       		.uleb128 0x49
 491 00ae 13       		.uleb128 0x13
 492 00af 02       		.uleb128 0x2
 493 00b0 0A       		.uleb128 0xa
 494 00b1 00       		.byte	0
 495 00b2 00       		.byte	0
 496 00b3 0D       		.uleb128 0xd
ARM GAS  C:\Users\Luke\AppData\Local\Temp\cc8Ahb3R.s 			page 12


 497 00b4 2E       		.uleb128 0x2e
 498 00b5 00       		.byte	0
 499 00b6 3F       		.uleb128 0x3f
 500 00b7 0C       		.uleb128 0xc
 501 00b8 03       		.uleb128 0x3
 502 00b9 0E       		.uleb128 0xe
 503 00ba 3A       		.uleb128 0x3a
 504 00bb 0B       		.uleb128 0xb
 505 00bc 3B       		.uleb128 0x3b
 506 00bd 0B       		.uleb128 0xb
 507 00be 27       		.uleb128 0x27
 508 00bf 0C       		.uleb128 0xc
 509 00c0 3C       		.uleb128 0x3c
 510 00c1 0C       		.uleb128 0xc
 511 00c2 00       		.byte	0
 512 00c3 00       		.byte	0
 513 00c4 00       		.byte	0
 514              		.section	.debug_aranges,"",%progbits
 515 0000 34000000 		.4byte	0x34
 516 0004 0200     		.2byte	0x2
 517 0006 00000000 		.4byte	.Ldebug_info0
 518 000a 04       		.byte	0x4
 519 000b 00       		.byte	0
 520 000c 0000     		.2byte	0
 521 000e 0000     		.2byte	0
 522 0010 00000000 		.4byte	.LFB0
 523 0014 02000000 		.4byte	.LFE0-.LFB0
 524 0018 00000000 		.4byte	.LFB1
 525 001c 02000000 		.4byte	.LFE1-.LFB1
 526 0020 00000000 		.4byte	.LFB2
 527 0024 1C000000 		.4byte	.LFE2-.LFB2
 528 0028 00000000 		.4byte	.LFB3
 529 002c 14000000 		.4byte	.LFE3-.LFB3
 530 0030 00000000 		.4byte	0
 531 0034 00000000 		.4byte	0
 532              		.section	.debug_ranges,"",%progbits
 533              	.Ldebug_ranges0:
 534 0000 00000000 		.4byte	.LFB0
 535 0004 02000000 		.4byte	.LFE0
 536 0008 00000000 		.4byte	.LFB1
 537 000c 02000000 		.4byte	.LFE1
 538 0010 00000000 		.4byte	.LFB2
 539 0014 1C000000 		.4byte	.LFE2
 540 0018 00000000 		.4byte	.LFB3
 541 001c 14000000 		.4byte	.LFE3
 542 0020 00000000 		.4byte	0
 543 0024 00000000 		.4byte	0
 544              		.section	.debug_line,"",%progbits
 545              	.Ldebug_line0:
 546 0000 A0000000 		.section	.debug_str,"MS",%progbits,1
 546      02005400 
 546      00000201 
 546      FB0E0D00 
 546      01010101 
 547              	.LASF6:
 548 0000 6C6F6E67 		.ascii	"long long int\000"
 548      206C6F6E 
ARM GAS  C:\Users\Luke\AppData\Local\Temp\cc8Ahb3R.s 			page 13


 548      6720696E 
 548      7400
 549              	.LASF25:
 550 000e 656E6162 		.ascii	"enableState\000"
 550      6C655374 
 550      61746500 
 551              	.LASF8:
 552 001a 756E7369 		.ascii	"unsigned int\000"
 552      676E6564 
 552      20696E74 
 552      00
 553              	.LASF19:
 554 0027 436F6D70 		.ascii	"Comp_2_Wakeup\000"
 554      5F325F57 
 554      616B6575 
 554      7000
 555              	.LASF15:
 556 0035 436F6D70 		.ascii	"Comp_2_backupStruct\000"
 556      5F325F62 
 556      61636B75 
 556      70537472 
 556      75637400 
 557              	.LASF22:
 558 0049 474E5520 		.ascii	"GNU C 4.7.3 20130312 (release) [ARM/embedded-4_7-br"
 558      4320342E 
 558      372E3320 
 558      32303133 
 558      30333132 
 559 007c 616E6368 		.ascii	"anch revision 196615]\000"
 559      20726576 
 559      6973696F 
 559      6E203139 
 559      36363135 
 560              	.LASF12:
 561 0092 75696E74 		.ascii	"uint8\000"
 561      3800
 562              	.LASF5:
 563 0098 6C6F6E67 		.ascii	"long unsigned int\000"
 563      20756E73 
 563      69676E65 
 563      6420696E 
 563      7400
 564              	.LASF7:
 565 00aa 6C6F6E67 		.ascii	"long long unsigned int\000"
 565      206C6F6E 
 565      6720756E 
 565      7369676E 
 565      65642069 
 566              	.LASF16:
 567 00c1 436F6D70 		.ascii	"Comp_2_SaveConfig\000"
 567      5F325F53 
 567      61766543 
 567      6F6E6669 
 567      6700
 568              	.LASF21:
 569 00d3 436F6D70 		.ascii	"Comp_2_Enable\000"
 569      5F325F45 
ARM GAS  C:\Users\Luke\AppData\Local\Temp\cc8Ahb3R.s 			page 14


 569      6E61626C 
 569      6500
 570              	.LASF11:
 571 00e1 63686172 		.ascii	"char\000"
 571      00
 572              	.LASF23:
 573 00e6 2E5C4765 		.ascii	".\\Generated_Source\\PSoC5\\Comp_2_PM.c\000"
 573      6E657261 
 573      7465645F 
 573      536F7572 
 573      63655C50 
 574              	.LASF1:
 575 010b 756E7369 		.ascii	"unsigned char\000"
 575      676E6564 
 575      20636861 
 575      7200
 576              	.LASF18:
 577 0119 436F6D70 		.ascii	"Comp_2_Sleep\000"
 577      5F325F53 
 577      6C656570 
 577      00
 578              	.LASF4:
 579 0126 6C6F6E67 		.ascii	"long int\000"
 579      20696E74 
 579      00
 580              	.LASF2:
 581 012f 73686F72 		.ascii	"short int\000"
 581      7420696E 
 581      7400
 582              	.LASF10:
 583 0139 646F7562 		.ascii	"double\000"
 583      6C6500
 584              	.LASF3:
 585 0140 73686F72 		.ascii	"short unsigned int\000"
 585      7420756E 
 585      7369676E 
 585      65642069 
 585      6E7400
 586              	.LASF0:
 587 0153 7369676E 		.ascii	"signed char\000"
 587      65642063 
 587      68617200 
 588              	.LASF26:
 589 015f 436F6D70 		.ascii	"Comp_2_backup\000"
 589      5F325F62 
 589      61636B75 
 589      7000
 590              	.LASF9:
 591 016d 666C6F61 		.ascii	"float\000"
 591      7400
 592              	.LASF17:
 593 0173 436F6D70 		.ascii	"Comp_2_RestoreConfig\000"
 593      5F325F52 
 593      6573746F 
 593      7265436F 
 593      6E666967 
 594              	.LASF13:
ARM GAS  C:\Users\Luke\AppData\Local\Temp\cc8Ahb3R.s 			page 15


 595 0188 72656738 		.ascii	"reg8\000"
 595      00
 596              	.LASF20:
 597 018d 436F6D70 		.ascii	"Comp_2_Stop\000"
 597      5F325F53 
 597      746F7000 
 598              	.LASF14:
 599 0199 73697A65 		.ascii	"sizetype\000"
 599      74797065 
 599      00
 600              	.LASF24:
 601 01a2 433A5C55 		.ascii	"C:\\Users\\Luke\\Desktop\\Laserschutzschaltung.cyds"
 601      73657273 
 601      5C4C756B 
 601      655C4465 
 601      736B746F 
 602 01d1 6E5C4C61 		.ascii	"n\\Laserschutzschaltung.cydsn\000"
 602      73657273 
 602      63687574 
 602      7A736368 
 602      616C7475 
 603              		.ident	"GCC: (GNU Tools for ARM Embedded Processors) 4.7.3 20130312 (release) [ARM/embedded-4_7-br
