ARM GAS  C:\Users\Luke\AppData\Local\Temp\ccrPlpAk.s 			page 1


   1              		.syntax unified
   2              		.cpu cortex-m3
   3              		.fpu softvfp
   4              		.eabi_attribute 20, 1
   5              		.eabi_attribute 21, 1
   6              		.eabi_attribute 23, 3
   7              		.eabi_attribute 24, 1
   8              		.eabi_attribute 25, 1
   9              		.eabi_attribute 26, 1
  10              		.eabi_attribute 30, 4
  11              		.eabi_attribute 34, 1
  12              		.eabi_attribute 18, 4
  13              		.thumb
  14              		.file	"Fault_isr.c"
  15              		.text
  16              	.Ltext0:
  17              		.cfi_sections	.debug_frame
  18              		.section	.text.Fault_isr_Interrupt,"ax",%progbits
  19              		.align	1
  20              		.global	Fault_isr_Interrupt
  21              		.thumb
  22              		.thumb_func
  23              		.type	Fault_isr_Interrupt, %function
  24              	Fault_isr_Interrupt:
  25              	.LFB3:
  26              		.file 1 ".\\Generated_Source\\PSoC5\\Fault_isr.c"
   1:.\Generated_Source\PSoC5/Fault_isr.c **** /*******************************************************************************
   2:.\Generated_Source\PSoC5/Fault_isr.c **** * File Name: Fault_isr.c  
   3:.\Generated_Source\PSoC5/Fault_isr.c **** * Version 1.70
   4:.\Generated_Source\PSoC5/Fault_isr.c **** *
   5:.\Generated_Source\PSoC5/Fault_isr.c **** *  Description:
   6:.\Generated_Source\PSoC5/Fault_isr.c **** *   API for controlling the state of an interrupt.
   7:.\Generated_Source\PSoC5/Fault_isr.c **** *
   8:.\Generated_Source\PSoC5/Fault_isr.c **** *
   9:.\Generated_Source\PSoC5/Fault_isr.c **** *  Note:
  10:.\Generated_Source\PSoC5/Fault_isr.c **** *
  11:.\Generated_Source\PSoC5/Fault_isr.c **** ********************************************************************************
  12:.\Generated_Source\PSoC5/Fault_isr.c **** * Copyright 2008-2012, Cypress Semiconductor Corporation.  All rights reserved.
  13:.\Generated_Source\PSoC5/Fault_isr.c **** * You may use this file only in accordance with the license, terms, conditions, 
  14:.\Generated_Source\PSoC5/Fault_isr.c **** * disclaimers, and limitations in the end user license agreement accompanying 
  15:.\Generated_Source\PSoC5/Fault_isr.c **** * the software package with which this file was provided.
  16:.\Generated_Source\PSoC5/Fault_isr.c **** *******************************************************************************/
  17:.\Generated_Source\PSoC5/Fault_isr.c **** 
  18:.\Generated_Source\PSoC5/Fault_isr.c **** 
  19:.\Generated_Source\PSoC5/Fault_isr.c **** #include <cydevice_trm.h>
  20:.\Generated_Source\PSoC5/Fault_isr.c **** #include <CyLib.h>
  21:.\Generated_Source\PSoC5/Fault_isr.c **** #include <Fault_isr.h>
  22:.\Generated_Source\PSoC5/Fault_isr.c **** 
  23:.\Generated_Source\PSoC5/Fault_isr.c **** #if !defined(Fault_isr__REMOVED) /* Check for removal by optimization */
  24:.\Generated_Source\PSoC5/Fault_isr.c **** 
  25:.\Generated_Source\PSoC5/Fault_isr.c **** /*******************************************************************************
  26:.\Generated_Source\PSoC5/Fault_isr.c **** *  Place your includes, defines and code here 
  27:.\Generated_Source\PSoC5/Fault_isr.c **** ********************************************************************************/
  28:.\Generated_Source\PSoC5/Fault_isr.c **** /* `#START Fault_isr_intc` */
  29:.\Generated_Source\PSoC5/Fault_isr.c **** 
  30:.\Generated_Source\PSoC5/Fault_isr.c **** /* `#END` */
  31:.\Generated_Source\PSoC5/Fault_isr.c **** 
ARM GAS  C:\Users\Luke\AppData\Local\Temp\ccrPlpAk.s 			page 2


  32:.\Generated_Source\PSoC5/Fault_isr.c **** #ifndef CYINT_IRQ_BASE
  33:.\Generated_Source\PSoC5/Fault_isr.c **** #define CYINT_IRQ_BASE      16
  34:.\Generated_Source\PSoC5/Fault_isr.c **** #endif /* CYINT_IRQ_BASE */
  35:.\Generated_Source\PSoC5/Fault_isr.c **** #ifndef CYINT_VECT_TABLE
  36:.\Generated_Source\PSoC5/Fault_isr.c **** #define CYINT_VECT_TABLE    ((cyisraddress **) CYREG_NVIC_VECT_OFFSET)
  37:.\Generated_Source\PSoC5/Fault_isr.c **** #endif /* CYINT_VECT_TABLE */
  38:.\Generated_Source\PSoC5/Fault_isr.c **** 
  39:.\Generated_Source\PSoC5/Fault_isr.c **** /* Declared in startup, used to set unused interrupts to. */
  40:.\Generated_Source\PSoC5/Fault_isr.c **** CY_ISR_PROTO(IntDefaultHandler);
  41:.\Generated_Source\PSoC5/Fault_isr.c **** 
  42:.\Generated_Source\PSoC5/Fault_isr.c **** 
  43:.\Generated_Source\PSoC5/Fault_isr.c **** /*******************************************************************************
  44:.\Generated_Source\PSoC5/Fault_isr.c **** * Function Name: Fault_isr_Start
  45:.\Generated_Source\PSoC5/Fault_isr.c **** ********************************************************************************
  46:.\Generated_Source\PSoC5/Fault_isr.c **** *
  47:.\Generated_Source\PSoC5/Fault_isr.c **** * Summary:
  48:.\Generated_Source\PSoC5/Fault_isr.c **** *  Set up the interrupt and enable it.
  49:.\Generated_Source\PSoC5/Fault_isr.c **** *
  50:.\Generated_Source\PSoC5/Fault_isr.c **** * Parameters:  
  51:.\Generated_Source\PSoC5/Fault_isr.c **** *   None
  52:.\Generated_Source\PSoC5/Fault_isr.c **** *
  53:.\Generated_Source\PSoC5/Fault_isr.c **** * Return:
  54:.\Generated_Source\PSoC5/Fault_isr.c **** *   None
  55:.\Generated_Source\PSoC5/Fault_isr.c **** *
  56:.\Generated_Source\PSoC5/Fault_isr.c **** *******************************************************************************/
  57:.\Generated_Source\PSoC5/Fault_isr.c **** void Fault_isr_Start(void)
  58:.\Generated_Source\PSoC5/Fault_isr.c **** {
  59:.\Generated_Source\PSoC5/Fault_isr.c ****     /* For all we know the interrupt is active. */
  60:.\Generated_Source\PSoC5/Fault_isr.c ****     Fault_isr_Disable();
  61:.\Generated_Source\PSoC5/Fault_isr.c **** 
  62:.\Generated_Source\PSoC5/Fault_isr.c ****     /* Set the ISR to point to the Fault_isr Interrupt. */
  63:.\Generated_Source\PSoC5/Fault_isr.c ****     Fault_isr_SetVector(&Fault_isr_Interrupt);
  64:.\Generated_Source\PSoC5/Fault_isr.c **** 
  65:.\Generated_Source\PSoC5/Fault_isr.c ****     /* Set the priority. */
  66:.\Generated_Source\PSoC5/Fault_isr.c ****     Fault_isr_SetPriority((uint8)Fault_isr_INTC_PRIOR_NUMBER);
  67:.\Generated_Source\PSoC5/Fault_isr.c **** 
  68:.\Generated_Source\PSoC5/Fault_isr.c ****     /* Enable it. */
  69:.\Generated_Source\PSoC5/Fault_isr.c ****     Fault_isr_Enable();
  70:.\Generated_Source\PSoC5/Fault_isr.c **** }
  71:.\Generated_Source\PSoC5/Fault_isr.c **** 
  72:.\Generated_Source\PSoC5/Fault_isr.c **** 
  73:.\Generated_Source\PSoC5/Fault_isr.c **** /*******************************************************************************
  74:.\Generated_Source\PSoC5/Fault_isr.c **** * Function Name: Fault_isr_StartEx
  75:.\Generated_Source\PSoC5/Fault_isr.c **** ********************************************************************************
  76:.\Generated_Source\PSoC5/Fault_isr.c **** *
  77:.\Generated_Source\PSoC5/Fault_isr.c **** * Summary:
  78:.\Generated_Source\PSoC5/Fault_isr.c **** *  Set up the interrupt and enable it.
  79:.\Generated_Source\PSoC5/Fault_isr.c **** *
  80:.\Generated_Source\PSoC5/Fault_isr.c **** * Parameters:  
  81:.\Generated_Source\PSoC5/Fault_isr.c **** *   address: Address of the ISR to set in the interrupt vector table.
  82:.\Generated_Source\PSoC5/Fault_isr.c **** *
  83:.\Generated_Source\PSoC5/Fault_isr.c **** * Return:
  84:.\Generated_Source\PSoC5/Fault_isr.c **** *   None
  85:.\Generated_Source\PSoC5/Fault_isr.c **** *
  86:.\Generated_Source\PSoC5/Fault_isr.c **** *******************************************************************************/
  87:.\Generated_Source\PSoC5/Fault_isr.c **** void Fault_isr_StartEx(cyisraddress address)
  88:.\Generated_Source\PSoC5/Fault_isr.c **** {
ARM GAS  C:\Users\Luke\AppData\Local\Temp\ccrPlpAk.s 			page 3


  89:.\Generated_Source\PSoC5/Fault_isr.c ****     /* For all we know the interrupt is active. */
  90:.\Generated_Source\PSoC5/Fault_isr.c ****     Fault_isr_Disable();
  91:.\Generated_Source\PSoC5/Fault_isr.c **** 
  92:.\Generated_Source\PSoC5/Fault_isr.c ****     /* Set the ISR to point to the Fault_isr Interrupt. */
  93:.\Generated_Source\PSoC5/Fault_isr.c ****     Fault_isr_SetVector(address);
  94:.\Generated_Source\PSoC5/Fault_isr.c **** 
  95:.\Generated_Source\PSoC5/Fault_isr.c ****     /* Set the priority. */
  96:.\Generated_Source\PSoC5/Fault_isr.c ****     Fault_isr_SetPriority((uint8)Fault_isr_INTC_PRIOR_NUMBER);
  97:.\Generated_Source\PSoC5/Fault_isr.c **** 
  98:.\Generated_Source\PSoC5/Fault_isr.c ****     /* Enable it. */
  99:.\Generated_Source\PSoC5/Fault_isr.c ****     Fault_isr_Enable();
 100:.\Generated_Source\PSoC5/Fault_isr.c **** }
 101:.\Generated_Source\PSoC5/Fault_isr.c **** 
 102:.\Generated_Source\PSoC5/Fault_isr.c **** 
 103:.\Generated_Source\PSoC5/Fault_isr.c **** /*******************************************************************************
 104:.\Generated_Source\PSoC5/Fault_isr.c **** * Function Name: Fault_isr_Stop
 105:.\Generated_Source\PSoC5/Fault_isr.c **** ********************************************************************************
 106:.\Generated_Source\PSoC5/Fault_isr.c **** *
 107:.\Generated_Source\PSoC5/Fault_isr.c **** * Summary:
 108:.\Generated_Source\PSoC5/Fault_isr.c **** *   Disables and removes the interrupt.
 109:.\Generated_Source\PSoC5/Fault_isr.c **** *
 110:.\Generated_Source\PSoC5/Fault_isr.c **** * Parameters:  
 111:.\Generated_Source\PSoC5/Fault_isr.c **** *
 112:.\Generated_Source\PSoC5/Fault_isr.c **** * Return:
 113:.\Generated_Source\PSoC5/Fault_isr.c **** *   None
 114:.\Generated_Source\PSoC5/Fault_isr.c **** *
 115:.\Generated_Source\PSoC5/Fault_isr.c **** *******************************************************************************/
 116:.\Generated_Source\PSoC5/Fault_isr.c **** void Fault_isr_Stop(void)
 117:.\Generated_Source\PSoC5/Fault_isr.c **** {
 118:.\Generated_Source\PSoC5/Fault_isr.c ****     /* Disable this interrupt. */
 119:.\Generated_Source\PSoC5/Fault_isr.c ****     Fault_isr_Disable();
 120:.\Generated_Source\PSoC5/Fault_isr.c **** 
 121:.\Generated_Source\PSoC5/Fault_isr.c ****     /* Set the ISR to point to the passive one. */
 122:.\Generated_Source\PSoC5/Fault_isr.c ****     Fault_isr_SetVector(&IntDefaultHandler);
 123:.\Generated_Source\PSoC5/Fault_isr.c **** }
 124:.\Generated_Source\PSoC5/Fault_isr.c **** 
 125:.\Generated_Source\PSoC5/Fault_isr.c **** 
 126:.\Generated_Source\PSoC5/Fault_isr.c **** /*******************************************************************************
 127:.\Generated_Source\PSoC5/Fault_isr.c **** * Function Name: Fault_isr_Interrupt
 128:.\Generated_Source\PSoC5/Fault_isr.c **** ********************************************************************************
 129:.\Generated_Source\PSoC5/Fault_isr.c **** *
 130:.\Generated_Source\PSoC5/Fault_isr.c **** * Summary:
 131:.\Generated_Source\PSoC5/Fault_isr.c **** *   The default Interrupt Service Routine for Fault_isr.
 132:.\Generated_Source\PSoC5/Fault_isr.c **** *
 133:.\Generated_Source\PSoC5/Fault_isr.c **** *   Add custom code between the coments to keep the next version of this file
 134:.\Generated_Source\PSoC5/Fault_isr.c **** *   from over writting your code.
 135:.\Generated_Source\PSoC5/Fault_isr.c **** *
 136:.\Generated_Source\PSoC5/Fault_isr.c **** * Parameters:  
 137:.\Generated_Source\PSoC5/Fault_isr.c **** *
 138:.\Generated_Source\PSoC5/Fault_isr.c **** * Return:
 139:.\Generated_Source\PSoC5/Fault_isr.c **** *   None
 140:.\Generated_Source\PSoC5/Fault_isr.c **** *
 141:.\Generated_Source\PSoC5/Fault_isr.c **** *******************************************************************************/
 142:.\Generated_Source\PSoC5/Fault_isr.c **** CY_ISR(Fault_isr_Interrupt)
 143:.\Generated_Source\PSoC5/Fault_isr.c **** {
  27              		.loc 1 143 0
  28              		.cfi_startproc
ARM GAS  C:\Users\Luke\AppData\Local\Temp\ccrPlpAk.s 			page 4


  29              		@ args = 0, pretend = 0, frame = 0
  30              		@ frame_needed = 0, uses_anonymous_args = 0
  31              		@ link register save eliminated.
  32 0000 7047     		bx	lr
  33              		.cfi_endproc
  34              	.LFE3:
  35              		.size	Fault_isr_Interrupt, .-Fault_isr_Interrupt
  36              		.section	.text.Fault_isr_Start,"ax",%progbits
  37              		.align	1
  38              		.global	Fault_isr_Start
  39              		.thumb
  40              		.thumb_func
  41              		.type	Fault_isr_Start, %function
  42              	Fault_isr_Start:
  43              	.LFB0:
  58:.\Generated_Source\PSoC5/Fault_isr.c **** {
  44              		.loc 1 58 0
  45              		.cfi_startproc
  46              		@ args = 0, pretend = 0, frame = 0
  47              		@ frame_needed = 0, uses_anonymous_args = 0
  48              		@ link register save eliminated.
  49              	.LBB22:
  50              	.LBB23:
 144:.\Generated_Source\PSoC5/Fault_isr.c ****     /*  Place your Interrupt code here. */
 145:.\Generated_Source\PSoC5/Fault_isr.c ****     /* `#START Fault_isr_Interrupt` */
 146:.\Generated_Source\PSoC5/Fault_isr.c **** 
 147:.\Generated_Source\PSoC5/Fault_isr.c ****     /* `#END` */
 148:.\Generated_Source\PSoC5/Fault_isr.c **** }
 149:.\Generated_Source\PSoC5/Fault_isr.c **** 
 150:.\Generated_Source\PSoC5/Fault_isr.c **** 
 151:.\Generated_Source\PSoC5/Fault_isr.c **** /*******************************************************************************
 152:.\Generated_Source\PSoC5/Fault_isr.c **** * Function Name: Fault_isr_SetVector
 153:.\Generated_Source\PSoC5/Fault_isr.c **** ********************************************************************************
 154:.\Generated_Source\PSoC5/Fault_isr.c **** *
 155:.\Generated_Source\PSoC5/Fault_isr.c **** * Summary:
 156:.\Generated_Source\PSoC5/Fault_isr.c **** *   Change the ISR vector for the Interrupt. Note calling Fault_isr_Start
 157:.\Generated_Source\PSoC5/Fault_isr.c **** *   will override any effect this method would have had. To set the vector 
 158:.\Generated_Source\PSoC5/Fault_isr.c **** *   before the component has been started use Fault_isr_StartEx instead.
 159:.\Generated_Source\PSoC5/Fault_isr.c **** *
 160:.\Generated_Source\PSoC5/Fault_isr.c **** * Parameters:
 161:.\Generated_Source\PSoC5/Fault_isr.c **** *   address: Address of the ISR to set in the interrupt vector table.
 162:.\Generated_Source\PSoC5/Fault_isr.c **** *
 163:.\Generated_Source\PSoC5/Fault_isr.c **** * Return:
 164:.\Generated_Source\PSoC5/Fault_isr.c **** *   None
 165:.\Generated_Source\PSoC5/Fault_isr.c **** *
 166:.\Generated_Source\PSoC5/Fault_isr.c **** *******************************************************************************/
 167:.\Generated_Source\PSoC5/Fault_isr.c **** void Fault_isr_SetVector(cyisraddress address)
 168:.\Generated_Source\PSoC5/Fault_isr.c **** {
 169:.\Generated_Source\PSoC5/Fault_isr.c ****     cyisraddress * ramVectorTable;
 170:.\Generated_Source\PSoC5/Fault_isr.c **** 
 171:.\Generated_Source\PSoC5/Fault_isr.c ****     ramVectorTable = (cyisraddress *) *CYINT_VECT_TABLE;
 172:.\Generated_Source\PSoC5/Fault_isr.c **** 
 173:.\Generated_Source\PSoC5/Fault_isr.c ****     ramVectorTable[CYINT_IRQ_BASE + (uint32)Fault_isr__INTC_NUMBER] = address;
 174:.\Generated_Source\PSoC5/Fault_isr.c **** }
 175:.\Generated_Source\PSoC5/Fault_isr.c **** 
 176:.\Generated_Source\PSoC5/Fault_isr.c **** 
 177:.\Generated_Source\PSoC5/Fault_isr.c **** /*******************************************************************************
ARM GAS  C:\Users\Luke\AppData\Local\Temp\ccrPlpAk.s 			page 5


 178:.\Generated_Source\PSoC5/Fault_isr.c **** * Function Name: Fault_isr_GetVector
 179:.\Generated_Source\PSoC5/Fault_isr.c **** ********************************************************************************
 180:.\Generated_Source\PSoC5/Fault_isr.c **** *
 181:.\Generated_Source\PSoC5/Fault_isr.c **** * Summary:
 182:.\Generated_Source\PSoC5/Fault_isr.c **** *   Gets the "address" of the current ISR vector for the Interrupt.
 183:.\Generated_Source\PSoC5/Fault_isr.c **** *
 184:.\Generated_Source\PSoC5/Fault_isr.c **** * Parameters:
 185:.\Generated_Source\PSoC5/Fault_isr.c **** *   None
 186:.\Generated_Source\PSoC5/Fault_isr.c **** *
 187:.\Generated_Source\PSoC5/Fault_isr.c **** * Return:
 188:.\Generated_Source\PSoC5/Fault_isr.c **** *   Address of the ISR in the interrupt vector table.
 189:.\Generated_Source\PSoC5/Fault_isr.c **** *
 190:.\Generated_Source\PSoC5/Fault_isr.c **** *******************************************************************************/
 191:.\Generated_Source\PSoC5/Fault_isr.c **** cyisraddress Fault_isr_GetVector(void)
 192:.\Generated_Source\PSoC5/Fault_isr.c **** {
 193:.\Generated_Source\PSoC5/Fault_isr.c ****     cyisraddress * ramVectorTable;
 194:.\Generated_Source\PSoC5/Fault_isr.c **** 
 195:.\Generated_Source\PSoC5/Fault_isr.c ****     ramVectorTable = (cyisraddress *) *CYINT_VECT_TABLE;
 196:.\Generated_Source\PSoC5/Fault_isr.c **** 
 197:.\Generated_Source\PSoC5/Fault_isr.c ****     return ramVectorTable[CYINT_IRQ_BASE + (uint32)Fault_isr__INTC_NUMBER];
 198:.\Generated_Source\PSoC5/Fault_isr.c **** }
 199:.\Generated_Source\PSoC5/Fault_isr.c **** 
 200:.\Generated_Source\PSoC5/Fault_isr.c **** 
 201:.\Generated_Source\PSoC5/Fault_isr.c **** /*******************************************************************************
 202:.\Generated_Source\PSoC5/Fault_isr.c **** * Function Name: Fault_isr_SetPriority
 203:.\Generated_Source\PSoC5/Fault_isr.c **** ********************************************************************************
 204:.\Generated_Source\PSoC5/Fault_isr.c **** *
 205:.\Generated_Source\PSoC5/Fault_isr.c **** * Summary:
 206:.\Generated_Source\PSoC5/Fault_isr.c **** *   Sets the Priority of the Interrupt. Note calling Fault_isr_Start
 207:.\Generated_Source\PSoC5/Fault_isr.c **** *   or Fault_isr_StartEx will override any effect this method 
 208:.\Generated_Source\PSoC5/Fault_isr.c **** *   would have had. This method should only be called after 
 209:.\Generated_Source\PSoC5/Fault_isr.c **** *   Fault_isr_Start or Fault_isr_StartEx has been called. To set 
 210:.\Generated_Source\PSoC5/Fault_isr.c **** *   the initial priority for the component use the cydwr file in the tool.
 211:.\Generated_Source\PSoC5/Fault_isr.c **** *
 212:.\Generated_Source\PSoC5/Fault_isr.c **** * Parameters:
 213:.\Generated_Source\PSoC5/Fault_isr.c **** *   priority: Priority of the interrupt. 0 - 7, 0 being the highest.
 214:.\Generated_Source\PSoC5/Fault_isr.c **** *
 215:.\Generated_Source\PSoC5/Fault_isr.c **** * Return:
 216:.\Generated_Source\PSoC5/Fault_isr.c **** *   None
 217:.\Generated_Source\PSoC5/Fault_isr.c **** *
 218:.\Generated_Source\PSoC5/Fault_isr.c **** *******************************************************************************/
 219:.\Generated_Source\PSoC5/Fault_isr.c **** void Fault_isr_SetPriority(uint8 priority)
 220:.\Generated_Source\PSoC5/Fault_isr.c **** {
 221:.\Generated_Source\PSoC5/Fault_isr.c ****     *Fault_isr_INTC_PRIOR = priority << 5;
 222:.\Generated_Source\PSoC5/Fault_isr.c **** }
 223:.\Generated_Source\PSoC5/Fault_isr.c **** 
 224:.\Generated_Source\PSoC5/Fault_isr.c **** 
 225:.\Generated_Source\PSoC5/Fault_isr.c **** /*******************************************************************************
 226:.\Generated_Source\PSoC5/Fault_isr.c **** * Function Name: Fault_isr_GetPriority
 227:.\Generated_Source\PSoC5/Fault_isr.c **** ********************************************************************************
 228:.\Generated_Source\PSoC5/Fault_isr.c **** *
 229:.\Generated_Source\PSoC5/Fault_isr.c **** * Summary:
 230:.\Generated_Source\PSoC5/Fault_isr.c **** *   Gets the Priority of the Interrupt.
 231:.\Generated_Source\PSoC5/Fault_isr.c **** *
 232:.\Generated_Source\PSoC5/Fault_isr.c **** * Parameters:
 233:.\Generated_Source\PSoC5/Fault_isr.c **** *   None
 234:.\Generated_Source\PSoC5/Fault_isr.c **** *
ARM GAS  C:\Users\Luke\AppData\Local\Temp\ccrPlpAk.s 			page 6


 235:.\Generated_Source\PSoC5/Fault_isr.c **** * Return:
 236:.\Generated_Source\PSoC5/Fault_isr.c **** *   Priority of the interrupt. 0 - 7, 0 being the highest.
 237:.\Generated_Source\PSoC5/Fault_isr.c **** *
 238:.\Generated_Source\PSoC5/Fault_isr.c **** *******************************************************************************/
 239:.\Generated_Source\PSoC5/Fault_isr.c **** uint8 Fault_isr_GetPriority(void)
 240:.\Generated_Source\PSoC5/Fault_isr.c **** {
 241:.\Generated_Source\PSoC5/Fault_isr.c ****     uint8 priority;
 242:.\Generated_Source\PSoC5/Fault_isr.c **** 
 243:.\Generated_Source\PSoC5/Fault_isr.c **** 
 244:.\Generated_Source\PSoC5/Fault_isr.c ****     priority = *Fault_isr_INTC_PRIOR >> 5;
 245:.\Generated_Source\PSoC5/Fault_isr.c **** 
 246:.\Generated_Source\PSoC5/Fault_isr.c ****     return priority;
 247:.\Generated_Source\PSoC5/Fault_isr.c **** }
 248:.\Generated_Source\PSoC5/Fault_isr.c **** 
 249:.\Generated_Source\PSoC5/Fault_isr.c **** 
 250:.\Generated_Source\PSoC5/Fault_isr.c **** /*******************************************************************************
 251:.\Generated_Source\PSoC5/Fault_isr.c **** * Function Name: Fault_isr_Enable
 252:.\Generated_Source\PSoC5/Fault_isr.c **** ********************************************************************************
 253:.\Generated_Source\PSoC5/Fault_isr.c **** *
 254:.\Generated_Source\PSoC5/Fault_isr.c **** * Summary:
 255:.\Generated_Source\PSoC5/Fault_isr.c **** *   Enables the interrupt.
 256:.\Generated_Source\PSoC5/Fault_isr.c **** *
 257:.\Generated_Source\PSoC5/Fault_isr.c **** * Parameters:
 258:.\Generated_Source\PSoC5/Fault_isr.c **** *   None
 259:.\Generated_Source\PSoC5/Fault_isr.c **** *
 260:.\Generated_Source\PSoC5/Fault_isr.c **** * Return:
 261:.\Generated_Source\PSoC5/Fault_isr.c **** *   None
 262:.\Generated_Source\PSoC5/Fault_isr.c **** *
 263:.\Generated_Source\PSoC5/Fault_isr.c **** *******************************************************************************/
 264:.\Generated_Source\PSoC5/Fault_isr.c **** void Fault_isr_Enable(void)
 265:.\Generated_Source\PSoC5/Fault_isr.c **** {
 266:.\Generated_Source\PSoC5/Fault_isr.c ****     /* Enable the general interrupt. */
 267:.\Generated_Source\PSoC5/Fault_isr.c ****     *Fault_isr_INTC_SET_EN = Fault_isr__INTC_MASK;
 268:.\Generated_Source\PSoC5/Fault_isr.c **** }
 269:.\Generated_Source\PSoC5/Fault_isr.c **** 
 270:.\Generated_Source\PSoC5/Fault_isr.c **** 
 271:.\Generated_Source\PSoC5/Fault_isr.c **** /*******************************************************************************
 272:.\Generated_Source\PSoC5/Fault_isr.c **** * Function Name: Fault_isr_GetState
 273:.\Generated_Source\PSoC5/Fault_isr.c **** ********************************************************************************
 274:.\Generated_Source\PSoC5/Fault_isr.c **** *
 275:.\Generated_Source\PSoC5/Fault_isr.c **** * Summary:
 276:.\Generated_Source\PSoC5/Fault_isr.c **** *   Gets the state (enabled, disabled) of the Interrupt.
 277:.\Generated_Source\PSoC5/Fault_isr.c **** *
 278:.\Generated_Source\PSoC5/Fault_isr.c **** * Parameters:
 279:.\Generated_Source\PSoC5/Fault_isr.c **** *   None
 280:.\Generated_Source\PSoC5/Fault_isr.c **** *
 281:.\Generated_Source\PSoC5/Fault_isr.c **** * Return:
 282:.\Generated_Source\PSoC5/Fault_isr.c **** *   1 if enabled, 0 if disabled.
 283:.\Generated_Source\PSoC5/Fault_isr.c **** *
 284:.\Generated_Source\PSoC5/Fault_isr.c **** *******************************************************************************/
 285:.\Generated_Source\PSoC5/Fault_isr.c **** uint8 Fault_isr_GetState(void)
 286:.\Generated_Source\PSoC5/Fault_isr.c **** {
 287:.\Generated_Source\PSoC5/Fault_isr.c ****     /* Get the state of the general interrupt. */
 288:.\Generated_Source\PSoC5/Fault_isr.c ****     return ((*Fault_isr_INTC_SET_EN & (uint32)Fault_isr__INTC_MASK) != 0u) ? 1u:0u;
 289:.\Generated_Source\PSoC5/Fault_isr.c **** }
 290:.\Generated_Source\PSoC5/Fault_isr.c **** 
 291:.\Generated_Source\PSoC5/Fault_isr.c **** 
ARM GAS  C:\Users\Luke\AppData\Local\Temp\ccrPlpAk.s 			page 7


 292:.\Generated_Source\PSoC5/Fault_isr.c **** /*******************************************************************************
 293:.\Generated_Source\PSoC5/Fault_isr.c **** * Function Name: Fault_isr_Disable
 294:.\Generated_Source\PSoC5/Fault_isr.c **** ********************************************************************************
 295:.\Generated_Source\PSoC5/Fault_isr.c **** *
 296:.\Generated_Source\PSoC5/Fault_isr.c **** * Summary:
 297:.\Generated_Source\PSoC5/Fault_isr.c **** *   Disables the Interrupt.
 298:.\Generated_Source\PSoC5/Fault_isr.c **** *
 299:.\Generated_Source\PSoC5/Fault_isr.c **** * Parameters:
 300:.\Generated_Source\PSoC5/Fault_isr.c **** *   None
 301:.\Generated_Source\PSoC5/Fault_isr.c **** *
 302:.\Generated_Source\PSoC5/Fault_isr.c **** * Return:
 303:.\Generated_Source\PSoC5/Fault_isr.c **** *   None
 304:.\Generated_Source\PSoC5/Fault_isr.c **** *
 305:.\Generated_Source\PSoC5/Fault_isr.c **** *******************************************************************************/
 306:.\Generated_Source\PSoC5/Fault_isr.c **** void Fault_isr_Disable(void)
 307:.\Generated_Source\PSoC5/Fault_isr.c **** {
 308:.\Generated_Source\PSoC5/Fault_isr.c ****     /* Disable the general interrupt. */
 309:.\Generated_Source\PSoC5/Fault_isr.c ****     *Fault_isr_INTC_CLR_EN = Fault_isr__INTC_MASK;
  51              		.loc 1 309 0
  52 0000 064A     		ldr	r2, .L3
  53              	.LBE23:
  54              	.LBE22:
  55              	.LBB25:
  56              	.LBB26:
 171:.\Generated_Source\PSoC5/Fault_isr.c ****     ramVectorTable = (cyisraddress *) *CYINT_VECT_TABLE;
  57              		.loc 1 171 0
  58 0002 0748     		ldr	r0, .L3+4
  59              	.LBE26:
  60              	.LBE25:
  61              	.LBB29:
  62              	.LBB24:
  63              		.loc 1 309 0
  64 0004 0123     		movs	r3, #1
  65 0006 1360     		str	r3, [r2, #0]
  66              	.LVL0:
  67              	.LBE24:
  68              	.LBE29:
  69              	.LBB30:
  70              	.LBB27:
 173:.\Generated_Source\PSoC5/Fault_isr.c ****     ramVectorTable[CYINT_IRQ_BASE + (uint32)Fault_isr__INTC_NUMBER] = address;
  71              		.loc 1 173 0
  72 0008 0649     		ldr	r1, .L3+8
 171:.\Generated_Source\PSoC5/Fault_isr.c ****     ramVectorTable = (cyisraddress *) *CYINT_VECT_TABLE;
  73              		.loc 1 171 0
  74 000a 0268     		ldr	r2, [r0, #0]
  75              	.LVL1:
  76              	.LBE27:
  77              	.LBE30:
  78              	.LBB31:
  79              	.LBB32:
 221:.\Generated_Source\PSoC5/Fault_isr.c ****     *Fault_isr_INTC_PRIOR = priority << 5;
  80              		.loc 1 221 0
  81 000c E020     		movs	r0, #224
  82              	.LBE32:
  83              	.LBE31:
  84              	.LBB35:
  85              	.LBB28:
ARM GAS  C:\Users\Luke\AppData\Local\Temp\ccrPlpAk.s 			page 8


 173:.\Generated_Source\PSoC5/Fault_isr.c ****     ramVectorTable[CYINT_IRQ_BASE + (uint32)Fault_isr__INTC_NUMBER] = address;
  86              		.loc 1 173 0
  87 000e 1164     		str	r1, [r2, #64]
  88              	.LVL2:
  89              	.LBE28:
  90              	.LBE35:
  91              	.LBB36:
  92              	.LBB33:
 221:.\Generated_Source\PSoC5/Fault_isr.c ****     *Fault_isr_INTC_PRIOR = priority << 5;
  93              		.loc 1 221 0
  94 0010 054A     		ldr	r2, .L3+12
  95              	.LVL3:
  96              	.LBE33:
  97              	.LBE36:
  98              	.LBB37:
  99              	.LBB38:
 267:.\Generated_Source\PSoC5/Fault_isr.c ****     *Fault_isr_INTC_SET_EN = Fault_isr__INTC_MASK;
 100              		.loc 1 267 0
 101 0012 A2F54071 		sub	r1, r2, #768
 102              	.LBE38:
 103              	.LBE37:
 104              	.LBB40:
 105              	.LBB34:
 221:.\Generated_Source\PSoC5/Fault_isr.c ****     *Fault_isr_INTC_PRIOR = priority << 5;
 106              		.loc 1 221 0
 107 0016 1070     		strb	r0, [r2, #0]
 108              	.LBE34:
 109              	.LBE40:
 110              	.LBB41:
 111              	.LBB39:
 267:.\Generated_Source\PSoC5/Fault_isr.c ****     *Fault_isr_INTC_SET_EN = Fault_isr__INTC_MASK;
 112              		.loc 1 267 0
 113 0018 0B60     		str	r3, [r1, #0]
 114 001a 7047     		bx	lr
 115              	.L4:
 116              		.align	2
 117              	.L3:
 118 001c 80E100E0 		.word	-536813184
 119 0020 08ED00E0 		.word	-536810232
 120 0024 00000000 		.word	Fault_isr_Interrupt
 121 0028 00E400E0 		.word	-536812544
 122              	.LBE39:
 123              	.LBE41:
 124              		.cfi_endproc
 125              	.LFE0:
 126              		.size	Fault_isr_Start, .-Fault_isr_Start
 127              		.section	.text.Fault_isr_StartEx,"ax",%progbits
 128              		.align	1
 129              		.global	Fault_isr_StartEx
 130              		.thumb
 131              		.thumb_func
 132              		.type	Fault_isr_StartEx, %function
 133              	Fault_isr_StartEx:
 134              	.LFB1:
  88:.\Generated_Source\PSoC5/Fault_isr.c **** {
 135              		.loc 1 88 0
 136              		.cfi_startproc
ARM GAS  C:\Users\Luke\AppData\Local\Temp\ccrPlpAk.s 			page 9


 137              		@ args = 0, pretend = 0, frame = 0
 138              		@ frame_needed = 0, uses_anonymous_args = 0
 139              		@ link register save eliminated.
 140              	.LVL4:
 141              	.LBB42:
 142              	.LBB43:
 143              		.loc 1 309 0
 144 0000 064A     		ldr	r2, .L6
 145              	.LBE43:
 146              	.LBE42:
 147              	.LBB45:
 148              	.LBB46:
 171:.\Generated_Source\PSoC5/Fault_isr.c ****     ramVectorTable = (cyisraddress *) *CYINT_VECT_TABLE;
 149              		.loc 1 171 0
 150 0002 0749     		ldr	r1, .L6+4
 151              	.LBE46:
 152              	.LBE45:
 153              	.LBB49:
 154              	.LBB44:
 155              		.loc 1 309 0
 156 0004 0123     		movs	r3, #1
 157 0006 1360     		str	r3, [r2, #0]
 158              	.LVL5:
 159              	.LBE44:
 160              	.LBE49:
 161              	.LBB50:
 162              	.LBB47:
 171:.\Generated_Source\PSoC5/Fault_isr.c ****     ramVectorTable = (cyisraddress *) *CYINT_VECT_TABLE;
 163              		.loc 1 171 0
 164 0008 0A68     		ldr	r2, [r1, #0]
 165              	.LVL6:
 166              	.LBE47:
 167              	.LBE50:
 168              	.LBB51:
 169              	.LBB52:
 221:.\Generated_Source\PSoC5/Fault_isr.c ****     *Fault_isr_INTC_PRIOR = priority << 5;
 170              		.loc 1 221 0
 171 000a 0649     		ldr	r1, .L6+8
 172              	.LBE52:
 173              	.LBE51:
 174              	.LBB55:
 175              	.LBB48:
 173:.\Generated_Source\PSoC5/Fault_isr.c ****     ramVectorTable[CYINT_IRQ_BASE + (uint32)Fault_isr__INTC_NUMBER] = address;
 176              		.loc 1 173 0
 177 000c 1064     		str	r0, [r2, #64]
 178              	.LVL7:
 179              	.LBE48:
 180              	.LBE55:
 181              	.LBB56:
 182              	.LBB53:
 221:.\Generated_Source\PSoC5/Fault_isr.c ****     *Fault_isr_INTC_PRIOR = priority << 5;
 183              		.loc 1 221 0
 184 000e E020     		movs	r0, #224
 185              	.LVL8:
 186              	.LBE53:
 187              	.LBE56:
 188              	.LBB57:
ARM GAS  C:\Users\Luke\AppData\Local\Temp\ccrPlpAk.s 			page 10


 189              	.LBB58:
 267:.\Generated_Source\PSoC5/Fault_isr.c ****     *Fault_isr_INTC_SET_EN = Fault_isr__INTC_MASK;
 190              		.loc 1 267 0
 191 0010 A1F54072 		sub	r2, r1, #768
 192              	.LVL9:
 193              	.LBE58:
 194              	.LBE57:
 195              	.LBB60:
 196              	.LBB54:
 221:.\Generated_Source\PSoC5/Fault_isr.c ****     *Fault_isr_INTC_PRIOR = priority << 5;
 197              		.loc 1 221 0
 198 0014 0870     		strb	r0, [r1, #0]
 199              	.LBE54:
 200              	.LBE60:
 201              	.LBB61:
 202              	.LBB59:
 267:.\Generated_Source\PSoC5/Fault_isr.c ****     *Fault_isr_INTC_SET_EN = Fault_isr__INTC_MASK;
 203              		.loc 1 267 0
 204 0016 1360     		str	r3, [r2, #0]
 205 0018 7047     		bx	lr
 206              	.L7:
 207 001a 00BF     		.align	2
 208              	.L6:
 209 001c 80E100E0 		.word	-536813184
 210 0020 08ED00E0 		.word	-536810232
 211 0024 00E400E0 		.word	-536812544
 212              	.LBE59:
 213              	.LBE61:
 214              		.cfi_endproc
 215              	.LFE1:
 216              		.size	Fault_isr_StartEx, .-Fault_isr_StartEx
 217              		.section	.text.Fault_isr_Stop,"ax",%progbits
 218              		.align	1
 219              		.global	Fault_isr_Stop
 220              		.thumb
 221              		.thumb_func
 222              		.type	Fault_isr_Stop, %function
 223              	Fault_isr_Stop:
 224              	.LFB2:
 117:.\Generated_Source\PSoC5/Fault_isr.c **** {
 225              		.loc 1 117 0
 226              		.cfi_startproc
 227              		@ args = 0, pretend = 0, frame = 0
 228              		@ frame_needed = 0, uses_anonymous_args = 0
 229              		@ link register save eliminated.
 230              	.LBB62:
 231              	.LBB63:
 232              		.loc 1 309 0
 233 0000 034B     		ldr	r3, .L9
 234              	.LBE63:
 235              	.LBE62:
 236              	.LBB65:
 237              	.LBB66:
 171:.\Generated_Source\PSoC5/Fault_isr.c ****     ramVectorTable = (cyisraddress *) *CYINT_VECT_TABLE;
 238              		.loc 1 171 0
 239 0002 0448     		ldr	r0, .L9+4
 240              	.LBE66:
ARM GAS  C:\Users\Luke\AppData\Local\Temp\ccrPlpAk.s 			page 11


 241              	.LBE65:
 242              	.LBB68:
 243              	.LBB64:
 244              		.loc 1 309 0
 245 0004 0122     		movs	r2, #1
 246 0006 1A60     		str	r2, [r3, #0]
 247              	.LVL10:
 248              	.LBE64:
 249              	.LBE68:
 250              	.LBB69:
 251              	.LBB67:
 171:.\Generated_Source\PSoC5/Fault_isr.c ****     ramVectorTable = (cyisraddress *) *CYINT_VECT_TABLE;
 252              		.loc 1 171 0
 253 0008 0168     		ldr	r1, [r0, #0]
 254              	.LVL11:
 173:.\Generated_Source\PSoC5/Fault_isr.c ****     ramVectorTable[CYINT_IRQ_BASE + (uint32)Fault_isr__INTC_NUMBER] = address;
 255              		.loc 1 173 0
 256 000a 034A     		ldr	r2, .L9+8
 257 000c 0A64     		str	r2, [r1, #64]
 258 000e 7047     		bx	lr
 259              	.L10:
 260              		.align	2
 261              	.L9:
 262 0010 80E100E0 		.word	-536813184
 263 0014 08ED00E0 		.word	-536810232
 264 0018 00000000 		.word	IntDefaultHandler
 265              	.LBE67:
 266              	.LBE69:
 267              		.cfi_endproc
 268              	.LFE2:
 269              		.size	Fault_isr_Stop, .-Fault_isr_Stop
 270              		.section	.text.Fault_isr_SetVector,"ax",%progbits
 271              		.align	1
 272              		.global	Fault_isr_SetVector
 273              		.thumb
 274              		.thumb_func
 275              		.type	Fault_isr_SetVector, %function
 276              	Fault_isr_SetVector:
 277              	.LFB4:
 168:.\Generated_Source\PSoC5/Fault_isr.c **** {
 278              		.loc 1 168 0
 279              		.cfi_startproc
 280              		@ args = 0, pretend = 0, frame = 0
 281              		@ frame_needed = 0, uses_anonymous_args = 0
 282              		@ link register save eliminated.
 283              	.LVL12:
 171:.\Generated_Source\PSoC5/Fault_isr.c ****     ramVectorTable = (cyisraddress *) *CYINT_VECT_TABLE;
 284              		.loc 1 171 0
 285 0000 014B     		ldr	r3, .L12
 286 0002 1968     		ldr	r1, [r3, #0]
 287              	.LVL13:
 173:.\Generated_Source\PSoC5/Fault_isr.c ****     ramVectorTable[CYINT_IRQ_BASE + (uint32)Fault_isr__INTC_NUMBER] = address;
 288              		.loc 1 173 0
 289 0004 0864     		str	r0, [r1, #64]
 290 0006 7047     		bx	lr
 291              	.L13:
 292              		.align	2
ARM GAS  C:\Users\Luke\AppData\Local\Temp\ccrPlpAk.s 			page 12


 293              	.L12:
 294 0008 08ED00E0 		.word	-536810232
 295              		.cfi_endproc
 296              	.LFE4:
 297              		.size	Fault_isr_SetVector, .-Fault_isr_SetVector
 298              		.section	.text.Fault_isr_GetVector,"ax",%progbits
 299              		.align	1
 300              		.global	Fault_isr_GetVector
 301              		.thumb
 302              		.thumb_func
 303              		.type	Fault_isr_GetVector, %function
 304              	Fault_isr_GetVector:
 305              	.LFB5:
 192:.\Generated_Source\PSoC5/Fault_isr.c **** {
 306              		.loc 1 192 0
 307              		.cfi_startproc
 308              		@ args = 0, pretend = 0, frame = 0
 309              		@ frame_needed = 0, uses_anonymous_args = 0
 310              		@ link register save eliminated.
 311              	.LVL14:
 195:.\Generated_Source\PSoC5/Fault_isr.c ****     ramVectorTable = (cyisraddress *) *CYINT_VECT_TABLE;
 312              		.loc 1 195 0
 313 0000 014B     		ldr	r3, .L15
 314              	.LVL15:
 197:.\Generated_Source\PSoC5/Fault_isr.c ****     return ramVectorTable[CYINT_IRQ_BASE + (uint32)Fault_isr__INTC_NUMBER];
 315              		.loc 1 197 0
 316 0002 1868     		ldr	r0, [r3, #0]
 198:.\Generated_Source\PSoC5/Fault_isr.c **** }
 317              		.loc 1 198 0
 318 0004 006C     		ldr	r0, [r0, #64]
 319 0006 7047     		bx	lr
 320              	.L16:
 321              		.align	2
 322              	.L15:
 323 0008 08ED00E0 		.word	-536810232
 324              		.cfi_endproc
 325              	.LFE5:
 326              		.size	Fault_isr_GetVector, .-Fault_isr_GetVector
 327              		.section	.text.Fault_isr_SetPriority,"ax",%progbits
 328              		.align	1
 329              		.global	Fault_isr_SetPriority
 330              		.thumb
 331              		.thumb_func
 332              		.type	Fault_isr_SetPriority, %function
 333              	Fault_isr_SetPriority:
 334              	.LFB6:
 220:.\Generated_Source\PSoC5/Fault_isr.c **** {
 335              		.loc 1 220 0
 336              		.cfi_startproc
 337              		@ args = 0, pretend = 0, frame = 0
 338              		@ frame_needed = 0, uses_anonymous_args = 0
 339              		@ link register save eliminated.
 340              	.LVL16:
 221:.\Generated_Source\PSoC5/Fault_isr.c ****     *Fault_isr_INTC_PRIOR = priority << 5;
 341              		.loc 1 221 0
 342 0000 4001     		lsls	r0, r0, #5
 343              	.LVL17:
ARM GAS  C:\Users\Luke\AppData\Local\Temp\ccrPlpAk.s 			page 13


 344 0002 024B     		ldr	r3, .L18
 345 0004 C1B2     		uxtb	r1, r0
 346 0006 1970     		strb	r1, [r3, #0]
 347 0008 7047     		bx	lr
 348              	.L19:
 349 000a 00BF     		.align	2
 350              	.L18:
 351 000c 00E400E0 		.word	-536812544
 352              		.cfi_endproc
 353              	.LFE6:
 354              		.size	Fault_isr_SetPriority, .-Fault_isr_SetPriority
 355              		.section	.text.Fault_isr_GetPriority,"ax",%progbits
 356              		.align	1
 357              		.global	Fault_isr_GetPriority
 358              		.thumb
 359              		.thumb_func
 360              		.type	Fault_isr_GetPriority, %function
 361              	Fault_isr_GetPriority:
 362              	.LFB7:
 240:.\Generated_Source\PSoC5/Fault_isr.c **** {
 363              		.loc 1 240 0
 364              		.cfi_startproc
 365              		@ args = 0, pretend = 0, frame = 0
 366              		@ frame_needed = 0, uses_anonymous_args = 0
 367              		@ link register save eliminated.
 244:.\Generated_Source\PSoC5/Fault_isr.c ****     priority = *Fault_isr_INTC_PRIOR >> 5;
 368              		.loc 1 244 0
 369 0000 014B     		ldr	r3, .L21
 370 0002 1878     		ldrb	r0, [r3, #0]	@ zero_extendqisi2
 371              	.LVL18:
 247:.\Generated_Source\PSoC5/Fault_isr.c **** }
 372              		.loc 1 247 0
 373 0004 4009     		lsrs	r0, r0, #5
 374              	.LVL19:
 375 0006 7047     		bx	lr
 376              	.L22:
 377              		.align	2
 378              	.L21:
 379 0008 00E400E0 		.word	-536812544
 380              		.cfi_endproc
 381              	.LFE7:
 382              		.size	Fault_isr_GetPriority, .-Fault_isr_GetPriority
 383              		.section	.text.Fault_isr_Enable,"ax",%progbits
 384              		.align	1
 385              		.global	Fault_isr_Enable
 386              		.thumb
 387              		.thumb_func
 388              		.type	Fault_isr_Enable, %function
 389              	Fault_isr_Enable:
 390              	.LFB8:
 265:.\Generated_Source\PSoC5/Fault_isr.c **** {
 391              		.loc 1 265 0
 392              		.cfi_startproc
 393              		@ args = 0, pretend = 0, frame = 0
 394              		@ frame_needed = 0, uses_anonymous_args = 0
 395              		@ link register save eliminated.
 267:.\Generated_Source\PSoC5/Fault_isr.c ****     *Fault_isr_INTC_SET_EN = Fault_isr__INTC_MASK;
ARM GAS  C:\Users\Luke\AppData\Local\Temp\ccrPlpAk.s 			page 14


 396              		.loc 1 267 0
 397 0000 014B     		ldr	r3, .L24
 398 0002 0122     		movs	r2, #1
 399 0004 1A60     		str	r2, [r3, #0]
 400 0006 7047     		bx	lr
 401              	.L25:
 402              		.align	2
 403              	.L24:
 404 0008 00E100E0 		.word	-536813312
 405              		.cfi_endproc
 406              	.LFE8:
 407              		.size	Fault_isr_Enable, .-Fault_isr_Enable
 408              		.section	.text.Fault_isr_GetState,"ax",%progbits
 409              		.align	1
 410              		.global	Fault_isr_GetState
 411              		.thumb
 412              		.thumb_func
 413              		.type	Fault_isr_GetState, %function
 414              	Fault_isr_GetState:
 415              	.LFB9:
 286:.\Generated_Source\PSoC5/Fault_isr.c **** {
 416              		.loc 1 286 0
 417              		.cfi_startproc
 418              		@ args = 0, pretend = 0, frame = 0
 419              		@ frame_needed = 0, uses_anonymous_args = 0
 420              		@ link register save eliminated.
 288:.\Generated_Source\PSoC5/Fault_isr.c ****     return ((*Fault_isr_INTC_SET_EN & (uint32)Fault_isr__INTC_MASK) != 0u) ? 1u:0u;
 421              		.loc 1 288 0
 422 0000 024B     		ldr	r3, .L27
 423 0002 1868     		ldr	r0, [r3, #0]
 289:.\Generated_Source\PSoC5/Fault_isr.c **** }
 424              		.loc 1 289 0
 425 0004 00F00100 		and	r0, r0, #1
 426 0008 7047     		bx	lr
 427              	.L28:
 428 000a 00BF     		.align	2
 429              	.L27:
 430 000c 00E100E0 		.word	-536813312
 431              		.cfi_endproc
 432              	.LFE9:
 433              		.size	Fault_isr_GetState, .-Fault_isr_GetState
 434              		.section	.text.Fault_isr_Disable,"ax",%progbits
 435              		.align	1
 436              		.global	Fault_isr_Disable
 437              		.thumb
 438              		.thumb_func
 439              		.type	Fault_isr_Disable, %function
 440              	Fault_isr_Disable:
 441              	.LFB10:
 307:.\Generated_Source\PSoC5/Fault_isr.c **** {
 442              		.loc 1 307 0
 443              		.cfi_startproc
 444              		@ args = 0, pretend = 0, frame = 0
 445              		@ frame_needed = 0, uses_anonymous_args = 0
 446              		@ link register save eliminated.
 447              		.loc 1 309 0
 448 0000 014B     		ldr	r3, .L30
ARM GAS  C:\Users\Luke\AppData\Local\Temp\ccrPlpAk.s 			page 15


 449 0002 0122     		movs	r2, #1
 450 0004 1A60     		str	r2, [r3, #0]
 451 0006 7047     		bx	lr
 452              	.L31:
 453              		.align	2
 454              	.L30:
 455 0008 80E100E0 		.word	-536813184
 456              		.cfi_endproc
 457              	.LFE10:
 458              		.size	Fault_isr_Disable, .-Fault_isr_Disable
 459              		.section	.text.Fault_isr_SetPending,"ax",%progbits
 460              		.align	1
 461              		.global	Fault_isr_SetPending
 462              		.thumb
 463              		.thumb_func
 464              		.type	Fault_isr_SetPending, %function
 465              	Fault_isr_SetPending:
 466              	.LFB11:
 310:.\Generated_Source\PSoC5/Fault_isr.c **** }
 311:.\Generated_Source\PSoC5/Fault_isr.c **** 
 312:.\Generated_Source\PSoC5/Fault_isr.c **** 
 313:.\Generated_Source\PSoC5/Fault_isr.c **** /*******************************************************************************
 314:.\Generated_Source\PSoC5/Fault_isr.c **** * Function Name: Fault_isr_SetPending
 315:.\Generated_Source\PSoC5/Fault_isr.c **** ********************************************************************************
 316:.\Generated_Source\PSoC5/Fault_isr.c **** *
 317:.\Generated_Source\PSoC5/Fault_isr.c **** * Summary:
 318:.\Generated_Source\PSoC5/Fault_isr.c **** *   Causes the Interrupt to enter the pending state, a software method of
 319:.\Generated_Source\PSoC5/Fault_isr.c **** *   generating the interrupt.
 320:.\Generated_Source\PSoC5/Fault_isr.c **** *
 321:.\Generated_Source\PSoC5/Fault_isr.c **** * Parameters:
 322:.\Generated_Source\PSoC5/Fault_isr.c **** *   None
 323:.\Generated_Source\PSoC5/Fault_isr.c **** *
 324:.\Generated_Source\PSoC5/Fault_isr.c **** * Return:
 325:.\Generated_Source\PSoC5/Fault_isr.c **** *   None
 326:.\Generated_Source\PSoC5/Fault_isr.c **** *
 327:.\Generated_Source\PSoC5/Fault_isr.c **** *******************************************************************************/
 328:.\Generated_Source\PSoC5/Fault_isr.c **** void Fault_isr_SetPending(void)
 329:.\Generated_Source\PSoC5/Fault_isr.c **** {
 467              		.loc 1 329 0
 468              		.cfi_startproc
 469              		@ args = 0, pretend = 0, frame = 0
 470              		@ frame_needed = 0, uses_anonymous_args = 0
 471              		@ link register save eliminated.
 330:.\Generated_Source\PSoC5/Fault_isr.c ****     *Fault_isr_INTC_SET_PD = Fault_isr__INTC_MASK;
 472              		.loc 1 330 0
 473 0000 014B     		ldr	r3, .L33
 474 0002 0122     		movs	r2, #1
 475 0004 1A60     		str	r2, [r3, #0]
 476 0006 7047     		bx	lr
 477              	.L34:
 478              		.align	2
 479              	.L33:
 480 0008 00E200E0 		.word	-536813056
 481              		.cfi_endproc
 482              	.LFE11:
 483              		.size	Fault_isr_SetPending, .-Fault_isr_SetPending
 484              		.section	.text.Fault_isr_ClearPending,"ax",%progbits
ARM GAS  C:\Users\Luke\AppData\Local\Temp\ccrPlpAk.s 			page 16


 485              		.align	1
 486              		.global	Fault_isr_ClearPending
 487              		.thumb
 488              		.thumb_func
 489              		.type	Fault_isr_ClearPending, %function
 490              	Fault_isr_ClearPending:
 491              	.LFB12:
 331:.\Generated_Source\PSoC5/Fault_isr.c **** }
 332:.\Generated_Source\PSoC5/Fault_isr.c **** 
 333:.\Generated_Source\PSoC5/Fault_isr.c **** 
 334:.\Generated_Source\PSoC5/Fault_isr.c **** /*******************************************************************************
 335:.\Generated_Source\PSoC5/Fault_isr.c **** * Function Name: Fault_isr_ClearPending
 336:.\Generated_Source\PSoC5/Fault_isr.c **** ********************************************************************************
 337:.\Generated_Source\PSoC5/Fault_isr.c **** *
 338:.\Generated_Source\PSoC5/Fault_isr.c **** * Summary:
 339:.\Generated_Source\PSoC5/Fault_isr.c **** *   Clears a pending interrupt.
 340:.\Generated_Source\PSoC5/Fault_isr.c **** *
 341:.\Generated_Source\PSoC5/Fault_isr.c **** * Parameters:
 342:.\Generated_Source\PSoC5/Fault_isr.c **** *   None
 343:.\Generated_Source\PSoC5/Fault_isr.c **** *
 344:.\Generated_Source\PSoC5/Fault_isr.c **** * Return:
 345:.\Generated_Source\PSoC5/Fault_isr.c **** *   None
 346:.\Generated_Source\PSoC5/Fault_isr.c **** *
 347:.\Generated_Source\PSoC5/Fault_isr.c **** *******************************************************************************/
 348:.\Generated_Source\PSoC5/Fault_isr.c **** void Fault_isr_ClearPending(void)
 349:.\Generated_Source\PSoC5/Fault_isr.c **** {
 492              		.loc 1 349 0
 493              		.cfi_startproc
 494              		@ args = 0, pretend = 0, frame = 0
 495              		@ frame_needed = 0, uses_anonymous_args = 0
 496              		@ link register save eliminated.
 350:.\Generated_Source\PSoC5/Fault_isr.c ****     *Fault_isr_INTC_CLR_PD = Fault_isr__INTC_MASK;
 497              		.loc 1 350 0
 498 0000 014B     		ldr	r3, .L36
 499 0002 0122     		movs	r2, #1
 500 0004 1A60     		str	r2, [r3, #0]
 501 0006 7047     		bx	lr
 502              	.L37:
 503              		.align	2
 504              	.L36:
 505 0008 80E200E0 		.word	-536812928
 506              		.cfi_endproc
 507              	.LFE12:
 508              		.size	Fault_isr_ClearPending, .-Fault_isr_ClearPending
 509              		.text
 510              	.Letext0:
 511              		.file 2 "./Generated_Source/PSoC5/cytypes.h"
 512              		.section	.debug_info,"",%progbits
 513              	.Ldebug_info0:
 514 0000 A0030000 		.4byte	0x3a0
 515 0004 0200     		.2byte	0x2
 516 0006 00000000 		.4byte	.Ldebug_abbrev0
 517 000a 04       		.byte	0x4
 518 000b 01       		.uleb128 0x1
 519 000c E6010000 		.4byte	.LASF33
 520 0010 01       		.byte	0x1
 521 0011 4C010000 		.4byte	.LASF34
ARM GAS  C:\Users\Luke\AppData\Local\Temp\ccrPlpAk.s 			page 17


 522 0015 93000000 		.4byte	.LASF35
 523 0019 68010000 		.4byte	.Ldebug_ranges0+0x168
 524 001d 00000000 		.4byte	0
 525 0021 00000000 		.4byte	0
 526 0025 00000000 		.4byte	.Ldebug_line0
 527 0029 02       		.uleb128 0x2
 528 002a 01       		.byte	0x1
 529 002b 06       		.byte	0x6
 530 002c 65020000 		.4byte	.LASF0
 531 0030 02       		.uleb128 0x2
 532 0031 01       		.byte	0x1
 533 0032 08       		.byte	0x8
 534 0033 68000000 		.4byte	.LASF1
 535 0037 02       		.uleb128 0x2
 536 0038 02       		.byte	0x2
 537 0039 05       		.byte	0x5
 538 003a CB010000 		.4byte	.LASF2
 539 003e 02       		.uleb128 0x2
 540 003f 02       		.byte	0x2
 541 0040 07       		.byte	0x7
 542 0041 06000000 		.4byte	.LASF3
 543 0045 03       		.uleb128 0x3
 544 0046 04       		.byte	0x4
 545 0047 05       		.byte	0x5
 546 0048 696E7400 		.ascii	"int\000"
 547 004c 02       		.uleb128 0x2
 548 004d 04       		.byte	0x4
 549 004e 07       		.byte	0x7
 550 004f 0A010000 		.4byte	.LASF4
 551 0053 02       		.uleb128 0x2
 552 0054 08       		.byte	0x8
 553 0055 05       		.byte	0x5
 554 0056 97010000 		.4byte	.LASF5
 555 005a 02       		.uleb128 0x2
 556 005b 08       		.byte	0x8
 557 005c 07       		.byte	0x7
 558 005d 1F010000 		.4byte	.LASF6
 559 0061 02       		.uleb128 0x2
 560 0062 04       		.byte	0x4
 561 0063 05       		.byte	0x5
 562 0064 46020000 		.4byte	.LASF7
 563 0068 02       		.uleb128 0x2
 564 0069 04       		.byte	0x4
 565 006a 07       		.byte	0x7
 566 006b 8E010000 		.4byte	.LASF8
 567 006f 02       		.uleb128 0x2
 568 0070 04       		.byte	0x4
 569 0071 07       		.byte	0x7
 570 0072 7B000000 		.4byte	.LASF9
 571 0076 04       		.uleb128 0x4
 572 0077 01       		.byte	0x1
 573 0078 05       		.uleb128 0x5
 574 0079 04       		.byte	0x4
 575 007a 76000000 		.4byte	0x76
 576 007e 02       		.uleb128 0x2
 577 007f 01       		.byte	0x1
 578 0080 08       		.byte	0x8
ARM GAS  C:\Users\Luke\AppData\Local\Temp\ccrPlpAk.s 			page 18


 579 0081 A5010000 		.4byte	.LASF10
 580 0085 06       		.uleb128 0x6
 581 0086 8D000000 		.4byte	.LASF11
 582 008a 02       		.byte	0x2
 583 008b 5B       		.byte	0x5b
 584 008c 30000000 		.4byte	0x30
 585 0090 06       		.uleb128 0x6
 586 0091 EF000000 		.4byte	.LASF12
 587 0095 02       		.byte	0x2
 588 0096 5D       		.byte	0x5d
 589 0097 6F000000 		.4byte	0x6f
 590 009b 02       		.uleb128 0x2
 591 009c 04       		.byte	0x4
 592 009d 04       		.byte	0x4
 593 009e 53000000 		.4byte	.LASF13
 594 00a2 02       		.uleb128 0x2
 595 00a3 08       		.byte	0x8
 596 00a4 04       		.byte	0x4
 597 00a5 E8000000 		.4byte	.LASF14
 598 00a9 06       		.uleb128 0x6
 599 00aa 76000000 		.4byte	.LASF15
 600 00ae 02       		.byte	0x2
 601 00af F0       		.byte	0xf0
 602 00b0 B4000000 		.4byte	0xb4
 603 00b4 07       		.uleb128 0x7
 604 00b5 85000000 		.4byte	0x85
 605 00b9 06       		.uleb128 0x6
 606 00ba 00000000 		.4byte	.LASF16
 607 00be 02       		.byte	0x2
 608 00bf F2       		.byte	0xf2
 609 00c0 C4000000 		.4byte	0xc4
 610 00c4 07       		.uleb128 0x7
 611 00c5 90000000 		.4byte	0x90
 612 00c9 08       		.uleb128 0x8
 613 00ca 81010000 		.4byte	.LASF17
 614 00ce 02       		.byte	0x2
 615 00cf 0201     		.2byte	0x102
 616 00d1 78000000 		.4byte	0x78
 617 00d5 09       		.uleb128 0x9
 618 00d6 01       		.byte	0x1
 619 00d7 41000000 		.4byte	.LASF22
 620 00db 01       		.byte	0x1
 621 00dc 3201     		.2byte	0x132
 622 00de 01       		.byte	0x1
 623 00df 01       		.byte	0x1
 624 00e0 0A       		.uleb128 0xa
 625 00e1 01       		.byte	0x1
 626 00e2 F6000000 		.4byte	.LASF18
 627 00e6 01       		.byte	0x1
 628 00e7 A7       		.byte	0xa7
 629 00e8 01       		.byte	0x1
 630 00e9 01       		.byte	0x1
 631 00ea 05010000 		.4byte	0x105
 632 00ee 0B       		.uleb128 0xb
 633 00ef 17010000 		.4byte	.LASF20
 634 00f3 01       		.byte	0x1
 635 00f4 A7       		.byte	0xa7
ARM GAS  C:\Users\Luke\AppData\Local\Temp\ccrPlpAk.s 			page 19


 636 00f5 C9000000 		.4byte	0xc9
 637 00f9 0C       		.uleb128 0xc
 638 00fa AA010000 		.4byte	.LASF29
 639 00fe 01       		.byte	0x1
 640 00ff A9       		.byte	0xa9
 641 0100 05010000 		.4byte	0x105
 642 0104 00       		.byte	0
 643 0105 05       		.uleb128 0x5
 644 0106 04       		.byte	0x4
 645 0107 C9000000 		.4byte	0xc9
 646 010b 0A       		.uleb128 0xa
 647 010c 01       		.byte	0x1
 648 010d 4F020000 		.4byte	.LASF19
 649 0111 01       		.byte	0x1
 650 0112 DB       		.byte	0xdb
 651 0113 01       		.byte	0x1
 652 0114 01       		.byte	0x1
 653 0115 25010000 		.4byte	0x125
 654 0119 0B       		.uleb128 0xb
 655 011a DF000000 		.4byte	.LASF21
 656 011e 01       		.byte	0x1
 657 011f DB       		.byte	0xdb
 658 0120 85000000 		.4byte	0x85
 659 0124 00       		.byte	0
 660 0125 09       		.uleb128 0x9
 661 0126 01       		.byte	0x1
 662 0127 D5010000 		.4byte	.LASF23
 663 012b 01       		.byte	0x1
 664 012c 0801     		.2byte	0x108
 665 012e 01       		.byte	0x1
 666 012f 01       		.byte	0x1
 667 0130 0D       		.uleb128 0xd
 668 0131 01       		.byte	0x1
 669 0132 85020000 		.4byte	.LASF30
 670 0136 01       		.byte	0x1
 671 0137 8E       		.byte	0x8e
 672 0138 01       		.byte	0x1
 673 0139 00000000 		.4byte	.LFB3
 674 013d 02000000 		.4byte	.LFE3
 675 0141 02       		.byte	0x2
 676 0142 7D       		.byte	0x7d
 677 0143 00       		.sleb128 0
 678 0144 01       		.byte	0x1
 679 0145 0E       		.uleb128 0xe
 680 0146 01       		.byte	0x1
 681 0147 71010000 		.4byte	.LASF24
 682 014b 01       		.byte	0x1
 683 014c 39       		.byte	0x39
 684 014d 01       		.byte	0x1
 685 014e 00000000 		.4byte	.LFB0
 686 0152 2C000000 		.4byte	.LFE0
 687 0156 02       		.byte	0x2
 688 0157 7D       		.byte	0x7d
 689 0158 00       		.sleb128 0
 690 0159 01       		.byte	0x1
 691 015a C6010000 		.4byte	0x1c6
 692 015e 0F       		.uleb128 0xf
ARM GAS  C:\Users\Luke\AppData\Local\Temp\ccrPlpAk.s 			page 20


 693 015f D5000000 		.4byte	0xd5
 694 0163 00000000 		.4byte	.LBB22
 695 0167 00000000 		.4byte	.Ldebug_ranges0+0
 696 016b 01       		.byte	0x1
 697 016c 3C       		.byte	0x3c
 698 016d 10       		.uleb128 0x10
 699 016e E0000000 		.4byte	0xe0
 700 0172 02000000 		.4byte	.LBB25
 701 0176 18000000 		.4byte	.Ldebug_ranges0+0x18
 702 017a 01       		.byte	0x1
 703 017b 3F       		.byte	0x3f
 704 017c 9C010000 		.4byte	0x19c
 705 0180 11       		.uleb128 0x11
 706 0181 EE000000 		.4byte	0xee
 707 0185 06       		.byte	0x6
 708 0186 03       		.byte	0x3
 709 0187 00000000 		.4byte	Fault_isr_Interrupt
 710 018b 9F       		.byte	0x9f
 711 018c 12       		.uleb128 0x12
 712 018d 38000000 		.4byte	.Ldebug_ranges0+0x38
 713 0191 13       		.uleb128 0x13
 714 0192 F9000000 		.4byte	0xf9
 715 0196 00000000 		.4byte	.LLST0
 716 019a 00       		.byte	0
 717 019b 00       		.byte	0
 718 019c 10       		.uleb128 0x10
 719 019d 0B010000 		.4byte	0x10b
 720 01a1 0C000000 		.4byte	.LBB31
 721 01a5 58000000 		.4byte	.Ldebug_ranges0+0x58
 722 01a9 01       		.byte	0x1
 723 01aa 42       		.byte	0x42
 724 01ab B6010000 		.4byte	0x1b6
 725 01af 14       		.uleb128 0x14
 726 01b0 19010000 		.4byte	0x119
 727 01b4 07       		.byte	0x7
 728 01b5 00       		.byte	0
 729 01b6 0F       		.uleb128 0xf
 730 01b7 25010000 		.4byte	0x125
 731 01bb 12000000 		.4byte	.LBB37
 732 01bf 78000000 		.4byte	.Ldebug_ranges0+0x78
 733 01c3 01       		.byte	0x1
 734 01c4 45       		.byte	0x45
 735 01c5 00       		.byte	0
 736 01c6 0E       		.uleb128 0xe
 737 01c7 01       		.byte	0x1
 738 01c8 B9010000 		.4byte	.LASF25
 739 01cc 01       		.byte	0x1
 740 01cd 57       		.byte	0x57
 741 01ce 01       		.byte	0x1
 742 01cf 00000000 		.4byte	.LFB1
 743 01d3 28000000 		.4byte	.LFE1
 744 01d7 02       		.byte	0x2
 745 01d8 7D       		.byte	0x7d
 746 01d9 00       		.sleb128 0
 747 01da 01       		.byte	0x1
 748 01db 53020000 		.4byte	0x253
 749 01df 15       		.uleb128 0x15
ARM GAS  C:\Users\Luke\AppData\Local\Temp\ccrPlpAk.s 			page 21


 750 01e0 17010000 		.4byte	.LASF20
 751 01e4 01       		.byte	0x1
 752 01e5 57       		.byte	0x57
 753 01e6 C9000000 		.4byte	0xc9
 754 01ea 23000000 		.4byte	.LLST1
 755 01ee 0F       		.uleb128 0xf
 756 01ef D5000000 		.4byte	0xd5
 757 01f3 00000000 		.4byte	.LBB42
 758 01f7 90000000 		.4byte	.Ldebug_ranges0+0x90
 759 01fb 01       		.byte	0x1
 760 01fc 5A       		.byte	0x5a
 761 01fd 10       		.uleb128 0x10
 762 01fe E0000000 		.4byte	0xe0
 763 0202 02000000 		.4byte	.LBB45
 764 0206 A8000000 		.4byte	.Ldebug_ranges0+0xa8
 765 020a 01       		.byte	0x1
 766 020b 5D       		.byte	0x5d
 767 020c 29020000 		.4byte	0x229
 768 0210 16       		.uleb128 0x16
 769 0211 EE000000 		.4byte	0xee
 770 0215 56000000 		.4byte	.LLST2
 771 0219 12       		.uleb128 0x12
 772 021a C8000000 		.4byte	.Ldebug_ranges0+0xc8
 773 021e 13       		.uleb128 0x13
 774 021f F9000000 		.4byte	0xf9
 775 0223 89000000 		.4byte	.LLST3
 776 0227 00       		.byte	0
 777 0228 00       		.byte	0
 778 0229 10       		.uleb128 0x10
 779 022a 0B010000 		.4byte	0x10b
 780 022e 0A000000 		.4byte	.LBB51
 781 0232 E8000000 		.4byte	.Ldebug_ranges0+0xe8
 782 0236 01       		.byte	0x1
 783 0237 60       		.byte	0x60
 784 0238 43020000 		.4byte	0x243
 785 023c 14       		.uleb128 0x14
 786 023d 19010000 		.4byte	0x119
 787 0241 07       		.byte	0x7
 788 0242 00       		.byte	0
 789 0243 0F       		.uleb128 0xf
 790 0244 25010000 		.4byte	0x125
 791 0248 10000000 		.4byte	.LBB57
 792 024c 08010000 		.4byte	.Ldebug_ranges0+0x108
 793 0250 01       		.byte	0x1
 794 0251 63       		.byte	0x63
 795 0252 00       		.byte	0
 796 0253 0E       		.uleb128 0xe
 797 0254 01       		.byte	0x1
 798 0255 59000000 		.4byte	.LASF26
 799 0259 01       		.byte	0x1
 800 025a 74       		.byte	0x74
 801 025b 01       		.byte	0x1
 802 025c 00000000 		.4byte	.LFB2
 803 0260 1C000000 		.4byte	.LFE2
 804 0264 02       		.byte	0x2
 805 0265 7D       		.byte	0x7d
 806 0266 00       		.sleb128 0
ARM GAS  C:\Users\Luke\AppData\Local\Temp\ccrPlpAk.s 			page 22


 807 0267 01       		.byte	0x1
 808 0268 9E020000 		.4byte	0x29e
 809 026c 0F       		.uleb128 0xf
 810 026d D5000000 		.4byte	0xd5
 811 0271 00000000 		.4byte	.LBB62
 812 0275 20010000 		.4byte	.Ldebug_ranges0+0x120
 813 0279 01       		.byte	0x1
 814 027a 77       		.byte	0x77
 815 027b 17       		.uleb128 0x17
 816 027c E0000000 		.4byte	0xe0
 817 0280 02000000 		.4byte	.LBB65
 818 0284 38010000 		.4byte	.Ldebug_ranges0+0x138
 819 0288 01       		.byte	0x1
 820 0289 7A       		.byte	0x7a
 821 028a 18       		.uleb128 0x18
 822 028b EE000000 		.4byte	0xee
 823 028f 12       		.uleb128 0x12
 824 0290 50010000 		.4byte	.Ldebug_ranges0+0x150
 825 0294 19       		.uleb128 0x19
 826 0295 F9000000 		.4byte	0xf9
 827 0299 01       		.byte	0x1
 828 029a 51       		.byte	0x51
 829 029b 00       		.byte	0
 830 029c 00       		.byte	0
 831 029d 00       		.byte	0
 832 029e 1A       		.uleb128 0x1a
 833 029f E0000000 		.4byte	0xe0
 834 02a3 00000000 		.4byte	.LFB4
 835 02a7 0C000000 		.4byte	.LFE4
 836 02ab 02       		.byte	0x2
 837 02ac 7D       		.byte	0x7d
 838 02ad 00       		.sleb128 0
 839 02ae 01       		.byte	0x1
 840 02af C2020000 		.4byte	0x2c2
 841 02b3 11       		.uleb128 0x11
 842 02b4 EE000000 		.4byte	0xee
 843 02b8 01       		.byte	0x1
 844 02b9 50       		.byte	0x50
 845 02ba 19       		.uleb128 0x19
 846 02bb F9000000 		.4byte	0xf9
 847 02bf 01       		.byte	0x1
 848 02c0 51       		.byte	0x51
 849 02c1 00       		.byte	0
 850 02c2 1B       		.uleb128 0x1b
 851 02c3 01       		.byte	0x1
 852 02c4 71020000 		.4byte	.LASF27
 853 02c8 01       		.byte	0x1
 854 02c9 BF       		.byte	0xbf
 855 02ca 01       		.byte	0x1
 856 02cb C9000000 		.4byte	0xc9
 857 02cf 00000000 		.4byte	.LFB5
 858 02d3 0C000000 		.4byte	.LFE5
 859 02d7 02       		.byte	0x2
 860 02d8 7D       		.byte	0x7d
 861 02d9 00       		.sleb128 0
 862 02da 01       		.byte	0x1
 863 02db EF020000 		.4byte	0x2ef
ARM GAS  C:\Users\Luke\AppData\Local\Temp\ccrPlpAk.s 			page 23


 864 02df 1C       		.uleb128 0x1c
 865 02e0 AA010000 		.4byte	.LASF29
 866 02e4 01       		.byte	0x1
 867 02e5 C1       		.byte	0xc1
 868 02e6 05010000 		.4byte	0x105
 869 02ea AC000000 		.4byte	.LLST4
 870 02ee 00       		.byte	0
 871 02ef 1A       		.uleb128 0x1a
 872 02f0 0B010000 		.4byte	0x10b
 873 02f4 00000000 		.4byte	.LFB6
 874 02f8 10000000 		.4byte	.LFE6
 875 02fc 02       		.byte	0x2
 876 02fd 7D       		.byte	0x7d
 877 02fe 00       		.sleb128 0
 878 02ff 01       		.byte	0x1
 879 0300 0E030000 		.4byte	0x30e
 880 0304 16       		.uleb128 0x16
 881 0305 19010000 		.4byte	0x119
 882 0309 D0000000 		.4byte	.LLST5
 883 030d 00       		.byte	0
 884 030e 1B       		.uleb128 0x1b
 885 030f 01       		.byte	0x1
 886 0310 36010000 		.4byte	.LASF28
 887 0314 01       		.byte	0x1
 888 0315 EF       		.byte	0xef
 889 0316 01       		.byte	0x1
 890 0317 85000000 		.4byte	0x85
 891 031b 00000000 		.4byte	.LFB7
 892 031f 0C000000 		.4byte	.LFE7
 893 0323 02       		.byte	0x2
 894 0324 7D       		.byte	0x7d
 895 0325 00       		.sleb128 0
 896 0326 01       		.byte	0x1
 897 0327 3B030000 		.4byte	0x33b
 898 032b 1C       		.uleb128 0x1c
 899 032c DF000000 		.4byte	.LASF21
 900 0330 01       		.byte	0x1
 901 0331 F1       		.byte	0xf1
 902 0332 85000000 		.4byte	0x85
 903 0336 F1000000 		.4byte	.LLST6
 904 033a 00       		.byte	0
 905 033b 1D       		.uleb128 0x1d
 906 033c 25010000 		.4byte	0x125
 907 0340 00000000 		.4byte	.LFB8
 908 0344 0C000000 		.4byte	.LFE8
 909 0348 02       		.byte	0x2
 910 0349 7D       		.byte	0x7d
 911 034a 00       		.sleb128 0
 912 034b 01       		.byte	0x1
 913 034c 1E       		.uleb128 0x1e
 914 034d 01       		.byte	0x1
 915 034e 19000000 		.4byte	.LASF36
 916 0352 01       		.byte	0x1
 917 0353 1D01     		.2byte	0x11d
 918 0355 01       		.byte	0x1
 919 0356 85000000 		.4byte	0x85
 920 035a 00000000 		.4byte	.LFB9
ARM GAS  C:\Users\Luke\AppData\Local\Temp\ccrPlpAk.s 			page 24


 921 035e 10000000 		.4byte	.LFE9
 922 0362 02       		.byte	0x2
 923 0363 7D       		.byte	0x7d
 924 0364 00       		.sleb128 0
 925 0365 01       		.byte	0x1
 926 0366 1D       		.uleb128 0x1d
 927 0367 D5000000 		.4byte	0xd5
 928 036b 00000000 		.4byte	.LFB10
 929 036f 0C000000 		.4byte	.LFE10
 930 0373 02       		.byte	0x2
 931 0374 7D       		.byte	0x7d
 932 0375 00       		.sleb128 0
 933 0376 01       		.byte	0x1
 934 0377 1F       		.uleb128 0x1f
 935 0378 01       		.byte	0x1
 936 0379 2C000000 		.4byte	.LASF31
 937 037d 01       		.byte	0x1
 938 037e 4801     		.2byte	0x148
 939 0380 01       		.byte	0x1
 940 0381 00000000 		.4byte	.LFB11
 941 0385 0C000000 		.4byte	.LFE11
 942 0389 02       		.byte	0x2
 943 038a 7D       		.byte	0x7d
 944 038b 00       		.sleb128 0
 945 038c 01       		.byte	0x1
 946 038d 1F       		.uleb128 0x1f
 947 038e 01       		.byte	0x1
 948 038f 2F020000 		.4byte	.LASF32
 949 0393 01       		.byte	0x1
 950 0394 5C01     		.2byte	0x15c
 951 0396 01       		.byte	0x1
 952 0397 00000000 		.4byte	.LFB12
 953 039b 0C000000 		.4byte	.LFE12
 954 039f 02       		.byte	0x2
 955 03a0 7D       		.byte	0x7d
 956 03a1 00       		.sleb128 0
 957 03a2 01       		.byte	0x1
 958 03a3 00       		.byte	0
 959              		.section	.debug_abbrev,"",%progbits
 960              	.Ldebug_abbrev0:
 961 0000 01       		.uleb128 0x1
 962 0001 11       		.uleb128 0x11
 963 0002 01       		.byte	0x1
 964 0003 25       		.uleb128 0x25
 965 0004 0E       		.uleb128 0xe
 966 0005 13       		.uleb128 0x13
 967 0006 0B       		.uleb128 0xb
 968 0007 03       		.uleb128 0x3
 969 0008 0E       		.uleb128 0xe
 970 0009 1B       		.uleb128 0x1b
 971 000a 0E       		.uleb128 0xe
 972 000b 55       		.uleb128 0x55
 973 000c 06       		.uleb128 0x6
 974 000d 11       		.uleb128 0x11
 975 000e 01       		.uleb128 0x1
 976 000f 52       		.uleb128 0x52
 977 0010 01       		.uleb128 0x1
ARM GAS  C:\Users\Luke\AppData\Local\Temp\ccrPlpAk.s 			page 25


 978 0011 10       		.uleb128 0x10
 979 0012 06       		.uleb128 0x6
 980 0013 00       		.byte	0
 981 0014 00       		.byte	0
 982 0015 02       		.uleb128 0x2
 983 0016 24       		.uleb128 0x24
 984 0017 00       		.byte	0
 985 0018 0B       		.uleb128 0xb
 986 0019 0B       		.uleb128 0xb
 987 001a 3E       		.uleb128 0x3e
 988 001b 0B       		.uleb128 0xb
 989 001c 03       		.uleb128 0x3
 990 001d 0E       		.uleb128 0xe
 991 001e 00       		.byte	0
 992 001f 00       		.byte	0
 993 0020 03       		.uleb128 0x3
 994 0021 24       		.uleb128 0x24
 995 0022 00       		.byte	0
 996 0023 0B       		.uleb128 0xb
 997 0024 0B       		.uleb128 0xb
 998 0025 3E       		.uleb128 0x3e
 999 0026 0B       		.uleb128 0xb
 1000 0027 03       		.uleb128 0x3
 1001 0028 08       		.uleb128 0x8
 1002 0029 00       		.byte	0
 1003 002a 00       		.byte	0
 1004 002b 04       		.uleb128 0x4
 1005 002c 15       		.uleb128 0x15
 1006 002d 00       		.byte	0
 1007 002e 27       		.uleb128 0x27
 1008 002f 0C       		.uleb128 0xc
 1009 0030 00       		.byte	0
 1010 0031 00       		.byte	0
 1011 0032 05       		.uleb128 0x5
 1012 0033 0F       		.uleb128 0xf
 1013 0034 00       		.byte	0
 1014 0035 0B       		.uleb128 0xb
 1015 0036 0B       		.uleb128 0xb
 1016 0037 49       		.uleb128 0x49
 1017 0038 13       		.uleb128 0x13
 1018 0039 00       		.byte	0
 1019 003a 00       		.byte	0
 1020 003b 06       		.uleb128 0x6
 1021 003c 16       		.uleb128 0x16
 1022 003d 00       		.byte	0
 1023 003e 03       		.uleb128 0x3
 1024 003f 0E       		.uleb128 0xe
 1025 0040 3A       		.uleb128 0x3a
 1026 0041 0B       		.uleb128 0xb
 1027 0042 3B       		.uleb128 0x3b
 1028 0043 0B       		.uleb128 0xb
 1029 0044 49       		.uleb128 0x49
 1030 0045 13       		.uleb128 0x13
 1031 0046 00       		.byte	0
 1032 0047 00       		.byte	0
 1033 0048 07       		.uleb128 0x7
 1034 0049 35       		.uleb128 0x35
ARM GAS  C:\Users\Luke\AppData\Local\Temp\ccrPlpAk.s 			page 26


 1035 004a 00       		.byte	0
 1036 004b 49       		.uleb128 0x49
 1037 004c 13       		.uleb128 0x13
 1038 004d 00       		.byte	0
 1039 004e 00       		.byte	0
 1040 004f 08       		.uleb128 0x8
 1041 0050 16       		.uleb128 0x16
 1042 0051 00       		.byte	0
 1043 0052 03       		.uleb128 0x3
 1044 0053 0E       		.uleb128 0xe
 1045 0054 3A       		.uleb128 0x3a
 1046 0055 0B       		.uleb128 0xb
 1047 0056 3B       		.uleb128 0x3b
 1048 0057 05       		.uleb128 0x5
 1049 0058 49       		.uleb128 0x49
 1050 0059 13       		.uleb128 0x13
 1051 005a 00       		.byte	0
 1052 005b 00       		.byte	0
 1053 005c 09       		.uleb128 0x9
 1054 005d 2E       		.uleb128 0x2e
 1055 005e 00       		.byte	0
 1056 005f 3F       		.uleb128 0x3f
 1057 0060 0C       		.uleb128 0xc
 1058 0061 03       		.uleb128 0x3
 1059 0062 0E       		.uleb128 0xe
 1060 0063 3A       		.uleb128 0x3a
 1061 0064 0B       		.uleb128 0xb
 1062 0065 3B       		.uleb128 0x3b
 1063 0066 05       		.uleb128 0x5
 1064 0067 27       		.uleb128 0x27
 1065 0068 0C       		.uleb128 0xc
 1066 0069 20       		.uleb128 0x20
 1067 006a 0B       		.uleb128 0xb
 1068 006b 00       		.byte	0
 1069 006c 00       		.byte	0
 1070 006d 0A       		.uleb128 0xa
 1071 006e 2E       		.uleb128 0x2e
 1072 006f 01       		.byte	0x1
 1073 0070 3F       		.uleb128 0x3f
 1074 0071 0C       		.uleb128 0xc
 1075 0072 03       		.uleb128 0x3
 1076 0073 0E       		.uleb128 0xe
 1077 0074 3A       		.uleb128 0x3a
 1078 0075 0B       		.uleb128 0xb
 1079 0076 3B       		.uleb128 0x3b
 1080 0077 0B       		.uleb128 0xb
 1081 0078 27       		.uleb128 0x27
 1082 0079 0C       		.uleb128 0xc
 1083 007a 20       		.uleb128 0x20
 1084 007b 0B       		.uleb128 0xb
 1085 007c 01       		.uleb128 0x1
 1086 007d 13       		.uleb128 0x13
 1087 007e 00       		.byte	0
 1088 007f 00       		.byte	0
 1089 0080 0B       		.uleb128 0xb
 1090 0081 05       		.uleb128 0x5
 1091 0082 00       		.byte	0
ARM GAS  C:\Users\Luke\AppData\Local\Temp\ccrPlpAk.s 			page 27


 1092 0083 03       		.uleb128 0x3
 1093 0084 0E       		.uleb128 0xe
 1094 0085 3A       		.uleb128 0x3a
 1095 0086 0B       		.uleb128 0xb
 1096 0087 3B       		.uleb128 0x3b
 1097 0088 0B       		.uleb128 0xb
 1098 0089 49       		.uleb128 0x49
 1099 008a 13       		.uleb128 0x13
 1100 008b 00       		.byte	0
 1101 008c 00       		.byte	0
 1102 008d 0C       		.uleb128 0xc
 1103 008e 34       		.uleb128 0x34
 1104 008f 00       		.byte	0
 1105 0090 03       		.uleb128 0x3
 1106 0091 0E       		.uleb128 0xe
 1107 0092 3A       		.uleb128 0x3a
 1108 0093 0B       		.uleb128 0xb
 1109 0094 3B       		.uleb128 0x3b
 1110 0095 0B       		.uleb128 0xb
 1111 0096 49       		.uleb128 0x49
 1112 0097 13       		.uleb128 0x13
 1113 0098 00       		.byte	0
 1114 0099 00       		.byte	0
 1115 009a 0D       		.uleb128 0xd
 1116 009b 2E       		.uleb128 0x2e
 1117 009c 00       		.byte	0
 1118 009d 3F       		.uleb128 0x3f
 1119 009e 0C       		.uleb128 0xc
 1120 009f 03       		.uleb128 0x3
 1121 00a0 0E       		.uleb128 0xe
 1122 00a1 3A       		.uleb128 0x3a
 1123 00a2 0B       		.uleb128 0xb
 1124 00a3 3B       		.uleb128 0x3b
 1125 00a4 0B       		.uleb128 0xb
 1126 00a5 27       		.uleb128 0x27
 1127 00a6 0C       		.uleb128 0xc
 1128 00a7 11       		.uleb128 0x11
 1129 00a8 01       		.uleb128 0x1
 1130 00a9 12       		.uleb128 0x12
 1131 00aa 01       		.uleb128 0x1
 1132 00ab 40       		.uleb128 0x40
 1133 00ac 0A       		.uleb128 0xa
 1134 00ad 9742     		.uleb128 0x2117
 1135 00af 0C       		.uleb128 0xc
 1136 00b0 00       		.byte	0
 1137 00b1 00       		.byte	0
 1138 00b2 0E       		.uleb128 0xe
 1139 00b3 2E       		.uleb128 0x2e
 1140 00b4 01       		.byte	0x1
 1141 00b5 3F       		.uleb128 0x3f
 1142 00b6 0C       		.uleb128 0xc
 1143 00b7 03       		.uleb128 0x3
 1144 00b8 0E       		.uleb128 0xe
 1145 00b9 3A       		.uleb128 0x3a
 1146 00ba 0B       		.uleb128 0xb
 1147 00bb 3B       		.uleb128 0x3b
 1148 00bc 0B       		.uleb128 0xb
ARM GAS  C:\Users\Luke\AppData\Local\Temp\ccrPlpAk.s 			page 28


 1149 00bd 27       		.uleb128 0x27
 1150 00be 0C       		.uleb128 0xc
 1151 00bf 11       		.uleb128 0x11
 1152 00c0 01       		.uleb128 0x1
 1153 00c1 12       		.uleb128 0x12
 1154 00c2 01       		.uleb128 0x1
 1155 00c3 40       		.uleb128 0x40
 1156 00c4 0A       		.uleb128 0xa
 1157 00c5 9742     		.uleb128 0x2117
 1158 00c7 0C       		.uleb128 0xc
 1159 00c8 01       		.uleb128 0x1
 1160 00c9 13       		.uleb128 0x13
 1161 00ca 00       		.byte	0
 1162 00cb 00       		.byte	0
 1163 00cc 0F       		.uleb128 0xf
 1164 00cd 1D       		.uleb128 0x1d
 1165 00ce 00       		.byte	0
 1166 00cf 31       		.uleb128 0x31
 1167 00d0 13       		.uleb128 0x13
 1168 00d1 52       		.uleb128 0x52
 1169 00d2 01       		.uleb128 0x1
 1170 00d3 55       		.uleb128 0x55
 1171 00d4 06       		.uleb128 0x6
 1172 00d5 58       		.uleb128 0x58
 1173 00d6 0B       		.uleb128 0xb
 1174 00d7 59       		.uleb128 0x59
 1175 00d8 0B       		.uleb128 0xb
 1176 00d9 00       		.byte	0
 1177 00da 00       		.byte	0
 1178 00db 10       		.uleb128 0x10
 1179 00dc 1D       		.uleb128 0x1d
 1180 00dd 01       		.byte	0x1
 1181 00de 31       		.uleb128 0x31
 1182 00df 13       		.uleb128 0x13
 1183 00e0 52       		.uleb128 0x52
 1184 00e1 01       		.uleb128 0x1
 1185 00e2 55       		.uleb128 0x55
 1186 00e3 06       		.uleb128 0x6
 1187 00e4 58       		.uleb128 0x58
 1188 00e5 0B       		.uleb128 0xb
 1189 00e6 59       		.uleb128 0x59
 1190 00e7 0B       		.uleb128 0xb
 1191 00e8 01       		.uleb128 0x1
 1192 00e9 13       		.uleb128 0x13
 1193 00ea 00       		.byte	0
 1194 00eb 00       		.byte	0
 1195 00ec 11       		.uleb128 0x11
 1196 00ed 05       		.uleb128 0x5
 1197 00ee 00       		.byte	0
 1198 00ef 31       		.uleb128 0x31
 1199 00f0 13       		.uleb128 0x13
 1200 00f1 02       		.uleb128 0x2
 1201 00f2 0A       		.uleb128 0xa
 1202 00f3 00       		.byte	0
 1203 00f4 00       		.byte	0
 1204 00f5 12       		.uleb128 0x12
 1205 00f6 0B       		.uleb128 0xb
ARM GAS  C:\Users\Luke\AppData\Local\Temp\ccrPlpAk.s 			page 29


 1206 00f7 01       		.byte	0x1
 1207 00f8 55       		.uleb128 0x55
 1208 00f9 06       		.uleb128 0x6
 1209 00fa 00       		.byte	0
 1210 00fb 00       		.byte	0
 1211 00fc 13       		.uleb128 0x13
 1212 00fd 34       		.uleb128 0x34
 1213 00fe 00       		.byte	0
 1214 00ff 31       		.uleb128 0x31
 1215 0100 13       		.uleb128 0x13
 1216 0101 02       		.uleb128 0x2
 1217 0102 06       		.uleb128 0x6
 1218 0103 00       		.byte	0
 1219 0104 00       		.byte	0
 1220 0105 14       		.uleb128 0x14
 1221 0106 05       		.uleb128 0x5
 1222 0107 00       		.byte	0
 1223 0108 31       		.uleb128 0x31
 1224 0109 13       		.uleb128 0x13
 1225 010a 1C       		.uleb128 0x1c
 1226 010b 0B       		.uleb128 0xb
 1227 010c 00       		.byte	0
 1228 010d 00       		.byte	0
 1229 010e 15       		.uleb128 0x15
 1230 010f 05       		.uleb128 0x5
 1231 0110 00       		.byte	0
 1232 0111 03       		.uleb128 0x3
 1233 0112 0E       		.uleb128 0xe
 1234 0113 3A       		.uleb128 0x3a
 1235 0114 0B       		.uleb128 0xb
 1236 0115 3B       		.uleb128 0x3b
 1237 0116 0B       		.uleb128 0xb
 1238 0117 49       		.uleb128 0x49
 1239 0118 13       		.uleb128 0x13
 1240 0119 02       		.uleb128 0x2
 1241 011a 06       		.uleb128 0x6
 1242 011b 00       		.byte	0
 1243 011c 00       		.byte	0
 1244 011d 16       		.uleb128 0x16
 1245 011e 05       		.uleb128 0x5
 1246 011f 00       		.byte	0
 1247 0120 31       		.uleb128 0x31
 1248 0121 13       		.uleb128 0x13
 1249 0122 02       		.uleb128 0x2
 1250 0123 06       		.uleb128 0x6
 1251 0124 00       		.byte	0
 1252 0125 00       		.byte	0
 1253 0126 17       		.uleb128 0x17
 1254 0127 1D       		.uleb128 0x1d
 1255 0128 01       		.byte	0x1
 1256 0129 31       		.uleb128 0x31
 1257 012a 13       		.uleb128 0x13
 1258 012b 52       		.uleb128 0x52
 1259 012c 01       		.uleb128 0x1
 1260 012d 55       		.uleb128 0x55
 1261 012e 06       		.uleb128 0x6
 1262 012f 58       		.uleb128 0x58
ARM GAS  C:\Users\Luke\AppData\Local\Temp\ccrPlpAk.s 			page 30


 1263 0130 0B       		.uleb128 0xb
 1264 0131 59       		.uleb128 0x59
 1265 0132 0B       		.uleb128 0xb
 1266 0133 00       		.byte	0
 1267 0134 00       		.byte	0
 1268 0135 18       		.uleb128 0x18
 1269 0136 05       		.uleb128 0x5
 1270 0137 00       		.byte	0
 1271 0138 31       		.uleb128 0x31
 1272 0139 13       		.uleb128 0x13
 1273 013a 00       		.byte	0
 1274 013b 00       		.byte	0
 1275 013c 19       		.uleb128 0x19
 1276 013d 34       		.uleb128 0x34
 1277 013e 00       		.byte	0
 1278 013f 31       		.uleb128 0x31
 1279 0140 13       		.uleb128 0x13
 1280 0141 02       		.uleb128 0x2
 1281 0142 0A       		.uleb128 0xa
 1282 0143 00       		.byte	0
 1283 0144 00       		.byte	0
 1284 0145 1A       		.uleb128 0x1a
 1285 0146 2E       		.uleb128 0x2e
 1286 0147 01       		.byte	0x1
 1287 0148 31       		.uleb128 0x31
 1288 0149 13       		.uleb128 0x13
 1289 014a 11       		.uleb128 0x11
 1290 014b 01       		.uleb128 0x1
 1291 014c 12       		.uleb128 0x12
 1292 014d 01       		.uleb128 0x1
 1293 014e 40       		.uleb128 0x40
 1294 014f 0A       		.uleb128 0xa
 1295 0150 9742     		.uleb128 0x2117
 1296 0152 0C       		.uleb128 0xc
 1297 0153 01       		.uleb128 0x1
 1298 0154 13       		.uleb128 0x13
 1299 0155 00       		.byte	0
 1300 0156 00       		.byte	0
 1301 0157 1B       		.uleb128 0x1b
 1302 0158 2E       		.uleb128 0x2e
 1303 0159 01       		.byte	0x1
 1304 015a 3F       		.uleb128 0x3f
 1305 015b 0C       		.uleb128 0xc
 1306 015c 03       		.uleb128 0x3
 1307 015d 0E       		.uleb128 0xe
 1308 015e 3A       		.uleb128 0x3a
 1309 015f 0B       		.uleb128 0xb
 1310 0160 3B       		.uleb128 0x3b
 1311 0161 0B       		.uleb128 0xb
 1312 0162 27       		.uleb128 0x27
 1313 0163 0C       		.uleb128 0xc
 1314 0164 49       		.uleb128 0x49
 1315 0165 13       		.uleb128 0x13
 1316 0166 11       		.uleb128 0x11
 1317 0167 01       		.uleb128 0x1
 1318 0168 12       		.uleb128 0x12
 1319 0169 01       		.uleb128 0x1
ARM GAS  C:\Users\Luke\AppData\Local\Temp\ccrPlpAk.s 			page 31


 1320 016a 40       		.uleb128 0x40
 1321 016b 0A       		.uleb128 0xa
 1322 016c 9742     		.uleb128 0x2117
 1323 016e 0C       		.uleb128 0xc
 1324 016f 01       		.uleb128 0x1
 1325 0170 13       		.uleb128 0x13
 1326 0171 00       		.byte	0
 1327 0172 00       		.byte	0
 1328 0173 1C       		.uleb128 0x1c
 1329 0174 34       		.uleb128 0x34
 1330 0175 00       		.byte	0
 1331 0176 03       		.uleb128 0x3
 1332 0177 0E       		.uleb128 0xe
 1333 0178 3A       		.uleb128 0x3a
 1334 0179 0B       		.uleb128 0xb
 1335 017a 3B       		.uleb128 0x3b
 1336 017b 0B       		.uleb128 0xb
 1337 017c 49       		.uleb128 0x49
 1338 017d 13       		.uleb128 0x13
 1339 017e 02       		.uleb128 0x2
 1340 017f 06       		.uleb128 0x6
 1341 0180 00       		.byte	0
 1342 0181 00       		.byte	0
 1343 0182 1D       		.uleb128 0x1d
 1344 0183 2E       		.uleb128 0x2e
 1345 0184 00       		.byte	0
 1346 0185 31       		.uleb128 0x31
 1347 0186 13       		.uleb128 0x13
 1348 0187 11       		.uleb128 0x11
 1349 0188 01       		.uleb128 0x1
 1350 0189 12       		.uleb128 0x12
 1351 018a 01       		.uleb128 0x1
 1352 018b 40       		.uleb128 0x40
 1353 018c 0A       		.uleb128 0xa
 1354 018d 9742     		.uleb128 0x2117
 1355 018f 0C       		.uleb128 0xc
 1356 0190 00       		.byte	0
 1357 0191 00       		.byte	0
 1358 0192 1E       		.uleb128 0x1e
 1359 0193 2E       		.uleb128 0x2e
 1360 0194 00       		.byte	0
 1361 0195 3F       		.uleb128 0x3f
 1362 0196 0C       		.uleb128 0xc
 1363 0197 03       		.uleb128 0x3
 1364 0198 0E       		.uleb128 0xe
 1365 0199 3A       		.uleb128 0x3a
 1366 019a 0B       		.uleb128 0xb
 1367 019b 3B       		.uleb128 0x3b
 1368 019c 05       		.uleb128 0x5
 1369 019d 27       		.uleb128 0x27
 1370 019e 0C       		.uleb128 0xc
 1371 019f 49       		.uleb128 0x49
 1372 01a0 13       		.uleb128 0x13
 1373 01a1 11       		.uleb128 0x11
 1374 01a2 01       		.uleb128 0x1
 1375 01a3 12       		.uleb128 0x12
 1376 01a4 01       		.uleb128 0x1
ARM GAS  C:\Users\Luke\AppData\Local\Temp\ccrPlpAk.s 			page 32


 1377 01a5 40       		.uleb128 0x40
 1378 01a6 0A       		.uleb128 0xa
 1379 01a7 9742     		.uleb128 0x2117
 1380 01a9 0C       		.uleb128 0xc
 1381 01aa 00       		.byte	0
 1382 01ab 00       		.byte	0
 1383 01ac 1F       		.uleb128 0x1f
 1384 01ad 2E       		.uleb128 0x2e
 1385 01ae 00       		.byte	0
 1386 01af 3F       		.uleb128 0x3f
 1387 01b0 0C       		.uleb128 0xc
 1388 01b1 03       		.uleb128 0x3
 1389 01b2 0E       		.uleb128 0xe
 1390 01b3 3A       		.uleb128 0x3a
 1391 01b4 0B       		.uleb128 0xb
 1392 01b5 3B       		.uleb128 0x3b
 1393 01b6 05       		.uleb128 0x5
 1394 01b7 27       		.uleb128 0x27
 1395 01b8 0C       		.uleb128 0xc
 1396 01b9 11       		.uleb128 0x11
 1397 01ba 01       		.uleb128 0x1
 1398 01bb 12       		.uleb128 0x12
 1399 01bc 01       		.uleb128 0x1
 1400 01bd 40       		.uleb128 0x40
 1401 01be 0A       		.uleb128 0xa
 1402 01bf 9742     		.uleb128 0x2117
 1403 01c1 0C       		.uleb128 0xc
 1404 01c2 00       		.byte	0
 1405 01c3 00       		.byte	0
 1406 01c4 00       		.byte	0
 1407              		.section	.debug_loc,"",%progbits
 1408              	.Ldebug_loc0:
 1409              	.LLST0:
 1410 0000 0C000000 		.4byte	.LVL1
 1411 0004 12000000 		.4byte	.LVL3
 1412 0008 0100     		.2byte	0x1
 1413 000a 52       		.byte	0x52
 1414 000b 12000000 		.4byte	.LVL3
 1415 000f 2C000000 		.4byte	.LFE0
 1416 0013 0600     		.2byte	0x6
 1417 0015 11       		.byte	0x11
 1418 0016 88DA8380 		.sleb128 -536810232
 1418      7E
 1419 001b 00000000 		.4byte	0
 1420 001f 00000000 		.4byte	0
 1421              	.LLST1:
 1422 0023 00000000 		.4byte	.LVL4
 1423 0027 10000000 		.4byte	.LVL8
 1424 002b 0100     		.2byte	0x1
 1425 002d 50       		.byte	0x50
 1426 002e 10000000 		.4byte	.LVL8
 1427 0032 14000000 		.4byte	.LVL9
 1428 0036 0300     		.2byte	0x3
 1429 0038 72       		.byte	0x72
 1430 0039 C000     		.sleb128 64
 1431 003b 14000000 		.4byte	.LVL9
 1432 003f 28000000 		.4byte	.LFE1
ARM GAS  C:\Users\Luke\AppData\Local\Temp\ccrPlpAk.s 			page 33


 1433 0043 0900     		.2byte	0x9
 1434 0045 11       		.byte	0x11
 1435 0046 88DA8380 		.sleb128 -536810232
 1435      7E
 1436 004b 06       		.byte	0x6
 1437 004c 23       		.byte	0x23
 1438 004d 40       		.uleb128 0x40
 1439 004e 00000000 		.4byte	0
 1440 0052 00000000 		.4byte	0
 1441              	.LLST2:
 1442 0056 08000000 		.4byte	.LVL5
 1443 005a 10000000 		.4byte	.LVL8
 1444 005e 0100     		.2byte	0x1
 1445 0060 50       		.byte	0x50
 1446 0061 10000000 		.4byte	.LVL8
 1447 0065 14000000 		.4byte	.LVL9
 1448 0069 0300     		.2byte	0x3
 1449 006b 72       		.byte	0x72
 1450 006c C000     		.sleb128 64
 1451 006e 14000000 		.4byte	.LVL9
 1452 0072 28000000 		.4byte	.LFE1
 1453 0076 0900     		.2byte	0x9
 1454 0078 11       		.byte	0x11
 1455 0079 88DA8380 		.sleb128 -536810232
 1455      7E
 1456 007e 06       		.byte	0x6
 1457 007f 23       		.byte	0x23
 1458 0080 40       		.uleb128 0x40
 1459 0081 00000000 		.4byte	0
 1460 0085 00000000 		.4byte	0
 1461              	.LLST3:
 1462 0089 0A000000 		.4byte	.LVL6
 1463 008d 14000000 		.4byte	.LVL9
 1464 0091 0100     		.2byte	0x1
 1465 0093 52       		.byte	0x52
 1466 0094 14000000 		.4byte	.LVL9
 1467 0098 28000000 		.4byte	.LFE1
 1468 009c 0600     		.2byte	0x6
 1469 009e 11       		.byte	0x11
 1470 009f 88DA8380 		.sleb128 -536810232
 1470      7E
 1471 00a4 00000000 		.4byte	0
 1472 00a8 00000000 		.4byte	0
 1473              	.LLST4:
 1474 00ac 00000000 		.4byte	.LVL14
 1475 00b0 02000000 		.4byte	.LVL15
 1476 00b4 0600     		.2byte	0x6
 1477 00b6 11       		.byte	0x11
 1478 00b7 88DA8380 		.sleb128 -536810232
 1478      7E
 1479 00bc 02000000 		.4byte	.LVL15
 1480 00c0 0C000000 		.4byte	.LFE5
 1481 00c4 0200     		.2byte	0x2
 1482 00c6 73       		.byte	0x73
 1483 00c7 00       		.sleb128 0
 1484 00c8 00000000 		.4byte	0
 1485 00cc 00000000 		.4byte	0
ARM GAS  C:\Users\Luke\AppData\Local\Temp\ccrPlpAk.s 			page 34


 1486              	.LLST5:
 1487 00d0 00000000 		.4byte	.LVL16
 1488 00d4 02000000 		.4byte	.LVL17
 1489 00d8 0100     		.2byte	0x1
 1490 00da 50       		.byte	0x50
 1491 00db 02000000 		.4byte	.LVL17
 1492 00df 10000000 		.4byte	.LFE6
 1493 00e3 0400     		.2byte	0x4
 1494 00e5 F3       		.byte	0xf3
 1495 00e6 01       		.uleb128 0x1
 1496 00e7 50       		.byte	0x50
 1497 00e8 9F       		.byte	0x9f
 1498 00e9 00000000 		.4byte	0
 1499 00ed 00000000 		.4byte	0
 1500              	.LLST6:
 1501 00f1 04000000 		.4byte	.LVL18
 1502 00f5 06000000 		.4byte	.LVL19
 1503 00f9 0500     		.2byte	0x5
 1504 00fb 70       		.byte	0x70
 1505 00fc 00       		.sleb128 0
 1506 00fd 35       		.byte	0x35
 1507 00fe 25       		.byte	0x25
 1508 00ff 9F       		.byte	0x9f
 1509 0100 00000000 		.4byte	0
 1510 0104 00000000 		.4byte	0
 1511              		.section	.debug_aranges,"",%progbits
 1512 0000 7C000000 		.4byte	0x7c
 1513 0004 0200     		.2byte	0x2
 1514 0006 00000000 		.4byte	.Ldebug_info0
 1515 000a 04       		.byte	0x4
 1516 000b 00       		.byte	0
 1517 000c 0000     		.2byte	0
 1518 000e 0000     		.2byte	0
 1519 0010 00000000 		.4byte	.LFB3
 1520 0014 02000000 		.4byte	.LFE3-.LFB3
 1521 0018 00000000 		.4byte	.LFB0
 1522 001c 2C000000 		.4byte	.LFE0-.LFB0
 1523 0020 00000000 		.4byte	.LFB1
 1524 0024 28000000 		.4byte	.LFE1-.LFB1
 1525 0028 00000000 		.4byte	.LFB2
 1526 002c 1C000000 		.4byte	.LFE2-.LFB2
 1527 0030 00000000 		.4byte	.LFB4
 1528 0034 0C000000 		.4byte	.LFE4-.LFB4
 1529 0038 00000000 		.4byte	.LFB5
 1530 003c 0C000000 		.4byte	.LFE5-.LFB5
 1531 0040 00000000 		.4byte	.LFB6
 1532 0044 10000000 		.4byte	.LFE6-.LFB6
 1533 0048 00000000 		.4byte	.LFB7
 1534 004c 0C000000 		.4byte	.LFE7-.LFB7
 1535 0050 00000000 		.4byte	.LFB8
 1536 0054 0C000000 		.4byte	.LFE8-.LFB8
 1537 0058 00000000 		.4byte	.LFB9
 1538 005c 10000000 		.4byte	.LFE9-.LFB9
 1539 0060 00000000 		.4byte	.LFB10
 1540 0064 0C000000 		.4byte	.LFE10-.LFB10
 1541 0068 00000000 		.4byte	.LFB11
 1542 006c 0C000000 		.4byte	.LFE11-.LFB11
ARM GAS  C:\Users\Luke\AppData\Local\Temp\ccrPlpAk.s 			page 35


 1543 0070 00000000 		.4byte	.LFB12
 1544 0074 0C000000 		.4byte	.LFE12-.LFB12
 1545 0078 00000000 		.4byte	0
 1546 007c 00000000 		.4byte	0
 1547              		.section	.debug_ranges,"",%progbits
 1548              	.Ldebug_ranges0:
 1549 0000 00000000 		.4byte	.LBB22
 1550 0004 02000000 		.4byte	.LBE22
 1551 0008 04000000 		.4byte	.LBB29
 1552 000c 08000000 		.4byte	.LBE29
 1553 0010 00000000 		.4byte	0
 1554 0014 00000000 		.4byte	0
 1555 0018 02000000 		.4byte	.LBB25
 1556 001c 04000000 		.4byte	.LBE25
 1557 0020 08000000 		.4byte	.LBB30
 1558 0024 0C000000 		.4byte	.LBE30
 1559 0028 0E000000 		.4byte	.LBB35
 1560 002c 10000000 		.4byte	.LBE35
 1561 0030 00000000 		.4byte	0
 1562 0034 00000000 		.4byte	0
 1563 0038 02000000 		.4byte	.LBB26
 1564 003c 04000000 		.4byte	.LBE26
 1565 0040 08000000 		.4byte	.LBB27
 1566 0044 0C000000 		.4byte	.LBE27
 1567 0048 0E000000 		.4byte	.LBB28
 1568 004c 10000000 		.4byte	.LBE28
 1569 0050 00000000 		.4byte	0
 1570 0054 00000000 		.4byte	0
 1571 0058 0C000000 		.4byte	.LBB31
 1572 005c 0E000000 		.4byte	.LBE31
 1573 0060 10000000 		.4byte	.LBB36
 1574 0064 12000000 		.4byte	.LBE36
 1575 0068 16000000 		.4byte	.LBB40
 1576 006c 18000000 		.4byte	.LBE40
 1577 0070 00000000 		.4byte	0
 1578 0074 00000000 		.4byte	0
 1579 0078 12000000 		.4byte	.LBB37
 1580 007c 16000000 		.4byte	.LBE37
 1581 0080 18000000 		.4byte	.LBB41
 1582 0084 2C000000 		.4byte	.LBE41
 1583 0088 00000000 		.4byte	0
 1584 008c 00000000 		.4byte	0
 1585 0090 00000000 		.4byte	.LBB42
 1586 0094 02000000 		.4byte	.LBE42
 1587 0098 04000000 		.4byte	.LBB49
 1588 009c 08000000 		.4byte	.LBE49
 1589 00a0 00000000 		.4byte	0
 1590 00a4 00000000 		.4byte	0
 1591 00a8 02000000 		.4byte	.LBB45
 1592 00ac 04000000 		.4byte	.LBE45
 1593 00b0 08000000 		.4byte	.LBB50
 1594 00b4 0A000000 		.4byte	.LBE50
 1595 00b8 0C000000 		.4byte	.LBB55
 1596 00bc 0E000000 		.4byte	.LBE55
 1597 00c0 00000000 		.4byte	0
 1598 00c4 00000000 		.4byte	0
 1599 00c8 02000000 		.4byte	.LBB46
ARM GAS  C:\Users\Luke\AppData\Local\Temp\ccrPlpAk.s 			page 36


 1600 00cc 04000000 		.4byte	.LBE46
 1601 00d0 08000000 		.4byte	.LBB47
 1602 00d4 0A000000 		.4byte	.LBE47
 1603 00d8 0C000000 		.4byte	.LBB48
 1604 00dc 0E000000 		.4byte	.LBE48
 1605 00e0 00000000 		.4byte	0
 1606 00e4 00000000 		.4byte	0
 1607 00e8 0A000000 		.4byte	.LBB51
 1608 00ec 0C000000 		.4byte	.LBE51
 1609 00f0 0E000000 		.4byte	.LBB56
 1610 00f4 10000000 		.4byte	.LBE56
 1611 00f8 14000000 		.4byte	.LBB60
 1612 00fc 16000000 		.4byte	.LBE60
 1613 0100 00000000 		.4byte	0
 1614 0104 00000000 		.4byte	0
 1615 0108 10000000 		.4byte	.LBB57
 1616 010c 14000000 		.4byte	.LBE57
 1617 0110 16000000 		.4byte	.LBB61
 1618 0114 28000000 		.4byte	.LBE61
 1619 0118 00000000 		.4byte	0
 1620 011c 00000000 		.4byte	0
 1621 0120 00000000 		.4byte	.LBB62
 1622 0124 02000000 		.4byte	.LBE62
 1623 0128 04000000 		.4byte	.LBB68
 1624 012c 08000000 		.4byte	.LBE68
 1625 0130 00000000 		.4byte	0
 1626 0134 00000000 		.4byte	0
 1627 0138 02000000 		.4byte	.LBB65
 1628 013c 04000000 		.4byte	.LBE65
 1629 0140 08000000 		.4byte	.LBB69
 1630 0144 1C000000 		.4byte	.LBE69
 1631 0148 00000000 		.4byte	0
 1632 014c 00000000 		.4byte	0
 1633 0150 02000000 		.4byte	.LBB66
 1634 0154 04000000 		.4byte	.LBE66
 1635 0158 08000000 		.4byte	.LBB67
 1636 015c 1C000000 		.4byte	.LBE67
 1637 0160 00000000 		.4byte	0
 1638 0164 00000000 		.4byte	0
 1639 0168 00000000 		.4byte	.LFB3
 1640 016c 02000000 		.4byte	.LFE3
 1641 0170 00000000 		.4byte	.LFB0
 1642 0174 2C000000 		.4byte	.LFE0
 1643 0178 00000000 		.4byte	.LFB1
 1644 017c 28000000 		.4byte	.LFE1
 1645 0180 00000000 		.4byte	.LFB2
 1646 0184 1C000000 		.4byte	.LFE2
 1647 0188 00000000 		.4byte	.LFB4
 1648 018c 0C000000 		.4byte	.LFE4
 1649 0190 00000000 		.4byte	.LFB5
 1650 0194 0C000000 		.4byte	.LFE5
 1651 0198 00000000 		.4byte	.LFB6
 1652 019c 10000000 		.4byte	.LFE6
 1653 01a0 00000000 		.4byte	.LFB7
 1654 01a4 0C000000 		.4byte	.LFE7
 1655 01a8 00000000 		.4byte	.LFB8
 1656 01ac 0C000000 		.4byte	.LFE8
ARM GAS  C:\Users\Luke\AppData\Local\Temp\ccrPlpAk.s 			page 37


 1657 01b0 00000000 		.4byte	.LFB9
 1658 01b4 10000000 		.4byte	.LFE9
 1659 01b8 00000000 		.4byte	.LFB10
 1660 01bc 0C000000 		.4byte	.LFE10
 1661 01c0 00000000 		.4byte	.LFB11
 1662 01c4 0C000000 		.4byte	.LFE11
 1663 01c8 00000000 		.4byte	.LFB12
 1664 01cc 0C000000 		.4byte	.LFE12
 1665 01d0 00000000 		.4byte	0
 1666 01d4 00000000 		.4byte	0
 1667              		.section	.debug_line,"",%progbits
 1668              	.Ldebug_line0:
 1669 0000 81010000 		.section	.debug_str,"MS",%progbits,1
 1669      02004800 
 1669      00000201 
 1669      FB0E0D00 
 1669      01010101 
 1670              	.LASF16:
 1671 0000 72656733 		.ascii	"reg32\000"
 1671      3200
 1672              	.LASF3:
 1673 0006 73686F72 		.ascii	"short unsigned int\000"
 1673      7420756E 
 1673      7369676E 
 1673      65642069 
 1673      6E7400
 1674              	.LASF36:
 1675 0019 4661756C 		.ascii	"Fault_isr_GetState\000"
 1675      745F6973 
 1675      725F4765 
 1675      74537461 
 1675      746500
 1676              	.LASF31:
 1677 002c 4661756C 		.ascii	"Fault_isr_SetPending\000"
 1677      745F6973 
 1677      725F5365 
 1677      7450656E 
 1677      64696E67 
 1678              	.LASF22:
 1679 0041 4661756C 		.ascii	"Fault_isr_Disable\000"
 1679      745F6973 
 1679      725F4469 
 1679      7361626C 
 1679      6500
 1680              	.LASF13:
 1681 0053 666C6F61 		.ascii	"float\000"
 1681      7400
 1682              	.LASF26:
 1683 0059 4661756C 		.ascii	"Fault_isr_Stop\000"
 1683      745F6973 
 1683      725F5374 
 1683      6F7000
 1684              	.LASF1:
 1685 0068 756E7369 		.ascii	"unsigned char\000"
 1685      676E6564 
 1685      20636861 
 1685      7200
ARM GAS  C:\Users\Luke\AppData\Local\Temp\ccrPlpAk.s 			page 38


 1686              	.LASF15:
 1687 0076 72656738 		.ascii	"reg8\000"
 1687      00
 1688              	.LASF9:
 1689 007b 6C6F6E67 		.ascii	"long unsigned int\000"
 1689      20756E73 
 1689      69676E65 
 1689      6420696E 
 1689      7400
 1690              	.LASF11:
 1691 008d 75696E74 		.ascii	"uint8\000"
 1691      3800
 1692              	.LASF35:
 1693 0093 433A5C55 		.ascii	"C:\\Users\\Luke\\Desktop\\Laserschutzschaltung.cyds"
 1693      73657273 
 1693      5C4C756B 
 1693      655C4465 
 1693      736B746F 
 1694 00c2 6E5C4C61 		.ascii	"n\\Laserschutzschaltung.cydsn\000"
 1694      73657273 
 1694      63687574 
 1694      7A736368 
 1694      616C7475 
 1695              	.LASF21:
 1696 00df 7072696F 		.ascii	"priority\000"
 1696      72697479 
 1696      00
 1697              	.LASF14:
 1698 00e8 646F7562 		.ascii	"double\000"
 1698      6C6500
 1699              	.LASF12:
 1700 00ef 75696E74 		.ascii	"uint32\000"
 1700      333200
 1701              	.LASF18:
 1702 00f6 4661756C 		.ascii	"Fault_isr_SetVector\000"
 1702      745F6973 
 1702      725F5365 
 1702      74566563 
 1702      746F7200 
 1703              	.LASF4:
 1704 010a 756E7369 		.ascii	"unsigned int\000"
 1704      676E6564 
 1704      20696E74 
 1704      00
 1705              	.LASF20:
 1706 0117 61646472 		.ascii	"address\000"
 1706      65737300 
 1707              	.LASF6:
 1708 011f 6C6F6E67 		.ascii	"long long unsigned int\000"
 1708      206C6F6E 
 1708      6720756E 
 1708      7369676E 
 1708      65642069 
 1709              	.LASF28:
 1710 0136 4661756C 		.ascii	"Fault_isr_GetPriority\000"
 1710      745F6973 
 1710      725F4765 
ARM GAS  C:\Users\Luke\AppData\Local\Temp\ccrPlpAk.s 			page 39


 1710      74507269 
 1710      6F726974 
 1711              	.LASF34:
 1712 014c 2E5C4765 		.ascii	".\\Generated_Source\\PSoC5\\Fault_isr.c\000"
 1712      6E657261 
 1712      7465645F 
 1712      536F7572 
 1712      63655C50 
 1713              	.LASF24:
 1714 0171 4661756C 		.ascii	"Fault_isr_Start\000"
 1714      745F6973 
 1714      725F5374 
 1714      61727400 
 1715              	.LASF17:
 1716 0181 63796973 		.ascii	"cyisraddress\000"
 1716      72616464 
 1716      72657373 
 1716      00
 1717              	.LASF8:
 1718 018e 73697A65 		.ascii	"sizetype\000"
 1718      74797065 
 1718      00
 1719              	.LASF5:
 1720 0197 6C6F6E67 		.ascii	"long long int\000"
 1720      206C6F6E 
 1720      6720696E 
 1720      7400
 1721              	.LASF10:
 1722 01a5 63686172 		.ascii	"char\000"
 1722      00
 1723              	.LASF29:
 1724 01aa 72616D56 		.ascii	"ramVectorTable\000"
 1724      6563746F 
 1724      72546162 
 1724      6C6500
 1725              	.LASF25:
 1726 01b9 4661756C 		.ascii	"Fault_isr_StartEx\000"
 1726      745F6973 
 1726      725F5374 
 1726      61727445 
 1726      7800
 1727              	.LASF2:
 1728 01cb 73686F72 		.ascii	"short int\000"
 1728      7420696E 
 1728      7400
 1729              	.LASF23:
 1730 01d5 4661756C 		.ascii	"Fault_isr_Enable\000"
 1730      745F6973 
 1730      725F456E 
 1730      61626C65 
 1730      00
 1731              	.LASF33:
 1732 01e6 474E5520 		.ascii	"GNU C 4.7.3 20130312 (release) [ARM/embedded-4_7-br"
 1732      4320342E 
 1732      372E3320 
 1732      32303133 
 1732      30333132 
ARM GAS  C:\Users\Luke\AppData\Local\Temp\ccrPlpAk.s 			page 40


 1733 0219 616E6368 		.ascii	"anch revision 196615]\000"
 1733      20726576 
 1733      6973696F 
 1733      6E203139 
 1733      36363135 
 1734              	.LASF32:
 1735 022f 4661756C 		.ascii	"Fault_isr_ClearPending\000"
 1735      745F6973 
 1735      725F436C 
 1735      65617250 
 1735      656E6469 
 1736              	.LASF7:
 1737 0246 6C6F6E67 		.ascii	"long int\000"
 1737      20696E74 
 1737      00
 1738              	.LASF19:
 1739 024f 4661756C 		.ascii	"Fault_isr_SetPriority\000"
 1739      745F6973 
 1739      725F5365 
 1739      74507269 
 1739      6F726974 
 1740              	.LASF0:
 1741 0265 7369676E 		.ascii	"signed char\000"
 1741      65642063 
 1741      68617200 
 1742              	.LASF27:
 1743 0271 4661756C 		.ascii	"Fault_isr_GetVector\000"
 1743      745F6973 
 1743      725F4765 
 1743      74566563 
 1743      746F7200 
 1744              	.LASF30:
 1745 0285 4661756C 		.ascii	"Fault_isr_Interrupt\000"
 1745      745F6973 
 1745      725F496E 
 1745      74657272 
 1745      75707400 
 1746              		.ident	"GCC: (GNU Tools for ARM Embedded Processors) 4.7.3 20130312 (release) [ARM/embedded-4_7-br
