ARM GAS  C:\Users\Luke\AppData\Local\Temp\ccAkN35c.s 			page 1


   1              		.syntax unified
   2              		.cpu cortex-m3
   3              		.fpu softvfp
   4              		.eabi_attribute 20, 1
   5              		.eabi_attribute 21, 1
   6              		.eabi_attribute 23, 3
   7              		.eabi_attribute 24, 1
   8              		.eabi_attribute 25, 1
   9              		.eabi_attribute 26, 1
  10              		.eabi_attribute 30, 4
  11              		.eabi_attribute 34, 1
  12              		.eabi_attribute 18, 4
  13              		.thumb
  14              		.file	"Filter_PM.c"
  15              		.text
  16              	.Ltext0:
  17              		.cfi_sections	.debug_frame
  18              		.section	.text.Filter_SaveConfig,"ax",%progbits
  19              		.align	1
  20              		.global	Filter_SaveConfig
  21              		.thumb
  22              		.thumb_func
  23              		.type	Filter_SaveConfig, %function
  24              	Filter_SaveConfig:
  25              	.LFB0:
  26              		.file 1 ".\\Generated_Source\\PSoC5\\Filter_PM.c"
   1:.\Generated_Source\PSoC5/Filter_PM.c **** /*******************************************************************************
   2:.\Generated_Source\PSoC5/Filter_PM.c **** * File Name: Filter_PM.c
   3:.\Generated_Source\PSoC5/Filter_PM.c **** * Version 2.20
   4:.\Generated_Source\PSoC5/Filter_PM.c **** *
   5:.\Generated_Source\PSoC5/Filter_PM.c **** * Description:
   6:.\Generated_Source\PSoC5/Filter_PM.c **** *  This file provides the power managaer API source code for the FILT component.
   7:.\Generated_Source\PSoC5/Filter_PM.c **** *
   8:.\Generated_Source\PSoC5/Filter_PM.c **** * Note:
   9:.\Generated_Source\PSoC5/Filter_PM.c **** *  
  10:.\Generated_Source\PSoC5/Filter_PM.c **** *******************************************************************************
  11:.\Generated_Source\PSoC5/Filter_PM.c **** * Copyright 2008-2013, Cypress Semiconductor Corporation.  All rights reserved.
  12:.\Generated_Source\PSoC5/Filter_PM.c **** * You may use this file only in accordance with the license, terms, conditions, 
  13:.\Generated_Source\PSoC5/Filter_PM.c **** * disclaimers, and limitations in the end user license agreement accompanying 
  14:.\Generated_Source\PSoC5/Filter_PM.c **** * the software package with which this file was provided.
  15:.\Generated_Source\PSoC5/Filter_PM.c **** ********************************************************************************/
  16:.\Generated_Source\PSoC5/Filter_PM.c **** 
  17:.\Generated_Source\PSoC5/Filter_PM.c **** #include "Filter_PVT.h"
  18:.\Generated_Source\PSoC5/Filter_PM.c **** 
  19:.\Generated_Source\PSoC5/Filter_PM.c **** static Filter_backupStruct  Filter_backup = 
  20:.\Generated_Source\PSoC5/Filter_PM.c **** {
  21:.\Generated_Source\PSoC5/Filter_PM.c ****     Filter_DISABLED,
  22:.\Generated_Source\PSoC5/Filter_PM.c ****     Filter_RUN_MASK,
  23:.\Generated_Source\PSoC5/Filter_PM.c ****     
  24:.\Generated_Source\PSoC5/Filter_PM.c **** };
  25:.\Generated_Source\PSoC5/Filter_PM.c **** 
  26:.\Generated_Source\PSoC5/Filter_PM.c **** 
  27:.\Generated_Source\PSoC5/Filter_PM.c **** /*******************************************************************************
  28:.\Generated_Source\PSoC5/Filter_PM.c **** * Function Name: Filter_SaveConfig
  29:.\Generated_Source\PSoC5/Filter_PM.c **** ********************************************************************************
  30:.\Generated_Source\PSoC5/Filter_PM.c **** *
  31:.\Generated_Source\PSoC5/Filter_PM.c **** * Summary:
ARM GAS  C:\Users\Luke\AppData\Local\Temp\ccAkN35c.s 			page 2


  32:.\Generated_Source\PSoC5/Filter_PM.c **** *  Saves the current user configuration.
  33:.\Generated_Source\PSoC5/Filter_PM.c **** *  
  34:.\Generated_Source\PSoC5/Filter_PM.c **** * Parameters:  
  35:.\Generated_Source\PSoC5/Filter_PM.c **** *  void
  36:.\Generated_Source\PSoC5/Filter_PM.c **** *
  37:.\Generated_Source\PSoC5/Filter_PM.c **** * Return: 
  38:.\Generated_Source\PSoC5/Filter_PM.c **** *  void
  39:.\Generated_Source\PSoC5/Filter_PM.c **** *
  40:.\Generated_Source\PSoC5/Filter_PM.c **** * Global variables:
  41:.\Generated_Source\PSoC5/Filter_PM.c **** *  Filter_backup:  This global structure variable is used to store 
  42:.\Generated_Source\PSoC5/Filter_PM.c **** *  configuration registers which are non retention whenever user wants to go 
  43:.\Generated_Source\PSoC5/Filter_PM.c **** *  sleep mode by calling Sleep() API.
  44:.\Generated_Source\PSoC5/Filter_PM.c **** *
  45:.\Generated_Source\PSoC5/Filter_PM.c **** *******************************************************************************/
  46:.\Generated_Source\PSoC5/Filter_PM.c **** void Filter_SaveConfig(void) 
  47:.\Generated_Source\PSoC5/Filter_PM.c **** {
  27              		.loc 1 47 0
  28              		.cfi_startproc
  29              		@ args = 0, pretend = 0, frame = 0
  30              		@ frame_needed = 0, uses_anonymous_args = 0
  31 0000 10B5     		push	{r4, lr}
  32              	.LCFI0:
  33              		.cfi_def_cfa_offset 8
  34              		.cfi_offset 4, -8
  35              		.cfi_offset 14, -4
  48:.\Generated_Source\PSoC5/Filter_PM.c ****     Filter_backup.cr = Filter_CR_REG;
  36              		.loc 1 48 0
  37 0002 0C4B     		ldr	r3, .L5
  38 0004 0C48     		ldr	r0, .L5+4
  39 0006 1A78     		ldrb	r2, [r3, #0]	@ zero_extendqisi2
  49:.\Generated_Source\PSoC5/Filter_PM.c ****     Filter_backup.sr = Filter_SR_REG;
  40              		.loc 1 49 0
  41 0008 0C49     		ldr	r1, .L5+8
  48:.\Generated_Source\PSoC5/Filter_PM.c ****     Filter_backup.cr = Filter_CR_REG;
  42              		.loc 1 48 0
  43 000a 4270     		strb	r2, [r0, #1]
  44              		.loc 1 49 0
  45 000c 0C78     		ldrb	r4, [r1, #0]	@ zero_extendqisi2
  50:.\Generated_Source\PSoC5/Filter_PM.c ****     Filter_backup.sema = Filter_SEMA_REG;
  46              		.loc 1 50 0
  47 000e 0C4B     		ldr	r3, .L5+12
  49:.\Generated_Source\PSoC5/Filter_PM.c ****     Filter_backup.sr = Filter_SR_REG;
  48              		.loc 1 49 0
  49 0010 8470     		strb	r4, [r0, #2]
  50              		.loc 1 50 0
  51 0012 1A78     		ldrb	r2, [r3, #0]	@ zero_extendqisi2
  51:.\Generated_Source\PSoC5/Filter_PM.c **** 
  52:.\Generated_Source\PSoC5/Filter_PM.c ****     /* Put DFB RAM on the bus */
  53:.\Generated_Source\PSoC5/Filter_PM.c ****     Filter_RAM_DIR_REG = Filter_RAM_DIR_BUS;
  52              		.loc 1 53 0
  53 0014 0B49     		ldr	r1, .L5+16
  50:.\Generated_Source\PSoC5/Filter_PM.c ****     Filter_backup.sema = Filter_SEMA_REG;
  54              		.loc 1 50 0
  55 0016 C270     		strb	r2, [r0, #3]
  56              		.loc 1 53 0
  57 0018 3F24     		movs	r4, #63
  54:.\Generated_Source\PSoC5/Filter_PM.c **** 
ARM GAS  C:\Users\Luke\AppData\Local\Temp\ccAkN35c.s 			page 3


  55:.\Generated_Source\PSoC5/Filter_PM.c ****     /* Save the ACU RAM as this is not retension */
  56:.\Generated_Source\PSoC5/Filter_PM.c ****     (void)memcpy(Filter_backup.saveAcu,
  58              		.loc 1 56 0
  59 001a 031D     		adds	r3, r0, #4
  60 001c 0A4A     		ldr	r2, .L5+20
  61 001e 0B48     		ldr	r0, .L5+24
  53:.\Generated_Source\PSoC5/Filter_PM.c ****     Filter_RAM_DIR_REG = Filter_RAM_DIR_BUS;
  62              		.loc 1 53 0
  63 0020 0C70     		strb	r4, [r1, #0]
  64              	.L2:
  65              		.loc 1 56 0
  66 0022 52F8044B 		ldr	r4, [r2], #4	@ unaligned
  67 0026 8242     		cmp	r2, r0
  68 0028 43F8044B 		str	r4, [r3], #4	@ unaligned
  69 002c F9D1     		bne	.L2
  57:.\Generated_Source\PSoC5/Filter_PM.c ****         Filter_ACU_RAM, Filter_ACU_RAM_SIZE); 
  58:.\Generated_Source\PSoC5/Filter_PM.c **** 
  59:.\Generated_Source\PSoC5/Filter_PM.c ****     /* Take DFB RAM off the bus */
  60:.\Generated_Source\PSoC5/Filter_PM.c ****     Filter_RAM_DIR_REG = Filter_RAM_DIR_DFB;
  70              		.loc 1 60 0
  71 002e 0022     		movs	r2, #0
  72 0030 0A70     		strb	r2, [r1, #0]
  73 0032 10BD     		pop	{r4, pc}
  74              	.L6:
  75              		.align	2
  76              	.L5:
  77 0034 80C70040 		.word	1073792896
  78 0038 00000000 		.word	.LANCHOR0
  79 003c 84C70040 		.word	1073792900
  80 0040 90C70040 		.word	1073792912
  81 0044 8CC70040 		.word	1073792908
  82 0048 00C70040 		.word	1073792768
  83 004c 40C70040 		.word	1073792832
  84              		.cfi_endproc
  85              	.LFE0:
  86              		.size	Filter_SaveConfig, .-Filter_SaveConfig
  87              		.section	.text.Filter_RestoreConfig,"ax",%progbits
  88              		.align	1
  89              		.global	Filter_RestoreConfig
  90              		.thumb
  91              		.thumb_func
  92              		.type	Filter_RestoreConfig, %function
  93              	Filter_RestoreConfig:
  94              	.LFB1:
  61:.\Generated_Source\PSoC5/Filter_PM.c **** }
  62:.\Generated_Source\PSoC5/Filter_PM.c **** 
  63:.\Generated_Source\PSoC5/Filter_PM.c **** 
  64:.\Generated_Source\PSoC5/Filter_PM.c **** /*******************************************************************************
  65:.\Generated_Source\PSoC5/Filter_PM.c **** * Function Name: Filter_RestoreConfig
  66:.\Generated_Source\PSoC5/Filter_PM.c **** ********************************************************************************
  67:.\Generated_Source\PSoC5/Filter_PM.c **** *
  68:.\Generated_Source\PSoC5/Filter_PM.c **** * Summary:
  69:.\Generated_Source\PSoC5/Filter_PM.c **** *  Restores the current user configuration.
  70:.\Generated_Source\PSoC5/Filter_PM.c **** *
  71:.\Generated_Source\PSoC5/Filter_PM.c **** * Parameters:  
  72:.\Generated_Source\PSoC5/Filter_PM.c **** *  void
  73:.\Generated_Source\PSoC5/Filter_PM.c **** *
ARM GAS  C:\Users\Luke\AppData\Local\Temp\ccAkN35c.s 			page 4


  74:.\Generated_Source\PSoC5/Filter_PM.c **** * Return: 
  75:.\Generated_Source\PSoC5/Filter_PM.c **** *  void
  76:.\Generated_Source\PSoC5/Filter_PM.c **** *
  77:.\Generated_Source\PSoC5/Filter_PM.c **** * Global variables:
  78:.\Generated_Source\PSoC5/Filter_PM.c **** *  Filter_backup:  This global structure variable is used to restore 
  79:.\Generated_Source\PSoC5/Filter_PM.c **** *  configuration registers which are non retention whenever user wants to switch 
  80:.\Generated_Source\PSoC5/Filter_PM.c **** *  to active power mode by calling Wakeup() API.
  81:.\Generated_Source\PSoC5/Filter_PM.c **** *
  82:.\Generated_Source\PSoC5/Filter_PM.c **** *******************************************************************************/
  83:.\Generated_Source\PSoC5/Filter_PM.c **** void Filter_RestoreConfig(void) 
  84:.\Generated_Source\PSoC5/Filter_PM.c **** {
  95              		.loc 1 84 0
  96              		.cfi_startproc
  97              		@ args = 0, pretend = 0, frame = 0
  98              		@ frame_needed = 0, uses_anonymous_args = 0
  99 0000 10B5     		push	{r4, lr}
 100              	.LCFI1:
 101              		.cfi_def_cfa_offset 8
 102              		.cfi_offset 4, -8
 103              		.cfi_offset 14, -4
  85:.\Generated_Source\PSoC5/Filter_PM.c ****     Filter_CR_REG = Filter_backup.cr;
 104              		.loc 1 85 0
 105 0002 0E4B     		ldr	r3, .L10
 106 0004 0E4A     		ldr	r2, .L10+4
 107 0006 5978     		ldrb	r1, [r3, #1]	@ zero_extendqisi2
 108 0008 1170     		strb	r1, [r2, #0]
  86:.\Generated_Source\PSoC5/Filter_PM.c ****     Filter_SR_REG = Filter_backup.sr;
 109              		.loc 1 86 0
 110 000a 9878     		ldrb	r0, [r3, #2]	@ zero_extendqisi2
 111 000c 1071     		strb	r0, [r2, #4]
  87:.\Generated_Source\PSoC5/Filter_PM.c ****     Filter_SEMA_REG = Filter_backup.sema;
 112              		.loc 1 87 0
 113 000e DC78     		ldrb	r4, [r3, #3]	@ zero_extendqisi2
 114 0010 1474     		strb	r4, [r2, #16]
  88:.\Generated_Source\PSoC5/Filter_PM.c ****     
  89:.\Generated_Source\PSoC5/Filter_PM.c ****     /* Power on DFB before initializing the RAMs */
  90:.\Generated_Source\PSoC5/Filter_PM.c ****     Filter_PM_ACT_CFG_REG |= Filter_PM_ACT_MSK;
 115              		.loc 1 90 0
 116 0012 0C4A     		ldr	r2, .L10+8
  91:.\Generated_Source\PSoC5/Filter_PM.c **** 
  92:.\Generated_Source\PSoC5/Filter_PM.c ****     /* Put DFB RAM on the bus */
  93:.\Generated_Source\PSoC5/Filter_PM.c ****     Filter_RAM_DIR_REG = Filter_RAM_DIR_BUS;
 117              		.loc 1 93 0
 118 0014 3F24     		movs	r4, #63
  90:.\Generated_Source\PSoC5/Filter_PM.c ****     Filter_PM_ACT_CFG_REG |= Filter_PM_ACT_MSK;
 119              		.loc 1 90 0
 120 0016 1178     		ldrb	r1, [r2, #0]	@ zero_extendqisi2
 121 0018 41F01000 		orr	r0, r1, #16
 122 001c 1070     		strb	r0, [r2, #0]
 123              		.loc 1 93 0
 124 001e 0A48     		ldr	r0, .L10+12
  94:.\Generated_Source\PSoC5/Filter_PM.c **** 
  95:.\Generated_Source\PSoC5/Filter_PM.c ****     /* Restore ACU RAM as this is not retension */
  96:.\Generated_Source\PSoC5/Filter_PM.c ****     (void)memcpy(Filter_ACU_RAM,
 125              		.loc 1 96 0
 126 0020 0A49     		ldr	r1, .L10+16
 127 0022 1A1D     		adds	r2, r3, #4
ARM GAS  C:\Users\Luke\AppData\Local\Temp\ccAkN35c.s 			page 5


  93:.\Generated_Source\PSoC5/Filter_PM.c ****     Filter_RAM_DIR_REG = Filter_RAM_DIR_BUS;
 128              		.loc 1 93 0
 129 0024 0470     		strb	r4, [r0, #0]
 130              		.loc 1 96 0
 131 0026 4433     		adds	r3, r3, #68
 132              	.L8:
 133 0028 52F8044B 		ldr	r4, [r2], #4	@ unaligned
 134 002c 9A42     		cmp	r2, r3
 135 002e 41F8044B 		str	r4, [r1], #4	@ unaligned
 136 0032 F9D1     		bne	.L8
  97:.\Generated_Source\PSoC5/Filter_PM.c ****         Filter_backup.saveAcu, Filter_ACU_RAM_SIZE); 
  98:.\Generated_Source\PSoC5/Filter_PM.c **** 
  99:.\Generated_Source\PSoC5/Filter_PM.c ****     /* Take DFB RAM off the bus */
 100:.\Generated_Source\PSoC5/Filter_PM.c ****     Filter_RAM_DIR_REG = Filter_RAM_DIR_DFB;
 137              		.loc 1 100 0
 138 0034 0023     		movs	r3, #0
 139 0036 0370     		strb	r3, [r0, #0]
 140 0038 10BD     		pop	{r4, pc}
 141              	.L11:
 142 003a 00BF     		.align	2
 143              	.L10:
 144 003c 00000000 		.word	.LANCHOR0
 145 0040 80C70040 		.word	1073792896
 146 0044 A6430040 		.word	1073759142
 147 0048 8CC70040 		.word	1073792908
 148 004c 00C70040 		.word	1073792768
 149              		.cfi_endproc
 150              	.LFE1:
 151              		.size	Filter_RestoreConfig, .-Filter_RestoreConfig
 152              		.section	.text.Filter_Sleep,"ax",%progbits
 153              		.align	1
 154              		.global	Filter_Sleep
 155              		.thumb
 156              		.thumb_func
 157              		.type	Filter_Sleep, %function
 158              	Filter_Sleep:
 159              	.LFB2:
 101:.\Generated_Source\PSoC5/Filter_PM.c **** }
 102:.\Generated_Source\PSoC5/Filter_PM.c **** 
 103:.\Generated_Source\PSoC5/Filter_PM.c **** 
 104:.\Generated_Source\PSoC5/Filter_PM.c **** /*******************************************************************************
 105:.\Generated_Source\PSoC5/Filter_PM.c **** * Function Name: Filter_Sleep
 106:.\Generated_Source\PSoC5/Filter_PM.c **** ********************************************************************************
 107:.\Generated_Source\PSoC5/Filter_PM.c **** *
 108:.\Generated_Source\PSoC5/Filter_PM.c **** * Summary:
 109:.\Generated_Source\PSoC5/Filter_PM.c **** *  Disables block's operation and saves its configuration. Should be called 
 110:.\Generated_Source\PSoC5/Filter_PM.c **** *  just prior to entering sleep.
 111:.\Generated_Source\PSoC5/Filter_PM.c **** *  
 112:.\Generated_Source\PSoC5/Filter_PM.c **** * Parameters:  
 113:.\Generated_Source\PSoC5/Filter_PM.c **** *  void
 114:.\Generated_Source\PSoC5/Filter_PM.c **** *
 115:.\Generated_Source\PSoC5/Filter_PM.c **** * Return: 
 116:.\Generated_Source\PSoC5/Filter_PM.c **** *  void
 117:.\Generated_Source\PSoC5/Filter_PM.c **** *
 118:.\Generated_Source\PSoC5/Filter_PM.c **** * Global variables:
 119:.\Generated_Source\PSoC5/Filter_PM.c **** *  Filter_backup:  The structure field 'enableState' is modified 
 120:.\Generated_Source\PSoC5/Filter_PM.c **** *  depending on the enable state of the block before entering to sleep mode.
ARM GAS  C:\Users\Luke\AppData\Local\Temp\ccAkN35c.s 			page 6


 121:.\Generated_Source\PSoC5/Filter_PM.c **** *
 122:.\Generated_Source\PSoC5/Filter_PM.c **** *******************************************************************************/
 123:.\Generated_Source\PSoC5/Filter_PM.c **** void Filter_Sleep(void) 
 124:.\Generated_Source\PSoC5/Filter_PM.c **** {
 160              		.loc 1 124 0
 161              		.cfi_startproc
 162              		@ args = 0, pretend = 0, frame = 0
 163              		@ frame_needed = 0, uses_anonymous_args = 0
 164 0000 08B5     		push	{r3, lr}
 165              	.LCFI2:
 166              		.cfi_def_cfa_offset 8
 167              		.cfi_offset 3, -8
 168              		.cfi_offset 14, -4
 125:.\Generated_Source\PSoC5/Filter_PM.c ****     /* Save Filter enable state */
 126:.\Generated_Source\PSoC5/Filter_PM.c ****     if(Filter_PM_ACT_MSK == (Filter_PM_ACT_CFG_REG & Filter_PM_ACT_MSK))
 169              		.loc 1 126 0
 170 0002 074B     		ldr	r3, .L15
 171 0004 0749     		ldr	r1, .L15+4
 172 0006 1878     		ldrb	r0, [r3, #0]	@ zero_extendqisi2
 173 0008 10F01002 		ands	r2, r0, #16
 127:.\Generated_Source\PSoC5/Filter_PM.c ****     {
 128:.\Generated_Source\PSoC5/Filter_PM.c ****         /* Component is enabled */
 129:.\Generated_Source\PSoC5/Filter_PM.c ****         Filter_backup.enableState = Filter_ENABLED;
 174              		.loc 1 129 0
 175 000c 18BF     		it	ne
 176 000e 0122     		movne	r2, #1
 130:.\Generated_Source\PSoC5/Filter_PM.c ****     }
 131:.\Generated_Source\PSoC5/Filter_PM.c ****     else
 132:.\Generated_Source\PSoC5/Filter_PM.c ****     {
 133:.\Generated_Source\PSoC5/Filter_PM.c ****         /* Component is disabled */
 134:.\Generated_Source\PSoC5/Filter_PM.c ****         Filter_backup.enableState = Filter_DISABLED;
 177              		.loc 1 134 0
 178 0010 0A70     		strb	r2, [r1, #0]
 135:.\Generated_Source\PSoC5/Filter_PM.c ****     }
 136:.\Generated_Source\PSoC5/Filter_PM.c **** 
 137:.\Generated_Source\PSoC5/Filter_PM.c ****     /* Save the configuration */
 138:.\Generated_Source\PSoC5/Filter_PM.c ****     Filter_SaveConfig();
 179              		.loc 1 138 0
 180 0012 FFF7FEFF 		bl	Filter_SaveConfig
 181              	.LVL0:
 139:.\Generated_Source\PSoC5/Filter_PM.c ****     
 140:.\Generated_Source\PSoC5/Filter_PM.c ****     /* Stop the component */
 141:.\Generated_Source\PSoC5/Filter_PM.c ****     Filter_Stop();
 142:.\Generated_Source\PSoC5/Filter_PM.c **** }
 182              		.loc 1 142 0
 183 0016 BDE80840 		pop	{r3, lr}
 141:.\Generated_Source\PSoC5/Filter_PM.c ****     Filter_Stop();
 184              		.loc 1 141 0
 185 001a FFF7FEBF 		b	Filter_Stop
 186              	.LVL1:
 187              	.L16:
 188 001e 00BF     		.align	2
 189              	.L15:
 190 0020 A6430040 		.word	1073759142
 191 0024 00000000 		.word	.LANCHOR0
 192              		.cfi_endproc
 193              	.LFE2:
ARM GAS  C:\Users\Luke\AppData\Local\Temp\ccAkN35c.s 			page 7


 194              		.size	Filter_Sleep, .-Filter_Sleep
 195              		.section	.text.Filter_Wakeup,"ax",%progbits
 196              		.align	1
 197              		.global	Filter_Wakeup
 198              		.thumb
 199              		.thumb_func
 200              		.type	Filter_Wakeup, %function
 201              	Filter_Wakeup:
 202              	.LFB3:
 143:.\Generated_Source\PSoC5/Filter_PM.c **** 
 144:.\Generated_Source\PSoC5/Filter_PM.c **** 
 145:.\Generated_Source\PSoC5/Filter_PM.c **** /*******************************************************************************
 146:.\Generated_Source\PSoC5/Filter_PM.c **** * Function Name: Filter_Wakeup
 147:.\Generated_Source\PSoC5/Filter_PM.c **** ********************************************************************************
 148:.\Generated_Source\PSoC5/Filter_PM.c **** *
 149:.\Generated_Source\PSoC5/Filter_PM.c **** * Summary:
 150:.\Generated_Source\PSoC5/Filter_PM.c **** *  Enables block's operation and restores its configuration. Should be called
 151:.\Generated_Source\PSoC5/Filter_PM.c **** *  just after awaking from sleep.
 152:.\Generated_Source\PSoC5/Filter_PM.c **** *  
 153:.\Generated_Source\PSoC5/Filter_PM.c **** * Parameters:  
 154:.\Generated_Source\PSoC5/Filter_PM.c **** *  void
 155:.\Generated_Source\PSoC5/Filter_PM.c **** *
 156:.\Generated_Source\PSoC5/Filter_PM.c **** * Return: 
 157:.\Generated_Source\PSoC5/Filter_PM.c **** *  void
 158:.\Generated_Source\PSoC5/Filter_PM.c **** *
 159:.\Generated_Source\PSoC5/Filter_PM.c **** * Global variables:
 160:.\Generated_Source\PSoC5/Filter_PM.c **** *  Filter_backup:  The structure field 'enableState' is used to 
 161:.\Generated_Source\PSoC5/Filter_PM.c **** *  restore the enable state of block after wakeup from sleep mode.
 162:.\Generated_Source\PSoC5/Filter_PM.c **** *
 163:.\Generated_Source\PSoC5/Filter_PM.c **** *******************************************************************************/
 164:.\Generated_Source\PSoC5/Filter_PM.c **** void Filter_Wakeup(void) 
 165:.\Generated_Source\PSoC5/Filter_PM.c **** {
 203              		.loc 1 165 0
 204              		.cfi_startproc
 205              		@ args = 0, pretend = 0, frame = 0
 206              		@ frame_needed = 0, uses_anonymous_args = 0
 207 0000 08B5     		push	{r3, lr}
 208              	.LCFI3:
 209              		.cfi_def_cfa_offset 8
 210              		.cfi_offset 3, -8
 211              		.cfi_offset 14, -4
 166:.\Generated_Source\PSoC5/Filter_PM.c ****     /* Restore the configuration */
 167:.\Generated_Source\PSoC5/Filter_PM.c ****     Filter_RestoreConfig();
 212              		.loc 1 167 0
 213 0002 FFF7FEFF 		bl	Filter_RestoreConfig
 214              	.LVL2:
 168:.\Generated_Source\PSoC5/Filter_PM.c ****     
 169:.\Generated_Source\PSoC5/Filter_PM.c ****     /* Enable's the component operation */
 170:.\Generated_Source\PSoC5/Filter_PM.c ****     if(Filter_backup.enableState == Filter_ENABLED)
 215              		.loc 1 170 0
 216 0006 044B     		ldr	r3, .L19
 217 0008 1878     		ldrb	r0, [r3, #0]	@ zero_extendqisi2
 218 000a 0128     		cmp	r0, #1
 219 000c 03D1     		bne	.L17
 171:.\Generated_Source\PSoC5/Filter_PM.c ****     {
 172:.\Generated_Source\PSoC5/Filter_PM.c ****         Filter_Enable();
 173:.\Generated_Source\PSoC5/Filter_PM.c ****     } /* Do nothing if component was disable before */
ARM GAS  C:\Users\Luke\AppData\Local\Temp\ccAkN35c.s 			page 8


 174:.\Generated_Source\PSoC5/Filter_PM.c **** }
 220              		.loc 1 174 0
 221 000e BDE80840 		pop	{r3, lr}
 172:.\Generated_Source\PSoC5/Filter_PM.c ****         Filter_Enable();
 222              		.loc 1 172 0
 223 0012 FFF7FEBF 		b	Filter_Enable
 224              	.LVL3:
 225              	.L17:
 226 0016 08BD     		pop	{r3, pc}
 227              	.L20:
 228              		.align	2
 229              	.L19:
 230 0018 00000000 		.word	.LANCHOR0
 231              		.cfi_endproc
 232              	.LFE3:
 233              		.size	Filter_Wakeup, .-Filter_Wakeup
 234              		.data
 235              		.set	.LANCHOR0,. + 0
 236              		.type	Filter_backup, %object
 237              		.size	Filter_backup, 68
 238              	Filter_backup:
 239 0000 00       		.byte	0
 240 0001 01       		.byte	1
 241 0002 00000000 		.space	66
 241      00000000 
 241      00000000 
 241      00000000 
 241      00000000 
 242              		.text
 243              	.Letext0:
 244              		.file 2 ".\\Generated_Source\\PSoC5\\cytypes.h"
 245              		.file 3 ".\\Generated_Source\\PSoC5\\Filter.H"
 246              		.section	.debug_info,"",%progbits
 247              	.Ldebug_info0:
 248 0000 C3010000 		.4byte	0x1c3
 249 0004 0200     		.2byte	0x2
 250 0006 00000000 		.4byte	.Ldebug_abbrev0
 251 000a 04       		.byte	0x4
 252 000b 01       		.uleb128 0x1
 253 000c 85010000 		.4byte	.LASF26
 254 0010 01       		.byte	0x1
 255 0011 02010000 		.4byte	.LASF27
 256 0015 7A000000 		.4byte	.LASF28
 257 0019 00000000 		.4byte	.Ldebug_ranges0+0
 258 001d 00000000 		.4byte	0
 259 0021 00000000 		.4byte	0
 260 0025 00000000 		.4byte	.Ldebug_line0
 261 0029 02       		.uleb128 0x2
 262 002a 01       		.byte	0x1
 263 002b 06       		.byte	0x6
 264 002c E3010000 		.4byte	.LASF0
 265 0030 02       		.uleb128 0x2
 266 0031 01       		.byte	0x1
 267 0032 08       		.byte	0x8
 268 0033 43000000 		.4byte	.LASF1
 269 0037 02       		.uleb128 0x2
 270 0038 02       		.byte	0x2
ARM GAS  C:\Users\Luke\AppData\Local\Temp\ccAkN35c.s 			page 9


 271 0039 05       		.byte	0x5
 272 003a 7B010000 		.4byte	.LASF2
 273 003e 02       		.uleb128 0x2
 274 003f 02       		.byte	0x2
 275 0040 07       		.byte	0x7
 276 0041 EF010000 		.4byte	.LASF3
 277 0045 03       		.uleb128 0x3
 278 0046 04       		.byte	0x4
 279 0047 05       		.byte	0x5
 280 0048 696E7400 		.ascii	"int\000"
 281 004c 02       		.uleb128 0x2
 282 004d 04       		.byte	0x4
 283 004e 07       		.byte	0x7
 284 004f 27010000 		.4byte	.LASF4
 285 0053 02       		.uleb128 0x2
 286 0054 08       		.byte	0x8
 287 0055 05       		.byte	0x5
 288 0056 68010000 		.4byte	.LASF5
 289 005a 02       		.uleb128 0x2
 290 005b 08       		.byte	0x8
 291 005c 07       		.byte	0x7
 292 005d 48010000 		.4byte	.LASF6
 293 0061 02       		.uleb128 0x2
 294 0062 04       		.byte	0x4
 295 0063 05       		.byte	0x5
 296 0064 CE010000 		.4byte	.LASF7
 297 0068 02       		.uleb128 0x2
 298 0069 04       		.byte	0x4
 299 006a 07       		.byte	0x7
 300 006b 5F010000 		.4byte	.LASF8
 301 006f 02       		.uleb128 0x2
 302 0070 04       		.byte	0x4
 303 0071 07       		.byte	0x7
 304 0072 62000000 		.4byte	.LASF9
 305 0076 02       		.uleb128 0x2
 306 0077 01       		.byte	0x1
 307 0078 08       		.byte	0x8
 308 0079 76010000 		.4byte	.LASF10
 309 007d 04       		.uleb128 0x4
 310 007e 74000000 		.4byte	.LASF11
 311 0082 02       		.byte	0x2
 312 0083 5B       		.byte	0x5b
 313 0084 30000000 		.4byte	0x30
 314 0088 04       		.uleb128 0x4
 315 0089 FB000000 		.4byte	.LASF12
 316 008d 02       		.byte	0x2
 317 008e 5C       		.byte	0x5c
 318 008f 3E000000 		.4byte	0x3e
 319 0093 02       		.uleb128 0x2
 320 0094 04       		.byte	0x4
 321 0095 04       		.byte	0x4
 322 0096 35000000 		.4byte	.LASF13
 323 009a 02       		.uleb128 0x2
 324 009b 08       		.byte	0x8
 325 009c 04       		.byte	0x4
 326 009d D4000000 		.4byte	.LASF14
 327 00a1 04       		.uleb128 0x4
ARM GAS  C:\Users\Luke\AppData\Local\Temp\ccAkN35c.s 			page 10


 328 00a2 5D000000 		.4byte	.LASF15
 329 00a6 02       		.byte	0x2
 330 00a7 F0       		.byte	0xf0
 331 00a8 AC000000 		.4byte	0xac
 332 00ac 05       		.uleb128 0x5
 333 00ad 7D000000 		.4byte	0x7d
 334 00b1 06       		.uleb128 0x6
 335 00b2 44       		.byte	0x44
 336 00b3 03       		.byte	0x3
 337 00b4 2E       		.byte	0x2e
 338 00b5 FE000000 		.4byte	0xfe
 339 00b9 07       		.uleb128 0x7
 340 00ba D7010000 		.4byte	.LASF16
 341 00be 03       		.byte	0x3
 342 00bf 30       		.byte	0x30
 343 00c0 7D000000 		.4byte	0x7d
 344 00c4 02       		.byte	0x2
 345 00c5 23       		.byte	0x23
 346 00c6 00       		.uleb128 0
 347 00c7 08       		.uleb128 0x8
 348 00c8 637200   		.ascii	"cr\000"
 349 00cb 03       		.byte	0x3
 350 00cc 31       		.byte	0x31
 351 00cd 7D000000 		.4byte	0x7d
 352 00d1 02       		.byte	0x2
 353 00d2 23       		.byte	0x23
 354 00d3 01       		.uleb128 0x1
 355 00d4 08       		.uleb128 0x8
 356 00d5 737200   		.ascii	"sr\000"
 357 00d8 03       		.byte	0x3
 358 00d9 32       		.byte	0x32
 359 00da 7D000000 		.4byte	0x7d
 360 00de 02       		.byte	0x2
 361 00df 23       		.byte	0x23
 362 00e0 02       		.uleb128 0x2
 363 00e1 07       		.uleb128 0x7
 364 00e2 00000000 		.4byte	.LASF17
 365 00e6 03       		.byte	0x3
 366 00e7 33       		.byte	0x33
 367 00e8 7D000000 		.4byte	0x7d
 368 00ec 02       		.byte	0x2
 369 00ed 23       		.byte	0x23
 370 00ee 03       		.uleb128 0x3
 371 00ef 07       		.uleb128 0x7
 372 00f0 3B000000 		.4byte	.LASF18
 373 00f4 03       		.byte	0x3
 374 00f5 34       		.byte	0x34
 375 00f6 FE000000 		.4byte	0xfe
 376 00fa 02       		.byte	0x2
 377 00fb 23       		.byte	0x23
 378 00fc 04       		.uleb128 0x4
 379 00fd 00       		.byte	0
 380 00fe 09       		.uleb128 0x9
 381 00ff 7D000000 		.4byte	0x7d
 382 0103 0E010000 		.4byte	0x10e
 383 0107 0A       		.uleb128 0xa
 384 0108 68000000 		.4byte	0x68
ARM GAS  C:\Users\Luke\AppData\Local\Temp\ccAkN35c.s 			page 11


 385 010c 3F       		.byte	0x3f
 386 010d 00       		.byte	0
 387 010e 04       		.uleb128 0x4
 388 010f 34010000 		.4byte	.LASF19
 389 0113 03       		.byte	0x3
 390 0114 35       		.byte	0x35
 391 0115 B1000000 		.4byte	0xb1
 392 0119 0B       		.uleb128 0xb
 393 011a 01       		.byte	0x1
 394 011b DB000000 		.4byte	.LASF20
 395 011f 01       		.byte	0x1
 396 0120 2E       		.byte	0x2e
 397 0121 01       		.byte	0x1
 398 0122 00000000 		.4byte	.LFB0
 399 0126 50000000 		.4byte	.LFE0
 400 012a 00000000 		.4byte	.LLST0
 401 012e 01       		.byte	0x1
 402 012f 0B       		.uleb128 0xb
 403 0130 01       		.byte	0x1
 404 0131 20000000 		.4byte	.LASF21
 405 0135 01       		.byte	0x1
 406 0136 53       		.byte	0x53
 407 0137 01       		.byte	0x1
 408 0138 00000000 		.4byte	.LFB1
 409 013c 50000000 		.4byte	.LFE1
 410 0140 20000000 		.4byte	.LLST1
 411 0144 01       		.byte	0x1
 412 0145 0C       		.uleb128 0xc
 413 0146 01       		.byte	0x1
 414 0147 05000000 		.4byte	.LASF22
 415 014b 01       		.byte	0x1
 416 014c 7B       		.byte	0x7b
 417 014d 01       		.byte	0x1
 418 014e 00000000 		.4byte	.LFB2
 419 0152 28000000 		.4byte	.LFE2
 420 0156 40000000 		.4byte	.LLST2
 421 015a 01       		.byte	0x1
 422 015b 73010000 		.4byte	0x173
 423 015f 0D       		.uleb128 0xd
 424 0160 16000000 		.4byte	.LVL0
 425 0164 19010000 		.4byte	0x119
 426 0168 0E       		.uleb128 0xe
 427 0169 1E000000 		.4byte	.LVL1
 428 016d 01       		.byte	0x1
 429 016e B2010000 		.4byte	0x1b2
 430 0172 00       		.byte	0
 431 0173 0C       		.uleb128 0xc
 432 0174 01       		.byte	0x1
 433 0175 C6000000 		.4byte	.LASF23
 434 0179 01       		.byte	0x1
 435 017a A4       		.byte	0xa4
 436 017b 01       		.byte	0x1
 437 017c 00000000 		.4byte	.LFB3
 438 0180 1C000000 		.4byte	.LFE3
 439 0184 60000000 		.4byte	.LLST3
 440 0188 01       		.byte	0x1
 441 0189 A1010000 		.4byte	0x1a1
ARM GAS  C:\Users\Luke\AppData\Local\Temp\ccAkN35c.s 			page 12


 442 018d 0D       		.uleb128 0xd
 443 018e 06000000 		.4byte	.LVL2
 444 0192 2F010000 		.4byte	0x12f
 445 0196 0E       		.uleb128 0xe
 446 0197 16000000 		.4byte	.LVL3
 447 019b 01       		.byte	0x1
 448 019c BC010000 		.4byte	0x1bc
 449 01a0 00       		.byte	0
 450 01a1 0F       		.uleb128 0xf
 451 01a2 ED000000 		.4byte	.LASF29
 452 01a6 01       		.byte	0x1
 453 01a7 13       		.byte	0x13
 454 01a8 0E010000 		.4byte	0x10e
 455 01ac 05       		.byte	0x5
 456 01ad 03       		.byte	0x3
 457 01ae 00000000 		.4byte	Filter_backup
 458 01b2 10       		.uleb128 0x10
 459 01b3 01       		.byte	0x1
 460 01b4 51000000 		.4byte	.LASF24
 461 01b8 03       		.byte	0x3
 462 01b9 3D       		.byte	0x3d
 463 01ba 01       		.byte	0x1
 464 01bb 01       		.byte	0x1
 465 01bc 10       		.uleb128 0x10
 466 01bd 01       		.byte	0x1
 467 01be 12000000 		.4byte	.LASF25
 468 01c2 03       		.byte	0x3
 469 01c3 49       		.byte	0x49
 470 01c4 01       		.byte	0x1
 471 01c5 01       		.byte	0x1
 472 01c6 00       		.byte	0
 473              		.section	.debug_abbrev,"",%progbits
 474              	.Ldebug_abbrev0:
 475 0000 01       		.uleb128 0x1
 476 0001 11       		.uleb128 0x11
 477 0002 01       		.byte	0x1
 478 0003 25       		.uleb128 0x25
 479 0004 0E       		.uleb128 0xe
 480 0005 13       		.uleb128 0x13
 481 0006 0B       		.uleb128 0xb
 482 0007 03       		.uleb128 0x3
 483 0008 0E       		.uleb128 0xe
 484 0009 1B       		.uleb128 0x1b
 485 000a 0E       		.uleb128 0xe
 486 000b 55       		.uleb128 0x55
 487 000c 06       		.uleb128 0x6
 488 000d 11       		.uleb128 0x11
 489 000e 01       		.uleb128 0x1
 490 000f 52       		.uleb128 0x52
 491 0010 01       		.uleb128 0x1
 492 0011 10       		.uleb128 0x10
 493 0012 06       		.uleb128 0x6
 494 0013 00       		.byte	0
 495 0014 00       		.byte	0
 496 0015 02       		.uleb128 0x2
 497 0016 24       		.uleb128 0x24
 498 0017 00       		.byte	0
ARM GAS  C:\Users\Luke\AppData\Local\Temp\ccAkN35c.s 			page 13


 499 0018 0B       		.uleb128 0xb
 500 0019 0B       		.uleb128 0xb
 501 001a 3E       		.uleb128 0x3e
 502 001b 0B       		.uleb128 0xb
 503 001c 03       		.uleb128 0x3
 504 001d 0E       		.uleb128 0xe
 505 001e 00       		.byte	0
 506 001f 00       		.byte	0
 507 0020 03       		.uleb128 0x3
 508 0021 24       		.uleb128 0x24
 509 0022 00       		.byte	0
 510 0023 0B       		.uleb128 0xb
 511 0024 0B       		.uleb128 0xb
 512 0025 3E       		.uleb128 0x3e
 513 0026 0B       		.uleb128 0xb
 514 0027 03       		.uleb128 0x3
 515 0028 08       		.uleb128 0x8
 516 0029 00       		.byte	0
 517 002a 00       		.byte	0
 518 002b 04       		.uleb128 0x4
 519 002c 16       		.uleb128 0x16
 520 002d 00       		.byte	0
 521 002e 03       		.uleb128 0x3
 522 002f 0E       		.uleb128 0xe
 523 0030 3A       		.uleb128 0x3a
 524 0031 0B       		.uleb128 0xb
 525 0032 3B       		.uleb128 0x3b
 526 0033 0B       		.uleb128 0xb
 527 0034 49       		.uleb128 0x49
 528 0035 13       		.uleb128 0x13
 529 0036 00       		.byte	0
 530 0037 00       		.byte	0
 531 0038 05       		.uleb128 0x5
 532 0039 35       		.uleb128 0x35
 533 003a 00       		.byte	0
 534 003b 49       		.uleb128 0x49
 535 003c 13       		.uleb128 0x13
 536 003d 00       		.byte	0
 537 003e 00       		.byte	0
 538 003f 06       		.uleb128 0x6
 539 0040 13       		.uleb128 0x13
 540 0041 01       		.byte	0x1
 541 0042 0B       		.uleb128 0xb
 542 0043 0B       		.uleb128 0xb
 543 0044 3A       		.uleb128 0x3a
 544 0045 0B       		.uleb128 0xb
 545 0046 3B       		.uleb128 0x3b
 546 0047 0B       		.uleb128 0xb
 547 0048 01       		.uleb128 0x1
 548 0049 13       		.uleb128 0x13
 549 004a 00       		.byte	0
 550 004b 00       		.byte	0
 551 004c 07       		.uleb128 0x7
 552 004d 0D       		.uleb128 0xd
 553 004e 00       		.byte	0
 554 004f 03       		.uleb128 0x3
 555 0050 0E       		.uleb128 0xe
ARM GAS  C:\Users\Luke\AppData\Local\Temp\ccAkN35c.s 			page 14


 556 0051 3A       		.uleb128 0x3a
 557 0052 0B       		.uleb128 0xb
 558 0053 3B       		.uleb128 0x3b
 559 0054 0B       		.uleb128 0xb
 560 0055 49       		.uleb128 0x49
 561 0056 13       		.uleb128 0x13
 562 0057 38       		.uleb128 0x38
 563 0058 0A       		.uleb128 0xa
 564 0059 00       		.byte	0
 565 005a 00       		.byte	0
 566 005b 08       		.uleb128 0x8
 567 005c 0D       		.uleb128 0xd
 568 005d 00       		.byte	0
 569 005e 03       		.uleb128 0x3
 570 005f 08       		.uleb128 0x8
 571 0060 3A       		.uleb128 0x3a
 572 0061 0B       		.uleb128 0xb
 573 0062 3B       		.uleb128 0x3b
 574 0063 0B       		.uleb128 0xb
 575 0064 49       		.uleb128 0x49
 576 0065 13       		.uleb128 0x13
 577 0066 38       		.uleb128 0x38
 578 0067 0A       		.uleb128 0xa
 579 0068 00       		.byte	0
 580 0069 00       		.byte	0
 581 006a 09       		.uleb128 0x9
 582 006b 01       		.uleb128 0x1
 583 006c 01       		.byte	0x1
 584 006d 49       		.uleb128 0x49
 585 006e 13       		.uleb128 0x13
 586 006f 01       		.uleb128 0x1
 587 0070 13       		.uleb128 0x13
 588 0071 00       		.byte	0
 589 0072 00       		.byte	0
 590 0073 0A       		.uleb128 0xa
 591 0074 21       		.uleb128 0x21
 592 0075 00       		.byte	0
 593 0076 49       		.uleb128 0x49
 594 0077 13       		.uleb128 0x13
 595 0078 2F       		.uleb128 0x2f
 596 0079 0B       		.uleb128 0xb
 597 007a 00       		.byte	0
 598 007b 00       		.byte	0
 599 007c 0B       		.uleb128 0xb
 600 007d 2E       		.uleb128 0x2e
 601 007e 00       		.byte	0
 602 007f 3F       		.uleb128 0x3f
 603 0080 0C       		.uleb128 0xc
 604 0081 03       		.uleb128 0x3
 605 0082 0E       		.uleb128 0xe
 606 0083 3A       		.uleb128 0x3a
 607 0084 0B       		.uleb128 0xb
 608 0085 3B       		.uleb128 0x3b
 609 0086 0B       		.uleb128 0xb
 610 0087 27       		.uleb128 0x27
 611 0088 0C       		.uleb128 0xc
 612 0089 11       		.uleb128 0x11
ARM GAS  C:\Users\Luke\AppData\Local\Temp\ccAkN35c.s 			page 15


 613 008a 01       		.uleb128 0x1
 614 008b 12       		.uleb128 0x12
 615 008c 01       		.uleb128 0x1
 616 008d 40       		.uleb128 0x40
 617 008e 06       		.uleb128 0x6
 618 008f 9742     		.uleb128 0x2117
 619 0091 0C       		.uleb128 0xc
 620 0092 00       		.byte	0
 621 0093 00       		.byte	0
 622 0094 0C       		.uleb128 0xc
 623 0095 2E       		.uleb128 0x2e
 624 0096 01       		.byte	0x1
 625 0097 3F       		.uleb128 0x3f
 626 0098 0C       		.uleb128 0xc
 627 0099 03       		.uleb128 0x3
 628 009a 0E       		.uleb128 0xe
 629 009b 3A       		.uleb128 0x3a
 630 009c 0B       		.uleb128 0xb
 631 009d 3B       		.uleb128 0x3b
 632 009e 0B       		.uleb128 0xb
 633 009f 27       		.uleb128 0x27
 634 00a0 0C       		.uleb128 0xc
 635 00a1 11       		.uleb128 0x11
 636 00a2 01       		.uleb128 0x1
 637 00a3 12       		.uleb128 0x12
 638 00a4 01       		.uleb128 0x1
 639 00a5 40       		.uleb128 0x40
 640 00a6 06       		.uleb128 0x6
 641 00a7 9742     		.uleb128 0x2117
 642 00a9 0C       		.uleb128 0xc
 643 00aa 01       		.uleb128 0x1
 644 00ab 13       		.uleb128 0x13
 645 00ac 00       		.byte	0
 646 00ad 00       		.byte	0
 647 00ae 0D       		.uleb128 0xd
 648 00af 898201   		.uleb128 0x4109
 649 00b2 00       		.byte	0
 650 00b3 11       		.uleb128 0x11
 651 00b4 01       		.uleb128 0x1
 652 00b5 31       		.uleb128 0x31
 653 00b6 13       		.uleb128 0x13
 654 00b7 00       		.byte	0
 655 00b8 00       		.byte	0
 656 00b9 0E       		.uleb128 0xe
 657 00ba 898201   		.uleb128 0x4109
 658 00bd 00       		.byte	0
 659 00be 11       		.uleb128 0x11
 660 00bf 01       		.uleb128 0x1
 661 00c0 9542     		.uleb128 0x2115
 662 00c2 0C       		.uleb128 0xc
 663 00c3 31       		.uleb128 0x31
 664 00c4 13       		.uleb128 0x13
 665 00c5 00       		.byte	0
 666 00c6 00       		.byte	0
 667 00c7 0F       		.uleb128 0xf
 668 00c8 34       		.uleb128 0x34
 669 00c9 00       		.byte	0
ARM GAS  C:\Users\Luke\AppData\Local\Temp\ccAkN35c.s 			page 16


 670 00ca 03       		.uleb128 0x3
 671 00cb 0E       		.uleb128 0xe
 672 00cc 3A       		.uleb128 0x3a
 673 00cd 0B       		.uleb128 0xb
 674 00ce 3B       		.uleb128 0x3b
 675 00cf 0B       		.uleb128 0xb
 676 00d0 49       		.uleb128 0x49
 677 00d1 13       		.uleb128 0x13
 678 00d2 02       		.uleb128 0x2
 679 00d3 0A       		.uleb128 0xa
 680 00d4 00       		.byte	0
 681 00d5 00       		.byte	0
 682 00d6 10       		.uleb128 0x10
 683 00d7 2E       		.uleb128 0x2e
 684 00d8 00       		.byte	0
 685 00d9 3F       		.uleb128 0x3f
 686 00da 0C       		.uleb128 0xc
 687 00db 03       		.uleb128 0x3
 688 00dc 0E       		.uleb128 0xe
 689 00dd 3A       		.uleb128 0x3a
 690 00de 0B       		.uleb128 0xb
 691 00df 3B       		.uleb128 0x3b
 692 00e0 0B       		.uleb128 0xb
 693 00e1 27       		.uleb128 0x27
 694 00e2 0C       		.uleb128 0xc
 695 00e3 3C       		.uleb128 0x3c
 696 00e4 0C       		.uleb128 0xc
 697 00e5 00       		.byte	0
 698 00e6 00       		.byte	0
 699 00e7 00       		.byte	0
 700              		.section	.debug_loc,"",%progbits
 701              	.Ldebug_loc0:
 702              	.LLST0:
 703 0000 00000000 		.4byte	.LFB0
 704 0004 02000000 		.4byte	.LCFI0
 705 0008 0200     		.2byte	0x2
 706 000a 7D       		.byte	0x7d
 707 000b 00       		.sleb128 0
 708 000c 02000000 		.4byte	.LCFI0
 709 0010 50000000 		.4byte	.LFE0
 710 0014 0200     		.2byte	0x2
 711 0016 7D       		.byte	0x7d
 712 0017 08       		.sleb128 8
 713 0018 00000000 		.4byte	0
 714 001c 00000000 		.4byte	0
 715              	.LLST1:
 716 0020 00000000 		.4byte	.LFB1
 717 0024 02000000 		.4byte	.LCFI1
 718 0028 0200     		.2byte	0x2
 719 002a 7D       		.byte	0x7d
 720 002b 00       		.sleb128 0
 721 002c 02000000 		.4byte	.LCFI1
 722 0030 50000000 		.4byte	.LFE1
 723 0034 0200     		.2byte	0x2
 724 0036 7D       		.byte	0x7d
 725 0037 08       		.sleb128 8
 726 0038 00000000 		.4byte	0
ARM GAS  C:\Users\Luke\AppData\Local\Temp\ccAkN35c.s 			page 17


 727 003c 00000000 		.4byte	0
 728              	.LLST2:
 729 0040 00000000 		.4byte	.LFB2
 730 0044 02000000 		.4byte	.LCFI2
 731 0048 0200     		.2byte	0x2
 732 004a 7D       		.byte	0x7d
 733 004b 00       		.sleb128 0
 734 004c 02000000 		.4byte	.LCFI2
 735 0050 28000000 		.4byte	.LFE2
 736 0054 0200     		.2byte	0x2
 737 0056 7D       		.byte	0x7d
 738 0057 08       		.sleb128 8
 739 0058 00000000 		.4byte	0
 740 005c 00000000 		.4byte	0
 741              	.LLST3:
 742 0060 00000000 		.4byte	.LFB3
 743 0064 02000000 		.4byte	.LCFI3
 744 0068 0200     		.2byte	0x2
 745 006a 7D       		.byte	0x7d
 746 006b 00       		.sleb128 0
 747 006c 02000000 		.4byte	.LCFI3
 748 0070 1C000000 		.4byte	.LFE3
 749 0074 0200     		.2byte	0x2
 750 0076 7D       		.byte	0x7d
 751 0077 08       		.sleb128 8
 752 0078 00000000 		.4byte	0
 753 007c 00000000 		.4byte	0
 754              		.section	.debug_aranges,"",%progbits
 755 0000 34000000 		.4byte	0x34
 756 0004 0200     		.2byte	0x2
 757 0006 00000000 		.4byte	.Ldebug_info0
 758 000a 04       		.byte	0x4
 759 000b 00       		.byte	0
 760 000c 0000     		.2byte	0
 761 000e 0000     		.2byte	0
 762 0010 00000000 		.4byte	.LFB0
 763 0014 50000000 		.4byte	.LFE0-.LFB0
 764 0018 00000000 		.4byte	.LFB1
 765 001c 50000000 		.4byte	.LFE1-.LFB1
 766 0020 00000000 		.4byte	.LFB2
 767 0024 28000000 		.4byte	.LFE2-.LFB2
 768 0028 00000000 		.4byte	.LFB3
 769 002c 1C000000 		.4byte	.LFE3-.LFB3
 770 0030 00000000 		.4byte	0
 771 0034 00000000 		.4byte	0
 772              		.section	.debug_ranges,"",%progbits
 773              	.Ldebug_ranges0:
 774 0000 00000000 		.4byte	.LFB0
 775 0004 50000000 		.4byte	.LFE0
 776 0008 00000000 		.4byte	.LFB1
 777 000c 50000000 		.4byte	.LFE1
 778 0010 00000000 		.4byte	.LFB2
 779 0014 28000000 		.4byte	.LFE2
 780 0018 00000000 		.4byte	.LFB3
 781 001c 1C000000 		.4byte	.LFE3
 782 0020 00000000 		.4byte	0
 783 0024 00000000 		.4byte	0
ARM GAS  C:\Users\Luke\AppData\Local\Temp\ccAkN35c.s 			page 18


 784              		.section	.debug_line,"",%progbits
 785              	.Ldebug_line0:
 786 0000 BB000000 		.section	.debug_str,"MS",%progbits,1
 786      02005400 
 786      00000201 
 786      FB0E0D00 
 786      01010101 
 787              	.LASF17:
 788 0000 73656D61 		.ascii	"sema\000"
 788      00
 789              	.LASF22:
 790 0005 46696C74 		.ascii	"Filter_Sleep\000"
 790      65725F53 
 790      6C656570 
 790      00
 791              	.LASF25:
 792 0012 46696C74 		.ascii	"Filter_Enable\000"
 792      65725F45 
 792      6E61626C 
 792      6500
 793              	.LASF21:
 794 0020 46696C74 		.ascii	"Filter_RestoreConfig\000"
 794      65725F52 
 794      6573746F 
 794      7265436F 
 794      6E666967 
 795              	.LASF13:
 796 0035 666C6F61 		.ascii	"float\000"
 796      7400
 797              	.LASF18:
 798 003b 73617665 		.ascii	"saveAcu\000"
 798      41637500 
 799              	.LASF1:
 800 0043 756E7369 		.ascii	"unsigned char\000"
 800      676E6564 
 800      20636861 
 800      7200
 801              	.LASF24:
 802 0051 46696C74 		.ascii	"Filter_Stop\000"
 802      65725F53 
 802      746F7000 
 803              	.LASF15:
 804 005d 72656738 		.ascii	"reg8\000"
 804      00
 805              	.LASF9:
 806 0062 6C6F6E67 		.ascii	"long unsigned int\000"
 806      20756E73 
 806      69676E65 
 806      6420696E 
 806      7400
 807              	.LASF11:
 808 0074 75696E74 		.ascii	"uint8\000"
 808      3800
 809              	.LASF28:
 810 007a 433A5C55 		.ascii	"C:\\Users\\Luke\\Desktop\\Laserschutzschaltung.cyds"
 810      73657273 
 810      5C4C756B 
ARM GAS  C:\Users\Luke\AppData\Local\Temp\ccAkN35c.s 			page 19


 810      655C4465 
 810      736B746F 
 811 00a9 6E5C4C61 		.ascii	"n\\Laserschutzschaltung.cydsn\000"
 811      73657273 
 811      63687574 
 811      7A736368 
 811      616C7475 
 812              	.LASF23:
 813 00c6 46696C74 		.ascii	"Filter_Wakeup\000"
 813      65725F57 
 813      616B6575 
 813      7000
 814              	.LASF14:
 815 00d4 646F7562 		.ascii	"double\000"
 815      6C6500
 816              	.LASF20:
 817 00db 46696C74 		.ascii	"Filter_SaveConfig\000"
 817      65725F53 
 817      61766543 
 817      6F6E6669 
 817      6700
 818              	.LASF29:
 819 00ed 46696C74 		.ascii	"Filter_backup\000"
 819      65725F62 
 819      61636B75 
 819      7000
 820              	.LASF12:
 821 00fb 75696E74 		.ascii	"uint16\000"
 821      313600
 822              	.LASF27:
 823 0102 2E5C4765 		.ascii	".\\Generated_Source\\PSoC5\\Filter_PM.c\000"
 823      6E657261 
 823      7465645F 
 823      536F7572 
 823      63655C50 
 824              	.LASF4:
 825 0127 756E7369 		.ascii	"unsigned int\000"
 825      676E6564 
 825      20696E74 
 825      00
 826              	.LASF19:
 827 0134 46696C74 		.ascii	"Filter_backupStruct\000"
 827      65725F62 
 827      61636B75 
 827      70537472 
 827      75637400 
 828              	.LASF6:
 829 0148 6C6F6E67 		.ascii	"long long unsigned int\000"
 829      206C6F6E 
 829      6720756E 
 829      7369676E 
 829      65642069 
 830              	.LASF8:
 831 015f 73697A65 		.ascii	"sizetype\000"
 831      74797065 
 831      00
 832              	.LASF5:
ARM GAS  C:\Users\Luke\AppData\Local\Temp\ccAkN35c.s 			page 20


 833 0168 6C6F6E67 		.ascii	"long long int\000"
 833      206C6F6E 
 833      6720696E 
 833      7400
 834              	.LASF10:
 835 0176 63686172 		.ascii	"char\000"
 835      00
 836              	.LASF2:
 837 017b 73686F72 		.ascii	"short int\000"
 837      7420696E 
 837      7400
 838              	.LASF26:
 839 0185 474E5520 		.ascii	"GNU C 4.7.3 20130312 (release) [ARM/embedded-4_7-br"
 839      4320342E 
 839      372E3320 
 839      32303133 
 839      30333132 
 840 01b8 616E6368 		.ascii	"anch revision 196615]\000"
 840      20726576 
 840      6973696F 
 840      6E203139 
 840      36363135 
 841              	.LASF7:
 842 01ce 6C6F6E67 		.ascii	"long int\000"
 842      20696E74 
 842      00
 843              	.LASF16:
 844 01d7 656E6162 		.ascii	"enableState\000"
 844      6C655374 
 844      61746500 
 845              	.LASF0:
 846 01e3 7369676E 		.ascii	"signed char\000"
 846      65642063 
 846      68617200 
 847              	.LASF3:
 848 01ef 73686F72 		.ascii	"short unsigned int\000"
 848      7420756E 
 848      7369676E 
 848      65642069 
 848      6E7400
 849              		.ident	"GCC: (GNU Tools for ARM Embedded Processors) 4.7.3 20130312 (release) [ARM/embedded-4_7-br
