ARM GAS  C:\Users\Luke\AppData\Local\Temp\cc58HLl6.s 			page 1


   1              		.syntax unified
   2              		.cpu cortex-m3
   3              		.fpu softvfp
   4              		.eabi_attribute 20, 1
   5              		.eabi_attribute 21, 1
   6              		.eabi_attribute 23, 3
   7              		.eabi_attribute 24, 1
   8              		.eabi_attribute 25, 1
   9              		.eabi_attribute 26, 1
  10              		.eabi_attribute 30, 4
  11              		.eabi_attribute 34, 1
  12              		.eabi_attribute 18, 4
  13              		.thumb
  14              		.file	"IDAC8_2.c"
  15              		.text
  16              	.Ltext0:
  17              		.cfi_sections	.debug_frame
  18              		.section	.text.IDAC8_2_Enable,"ax",%progbits
  19              		.align	1
  20              		.global	IDAC8_2_Enable
  21              		.thumb
  22              		.thumb_func
  23              		.type	IDAC8_2_Enable, %function
  24              	IDAC8_2_Enable:
  25              	.LFB1:
  26              		.file 1 ".\\Generated_Source\\PSoC5\\IDAC8_2.c"
   1:.\Generated_Source\PSoC5/IDAC8_2.c **** /*******************************************************************************
   2:.\Generated_Source\PSoC5/IDAC8_2.c **** * File Name: IDAC8_2.c
   3:.\Generated_Source\PSoC5/IDAC8_2.c **** * Version 2.0
   4:.\Generated_Source\PSoC5/IDAC8_2.c **** *
   5:.\Generated_Source\PSoC5/IDAC8_2.c **** * Description:
   6:.\Generated_Source\PSoC5/IDAC8_2.c **** *  This file provides the source code to the API for the 8-bit Current 
   7:.\Generated_Source\PSoC5/IDAC8_2.c **** *  DAC (IDAC8) User Module.
   8:.\Generated_Source\PSoC5/IDAC8_2.c **** *
   9:.\Generated_Source\PSoC5/IDAC8_2.c **** * Note:
  10:.\Generated_Source\PSoC5/IDAC8_2.c **** *  None
  11:.\Generated_Source\PSoC5/IDAC8_2.c **** *
  12:.\Generated_Source\PSoC5/IDAC8_2.c **** ********************************************************************************
  13:.\Generated_Source\PSoC5/IDAC8_2.c **** * Copyright 2008-2012, Cypress Semiconductor Corporation.  All rights reserved.
  14:.\Generated_Source\PSoC5/IDAC8_2.c **** * You may use this file only in accordance with the license, terms, conditions, 
  15:.\Generated_Source\PSoC5/IDAC8_2.c **** * disclaimers, and limitations in the end user license agreement accompanying 
  16:.\Generated_Source\PSoC5/IDAC8_2.c **** * the software package with which this file was provided.
  17:.\Generated_Source\PSoC5/IDAC8_2.c **** *******************************************************************************/
  18:.\Generated_Source\PSoC5/IDAC8_2.c **** 
  19:.\Generated_Source\PSoC5/IDAC8_2.c **** #include "cytypes.h"
  20:.\Generated_Source\PSoC5/IDAC8_2.c **** #include "IDAC8_2.h"   
  21:.\Generated_Source\PSoC5/IDAC8_2.c **** 
  22:.\Generated_Source\PSoC5/IDAC8_2.c **** #if (CY_PSOC5A)
  23:.\Generated_Source\PSoC5/IDAC8_2.c ****     #include <CyLib.h>
  24:.\Generated_Source\PSoC5/IDAC8_2.c **** #endif /* CY_PSOC5A */
  25:.\Generated_Source\PSoC5/IDAC8_2.c **** 
  26:.\Generated_Source\PSoC5/IDAC8_2.c **** 
  27:.\Generated_Source\PSoC5/IDAC8_2.c **** uint8 IDAC8_2_initVar = 0u;
  28:.\Generated_Source\PSoC5/IDAC8_2.c **** 
  29:.\Generated_Source\PSoC5/IDAC8_2.c **** 
  30:.\Generated_Source\PSoC5/IDAC8_2.c **** #if (CY_PSOC5A)
  31:.\Generated_Source\PSoC5/IDAC8_2.c ****     static IDAC8_2_LOWPOWER_BACKUP_STRUCT  IDAC8_2_lowPowerBackup;
ARM GAS  C:\Users\Luke\AppData\Local\Temp\cc58HLl6.s 			page 2


  32:.\Generated_Source\PSoC5/IDAC8_2.c **** #endif /* CY_PSOC5A */
  33:.\Generated_Source\PSoC5/IDAC8_2.c **** 
  34:.\Generated_Source\PSoC5/IDAC8_2.c **** /* Variable to decide whether or not to restore control register in Enable()
  35:.\Generated_Source\PSoC5/IDAC8_2.c ****    API. This valid only for PSoC5A */
  36:.\Generated_Source\PSoC5/IDAC8_2.c **** #if (CY_PSOC5A)
  37:.\Generated_Source\PSoC5/IDAC8_2.c ****     static uint8 IDAC8_2_restoreReg = 0u;
  38:.\Generated_Source\PSoC5/IDAC8_2.c **** #endif /* CY_PSOC5A */
  39:.\Generated_Source\PSoC5/IDAC8_2.c **** 
  40:.\Generated_Source\PSoC5/IDAC8_2.c **** 
  41:.\Generated_Source\PSoC5/IDAC8_2.c **** /*******************************************************************************
  42:.\Generated_Source\PSoC5/IDAC8_2.c **** * Function Name: IDAC8_2_Init
  43:.\Generated_Source\PSoC5/IDAC8_2.c **** ********************************************************************************
  44:.\Generated_Source\PSoC5/IDAC8_2.c **** * Summary:
  45:.\Generated_Source\PSoC5/IDAC8_2.c **** *  Initialize to the schematic state.
  46:.\Generated_Source\PSoC5/IDAC8_2.c **** * 
  47:.\Generated_Source\PSoC5/IDAC8_2.c **** * Parameters:
  48:.\Generated_Source\PSoC5/IDAC8_2.c **** *  void:
  49:.\Generated_Source\PSoC5/IDAC8_2.c **** *
  50:.\Generated_Source\PSoC5/IDAC8_2.c **** * Return:
  51:.\Generated_Source\PSoC5/IDAC8_2.c **** *  (void)
  52:.\Generated_Source\PSoC5/IDAC8_2.c **** *
  53:.\Generated_Source\PSoC5/IDAC8_2.c **** * Theory:
  54:.\Generated_Source\PSoC5/IDAC8_2.c **** *
  55:.\Generated_Source\PSoC5/IDAC8_2.c **** * Side Effects:
  56:.\Generated_Source\PSoC5/IDAC8_2.c **** *
  57:.\Generated_Source\PSoC5/IDAC8_2.c **** *******************************************************************************/
  58:.\Generated_Source\PSoC5/IDAC8_2.c **** void IDAC8_2_Init(void) 
  59:.\Generated_Source\PSoC5/IDAC8_2.c **** {
  60:.\Generated_Source\PSoC5/IDAC8_2.c ****     IDAC8_2_CR0 = (IDAC8_2_MODE_I | IDAC8_2_DEFAULT_RANGE );
  61:.\Generated_Source\PSoC5/IDAC8_2.c **** 
  62:.\Generated_Source\PSoC5/IDAC8_2.c ****     /* Set default data source */
  63:.\Generated_Source\PSoC5/IDAC8_2.c ****     #if(IDAC8_2_DEFAULT_DATA_SRC != 0u )    
  64:.\Generated_Source\PSoC5/IDAC8_2.c ****         IDAC8_2_CR1 = (IDAC8_2_DEFAULT_CNTL | IDAC8_2_DACBUS_ENABLE);
  65:.\Generated_Source\PSoC5/IDAC8_2.c ****     #else
  66:.\Generated_Source\PSoC5/IDAC8_2.c ****         IDAC8_2_CR1 = (IDAC8_2_DEFAULT_CNTL | IDAC8_2_DACBUS_DISABLE);
  67:.\Generated_Source\PSoC5/IDAC8_2.c ****     #endif /* (IDAC8_2_DEFAULT_DATA_SRC != 0u ) */
  68:.\Generated_Source\PSoC5/IDAC8_2.c ****     
  69:.\Generated_Source\PSoC5/IDAC8_2.c ****     /*Controls polarity from UDB Control*/
  70:.\Generated_Source\PSoC5/IDAC8_2.c ****     #if(IDAC8_2_DEFAULT_POLARITY == IDAC8_2_HARDWARE_CONTROLLED)
  71:.\Generated_Source\PSoC5/IDAC8_2.c ****         IDAC8_2_CR1 |= IDAC8_2_IDIR_SRC_UDB;
  72:.\Generated_Source\PSoC5/IDAC8_2.c ****     #else
  73:.\Generated_Source\PSoC5/IDAC8_2.c ****         IDAC8_2_CR1 |= IDAC8_2_DEFAULT_POLARITY;
  74:.\Generated_Source\PSoC5/IDAC8_2.c ****     #endif/* (IDAC8_2_DEFAULT_POLARITY == IDAC8_2_HARDWARE_CONTROLLED) */
  75:.\Generated_Source\PSoC5/IDAC8_2.c ****     /*Controls Current Source from UDB Control*/
  76:.\Generated_Source\PSoC5/IDAC8_2.c ****     #if(IDAC8_2_HARDWARE_ENABLE != 0u ) 
  77:.\Generated_Source\PSoC5/IDAC8_2.c ****         IDAC8_2_CR1 |= IDAC8_2_IDIR_CTL_UDB;
  78:.\Generated_Source\PSoC5/IDAC8_2.c ****     #endif /* (IDAC8_2_HARDWARE_ENABLE != 0u ) */ 
  79:.\Generated_Source\PSoC5/IDAC8_2.c ****     
  80:.\Generated_Source\PSoC5/IDAC8_2.c ****     /* Set default strobe mode */
  81:.\Generated_Source\PSoC5/IDAC8_2.c ****     #if(IDAC8_2_DEFAULT_STRB != 0u)
  82:.\Generated_Source\PSoC5/IDAC8_2.c ****         IDAC8_2_Strobe |= IDAC8_2_STRB_EN;
  83:.\Generated_Source\PSoC5/IDAC8_2.c ****     #endif /* (IDAC8_2_DEFAULT_STRB != 0u) */
  84:.\Generated_Source\PSoC5/IDAC8_2.c ****     
  85:.\Generated_Source\PSoC5/IDAC8_2.c ****     /* Set default speed */
  86:.\Generated_Source\PSoC5/IDAC8_2.c ****     IDAC8_2_SetSpeed(IDAC8_2_DEFAULT_SPEED);
  87:.\Generated_Source\PSoC5/IDAC8_2.c ****     
  88:.\Generated_Source\PSoC5/IDAC8_2.c ****     /* Set proper DAC trim */
ARM GAS  C:\Users\Luke\AppData\Local\Temp\cc58HLl6.s 			page 3


  89:.\Generated_Source\PSoC5/IDAC8_2.c ****     IDAC8_2_DacTrim();
  90:.\Generated_Source\PSoC5/IDAC8_2.c ****     
  91:.\Generated_Source\PSoC5/IDAC8_2.c **** }
  92:.\Generated_Source\PSoC5/IDAC8_2.c **** 
  93:.\Generated_Source\PSoC5/IDAC8_2.c **** 
  94:.\Generated_Source\PSoC5/IDAC8_2.c **** /*******************************************************************************
  95:.\Generated_Source\PSoC5/IDAC8_2.c **** * Function Name: IDAC8_2_Enable
  96:.\Generated_Source\PSoC5/IDAC8_2.c **** ********************************************************************************
  97:.\Generated_Source\PSoC5/IDAC8_2.c **** * Summary:
  98:.\Generated_Source\PSoC5/IDAC8_2.c **** *  Enable the IDAC8
  99:.\Generated_Source\PSoC5/IDAC8_2.c **** * 
 100:.\Generated_Source\PSoC5/IDAC8_2.c **** * Parameters:
 101:.\Generated_Source\PSoC5/IDAC8_2.c **** *  void:
 102:.\Generated_Source\PSoC5/IDAC8_2.c **** *
 103:.\Generated_Source\PSoC5/IDAC8_2.c **** * Return:
 104:.\Generated_Source\PSoC5/IDAC8_2.c **** *  (void)
 105:.\Generated_Source\PSoC5/IDAC8_2.c **** *
 106:.\Generated_Source\PSoC5/IDAC8_2.c **** * Theory:
 107:.\Generated_Source\PSoC5/IDAC8_2.c **** *
 108:.\Generated_Source\PSoC5/IDAC8_2.c **** * Side Effects:
 109:.\Generated_Source\PSoC5/IDAC8_2.c **** *
 110:.\Generated_Source\PSoC5/IDAC8_2.c **** *******************************************************************************/
 111:.\Generated_Source\PSoC5/IDAC8_2.c **** void IDAC8_2_Enable(void) 
 112:.\Generated_Source\PSoC5/IDAC8_2.c **** {
  27              		.loc 1 112 0
  28              		.cfi_startproc
  29              		@ args = 0, pretend = 0, frame = 0
  30              		@ frame_needed = 0, uses_anonymous_args = 0
  31              		@ link register save eliminated.
 113:.\Generated_Source\PSoC5/IDAC8_2.c ****     IDAC8_2_PWRMGR |= IDAC8_2_ACT_PWR_EN;
  32              		.loc 1 113 0
  33 0000 044B     		ldr	r3, .L2
  34 0002 1A78     		ldrb	r2, [r3, #0]	@ zero_extendqisi2
  35 0004 42F00200 		orr	r0, r2, #2
  36 0008 1870     		strb	r0, [r3, #0]
 114:.\Generated_Source\PSoC5/IDAC8_2.c ****     IDAC8_2_STBY_PWRMGR |= IDAC8_2_STBY_PWR_EN;
  37              		.loc 1 114 0
  38 000a 197C     		ldrb	r1, [r3, #16]	@ zero_extendqisi2
  39 000c 41F00202 		orr	r2, r1, #2
  40 0010 1A74     		strb	r2, [r3, #16]
  41 0012 7047     		bx	lr
  42              	.L3:
  43              		.align	2
  44              	.L2:
  45 0014 A8430040 		.word	1073759144
  46              		.cfi_endproc
  47              	.LFE1:
  48              		.size	IDAC8_2_Enable, .-IDAC8_2_Enable
  49              		.section	.text.IDAC8_2_Stop,"ax",%progbits
  50              		.align	1
  51              		.global	IDAC8_2_Stop
  52              		.thumb
  53              		.thumb_func
  54              		.type	IDAC8_2_Stop, %function
  55              	IDAC8_2_Stop:
  56              	.LFB3:
 115:.\Generated_Source\PSoC5/IDAC8_2.c **** 
ARM GAS  C:\Users\Luke\AppData\Local\Temp\cc58HLl6.s 			page 4


 116:.\Generated_Source\PSoC5/IDAC8_2.c ****     /* This is to restore the value of register CR0 which is saved 
 117:.\Generated_Source\PSoC5/IDAC8_2.c ****       in prior to the modification in stop() API */
 118:.\Generated_Source\PSoC5/IDAC8_2.c ****     #if (CY_PSOC5A)
 119:.\Generated_Source\PSoC5/IDAC8_2.c ****         if(IDAC8_2_restoreReg == 1u)
 120:.\Generated_Source\PSoC5/IDAC8_2.c ****         {
 121:.\Generated_Source\PSoC5/IDAC8_2.c ****             IDAC8_2_CR0 = IDAC8_2_lowPowerBackup.DACCR0Reg;
 122:.\Generated_Source\PSoC5/IDAC8_2.c **** 
 123:.\Generated_Source\PSoC5/IDAC8_2.c ****             /* Clear the flag */
 124:.\Generated_Source\PSoC5/IDAC8_2.c ****             IDAC8_2_restoreReg = 0u;
 125:.\Generated_Source\PSoC5/IDAC8_2.c ****         }
 126:.\Generated_Source\PSoC5/IDAC8_2.c ****     #endif /* CY_PSOC5A */
 127:.\Generated_Source\PSoC5/IDAC8_2.c **** }
 128:.\Generated_Source\PSoC5/IDAC8_2.c **** 
 129:.\Generated_Source\PSoC5/IDAC8_2.c **** 
 130:.\Generated_Source\PSoC5/IDAC8_2.c **** /*******************************************************************************
 131:.\Generated_Source\PSoC5/IDAC8_2.c **** * Function Name: IDAC8_2_Start
 132:.\Generated_Source\PSoC5/IDAC8_2.c **** ********************************************************************************
 133:.\Generated_Source\PSoC5/IDAC8_2.c **** * Summary:
 134:.\Generated_Source\PSoC5/IDAC8_2.c **** *  Set power level then turn on IDAC8.
 135:.\Generated_Source\PSoC5/IDAC8_2.c **** *
 136:.\Generated_Source\PSoC5/IDAC8_2.c **** * Parameters:  
 137:.\Generated_Source\PSoC5/IDAC8_2.c **** *  power: Sets power level between off (0) and (3) high power
 138:.\Generated_Source\PSoC5/IDAC8_2.c **** *
 139:.\Generated_Source\PSoC5/IDAC8_2.c **** * Return:
 140:.\Generated_Source\PSoC5/IDAC8_2.c **** *  (void)
 141:.\Generated_Source\PSoC5/IDAC8_2.c **** *
 142:.\Generated_Source\PSoC5/IDAC8_2.c **** * Global variables:
 143:.\Generated_Source\PSoC5/IDAC8_2.c **** *  IDAC8_2_initVar: Is modified when this function is called for 
 144:.\Generated_Source\PSoC5/IDAC8_2.c **** *   the first time. Is used to ensure that initialization happens only once.
 145:.\Generated_Source\PSoC5/IDAC8_2.c **** *
 146:.\Generated_Source\PSoC5/IDAC8_2.c **** *******************************************************************************/
 147:.\Generated_Source\PSoC5/IDAC8_2.c **** void IDAC8_2_Start(void) 
 148:.\Generated_Source\PSoC5/IDAC8_2.c **** {
 149:.\Generated_Source\PSoC5/IDAC8_2.c ****     /* Hardware initiazation only needs to occur the first time */
 150:.\Generated_Source\PSoC5/IDAC8_2.c ****     if ( IDAC8_2_initVar == 0u)  
 151:.\Generated_Source\PSoC5/IDAC8_2.c ****     {
 152:.\Generated_Source\PSoC5/IDAC8_2.c ****         IDAC8_2_Init();
 153:.\Generated_Source\PSoC5/IDAC8_2.c ****         
 154:.\Generated_Source\PSoC5/IDAC8_2.c ****         IDAC8_2_initVar = 1u;
 155:.\Generated_Source\PSoC5/IDAC8_2.c ****     }
 156:.\Generated_Source\PSoC5/IDAC8_2.c ****    
 157:.\Generated_Source\PSoC5/IDAC8_2.c ****     /* Enable power to DAC */
 158:.\Generated_Source\PSoC5/IDAC8_2.c ****     IDAC8_2_Enable();
 159:.\Generated_Source\PSoC5/IDAC8_2.c **** 
 160:.\Generated_Source\PSoC5/IDAC8_2.c ****     /* Set default value */
 161:.\Generated_Source\PSoC5/IDAC8_2.c ****     IDAC8_2_SetValue(IDAC8_2_DEFAULT_DATA);
 162:.\Generated_Source\PSoC5/IDAC8_2.c **** 
 163:.\Generated_Source\PSoC5/IDAC8_2.c **** }
 164:.\Generated_Source\PSoC5/IDAC8_2.c **** 
 165:.\Generated_Source\PSoC5/IDAC8_2.c **** 
 166:.\Generated_Source\PSoC5/IDAC8_2.c **** /*******************************************************************************
 167:.\Generated_Source\PSoC5/IDAC8_2.c **** * Function Name: IDAC8_2_Stop
 168:.\Generated_Source\PSoC5/IDAC8_2.c **** ********************************************************************************
 169:.\Generated_Source\PSoC5/IDAC8_2.c **** * Summary:
 170:.\Generated_Source\PSoC5/IDAC8_2.c **** *  Powers down IDAC8 to lowest power state.
 171:.\Generated_Source\PSoC5/IDAC8_2.c **** *
 172:.\Generated_Source\PSoC5/IDAC8_2.c **** * Parameters:
ARM GAS  C:\Users\Luke\AppData\Local\Temp\cc58HLl6.s 			page 5


 173:.\Generated_Source\PSoC5/IDAC8_2.c **** *  (void)
 174:.\Generated_Source\PSoC5/IDAC8_2.c **** *
 175:.\Generated_Source\PSoC5/IDAC8_2.c **** * Return:
 176:.\Generated_Source\PSoC5/IDAC8_2.c **** *  (void)
 177:.\Generated_Source\PSoC5/IDAC8_2.c **** *
 178:.\Generated_Source\PSoC5/IDAC8_2.c **** * Theory:
 179:.\Generated_Source\PSoC5/IDAC8_2.c **** *
 180:.\Generated_Source\PSoC5/IDAC8_2.c **** * Side Effects:
 181:.\Generated_Source\PSoC5/IDAC8_2.c **** *
 182:.\Generated_Source\PSoC5/IDAC8_2.c **** *******************************************************************************/
 183:.\Generated_Source\PSoC5/IDAC8_2.c **** void IDAC8_2_Stop(void) 
 184:.\Generated_Source\PSoC5/IDAC8_2.c **** {
  57              		.loc 1 184 0
  58              		.cfi_startproc
  59              		@ args = 0, pretend = 0, frame = 0
  60              		@ frame_needed = 0, uses_anonymous_args = 0
  61              		@ link register save eliminated.
 185:.\Generated_Source\PSoC5/IDAC8_2.c ****     /* Disble power to DAC */
 186:.\Generated_Source\PSoC5/IDAC8_2.c ****     IDAC8_2_PWRMGR &= (uint8)(~IDAC8_2_ACT_PWR_EN);
  62              		.loc 1 186 0
  63 0000 044B     		ldr	r3, .L5
  64 0002 1A78     		ldrb	r2, [r3, #0]	@ zero_extendqisi2
  65 0004 02F0FD00 		and	r0, r2, #253
  66 0008 1870     		strb	r0, [r3, #0]
 187:.\Generated_Source\PSoC5/IDAC8_2.c ****     IDAC8_2_STBY_PWRMGR &= (uint8)(~IDAC8_2_STBY_PWR_EN);
  67              		.loc 1 187 0
  68 000a 197C     		ldrb	r1, [r3, #16]	@ zero_extendqisi2
  69 000c 01F0FD02 		and	r2, r1, #253
  70 0010 1A74     		strb	r2, [r3, #16]
  71 0012 7047     		bx	lr
  72              	.L6:
  73              		.align	2
  74              	.L5:
  75 0014 A8430040 		.word	1073759144
  76              		.cfi_endproc
  77              	.LFE3:
  78              		.size	IDAC8_2_Stop, .-IDAC8_2_Stop
  79              		.section	.text.IDAC8_2_SetSpeed,"ax",%progbits
  80              		.align	1
  81              		.global	IDAC8_2_SetSpeed
  82              		.thumb
  83              		.thumb_func
  84              		.type	IDAC8_2_SetSpeed, %function
  85              	IDAC8_2_SetSpeed:
  86              	.LFB4:
 188:.\Generated_Source\PSoC5/IDAC8_2.c ****     
 189:.\Generated_Source\PSoC5/IDAC8_2.c ****     #if (CY_PSOC5A)
 190:.\Generated_Source\PSoC5/IDAC8_2.c ****     
 191:.\Generated_Source\PSoC5/IDAC8_2.c ****         /* Set the global variable  */
 192:.\Generated_Source\PSoC5/IDAC8_2.c ****         IDAC8_2_restoreReg = 1u;
 193:.\Generated_Source\PSoC5/IDAC8_2.c **** 
 194:.\Generated_Source\PSoC5/IDAC8_2.c ****         /* Save the control register and then Clear it. */
 195:.\Generated_Source\PSoC5/IDAC8_2.c ****         IDAC8_2_lowPowerBackup.DACCR0Reg = IDAC8_2_CR0;
 196:.\Generated_Source\PSoC5/IDAC8_2.c ****         IDAC8_2_CR0 = (IDAC8_2_MODE_I | IDAC8_2_RANGE_3 | IDAC8_2_HS_HIGHSPEED);
 197:.\Generated_Source\PSoC5/IDAC8_2.c ****     #endif /* CY_PSOC5A */
 198:.\Generated_Source\PSoC5/IDAC8_2.c **** }
 199:.\Generated_Source\PSoC5/IDAC8_2.c **** 
ARM GAS  C:\Users\Luke\AppData\Local\Temp\cc58HLl6.s 			page 6


 200:.\Generated_Source\PSoC5/IDAC8_2.c **** 
 201:.\Generated_Source\PSoC5/IDAC8_2.c **** /*******************************************************************************
 202:.\Generated_Source\PSoC5/IDAC8_2.c **** * Function Name: IDAC8_2_SetSpeed
 203:.\Generated_Source\PSoC5/IDAC8_2.c **** ********************************************************************************
 204:.\Generated_Source\PSoC5/IDAC8_2.c **** * Summary:
 205:.\Generated_Source\PSoC5/IDAC8_2.c **** *  Set DAC speed
 206:.\Generated_Source\PSoC5/IDAC8_2.c **** *
 207:.\Generated_Source\PSoC5/IDAC8_2.c **** * Parameters:
 208:.\Generated_Source\PSoC5/IDAC8_2.c **** *  power: Sets speed value
 209:.\Generated_Source\PSoC5/IDAC8_2.c **** *
 210:.\Generated_Source\PSoC5/IDAC8_2.c **** * Return:
 211:.\Generated_Source\PSoC5/IDAC8_2.c **** *  (void)
 212:.\Generated_Source\PSoC5/IDAC8_2.c **** *
 213:.\Generated_Source\PSoC5/IDAC8_2.c **** * Theory:
 214:.\Generated_Source\PSoC5/IDAC8_2.c **** *
 215:.\Generated_Source\PSoC5/IDAC8_2.c **** * Side Effects:
 216:.\Generated_Source\PSoC5/IDAC8_2.c **** *
 217:.\Generated_Source\PSoC5/IDAC8_2.c **** *******************************************************************************/
 218:.\Generated_Source\PSoC5/IDAC8_2.c **** void IDAC8_2_SetSpeed(uint8 speed) 
 219:.\Generated_Source\PSoC5/IDAC8_2.c **** {
  87              		.loc 1 219 0
  88              		.cfi_startproc
  89              		@ args = 0, pretend = 0, frame = 0
  90              		@ frame_needed = 0, uses_anonymous_args = 0
  91              		@ link register save eliminated.
  92              	.LVL0:
 220:.\Generated_Source\PSoC5/IDAC8_2.c ****     /* Clear power mask then write in new value */
 221:.\Generated_Source\PSoC5/IDAC8_2.c ****     IDAC8_2_CR0 &= (uint8)(~IDAC8_2_HS_MASK);
  93              		.loc 1 221 0
  94 0000 054B     		ldr	r3, .L8
 222:.\Generated_Source\PSoC5/IDAC8_2.c ****     IDAC8_2_CR0 |=  ( speed & IDAC8_2_HS_MASK);
  95              		.loc 1 222 0
  96 0002 00F00200 		and	r0, r0, #2
  97              	.LVL1:
 221:.\Generated_Source\PSoC5/IDAC8_2.c ****     IDAC8_2_CR0 &= (uint8)(~IDAC8_2_HS_MASK);
  98              		.loc 1 221 0
  99 0006 1A78     		ldrb	r2, [r3, #0]	@ zero_extendqisi2
 100 0008 02F0FD01 		and	r1, r2, #253
 101 000c 1970     		strb	r1, [r3, #0]
 102              		.loc 1 222 0
 103 000e 1A78     		ldrb	r2, [r3, #0]	@ zero_extendqisi2
 104 0010 0243     		orrs	r2, r2, r0
 105 0012 1A70     		strb	r2, [r3, #0]
 106 0014 7047     		bx	lr
 107              	.L9:
 108 0016 00BF     		.align	2
 109              	.L8:
 110 0018 24580040 		.word	1073764388
 111              		.cfi_endproc
 112              	.LFE4:
 113              		.size	IDAC8_2_SetSpeed, .-IDAC8_2_SetSpeed
 114              		.section	.text.IDAC8_2_SetValue,"ax",%progbits
 115              		.align	1
 116              		.global	IDAC8_2_SetValue
 117              		.thumb
 118              		.thumb_func
 119              		.type	IDAC8_2_SetValue, %function
ARM GAS  C:\Users\Luke\AppData\Local\Temp\cc58HLl6.s 			page 7


 120              	IDAC8_2_SetValue:
 121              	.LFB7:
 223:.\Generated_Source\PSoC5/IDAC8_2.c **** }
 224:.\Generated_Source\PSoC5/IDAC8_2.c **** 
 225:.\Generated_Source\PSoC5/IDAC8_2.c **** 
 226:.\Generated_Source\PSoC5/IDAC8_2.c **** /*******************************************************************************
 227:.\Generated_Source\PSoC5/IDAC8_2.c **** * Function Name: IDAC8_2_SetPolarity
 228:.\Generated_Source\PSoC5/IDAC8_2.c **** ********************************************************************************
 229:.\Generated_Source\PSoC5/IDAC8_2.c **** * Summary:
 230:.\Generated_Source\PSoC5/IDAC8_2.c **** *  Sets IDAC to Sink or Source current.
 231:.\Generated_Source\PSoC5/IDAC8_2.c **** *  
 232:.\Generated_Source\PSoC5/IDAC8_2.c **** * Parameters:
 233:.\Generated_Source\PSoC5/IDAC8_2.c **** *  Polarity: Sets the IDAC to Sink or Source 
 234:.\Generated_Source\PSoC5/IDAC8_2.c **** *  0x00 - Source
 235:.\Generated_Source\PSoC5/IDAC8_2.c **** *  0x04 - Sink
 236:.\Generated_Source\PSoC5/IDAC8_2.c **** *
 237:.\Generated_Source\PSoC5/IDAC8_2.c **** * Return:
 238:.\Generated_Source\PSoC5/IDAC8_2.c **** *  (void)
 239:.\Generated_Source\PSoC5/IDAC8_2.c **** *
 240:.\Generated_Source\PSoC5/IDAC8_2.c **** * Theory:
 241:.\Generated_Source\PSoC5/IDAC8_2.c **** *
 242:.\Generated_Source\PSoC5/IDAC8_2.c **** * Side Effects:
 243:.\Generated_Source\PSoC5/IDAC8_2.c **** *
 244:.\Generated_Source\PSoC5/IDAC8_2.c **** *******************************************************************************/
 245:.\Generated_Source\PSoC5/IDAC8_2.c **** #if(IDAC8_2_DEFAULT_POLARITY != IDAC8_2_HARDWARE_CONTROLLED)
 246:.\Generated_Source\PSoC5/IDAC8_2.c ****     void IDAC8_2_SetPolarity(uint8 polarity) 
 247:.\Generated_Source\PSoC5/IDAC8_2.c ****     {
 248:.\Generated_Source\PSoC5/IDAC8_2.c ****         IDAC8_2_CR1 &= (uint8)(~IDAC8_2_IDIR_MASK);                /* clear polarity bit */
 249:.\Generated_Source\PSoC5/IDAC8_2.c ****         IDAC8_2_CR1 |= (polarity & IDAC8_2_IDIR_MASK);             /* set new value */
 250:.\Generated_Source\PSoC5/IDAC8_2.c ****     
 251:.\Generated_Source\PSoC5/IDAC8_2.c ****         IDAC8_2_DacTrim();
 252:.\Generated_Source\PSoC5/IDAC8_2.c ****     }
 253:.\Generated_Source\PSoC5/IDAC8_2.c **** #endif/*(IDAC8_2_DEFAULT_POLARITY != IDAC8_2_HARDWARE_CONTROLLED)*/
 254:.\Generated_Source\PSoC5/IDAC8_2.c **** 
 255:.\Generated_Source\PSoC5/IDAC8_2.c **** 
 256:.\Generated_Source\PSoC5/IDAC8_2.c **** /*******************************************************************************
 257:.\Generated_Source\PSoC5/IDAC8_2.c **** * Function Name: IDAC8_2_SetRange
 258:.\Generated_Source\PSoC5/IDAC8_2.c **** ********************************************************************************
 259:.\Generated_Source\PSoC5/IDAC8_2.c **** * Summary:
 260:.\Generated_Source\PSoC5/IDAC8_2.c **** *  Set current range
 261:.\Generated_Source\PSoC5/IDAC8_2.c **** *
 262:.\Generated_Source\PSoC5/IDAC8_2.c **** * Parameters:
 263:.\Generated_Source\PSoC5/IDAC8_2.c **** *  Range: Sets on of four valid ranges.
 264:.\Generated_Source\PSoC5/IDAC8_2.c **** *
 265:.\Generated_Source\PSoC5/IDAC8_2.c **** * Return:
 266:.\Generated_Source\PSoC5/IDAC8_2.c **** *  (void)
 267:.\Generated_Source\PSoC5/IDAC8_2.c **** *
 268:.\Generated_Source\PSoC5/IDAC8_2.c **** * Theory:
 269:.\Generated_Source\PSoC5/IDAC8_2.c **** *
 270:.\Generated_Source\PSoC5/IDAC8_2.c **** * Side Effects:
 271:.\Generated_Source\PSoC5/IDAC8_2.c **** *
 272:.\Generated_Source\PSoC5/IDAC8_2.c **** *******************************************************************************/
 273:.\Generated_Source\PSoC5/IDAC8_2.c **** void IDAC8_2_SetRange(uint8 range) 
 274:.\Generated_Source\PSoC5/IDAC8_2.c **** {
 275:.\Generated_Source\PSoC5/IDAC8_2.c ****     IDAC8_2_CR0 &= (uint8)(~IDAC8_2_RANGE_MASK);       /* Clear existing mode */
 276:.\Generated_Source\PSoC5/IDAC8_2.c ****     IDAC8_2_CR0 |= ( range & IDAC8_2_RANGE_MASK );     /*  Set Range  */
 277:.\Generated_Source\PSoC5/IDAC8_2.c ****     IDAC8_2_DacTrim();
ARM GAS  C:\Users\Luke\AppData\Local\Temp\cc58HLl6.s 			page 8


 278:.\Generated_Source\PSoC5/IDAC8_2.c **** }
 279:.\Generated_Source\PSoC5/IDAC8_2.c **** 
 280:.\Generated_Source\PSoC5/IDAC8_2.c **** 
 281:.\Generated_Source\PSoC5/IDAC8_2.c **** /*******************************************************************************
 282:.\Generated_Source\PSoC5/IDAC8_2.c **** * Function Name: IDAC8_2_SetValue
 283:.\Generated_Source\PSoC5/IDAC8_2.c **** ********************************************************************************
 284:.\Generated_Source\PSoC5/IDAC8_2.c **** * Summary:
 285:.\Generated_Source\PSoC5/IDAC8_2.c **** *  Set DAC value
 286:.\Generated_Source\PSoC5/IDAC8_2.c **** *
 287:.\Generated_Source\PSoC5/IDAC8_2.c **** * Parameters:
 288:.\Generated_Source\PSoC5/IDAC8_2.c **** *  value: Sets DAC value between 0 and 255.
 289:.\Generated_Source\PSoC5/IDAC8_2.c **** *
 290:.\Generated_Source\PSoC5/IDAC8_2.c **** * Return:
 291:.\Generated_Source\PSoC5/IDAC8_2.c **** *  (void)
 292:.\Generated_Source\PSoC5/IDAC8_2.c **** *
 293:.\Generated_Source\PSoC5/IDAC8_2.c **** * Theory:
 294:.\Generated_Source\PSoC5/IDAC8_2.c **** *
 295:.\Generated_Source\PSoC5/IDAC8_2.c **** * Side Effects:
 296:.\Generated_Source\PSoC5/IDAC8_2.c **** *
 297:.\Generated_Source\PSoC5/IDAC8_2.c **** *******************************************************************************/
 298:.\Generated_Source\PSoC5/IDAC8_2.c **** void IDAC8_2_SetValue(uint8 value) 
 299:.\Generated_Source\PSoC5/IDAC8_2.c **** {
 122              		.loc 1 299 0
 123              		.cfi_startproc
 124              		@ args = 0, pretend = 0, frame = 0
 125              		@ frame_needed = 0, uses_anonymous_args = 0
 126              		@ link register save eliminated.
 127              	.LVL2:
 300:.\Generated_Source\PSoC5/IDAC8_2.c **** 
 301:.\Generated_Source\PSoC5/IDAC8_2.c ****     #if (CY_PSOC5A)
 302:.\Generated_Source\PSoC5/IDAC8_2.c ****         uint8 IDAC8_2_intrStatus = CyEnterCriticalSection();
 303:.\Generated_Source\PSoC5/IDAC8_2.c ****     #endif /* CY_PSOC5A */
 304:.\Generated_Source\PSoC5/IDAC8_2.c **** 
 305:.\Generated_Source\PSoC5/IDAC8_2.c ****     IDAC8_2_Data = value;         /*  Set Value  */
 128              		.loc 1 305 0
 129 0000 014B     		ldr	r3, .L11
 130 0002 1870     		strb	r0, [r3, #0]
 131 0004 7047     		bx	lr
 132              	.L12:
 133 0006 00BF     		.align	2
 134              	.L11:
 135 0008 815B0040 		.word	1073765249
 136              		.cfi_endproc
 137              	.LFE7:
 138              		.size	IDAC8_2_SetValue, .-IDAC8_2_SetValue
 139              		.section	.text.IDAC8_2_DacTrim,"ax",%progbits
 140              		.align	1
 141              		.global	IDAC8_2_DacTrim
 142              		.thumb
 143              		.thumb_func
 144              		.type	IDAC8_2_DacTrim, %function
 145              	IDAC8_2_DacTrim:
 146              	.LFB8:
 306:.\Generated_Source\PSoC5/IDAC8_2.c ****     
 307:.\Generated_Source\PSoC5/IDAC8_2.c ****     /* PSOC5A silicons require a double write */
 308:.\Generated_Source\PSoC5/IDAC8_2.c ****     #if (CY_PSOC5A)
 309:.\Generated_Source\PSoC5/IDAC8_2.c ****         IDAC8_2_Data = value;
ARM GAS  C:\Users\Luke\AppData\Local\Temp\cc58HLl6.s 			page 9


 310:.\Generated_Source\PSoC5/IDAC8_2.c ****         CyExitCriticalSection(IDAC8_2_intrStatus);
 311:.\Generated_Source\PSoC5/IDAC8_2.c ****     #endif /* CY_PSOC5A */
 312:.\Generated_Source\PSoC5/IDAC8_2.c **** }
 313:.\Generated_Source\PSoC5/IDAC8_2.c **** 
 314:.\Generated_Source\PSoC5/IDAC8_2.c **** 
 315:.\Generated_Source\PSoC5/IDAC8_2.c **** /*******************************************************************************
 316:.\Generated_Source\PSoC5/IDAC8_2.c **** * Function Name: IDAC8_2_DacTrim
 317:.\Generated_Source\PSoC5/IDAC8_2.c **** ********************************************************************************
 318:.\Generated_Source\PSoC5/IDAC8_2.c **** * Summary:
 319:.\Generated_Source\PSoC5/IDAC8_2.c **** *  Set the trim value for the given range.
 320:.\Generated_Source\PSoC5/IDAC8_2.c **** *
 321:.\Generated_Source\PSoC5/IDAC8_2.c **** * Parameters:
 322:.\Generated_Source\PSoC5/IDAC8_2.c **** *  None
 323:.\Generated_Source\PSoC5/IDAC8_2.c **** *
 324:.\Generated_Source\PSoC5/IDAC8_2.c **** * Return:
 325:.\Generated_Source\PSoC5/IDAC8_2.c **** *  (void) 
 326:.\Generated_Source\PSoC5/IDAC8_2.c **** *
 327:.\Generated_Source\PSoC5/IDAC8_2.c **** * Theory:
 328:.\Generated_Source\PSoC5/IDAC8_2.c **** *  Trim values for the IDAC blocks are stored in the "Customer Table" area in 
 329:.\Generated_Source\PSoC5/IDAC8_2.c **** *  Row 1 of the Hidden Flash.  There are 8 bytes of trim data for each 
 330:.\Generated_Source\PSoC5/IDAC8_2.c **** *  IDAC block.
 331:.\Generated_Source\PSoC5/IDAC8_2.c **** *  The values are:
 332:.\Generated_Source\PSoC5/IDAC8_2.c **** *       I Gain offset, min range, Sourcing
 333:.\Generated_Source\PSoC5/IDAC8_2.c **** *       I Gain offset, min range, Sinking
 334:.\Generated_Source\PSoC5/IDAC8_2.c **** *       I Gain offset, med range, Sourcing
 335:.\Generated_Source\PSoC5/IDAC8_2.c **** *       I Gain offset, med range, Sinking
 336:.\Generated_Source\PSoC5/IDAC8_2.c **** *       I Gain offset, max range, Sourcing
 337:.\Generated_Source\PSoC5/IDAC8_2.c **** *       I Gain offset, max range, Sinking
 338:.\Generated_Source\PSoC5/IDAC8_2.c **** *       V Gain offset, 1V range
 339:.\Generated_Source\PSoC5/IDAC8_2.c **** *       V Gain offset, 4V range
 340:.\Generated_Source\PSoC5/IDAC8_2.c **** *
 341:.\Generated_Source\PSoC5/IDAC8_2.c **** * Side Effects:
 342:.\Generated_Source\PSoC5/IDAC8_2.c **** *
 343:.\Generated_Source\PSoC5/IDAC8_2.c **** *******************************************************************************/
 344:.\Generated_Source\PSoC5/IDAC8_2.c **** void IDAC8_2_DacTrim(void) 
 345:.\Generated_Source\PSoC5/IDAC8_2.c **** {
 147              		.loc 1 345 0
 148              		.cfi_startproc
 149              		@ args = 0, pretend = 0, frame = 0
 150              		@ frame_needed = 0, uses_anonymous_args = 0
 151              		@ link register save eliminated.
 346:.\Generated_Source\PSoC5/IDAC8_2.c ****     uint8 mode;
 347:.\Generated_Source\PSoC5/IDAC8_2.c **** 
 348:.\Generated_Source\PSoC5/IDAC8_2.c ****     mode = ((IDAC8_2_CR0 & IDAC8_2_RANGE_MASK) >> 1u);
 152              		.loc 1 348 0
 153 0000 094B     		ldr	r3, .L19
 349:.\Generated_Source\PSoC5/IDAC8_2.c ****     
 350:.\Generated_Source\PSoC5/IDAC8_2.c ****     if((IDAC8_2_IDIR_MASK & IDAC8_2_CR1) == IDAC8_2_IDIR_SINK)
 154              		.loc 1 350 0
 155 0002 0A4A     		ldr	r2, .L19+4
 348:.\Generated_Source\PSoC5/IDAC8_2.c ****     mode = ((IDAC8_2_CR0 & IDAC8_2_RANGE_MASK) >> 1u);
 156              		.loc 1 348 0
 157 0004 1878     		ldrb	r0, [r3, #0]	@ zero_extendqisi2
 158 0006 00F00C01 		and	r1, r0, #12
 159              		.loc 1 350 0
 160 000a 1078     		ldrb	r0, [r2, #0]	@ zero_extendqisi2
 348:.\Generated_Source\PSoC5/IDAC8_2.c ****     mode = ((IDAC8_2_CR0 & IDAC8_2_RANGE_MASK) >> 1u);
ARM GAS  C:\Users\Luke\AppData\Local\Temp\cc58HLl6.s 			page 10


 161              		.loc 1 348 0
 162 000c 4B08     		lsrs	r3, r1, #1
 163              	.LVL3:
 164              		.loc 1 350 0
 165 000e 00F00401 		and	r1, r0, #4
 166 0012 CAB2     		uxtb	r2, r1
 167 0014 02B1     		cbz	r2, .L14
 351:.\Generated_Source\PSoC5/IDAC8_2.c ****     {
 352:.\Generated_Source\PSoC5/IDAC8_2.c ****         mode++;
 168              		.loc 1 352 0
 169 0016 0133     		adds	r3, r3, #1
 170              	.LVL4:
 171              	.L14:
 353:.\Generated_Source\PSoC5/IDAC8_2.c ****     }
 354:.\Generated_Source\PSoC5/IDAC8_2.c **** 
 355:.\Generated_Source\PSoC5/IDAC8_2.c ****     IDAC8_2_TR = CY_GET_XTND_REG8((uint8 *)(IDAC8_2_DAC_TRIM_BASE + mode));
 172              		.loc 1 355 0
 173 0018 03F19240 		add	r0, r3, #1224736768
 174 001c 90F83011 		ldrb	r1, [r0, #304]	@ zero_extendqisi2
 175 0020 034A     		ldr	r2, .L19+8
 176 0022 1170     		strb	r1, [r2, #0]
 177 0024 7047     		bx	lr
 178              	.L20:
 179 0026 00BF     		.align	2
 180              	.L19:
 181 0028 24580040 		.word	1073764388
 182 002c 25580040 		.word	1073764389
 183 0030 09460040 		.word	1073759753
 184              		.cfi_endproc
 185              	.LFE8:
 186              		.size	IDAC8_2_DacTrim, .-IDAC8_2_DacTrim
 187              		.section	.text.IDAC8_2_SetRange,"ax",%progbits
 188              		.align	1
 189              		.global	IDAC8_2_SetRange
 190              		.thumb
 191              		.thumb_func
 192              		.type	IDAC8_2_SetRange, %function
 193              	IDAC8_2_SetRange:
 194              	.LFB6:
 274:.\Generated_Source\PSoC5/IDAC8_2.c **** {
 195              		.loc 1 274 0
 196              		.cfi_startproc
 197              		@ args = 0, pretend = 0, frame = 0
 198              		@ frame_needed = 0, uses_anonymous_args = 0
 199              		@ link register save eliminated.
 200              	.LVL5:
 275:.\Generated_Source\PSoC5/IDAC8_2.c ****     IDAC8_2_CR0 &= (uint8)(~IDAC8_2_RANGE_MASK);       /* Clear existing mode */
 201              		.loc 1 275 0
 202 0000 054B     		ldr	r3, .L22
 276:.\Generated_Source\PSoC5/IDAC8_2.c ****     IDAC8_2_CR0 |= ( range & IDAC8_2_RANGE_MASK );     /*  Set Range  */
 203              		.loc 1 276 0
 204 0002 00F00C00 		and	r0, r0, #12
 205              	.LVL6:
 275:.\Generated_Source\PSoC5/IDAC8_2.c ****     IDAC8_2_CR0 &= (uint8)(~IDAC8_2_RANGE_MASK);       /* Clear existing mode */
 206              		.loc 1 275 0
 207 0006 1A78     		ldrb	r2, [r3, #0]	@ zero_extendqisi2
 208 0008 02F0F301 		and	r1, r2, #243
ARM GAS  C:\Users\Luke\AppData\Local\Temp\cc58HLl6.s 			page 11


 209 000c 1970     		strb	r1, [r3, #0]
 276:.\Generated_Source\PSoC5/IDAC8_2.c ****     IDAC8_2_CR0 |= ( range & IDAC8_2_RANGE_MASK );     /*  Set Range  */
 210              		.loc 1 276 0
 211 000e 1A78     		ldrb	r2, [r3, #0]	@ zero_extendqisi2
 212 0010 0243     		orrs	r2, r2, r0
 213 0012 1A70     		strb	r2, [r3, #0]
 278:.\Generated_Source\PSoC5/IDAC8_2.c **** }
 214              		.loc 1 278 0
 277:.\Generated_Source\PSoC5/IDAC8_2.c ****     IDAC8_2_DacTrim();
 215              		.loc 1 277 0
 216 0014 FFF7FEBF 		b	IDAC8_2_DacTrim
 217              	.LVL7:
 218              	.L23:
 219              		.align	2
 220              	.L22:
 221 0018 24580040 		.word	1073764388
 222              		.cfi_endproc
 223              	.LFE6:
 224              		.size	IDAC8_2_SetRange, .-IDAC8_2_SetRange
 225              		.section	.text.IDAC8_2_SetPolarity,"ax",%progbits
 226              		.align	1
 227              		.global	IDAC8_2_SetPolarity
 228              		.thumb
 229              		.thumb_func
 230              		.type	IDAC8_2_SetPolarity, %function
 231              	IDAC8_2_SetPolarity:
 232              	.LFB5:
 247:.\Generated_Source\PSoC5/IDAC8_2.c ****     {
 233              		.loc 1 247 0
 234              		.cfi_startproc
 235              		@ args = 0, pretend = 0, frame = 0
 236              		@ frame_needed = 0, uses_anonymous_args = 0
 237              		@ link register save eliminated.
 238              	.LVL8:
 248:.\Generated_Source\PSoC5/IDAC8_2.c ****         IDAC8_2_CR1 &= (uint8)(~IDAC8_2_IDIR_MASK);                /* clear polarity bit */
 239              		.loc 1 248 0
 240 0000 054B     		ldr	r3, .L25
 249:.\Generated_Source\PSoC5/IDAC8_2.c ****         IDAC8_2_CR1 |= (polarity & IDAC8_2_IDIR_MASK);             /* set new value */
 241              		.loc 1 249 0
 242 0002 00F00400 		and	r0, r0, #4
 243              	.LVL9:
 248:.\Generated_Source\PSoC5/IDAC8_2.c ****         IDAC8_2_CR1 &= (uint8)(~IDAC8_2_IDIR_MASK);                /* clear polarity bit */
 244              		.loc 1 248 0
 245 0006 1A78     		ldrb	r2, [r3, #0]	@ zero_extendqisi2
 246 0008 02F0FB01 		and	r1, r2, #251
 247 000c 1970     		strb	r1, [r3, #0]
 249:.\Generated_Source\PSoC5/IDAC8_2.c ****         IDAC8_2_CR1 |= (polarity & IDAC8_2_IDIR_MASK);             /* set new value */
 248              		.loc 1 249 0
 249 000e 1A78     		ldrb	r2, [r3, #0]	@ zero_extendqisi2
 250 0010 0243     		orrs	r2, r2, r0
 251 0012 1A70     		strb	r2, [r3, #0]
 252:.\Generated_Source\PSoC5/IDAC8_2.c ****     }
 252              		.loc 1 252 0
 251:.\Generated_Source\PSoC5/IDAC8_2.c ****         IDAC8_2_DacTrim();
 253              		.loc 1 251 0
 254 0014 FFF7FEBF 		b	IDAC8_2_DacTrim
 255              	.LVL10:
ARM GAS  C:\Users\Luke\AppData\Local\Temp\cc58HLl6.s 			page 12


 256              	.L26:
 257              		.align	2
 258              	.L25:
 259 0018 25580040 		.word	1073764389
 260              		.cfi_endproc
 261              	.LFE5:
 262              		.size	IDAC8_2_SetPolarity, .-IDAC8_2_SetPolarity
 263              		.section	.text.IDAC8_2_Init,"ax",%progbits
 264              		.align	1
 265              		.global	IDAC8_2_Init
 266              		.thumb
 267              		.thumb_func
 268              		.type	IDAC8_2_Init, %function
 269              	IDAC8_2_Init:
 270              	.LFB0:
  59:.\Generated_Source\PSoC5/IDAC8_2.c **** {
 271              		.loc 1 59 0
 272              		.cfi_startproc
 273              		@ args = 0, pretend = 0, frame = 0
 274              		@ frame_needed = 0, uses_anonymous_args = 0
 275 0000 08B5     		push	{r3, lr}
 276              	.LCFI0:
 277              		.cfi_def_cfa_offset 8
 278              		.cfi_offset 3, -8
 279              		.cfi_offset 14, -4
  60:.\Generated_Source\PSoC5/IDAC8_2.c ****     IDAC8_2_CR0 = (IDAC8_2_MODE_I | IDAC8_2_DEFAULT_RANGE );
 280              		.loc 1 60 0
 281 0002 064B     		ldr	r3, .L28
 282 0004 1022     		movs	r2, #16
  66:.\Generated_Source\PSoC5/IDAC8_2.c ****         IDAC8_2_CR1 = (IDAC8_2_DEFAULT_CNTL | IDAC8_2_DACBUS_DISABLE);
 283              		.loc 1 66 0
 284 0006 0020     		movs	r0, #0
  60:.\Generated_Source\PSoC5/IDAC8_2.c ****     IDAC8_2_CR0 = (IDAC8_2_MODE_I | IDAC8_2_DEFAULT_RANGE );
 285              		.loc 1 60 0
 286 0008 1A70     		strb	r2, [r3, #0]
  66:.\Generated_Source\PSoC5/IDAC8_2.c ****         IDAC8_2_CR1 = (IDAC8_2_DEFAULT_CNTL | IDAC8_2_DACBUS_DISABLE);
 287              		.loc 1 66 0
 288 000a 5870     		strb	r0, [r3, #1]
  73:.\Generated_Source\PSoC5/IDAC8_2.c ****         IDAC8_2_CR1 |= IDAC8_2_DEFAULT_POLARITY;
 289              		.loc 1 73 0
 290 000c 5978     		ldrb	r1, [r3, #1]	@ zero_extendqisi2
 291 000e 5970     		strb	r1, [r3, #1]
  86:.\Generated_Source\PSoC5/IDAC8_2.c ****     IDAC8_2_SetSpeed(IDAC8_2_DEFAULT_SPEED);
 292              		.loc 1 86 0
 293 0010 FFF7FEFF 		bl	IDAC8_2_SetSpeed
 294              	.LVL11:
  91:.\Generated_Source\PSoC5/IDAC8_2.c **** }
 295              		.loc 1 91 0
 296 0014 BDE80840 		pop	{r3, lr}
  89:.\Generated_Source\PSoC5/IDAC8_2.c ****     IDAC8_2_DacTrim();
 297              		.loc 1 89 0
 298 0018 FFF7FEBF 		b	IDAC8_2_DacTrim
 299              	.LVL12:
 300              	.L29:
 301              		.align	2
 302              	.L28:
 303 001c 24580040 		.word	1073764388
ARM GAS  C:\Users\Luke\AppData\Local\Temp\cc58HLl6.s 			page 13


 304              		.cfi_endproc
 305              	.LFE0:
 306              		.size	IDAC8_2_Init, .-IDAC8_2_Init
 307              		.section	.text.IDAC8_2_Start,"ax",%progbits
 308              		.align	1
 309              		.global	IDAC8_2_Start
 310              		.thumb
 311              		.thumb_func
 312              		.type	IDAC8_2_Start, %function
 313              	IDAC8_2_Start:
 314              	.LFB2:
 148:.\Generated_Source\PSoC5/IDAC8_2.c **** {
 315              		.loc 1 148 0
 316              		.cfi_startproc
 317              		@ args = 0, pretend = 0, frame = 0
 318              		@ frame_needed = 0, uses_anonymous_args = 0
 319 0000 10B5     		push	{r4, lr}
 320              	.LCFI1:
 321              		.cfi_def_cfa_offset 8
 322              		.cfi_offset 4, -8
 323              		.cfi_offset 14, -4
 150:.\Generated_Source\PSoC5/IDAC8_2.c ****     if ( IDAC8_2_initVar == 0u)  
 324              		.loc 1 150 0
 325 0002 064C     		ldr	r4, .L32
 326 0004 2378     		ldrb	r3, [r4, #0]	@ zero_extendqisi2
 327 0006 1BB9     		cbnz	r3, .L31
 152:.\Generated_Source\PSoC5/IDAC8_2.c ****         IDAC8_2_Init();
 328              		.loc 1 152 0
 329 0008 FFF7FEFF 		bl	IDAC8_2_Init
 330              	.LVL13:
 154:.\Generated_Source\PSoC5/IDAC8_2.c ****         IDAC8_2_initVar = 1u;
 331              		.loc 1 154 0
 332 000c 0120     		movs	r0, #1
 333 000e 2070     		strb	r0, [r4, #0]
 334              	.L31:
 158:.\Generated_Source\PSoC5/IDAC8_2.c ****     IDAC8_2_Enable();
 335              		.loc 1 158 0
 336 0010 FFF7FEFF 		bl	IDAC8_2_Enable
 337              	.LVL14:
 338              	.LBB4:
 339              	.LBB5:
 305:.\Generated_Source\PSoC5/IDAC8_2.c ****     IDAC8_2_Data = value;         /*  Set Value  */
 340              		.loc 1 305 0
 341 0014 0249     		ldr	r1, .L32+4
 342 0016 5022     		movs	r2, #80
 343 0018 0A70     		strb	r2, [r1, #0]
 344 001a 10BD     		pop	{r4, pc}
 345              	.L33:
 346              		.align	2
 347              	.L32:
 348 001c 00000000 		.word	.LANCHOR0
 349 0020 815B0040 		.word	1073765249
 350              	.LBE5:
 351              	.LBE4:
 352              		.cfi_endproc
 353              	.LFE2:
 354              		.size	IDAC8_2_Start, .-IDAC8_2_Start
ARM GAS  C:\Users\Luke\AppData\Local\Temp\cc58HLl6.s 			page 14


 355              		.global	IDAC8_2_initVar
 356              		.bss
 357              		.set	.LANCHOR0,. + 0
 358              		.type	IDAC8_2_initVar, %object
 359              		.size	IDAC8_2_initVar, 1
 360              	IDAC8_2_initVar:
 361 0000 00       		.space	1
 362              		.text
 363              	.Letext0:
 364              		.file 2 ".\\Generated_Source\\PSoC5\\cytypes.h"
 365              		.section	.debug_info,"",%progbits
 366              	.Ldebug_info0:
 367 0000 4A020000 		.4byte	0x24a
 368 0004 0200     		.2byte	0x2
 369 0006 00000000 		.4byte	.Ldebug_abbrev0
 370 000a 04       		.byte	0x4
 371 000b 01       		.uleb128 0x1
 372 000c 82010000 		.4byte	.LASF25
 373 0010 01       		.byte	0x1
 374 0011 E8010000 		.4byte	.LASF26
 375 0015 8F000000 		.4byte	.LASF27
 376 0019 00000000 		.4byte	.Ldebug_ranges0+0
 377 001d 00000000 		.4byte	0
 378 0021 00000000 		.4byte	0
 379 0025 00000000 		.4byte	.Ldebug_line0
 380 0029 02       		.uleb128 0x2
 381 002a 01       		.byte	0x1
 382 002b 06       		.byte	0x6
 383 002c 0B020000 		.4byte	.LASF0
 384 0030 02       		.uleb128 0x2
 385 0031 01       		.byte	0x1
 386 0032 08       		.byte	0x8
 387 0033 57000000 		.4byte	.LASF1
 388 0037 02       		.uleb128 0x2
 389 0038 02       		.byte	0x2
 390 0039 05       		.byte	0x5
 391 003a 72010000 		.4byte	.LASF2
 392 003e 02       		.uleb128 0x2
 393 003f 02       		.byte	0x2
 394 0040 07       		.byte	0x7
 395 0041 7C000000 		.4byte	.LASF3
 396 0045 02       		.uleb128 0x2
 397 0046 04       		.byte	0x4
 398 0047 05       		.byte	0x5
 399 0048 CB010000 		.4byte	.LASF4
 400 004c 02       		.uleb128 0x2
 401 004d 04       		.byte	0x4
 402 004e 07       		.byte	0x7
 403 004f 6A000000 		.4byte	.LASF5
 404 0053 02       		.uleb128 0x2
 405 0054 08       		.byte	0x8
 406 0055 05       		.byte	0x5
 407 0056 3E010000 		.4byte	.LASF6
 408 005a 02       		.uleb128 0x2
 409 005b 08       		.byte	0x8
 410 005c 07       		.byte	0x7
 411 005d 06010000 		.4byte	.LASF7
ARM GAS  C:\Users\Luke\AppData\Local\Temp\cc58HLl6.s 			page 15


 412 0061 03       		.uleb128 0x3
 413 0062 04       		.byte	0x4
 414 0063 05       		.byte	0x5
 415 0064 696E7400 		.ascii	"int\000"
 416 0068 02       		.uleb128 0x2
 417 0069 04       		.byte	0x4
 418 006a 07       		.byte	0x7
 419 006b F9000000 		.4byte	.LASF8
 420 006f 04       		.uleb128 0x4
 421 0070 7C010000 		.4byte	.LASF12
 422 0074 02       		.byte	0x2
 423 0075 5B       		.byte	0x5b
 424 0076 30000000 		.4byte	0x30
 425 007a 02       		.uleb128 0x2
 426 007b 04       		.byte	0x4
 427 007c 04       		.byte	0x4
 428 007d 44000000 		.4byte	.LASF9
 429 0081 02       		.uleb128 0x2
 430 0082 08       		.byte	0x8
 431 0083 04       		.byte	0x4
 432 0084 F2000000 		.4byte	.LASF10
 433 0088 02       		.uleb128 0x2
 434 0089 01       		.byte	0x1
 435 008a 08       		.byte	0x8
 436 008b 4C010000 		.4byte	.LASF11
 437 008f 04       		.uleb128 0x4
 438 0090 65000000 		.4byte	.LASF13
 439 0094 02       		.byte	0x2
 440 0095 F0       		.byte	0xf0
 441 0096 9A000000 		.4byte	0x9a
 442 009a 05       		.uleb128 0x5
 443 009b 6F000000 		.4byte	0x6f
 444 009f 06       		.uleb128 0x6
 445 00a0 01       		.byte	0x1
 446 00a1 E1000000 		.4byte	.LASF28
 447 00a5 01       		.byte	0x1
 448 00a6 2A01     		.2byte	0x12a
 449 00a8 01       		.byte	0x1
 450 00a9 01       		.byte	0x1
 451 00aa BB000000 		.4byte	0xbb
 452 00ae 07       		.uleb128 0x7
 453 00af 2F000000 		.4byte	.LASF29
 454 00b3 01       		.byte	0x1
 455 00b4 2A01     		.2byte	0x12a
 456 00b6 6F000000 		.4byte	0x6f
 457 00ba 00       		.byte	0
 458 00bb 08       		.uleb128 0x8
 459 00bc 01       		.byte	0x1
 460 00bd 35000000 		.4byte	.LASF14
 461 00c1 01       		.byte	0x1
 462 00c2 6F       		.byte	0x6f
 463 00c3 01       		.byte	0x1
 464 00c4 00000000 		.4byte	.LFB1
 465 00c8 18000000 		.4byte	.LFE1
 466 00cc 02       		.byte	0x2
 467 00cd 7D       		.byte	0x7d
 468 00ce 00       		.sleb128 0
ARM GAS  C:\Users\Luke\AppData\Local\Temp\cc58HLl6.s 			page 16


 469 00cf 01       		.byte	0x1
 470 00d0 08       		.uleb128 0x8
 471 00d1 01       		.byte	0x1
 472 00d2 1D010000 		.4byte	.LASF15
 473 00d6 01       		.byte	0x1
 474 00d7 B7       		.byte	0xb7
 475 00d8 01       		.byte	0x1
 476 00d9 00000000 		.4byte	.LFB3
 477 00dd 18000000 		.4byte	.LFE3
 478 00e1 02       		.byte	0x2
 479 00e2 7D       		.byte	0x7d
 480 00e3 00       		.sleb128 0
 481 00e4 01       		.byte	0x1
 482 00e5 09       		.uleb128 0x9
 483 00e6 01       		.byte	0x1
 484 00e7 00000000 		.4byte	.LASF16
 485 00eb 01       		.byte	0x1
 486 00ec DA       		.byte	0xda
 487 00ed 01       		.byte	0x1
 488 00ee 00000000 		.4byte	.LFB4
 489 00f2 1C000000 		.4byte	.LFE4
 490 00f6 02       		.byte	0x2
 491 00f7 7D       		.byte	0x7d
 492 00f8 00       		.sleb128 0
 493 00f9 01       		.byte	0x1
 494 00fa 0E010000 		.4byte	0x10e
 495 00fe 0A       		.uleb128 0xa
 496 00ff 38010000 		.4byte	.LASF19
 497 0103 01       		.byte	0x1
 498 0104 DA       		.byte	0xda
 499 0105 6F000000 		.4byte	0x6f
 500 0109 00000000 		.4byte	.LLST0
 501 010d 00       		.byte	0
 502 010e 0B       		.uleb128 0xb
 503 010f 9F000000 		.4byte	0x9f
 504 0113 00000000 		.4byte	.LFB7
 505 0117 0C000000 		.4byte	.LFE7
 506 011b 02       		.byte	0x2
 507 011c 7D       		.byte	0x7d
 508 011d 00       		.sleb128 0
 509 011e 01       		.byte	0x1
 510 011f 2B010000 		.4byte	0x12b
 511 0123 0C       		.uleb128 0xc
 512 0124 AE000000 		.4byte	0xae
 513 0128 01       		.byte	0x1
 514 0129 50       		.byte	0x50
 515 012a 00       		.byte	0
 516 012b 0D       		.uleb128 0xd
 517 012c 01       		.byte	0x1
 518 012d 51010000 		.4byte	.LASF17
 519 0131 01       		.byte	0x1
 520 0132 5801     		.2byte	0x158
 521 0134 01       		.byte	0x1
 522 0135 00000000 		.4byte	.LFB8
 523 0139 34000000 		.4byte	.LFE8
 524 013d 02       		.byte	0x2
 525 013e 7D       		.byte	0x7d
ARM GAS  C:\Users\Luke\AppData\Local\Temp\cc58HLl6.s 			page 17


 526 013f 00       		.sleb128 0
 527 0140 01       		.byte	0x1
 528 0141 54010000 		.4byte	0x154
 529 0145 0E       		.uleb128 0xe
 530 0146 2A010000 		.4byte	.LASF30
 531 014a 01       		.byte	0x1
 532 014b 5A01     		.2byte	0x15a
 533 014d 6F000000 		.4byte	0x6f
 534 0151 01       		.byte	0x1
 535 0152 53       		.byte	0x53
 536 0153 00       		.byte	0
 537 0154 0D       		.uleb128 0xd
 538 0155 01       		.byte	0x1
 539 0156 61010000 		.4byte	.LASF18
 540 015a 01       		.byte	0x1
 541 015b 1101     		.2byte	0x111
 542 015d 01       		.byte	0x1
 543 015e 00000000 		.4byte	.LFB6
 544 0162 1C000000 		.4byte	.LFE6
 545 0166 02       		.byte	0x2
 546 0167 7D       		.byte	0x7d
 547 0168 00       		.sleb128 0
 548 0169 01       		.byte	0x1
 549 016a 89010000 		.4byte	0x189
 550 016e 0F       		.uleb128 0xf
 551 016f DB000000 		.4byte	.LASF20
 552 0173 01       		.byte	0x1
 553 0174 1101     		.2byte	0x111
 554 0176 6F000000 		.4byte	0x6f
 555 017a 21000000 		.4byte	.LLST1
 556 017e 10       		.uleb128 0x10
 557 017f 18000000 		.4byte	.LVL7
 558 0183 01       		.byte	0x1
 559 0184 2B010000 		.4byte	0x12b
 560 0188 00       		.byte	0
 561 0189 09       		.uleb128 0x9
 562 018a 01       		.byte	0x1
 563 018b D4010000 		.4byte	.LASF21
 564 018f 01       		.byte	0x1
 565 0190 F6       		.byte	0xf6
 566 0191 01       		.byte	0x1
 567 0192 00000000 		.4byte	.LFB5
 568 0196 1C000000 		.4byte	.LFE5
 569 019a 02       		.byte	0x2
 570 019b 7D       		.byte	0x7d
 571 019c 00       		.sleb128 0
 572 019d 01       		.byte	0x1
 573 019e BC010000 		.4byte	0x1bc
 574 01a2 0A       		.uleb128 0xa
 575 01a3 2F010000 		.4byte	.LASF22
 576 01a7 01       		.byte	0x1
 577 01a8 F6       		.byte	0xf6
 578 01a9 6F000000 		.4byte	0x6f
 579 01ad 42000000 		.4byte	.LLST2
 580 01b1 10       		.uleb128 0x10
 581 01b2 18000000 		.4byte	.LVL10
 582 01b6 01       		.byte	0x1
ARM GAS  C:\Users\Luke\AppData\Local\Temp\cc58HLl6.s 			page 18


 583 01b7 2B010000 		.4byte	0x12b
 584 01bb 00       		.byte	0
 585 01bc 11       		.uleb128 0x11
 586 01bd 01       		.byte	0x1
 587 01be 4A000000 		.4byte	.LASF23
 588 01c2 01       		.byte	0x1
 589 01c3 3A       		.byte	0x3a
 590 01c4 01       		.byte	0x1
 591 01c5 00000000 		.4byte	.LFB0
 592 01c9 20000000 		.4byte	.LFE0
 593 01cd 63000000 		.4byte	.LLST3
 594 01d1 01       		.byte	0x1
 595 01d2 F4010000 		.4byte	0x1f4
 596 01d6 12       		.uleb128 0x12
 597 01d7 14000000 		.4byte	.LVL11
 598 01db E5000000 		.4byte	0xe5
 599 01df E9010000 		.4byte	0x1e9
 600 01e3 13       		.uleb128 0x13
 601 01e4 01       		.byte	0x1
 602 01e5 50       		.byte	0x50
 603 01e6 01       		.byte	0x1
 604 01e7 30       		.byte	0x30
 605 01e8 00       		.byte	0
 606 01e9 10       		.uleb128 0x10
 607 01ea 1C000000 		.4byte	.LVL12
 608 01ee 01       		.byte	0x1
 609 01ef 2B010000 		.4byte	0x12b
 610 01f3 00       		.byte	0
 611 01f4 11       		.uleb128 0x11
 612 01f5 01       		.byte	0x1
 613 01f6 21000000 		.4byte	.LASF24
 614 01fa 01       		.byte	0x1
 615 01fb 93       		.byte	0x93
 616 01fc 01       		.byte	0x1
 617 01fd 00000000 		.4byte	.LFB2
 618 0201 24000000 		.4byte	.LFE2
 619 0205 83000000 		.4byte	.LLST4
 620 0209 01       		.byte	0x1
 621 020a 3B020000 		.4byte	0x23b
 622 020e 14       		.uleb128 0x14
 623 020f 9F000000 		.4byte	0x9f
 624 0213 14000000 		.4byte	.LBB4
 625 0217 24000000 		.4byte	.LBE4
 626 021b 01       		.byte	0x1
 627 021c A1       		.byte	0xa1
 628 021d 28020000 		.4byte	0x228
 629 0221 15       		.uleb128 0x15
 630 0222 AE000000 		.4byte	0xae
 631 0226 50       		.byte	0x50
 632 0227 00       		.byte	0
 633 0228 16       		.uleb128 0x16
 634 0229 0C000000 		.4byte	.LVL13
 635 022d BC010000 		.4byte	0x1bc
 636 0231 16       		.uleb128 0x16
 637 0232 14000000 		.4byte	.LVL14
 638 0236 BB000000 		.4byte	0xbb
 639 023a 00       		.byte	0
ARM GAS  C:\Users\Luke\AppData\Local\Temp\cc58HLl6.s 			page 19


 640 023b 17       		.uleb128 0x17
 641 023c 11000000 		.4byte	.LASF31
 642 0240 01       		.byte	0x1
 643 0241 1B       		.byte	0x1b
 644 0242 6F000000 		.4byte	0x6f
 645 0246 01       		.byte	0x1
 646 0247 05       		.byte	0x5
 647 0248 03       		.byte	0x3
 648 0249 00000000 		.4byte	IDAC8_2_initVar
 649 024d 00       		.byte	0
 650              		.section	.debug_abbrev,"",%progbits
 651              	.Ldebug_abbrev0:
 652 0000 01       		.uleb128 0x1
 653 0001 11       		.uleb128 0x11
 654 0002 01       		.byte	0x1
 655 0003 25       		.uleb128 0x25
 656 0004 0E       		.uleb128 0xe
 657 0005 13       		.uleb128 0x13
 658 0006 0B       		.uleb128 0xb
 659 0007 03       		.uleb128 0x3
 660 0008 0E       		.uleb128 0xe
 661 0009 1B       		.uleb128 0x1b
 662 000a 0E       		.uleb128 0xe
 663 000b 55       		.uleb128 0x55
 664 000c 06       		.uleb128 0x6
 665 000d 11       		.uleb128 0x11
 666 000e 01       		.uleb128 0x1
 667 000f 52       		.uleb128 0x52
 668 0010 01       		.uleb128 0x1
 669 0011 10       		.uleb128 0x10
 670 0012 06       		.uleb128 0x6
 671 0013 00       		.byte	0
 672 0014 00       		.byte	0
 673 0015 02       		.uleb128 0x2
 674 0016 24       		.uleb128 0x24
 675 0017 00       		.byte	0
 676 0018 0B       		.uleb128 0xb
 677 0019 0B       		.uleb128 0xb
 678 001a 3E       		.uleb128 0x3e
 679 001b 0B       		.uleb128 0xb
 680 001c 03       		.uleb128 0x3
 681 001d 0E       		.uleb128 0xe
 682 001e 00       		.byte	0
 683 001f 00       		.byte	0
 684 0020 03       		.uleb128 0x3
 685 0021 24       		.uleb128 0x24
 686 0022 00       		.byte	0
 687 0023 0B       		.uleb128 0xb
 688 0024 0B       		.uleb128 0xb
 689 0025 3E       		.uleb128 0x3e
 690 0026 0B       		.uleb128 0xb
 691 0027 03       		.uleb128 0x3
 692 0028 08       		.uleb128 0x8
 693 0029 00       		.byte	0
 694 002a 00       		.byte	0
 695 002b 04       		.uleb128 0x4
 696 002c 16       		.uleb128 0x16
ARM GAS  C:\Users\Luke\AppData\Local\Temp\cc58HLl6.s 			page 20


 697 002d 00       		.byte	0
 698 002e 03       		.uleb128 0x3
 699 002f 0E       		.uleb128 0xe
 700 0030 3A       		.uleb128 0x3a
 701 0031 0B       		.uleb128 0xb
 702 0032 3B       		.uleb128 0x3b
 703 0033 0B       		.uleb128 0xb
 704 0034 49       		.uleb128 0x49
 705 0035 13       		.uleb128 0x13
 706 0036 00       		.byte	0
 707 0037 00       		.byte	0
 708 0038 05       		.uleb128 0x5
 709 0039 35       		.uleb128 0x35
 710 003a 00       		.byte	0
 711 003b 49       		.uleb128 0x49
 712 003c 13       		.uleb128 0x13
 713 003d 00       		.byte	0
 714 003e 00       		.byte	0
 715 003f 06       		.uleb128 0x6
 716 0040 2E       		.uleb128 0x2e
 717 0041 01       		.byte	0x1
 718 0042 3F       		.uleb128 0x3f
 719 0043 0C       		.uleb128 0xc
 720 0044 03       		.uleb128 0x3
 721 0045 0E       		.uleb128 0xe
 722 0046 3A       		.uleb128 0x3a
 723 0047 0B       		.uleb128 0xb
 724 0048 3B       		.uleb128 0x3b
 725 0049 05       		.uleb128 0x5
 726 004a 27       		.uleb128 0x27
 727 004b 0C       		.uleb128 0xc
 728 004c 20       		.uleb128 0x20
 729 004d 0B       		.uleb128 0xb
 730 004e 01       		.uleb128 0x1
 731 004f 13       		.uleb128 0x13
 732 0050 00       		.byte	0
 733 0051 00       		.byte	0
 734 0052 07       		.uleb128 0x7
 735 0053 05       		.uleb128 0x5
 736 0054 00       		.byte	0
 737 0055 03       		.uleb128 0x3
 738 0056 0E       		.uleb128 0xe
 739 0057 3A       		.uleb128 0x3a
 740 0058 0B       		.uleb128 0xb
 741 0059 3B       		.uleb128 0x3b
 742 005a 05       		.uleb128 0x5
 743 005b 49       		.uleb128 0x49
 744 005c 13       		.uleb128 0x13
 745 005d 00       		.byte	0
 746 005e 00       		.byte	0
 747 005f 08       		.uleb128 0x8
 748 0060 2E       		.uleb128 0x2e
 749 0061 00       		.byte	0
 750 0062 3F       		.uleb128 0x3f
 751 0063 0C       		.uleb128 0xc
 752 0064 03       		.uleb128 0x3
 753 0065 0E       		.uleb128 0xe
ARM GAS  C:\Users\Luke\AppData\Local\Temp\cc58HLl6.s 			page 21


 754 0066 3A       		.uleb128 0x3a
 755 0067 0B       		.uleb128 0xb
 756 0068 3B       		.uleb128 0x3b
 757 0069 0B       		.uleb128 0xb
 758 006a 27       		.uleb128 0x27
 759 006b 0C       		.uleb128 0xc
 760 006c 11       		.uleb128 0x11
 761 006d 01       		.uleb128 0x1
 762 006e 12       		.uleb128 0x12
 763 006f 01       		.uleb128 0x1
 764 0070 40       		.uleb128 0x40
 765 0071 0A       		.uleb128 0xa
 766 0072 9742     		.uleb128 0x2117
 767 0074 0C       		.uleb128 0xc
 768 0075 00       		.byte	0
 769 0076 00       		.byte	0
 770 0077 09       		.uleb128 0x9
 771 0078 2E       		.uleb128 0x2e
 772 0079 01       		.byte	0x1
 773 007a 3F       		.uleb128 0x3f
 774 007b 0C       		.uleb128 0xc
 775 007c 03       		.uleb128 0x3
 776 007d 0E       		.uleb128 0xe
 777 007e 3A       		.uleb128 0x3a
 778 007f 0B       		.uleb128 0xb
 779 0080 3B       		.uleb128 0x3b
 780 0081 0B       		.uleb128 0xb
 781 0082 27       		.uleb128 0x27
 782 0083 0C       		.uleb128 0xc
 783 0084 11       		.uleb128 0x11
 784 0085 01       		.uleb128 0x1
 785 0086 12       		.uleb128 0x12
 786 0087 01       		.uleb128 0x1
 787 0088 40       		.uleb128 0x40
 788 0089 0A       		.uleb128 0xa
 789 008a 9742     		.uleb128 0x2117
 790 008c 0C       		.uleb128 0xc
 791 008d 01       		.uleb128 0x1
 792 008e 13       		.uleb128 0x13
 793 008f 00       		.byte	0
 794 0090 00       		.byte	0
 795 0091 0A       		.uleb128 0xa
 796 0092 05       		.uleb128 0x5
 797 0093 00       		.byte	0
 798 0094 03       		.uleb128 0x3
 799 0095 0E       		.uleb128 0xe
 800 0096 3A       		.uleb128 0x3a
 801 0097 0B       		.uleb128 0xb
 802 0098 3B       		.uleb128 0x3b
 803 0099 0B       		.uleb128 0xb
 804 009a 49       		.uleb128 0x49
 805 009b 13       		.uleb128 0x13
 806 009c 02       		.uleb128 0x2
 807 009d 06       		.uleb128 0x6
 808 009e 00       		.byte	0
 809 009f 00       		.byte	0
 810 00a0 0B       		.uleb128 0xb
ARM GAS  C:\Users\Luke\AppData\Local\Temp\cc58HLl6.s 			page 22


 811 00a1 2E       		.uleb128 0x2e
 812 00a2 01       		.byte	0x1
 813 00a3 31       		.uleb128 0x31
 814 00a4 13       		.uleb128 0x13
 815 00a5 11       		.uleb128 0x11
 816 00a6 01       		.uleb128 0x1
 817 00a7 12       		.uleb128 0x12
 818 00a8 01       		.uleb128 0x1
 819 00a9 40       		.uleb128 0x40
 820 00aa 0A       		.uleb128 0xa
 821 00ab 9742     		.uleb128 0x2117
 822 00ad 0C       		.uleb128 0xc
 823 00ae 01       		.uleb128 0x1
 824 00af 13       		.uleb128 0x13
 825 00b0 00       		.byte	0
 826 00b1 00       		.byte	0
 827 00b2 0C       		.uleb128 0xc
 828 00b3 05       		.uleb128 0x5
 829 00b4 00       		.byte	0
 830 00b5 31       		.uleb128 0x31
 831 00b6 13       		.uleb128 0x13
 832 00b7 02       		.uleb128 0x2
 833 00b8 0A       		.uleb128 0xa
 834 00b9 00       		.byte	0
 835 00ba 00       		.byte	0
 836 00bb 0D       		.uleb128 0xd
 837 00bc 2E       		.uleb128 0x2e
 838 00bd 01       		.byte	0x1
 839 00be 3F       		.uleb128 0x3f
 840 00bf 0C       		.uleb128 0xc
 841 00c0 03       		.uleb128 0x3
 842 00c1 0E       		.uleb128 0xe
 843 00c2 3A       		.uleb128 0x3a
 844 00c3 0B       		.uleb128 0xb
 845 00c4 3B       		.uleb128 0x3b
 846 00c5 05       		.uleb128 0x5
 847 00c6 27       		.uleb128 0x27
 848 00c7 0C       		.uleb128 0xc
 849 00c8 11       		.uleb128 0x11
 850 00c9 01       		.uleb128 0x1
 851 00ca 12       		.uleb128 0x12
 852 00cb 01       		.uleb128 0x1
 853 00cc 40       		.uleb128 0x40
 854 00cd 0A       		.uleb128 0xa
 855 00ce 9742     		.uleb128 0x2117
 856 00d0 0C       		.uleb128 0xc
 857 00d1 01       		.uleb128 0x1
 858 00d2 13       		.uleb128 0x13
 859 00d3 00       		.byte	0
 860 00d4 00       		.byte	0
 861 00d5 0E       		.uleb128 0xe
 862 00d6 34       		.uleb128 0x34
 863 00d7 00       		.byte	0
 864 00d8 03       		.uleb128 0x3
 865 00d9 0E       		.uleb128 0xe
 866 00da 3A       		.uleb128 0x3a
 867 00db 0B       		.uleb128 0xb
ARM GAS  C:\Users\Luke\AppData\Local\Temp\cc58HLl6.s 			page 23


 868 00dc 3B       		.uleb128 0x3b
 869 00dd 05       		.uleb128 0x5
 870 00de 49       		.uleb128 0x49
 871 00df 13       		.uleb128 0x13
 872 00e0 02       		.uleb128 0x2
 873 00e1 0A       		.uleb128 0xa
 874 00e2 00       		.byte	0
 875 00e3 00       		.byte	0
 876 00e4 0F       		.uleb128 0xf
 877 00e5 05       		.uleb128 0x5
 878 00e6 00       		.byte	0
 879 00e7 03       		.uleb128 0x3
 880 00e8 0E       		.uleb128 0xe
 881 00e9 3A       		.uleb128 0x3a
 882 00ea 0B       		.uleb128 0xb
 883 00eb 3B       		.uleb128 0x3b
 884 00ec 05       		.uleb128 0x5
 885 00ed 49       		.uleb128 0x49
 886 00ee 13       		.uleb128 0x13
 887 00ef 02       		.uleb128 0x2
 888 00f0 06       		.uleb128 0x6
 889 00f1 00       		.byte	0
 890 00f2 00       		.byte	0
 891 00f3 10       		.uleb128 0x10
 892 00f4 898201   		.uleb128 0x4109
 893 00f7 00       		.byte	0
 894 00f8 11       		.uleb128 0x11
 895 00f9 01       		.uleb128 0x1
 896 00fa 9542     		.uleb128 0x2115
 897 00fc 0C       		.uleb128 0xc
 898 00fd 31       		.uleb128 0x31
 899 00fe 13       		.uleb128 0x13
 900 00ff 00       		.byte	0
 901 0100 00       		.byte	0
 902 0101 11       		.uleb128 0x11
 903 0102 2E       		.uleb128 0x2e
 904 0103 01       		.byte	0x1
 905 0104 3F       		.uleb128 0x3f
 906 0105 0C       		.uleb128 0xc
 907 0106 03       		.uleb128 0x3
 908 0107 0E       		.uleb128 0xe
 909 0108 3A       		.uleb128 0x3a
 910 0109 0B       		.uleb128 0xb
 911 010a 3B       		.uleb128 0x3b
 912 010b 0B       		.uleb128 0xb
 913 010c 27       		.uleb128 0x27
 914 010d 0C       		.uleb128 0xc
 915 010e 11       		.uleb128 0x11
 916 010f 01       		.uleb128 0x1
 917 0110 12       		.uleb128 0x12
 918 0111 01       		.uleb128 0x1
 919 0112 40       		.uleb128 0x40
 920 0113 06       		.uleb128 0x6
 921 0114 9742     		.uleb128 0x2117
 922 0116 0C       		.uleb128 0xc
 923 0117 01       		.uleb128 0x1
 924 0118 13       		.uleb128 0x13
ARM GAS  C:\Users\Luke\AppData\Local\Temp\cc58HLl6.s 			page 24


 925 0119 00       		.byte	0
 926 011a 00       		.byte	0
 927 011b 12       		.uleb128 0x12
 928 011c 898201   		.uleb128 0x4109
 929 011f 01       		.byte	0x1
 930 0120 11       		.uleb128 0x11
 931 0121 01       		.uleb128 0x1
 932 0122 31       		.uleb128 0x31
 933 0123 13       		.uleb128 0x13
 934 0124 01       		.uleb128 0x1
 935 0125 13       		.uleb128 0x13
 936 0126 00       		.byte	0
 937 0127 00       		.byte	0
 938 0128 13       		.uleb128 0x13
 939 0129 8A8201   		.uleb128 0x410a
 940 012c 00       		.byte	0
 941 012d 02       		.uleb128 0x2
 942 012e 0A       		.uleb128 0xa
 943 012f 9142     		.uleb128 0x2111
 944 0131 0A       		.uleb128 0xa
 945 0132 00       		.byte	0
 946 0133 00       		.byte	0
 947 0134 14       		.uleb128 0x14
 948 0135 1D       		.uleb128 0x1d
 949 0136 01       		.byte	0x1
 950 0137 31       		.uleb128 0x31
 951 0138 13       		.uleb128 0x13
 952 0139 11       		.uleb128 0x11
 953 013a 01       		.uleb128 0x1
 954 013b 12       		.uleb128 0x12
 955 013c 01       		.uleb128 0x1
 956 013d 58       		.uleb128 0x58
 957 013e 0B       		.uleb128 0xb
 958 013f 59       		.uleb128 0x59
 959 0140 0B       		.uleb128 0xb
 960 0141 01       		.uleb128 0x1
 961 0142 13       		.uleb128 0x13
 962 0143 00       		.byte	0
 963 0144 00       		.byte	0
 964 0145 15       		.uleb128 0x15
 965 0146 05       		.uleb128 0x5
 966 0147 00       		.byte	0
 967 0148 31       		.uleb128 0x31
 968 0149 13       		.uleb128 0x13
 969 014a 1C       		.uleb128 0x1c
 970 014b 0B       		.uleb128 0xb
 971 014c 00       		.byte	0
 972 014d 00       		.byte	0
 973 014e 16       		.uleb128 0x16
 974 014f 898201   		.uleb128 0x4109
 975 0152 00       		.byte	0
 976 0153 11       		.uleb128 0x11
 977 0154 01       		.uleb128 0x1
 978 0155 31       		.uleb128 0x31
 979 0156 13       		.uleb128 0x13
 980 0157 00       		.byte	0
 981 0158 00       		.byte	0
ARM GAS  C:\Users\Luke\AppData\Local\Temp\cc58HLl6.s 			page 25


 982 0159 17       		.uleb128 0x17
 983 015a 34       		.uleb128 0x34
 984 015b 00       		.byte	0
 985 015c 03       		.uleb128 0x3
 986 015d 0E       		.uleb128 0xe
 987 015e 3A       		.uleb128 0x3a
 988 015f 0B       		.uleb128 0xb
 989 0160 3B       		.uleb128 0x3b
 990 0161 0B       		.uleb128 0xb
 991 0162 49       		.uleb128 0x49
 992 0163 13       		.uleb128 0x13
 993 0164 3F       		.uleb128 0x3f
 994 0165 0C       		.uleb128 0xc
 995 0166 02       		.uleb128 0x2
 996 0167 0A       		.uleb128 0xa
 997 0168 00       		.byte	0
 998 0169 00       		.byte	0
 999 016a 00       		.byte	0
 1000              		.section	.debug_loc,"",%progbits
 1001              	.Ldebug_loc0:
 1002              	.LLST0:
 1003 0000 00000000 		.4byte	.LVL0
 1004 0004 06000000 		.4byte	.LVL1
 1005 0008 0100     		.2byte	0x1
 1006 000a 50       		.byte	0x50
 1007 000b 06000000 		.4byte	.LVL1
 1008 000f 1C000000 		.4byte	.LFE4
 1009 0013 0400     		.2byte	0x4
 1010 0015 F3       		.byte	0xf3
 1011 0016 01       		.uleb128 0x1
 1012 0017 50       		.byte	0x50
 1013 0018 9F       		.byte	0x9f
 1014 0019 00000000 		.4byte	0
 1015 001d 00000000 		.4byte	0
 1016              	.LLST1:
 1017 0021 00000000 		.4byte	.LVL5
 1018 0025 06000000 		.4byte	.LVL6
 1019 0029 0100     		.2byte	0x1
 1020 002b 50       		.byte	0x50
 1021 002c 06000000 		.4byte	.LVL6
 1022 0030 1C000000 		.4byte	.LFE6
 1023 0034 0400     		.2byte	0x4
 1024 0036 F3       		.byte	0xf3
 1025 0037 01       		.uleb128 0x1
 1026 0038 50       		.byte	0x50
 1027 0039 9F       		.byte	0x9f
 1028 003a 00000000 		.4byte	0
 1029 003e 00000000 		.4byte	0
 1030              	.LLST2:
 1031 0042 00000000 		.4byte	.LVL8
 1032 0046 06000000 		.4byte	.LVL9
 1033 004a 0100     		.2byte	0x1
 1034 004c 50       		.byte	0x50
 1035 004d 06000000 		.4byte	.LVL9
 1036 0051 1C000000 		.4byte	.LFE5
 1037 0055 0400     		.2byte	0x4
 1038 0057 F3       		.byte	0xf3
ARM GAS  C:\Users\Luke\AppData\Local\Temp\cc58HLl6.s 			page 26


 1039 0058 01       		.uleb128 0x1
 1040 0059 50       		.byte	0x50
 1041 005a 9F       		.byte	0x9f
 1042 005b 00000000 		.4byte	0
 1043 005f 00000000 		.4byte	0
 1044              	.LLST3:
 1045 0063 00000000 		.4byte	.LFB0
 1046 0067 02000000 		.4byte	.LCFI0
 1047 006b 0200     		.2byte	0x2
 1048 006d 7D       		.byte	0x7d
 1049 006e 00       		.sleb128 0
 1050 006f 02000000 		.4byte	.LCFI0
 1051 0073 20000000 		.4byte	.LFE0
 1052 0077 0200     		.2byte	0x2
 1053 0079 7D       		.byte	0x7d
 1054 007a 08       		.sleb128 8
 1055 007b 00000000 		.4byte	0
 1056 007f 00000000 		.4byte	0
 1057              	.LLST4:
 1058 0083 00000000 		.4byte	.LFB2
 1059 0087 02000000 		.4byte	.LCFI1
 1060 008b 0200     		.2byte	0x2
 1061 008d 7D       		.byte	0x7d
 1062 008e 00       		.sleb128 0
 1063 008f 02000000 		.4byte	.LCFI1
 1064 0093 24000000 		.4byte	.LFE2
 1065 0097 0200     		.2byte	0x2
 1066 0099 7D       		.byte	0x7d
 1067 009a 08       		.sleb128 8
 1068 009b 00000000 		.4byte	0
 1069 009f 00000000 		.4byte	0
 1070              		.section	.debug_aranges,"",%progbits
 1071 0000 5C000000 		.4byte	0x5c
 1072 0004 0200     		.2byte	0x2
 1073 0006 00000000 		.4byte	.Ldebug_info0
 1074 000a 04       		.byte	0x4
 1075 000b 00       		.byte	0
 1076 000c 0000     		.2byte	0
 1077 000e 0000     		.2byte	0
 1078 0010 00000000 		.4byte	.LFB1
 1079 0014 18000000 		.4byte	.LFE1-.LFB1
 1080 0018 00000000 		.4byte	.LFB3
 1081 001c 18000000 		.4byte	.LFE3-.LFB3
 1082 0020 00000000 		.4byte	.LFB4
 1083 0024 1C000000 		.4byte	.LFE4-.LFB4
 1084 0028 00000000 		.4byte	.LFB7
 1085 002c 0C000000 		.4byte	.LFE7-.LFB7
 1086 0030 00000000 		.4byte	.LFB8
 1087 0034 34000000 		.4byte	.LFE8-.LFB8
 1088 0038 00000000 		.4byte	.LFB6
 1089 003c 1C000000 		.4byte	.LFE6-.LFB6
 1090 0040 00000000 		.4byte	.LFB5
 1091 0044 1C000000 		.4byte	.LFE5-.LFB5
 1092 0048 00000000 		.4byte	.LFB0
 1093 004c 20000000 		.4byte	.LFE0-.LFB0
 1094 0050 00000000 		.4byte	.LFB2
 1095 0054 24000000 		.4byte	.LFE2-.LFB2
ARM GAS  C:\Users\Luke\AppData\Local\Temp\cc58HLl6.s 			page 27


 1096 0058 00000000 		.4byte	0
 1097 005c 00000000 		.4byte	0
 1098              		.section	.debug_ranges,"",%progbits
 1099              	.Ldebug_ranges0:
 1100 0000 00000000 		.4byte	.LFB1
 1101 0004 18000000 		.4byte	.LFE1
 1102 0008 00000000 		.4byte	.LFB3
 1103 000c 18000000 		.4byte	.LFE3
 1104 0010 00000000 		.4byte	.LFB4
 1105 0014 1C000000 		.4byte	.LFE4
 1106 0018 00000000 		.4byte	.LFB7
 1107 001c 0C000000 		.4byte	.LFE7
 1108 0020 00000000 		.4byte	.LFB8
 1109 0024 34000000 		.4byte	.LFE8
 1110 0028 00000000 		.4byte	.LFB6
 1111 002c 1C000000 		.4byte	.LFE6
 1112 0030 00000000 		.4byte	.LFB5
 1113 0034 1C000000 		.4byte	.LFE5
 1114 0038 00000000 		.4byte	.LFB0
 1115 003c 20000000 		.4byte	.LFE0
 1116 0040 00000000 		.4byte	.LFB2
 1117 0044 24000000 		.4byte	.LFE2
 1118 0048 00000000 		.4byte	0
 1119 004c 00000000 		.4byte	0
 1120              		.section	.debug_line,"",%progbits
 1121              	.Ldebug_line0:
 1122 0000 0C010000 		.section	.debug_str,"MS",%progbits,1
 1122      02004600 
 1122      00000201 
 1122      FB0E0D00 
 1122      01010101 
 1123              	.LASF16:
 1124 0000 49444143 		.ascii	"IDAC8_2_SetSpeed\000"
 1124      385F325F 
 1124      53657453 
 1124      70656564 
 1124      00
 1125              	.LASF31:
 1126 0011 49444143 		.ascii	"IDAC8_2_initVar\000"
 1126      385F325F 
 1126      696E6974 
 1126      56617200 
 1127              	.LASF24:
 1128 0021 49444143 		.ascii	"IDAC8_2_Start\000"
 1128      385F325F 
 1128      53746172 
 1128      7400
 1129              	.LASF29:
 1130 002f 76616C75 		.ascii	"value\000"
 1130      6500
 1131              	.LASF14:
 1132 0035 49444143 		.ascii	"IDAC8_2_Enable\000"
 1132      385F325F 
 1132      456E6162 
 1132      6C6500
 1133              	.LASF9:
 1134 0044 666C6F61 		.ascii	"float\000"
ARM GAS  C:\Users\Luke\AppData\Local\Temp\cc58HLl6.s 			page 28


 1134      7400
 1135              	.LASF23:
 1136 004a 49444143 		.ascii	"IDAC8_2_Init\000"
 1136      385F325F 
 1136      496E6974 
 1136      00
 1137              	.LASF1:
 1138 0057 756E7369 		.ascii	"unsigned char\000"
 1138      676E6564 
 1138      20636861 
 1138      7200
 1139              	.LASF13:
 1140 0065 72656738 		.ascii	"reg8\000"
 1140      00
 1141              	.LASF5:
 1142 006a 6C6F6E67 		.ascii	"long unsigned int\000"
 1142      20756E73 
 1142      69676E65 
 1142      6420696E 
 1142      7400
 1143              	.LASF3:
 1144 007c 73686F72 		.ascii	"short unsigned int\000"
 1144      7420756E 
 1144      7369676E 
 1144      65642069 
 1144      6E7400
 1145              	.LASF27:
 1146 008f 433A5C55 		.ascii	"C:\\Users\\Luke\\Desktop\\Laserschutzschaltung.cyds"
 1146      73657273 
 1146      5C4C756B 
 1146      655C4465 
 1146      736B746F 
 1147 00be 6E5C4C61 		.ascii	"n\\Laserschutzschaltung.cydsn\000"
 1147      73657273 
 1147      63687574 
 1147      7A736368 
 1147      616C7475 
 1148              	.LASF20:
 1149 00db 72616E67 		.ascii	"range\000"
 1149      6500
 1150              	.LASF28:
 1151 00e1 49444143 		.ascii	"IDAC8_2_SetValue\000"
 1151      385F325F 
 1151      53657456 
 1151      616C7565 
 1151      00
 1152              	.LASF10:
 1153 00f2 646F7562 		.ascii	"double\000"
 1153      6C6500
 1154              	.LASF8:
 1155 00f9 756E7369 		.ascii	"unsigned int\000"
 1155      676E6564 
 1155      20696E74 
 1155      00
 1156              	.LASF7:
 1157 0106 6C6F6E67 		.ascii	"long long unsigned int\000"
 1157      206C6F6E 
ARM GAS  C:\Users\Luke\AppData\Local\Temp\cc58HLl6.s 			page 29


 1157      6720756E 
 1157      7369676E 
 1157      65642069 
 1158              	.LASF15:
 1159 011d 49444143 		.ascii	"IDAC8_2_Stop\000"
 1159      385F325F 
 1159      53746F70 
 1159      00
 1160              	.LASF30:
 1161 012a 6D6F6465 		.ascii	"mode\000"
 1161      00
 1162              	.LASF22:
 1163 012f 706F6C61 		.ascii	"polarity\000"
 1163      72697479 
 1163      00
 1164              	.LASF19:
 1165 0138 73706565 		.ascii	"speed\000"
 1165      6400
 1166              	.LASF6:
 1167 013e 6C6F6E67 		.ascii	"long long int\000"
 1167      206C6F6E 
 1167      6720696E 
 1167      7400
 1168              	.LASF11:
 1169 014c 63686172 		.ascii	"char\000"
 1169      00
 1170              	.LASF17:
 1171 0151 49444143 		.ascii	"IDAC8_2_DacTrim\000"
 1171      385F325F 
 1171      44616354 
 1171      72696D00 
 1172              	.LASF18:
 1173 0161 49444143 		.ascii	"IDAC8_2_SetRange\000"
 1173      385F325F 
 1173      53657452 
 1173      616E6765 
 1173      00
 1174              	.LASF2:
 1175 0172 73686F72 		.ascii	"short int\000"
 1175      7420696E 
 1175      7400
 1176              	.LASF12:
 1177 017c 75696E74 		.ascii	"uint8\000"
 1177      3800
 1178              	.LASF25:
 1179 0182 474E5520 		.ascii	"GNU C 4.7.3 20130312 (release) [ARM/embedded-4_7-br"
 1179      4320342E 
 1179      372E3320 
 1179      32303133 
 1179      30333132 
 1180 01b5 616E6368 		.ascii	"anch revision 196615]\000"
 1180      20726576 
 1180      6973696F 
 1180      6E203139 
 1180      36363135 
 1181              	.LASF4:
 1182 01cb 6C6F6E67 		.ascii	"long int\000"
ARM GAS  C:\Users\Luke\AppData\Local\Temp\cc58HLl6.s 			page 30


 1182      20696E74 
 1182      00
 1183              	.LASF21:
 1184 01d4 49444143 		.ascii	"IDAC8_2_SetPolarity\000"
 1184      385F325F 
 1184      53657450 
 1184      6F6C6172 
 1184      69747900 
 1185              	.LASF26:
 1186 01e8 2E5C4765 		.ascii	".\\Generated_Source\\PSoC5\\IDAC8_2.c\000"
 1186      6E657261 
 1186      7465645F 
 1186      536F7572 
 1186      63655C50 
 1187              	.LASF0:
 1188 020b 7369676E 		.ascii	"signed char\000"
 1188      65642063 
 1188      68617200 
 1189              		.ident	"GCC: (GNU Tools for ARM Embedded Processors) 4.7.3 20130312 (release) [ARM/embedded-4_7-br
