ARM GAS  C:\Users\Luke\AppData\Local\Temp\cc7wnSt6.s 			page 1


   1              		.syntax unified
   2              		.cpu cortex-m3
   3              		.fpu softvfp
   4              		.eabi_attribute 20, 1
   5              		.eabi_attribute 21, 1
   6              		.eabi_attribute 23, 3
   7              		.eabi_attribute 24, 1
   8              		.eabi_attribute 25, 1
   9              		.eabi_attribute 26, 1
  10              		.eabi_attribute 30, 4
  11              		.eabi_attribute 34, 1
  12              		.eabi_attribute 18, 4
  13              		.thumb
  14              		.file	"USBUART_1_cls.c"
  15              		.text
  16              	.Ltext0:
  17              		.cfi_sections	.debug_frame
  18              		.section	.text.USBUART_1_DispatchClassRqst,"ax",%progbits
  19              		.align	1
  20              		.global	USBUART_1_DispatchClassRqst
  21              		.thumb
  22              		.thumb_func
  23              		.type	USBUART_1_DispatchClassRqst, %function
  24              	USBUART_1_DispatchClassRqst:
  25              	.LFB0:
  26              		.file 1 ".\\Generated_Source\\PSoC5\\USBUART_1_cls.c"
   1:.\Generated_Source\PSoC5/USBUART_1_cls.c **** /*******************************************************************************
   2:.\Generated_Source\PSoC5/USBUART_1_cls.c **** * File Name: USBUART_1_cls.c
   3:.\Generated_Source\PSoC5/USBUART_1_cls.c **** * Version 2.60
   4:.\Generated_Source\PSoC5/USBUART_1_cls.c **** *
   5:.\Generated_Source\PSoC5/USBUART_1_cls.c **** * Description:
   6:.\Generated_Source\PSoC5/USBUART_1_cls.c **** *  USB Class request handler.
   7:.\Generated_Source\PSoC5/USBUART_1_cls.c **** *
   8:.\Generated_Source\PSoC5/USBUART_1_cls.c **** * Note:
   9:.\Generated_Source\PSoC5/USBUART_1_cls.c **** *
  10:.\Generated_Source\PSoC5/USBUART_1_cls.c **** ********************************************************************************
  11:.\Generated_Source\PSoC5/USBUART_1_cls.c **** * Copyright 2008-2013, Cypress Semiconductor Corporation.  All rights reserved.
  12:.\Generated_Source\PSoC5/USBUART_1_cls.c **** * You may use this file only in accordance with the license, terms, conditions,
  13:.\Generated_Source\PSoC5/USBUART_1_cls.c **** * disclaimers, and limitations in the end user license agreement accompanying
  14:.\Generated_Source\PSoC5/USBUART_1_cls.c **** * the software package with which this file was provided.
  15:.\Generated_Source\PSoC5/USBUART_1_cls.c **** *******************************************************************************/
  16:.\Generated_Source\PSoC5/USBUART_1_cls.c **** 
  17:.\Generated_Source\PSoC5/USBUART_1_cls.c **** #include "USBUART_1.h"
  18:.\Generated_Source\PSoC5/USBUART_1_cls.c **** 
  19:.\Generated_Source\PSoC5/USBUART_1_cls.c **** #if(USBUART_1_EXTERN_CLS == USBUART_1_FALSE)
  20:.\Generated_Source\PSoC5/USBUART_1_cls.c **** 
  21:.\Generated_Source\PSoC5/USBUART_1_cls.c **** #include "USBUART_1_pvt.h"
  22:.\Generated_Source\PSoC5/USBUART_1_cls.c **** 
  23:.\Generated_Source\PSoC5/USBUART_1_cls.c **** 
  24:.\Generated_Source\PSoC5/USBUART_1_cls.c **** /***************************************
  25:.\Generated_Source\PSoC5/USBUART_1_cls.c **** * User Implemented Class Driver Declarations.
  26:.\Generated_Source\PSoC5/USBUART_1_cls.c **** ***************************************/
  27:.\Generated_Source\PSoC5/USBUART_1_cls.c **** /* `#START USER_DEFINED_CLASS_DECLARATIONS` Place your declaration here */
  28:.\Generated_Source\PSoC5/USBUART_1_cls.c **** 
  29:.\Generated_Source\PSoC5/USBUART_1_cls.c **** /* `#END` */
  30:.\Generated_Source\PSoC5/USBUART_1_cls.c **** 
  31:.\Generated_Source\PSoC5/USBUART_1_cls.c **** 
ARM GAS  C:\Users\Luke\AppData\Local\Temp\cc7wnSt6.s 			page 2


  32:.\Generated_Source\PSoC5/USBUART_1_cls.c **** /*******************************************************************************
  33:.\Generated_Source\PSoC5/USBUART_1_cls.c **** * Function Name: USBUART_1_DispatchClassRqst
  34:.\Generated_Source\PSoC5/USBUART_1_cls.c **** ********************************************************************************
  35:.\Generated_Source\PSoC5/USBUART_1_cls.c **** * Summary:
  36:.\Generated_Source\PSoC5/USBUART_1_cls.c **** *  This routine dispatches class specific requests depend on interface class.
  37:.\Generated_Source\PSoC5/USBUART_1_cls.c **** *
  38:.\Generated_Source\PSoC5/USBUART_1_cls.c **** * Parameters:
  39:.\Generated_Source\PSoC5/USBUART_1_cls.c **** *  None.
  40:.\Generated_Source\PSoC5/USBUART_1_cls.c **** *
  41:.\Generated_Source\PSoC5/USBUART_1_cls.c **** * Return:
  42:.\Generated_Source\PSoC5/USBUART_1_cls.c **** *  requestHandled.
  43:.\Generated_Source\PSoC5/USBUART_1_cls.c **** *
  44:.\Generated_Source\PSoC5/USBUART_1_cls.c **** * Reentrant:
  45:.\Generated_Source\PSoC5/USBUART_1_cls.c **** *  No.
  46:.\Generated_Source\PSoC5/USBUART_1_cls.c **** *
  47:.\Generated_Source\PSoC5/USBUART_1_cls.c **** *******************************************************************************/
  48:.\Generated_Source\PSoC5/USBUART_1_cls.c **** uint8 USBUART_1_DispatchClassRqst(void) 
  49:.\Generated_Source\PSoC5/USBUART_1_cls.c **** {
  27              		.loc 1 49 0
  28              		.cfi_startproc
  29              		@ args = 0, pretend = 0, frame = 0
  30              		@ frame_needed = 0, uses_anonymous_args = 0
  31              		@ link register save eliminated.
  32              	.LVL0:
  50:.\Generated_Source\PSoC5/USBUART_1_cls.c ****     uint8 requestHandled = USBUART_1_FALSE;
  51:.\Generated_Source\PSoC5/USBUART_1_cls.c ****     uint8 interfaceNumber = 0u;
  52:.\Generated_Source\PSoC5/USBUART_1_cls.c **** 
  53:.\Generated_Source\PSoC5/USBUART_1_cls.c ****     switch(CY_GET_REG8(USBUART_1_bmRequestType) & USBUART_1_RQST_RCPT_MASK)
  33              		.loc 1 53 0
  34 0000 0F4B     		ldr	r3, .L11
  35 0002 1878     		ldrb	r0, [r3, #0]	@ zero_extendqisi2
  36 0004 00F00301 		and	r1, r0, #3
  37 0008 0129     		cmp	r1, #1
  38 000a 0CD0     		beq	.L3
  39 000c 0229     		cmp	r1, #2
  40 000e 0DD1     		bne	.L8
  54:.\Generated_Source\PSoC5/USBUART_1_cls.c ****     {
  55:.\Generated_Source\PSoC5/USBUART_1_cls.c ****         case USBUART_1_RQST_RCPT_IFC:        /* Class-specific request directed to an interface */
  56:.\Generated_Source\PSoC5/USBUART_1_cls.c ****             interfaceNumber = CY_GET_REG8(USBUART_1_wIndexLo); /* wIndexLo contain Interface number
  57:.\Generated_Source\PSoC5/USBUART_1_cls.c ****             break;
  58:.\Generated_Source\PSoC5/USBUART_1_cls.c ****         case USBUART_1_RQST_RCPT_EP:         /* Class-specific request directed to the endpoint */
  59:.\Generated_Source\PSoC5/USBUART_1_cls.c ****             /* Find related interface to the endpoint, wIndexLo contain EP number */
  60:.\Generated_Source\PSoC5/USBUART_1_cls.c ****             interfaceNumber =
  61:.\Generated_Source\PSoC5/USBUART_1_cls.c ****                 USBUART_1_EP[CY_GET_REG8(USBUART_1_wIndexLo) & USBUART_1_DIR_UNUSED].interface;
  41              		.loc 1 61 0
  42 0010 0C4A     		ldr	r2, .L11+4
  60:.\Generated_Source\PSoC5/USBUART_1_cls.c ****             interfaceNumber =
  43              		.loc 1 60 0
  44 0012 0C21     		movs	r1, #12
  45              		.loc 1 61 0
  46 0014 1078     		ldrb	r0, [r2, #0]	@ zero_extendqisi2
  60:.\Generated_Source\PSoC5/USBUART_1_cls.c ****             interfaceNumber =
  47              		.loc 1 60 0
  48 0016 0C4A     		ldr	r2, .L11+8
  49              		.loc 1 61 0
  50 0018 00F07F03 		and	r3, r0, #127
  60:.\Generated_Source\PSoC5/USBUART_1_cls.c ****             interfaceNumber =
ARM GAS  C:\Users\Luke\AppData\Local\Temp\cc7wnSt6.s 			page 3


  51              		.loc 1 60 0
  52 001c 01FB0320 		mla	r0, r1, r3, r2
  53 0020 0830     		adds	r0, r0, #8
  54 0022 8378     		ldrb	r3, [r0, #2]	@ zero_extendqisi2
  55              	.LVL1:
  62:.\Generated_Source\PSoC5/USBUART_1_cls.c ****             break;
  56              		.loc 1 62 0
  57 0024 03E0     		b	.L2
  58              	.LVL2:
  59              	.L3:
  56:.\Generated_Source\PSoC5/USBUART_1_cls.c ****             interfaceNumber = CY_GET_REG8(USBUART_1_wIndexLo); /* wIndexLo contain Interface number
  60              		.loc 1 56 0
  61 0026 074B     		ldr	r3, .L11+4
  62 0028 1B78     		ldrb	r3, [r3, #0]	@ zero_extendqisi2
  63              	.LVL3:
  57:.\Generated_Source\PSoC5/USBUART_1_cls.c ****             break;
  64              		.loc 1 57 0
  65 002a 00E0     		b	.L2
  66              	.LVL4:
  67              	.L8:
  51:.\Generated_Source\PSoC5/USBUART_1_cls.c ****     uint8 interfaceNumber = 0u;
  68              		.loc 1 51 0
  69 002c 0023     		movs	r3, #0
  70              	.LVL5:
  71              	.L2:
  63:.\Generated_Source\PSoC5/USBUART_1_cls.c ****         default:    /* RequestHandled is initialized as FALSE by default */
  64:.\Generated_Source\PSoC5/USBUART_1_cls.c ****             break;
  65:.\Generated_Source\PSoC5/USBUART_1_cls.c ****     }
  66:.\Generated_Source\PSoC5/USBUART_1_cls.c ****     /* Handle Class request depend on interface type */
  67:.\Generated_Source\PSoC5/USBUART_1_cls.c ****     switch(USBUART_1_interfaceClass[interfaceNumber])
  72              		.loc 1 67 0
  73 002e 0749     		ldr	r1, .L11+12
  74 0030 0A68     		ldr	r2, [r1, #0]
  75 0032 D05C     		ldrb	r0, [r2, r3]	@ zero_extendqisi2
  76 0034 0228     		cmp	r0, #2
  77 0036 01D1     		bne	.L9
  68:.\Generated_Source\PSoC5/USBUART_1_cls.c ****     {
  69:.\Generated_Source\PSoC5/USBUART_1_cls.c ****         case USBUART_1_CLASS_HID:
  70:.\Generated_Source\PSoC5/USBUART_1_cls.c ****             #if defined(USBUART_1_ENABLE_HID_CLASS)
  71:.\Generated_Source\PSoC5/USBUART_1_cls.c ****                 requestHandled = USBUART_1_DispatchHIDClassRqst();
  72:.\Generated_Source\PSoC5/USBUART_1_cls.c ****             #endif /* USBUART_1_ENABLE_HID_CLASS */
  73:.\Generated_Source\PSoC5/USBUART_1_cls.c ****             break;
  74:.\Generated_Source\PSoC5/USBUART_1_cls.c ****         case USBUART_1_CLASS_AUDIO:
  75:.\Generated_Source\PSoC5/USBUART_1_cls.c ****             #if defined(USBUART_1_ENABLE_AUDIO_CLASS)
  76:.\Generated_Source\PSoC5/USBUART_1_cls.c ****                 requestHandled = USBUART_1_DispatchAUDIOClassRqst();
  77:.\Generated_Source\PSoC5/USBUART_1_cls.c ****             #endif /* USBUART_1_ENABLE_HID_CLASS */
  78:.\Generated_Source\PSoC5/USBUART_1_cls.c ****             break;
  79:.\Generated_Source\PSoC5/USBUART_1_cls.c ****         case USBUART_1_CLASS_CDC:
  80:.\Generated_Source\PSoC5/USBUART_1_cls.c ****             #if defined(USBUART_1_ENABLE_CDC_CLASS)
  81:.\Generated_Source\PSoC5/USBUART_1_cls.c ****                 requestHandled = USBUART_1_DispatchCDCClassRqst();
  82:.\Generated_Source\PSoC5/USBUART_1_cls.c ****             #endif /* USBUART_1_ENABLE_CDC_CLASS */
  83:.\Generated_Source\PSoC5/USBUART_1_cls.c ****             break;
  84:.\Generated_Source\PSoC5/USBUART_1_cls.c ****         default:    /* requestHandled is initialized as FALSE by default */
  85:.\Generated_Source\PSoC5/USBUART_1_cls.c ****             break;
  86:.\Generated_Source\PSoC5/USBUART_1_cls.c ****     }
  87:.\Generated_Source\PSoC5/USBUART_1_cls.c **** 
  88:.\Generated_Source\PSoC5/USBUART_1_cls.c ****     /* `#START USER_DEFINED_CLASS_CODE` Place your Class request here */
ARM GAS  C:\Users\Luke\AppData\Local\Temp\cc7wnSt6.s 			page 4


  89:.\Generated_Source\PSoC5/USBUART_1_cls.c **** 
  90:.\Generated_Source\PSoC5/USBUART_1_cls.c ****     /* `#END` */
  91:.\Generated_Source\PSoC5/USBUART_1_cls.c **** 
  92:.\Generated_Source\PSoC5/USBUART_1_cls.c ****     return(requestHandled);
  93:.\Generated_Source\PSoC5/USBUART_1_cls.c **** }
  78              		.loc 1 93 0
  81:.\Generated_Source\PSoC5/USBUART_1_cls.c ****                 requestHandled = USBUART_1_DispatchCDCClassRqst();
  79              		.loc 1 81 0
  80 0038 FFF7FEBF 		b	USBUART_1_DispatchCDCClassRqst
  81              	.LVL6:
  82              	.L9:
  83              		.loc 1 93 0
  84 003c 0020     		movs	r0, #0
  85 003e 7047     		bx	lr
  86              	.L12:
  87              		.align	2
  88              	.L11:
  89 0040 00600040 		.word	1073766400
  90 0044 04600040 		.word	1073766404
  91 0048 00000000 		.word	USBUART_1_EP
  92 004c 00000000 		.word	USBUART_1_interfaceClass
  93              		.cfi_endproc
  94              	.LFE0:
  95              		.size	USBUART_1_DispatchClassRqst, .-USBUART_1_DispatchClassRqst
  96              		.text
  97              	.Letext0:
  98              		.file 2 ".\\Generated_Source\\PSoC5\\cytypes.h"
  99              		.file 3 ".\\Generated_Source\\PSoC5\\USBUART_1.h"
 100              		.file 4 ".\\Generated_Source\\PSoC5\\USBUART_1_pvt.h"
 101              		.section	.debug_info,"",%progbits
 102              	.Ldebug_info0:
 103 0000 CB010000 		.4byte	0x1cb
 104 0004 0200     		.2byte	0x2
 105 0006 00000000 		.4byte	.Ldebug_abbrev0
 106 000a 04       		.byte	0x4
 107 000b 01       		.uleb128 0x1
 108 000c F1010000 		.4byte	.LASF30
 109 0010 01       		.byte	0x1
 110 0011 00000000 		.4byte	.LASF31
 111 0015 D6000000 		.4byte	.LASF32
 112 0019 00000000 		.4byte	.Ldebug_ranges0+0
 113 001d 00000000 		.4byte	0
 114 0021 00000000 		.4byte	0
 115 0025 00000000 		.4byte	.Ldebug_line0
 116 0029 02       		.uleb128 0x2
 117 002a 01       		.byte	0x1
 118 002b 06       		.byte	0x6
 119 002c 4D020000 		.4byte	.LASF0
 120 0030 02       		.uleb128 0x2
 121 0031 01       		.byte	0x1
 122 0032 08       		.byte	0x8
 123 0033 93000000 		.4byte	.LASF1
 124 0037 02       		.uleb128 0x2
 125 0038 02       		.byte	0x2
 126 0039 05       		.byte	0x5
 127 003a E1010000 		.4byte	.LASF2
 128 003e 02       		.uleb128 0x2
ARM GAS  C:\Users\Luke\AppData\Local\Temp\cc7wnSt6.s 			page 5


 129 003f 02       		.byte	0x2
 130 0040 07       		.byte	0x7
 131 0041 36000000 		.4byte	.LASF3
 132 0045 02       		.uleb128 0x2
 133 0046 04       		.byte	0x4
 134 0047 05       		.byte	0x5
 135 0048 44020000 		.4byte	.LASF4
 136 004c 02       		.uleb128 0x2
 137 004d 04       		.byte	0x4
 138 004e 07       		.byte	0x7
 139 004f A6000000 		.4byte	.LASF5
 140 0053 02       		.uleb128 0x2
 141 0054 08       		.byte	0x8
 142 0055 05       		.byte	0x5
 143 0056 AA010000 		.4byte	.LASF6
 144 005a 02       		.uleb128 0x2
 145 005b 08       		.byte	0x8
 146 005c 07       		.byte	0x7
 147 005d 6A010000 		.4byte	.LASF7
 148 0061 03       		.uleb128 0x3
 149 0062 04       		.byte	0x4
 150 0063 05       		.byte	0x5
 151 0064 696E7400 		.ascii	"int\000"
 152 0068 02       		.uleb128 0x2
 153 0069 04       		.byte	0x4
 154 006a 07       		.byte	0x7
 155 006b 5D010000 		.4byte	.LASF8
 156 006f 04       		.uleb128 0x4
 157 0070 EB010000 		.4byte	.LASF9
 158 0074 02       		.byte	0x2
 159 0075 5B       		.byte	0x5b
 160 0076 30000000 		.4byte	0x30
 161 007a 04       		.uleb128 0x4
 162 007b 4B010000 		.4byte	.LASF10
 163 007f 02       		.byte	0x2
 164 0080 5C       		.byte	0x5c
 165 0081 3E000000 		.4byte	0x3e
 166 0085 02       		.uleb128 0x2
 167 0086 04       		.byte	0x4
 168 0087 04       		.byte	0x4
 169 0088 84000000 		.4byte	.LASF11
 170 008c 02       		.uleb128 0x2
 171 008d 08       		.byte	0x8
 172 008e 04       		.byte	0x4
 173 008f 32010000 		.4byte	.LASF12
 174 0093 02       		.uleb128 0x2
 175 0094 01       		.byte	0x1
 176 0095 08       		.byte	0x8
 177 0096 D1010000 		.4byte	.LASF13
 178 009a 04       		.uleb128 0x4
 179 009b A1000000 		.4byte	.LASF14
 180 009f 02       		.byte	0x2
 181 00a0 F0       		.byte	0xf0
 182 00a1 A5000000 		.4byte	0xa5
 183 00a5 05       		.uleb128 0x5
 184 00a6 6F000000 		.4byte	0x6f
 185 00aa 02       		.uleb128 0x2
ARM GAS  C:\Users\Luke\AppData\Local\Temp\cc7wnSt6.s 			page 6


 186 00ab 04       		.byte	0x4
 187 00ac 07       		.byte	0x7
 188 00ad 9A010000 		.4byte	.LASF15
 189 00b1 06       		.uleb128 0x6
 190 00b2 0C       		.byte	0xc
 191 00b3 03       		.byte	0x3
 192 00b4 74       		.byte	0x74
 193 00b5 38010000 		.4byte	0x138
 194 00b9 07       		.uleb128 0x7
 195 00ba 39010000 		.4byte	.LASF16
 196 00be 03       		.byte	0x3
 197 00bf 76       		.byte	0x76
 198 00c0 6F000000 		.4byte	0x6f
 199 00c4 02       		.byte	0x2
 200 00c5 23       		.byte	0x23
 201 00c6 00       		.uleb128 0
 202 00c7 07       		.uleb128 0x7
 203 00c8 52010000 		.4byte	.LASF17
 204 00cc 03       		.byte	0x3
 205 00cd 77       		.byte	0x77
 206 00ce 6F000000 		.4byte	0x6f
 207 00d2 02       		.byte	0x2
 208 00d3 23       		.byte	0x23
 209 00d4 01       		.uleb128 0x1
 210 00d5 07       		.uleb128 0x7
 211 00d6 81010000 		.4byte	.LASF18
 212 00da 03       		.byte	0x3
 213 00db 78       		.byte	0x78
 214 00dc 6F000000 		.4byte	0x6f
 215 00e0 02       		.byte	0x2
 216 00e1 23       		.byte	0x23
 217 00e2 02       		.uleb128 0x2
 218 00e3 07       		.uleb128 0x7
 219 00e4 8A000000 		.4byte	.LASF19
 220 00e8 03       		.byte	0x3
 221 00e9 79       		.byte	0x79
 222 00ea 6F000000 		.4byte	0x6f
 223 00ee 02       		.byte	0x2
 224 00ef 23       		.byte	0x23
 225 00f0 03       		.uleb128 0x3
 226 00f1 07       		.uleb128 0x7
 227 00f2 B8000000 		.4byte	.LASF20
 228 00f6 03       		.byte	0x3
 229 00f7 7A       		.byte	0x7a
 230 00f8 6F000000 		.4byte	0x6f
 231 00fc 02       		.byte	0x2
 232 00fd 23       		.byte	0x23
 233 00fe 04       		.uleb128 0x4
 234 00ff 07       		.uleb128 0x7
 235 0100 A3010000 		.4byte	.LASF21
 236 0104 03       		.byte	0x3
 237 0105 7B       		.byte	0x7b
 238 0106 6F000000 		.4byte	0x6f
 239 010a 02       		.byte	0x2
 240 010b 23       		.byte	0x23
 241 010c 05       		.uleb128 0x5
 242 010d 07       		.uleb128 0x7
ARM GAS  C:\Users\Luke\AppData\Local\Temp\cc7wnSt6.s 			page 7


 243 010e 40010000 		.4byte	.LASF22
 244 0112 03       		.byte	0x3
 245 0113 7C       		.byte	0x7c
 246 0114 7A000000 		.4byte	0x7a
 247 0118 02       		.byte	0x2
 248 0119 23       		.byte	0x23
 249 011a 06       		.uleb128 0x6
 250 011b 07       		.uleb128 0x7
 251 011c D6010000 		.4byte	.LASF23
 252 0120 03       		.byte	0x3
 253 0121 7D       		.byte	0x7d
 254 0122 7A000000 		.4byte	0x7a
 255 0126 02       		.byte	0x2
 256 0127 23       		.byte	0x23
 257 0128 08       		.uleb128 0x8
 258 0129 07       		.uleb128 0x7
 259 012a 3A020000 		.4byte	.LASF24
 260 012e 03       		.byte	0x3
 261 012f 7E       		.byte	0x7e
 262 0130 6F000000 		.4byte	0x6f
 263 0134 02       		.byte	0x2
 264 0135 23       		.byte	0x23
 265 0136 0A       		.uleb128 0xa
 266 0137 00       		.byte	0
 267 0138 04       		.uleb128 0x4
 268 0139 B8010000 		.4byte	.LASF25
 269 013d 03       		.byte	0x3
 270 013e 7F       		.byte	0x7f
 271 013f B1000000 		.4byte	0xb1
 272 0143 08       		.uleb128 0x8
 273 0144 01       		.byte	0x1
 274 0145 49000000 		.4byte	.LASF33
 275 0149 01       		.byte	0x1
 276 014a 30       		.byte	0x30
 277 014b 01       		.byte	0x1
 278 014c 6F000000 		.4byte	0x6f
 279 0150 00000000 		.4byte	.LFB0
 280 0154 50000000 		.4byte	.LFE0
 281 0158 02       		.byte	0x2
 282 0159 7D       		.byte	0x7d
 283 015a 00       		.sleb128 0
 284 015b 01       		.byte	0x1
 285 015c 86010000 		.4byte	0x186
 286 0160 09       		.uleb128 0x9
 287 0161 8B010000 		.4byte	.LASF26
 288 0165 01       		.byte	0x1
 289 0166 32       		.byte	0x32
 290 0167 6F000000 		.4byte	0x6f
 291 016b 00       		.byte	0
 292 016c 0A       		.uleb128 0xa
 293 016d 22010000 		.4byte	.LASF27
 294 0171 01       		.byte	0x1
 295 0172 33       		.byte	0x33
 296 0173 6F000000 		.4byte	0x6f
 297 0177 00000000 		.4byte	.LLST0
 298 017b 0B       		.uleb128 0xb
 299 017c 3C000000 		.4byte	.LVL6
ARM GAS  C:\Users\Luke\AppData\Local\Temp\cc7wnSt6.s 			page 8


 300 0180 01       		.byte	0x1
 301 0181 C0010000 		.4byte	0x1c0
 302 0185 00       		.byte	0
 303 0186 0C       		.uleb128 0xc
 304 0187 BD000000 		.4byte	.LASF28
 305 018b 04       		.byte	0x4
 306 018c 32       		.byte	0x32
 307 018d 93010000 		.4byte	0x193
 308 0191 01       		.byte	0x1
 309 0192 01       		.byte	0x1
 310 0193 0D       		.uleb128 0xd
 311 0194 04       		.byte	0x4
 312 0195 99010000 		.4byte	0x199
 313 0199 0E       		.uleb128 0xe
 314 019a 6F000000 		.4byte	0x6f
 315 019e 0F       		.uleb128 0xf
 316 019f 38010000 		.4byte	0x138
 317 01a3 AE010000 		.4byte	0x1ae
 318 01a7 10       		.uleb128 0x10
 319 01a8 AA000000 		.4byte	0xaa
 320 01ac 08       		.byte	0x8
 321 01ad 00       		.byte	0
 322 01ae 0C       		.uleb128 0xc
 323 01af 29000000 		.4byte	.LASF29
 324 01b3 04       		.byte	0x4
 325 01b4 34       		.byte	0x34
 326 01b5 BB010000 		.4byte	0x1bb
 327 01b9 01       		.byte	0x1
 328 01ba 01       		.byte	0x1
 329 01bb 05       		.uleb128 0x5
 330 01bc 9E010000 		.4byte	0x19e
 331 01c0 11       		.uleb128 0x11
 332 01c1 01       		.byte	0x1
 333 01c2 65000000 		.4byte	.LASF34
 334 01c6 04       		.byte	0x4
 335 01c7 7A       		.byte	0x7a
 336 01c8 01       		.byte	0x1
 337 01c9 6F000000 		.4byte	0x6f
 338 01cd 01       		.byte	0x1
 339 01ce 00       		.byte	0
 340              		.section	.debug_abbrev,"",%progbits
 341              	.Ldebug_abbrev0:
 342 0000 01       		.uleb128 0x1
 343 0001 11       		.uleb128 0x11
 344 0002 01       		.byte	0x1
 345 0003 25       		.uleb128 0x25
 346 0004 0E       		.uleb128 0xe
 347 0005 13       		.uleb128 0x13
 348 0006 0B       		.uleb128 0xb
 349 0007 03       		.uleb128 0x3
 350 0008 0E       		.uleb128 0xe
 351 0009 1B       		.uleb128 0x1b
 352 000a 0E       		.uleb128 0xe
 353 000b 55       		.uleb128 0x55
 354 000c 06       		.uleb128 0x6
 355 000d 11       		.uleb128 0x11
 356 000e 01       		.uleb128 0x1
ARM GAS  C:\Users\Luke\AppData\Local\Temp\cc7wnSt6.s 			page 9


 357 000f 52       		.uleb128 0x52
 358 0010 01       		.uleb128 0x1
 359 0011 10       		.uleb128 0x10
 360 0012 06       		.uleb128 0x6
 361 0013 00       		.byte	0
 362 0014 00       		.byte	0
 363 0015 02       		.uleb128 0x2
 364 0016 24       		.uleb128 0x24
 365 0017 00       		.byte	0
 366 0018 0B       		.uleb128 0xb
 367 0019 0B       		.uleb128 0xb
 368 001a 3E       		.uleb128 0x3e
 369 001b 0B       		.uleb128 0xb
 370 001c 03       		.uleb128 0x3
 371 001d 0E       		.uleb128 0xe
 372 001e 00       		.byte	0
 373 001f 00       		.byte	0
 374 0020 03       		.uleb128 0x3
 375 0021 24       		.uleb128 0x24
 376 0022 00       		.byte	0
 377 0023 0B       		.uleb128 0xb
 378 0024 0B       		.uleb128 0xb
 379 0025 3E       		.uleb128 0x3e
 380 0026 0B       		.uleb128 0xb
 381 0027 03       		.uleb128 0x3
 382 0028 08       		.uleb128 0x8
 383 0029 00       		.byte	0
 384 002a 00       		.byte	0
 385 002b 04       		.uleb128 0x4
 386 002c 16       		.uleb128 0x16
 387 002d 00       		.byte	0
 388 002e 03       		.uleb128 0x3
 389 002f 0E       		.uleb128 0xe
 390 0030 3A       		.uleb128 0x3a
 391 0031 0B       		.uleb128 0xb
 392 0032 3B       		.uleb128 0x3b
 393 0033 0B       		.uleb128 0xb
 394 0034 49       		.uleb128 0x49
 395 0035 13       		.uleb128 0x13
 396 0036 00       		.byte	0
 397 0037 00       		.byte	0
 398 0038 05       		.uleb128 0x5
 399 0039 35       		.uleb128 0x35
 400 003a 00       		.byte	0
 401 003b 49       		.uleb128 0x49
 402 003c 13       		.uleb128 0x13
 403 003d 00       		.byte	0
 404 003e 00       		.byte	0
 405 003f 06       		.uleb128 0x6
 406 0040 13       		.uleb128 0x13
 407 0041 01       		.byte	0x1
 408 0042 0B       		.uleb128 0xb
 409 0043 0B       		.uleb128 0xb
 410 0044 3A       		.uleb128 0x3a
 411 0045 0B       		.uleb128 0xb
 412 0046 3B       		.uleb128 0x3b
 413 0047 0B       		.uleb128 0xb
ARM GAS  C:\Users\Luke\AppData\Local\Temp\cc7wnSt6.s 			page 10


 414 0048 01       		.uleb128 0x1
 415 0049 13       		.uleb128 0x13
 416 004a 00       		.byte	0
 417 004b 00       		.byte	0
 418 004c 07       		.uleb128 0x7
 419 004d 0D       		.uleb128 0xd
 420 004e 00       		.byte	0
 421 004f 03       		.uleb128 0x3
 422 0050 0E       		.uleb128 0xe
 423 0051 3A       		.uleb128 0x3a
 424 0052 0B       		.uleb128 0xb
 425 0053 3B       		.uleb128 0x3b
 426 0054 0B       		.uleb128 0xb
 427 0055 49       		.uleb128 0x49
 428 0056 13       		.uleb128 0x13
 429 0057 38       		.uleb128 0x38
 430 0058 0A       		.uleb128 0xa
 431 0059 00       		.byte	0
 432 005a 00       		.byte	0
 433 005b 08       		.uleb128 0x8
 434 005c 2E       		.uleb128 0x2e
 435 005d 01       		.byte	0x1
 436 005e 3F       		.uleb128 0x3f
 437 005f 0C       		.uleb128 0xc
 438 0060 03       		.uleb128 0x3
 439 0061 0E       		.uleb128 0xe
 440 0062 3A       		.uleb128 0x3a
 441 0063 0B       		.uleb128 0xb
 442 0064 3B       		.uleb128 0x3b
 443 0065 0B       		.uleb128 0xb
 444 0066 27       		.uleb128 0x27
 445 0067 0C       		.uleb128 0xc
 446 0068 49       		.uleb128 0x49
 447 0069 13       		.uleb128 0x13
 448 006a 11       		.uleb128 0x11
 449 006b 01       		.uleb128 0x1
 450 006c 12       		.uleb128 0x12
 451 006d 01       		.uleb128 0x1
 452 006e 40       		.uleb128 0x40
 453 006f 0A       		.uleb128 0xa
 454 0070 9742     		.uleb128 0x2117
 455 0072 0C       		.uleb128 0xc
 456 0073 01       		.uleb128 0x1
 457 0074 13       		.uleb128 0x13
 458 0075 00       		.byte	0
 459 0076 00       		.byte	0
 460 0077 09       		.uleb128 0x9
 461 0078 34       		.uleb128 0x34
 462 0079 00       		.byte	0
 463 007a 03       		.uleb128 0x3
 464 007b 0E       		.uleb128 0xe
 465 007c 3A       		.uleb128 0x3a
 466 007d 0B       		.uleb128 0xb
 467 007e 3B       		.uleb128 0x3b
 468 007f 0B       		.uleb128 0xb
 469 0080 49       		.uleb128 0x49
 470 0081 13       		.uleb128 0x13
ARM GAS  C:\Users\Luke\AppData\Local\Temp\cc7wnSt6.s 			page 11


 471 0082 1C       		.uleb128 0x1c
 472 0083 0B       		.uleb128 0xb
 473 0084 00       		.byte	0
 474 0085 00       		.byte	0
 475 0086 0A       		.uleb128 0xa
 476 0087 34       		.uleb128 0x34
 477 0088 00       		.byte	0
 478 0089 03       		.uleb128 0x3
 479 008a 0E       		.uleb128 0xe
 480 008b 3A       		.uleb128 0x3a
 481 008c 0B       		.uleb128 0xb
 482 008d 3B       		.uleb128 0x3b
 483 008e 0B       		.uleb128 0xb
 484 008f 49       		.uleb128 0x49
 485 0090 13       		.uleb128 0x13
 486 0091 02       		.uleb128 0x2
 487 0092 06       		.uleb128 0x6
 488 0093 00       		.byte	0
 489 0094 00       		.byte	0
 490 0095 0B       		.uleb128 0xb
 491 0096 898201   		.uleb128 0x4109
 492 0099 00       		.byte	0
 493 009a 11       		.uleb128 0x11
 494 009b 01       		.uleb128 0x1
 495 009c 9542     		.uleb128 0x2115
 496 009e 0C       		.uleb128 0xc
 497 009f 31       		.uleb128 0x31
 498 00a0 13       		.uleb128 0x13
 499 00a1 00       		.byte	0
 500 00a2 00       		.byte	0
 501 00a3 0C       		.uleb128 0xc
 502 00a4 34       		.uleb128 0x34
 503 00a5 00       		.byte	0
 504 00a6 03       		.uleb128 0x3
 505 00a7 0E       		.uleb128 0xe
 506 00a8 3A       		.uleb128 0x3a
 507 00a9 0B       		.uleb128 0xb
 508 00aa 3B       		.uleb128 0x3b
 509 00ab 0B       		.uleb128 0xb
 510 00ac 49       		.uleb128 0x49
 511 00ad 13       		.uleb128 0x13
 512 00ae 3F       		.uleb128 0x3f
 513 00af 0C       		.uleb128 0xc
 514 00b0 3C       		.uleb128 0x3c
 515 00b1 0C       		.uleb128 0xc
 516 00b2 00       		.byte	0
 517 00b3 00       		.byte	0
 518 00b4 0D       		.uleb128 0xd
 519 00b5 0F       		.uleb128 0xf
 520 00b6 00       		.byte	0
 521 00b7 0B       		.uleb128 0xb
 522 00b8 0B       		.uleb128 0xb
 523 00b9 49       		.uleb128 0x49
 524 00ba 13       		.uleb128 0x13
 525 00bb 00       		.byte	0
 526 00bc 00       		.byte	0
 527 00bd 0E       		.uleb128 0xe
ARM GAS  C:\Users\Luke\AppData\Local\Temp\cc7wnSt6.s 			page 12


 528 00be 26       		.uleb128 0x26
 529 00bf 00       		.byte	0
 530 00c0 49       		.uleb128 0x49
 531 00c1 13       		.uleb128 0x13
 532 00c2 00       		.byte	0
 533 00c3 00       		.byte	0
 534 00c4 0F       		.uleb128 0xf
 535 00c5 01       		.uleb128 0x1
 536 00c6 01       		.byte	0x1
 537 00c7 49       		.uleb128 0x49
 538 00c8 13       		.uleb128 0x13
 539 00c9 01       		.uleb128 0x1
 540 00ca 13       		.uleb128 0x13
 541 00cb 00       		.byte	0
 542 00cc 00       		.byte	0
 543 00cd 10       		.uleb128 0x10
 544 00ce 21       		.uleb128 0x21
 545 00cf 00       		.byte	0
 546 00d0 49       		.uleb128 0x49
 547 00d1 13       		.uleb128 0x13
 548 00d2 2F       		.uleb128 0x2f
 549 00d3 0B       		.uleb128 0xb
 550 00d4 00       		.byte	0
 551 00d5 00       		.byte	0
 552 00d6 11       		.uleb128 0x11
 553 00d7 2E       		.uleb128 0x2e
 554 00d8 00       		.byte	0
 555 00d9 3F       		.uleb128 0x3f
 556 00da 0C       		.uleb128 0xc
 557 00db 03       		.uleb128 0x3
 558 00dc 0E       		.uleb128 0xe
 559 00dd 3A       		.uleb128 0x3a
 560 00de 0B       		.uleb128 0xb
 561 00df 3B       		.uleb128 0x3b
 562 00e0 0B       		.uleb128 0xb
 563 00e1 27       		.uleb128 0x27
 564 00e2 0C       		.uleb128 0xc
 565 00e3 49       		.uleb128 0x49
 566 00e4 13       		.uleb128 0x13
 567 00e5 3C       		.uleb128 0x3c
 568 00e6 0C       		.uleb128 0xc
 569 00e7 00       		.byte	0
 570 00e8 00       		.byte	0
 571 00e9 00       		.byte	0
 572              		.section	.debug_loc,"",%progbits
 573              	.Ldebug_loc0:
 574              	.LLST0:
 575 0000 00000000 		.4byte	.LVL0
 576 0004 24000000 		.4byte	.LVL1
 577 0008 0200     		.2byte	0x2
 578 000a 30       		.byte	0x30
 579 000b 9F       		.byte	0x9f
 580 000c 24000000 		.4byte	.LVL1
 581 0010 26000000 		.4byte	.LVL2
 582 0014 0100     		.2byte	0x1
 583 0016 53       		.byte	0x53
 584 0017 26000000 		.4byte	.LVL2
ARM GAS  C:\Users\Luke\AppData\Local\Temp\cc7wnSt6.s 			page 13


 585 001b 2A000000 		.4byte	.LVL3
 586 001f 0200     		.2byte	0x2
 587 0021 30       		.byte	0x30
 588 0022 9F       		.byte	0x9f
 589 0023 2A000000 		.4byte	.LVL3
 590 0027 2C000000 		.4byte	.LVL4
 591 002b 0100     		.2byte	0x1
 592 002d 53       		.byte	0x53
 593 002e 2C000000 		.4byte	.LVL4
 594 0032 2E000000 		.4byte	.LVL5
 595 0036 0200     		.2byte	0x2
 596 0038 30       		.byte	0x30
 597 0039 9F       		.byte	0x9f
 598 003a 2E000000 		.4byte	.LVL5
 599 003e 3B000000 		.4byte	.LVL6-1
 600 0042 0100     		.2byte	0x1
 601 0044 53       		.byte	0x53
 602 0045 3C000000 		.4byte	.LVL6
 603 0049 50000000 		.4byte	.LFE0
 604 004d 0100     		.2byte	0x1
 605 004f 53       		.byte	0x53
 606 0050 00000000 		.4byte	0
 607 0054 00000000 		.4byte	0
 608              		.section	.debug_aranges,"",%progbits
 609 0000 1C000000 		.4byte	0x1c
 610 0004 0200     		.2byte	0x2
 611 0006 00000000 		.4byte	.Ldebug_info0
 612 000a 04       		.byte	0x4
 613 000b 00       		.byte	0
 614 000c 0000     		.2byte	0
 615 000e 0000     		.2byte	0
 616 0010 00000000 		.4byte	.LFB0
 617 0014 50000000 		.4byte	.LFE0-.LFB0
 618 0018 00000000 		.4byte	0
 619 001c 00000000 		.4byte	0
 620              		.section	.debug_ranges,"",%progbits
 621              	.Ldebug_ranges0:
 622 0000 00000000 		.4byte	.LFB0
 623 0004 50000000 		.4byte	.LFE0
 624 0008 00000000 		.4byte	0
 625 000c 00000000 		.4byte	0
 626              		.section	.debug_line,"",%progbits
 627              	.Ldebug_line0:
 628 0000 9E000000 		.section	.debug_str,"MS",%progbits,1
 628      02006E00 
 628      00000201 
 628      FB0E0D00 
 628      01010101 
 629              	.LASF31:
 630 0000 2E5C4765 		.ascii	".\\Generated_Source\\PSoC5\\USBUART_1_cls.c\000"
 630      6E657261 
 630      7465645F 
 630      536F7572 
 630      63655C50 
 631              	.LASF29:
 632 0029 55534255 		.ascii	"USBUART_1_EP\000"
 632      4152545F 
ARM GAS  C:\Users\Luke\AppData\Local\Temp\cc7wnSt6.s 			page 14


 632      315F4550 
 632      00
 633              	.LASF3:
 634 0036 73686F72 		.ascii	"short unsigned int\000"
 634      7420756E 
 634      7369676E 
 634      65642069 
 634      6E7400
 635              	.LASF33:
 636 0049 55534255 		.ascii	"USBUART_1_DispatchClassRqst\000"
 636      4152545F 
 636      315F4469 
 636      73706174 
 636      6368436C 
 637              	.LASF34:
 638 0065 55534255 		.ascii	"USBUART_1_DispatchCDCClassRqst\000"
 638      4152545F 
 638      315F4469 
 638      73706174 
 638      63684344 
 639              	.LASF11:
 640 0084 666C6F61 		.ascii	"float\000"
 640      7400
 641              	.LASF19:
 642 008a 6570546F 		.ascii	"epToggle\000"
 642      67676C65 
 642      00
 643              	.LASF1:
 644 0093 756E7369 		.ascii	"unsigned char\000"
 644      676E6564 
 644      20636861 
 644      7200
 645              	.LASF14:
 646 00a1 72656738 		.ascii	"reg8\000"
 646      00
 647              	.LASF5:
 648 00a6 6C6F6E67 		.ascii	"long unsigned int\000"
 648      20756E73 
 648      69676E65 
 648      6420696E 
 648      7400
 649              	.LASF20:
 650 00b8 61646472 		.ascii	"addr\000"
 650      00
 651              	.LASF28:
 652 00bd 55534255 		.ascii	"USBUART_1_interfaceClass\000"
 652      4152545F 
 652      315F696E 
 652      74657266 
 652      61636543 
 653              	.LASF32:
 654 00d6 433A5C55 		.ascii	"C:\\Users\\Luke\\Desktop\\Laserschutzschaltung.cyds"
 654      73657273 
 654      5C4C756B 
 654      655C4465 
 654      736B746F 
 655 0105 6E5C4C61 		.ascii	"n\\Laserschutzschaltung.cydsn\000"
ARM GAS  C:\Users\Luke\AppData\Local\Temp\cc7wnSt6.s 			page 15


 655      73657273 
 655      63687574 
 655      7A736368 
 655      616C7475 
 656              	.LASF27:
 657 0122 696E7465 		.ascii	"interfaceNumber\000"
 657      72666163 
 657      654E756D 
 657      62657200 
 658              	.LASF12:
 659 0132 646F7562 		.ascii	"double\000"
 659      6C6500
 660              	.LASF16:
 661 0139 61747472 		.ascii	"attrib\000"
 661      696200
 662              	.LASF22:
 663 0140 62756666 		.ascii	"buffOffset\000"
 663      4F666673 
 663      657400
 664              	.LASF10:
 665 014b 75696E74 		.ascii	"uint16\000"
 665      313600
 666              	.LASF17:
 667 0152 61706945 		.ascii	"apiEpState\000"
 667      70537461 
 667      746500
 668              	.LASF8:
 669 015d 756E7369 		.ascii	"unsigned int\000"
 669      676E6564 
 669      20696E74 
 669      00
 670              	.LASF7:
 671 016a 6C6F6E67 		.ascii	"long long unsigned int\000"
 671      206C6F6E 
 671      6720756E 
 671      7369676E 
 671      65642069 
 672              	.LASF18:
 673 0181 68774570 		.ascii	"hwEpState\000"
 673      53746174 
 673      6500
 674              	.LASF26:
 675 018b 72657175 		.ascii	"requestHandled\000"
 675      65737448 
 675      616E646C 
 675      656400
 676              	.LASF15:
 677 019a 73697A65 		.ascii	"sizetype\000"
 677      74797065 
 677      00
 678              	.LASF21:
 679 01a3 65704D6F 		.ascii	"epMode\000"
 679      646500
 680              	.LASF6:
 681 01aa 6C6F6E67 		.ascii	"long long int\000"
 681      206C6F6E 
 681      6720696E 
ARM GAS  C:\Users\Luke\AppData\Local\Temp\cc7wnSt6.s 			page 16


 681      7400
 682              	.LASF25:
 683 01b8 545F5553 		.ascii	"T_USBUART_1_EP_CTL_BLOCK\000"
 683      42554152 
 683      545F315F 
 683      45505F43 
 683      544C5F42 
 684              	.LASF13:
 685 01d1 63686172 		.ascii	"char\000"
 685      00
 686              	.LASF23:
 687 01d6 62756666 		.ascii	"bufferSize\000"
 687      65725369 
 687      7A6500
 688              	.LASF2:
 689 01e1 73686F72 		.ascii	"short int\000"
 689      7420696E 
 689      7400
 690              	.LASF9:
 691 01eb 75696E74 		.ascii	"uint8\000"
 691      3800
 692              	.LASF30:
 693 01f1 474E5520 		.ascii	"GNU C 4.7.3 20130312 (release) [ARM/embedded-4_7-br"
 693      4320342E 
 693      372E3320 
 693      32303133 
 693      30333132 
 694 0224 616E6368 		.ascii	"anch revision 196615]\000"
 694      20726576 
 694      6973696F 
 694      6E203139 
 694      36363135 
 695              	.LASF24:
 696 023a 696E7465 		.ascii	"interface\000"
 696      72666163 
 696      6500
 697              	.LASF4:
 698 0244 6C6F6E67 		.ascii	"long int\000"
 698      20696E74 
 698      00
 699              	.LASF0:
 700 024d 7369676E 		.ascii	"signed char\000"
 700      65642063 
 700      68617200 
 701              		.ident	"GCC: (GNU Tools for ARM Embedded Processors) 4.7.3 20130312 (release) [ARM/embedded-4_7-br
