ARM GAS  C:\Users\Luke\AppData\Local\Temp\ccKeF2k3.s 			page 1


   1              		.syntax unified
   2              		.cpu cortex-m3
   3              		.fpu softvfp
   4              		.eabi_attribute 20, 1
   5              		.eabi_attribute 21, 1
   6              		.eabi_attribute 23, 3
   7              		.eabi_attribute 24, 1
   8              		.eabi_attribute 25, 1
   9              		.eabi_attribute 26, 1
  10              		.eabi_attribute 30, 4
  11              		.eabi_attribute 34, 1
  12              		.eabi_attribute 18, 4
  13              		.thumb
  14              		.file	"USBUART_1_episr.c"
  15              		.text
  16              	.Ltext0:
  17              		.cfi_sections	.debug_frame
  18              		.section	.text.USBUART_1_EP_1_ISR,"ax",%progbits
  19              		.align	1
  20              		.global	USBUART_1_EP_1_ISR
  21              		.thumb
  22              		.thumb_func
  23              		.type	USBUART_1_EP_1_ISR, %function
  24              	USBUART_1_EP_1_ISR:
  25              	.LFB0:
  26              		.file 1 ".\\Generated_Source\\PSoC5\\USBUART_1_episr.c"
   1:.\Generated_Source\PSoC5/USBUART_1_episr.c **** /*******************************************************************************
   2:.\Generated_Source\PSoC5/USBUART_1_episr.c **** * File Name: USBUART_1_episr.c
   3:.\Generated_Source\PSoC5/USBUART_1_episr.c **** * Version 2.60
   4:.\Generated_Source\PSoC5/USBUART_1_episr.c **** *
   5:.\Generated_Source\PSoC5/USBUART_1_episr.c **** * Description:
   6:.\Generated_Source\PSoC5/USBUART_1_episr.c **** *  Data endpoint Interrupt Service Routines
   7:.\Generated_Source\PSoC5/USBUART_1_episr.c **** *
   8:.\Generated_Source\PSoC5/USBUART_1_episr.c **** * Note:
   9:.\Generated_Source\PSoC5/USBUART_1_episr.c **** *
  10:.\Generated_Source\PSoC5/USBUART_1_episr.c **** ********************************************************************************
  11:.\Generated_Source\PSoC5/USBUART_1_episr.c **** * Copyright 2008-2013, Cypress Semiconductor Corporation.  All rights reserved.
  12:.\Generated_Source\PSoC5/USBUART_1_episr.c **** * You may use this file only in accordance with the license, terms, conditions,
  13:.\Generated_Source\PSoC5/USBUART_1_episr.c **** * disclaimers, and limitations in the end user license agreement accompanying
  14:.\Generated_Source\PSoC5/USBUART_1_episr.c **** * the software package with which this file was provided.
  15:.\Generated_Source\PSoC5/USBUART_1_episr.c **** *******************************************************************************/
  16:.\Generated_Source\PSoC5/USBUART_1_episr.c **** 
  17:.\Generated_Source\PSoC5/USBUART_1_episr.c **** #include "USBUART_1.h"
  18:.\Generated_Source\PSoC5/USBUART_1_episr.c **** #include "USBUART_1_pvt.h"
  19:.\Generated_Source\PSoC5/USBUART_1_episr.c **** #if defined(USBUART_1_ENABLE_MIDI_STREAMING) && (USBUART_1_ENABLE_MIDI_API != 0u)
  20:.\Generated_Source\PSoC5/USBUART_1_episr.c ****     #include "USBUART_1_midi.h"
  21:.\Generated_Source\PSoC5/USBUART_1_episr.c **** #endif /* End USBUART_1_ENABLE_MIDI_STREAMING*/
  22:.\Generated_Source\PSoC5/USBUART_1_episr.c **** 
  23:.\Generated_Source\PSoC5/USBUART_1_episr.c **** 
  24:.\Generated_Source\PSoC5/USBUART_1_episr.c **** /***************************************
  25:.\Generated_Source\PSoC5/USBUART_1_episr.c **** * Custom Declarations
  26:.\Generated_Source\PSoC5/USBUART_1_episr.c **** ***************************************/
  27:.\Generated_Source\PSoC5/USBUART_1_episr.c **** /* `#START CUSTOM_DECLARATIONS` Place your declaration here */
  28:.\Generated_Source\PSoC5/USBUART_1_episr.c **** 
  29:.\Generated_Source\PSoC5/USBUART_1_episr.c **** /* `#END` */
  30:.\Generated_Source\PSoC5/USBUART_1_episr.c **** 
  31:.\Generated_Source\PSoC5/USBUART_1_episr.c **** 
ARM GAS  C:\Users\Luke\AppData\Local\Temp\ccKeF2k3.s 			page 2


  32:.\Generated_Source\PSoC5/USBUART_1_episr.c **** #if(USBUART_1_EP1_ISR_REMOVE == 0u)
  33:.\Generated_Source\PSoC5/USBUART_1_episr.c **** 
  34:.\Generated_Source\PSoC5/USBUART_1_episr.c **** 
  35:.\Generated_Source\PSoC5/USBUART_1_episr.c ****     /******************************************************************************
  36:.\Generated_Source\PSoC5/USBUART_1_episr.c ****     * Function Name: USBUART_1_EP_1_ISR
  37:.\Generated_Source\PSoC5/USBUART_1_episr.c ****     *******************************************************************************
  38:.\Generated_Source\PSoC5/USBUART_1_episr.c ****     *
  39:.\Generated_Source\PSoC5/USBUART_1_episr.c ****     * Summary:
  40:.\Generated_Source\PSoC5/USBUART_1_episr.c ****     *  Endpoint 1 Interrupt Service Routine
  41:.\Generated_Source\PSoC5/USBUART_1_episr.c ****     *
  42:.\Generated_Source\PSoC5/USBUART_1_episr.c ****     * Parameters:
  43:.\Generated_Source\PSoC5/USBUART_1_episr.c ****     *  None.
  44:.\Generated_Source\PSoC5/USBUART_1_episr.c ****     *
  45:.\Generated_Source\PSoC5/USBUART_1_episr.c ****     * Return:
  46:.\Generated_Source\PSoC5/USBUART_1_episr.c ****     *  None.
  47:.\Generated_Source\PSoC5/USBUART_1_episr.c ****     *
  48:.\Generated_Source\PSoC5/USBUART_1_episr.c ****     ******************************************************************************/
  49:.\Generated_Source\PSoC5/USBUART_1_episr.c ****     CY_ISR(USBUART_1_EP_1_ISR)
  50:.\Generated_Source\PSoC5/USBUART_1_episr.c ****     {
  27              		.loc 1 50 0
  28              		.cfi_startproc
  29              		@ args = 0, pretend = 0, frame = 0
  30              		@ frame_needed = 0, uses_anonymous_args = 0
  31              		@ link register save eliminated.
  51:.\Generated_Source\PSoC5/USBUART_1_episr.c ****         #if (defined(USBUART_1_ENABLE_MIDI_STREAMING) && USBUART_1_ISR_SERVICE_MIDI_OUT && CY_PSOC3
  52:.\Generated_Source\PSoC5/USBUART_1_episr.c ****             uint8 int_en;
  53:.\Generated_Source\PSoC5/USBUART_1_episr.c ****         #endif /* USBUART_1_ISR_SERVICE_MIDI_OUT && CY_PSOC3 */
  54:.\Generated_Source\PSoC5/USBUART_1_episr.c **** 
  55:.\Generated_Source\PSoC5/USBUART_1_episr.c ****         /* `#START EP1_USER_CODE` Place your code here */
  56:.\Generated_Source\PSoC5/USBUART_1_episr.c **** 
  57:.\Generated_Source\PSoC5/USBUART_1_episr.c ****         /* `#END` */
  58:.\Generated_Source\PSoC5/USBUART_1_episr.c **** 
  59:.\Generated_Source\PSoC5/USBUART_1_episr.c ****         #if (defined(USBUART_1_ENABLE_MIDI_STREAMING) && USBUART_1_ISR_SERVICE_MIDI_OUT && CY_PSOC3
  60:.\Generated_Source\PSoC5/USBUART_1_episr.c ****             int_en = EA;
  61:.\Generated_Source\PSoC5/USBUART_1_episr.c ****             CyGlobalIntEnable;  /* Make sure nested interrupt is enabled */
  62:.\Generated_Source\PSoC5/USBUART_1_episr.c ****         #endif /* USBUART_1_ISR_SERVICE_MIDI_OUT && CY_PSOC3 */
  63:.\Generated_Source\PSoC5/USBUART_1_episr.c **** 
  64:.\Generated_Source\PSoC5/USBUART_1_episr.c ****         CY_GET_REG8(USBUART_1_SIE_EP1_CR0_PTR); /* Must read the mode reg */
  32              		.loc 1 64 0
  33 0000 094B     		ldr	r3, .L7
  65:.\Generated_Source\PSoC5/USBUART_1_episr.c ****         /* Do not toggle ISOC endpoint */
  66:.\Generated_Source\PSoC5/USBUART_1_episr.c ****         if((USBUART_1_EP[USBUART_1_EP1].attrib & USBUART_1_EP_TYPE_MASK) !=
  34              		.loc 1 66 0
  35 0002 0A48     		ldr	r0, .L7+4
  64:.\Generated_Source\PSoC5/USBUART_1_episr.c ****         CY_GET_REG8(USBUART_1_SIE_EP1_CR0_PTR); /* Must read the mode reg */
  36              		.loc 1 64 0
  37 0004 1B78     		ldrb	r3, [r3, #0]	@ zero_extendqisi2
  38              		.loc 1 66 0
  39 0006 027B     		ldrb	r2, [r0, #12]	@ zero_extendqisi2
  40 0008 02F00301 		and	r1, r2, #3
  41 000c 0129     		cmp	r1, #1
  42 000e 03D0     		beq	.L2
  67:.\Generated_Source\PSoC5/USBUART_1_episr.c ****                                                                                     USBUART_1_EP_TY
  68:.\Generated_Source\PSoC5/USBUART_1_episr.c ****         {
  69:.\Generated_Source\PSoC5/USBUART_1_episr.c ****             USBUART_1_EP[USBUART_1_EP1].epToggle ^= USBUART_1_EPX_CNT_DATA_TOGGLE;
  43              		.loc 1 69 0
  44 0010 C37B     		ldrb	r3, [r0, #15]	@ zero_extendqisi2
ARM GAS  C:\Users\Luke\AppData\Local\Temp\ccKeF2k3.s 			page 3


  45 0012 83F08002 		eor	r2, r3, #128
  46 0016 C273     		strb	r2, [r0, #15]
  47              	.L2:
  70:.\Generated_Source\PSoC5/USBUART_1_episr.c ****         }
  71:.\Generated_Source\PSoC5/USBUART_1_episr.c ****         USBUART_1_EP[USBUART_1_EP1].apiEpState = USBUART_1_EVENT_PENDING;
  48              		.loc 1 71 0
  49 0018 0121     		movs	r1, #1
  50 001a 4173     		strb	r1, [r0, #13]
  72:.\Generated_Source\PSoC5/USBUART_1_episr.c ****         CY_SET_REG8(USBUART_1_SIE_EP_INT_SR_PTR, CY_GET_REG8(USBUART_1_SIE_EP_INT_SR_PTR) &
  51              		.loc 1 72 0
  52 001c 0448     		ldr	r0, .L7+8
  53 001e 0378     		ldrb	r3, [r0, #0]	@ zero_extendqisi2
  54 0020 03F0FE02 		and	r2, r3, #254
  55 0024 0270     		strb	r2, [r0, #0]
  56 0026 7047     		bx	lr
  57              	.L8:
  58              		.align	2
  59              	.L7:
  60 0028 0E600040 		.word	1073766414
  61 002c 00000000 		.word	USBUART_1_EP
  62 0030 0B600040 		.word	1073766411
  63              		.cfi_endproc
  64              	.LFE0:
  65              		.size	USBUART_1_EP_1_ISR, .-USBUART_1_EP_1_ISR
  66              		.section	.text.USBUART_1_EP_2_ISR,"ax",%progbits
  67              		.align	1
  68              		.global	USBUART_1_EP_2_ISR
  69              		.thumb
  70              		.thumb_func
  71              		.type	USBUART_1_EP_2_ISR, %function
  72              	USBUART_1_EP_2_ISR:
  73              	.LFB1:
  73:.\Generated_Source\PSoC5/USBUART_1_episr.c ****                                                                     (uint8)~USBUART_1_SIE_EP_INT_EP
  74:.\Generated_Source\PSoC5/USBUART_1_episr.c **** 
  75:.\Generated_Source\PSoC5/USBUART_1_episr.c ****         #if( defined(USBUART_1_ENABLE_MIDI_STREAMING) && USBUART_1_ISR_SERVICE_MIDI_OUT )
  76:.\Generated_Source\PSoC5/USBUART_1_episr.c ****             if(USBUART_1_midi_out_ep == USBUART_1_EP1)
  77:.\Generated_Source\PSoC5/USBUART_1_episr.c ****             {
  78:.\Generated_Source\PSoC5/USBUART_1_episr.c ****                 USBUART_1_MIDI_OUT_EP_Service();
  79:.\Generated_Source\PSoC5/USBUART_1_episr.c ****             }
  80:.\Generated_Source\PSoC5/USBUART_1_episr.c ****         #endif /* End USBUART_1_ISR_SERVICE_MIDI_OUT */
  81:.\Generated_Source\PSoC5/USBUART_1_episr.c **** 
  82:.\Generated_Source\PSoC5/USBUART_1_episr.c ****         /* `#START EP1_END_USER_CODE` Place your code here */
  83:.\Generated_Source\PSoC5/USBUART_1_episr.c **** 
  84:.\Generated_Source\PSoC5/USBUART_1_episr.c ****         /* `#END` */
  85:.\Generated_Source\PSoC5/USBUART_1_episr.c **** 
  86:.\Generated_Source\PSoC5/USBUART_1_episr.c ****         #if ( defined(USBUART_1_ENABLE_MIDI_STREAMING) && USBUART_1_ISR_SERVICE_MIDI_OUT && CY_PSOC
  87:.\Generated_Source\PSoC5/USBUART_1_episr.c ****             EA = int_en;
  88:.\Generated_Source\PSoC5/USBUART_1_episr.c ****         #endif /* USBUART_1_ISR_SERVICE_MIDI_OUT && CY_PSOC3 */
  89:.\Generated_Source\PSoC5/USBUART_1_episr.c ****     }
  90:.\Generated_Source\PSoC5/USBUART_1_episr.c **** 
  91:.\Generated_Source\PSoC5/USBUART_1_episr.c **** #endif   /* End USBUART_1_EP1_ISR_REMOVE */
  92:.\Generated_Source\PSoC5/USBUART_1_episr.c **** 
  93:.\Generated_Source\PSoC5/USBUART_1_episr.c **** 
  94:.\Generated_Source\PSoC5/USBUART_1_episr.c **** #if(USBUART_1_EP2_ISR_REMOVE == 0u)
  95:.\Generated_Source\PSoC5/USBUART_1_episr.c **** 
  96:.\Generated_Source\PSoC5/USBUART_1_episr.c ****     /*******************************************************************************
  97:.\Generated_Source\PSoC5/USBUART_1_episr.c ****     * Function Name: USBUART_1_EP_2_ISR
ARM GAS  C:\Users\Luke\AppData\Local\Temp\ccKeF2k3.s 			page 4


  98:.\Generated_Source\PSoC5/USBUART_1_episr.c ****     ********************************************************************************
  99:.\Generated_Source\PSoC5/USBUART_1_episr.c ****     *
 100:.\Generated_Source\PSoC5/USBUART_1_episr.c ****     * Summary:
 101:.\Generated_Source\PSoC5/USBUART_1_episr.c ****     *  Endpoint 2 Interrupt Service Routine
 102:.\Generated_Source\PSoC5/USBUART_1_episr.c ****     *
 103:.\Generated_Source\PSoC5/USBUART_1_episr.c ****     * Parameters:
 104:.\Generated_Source\PSoC5/USBUART_1_episr.c ****     *  None.
 105:.\Generated_Source\PSoC5/USBUART_1_episr.c ****     *
 106:.\Generated_Source\PSoC5/USBUART_1_episr.c ****     * Return:
 107:.\Generated_Source\PSoC5/USBUART_1_episr.c ****     *  None.
 108:.\Generated_Source\PSoC5/USBUART_1_episr.c ****     *
 109:.\Generated_Source\PSoC5/USBUART_1_episr.c ****     *******************************************************************************/
 110:.\Generated_Source\PSoC5/USBUART_1_episr.c ****     CY_ISR(USBUART_1_EP_2_ISR)
 111:.\Generated_Source\PSoC5/USBUART_1_episr.c ****     {
  74              		.loc 1 111 0
  75              		.cfi_startproc
  76              		@ args = 0, pretend = 0, frame = 0
  77              		@ frame_needed = 0, uses_anonymous_args = 0
  78              		@ link register save eliminated.
 112:.\Generated_Source\PSoC5/USBUART_1_episr.c ****         #if (defined(USBUART_1_ENABLE_MIDI_STREAMING) && USBUART_1_ISR_SERVICE_MIDI_OUT && CY_PSOC3
 113:.\Generated_Source\PSoC5/USBUART_1_episr.c ****             uint8 int_en;
 114:.\Generated_Source\PSoC5/USBUART_1_episr.c ****         #endif /* USBUART_1_ISR_SERVICE_MIDI_OUT && CY_PSOC3 */
 115:.\Generated_Source\PSoC5/USBUART_1_episr.c **** 
 116:.\Generated_Source\PSoC5/USBUART_1_episr.c ****         /* `#START EP2_USER_CODE` Place your code here */
 117:.\Generated_Source\PSoC5/USBUART_1_episr.c **** 
 118:.\Generated_Source\PSoC5/USBUART_1_episr.c ****         /* `#END` */
 119:.\Generated_Source\PSoC5/USBUART_1_episr.c **** 
 120:.\Generated_Source\PSoC5/USBUART_1_episr.c ****         #if (defined(USBUART_1_ENABLE_MIDI_STREAMING) && USBUART_1_ISR_SERVICE_MIDI_OUT && CY_PSOC3
 121:.\Generated_Source\PSoC5/USBUART_1_episr.c ****             int_en = EA;
 122:.\Generated_Source\PSoC5/USBUART_1_episr.c ****             CyGlobalIntEnable;  /* Make sure nested interrupt is enabled */
 123:.\Generated_Source\PSoC5/USBUART_1_episr.c ****         #endif /* USBUART_1_ISR_SERVICE_MIDI_OUT && CY_PSOC3 */
 124:.\Generated_Source\PSoC5/USBUART_1_episr.c **** 
 125:.\Generated_Source\PSoC5/USBUART_1_episr.c ****         CY_GET_REG8(USBUART_1_SIE_EP2_CR0_PTR); /* Must read the mode reg */
  79              		.loc 1 125 0
  80 0000 094B     		ldr	r3, .L14
 126:.\Generated_Source\PSoC5/USBUART_1_episr.c ****         /* Do not toggle ISOC endpoint */
 127:.\Generated_Source\PSoC5/USBUART_1_episr.c ****         if((USBUART_1_EP[USBUART_1_EP2].attrib & USBUART_1_EP_TYPE_MASK) !=
  81              		.loc 1 127 0
  82 0002 0A48     		ldr	r0, .L14+4
 125:.\Generated_Source\PSoC5/USBUART_1_episr.c ****         CY_GET_REG8(USBUART_1_SIE_EP2_CR0_PTR); /* Must read the mode reg */
  83              		.loc 1 125 0
  84 0004 1B78     		ldrb	r3, [r3, #0]	@ zero_extendqisi2
  85              		.loc 1 127 0
  86 0006 027E     		ldrb	r2, [r0, #24]	@ zero_extendqisi2
  87 0008 02F00301 		and	r1, r2, #3
  88 000c 0129     		cmp	r1, #1
  89 000e 03D0     		beq	.L10
 128:.\Generated_Source\PSoC5/USBUART_1_episr.c ****                                                                                     USBUART_1_EP_TY
 129:.\Generated_Source\PSoC5/USBUART_1_episr.c ****         {
 130:.\Generated_Source\PSoC5/USBUART_1_episr.c ****             USBUART_1_EP[USBUART_1_EP2].epToggle ^= USBUART_1_EPX_CNT_DATA_TOGGLE;
  90              		.loc 1 130 0
  91 0010 C37E     		ldrb	r3, [r0, #27]	@ zero_extendqisi2
  92 0012 83F08002 		eor	r2, r3, #128
  93 0016 C276     		strb	r2, [r0, #27]
  94              	.L10:
 131:.\Generated_Source\PSoC5/USBUART_1_episr.c ****         }
 132:.\Generated_Source\PSoC5/USBUART_1_episr.c ****         USBUART_1_EP[USBUART_1_EP2].apiEpState = USBUART_1_EVENT_PENDING;
ARM GAS  C:\Users\Luke\AppData\Local\Temp\ccKeF2k3.s 			page 5


  95              		.loc 1 132 0
  96 0018 0121     		movs	r1, #1
  97 001a 4176     		strb	r1, [r0, #25]
 133:.\Generated_Source\PSoC5/USBUART_1_episr.c ****         CY_SET_REG8(USBUART_1_SIE_EP_INT_SR_PTR, CY_GET_REG8(USBUART_1_SIE_EP_INT_SR_PTR)
  98              		.loc 1 133 0
  99 001c 0448     		ldr	r0, .L14+8
 100 001e 0378     		ldrb	r3, [r0, #0]	@ zero_extendqisi2
 101 0020 03F0FD02 		and	r2, r3, #253
 102 0024 0270     		strb	r2, [r0, #0]
 103 0026 7047     		bx	lr
 104              	.L15:
 105              		.align	2
 106              	.L14:
 107 0028 1E600040 		.word	1073766430
 108 002c 00000000 		.word	USBUART_1_EP
 109 0030 0B600040 		.word	1073766411
 110              		.cfi_endproc
 111              	.LFE1:
 112              		.size	USBUART_1_EP_2_ISR, .-USBUART_1_EP_2_ISR
 113              		.section	.text.USBUART_1_EP_3_ISR,"ax",%progbits
 114              		.align	1
 115              		.global	USBUART_1_EP_3_ISR
 116              		.thumb
 117              		.thumb_func
 118              		.type	USBUART_1_EP_3_ISR, %function
 119              	USBUART_1_EP_3_ISR:
 120              	.LFB2:
 134:.\Generated_Source\PSoC5/USBUART_1_episr.c ****                                                                         & (uint8)~USBUART_1_SIE_EP_
 135:.\Generated_Source\PSoC5/USBUART_1_episr.c **** 
 136:.\Generated_Source\PSoC5/USBUART_1_episr.c ****         #if( defined(USBUART_1_ENABLE_MIDI_STREAMING) && USBUART_1_ISR_SERVICE_MIDI_OUT )
 137:.\Generated_Source\PSoC5/USBUART_1_episr.c ****             if(USBUART_1_midi_out_ep == USBUART_1_EP2)
 138:.\Generated_Source\PSoC5/USBUART_1_episr.c ****             {
 139:.\Generated_Source\PSoC5/USBUART_1_episr.c ****                 USBUART_1_MIDI_OUT_EP_Service();
 140:.\Generated_Source\PSoC5/USBUART_1_episr.c ****             }
 141:.\Generated_Source\PSoC5/USBUART_1_episr.c ****         #endif /* End USBUART_1_ISR_SERVICE_MIDI_OUT */
 142:.\Generated_Source\PSoC5/USBUART_1_episr.c **** 
 143:.\Generated_Source\PSoC5/USBUART_1_episr.c ****         /* `#START EP2_END_USER_CODE` Place your code here */
 144:.\Generated_Source\PSoC5/USBUART_1_episr.c **** 
 145:.\Generated_Source\PSoC5/USBUART_1_episr.c ****         /* `#END` */
 146:.\Generated_Source\PSoC5/USBUART_1_episr.c **** 
 147:.\Generated_Source\PSoC5/USBUART_1_episr.c ****         #if (defined(USBUART_1_ENABLE_MIDI_STREAMING) && USBUART_1_ISR_SERVICE_MIDI_OUT && CY_PSOC3
 148:.\Generated_Source\PSoC5/USBUART_1_episr.c ****             EA = int_en;
 149:.\Generated_Source\PSoC5/USBUART_1_episr.c ****         #endif /* USBUART_1_ISR_SERVICE_MIDI_OUT && CY_PSOC3 */
 150:.\Generated_Source\PSoC5/USBUART_1_episr.c ****     }
 151:.\Generated_Source\PSoC5/USBUART_1_episr.c **** 
 152:.\Generated_Source\PSoC5/USBUART_1_episr.c **** #endif   /* End USBUART_1_EP2_ISR_REMOVE */
 153:.\Generated_Source\PSoC5/USBUART_1_episr.c **** 
 154:.\Generated_Source\PSoC5/USBUART_1_episr.c **** 
 155:.\Generated_Source\PSoC5/USBUART_1_episr.c **** #if(USBUART_1_EP3_ISR_REMOVE == 0u)
 156:.\Generated_Source\PSoC5/USBUART_1_episr.c **** 
 157:.\Generated_Source\PSoC5/USBUART_1_episr.c ****     /*******************************************************************************
 158:.\Generated_Source\PSoC5/USBUART_1_episr.c ****     * Function Name: USBUART_1_EP_3_ISR
 159:.\Generated_Source\PSoC5/USBUART_1_episr.c ****     ********************************************************************************
 160:.\Generated_Source\PSoC5/USBUART_1_episr.c ****     *
 161:.\Generated_Source\PSoC5/USBUART_1_episr.c ****     * Summary:
 162:.\Generated_Source\PSoC5/USBUART_1_episr.c ****     *  Endpoint 3 Interrupt Service Routine
 163:.\Generated_Source\PSoC5/USBUART_1_episr.c ****     *
ARM GAS  C:\Users\Luke\AppData\Local\Temp\ccKeF2k3.s 			page 6


 164:.\Generated_Source\PSoC5/USBUART_1_episr.c ****     * Parameters:
 165:.\Generated_Source\PSoC5/USBUART_1_episr.c ****     *  None.
 166:.\Generated_Source\PSoC5/USBUART_1_episr.c ****     *
 167:.\Generated_Source\PSoC5/USBUART_1_episr.c ****     * Return:
 168:.\Generated_Source\PSoC5/USBUART_1_episr.c ****     *  None.
 169:.\Generated_Source\PSoC5/USBUART_1_episr.c ****     *
 170:.\Generated_Source\PSoC5/USBUART_1_episr.c ****     *******************************************************************************/
 171:.\Generated_Source\PSoC5/USBUART_1_episr.c ****     CY_ISR(USBUART_1_EP_3_ISR)
 172:.\Generated_Source\PSoC5/USBUART_1_episr.c ****     {
 121              		.loc 1 172 0
 122              		.cfi_startproc
 123              		@ args = 0, pretend = 0, frame = 0
 124              		@ frame_needed = 0, uses_anonymous_args = 0
 125              		@ link register save eliminated.
 173:.\Generated_Source\PSoC5/USBUART_1_episr.c ****         #if (defined(USBUART_1_ENABLE_MIDI_STREAMING) && USBUART_1_ISR_SERVICE_MIDI_OUT && CY_PSOC3
 174:.\Generated_Source\PSoC5/USBUART_1_episr.c ****             uint8 int_en;
 175:.\Generated_Source\PSoC5/USBUART_1_episr.c ****         #endif /* USBUART_1_ISR_SERVICE_MIDI_OUT && CY_PSOC3 */
 176:.\Generated_Source\PSoC5/USBUART_1_episr.c **** 
 177:.\Generated_Source\PSoC5/USBUART_1_episr.c ****         /* `#START EP3_USER_CODE` Place your code here */
 178:.\Generated_Source\PSoC5/USBUART_1_episr.c **** 
 179:.\Generated_Source\PSoC5/USBUART_1_episr.c ****         /* `#END` */
 180:.\Generated_Source\PSoC5/USBUART_1_episr.c **** 
 181:.\Generated_Source\PSoC5/USBUART_1_episr.c ****         #if (defined(USBUART_1_ENABLE_MIDI_STREAMING) && USBUART_1_ISR_SERVICE_MIDI_OUT && CY_PSOC3
 182:.\Generated_Source\PSoC5/USBUART_1_episr.c ****             int_en = EA;
 183:.\Generated_Source\PSoC5/USBUART_1_episr.c ****             CyGlobalIntEnable;  /* Make sure nested interrupt is enabled */
 184:.\Generated_Source\PSoC5/USBUART_1_episr.c ****         #endif /* CY_PSOC3 & USBUART_1_ISR_SERVICE_MIDI_OUT  */
 185:.\Generated_Source\PSoC5/USBUART_1_episr.c **** 
 186:.\Generated_Source\PSoC5/USBUART_1_episr.c ****         CY_GET_REG8(USBUART_1_SIE_EP3_CR0_PTR); /* Must read the mode reg */
 126              		.loc 1 186 0
 127 0000 0B4B     		ldr	r3, .L21
 187:.\Generated_Source\PSoC5/USBUART_1_episr.c ****         /* Do not toggle ISOC endpoint */
 188:.\Generated_Source\PSoC5/USBUART_1_episr.c ****         if((USBUART_1_EP[USBUART_1_EP3].attrib & USBUART_1_EP_TYPE_MASK) !=
 128              		.loc 1 188 0
 129 0002 0C48     		ldr	r0, .L21+4
 186:.\Generated_Source\PSoC5/USBUART_1_episr.c ****         CY_GET_REG8(USBUART_1_SIE_EP3_CR0_PTR); /* Must read the mode reg */
 130              		.loc 1 186 0
 131 0004 1B78     		ldrb	r3, [r3, #0]	@ zero_extendqisi2
 132              		.loc 1 188 0
 133 0006 90F82420 		ldrb	r2, [r0, #36]	@ zero_extendqisi2
 134 000a 02F00301 		and	r1, r2, #3
 135 000e 0129     		cmp	r1, #1
 136 0010 05D0     		beq	.L17
 189:.\Generated_Source\PSoC5/USBUART_1_episr.c ****                                                                                     USBUART_1_EP_TY
 190:.\Generated_Source\PSoC5/USBUART_1_episr.c ****         {
 191:.\Generated_Source\PSoC5/USBUART_1_episr.c ****             USBUART_1_EP[USBUART_1_EP3].epToggle ^= USBUART_1_EPX_CNT_DATA_TOGGLE;
 137              		.loc 1 191 0
 138 0012 90F82730 		ldrb	r3, [r0, #39]	@ zero_extendqisi2
 139 0016 83F08002 		eor	r2, r3, #128
 140 001a 80F82720 		strb	r2, [r0, #39]
 141              	.L17:
 192:.\Generated_Source\PSoC5/USBUART_1_episr.c ****         }
 193:.\Generated_Source\PSoC5/USBUART_1_episr.c ****         USBUART_1_EP[USBUART_1_EP3].apiEpState = USBUART_1_EVENT_PENDING;
 142              		.loc 1 193 0
 143 001e 0121     		movs	r1, #1
 144 0020 80F82510 		strb	r1, [r0, #37]
 194:.\Generated_Source\PSoC5/USBUART_1_episr.c ****         CY_SET_REG8(USBUART_1_SIE_EP_INT_SR_PTR, CY_GET_REG8(USBUART_1_SIE_EP_INT_SR_PTR)
 145              		.loc 1 194 0
ARM GAS  C:\Users\Luke\AppData\Local\Temp\ccKeF2k3.s 			page 7


 146 0024 0448     		ldr	r0, .L21+8
 147 0026 0378     		ldrb	r3, [r0, #0]	@ zero_extendqisi2
 148 0028 03F0FB02 		and	r2, r3, #251
 149 002c 0270     		strb	r2, [r0, #0]
 150 002e 7047     		bx	lr
 151              	.L22:
 152              		.align	2
 153              	.L21:
 154 0030 2E600040 		.word	1073766446
 155 0034 00000000 		.word	USBUART_1_EP
 156 0038 0B600040 		.word	1073766411
 157              		.cfi_endproc
 158              	.LFE2:
 159              		.size	USBUART_1_EP_3_ISR, .-USBUART_1_EP_3_ISR
 160              		.section	.text.USBUART_1_SOF_ISR,"ax",%progbits
 161              		.align	1
 162              		.global	USBUART_1_SOF_ISR
 163              		.thumb
 164              		.thumb_func
 165              		.type	USBUART_1_SOF_ISR, %function
 166              	USBUART_1_SOF_ISR:
 167              	.LFB3:
 195:.\Generated_Source\PSoC5/USBUART_1_episr.c ****                                                                         & (uint8)~USBUART_1_SIE_EP_
 196:.\Generated_Source\PSoC5/USBUART_1_episr.c **** 
 197:.\Generated_Source\PSoC5/USBUART_1_episr.c ****         #if (defined(USBUART_1_ENABLE_MIDI_STREAMING) && USBUART_1_ISR_SERVICE_MIDI_OUT)
 198:.\Generated_Source\PSoC5/USBUART_1_episr.c ****             if(USBUART_1_midi_out_ep == USBUART_1_EP3)
 199:.\Generated_Source\PSoC5/USBUART_1_episr.c ****             {
 200:.\Generated_Source\PSoC5/USBUART_1_episr.c ****                 USBUART_1_MIDI_OUT_EP_Service();
 201:.\Generated_Source\PSoC5/USBUART_1_episr.c ****             }
 202:.\Generated_Source\PSoC5/USBUART_1_episr.c ****         #endif /* End USBUART_1_ISR_SERVICE_MIDI_OUT */
 203:.\Generated_Source\PSoC5/USBUART_1_episr.c **** 
 204:.\Generated_Source\PSoC5/USBUART_1_episr.c ****         /* `#START EP3_END_USER_CODE` Place your code here */
 205:.\Generated_Source\PSoC5/USBUART_1_episr.c **** 
 206:.\Generated_Source\PSoC5/USBUART_1_episr.c ****         /* `#END` */
 207:.\Generated_Source\PSoC5/USBUART_1_episr.c **** 
 208:.\Generated_Source\PSoC5/USBUART_1_episr.c ****         #if (defined(USBUART_1_ENABLE_MIDI_STREAMING) && USBUART_1_ISR_SERVICE_MIDI_OUT && CY_PSOC3
 209:.\Generated_Source\PSoC5/USBUART_1_episr.c ****             EA = int_en;
 210:.\Generated_Source\PSoC5/USBUART_1_episr.c ****         #endif /* CY_PSOC3 & USBUART_1_ISR_SERVICE_MIDI_OUT  */
 211:.\Generated_Source\PSoC5/USBUART_1_episr.c ****     }
 212:.\Generated_Source\PSoC5/USBUART_1_episr.c **** 
 213:.\Generated_Source\PSoC5/USBUART_1_episr.c **** #endif   /* End USBUART_1_EP3_ISR_REMOVE */
 214:.\Generated_Source\PSoC5/USBUART_1_episr.c **** 
 215:.\Generated_Source\PSoC5/USBUART_1_episr.c **** 
 216:.\Generated_Source\PSoC5/USBUART_1_episr.c **** #if(USBUART_1_EP4_ISR_REMOVE == 0u)
 217:.\Generated_Source\PSoC5/USBUART_1_episr.c **** 
 218:.\Generated_Source\PSoC5/USBUART_1_episr.c ****     /*******************************************************************************
 219:.\Generated_Source\PSoC5/USBUART_1_episr.c ****     * Function Name: USBUART_1_EP_4_ISR
 220:.\Generated_Source\PSoC5/USBUART_1_episr.c ****     ********************************************************************************
 221:.\Generated_Source\PSoC5/USBUART_1_episr.c ****     *
 222:.\Generated_Source\PSoC5/USBUART_1_episr.c ****     * Summary:
 223:.\Generated_Source\PSoC5/USBUART_1_episr.c ****     *  Endpoint 4 Interrupt Service Routine
 224:.\Generated_Source\PSoC5/USBUART_1_episr.c ****     *
 225:.\Generated_Source\PSoC5/USBUART_1_episr.c ****     * Parameters:
 226:.\Generated_Source\PSoC5/USBUART_1_episr.c ****     *  None.
 227:.\Generated_Source\PSoC5/USBUART_1_episr.c ****     *
 228:.\Generated_Source\PSoC5/USBUART_1_episr.c ****     * Return:
 229:.\Generated_Source\PSoC5/USBUART_1_episr.c ****     *  None.
ARM GAS  C:\Users\Luke\AppData\Local\Temp\ccKeF2k3.s 			page 8


 230:.\Generated_Source\PSoC5/USBUART_1_episr.c ****     *
 231:.\Generated_Source\PSoC5/USBUART_1_episr.c ****     *******************************************************************************/
 232:.\Generated_Source\PSoC5/USBUART_1_episr.c ****     CY_ISR(USBUART_1_EP_4_ISR)
 233:.\Generated_Source\PSoC5/USBUART_1_episr.c ****     {
 234:.\Generated_Source\PSoC5/USBUART_1_episr.c ****         #if (defined(USBUART_1_ENABLE_MIDI_STREAMING) && USBUART_1_ISR_SERVICE_MIDI_OUT && CY_PSOC3
 235:.\Generated_Source\PSoC5/USBUART_1_episr.c ****             uint8 int_en;
 236:.\Generated_Source\PSoC5/USBUART_1_episr.c ****         #endif /* CY_PSOC3 & USBUART_1_ISR_SERVICE_MIDI_OUT  */
 237:.\Generated_Source\PSoC5/USBUART_1_episr.c **** 
 238:.\Generated_Source\PSoC5/USBUART_1_episr.c ****         /* `#START EP4_USER_CODE` Place your code here */
 239:.\Generated_Source\PSoC5/USBUART_1_episr.c **** 
 240:.\Generated_Source\PSoC5/USBUART_1_episr.c ****         /* `#END` */
 241:.\Generated_Source\PSoC5/USBUART_1_episr.c **** 
 242:.\Generated_Source\PSoC5/USBUART_1_episr.c ****         #if (defined(USBUART_1_ENABLE_MIDI_STREAMING) && USBUART_1_ISR_SERVICE_MIDI_OUT && CY_PSOC3
 243:.\Generated_Source\PSoC5/USBUART_1_episr.c ****             int_en = EA;
 244:.\Generated_Source\PSoC5/USBUART_1_episr.c ****             CyGlobalIntEnable;  /* Make sure nested interrupt is enabled */
 245:.\Generated_Source\PSoC5/USBUART_1_episr.c ****         #endif /* CY_PSOC3 & USBUART_1_ISR_SERVICE_MIDI_OUT  */
 246:.\Generated_Source\PSoC5/USBUART_1_episr.c **** 
 247:.\Generated_Source\PSoC5/USBUART_1_episr.c ****         CY_GET_REG8(USBUART_1_SIE_EP4_CR0_PTR); /* Must read the mode reg */
 248:.\Generated_Source\PSoC5/USBUART_1_episr.c ****         /* Do not toggle ISOC endpoint */
 249:.\Generated_Source\PSoC5/USBUART_1_episr.c ****         if((USBUART_1_EP[USBUART_1_EP4].attrib & USBUART_1_EP_TYPE_MASK) !=
 250:.\Generated_Source\PSoC5/USBUART_1_episr.c ****                                                                                     USBUART_1_EP_TY
 251:.\Generated_Source\PSoC5/USBUART_1_episr.c ****         {
 252:.\Generated_Source\PSoC5/USBUART_1_episr.c ****             USBUART_1_EP[USBUART_1_EP4].epToggle ^= USBUART_1_EPX_CNT_DATA_TOGGLE;
 253:.\Generated_Source\PSoC5/USBUART_1_episr.c ****         }
 254:.\Generated_Source\PSoC5/USBUART_1_episr.c ****         USBUART_1_EP[USBUART_1_EP4].apiEpState = USBUART_1_EVENT_PENDING;
 255:.\Generated_Source\PSoC5/USBUART_1_episr.c ****         CY_SET_REG8(USBUART_1_SIE_EP_INT_SR_PTR, CY_GET_REG8(USBUART_1_SIE_EP_INT_SR_PTR)
 256:.\Generated_Source\PSoC5/USBUART_1_episr.c ****                                                                         & (uint8)~USBUART_1_SIE_EP_
 257:.\Generated_Source\PSoC5/USBUART_1_episr.c **** 
 258:.\Generated_Source\PSoC5/USBUART_1_episr.c ****         #if (defined(USBUART_1_ENABLE_MIDI_STREAMING) && USBUART_1_ISR_SERVICE_MIDI_OUT)
 259:.\Generated_Source\PSoC5/USBUART_1_episr.c ****             if(USBUART_1_midi_out_ep == USBUART_1_EP4)
 260:.\Generated_Source\PSoC5/USBUART_1_episr.c ****             {
 261:.\Generated_Source\PSoC5/USBUART_1_episr.c ****                 USBUART_1_MIDI_OUT_EP_Service();
 262:.\Generated_Source\PSoC5/USBUART_1_episr.c ****             }
 263:.\Generated_Source\PSoC5/USBUART_1_episr.c ****         #endif /* End USBUART_1_ISR_SERVICE_MIDI_OUT */
 264:.\Generated_Source\PSoC5/USBUART_1_episr.c **** 
 265:.\Generated_Source\PSoC5/USBUART_1_episr.c ****         /* `#START EP4_END_USER_CODE` Place your code here */
 266:.\Generated_Source\PSoC5/USBUART_1_episr.c **** 
 267:.\Generated_Source\PSoC5/USBUART_1_episr.c ****         /* `#END` */
 268:.\Generated_Source\PSoC5/USBUART_1_episr.c **** 
 269:.\Generated_Source\PSoC5/USBUART_1_episr.c ****         #if (defined(USBUART_1_ENABLE_MIDI_STREAMING) && USBUART_1_ISR_SERVICE_MIDI_OUT && CY_PSOC3
 270:.\Generated_Source\PSoC5/USBUART_1_episr.c ****             EA = int_en;
 271:.\Generated_Source\PSoC5/USBUART_1_episr.c ****         #endif /* CY_PSOC3 & USBUART_1_ISR_SERVICE_MIDI_OUT  */
 272:.\Generated_Source\PSoC5/USBUART_1_episr.c ****     }
 273:.\Generated_Source\PSoC5/USBUART_1_episr.c **** 
 274:.\Generated_Source\PSoC5/USBUART_1_episr.c **** #endif   /* End USBUART_1_EP4_ISR_REMOVE */
 275:.\Generated_Source\PSoC5/USBUART_1_episr.c **** 
 276:.\Generated_Source\PSoC5/USBUART_1_episr.c **** 
 277:.\Generated_Source\PSoC5/USBUART_1_episr.c **** #if(USBUART_1_EP5_ISR_REMOVE == 0u)
 278:.\Generated_Source\PSoC5/USBUART_1_episr.c **** 
 279:.\Generated_Source\PSoC5/USBUART_1_episr.c ****     /*******************************************************************************
 280:.\Generated_Source\PSoC5/USBUART_1_episr.c ****     * Function Name: USBUART_1_EP_5_ISR
 281:.\Generated_Source\PSoC5/USBUART_1_episr.c ****     ********************************************************************************
 282:.\Generated_Source\PSoC5/USBUART_1_episr.c ****     *
 283:.\Generated_Source\PSoC5/USBUART_1_episr.c ****     * Summary:
 284:.\Generated_Source\PSoC5/USBUART_1_episr.c ****     *  Endpoint 5 Interrupt Service Routine
 285:.\Generated_Source\PSoC5/USBUART_1_episr.c ****     *
 286:.\Generated_Source\PSoC5/USBUART_1_episr.c ****     * Parameters:
ARM GAS  C:\Users\Luke\AppData\Local\Temp\ccKeF2k3.s 			page 9


 287:.\Generated_Source\PSoC5/USBUART_1_episr.c ****     *  None.
 288:.\Generated_Source\PSoC5/USBUART_1_episr.c ****     *
 289:.\Generated_Source\PSoC5/USBUART_1_episr.c ****     * Return:
 290:.\Generated_Source\PSoC5/USBUART_1_episr.c ****     *  None.
 291:.\Generated_Source\PSoC5/USBUART_1_episr.c ****     *
 292:.\Generated_Source\PSoC5/USBUART_1_episr.c ****     *******************************************************************************/
 293:.\Generated_Source\PSoC5/USBUART_1_episr.c ****     CY_ISR(USBUART_1_EP_5_ISR)
 294:.\Generated_Source\PSoC5/USBUART_1_episr.c ****     {
 295:.\Generated_Source\PSoC5/USBUART_1_episr.c ****         #if (defined(USBUART_1_ENABLE_MIDI_STREAMING) && USBUART_1_ISR_SERVICE_MIDI_OUT && CY_PSOC3
 296:.\Generated_Source\PSoC5/USBUART_1_episr.c ****             uint8 int_en;
 297:.\Generated_Source\PSoC5/USBUART_1_episr.c ****         #endif /* CY_PSOC3 & USBUART_1_ISR_SERVICE_MIDI_OUT  */
 298:.\Generated_Source\PSoC5/USBUART_1_episr.c **** 
 299:.\Generated_Source\PSoC5/USBUART_1_episr.c ****         /* `#START EP5_USER_CODE` Place your code here */
 300:.\Generated_Source\PSoC5/USBUART_1_episr.c **** 
 301:.\Generated_Source\PSoC5/USBUART_1_episr.c ****         /* `#END` */
 302:.\Generated_Source\PSoC5/USBUART_1_episr.c **** 
 303:.\Generated_Source\PSoC5/USBUART_1_episr.c ****         #if (defined(USBUART_1_ENABLE_MIDI_STREAMING) && USBUART_1_ISR_SERVICE_MIDI_OUT && CY_PSOC3
 304:.\Generated_Source\PSoC5/USBUART_1_episr.c ****             int_en = EA;
 305:.\Generated_Source\PSoC5/USBUART_1_episr.c ****             CyGlobalIntEnable;  /* Make sure nested interrupt is enabled */
 306:.\Generated_Source\PSoC5/USBUART_1_episr.c ****         #endif /* CY_PSOC3 & USBUART_1_ISR_SERVICE_MIDI_OUT  */
 307:.\Generated_Source\PSoC5/USBUART_1_episr.c **** 
 308:.\Generated_Source\PSoC5/USBUART_1_episr.c ****         CY_GET_REG8(USBUART_1_SIE_EP5_CR0_PTR); /* Must read the mode reg */
 309:.\Generated_Source\PSoC5/USBUART_1_episr.c ****         /* Do not toggle ISOC endpoint */
 310:.\Generated_Source\PSoC5/USBUART_1_episr.c ****         if((USBUART_1_EP[USBUART_1_EP5].attrib & USBUART_1_EP_TYPE_MASK) !=
 311:.\Generated_Source\PSoC5/USBUART_1_episr.c ****                                                                                     USBUART_1_EP_TY
 312:.\Generated_Source\PSoC5/USBUART_1_episr.c ****         {
 313:.\Generated_Source\PSoC5/USBUART_1_episr.c ****             USBUART_1_EP[USBUART_1_EP5].epToggle ^= USBUART_1_EPX_CNT_DATA_TOGGLE;
 314:.\Generated_Source\PSoC5/USBUART_1_episr.c ****         }
 315:.\Generated_Source\PSoC5/USBUART_1_episr.c ****         USBUART_1_EP[USBUART_1_EP5].apiEpState = USBUART_1_EVENT_PENDING;
 316:.\Generated_Source\PSoC5/USBUART_1_episr.c ****         CY_SET_REG8(USBUART_1_SIE_EP_INT_SR_PTR, CY_GET_REG8(USBUART_1_SIE_EP_INT_SR_PTR)
 317:.\Generated_Source\PSoC5/USBUART_1_episr.c ****                                                                         & (uint8)~USBUART_1_SIE_EP_
 318:.\Generated_Source\PSoC5/USBUART_1_episr.c **** 
 319:.\Generated_Source\PSoC5/USBUART_1_episr.c ****         #if (defined(USBUART_1_ENABLE_MIDI_STREAMING) && USBUART_1_ISR_SERVICE_MIDI_OUT)
 320:.\Generated_Source\PSoC5/USBUART_1_episr.c ****             if(USBUART_1_midi_out_ep == USBUART_1_EP5)
 321:.\Generated_Source\PSoC5/USBUART_1_episr.c ****             {
 322:.\Generated_Source\PSoC5/USBUART_1_episr.c ****                 USBUART_1_MIDI_OUT_EP_Service();
 323:.\Generated_Source\PSoC5/USBUART_1_episr.c ****             }
 324:.\Generated_Source\PSoC5/USBUART_1_episr.c ****         #endif /* End USBUART_1_ISR_SERVICE_MIDI_OUT */
 325:.\Generated_Source\PSoC5/USBUART_1_episr.c **** 
 326:.\Generated_Source\PSoC5/USBUART_1_episr.c ****         /* `#START EP5_END_USER_CODE` Place your code here */
 327:.\Generated_Source\PSoC5/USBUART_1_episr.c **** 
 328:.\Generated_Source\PSoC5/USBUART_1_episr.c ****         /* `#END` */
 329:.\Generated_Source\PSoC5/USBUART_1_episr.c **** 
 330:.\Generated_Source\PSoC5/USBUART_1_episr.c ****         #if (defined(USBUART_1_ENABLE_MIDI_STREAMING) && USBUART_1_ISR_SERVICE_MIDI_OUT && CY_PSOC3
 331:.\Generated_Source\PSoC5/USBUART_1_episr.c ****             EA = int_en;
 332:.\Generated_Source\PSoC5/USBUART_1_episr.c ****         #endif /* CY_PSOC3 & USBUART_1_ISR_SERVICE_MIDI_OUT  */
 333:.\Generated_Source\PSoC5/USBUART_1_episr.c ****     }
 334:.\Generated_Source\PSoC5/USBUART_1_episr.c **** #endif   /* End USBUART_1_EP5_ISR_REMOVE */
 335:.\Generated_Source\PSoC5/USBUART_1_episr.c **** 
 336:.\Generated_Source\PSoC5/USBUART_1_episr.c **** 
 337:.\Generated_Source\PSoC5/USBUART_1_episr.c **** #if(USBUART_1_EP6_ISR_REMOVE == 0u)
 338:.\Generated_Source\PSoC5/USBUART_1_episr.c **** 
 339:.\Generated_Source\PSoC5/USBUART_1_episr.c ****     /*******************************************************************************
 340:.\Generated_Source\PSoC5/USBUART_1_episr.c ****     * Function Name: USBUART_1_EP_6_ISR
 341:.\Generated_Source\PSoC5/USBUART_1_episr.c ****     ********************************************************************************
 342:.\Generated_Source\PSoC5/USBUART_1_episr.c ****     *
 343:.\Generated_Source\PSoC5/USBUART_1_episr.c ****     * Summary:
ARM GAS  C:\Users\Luke\AppData\Local\Temp\ccKeF2k3.s 			page 10


 344:.\Generated_Source\PSoC5/USBUART_1_episr.c ****     *  Endpoint 6 Interrupt Service Routine
 345:.\Generated_Source\PSoC5/USBUART_1_episr.c ****     *
 346:.\Generated_Source\PSoC5/USBUART_1_episr.c ****     * Parameters:
 347:.\Generated_Source\PSoC5/USBUART_1_episr.c ****     *  None.
 348:.\Generated_Source\PSoC5/USBUART_1_episr.c ****     *
 349:.\Generated_Source\PSoC5/USBUART_1_episr.c ****     * Return:
 350:.\Generated_Source\PSoC5/USBUART_1_episr.c ****     *  None.
 351:.\Generated_Source\PSoC5/USBUART_1_episr.c ****     *
 352:.\Generated_Source\PSoC5/USBUART_1_episr.c ****     *******************************************************************************/
 353:.\Generated_Source\PSoC5/USBUART_1_episr.c ****     CY_ISR(USBUART_1_EP_6_ISR)
 354:.\Generated_Source\PSoC5/USBUART_1_episr.c ****     {
 355:.\Generated_Source\PSoC5/USBUART_1_episr.c ****         #if (defined(USBUART_1_ENABLE_MIDI_STREAMING) && USBUART_1_ISR_SERVICE_MIDI_OUT && CY_PSOC3
 356:.\Generated_Source\PSoC5/USBUART_1_episr.c ****             uint8 int_en;
 357:.\Generated_Source\PSoC5/USBUART_1_episr.c ****         #endif /* CY_PSOC3 & USBUART_1_ISR_SERVICE_MIDI_OUT  */
 358:.\Generated_Source\PSoC5/USBUART_1_episr.c **** 
 359:.\Generated_Source\PSoC5/USBUART_1_episr.c ****         /* `#START EP6_USER_CODE` Place your code here */
 360:.\Generated_Source\PSoC5/USBUART_1_episr.c **** 
 361:.\Generated_Source\PSoC5/USBUART_1_episr.c ****         /* `#END` */
 362:.\Generated_Source\PSoC5/USBUART_1_episr.c **** 
 363:.\Generated_Source\PSoC5/USBUART_1_episr.c ****         #if (defined(USBUART_1_ENABLE_MIDI_STREAMING) && USBUART_1_ISR_SERVICE_MIDI_OUT && CY_PSOC3
 364:.\Generated_Source\PSoC5/USBUART_1_episr.c ****             int_en = EA;
 365:.\Generated_Source\PSoC5/USBUART_1_episr.c ****             CyGlobalIntEnable;  /* Make sure nested interrupt is enabled */
 366:.\Generated_Source\PSoC5/USBUART_1_episr.c ****         #endif /* CY_PSOC3 & USBUART_1_ISR_SERVICE_MIDI_OUT  */
 367:.\Generated_Source\PSoC5/USBUART_1_episr.c **** 
 368:.\Generated_Source\PSoC5/USBUART_1_episr.c ****         CY_GET_REG8(USBUART_1_SIE_EP6_CR0_PTR); /* Must read the mode reg */
 369:.\Generated_Source\PSoC5/USBUART_1_episr.c ****         /* Do not toggle ISOC endpoint */
 370:.\Generated_Source\PSoC5/USBUART_1_episr.c ****         if((USBUART_1_EP[USBUART_1_EP6].attrib & USBUART_1_EP_TYPE_MASK) !=
 371:.\Generated_Source\PSoC5/USBUART_1_episr.c ****                                                                                     USBUART_1_EP_TY
 372:.\Generated_Source\PSoC5/USBUART_1_episr.c ****         {
 373:.\Generated_Source\PSoC5/USBUART_1_episr.c ****             USBUART_1_EP[USBUART_1_EP6].epToggle ^= USBUART_1_EPX_CNT_DATA_TOGGLE;
 374:.\Generated_Source\PSoC5/USBUART_1_episr.c ****         }
 375:.\Generated_Source\PSoC5/USBUART_1_episr.c ****         USBUART_1_EP[USBUART_1_EP6].apiEpState = USBUART_1_EVENT_PENDING;
 376:.\Generated_Source\PSoC5/USBUART_1_episr.c ****         CY_SET_REG8(USBUART_1_SIE_EP_INT_SR_PTR, CY_GET_REG8(USBUART_1_SIE_EP_INT_SR_PTR)
 377:.\Generated_Source\PSoC5/USBUART_1_episr.c ****                                                                         & (uint8)~USBUART_1_SIE_EP_
 378:.\Generated_Source\PSoC5/USBUART_1_episr.c **** 
 379:.\Generated_Source\PSoC5/USBUART_1_episr.c ****         #if (defined(USBUART_1_ENABLE_MIDI_STREAMING) && USBUART_1_ISR_SERVICE_MIDI_OUT)
 380:.\Generated_Source\PSoC5/USBUART_1_episr.c ****             if(USBUART_1_midi_out_ep == USBUART_1_EP6)
 381:.\Generated_Source\PSoC5/USBUART_1_episr.c ****             {
 382:.\Generated_Source\PSoC5/USBUART_1_episr.c ****                 USBUART_1_MIDI_OUT_EP_Service();
 383:.\Generated_Source\PSoC5/USBUART_1_episr.c ****             }
 384:.\Generated_Source\PSoC5/USBUART_1_episr.c ****         #endif /* End USBUART_1_ISR_SERVICE_MIDI_OUT  */
 385:.\Generated_Source\PSoC5/USBUART_1_episr.c **** 
 386:.\Generated_Source\PSoC5/USBUART_1_episr.c ****         /* `#START EP6_END_USER_CODE` Place your code here */
 387:.\Generated_Source\PSoC5/USBUART_1_episr.c **** 
 388:.\Generated_Source\PSoC5/USBUART_1_episr.c ****         /* `#END` */
 389:.\Generated_Source\PSoC5/USBUART_1_episr.c **** 
 390:.\Generated_Source\PSoC5/USBUART_1_episr.c ****         #if (defined(USBUART_1_ENABLE_MIDI_STREAMING) && USBUART_1_ISR_SERVICE_MIDI_OUT && CY_PSOC3
 391:.\Generated_Source\PSoC5/USBUART_1_episr.c ****             EA = int_en;
 392:.\Generated_Source\PSoC5/USBUART_1_episr.c ****         #endif /* CY_PSOC3 & USBUART_1_ISR_SERVICE_MIDI_OUT  */
 393:.\Generated_Source\PSoC5/USBUART_1_episr.c ****     }
 394:.\Generated_Source\PSoC5/USBUART_1_episr.c **** 
 395:.\Generated_Source\PSoC5/USBUART_1_episr.c **** #endif   /* End USBUART_1_EP6_ISR_REMOVE */
 396:.\Generated_Source\PSoC5/USBUART_1_episr.c **** 
 397:.\Generated_Source\PSoC5/USBUART_1_episr.c **** 
 398:.\Generated_Source\PSoC5/USBUART_1_episr.c **** #if(USBUART_1_EP7_ISR_REMOVE == 0u)
 399:.\Generated_Source\PSoC5/USBUART_1_episr.c **** 
 400:.\Generated_Source\PSoC5/USBUART_1_episr.c ****     /*******************************************************************************
ARM GAS  C:\Users\Luke\AppData\Local\Temp\ccKeF2k3.s 			page 11


 401:.\Generated_Source\PSoC5/USBUART_1_episr.c ****     * Function Name: USBUART_1_EP_7_ISR
 402:.\Generated_Source\PSoC5/USBUART_1_episr.c ****     ********************************************************************************
 403:.\Generated_Source\PSoC5/USBUART_1_episr.c ****     *
 404:.\Generated_Source\PSoC5/USBUART_1_episr.c ****     * Summary:
 405:.\Generated_Source\PSoC5/USBUART_1_episr.c ****     *  Endpoint 7 Interrupt Service Routine
 406:.\Generated_Source\PSoC5/USBUART_1_episr.c ****     *
 407:.\Generated_Source\PSoC5/USBUART_1_episr.c ****     * Parameters:
 408:.\Generated_Source\PSoC5/USBUART_1_episr.c ****     *  None.
 409:.\Generated_Source\PSoC5/USBUART_1_episr.c ****     *
 410:.\Generated_Source\PSoC5/USBUART_1_episr.c ****     * Return:
 411:.\Generated_Source\PSoC5/USBUART_1_episr.c ****     *  None.
 412:.\Generated_Source\PSoC5/USBUART_1_episr.c ****     *
 413:.\Generated_Source\PSoC5/USBUART_1_episr.c ****     *******************************************************************************/
 414:.\Generated_Source\PSoC5/USBUART_1_episr.c ****     CY_ISR(USBUART_1_EP_7_ISR)
 415:.\Generated_Source\PSoC5/USBUART_1_episr.c ****     {
 416:.\Generated_Source\PSoC5/USBUART_1_episr.c ****         #if (defined(USBUART_1_ENABLE_MIDI_STREAMING) && USBUART_1_ISR_SERVICE_MIDI_OUT && CY_PSOC3
 417:.\Generated_Source\PSoC5/USBUART_1_episr.c ****             uint8 int_en;
 418:.\Generated_Source\PSoC5/USBUART_1_episr.c ****         #endif /* CY_PSOC3 & USBUART_1_ISR_SERVICE_MIDI_OUT  */
 419:.\Generated_Source\PSoC5/USBUART_1_episr.c **** 
 420:.\Generated_Source\PSoC5/USBUART_1_episr.c ****         /* `#START EP7_USER_CODE` Place your code here */
 421:.\Generated_Source\PSoC5/USBUART_1_episr.c **** 
 422:.\Generated_Source\PSoC5/USBUART_1_episr.c ****         /* `#END` */
 423:.\Generated_Source\PSoC5/USBUART_1_episr.c **** 
 424:.\Generated_Source\PSoC5/USBUART_1_episr.c ****         #if (defined(USBUART_1_ENABLE_MIDI_STREAMING) && USBUART_1_ISR_SERVICE_MIDI_OUT && CY_PSOC3
 425:.\Generated_Source\PSoC5/USBUART_1_episr.c ****             int_en = EA;
 426:.\Generated_Source\PSoC5/USBUART_1_episr.c ****             CyGlobalIntEnable;  /* Make sure nested interrupt is enabled */
 427:.\Generated_Source\PSoC5/USBUART_1_episr.c ****         #endif /* CY_PSOC3 & USBUART_1_ISR_SERVICE_MIDI_OUT  */
 428:.\Generated_Source\PSoC5/USBUART_1_episr.c **** 
 429:.\Generated_Source\PSoC5/USBUART_1_episr.c ****         CY_GET_REG8(USBUART_1_SIE_EP7_CR0_PTR); /* Must read the mode reg */
 430:.\Generated_Source\PSoC5/USBUART_1_episr.c ****         /* Do not toggle ISOC endpoint */
 431:.\Generated_Source\PSoC5/USBUART_1_episr.c ****         if((USBUART_1_EP[USBUART_1_EP7].attrib & USBUART_1_EP_TYPE_MASK) !=
 432:.\Generated_Source\PSoC5/USBUART_1_episr.c ****                                                                                     USBUART_1_EP_TY
 433:.\Generated_Source\PSoC5/USBUART_1_episr.c ****         {
 434:.\Generated_Source\PSoC5/USBUART_1_episr.c ****             USBUART_1_EP[USBUART_1_EP7].epToggle ^= USBUART_1_EPX_CNT_DATA_TOGGLE;
 435:.\Generated_Source\PSoC5/USBUART_1_episr.c ****         }
 436:.\Generated_Source\PSoC5/USBUART_1_episr.c ****         USBUART_1_EP[USBUART_1_EP7].apiEpState = USBUART_1_EVENT_PENDING;
 437:.\Generated_Source\PSoC5/USBUART_1_episr.c ****         CY_SET_REG8(USBUART_1_SIE_EP_INT_SR_PTR, CY_GET_REG8(USBUART_1_SIE_EP_INT_SR_PTR)
 438:.\Generated_Source\PSoC5/USBUART_1_episr.c ****                                                                         & (uint8)~USBUART_1_SIE_EP_
 439:.\Generated_Source\PSoC5/USBUART_1_episr.c **** 
 440:.\Generated_Source\PSoC5/USBUART_1_episr.c ****         #if (defined(USBUART_1_ENABLE_MIDI_STREAMING) && USBUART_1_ISR_SERVICE_MIDI_OUT)
 441:.\Generated_Source\PSoC5/USBUART_1_episr.c ****             if(USBUART_1_midi_out_ep == USBUART_1_EP7)
 442:.\Generated_Source\PSoC5/USBUART_1_episr.c ****             {
 443:.\Generated_Source\PSoC5/USBUART_1_episr.c ****                 USBUART_1_MIDI_OUT_EP_Service();
 444:.\Generated_Source\PSoC5/USBUART_1_episr.c ****             }
 445:.\Generated_Source\PSoC5/USBUART_1_episr.c ****         #endif /* End USBUART_1_ISR_SERVICE_MIDI_OUT  */
 446:.\Generated_Source\PSoC5/USBUART_1_episr.c **** 
 447:.\Generated_Source\PSoC5/USBUART_1_episr.c ****         /* `#START EP7_END_USER_CODE` Place your code here */
 448:.\Generated_Source\PSoC5/USBUART_1_episr.c **** 
 449:.\Generated_Source\PSoC5/USBUART_1_episr.c ****         /* `#END` */
 450:.\Generated_Source\PSoC5/USBUART_1_episr.c **** 
 451:.\Generated_Source\PSoC5/USBUART_1_episr.c ****         #if (defined(USBUART_1_ENABLE_MIDI_STREAMING) && USBUART_1_ISR_SERVICE_MIDI_OUT && CY_PSOC3
 452:.\Generated_Source\PSoC5/USBUART_1_episr.c ****             EA = int_en;
 453:.\Generated_Source\PSoC5/USBUART_1_episr.c ****         #endif /* CY_PSOC3 & USBUART_1_ISR_SERVICE_MIDI_OUT  */
 454:.\Generated_Source\PSoC5/USBUART_1_episr.c ****     }
 455:.\Generated_Source\PSoC5/USBUART_1_episr.c **** 
 456:.\Generated_Source\PSoC5/USBUART_1_episr.c **** #endif   /* End USBUART_1_EP7_ISR_REMOVE */
 457:.\Generated_Source\PSoC5/USBUART_1_episr.c **** 
ARM GAS  C:\Users\Luke\AppData\Local\Temp\ccKeF2k3.s 			page 12


 458:.\Generated_Source\PSoC5/USBUART_1_episr.c **** 
 459:.\Generated_Source\PSoC5/USBUART_1_episr.c **** #if(USBUART_1_EP8_ISR_REMOVE == 0u)
 460:.\Generated_Source\PSoC5/USBUART_1_episr.c **** 
 461:.\Generated_Source\PSoC5/USBUART_1_episr.c ****     /*******************************************************************************
 462:.\Generated_Source\PSoC5/USBUART_1_episr.c ****     * Function Name: USBUART_1_EP_8_ISR
 463:.\Generated_Source\PSoC5/USBUART_1_episr.c ****     ********************************************************************************
 464:.\Generated_Source\PSoC5/USBUART_1_episr.c ****     *
 465:.\Generated_Source\PSoC5/USBUART_1_episr.c ****     * Summary:
 466:.\Generated_Source\PSoC5/USBUART_1_episr.c ****     *  Endpoint 8 Interrupt Service Routine
 467:.\Generated_Source\PSoC5/USBUART_1_episr.c ****     *
 468:.\Generated_Source\PSoC5/USBUART_1_episr.c ****     * Parameters:
 469:.\Generated_Source\PSoC5/USBUART_1_episr.c ****     *  None.
 470:.\Generated_Source\PSoC5/USBUART_1_episr.c ****     *
 471:.\Generated_Source\PSoC5/USBUART_1_episr.c ****     * Return:
 472:.\Generated_Source\PSoC5/USBUART_1_episr.c ****     *  None.
 473:.\Generated_Source\PSoC5/USBUART_1_episr.c ****     *
 474:.\Generated_Source\PSoC5/USBUART_1_episr.c ****     *******************************************************************************/
 475:.\Generated_Source\PSoC5/USBUART_1_episr.c ****     CY_ISR(USBUART_1_EP_8_ISR)
 476:.\Generated_Source\PSoC5/USBUART_1_episr.c ****     {
 477:.\Generated_Source\PSoC5/USBUART_1_episr.c ****         #if (defined(USBUART_1_ENABLE_MIDI_STREAMING) && USBUART_1_ISR_SERVICE_MIDI_OUT && CY_PSOC3
 478:.\Generated_Source\PSoC5/USBUART_1_episr.c ****             uint8 int_en;
 479:.\Generated_Source\PSoC5/USBUART_1_episr.c ****         #endif /* CY_PSOC3 & USBUART_1_ISR_SERVICE_MIDI_OUT  */
 480:.\Generated_Source\PSoC5/USBUART_1_episr.c **** 
 481:.\Generated_Source\PSoC5/USBUART_1_episr.c ****         /* `#START EP8_USER_CODE` Place your code here */
 482:.\Generated_Source\PSoC5/USBUART_1_episr.c **** 
 483:.\Generated_Source\PSoC5/USBUART_1_episr.c ****         /* `#END` */
 484:.\Generated_Source\PSoC5/USBUART_1_episr.c **** 
 485:.\Generated_Source\PSoC5/USBUART_1_episr.c ****         #if (defined(USBUART_1_ENABLE_MIDI_STREAMING) && USBUART_1_ISR_SERVICE_MIDI_OUT && CY_PSOC3
 486:.\Generated_Source\PSoC5/USBUART_1_episr.c ****             int_en = EA;
 487:.\Generated_Source\PSoC5/USBUART_1_episr.c ****             CyGlobalIntEnable;  /* Make sure nested interrupt is enabled */
 488:.\Generated_Source\PSoC5/USBUART_1_episr.c ****         #endif /* CY_PSOC3 & USBUART_1_ISR_SERVICE_MIDI_OUT  */
 489:.\Generated_Source\PSoC5/USBUART_1_episr.c **** 
 490:.\Generated_Source\PSoC5/USBUART_1_episr.c ****         CY_GET_REG8(USBUART_1_SIE_EP8_CR0_PTR); /* Must read the mode reg */
 491:.\Generated_Source\PSoC5/USBUART_1_episr.c ****         /* Do not toggle ISOC endpoint */
 492:.\Generated_Source\PSoC5/USBUART_1_episr.c ****         if((USBUART_1_EP[USBUART_1_EP8].attrib & USBUART_1_EP_TYPE_MASK) !=
 493:.\Generated_Source\PSoC5/USBUART_1_episr.c ****                                                                                     USBUART_1_EP_TY
 494:.\Generated_Source\PSoC5/USBUART_1_episr.c ****         {
 495:.\Generated_Source\PSoC5/USBUART_1_episr.c ****             USBUART_1_EP[USBUART_1_EP8].epToggle ^= USBUART_1_EPX_CNT_DATA_TOGGLE;
 496:.\Generated_Source\PSoC5/USBUART_1_episr.c ****         }
 497:.\Generated_Source\PSoC5/USBUART_1_episr.c ****         USBUART_1_EP[USBUART_1_EP8].apiEpState = USBUART_1_EVENT_PENDING;
 498:.\Generated_Source\PSoC5/USBUART_1_episr.c ****         CY_SET_REG8(USBUART_1_SIE_EP_INT_SR_PTR, CY_GET_REG8(USBUART_1_SIE_EP_INT_SR_PTR)
 499:.\Generated_Source\PSoC5/USBUART_1_episr.c ****                                                                         & (uint8)~USBUART_1_SIE_EP_
 500:.\Generated_Source\PSoC5/USBUART_1_episr.c **** 
 501:.\Generated_Source\PSoC5/USBUART_1_episr.c ****         #if (defined(USBUART_1_ENABLE_MIDI_STREAMING) && USBUART_1_ISR_SERVICE_MIDI_OUT)
 502:.\Generated_Source\PSoC5/USBUART_1_episr.c ****             if(USBUART_1_midi_out_ep == USBUART_1_EP8)
 503:.\Generated_Source\PSoC5/USBUART_1_episr.c ****             {
 504:.\Generated_Source\PSoC5/USBUART_1_episr.c ****                 USBUART_1_MIDI_OUT_EP_Service();
 505:.\Generated_Source\PSoC5/USBUART_1_episr.c ****             }
 506:.\Generated_Source\PSoC5/USBUART_1_episr.c ****         #endif /* End USBUART_1_ISR_SERVICE_MIDI_OUT */
 507:.\Generated_Source\PSoC5/USBUART_1_episr.c **** 
 508:.\Generated_Source\PSoC5/USBUART_1_episr.c ****         /* `#START EP8_END_USER_CODE` Place your code here */
 509:.\Generated_Source\PSoC5/USBUART_1_episr.c **** 
 510:.\Generated_Source\PSoC5/USBUART_1_episr.c ****         /* `#END` */
 511:.\Generated_Source\PSoC5/USBUART_1_episr.c **** 
 512:.\Generated_Source\PSoC5/USBUART_1_episr.c ****         #if (defined(USBUART_1_ENABLE_MIDI_STREAMING) && USBUART_1_ISR_SERVICE_MIDI_OUT && CY_PSOC3
 513:.\Generated_Source\PSoC5/USBUART_1_episr.c ****             EA = int_en;
 514:.\Generated_Source\PSoC5/USBUART_1_episr.c ****         #endif /* CY_PSOC3 & USBUART_1_ISR_SERVICE_MIDI_OUT  */
ARM GAS  C:\Users\Luke\AppData\Local\Temp\ccKeF2k3.s 			page 13


 515:.\Generated_Source\PSoC5/USBUART_1_episr.c ****     }
 516:.\Generated_Source\PSoC5/USBUART_1_episr.c **** 
 517:.\Generated_Source\PSoC5/USBUART_1_episr.c **** #endif   /* End USBUART_1_EP8_ISR_REMOVE */
 518:.\Generated_Source\PSoC5/USBUART_1_episr.c **** 
 519:.\Generated_Source\PSoC5/USBUART_1_episr.c **** 
 520:.\Generated_Source\PSoC5/USBUART_1_episr.c **** /*******************************************************************************
 521:.\Generated_Source\PSoC5/USBUART_1_episr.c **** * Function Name: USBUART_1_SOF_ISR
 522:.\Generated_Source\PSoC5/USBUART_1_episr.c **** ********************************************************************************
 523:.\Generated_Source\PSoC5/USBUART_1_episr.c **** *
 524:.\Generated_Source\PSoC5/USBUART_1_episr.c **** * Summary:
 525:.\Generated_Source\PSoC5/USBUART_1_episr.c **** *  Start of Frame Interrupt Service Routine
 526:.\Generated_Source\PSoC5/USBUART_1_episr.c **** *
 527:.\Generated_Source\PSoC5/USBUART_1_episr.c **** * Parameters:
 528:.\Generated_Source\PSoC5/USBUART_1_episr.c **** *  None.
 529:.\Generated_Source\PSoC5/USBUART_1_episr.c **** *
 530:.\Generated_Source\PSoC5/USBUART_1_episr.c **** * Return:
 531:.\Generated_Source\PSoC5/USBUART_1_episr.c **** *  None.
 532:.\Generated_Source\PSoC5/USBUART_1_episr.c **** *
 533:.\Generated_Source\PSoC5/USBUART_1_episr.c **** *******************************************************************************/
 534:.\Generated_Source\PSoC5/USBUART_1_episr.c **** CY_ISR(USBUART_1_SOF_ISR)
 535:.\Generated_Source\PSoC5/USBUART_1_episr.c **** {
 168              		.loc 1 535 0
 169              		.cfi_startproc
 170              		@ args = 0, pretend = 0, frame = 0
 171              		@ frame_needed = 0, uses_anonymous_args = 0
 172              		@ link register save eliminated.
 173 0000 7047     		bx	lr
 174              		.cfi_endproc
 175              	.LFE3:
 176              		.size	USBUART_1_SOF_ISR, .-USBUART_1_SOF_ISR
 177              		.section	.text.USBUART_1_BUS_RESET_ISR,"ax",%progbits
 178              		.align	1
 179              		.global	USBUART_1_BUS_RESET_ISR
 180              		.thumb
 181              		.thumb_func
 182              		.type	USBUART_1_BUS_RESET_ISR, %function
 183              	USBUART_1_BUS_RESET_ISR:
 184              	.LFB4:
 536:.\Generated_Source\PSoC5/USBUART_1_episr.c ****     /* `#START SOF_USER_CODE` Place your code here */
 537:.\Generated_Source\PSoC5/USBUART_1_episr.c **** 
 538:.\Generated_Source\PSoC5/USBUART_1_episr.c ****     /* `#END` */
 539:.\Generated_Source\PSoC5/USBUART_1_episr.c **** }
 540:.\Generated_Source\PSoC5/USBUART_1_episr.c **** 
 541:.\Generated_Source\PSoC5/USBUART_1_episr.c **** 
 542:.\Generated_Source\PSoC5/USBUART_1_episr.c **** /*******************************************************************************
 543:.\Generated_Source\PSoC5/USBUART_1_episr.c **** * Function Name: USBUART_1_BUS_RESET_ISR
 544:.\Generated_Source\PSoC5/USBUART_1_episr.c **** ********************************************************************************
 545:.\Generated_Source\PSoC5/USBUART_1_episr.c **** *
 546:.\Generated_Source\PSoC5/USBUART_1_episr.c **** * Summary:
 547:.\Generated_Source\PSoC5/USBUART_1_episr.c **** *  USB Bus Reset Interrupt Service Routine.  Calls _Start with the same
 548:.\Generated_Source\PSoC5/USBUART_1_episr.c **** *  parameters as the last USER call to _Start
 549:.\Generated_Source\PSoC5/USBUART_1_episr.c **** *
 550:.\Generated_Source\PSoC5/USBUART_1_episr.c **** * Parameters:
 551:.\Generated_Source\PSoC5/USBUART_1_episr.c **** *  None.
 552:.\Generated_Source\PSoC5/USBUART_1_episr.c **** *
 553:.\Generated_Source\PSoC5/USBUART_1_episr.c **** * Return:
 554:.\Generated_Source\PSoC5/USBUART_1_episr.c **** *  None.
ARM GAS  C:\Users\Luke\AppData\Local\Temp\ccKeF2k3.s 			page 14


 555:.\Generated_Source\PSoC5/USBUART_1_episr.c **** *
 556:.\Generated_Source\PSoC5/USBUART_1_episr.c **** *******************************************************************************/
 557:.\Generated_Source\PSoC5/USBUART_1_episr.c **** CY_ISR(USBUART_1_BUS_RESET_ISR)
 558:.\Generated_Source\PSoC5/USBUART_1_episr.c **** {
 185              		.loc 1 558 0
 186              		.cfi_startproc
 187              		@ args = 0, pretend = 0, frame = 0
 188              		@ frame_needed = 0, uses_anonymous_args = 0
 189              		@ link register save eliminated.
 559:.\Generated_Source\PSoC5/USBUART_1_episr.c ****     /* `#START BUS_RESET_USER_CODE` Place your code here */
 560:.\Generated_Source\PSoC5/USBUART_1_episr.c **** 
 561:.\Generated_Source\PSoC5/USBUART_1_episr.c ****     /* `#END` */
 562:.\Generated_Source\PSoC5/USBUART_1_episr.c **** 
 563:.\Generated_Source\PSoC5/USBUART_1_episr.c ****     USBUART_1_ReInitComponent();
 564:.\Generated_Source\PSoC5/USBUART_1_episr.c **** }
 190              		.loc 1 564 0
 563:.\Generated_Source\PSoC5/USBUART_1_episr.c ****     USBUART_1_ReInitComponent();
 191              		.loc 1 563 0
 192 0000 FFF7FEBF 		b	USBUART_1_ReInitComponent
 193              	.LVL0:
 194              		.cfi_endproc
 195              	.LFE4:
 196              		.size	USBUART_1_BUS_RESET_ISR, .-USBUART_1_BUS_RESET_ISR
 197              		.text
 198              	.Letext0:
 199              		.file 2 ".\\Generated_Source\\PSoC5\\cytypes.h"
 200              		.file 3 ".\\Generated_Source\\PSoC5\\USBUART_1.h"
 201              		.file 4 ".\\Generated_Source\\PSoC5\\USBUART_1_pvt.h"
 202              		.section	.debug_info,"",%progbits
 203              	.Ldebug_info0:
 204 0000 E6010000 		.4byte	0x1e6
 205 0004 0200     		.2byte	0x2
 206 0006 00000000 		.4byte	.Ldebug_abbrev0
 207 000a 04       		.byte	0x4
 208 000b 01       		.uleb128 0x1
 209 000c E3010000 		.4byte	.LASF30
 210 0010 01       		.byte	0x1
 211 0011 4E010000 		.4byte	.LASF31
 212 0015 77000000 		.4byte	.LASF32
 213 0019 00000000 		.4byte	.Ldebug_ranges0+0
 214 001d 00000000 		.4byte	0
 215 0021 00000000 		.4byte	0
 216 0025 00000000 		.4byte	.Ldebug_line0
 217 0029 02       		.uleb128 0x2
 218 002a 01       		.byte	0x1
 219 002b 06       		.byte	0x6
 220 002c 3F020000 		.4byte	.LASF0
 221 0030 02       		.uleb128 0x2
 222 0031 01       		.byte	0x1
 223 0032 08       		.byte	0x8
 224 0033 4D000000 		.4byte	.LASF1
 225 0037 02       		.uleb128 0x2
 226 0038 02       		.byte	0x2
 227 0039 05       		.byte	0x5
 228 003a D3010000 		.4byte	.LASF2
 229 003e 02       		.uleb128 0x2
 230 003f 02       		.byte	0x2
ARM GAS  C:\Users\Luke\AppData\Local\Temp\ccKeF2k3.s 			page 15


 231 0040 07       		.byte	0x7
 232 0041 18000000 		.4byte	.LASF3
 233 0045 02       		.uleb128 0x2
 234 0046 04       		.byte	0x4
 235 0047 05       		.byte	0x5
 236 0048 36020000 		.4byte	.LASF4
 237 004c 02       		.uleb128 0x2
 238 004d 04       		.byte	0x4
 239 004e 07       		.byte	0x7
 240 004f 60000000 		.4byte	.LASF5
 241 0053 02       		.uleb128 0x2
 242 0054 08       		.byte	0x8
 243 0055 05       		.byte	0x5
 244 0056 9C010000 		.4byte	.LASF6
 245 005a 02       		.uleb128 0x2
 246 005b 08       		.byte	0x8
 247 005c 07       		.byte	0x7
 248 005d 2D010000 		.4byte	.LASF7
 249 0061 03       		.uleb128 0x3
 250 0062 04       		.byte	0x4
 251 0063 05       		.byte	0x5
 252 0064 696E7400 		.ascii	"int\000"
 253 0068 02       		.uleb128 0x2
 254 0069 04       		.byte	0x4
 255 006a 07       		.byte	0x7
 256 006b 20010000 		.4byte	.LASF8
 257 006f 04       		.uleb128 0x4
 258 0070 DD010000 		.4byte	.LASF9
 259 0074 02       		.byte	0x2
 260 0075 5B       		.byte	0x5b
 261 0076 30000000 		.4byte	0x30
 262 007a 04       		.uleb128 0x4
 263 007b 0E010000 		.4byte	.LASF10
 264 007f 02       		.byte	0x2
 265 0080 5C       		.byte	0x5c
 266 0081 3E000000 		.4byte	0x3e
 267 0085 02       		.uleb128 0x2
 268 0086 04       		.byte	0x4
 269 0087 04       		.byte	0x4
 270 0088 3E000000 		.4byte	.LASF11
 271 008c 02       		.uleb128 0x2
 272 008d 08       		.byte	0x8
 273 008e 04       		.byte	0x4
 274 008f D6000000 		.4byte	.LASF12
 275 0093 02       		.uleb128 0x2
 276 0094 01       		.byte	0x1
 277 0095 08       		.byte	0x8
 278 0096 C3010000 		.4byte	.LASF13
 279 009a 04       		.uleb128 0x4
 280 009b 5B000000 		.4byte	.LASF14
 281 009f 02       		.byte	0x2
 282 00a0 F0       		.byte	0xf0
 283 00a1 A5000000 		.4byte	0xa5
 284 00a5 05       		.uleb128 0x5
 285 00a6 6F000000 		.4byte	0x6f
 286 00aa 02       		.uleb128 0x2
 287 00ab 04       		.byte	0x4
ARM GAS  C:\Users\Luke\AppData\Local\Temp\ccKeF2k3.s 			page 16


 288 00ac 07       		.byte	0x7
 289 00ad 8C010000 		.4byte	.LASF15
 290 00b1 06       		.uleb128 0x6
 291 00b2 0C       		.byte	0xc
 292 00b3 03       		.byte	0x3
 293 00b4 74       		.byte	0x74
 294 00b5 38010000 		.4byte	0x138
 295 00b9 07       		.uleb128 0x7
 296 00ba DD000000 		.4byte	.LASF16
 297 00be 03       		.byte	0x3
 298 00bf 76       		.byte	0x76
 299 00c0 6F000000 		.4byte	0x6f
 300 00c4 02       		.byte	0x2
 301 00c5 23       		.byte	0x23
 302 00c6 00       		.uleb128 0
 303 00c7 07       		.uleb128 0x7
 304 00c8 15010000 		.4byte	.LASF17
 305 00cc 03       		.byte	0x3
 306 00cd 77       		.byte	0x77
 307 00ce 6F000000 		.4byte	0x6f
 308 00d2 02       		.byte	0x2
 309 00d3 23       		.byte	0x23
 310 00d4 01       		.uleb128 0x1
 311 00d5 07       		.uleb128 0x7
 312 00d6 44010000 		.4byte	.LASF18
 313 00da 03       		.byte	0x3
 314 00db 78       		.byte	0x78
 315 00dc 6F000000 		.4byte	0x6f
 316 00e0 02       		.byte	0x2
 317 00e1 23       		.byte	0x23
 318 00e2 02       		.uleb128 0x2
 319 00e3 07       		.uleb128 0x7
 320 00e4 44000000 		.4byte	.LASF19
 321 00e8 03       		.byte	0x3
 322 00e9 79       		.byte	0x79
 323 00ea 6F000000 		.4byte	0x6f
 324 00ee 02       		.byte	0x2
 325 00ef 23       		.byte	0x23
 326 00f0 03       		.uleb128 0x3
 327 00f1 07       		.uleb128 0x7
 328 00f2 72000000 		.4byte	.LASF20
 329 00f6 03       		.byte	0x3
 330 00f7 7A       		.byte	0x7a
 331 00f8 6F000000 		.4byte	0x6f
 332 00fc 02       		.byte	0x2
 333 00fd 23       		.byte	0x23
 334 00fe 04       		.uleb128 0x4
 335 00ff 07       		.uleb128 0x7
 336 0100 95010000 		.4byte	.LASF21
 337 0104 03       		.byte	0x3
 338 0105 7B       		.byte	0x7b
 339 0106 6F000000 		.4byte	0x6f
 340 010a 02       		.byte	0x2
 341 010b 23       		.byte	0x23
 342 010c 05       		.uleb128 0x5
 343 010d 07       		.uleb128 0x7
 344 010e 00000000 		.4byte	.LASF22
ARM GAS  C:\Users\Luke\AppData\Local\Temp\ccKeF2k3.s 			page 17


 345 0112 03       		.byte	0x3
 346 0113 7C       		.byte	0x7c
 347 0114 7A000000 		.4byte	0x7a
 348 0118 02       		.byte	0x2
 349 0119 23       		.byte	0x23
 350 011a 06       		.uleb128 0x6
 351 011b 07       		.uleb128 0x7
 352 011c C8010000 		.4byte	.LASF23
 353 0120 03       		.byte	0x3
 354 0121 7D       		.byte	0x7d
 355 0122 7A000000 		.4byte	0x7a
 356 0126 02       		.byte	0x2
 357 0127 23       		.byte	0x23
 358 0128 08       		.uleb128 0x8
 359 0129 07       		.uleb128 0x7
 360 012a 2C020000 		.4byte	.LASF24
 361 012e 03       		.byte	0x3
 362 012f 7E       		.byte	0x7e
 363 0130 6F000000 		.4byte	0x6f
 364 0134 02       		.byte	0x2
 365 0135 23       		.byte	0x23
 366 0136 0A       		.uleb128 0xa
 367 0137 00       		.byte	0
 368 0138 04       		.uleb128 0x4
 369 0139 AA010000 		.4byte	.LASF25
 370 013d 03       		.byte	0x3
 371 013e 7F       		.byte	0x7f
 372 013f B1000000 		.4byte	0xb1
 373 0143 08       		.uleb128 0x8
 374 0144 01       		.byte	0x1
 375 0145 2B000000 		.4byte	.LASF26
 376 0149 01       		.byte	0x1
 377 014a 31       		.byte	0x31
 378 014b 01       		.byte	0x1
 379 014c 00000000 		.4byte	.LFB0
 380 0150 34000000 		.4byte	.LFE0
 381 0154 02       		.byte	0x2
 382 0155 7D       		.byte	0x7d
 383 0156 00       		.sleb128 0
 384 0157 01       		.byte	0x1
 385 0158 08       		.uleb128 0x8
 386 0159 01       		.byte	0x1
 387 015a C3000000 		.4byte	.LASF27
 388 015e 01       		.byte	0x1
 389 015f 6E       		.byte	0x6e
 390 0160 01       		.byte	0x1
 391 0161 00000000 		.4byte	.LFB1
 392 0165 34000000 		.4byte	.LFE1
 393 0169 02       		.byte	0x2
 394 016a 7D       		.byte	0x7d
 395 016b 00       		.sleb128 0
 396 016c 01       		.byte	0x1
 397 016d 08       		.uleb128 0x8
 398 016e 01       		.byte	0x1
 399 016f 79010000 		.4byte	.LASF28
 400 0173 01       		.byte	0x1
 401 0174 AB       		.byte	0xab
ARM GAS  C:\Users\Luke\AppData\Local\Temp\ccKeF2k3.s 			page 18


 402 0175 01       		.byte	0x1
 403 0176 00000000 		.4byte	.LFB2
 404 017a 3C000000 		.4byte	.LFE2
 405 017e 02       		.byte	0x2
 406 017f 7D       		.byte	0x7d
 407 0180 00       		.sleb128 0
 408 0181 01       		.byte	0x1
 409 0182 09       		.uleb128 0x9
 410 0183 01       		.byte	0x1
 411 0184 FC000000 		.4byte	.LASF29
 412 0188 01       		.byte	0x1
 413 0189 1602     		.2byte	0x216
 414 018b 01       		.byte	0x1
 415 018c 00000000 		.4byte	.LFB3
 416 0190 02000000 		.4byte	.LFE3
 417 0194 02       		.byte	0x2
 418 0195 7D       		.byte	0x7d
 419 0196 00       		.sleb128 0
 420 0197 01       		.byte	0x1
 421 0198 0A       		.uleb128 0xa
 422 0199 01       		.byte	0x1
 423 019a E4000000 		.4byte	.LASF33
 424 019e 01       		.byte	0x1
 425 019f 2D02     		.2byte	0x22d
 426 01a1 01       		.byte	0x1
 427 01a2 00000000 		.4byte	.LFB4
 428 01a6 04000000 		.4byte	.LFE4
 429 01aa 02       		.byte	0x2
 430 01ab 7D       		.byte	0x7d
 431 01ac 00       		.sleb128 0
 432 01ad 01       		.byte	0x1
 433 01ae BD010000 		.4byte	0x1bd
 434 01b2 0B       		.uleb128 0xb
 435 01b3 04000000 		.4byte	.LVL0
 436 01b7 01       		.byte	0x1
 437 01b8 DF010000 		.4byte	0x1df
 438 01bc 00       		.byte	0
 439 01bd 0C       		.uleb128 0xc
 440 01be 38010000 		.4byte	0x138
 441 01c2 CD010000 		.4byte	0x1cd
 442 01c6 0D       		.uleb128 0xd
 443 01c7 AA000000 		.4byte	0xaa
 444 01cb 08       		.byte	0x8
 445 01cc 00       		.byte	0
 446 01cd 0E       		.uleb128 0xe
 447 01ce 0B000000 		.4byte	.LASF34
 448 01d2 04       		.byte	0x4
 449 01d3 34       		.byte	0x34
 450 01d4 DA010000 		.4byte	0x1da
 451 01d8 01       		.byte	0x1
 452 01d9 01       		.byte	0x1
 453 01da 05       		.uleb128 0x5
 454 01db BD010000 		.4byte	0x1bd
 455 01df 0F       		.uleb128 0xf
 456 01e0 01       		.byte	0x1
 457 01e1 4B020000 		.4byte	.LASF35
 458 01e5 04       		.byte	0x4
ARM GAS  C:\Users\Luke\AppData\Local\Temp\ccKeF2k3.s 			page 19


 459 01e6 46       		.byte	0x46
 460 01e7 01       		.byte	0x1
 461 01e8 01       		.byte	0x1
 462 01e9 00       		.byte	0
 463              		.section	.debug_abbrev,"",%progbits
 464              	.Ldebug_abbrev0:
 465 0000 01       		.uleb128 0x1
 466 0001 11       		.uleb128 0x11
 467 0002 01       		.byte	0x1
 468 0003 25       		.uleb128 0x25
 469 0004 0E       		.uleb128 0xe
 470 0005 13       		.uleb128 0x13
 471 0006 0B       		.uleb128 0xb
 472 0007 03       		.uleb128 0x3
 473 0008 0E       		.uleb128 0xe
 474 0009 1B       		.uleb128 0x1b
 475 000a 0E       		.uleb128 0xe
 476 000b 55       		.uleb128 0x55
 477 000c 06       		.uleb128 0x6
 478 000d 11       		.uleb128 0x11
 479 000e 01       		.uleb128 0x1
 480 000f 52       		.uleb128 0x52
 481 0010 01       		.uleb128 0x1
 482 0011 10       		.uleb128 0x10
 483 0012 06       		.uleb128 0x6
 484 0013 00       		.byte	0
 485 0014 00       		.byte	0
 486 0015 02       		.uleb128 0x2
 487 0016 24       		.uleb128 0x24
 488 0017 00       		.byte	0
 489 0018 0B       		.uleb128 0xb
 490 0019 0B       		.uleb128 0xb
 491 001a 3E       		.uleb128 0x3e
 492 001b 0B       		.uleb128 0xb
 493 001c 03       		.uleb128 0x3
 494 001d 0E       		.uleb128 0xe
 495 001e 00       		.byte	0
 496 001f 00       		.byte	0
 497 0020 03       		.uleb128 0x3
 498 0021 24       		.uleb128 0x24
 499 0022 00       		.byte	0
 500 0023 0B       		.uleb128 0xb
 501 0024 0B       		.uleb128 0xb
 502 0025 3E       		.uleb128 0x3e
 503 0026 0B       		.uleb128 0xb
 504 0027 03       		.uleb128 0x3
 505 0028 08       		.uleb128 0x8
 506 0029 00       		.byte	0
 507 002a 00       		.byte	0
 508 002b 04       		.uleb128 0x4
 509 002c 16       		.uleb128 0x16
 510 002d 00       		.byte	0
 511 002e 03       		.uleb128 0x3
 512 002f 0E       		.uleb128 0xe
 513 0030 3A       		.uleb128 0x3a
 514 0031 0B       		.uleb128 0xb
 515 0032 3B       		.uleb128 0x3b
ARM GAS  C:\Users\Luke\AppData\Local\Temp\ccKeF2k3.s 			page 20


 516 0033 0B       		.uleb128 0xb
 517 0034 49       		.uleb128 0x49
 518 0035 13       		.uleb128 0x13
 519 0036 00       		.byte	0
 520 0037 00       		.byte	0
 521 0038 05       		.uleb128 0x5
 522 0039 35       		.uleb128 0x35
 523 003a 00       		.byte	0
 524 003b 49       		.uleb128 0x49
 525 003c 13       		.uleb128 0x13
 526 003d 00       		.byte	0
 527 003e 00       		.byte	0
 528 003f 06       		.uleb128 0x6
 529 0040 13       		.uleb128 0x13
 530 0041 01       		.byte	0x1
 531 0042 0B       		.uleb128 0xb
 532 0043 0B       		.uleb128 0xb
 533 0044 3A       		.uleb128 0x3a
 534 0045 0B       		.uleb128 0xb
 535 0046 3B       		.uleb128 0x3b
 536 0047 0B       		.uleb128 0xb
 537 0048 01       		.uleb128 0x1
 538 0049 13       		.uleb128 0x13
 539 004a 00       		.byte	0
 540 004b 00       		.byte	0
 541 004c 07       		.uleb128 0x7
 542 004d 0D       		.uleb128 0xd
 543 004e 00       		.byte	0
 544 004f 03       		.uleb128 0x3
 545 0050 0E       		.uleb128 0xe
 546 0051 3A       		.uleb128 0x3a
 547 0052 0B       		.uleb128 0xb
 548 0053 3B       		.uleb128 0x3b
 549 0054 0B       		.uleb128 0xb
 550 0055 49       		.uleb128 0x49
 551 0056 13       		.uleb128 0x13
 552 0057 38       		.uleb128 0x38
 553 0058 0A       		.uleb128 0xa
 554 0059 00       		.byte	0
 555 005a 00       		.byte	0
 556 005b 08       		.uleb128 0x8
 557 005c 2E       		.uleb128 0x2e
 558 005d 00       		.byte	0
 559 005e 3F       		.uleb128 0x3f
 560 005f 0C       		.uleb128 0xc
 561 0060 03       		.uleb128 0x3
 562 0061 0E       		.uleb128 0xe
 563 0062 3A       		.uleb128 0x3a
 564 0063 0B       		.uleb128 0xb
 565 0064 3B       		.uleb128 0x3b
 566 0065 0B       		.uleb128 0xb
 567 0066 27       		.uleb128 0x27
 568 0067 0C       		.uleb128 0xc
 569 0068 11       		.uleb128 0x11
 570 0069 01       		.uleb128 0x1
 571 006a 12       		.uleb128 0x12
 572 006b 01       		.uleb128 0x1
ARM GAS  C:\Users\Luke\AppData\Local\Temp\ccKeF2k3.s 			page 21


 573 006c 40       		.uleb128 0x40
 574 006d 0A       		.uleb128 0xa
 575 006e 9742     		.uleb128 0x2117
 576 0070 0C       		.uleb128 0xc
 577 0071 00       		.byte	0
 578 0072 00       		.byte	0
 579 0073 09       		.uleb128 0x9
 580 0074 2E       		.uleb128 0x2e
 581 0075 00       		.byte	0
 582 0076 3F       		.uleb128 0x3f
 583 0077 0C       		.uleb128 0xc
 584 0078 03       		.uleb128 0x3
 585 0079 0E       		.uleb128 0xe
 586 007a 3A       		.uleb128 0x3a
 587 007b 0B       		.uleb128 0xb
 588 007c 3B       		.uleb128 0x3b
 589 007d 05       		.uleb128 0x5
 590 007e 27       		.uleb128 0x27
 591 007f 0C       		.uleb128 0xc
 592 0080 11       		.uleb128 0x11
 593 0081 01       		.uleb128 0x1
 594 0082 12       		.uleb128 0x12
 595 0083 01       		.uleb128 0x1
 596 0084 40       		.uleb128 0x40
 597 0085 0A       		.uleb128 0xa
 598 0086 9742     		.uleb128 0x2117
 599 0088 0C       		.uleb128 0xc
 600 0089 00       		.byte	0
 601 008a 00       		.byte	0
 602 008b 0A       		.uleb128 0xa
 603 008c 2E       		.uleb128 0x2e
 604 008d 01       		.byte	0x1
 605 008e 3F       		.uleb128 0x3f
 606 008f 0C       		.uleb128 0xc
 607 0090 03       		.uleb128 0x3
 608 0091 0E       		.uleb128 0xe
 609 0092 3A       		.uleb128 0x3a
 610 0093 0B       		.uleb128 0xb
 611 0094 3B       		.uleb128 0x3b
 612 0095 05       		.uleb128 0x5
 613 0096 27       		.uleb128 0x27
 614 0097 0C       		.uleb128 0xc
 615 0098 11       		.uleb128 0x11
 616 0099 01       		.uleb128 0x1
 617 009a 12       		.uleb128 0x12
 618 009b 01       		.uleb128 0x1
 619 009c 40       		.uleb128 0x40
 620 009d 0A       		.uleb128 0xa
 621 009e 9742     		.uleb128 0x2117
 622 00a0 0C       		.uleb128 0xc
 623 00a1 01       		.uleb128 0x1
 624 00a2 13       		.uleb128 0x13
 625 00a3 00       		.byte	0
 626 00a4 00       		.byte	0
 627 00a5 0B       		.uleb128 0xb
 628 00a6 898201   		.uleb128 0x4109
 629 00a9 00       		.byte	0
ARM GAS  C:\Users\Luke\AppData\Local\Temp\ccKeF2k3.s 			page 22


 630 00aa 11       		.uleb128 0x11
 631 00ab 01       		.uleb128 0x1
 632 00ac 9542     		.uleb128 0x2115
 633 00ae 0C       		.uleb128 0xc
 634 00af 31       		.uleb128 0x31
 635 00b0 13       		.uleb128 0x13
 636 00b1 00       		.byte	0
 637 00b2 00       		.byte	0
 638 00b3 0C       		.uleb128 0xc
 639 00b4 01       		.uleb128 0x1
 640 00b5 01       		.byte	0x1
 641 00b6 49       		.uleb128 0x49
 642 00b7 13       		.uleb128 0x13
 643 00b8 01       		.uleb128 0x1
 644 00b9 13       		.uleb128 0x13
 645 00ba 00       		.byte	0
 646 00bb 00       		.byte	0
 647 00bc 0D       		.uleb128 0xd
 648 00bd 21       		.uleb128 0x21
 649 00be 00       		.byte	0
 650 00bf 49       		.uleb128 0x49
 651 00c0 13       		.uleb128 0x13
 652 00c1 2F       		.uleb128 0x2f
 653 00c2 0B       		.uleb128 0xb
 654 00c3 00       		.byte	0
 655 00c4 00       		.byte	0
 656 00c5 0E       		.uleb128 0xe
 657 00c6 34       		.uleb128 0x34
 658 00c7 00       		.byte	0
 659 00c8 03       		.uleb128 0x3
 660 00c9 0E       		.uleb128 0xe
 661 00ca 3A       		.uleb128 0x3a
 662 00cb 0B       		.uleb128 0xb
 663 00cc 3B       		.uleb128 0x3b
 664 00cd 0B       		.uleb128 0xb
 665 00ce 49       		.uleb128 0x49
 666 00cf 13       		.uleb128 0x13
 667 00d0 3F       		.uleb128 0x3f
 668 00d1 0C       		.uleb128 0xc
 669 00d2 3C       		.uleb128 0x3c
 670 00d3 0C       		.uleb128 0xc
 671 00d4 00       		.byte	0
 672 00d5 00       		.byte	0
 673 00d6 0F       		.uleb128 0xf
 674 00d7 2E       		.uleb128 0x2e
 675 00d8 00       		.byte	0
 676 00d9 3F       		.uleb128 0x3f
 677 00da 0C       		.uleb128 0xc
 678 00db 03       		.uleb128 0x3
 679 00dc 0E       		.uleb128 0xe
 680 00dd 3A       		.uleb128 0x3a
 681 00de 0B       		.uleb128 0xb
 682 00df 3B       		.uleb128 0x3b
 683 00e0 0B       		.uleb128 0xb
 684 00e1 27       		.uleb128 0x27
 685 00e2 0C       		.uleb128 0xc
 686 00e3 3C       		.uleb128 0x3c
ARM GAS  C:\Users\Luke\AppData\Local\Temp\ccKeF2k3.s 			page 23


 687 00e4 0C       		.uleb128 0xc
 688 00e5 00       		.byte	0
 689 00e6 00       		.byte	0
 690 00e7 00       		.byte	0
 691              		.section	.debug_aranges,"",%progbits
 692 0000 3C000000 		.4byte	0x3c
 693 0004 0200     		.2byte	0x2
 694 0006 00000000 		.4byte	.Ldebug_info0
 695 000a 04       		.byte	0x4
 696 000b 00       		.byte	0
 697 000c 0000     		.2byte	0
 698 000e 0000     		.2byte	0
 699 0010 00000000 		.4byte	.LFB0
 700 0014 34000000 		.4byte	.LFE0-.LFB0
 701 0018 00000000 		.4byte	.LFB1
 702 001c 34000000 		.4byte	.LFE1-.LFB1
 703 0020 00000000 		.4byte	.LFB2
 704 0024 3C000000 		.4byte	.LFE2-.LFB2
 705 0028 00000000 		.4byte	.LFB3
 706 002c 02000000 		.4byte	.LFE3-.LFB3
 707 0030 00000000 		.4byte	.LFB4
 708 0034 04000000 		.4byte	.LFE4-.LFB4
 709 0038 00000000 		.4byte	0
 710 003c 00000000 		.4byte	0
 711              		.section	.debug_ranges,"",%progbits
 712              	.Ldebug_ranges0:
 713 0000 00000000 		.4byte	.LFB0
 714 0004 34000000 		.4byte	.LFE0
 715 0008 00000000 		.4byte	.LFB1
 716 000c 34000000 		.4byte	.LFE1
 717 0010 00000000 		.4byte	.LFB2
 718 0014 3C000000 		.4byte	.LFE2
 719 0018 00000000 		.4byte	.LFB3
 720 001c 02000000 		.4byte	.LFE3
 721 0020 00000000 		.4byte	.LFB4
 722 0024 04000000 		.4byte	.LFE4
 723 0028 00000000 		.4byte	0
 724 002c 00000000 		.4byte	0
 725              		.section	.debug_line,"",%progbits
 726              	.Ldebug_line0:
 727 0000 E2000000 		.section	.debug_str,"MS",%progbits,1
 727      02007000 
 727      00000201 
 727      FB0E0D00 
 727      01010101 
 728              	.LASF22:
 729 0000 62756666 		.ascii	"buffOffset\000"
 729      4F666673 
 729      657400
 730              	.LASF34:
 731 000b 55534255 		.ascii	"USBUART_1_EP\000"
 731      4152545F 
 731      315F4550 
 731      00
 732              	.LASF3:
 733 0018 73686F72 		.ascii	"short unsigned int\000"
 733      7420756E 
ARM GAS  C:\Users\Luke\AppData\Local\Temp\ccKeF2k3.s 			page 24


 733      7369676E 
 733      65642069 
 733      6E7400
 734              	.LASF26:
 735 002b 55534255 		.ascii	"USBUART_1_EP_1_ISR\000"
 735      4152545F 
 735      315F4550 
 735      5F315F49 
 735      535200
 736              	.LASF11:
 737 003e 666C6F61 		.ascii	"float\000"
 737      7400
 738              	.LASF19:
 739 0044 6570546F 		.ascii	"epToggle\000"
 739      67676C65 
 739      00
 740              	.LASF1:
 741 004d 756E7369 		.ascii	"unsigned char\000"
 741      676E6564 
 741      20636861 
 741      7200
 742              	.LASF14:
 743 005b 72656738 		.ascii	"reg8\000"
 743      00
 744              	.LASF5:
 745 0060 6C6F6E67 		.ascii	"long unsigned int\000"
 745      20756E73 
 745      69676E65 
 745      6420696E 
 745      7400
 746              	.LASF20:
 747 0072 61646472 		.ascii	"addr\000"
 747      00
 748              	.LASF32:
 749 0077 433A5C55 		.ascii	"C:\\Users\\Luke\\Desktop\\Laserschutzschaltung.cyds"
 749      73657273 
 749      5C4C756B 
 749      655C4465 
 749      736B746F 
 750 00a6 6E5C4C61 		.ascii	"n\\Laserschutzschaltung.cydsn\000"
 750      73657273 
 750      63687574 
 750      7A736368 
 750      616C7475 
 751              	.LASF27:
 752 00c3 55534255 		.ascii	"USBUART_1_EP_2_ISR\000"
 752      4152545F 
 752      315F4550 
 752      5F325F49 
 752      535200
 753              	.LASF12:
 754 00d6 646F7562 		.ascii	"double\000"
 754      6C6500
 755              	.LASF16:
 756 00dd 61747472 		.ascii	"attrib\000"
 756      696200
 757              	.LASF33:
ARM GAS  C:\Users\Luke\AppData\Local\Temp\ccKeF2k3.s 			page 25


 758 00e4 55534255 		.ascii	"USBUART_1_BUS_RESET_ISR\000"
 758      4152545F 
 758      315F4255 
 758      535F5245 
 758      5345545F 
 759              	.LASF29:
 760 00fc 55534255 		.ascii	"USBUART_1_SOF_ISR\000"
 760      4152545F 
 760      315F534F 
 760      465F4953 
 760      5200
 761              	.LASF10:
 762 010e 75696E74 		.ascii	"uint16\000"
 762      313600
 763              	.LASF17:
 764 0115 61706945 		.ascii	"apiEpState\000"
 764      70537461 
 764      746500
 765              	.LASF8:
 766 0120 756E7369 		.ascii	"unsigned int\000"
 766      676E6564 
 766      20696E74 
 766      00
 767              	.LASF7:
 768 012d 6C6F6E67 		.ascii	"long long unsigned int\000"
 768      206C6F6E 
 768      6720756E 
 768      7369676E 
 768      65642069 
 769              	.LASF18:
 770 0144 68774570 		.ascii	"hwEpState\000"
 770      53746174 
 770      6500
 771              	.LASF31:
 772 014e 2E5C4765 		.ascii	".\\Generated_Source\\PSoC5\\USBUART_1_episr.c\000"
 772      6E657261 
 772      7465645F 
 772      536F7572 
 772      63655C50 
 773              	.LASF28:
 774 0179 55534255 		.ascii	"USBUART_1_EP_3_ISR\000"
 774      4152545F 
 774      315F4550 
 774      5F335F49 
 774      535200
 775              	.LASF15:
 776 018c 73697A65 		.ascii	"sizetype\000"
 776      74797065 
 776      00
 777              	.LASF21:
 778 0195 65704D6F 		.ascii	"epMode\000"
 778      646500
 779              	.LASF6:
 780 019c 6C6F6E67 		.ascii	"long long int\000"
 780      206C6F6E 
 780      6720696E 
 780      7400
ARM GAS  C:\Users\Luke\AppData\Local\Temp\ccKeF2k3.s 			page 26


 781              	.LASF25:
 782 01aa 545F5553 		.ascii	"T_USBUART_1_EP_CTL_BLOCK\000"
 782      42554152 
 782      545F315F 
 782      45505F43 
 782      544C5F42 
 783              	.LASF13:
 784 01c3 63686172 		.ascii	"char\000"
 784      00
 785              	.LASF23:
 786 01c8 62756666 		.ascii	"bufferSize\000"
 786      65725369 
 786      7A6500
 787              	.LASF2:
 788 01d3 73686F72 		.ascii	"short int\000"
 788      7420696E 
 788      7400
 789              	.LASF9:
 790 01dd 75696E74 		.ascii	"uint8\000"
 790      3800
 791              	.LASF30:
 792 01e3 474E5520 		.ascii	"GNU C 4.7.3 20130312 (release) [ARM/embedded-4_7-br"
 792      4320342E 
 792      372E3320 
 792      32303133 
 792      30333132 
 793 0216 616E6368 		.ascii	"anch revision 196615]\000"
 793      20726576 
 793      6973696F 
 793      6E203139 
 793      36363135 
 794              	.LASF24:
 795 022c 696E7465 		.ascii	"interface\000"
 795      72666163 
 795      6500
 796              	.LASF4:
 797 0236 6C6F6E67 		.ascii	"long int\000"
 797      20696E74 
 797      00
 798              	.LASF0:
 799 023f 7369676E 		.ascii	"signed char\000"
 799      65642063 
 799      68617200 
 800              	.LASF35:
 801 024b 55534255 		.ascii	"USBUART_1_ReInitComponent\000"
 801      4152545F 
 801      315F5265 
 801      496E6974 
 801      436F6D70 
 802              		.ident	"GCC: (GNU Tools for ARM Embedded Processors) 4.7.3 20130312 (release) [ARM/embedded-4_7-br
