ARM GAS  C:\Users\Luggi\AppData\Local\Temp\ccpqyO3Z.s 			page 1


   1              		.syntax unified
   2              		.cpu cortex-m3
   3              		.fpu softvfp
   4              		.eabi_attribute 20, 1
   5              		.eabi_attribute 21, 1
   6              		.eabi_attribute 23, 3
   7              		.eabi_attribute 24, 1
   8              		.eabi_attribute 25, 1
   9              		.eabi_attribute 26, 1
  10              		.eabi_attribute 30, 4
  11              		.eabi_attribute 34, 1
  12              		.eabi_attribute 18, 4
  13              		.thumb
  14              		.file	"ADC_SAR_2_PM.c"
  15              		.text
  16              	.Ltext0:
  17              		.cfi_sections	.debug_frame
  18              		.section	.text.ADC_SAR_2_SaveConfig,"ax",%progbits
  19              		.align	1
  20              		.global	ADC_SAR_2_SaveConfig
  21              		.thumb
  22              		.thumb_func
  23              		.type	ADC_SAR_2_SaveConfig, %function
  24              	ADC_SAR_2_SaveConfig:
  25              	.LFB0:
  26              		.file 1 "Generated_Source\\PSoC5\\ADC_SAR_2_PM.c"
   1:Generated_Source\PSoC5/ADC_SAR_2_PM.c **** /*******************************************************************************
   2:Generated_Source\PSoC5/ADC_SAR_2_PM.c **** * File Name: ADC_SAR_2_PM.c
   3:Generated_Source\PSoC5/ADC_SAR_2_PM.c **** * Version 3.0
   4:Generated_Source\PSoC5/ADC_SAR_2_PM.c **** *
   5:Generated_Source\PSoC5/ADC_SAR_2_PM.c **** * Description:
   6:Generated_Source\PSoC5/ADC_SAR_2_PM.c **** *  This file provides Sleep/WakeUp APIs functionality.
   7:Generated_Source\PSoC5/ADC_SAR_2_PM.c **** *
   8:Generated_Source\PSoC5/ADC_SAR_2_PM.c **** * Note:
   9:Generated_Source\PSoC5/ADC_SAR_2_PM.c **** *
  10:Generated_Source\PSoC5/ADC_SAR_2_PM.c **** ********************************************************************************
  11:Generated_Source\PSoC5/ADC_SAR_2_PM.c **** * Copyright 2008-2015, Cypress Semiconductor Corporation.  All rights reserved.
  12:Generated_Source\PSoC5/ADC_SAR_2_PM.c **** * You may use this file only in accordance with the license, terms, conditions,
  13:Generated_Source\PSoC5/ADC_SAR_2_PM.c **** * disclaimers, and limitations in the end user license agreement accompanying
  14:Generated_Source\PSoC5/ADC_SAR_2_PM.c **** * the software package with which this file was provided.
  15:Generated_Source\PSoC5/ADC_SAR_2_PM.c **** *******************************************************************************/
  16:Generated_Source\PSoC5/ADC_SAR_2_PM.c **** 
  17:Generated_Source\PSoC5/ADC_SAR_2_PM.c **** #include "ADC_SAR_2.h"
  18:Generated_Source\PSoC5/ADC_SAR_2_PM.c **** 
  19:Generated_Source\PSoC5/ADC_SAR_2_PM.c **** 
  20:Generated_Source\PSoC5/ADC_SAR_2_PM.c **** /***************************************
  21:Generated_Source\PSoC5/ADC_SAR_2_PM.c **** * Local data allocation
  22:Generated_Source\PSoC5/ADC_SAR_2_PM.c **** ***************************************/
  23:Generated_Source\PSoC5/ADC_SAR_2_PM.c **** 
  24:Generated_Source\PSoC5/ADC_SAR_2_PM.c **** static ADC_SAR_2_BACKUP_STRUCT  ADC_SAR_2_backup =
  25:Generated_Source\PSoC5/ADC_SAR_2_PM.c **** {
  26:Generated_Source\PSoC5/ADC_SAR_2_PM.c ****     ADC_SAR_2_DISABLED
  27:Generated_Source\PSoC5/ADC_SAR_2_PM.c **** };
  28:Generated_Source\PSoC5/ADC_SAR_2_PM.c **** 
  29:Generated_Source\PSoC5/ADC_SAR_2_PM.c **** 
  30:Generated_Source\PSoC5/ADC_SAR_2_PM.c **** /*******************************************************************************
  31:Generated_Source\PSoC5/ADC_SAR_2_PM.c **** * Function Name: ADC_SAR_2_SaveConfig
ARM GAS  C:\Users\Luggi\AppData\Local\Temp\ccpqyO3Z.s 			page 2


  32:Generated_Source\PSoC5/ADC_SAR_2_PM.c **** ********************************************************************************
  33:Generated_Source\PSoC5/ADC_SAR_2_PM.c **** *
  34:Generated_Source\PSoC5/ADC_SAR_2_PM.c **** * Summary:
  35:Generated_Source\PSoC5/ADC_SAR_2_PM.c **** *  Saves the current user configuration.
  36:Generated_Source\PSoC5/ADC_SAR_2_PM.c **** *
  37:Generated_Source\PSoC5/ADC_SAR_2_PM.c **** * Parameters:
  38:Generated_Source\PSoC5/ADC_SAR_2_PM.c **** *  None.
  39:Generated_Source\PSoC5/ADC_SAR_2_PM.c **** *
  40:Generated_Source\PSoC5/ADC_SAR_2_PM.c **** * Return:
  41:Generated_Source\PSoC5/ADC_SAR_2_PM.c **** *  None.
  42:Generated_Source\PSoC5/ADC_SAR_2_PM.c **** *
  43:Generated_Source\PSoC5/ADC_SAR_2_PM.c **** *******************************************************************************/
  44:Generated_Source\PSoC5/ADC_SAR_2_PM.c **** void ADC_SAR_2_SaveConfig(void)
  45:Generated_Source\PSoC5/ADC_SAR_2_PM.c **** {
  27              		.loc 1 45 0
  28              		.cfi_startproc
  29              		@ args = 0, pretend = 0, frame = 0
  30              		@ frame_needed = 0, uses_anonymous_args = 0
  31              		@ link register save eliminated.
  32 0000 7047     		bx	lr
  33              		.cfi_endproc
  34              	.LFE0:
  35              		.size	ADC_SAR_2_SaveConfig, .-ADC_SAR_2_SaveConfig
  36              		.section	.text.ADC_SAR_2_RestoreConfig,"ax",%progbits
  37              		.align	1
  38              		.global	ADC_SAR_2_RestoreConfig
  39              		.thumb
  40              		.thumb_func
  41              		.type	ADC_SAR_2_RestoreConfig, %function
  42              	ADC_SAR_2_RestoreConfig:
  43              	.LFB1:
  46:Generated_Source\PSoC5/ADC_SAR_2_PM.c ****     /* All configuration registers are marked as [reset_all_retention] */
  47:Generated_Source\PSoC5/ADC_SAR_2_PM.c **** }
  48:Generated_Source\PSoC5/ADC_SAR_2_PM.c **** 
  49:Generated_Source\PSoC5/ADC_SAR_2_PM.c **** 
  50:Generated_Source\PSoC5/ADC_SAR_2_PM.c **** /*******************************************************************************
  51:Generated_Source\PSoC5/ADC_SAR_2_PM.c **** * Function Name: ADC_SAR_2_RestoreConfig
  52:Generated_Source\PSoC5/ADC_SAR_2_PM.c **** ********************************************************************************
  53:Generated_Source\PSoC5/ADC_SAR_2_PM.c **** *
  54:Generated_Source\PSoC5/ADC_SAR_2_PM.c **** * Summary:
  55:Generated_Source\PSoC5/ADC_SAR_2_PM.c **** *  Restores the current user configuration.
  56:Generated_Source\PSoC5/ADC_SAR_2_PM.c **** *
  57:Generated_Source\PSoC5/ADC_SAR_2_PM.c **** * Parameters:
  58:Generated_Source\PSoC5/ADC_SAR_2_PM.c **** *  None.
  59:Generated_Source\PSoC5/ADC_SAR_2_PM.c **** *
  60:Generated_Source\PSoC5/ADC_SAR_2_PM.c **** * Return:
  61:Generated_Source\PSoC5/ADC_SAR_2_PM.c **** *  None.
  62:Generated_Source\PSoC5/ADC_SAR_2_PM.c **** *
  63:Generated_Source\PSoC5/ADC_SAR_2_PM.c **** *******************************************************************************/
  64:Generated_Source\PSoC5/ADC_SAR_2_PM.c **** void ADC_SAR_2_RestoreConfig(void)
  65:Generated_Source\PSoC5/ADC_SAR_2_PM.c **** {
  44              		.loc 1 65 0
  45              		.cfi_startproc
  46              		@ args = 0, pretend = 0, frame = 0
  47              		@ frame_needed = 0, uses_anonymous_args = 0
  48              		@ link register save eliminated.
  49 0000 7047     		bx	lr
ARM GAS  C:\Users\Luggi\AppData\Local\Temp\ccpqyO3Z.s 			page 3


  50              		.cfi_endproc
  51              	.LFE1:
  52              		.size	ADC_SAR_2_RestoreConfig, .-ADC_SAR_2_RestoreConfig
  53              		.section	.text.ADC_SAR_2_Sleep,"ax",%progbits
  54              		.align	1
  55              		.global	ADC_SAR_2_Sleep
  56              		.thumb
  57              		.thumb_func
  58              		.type	ADC_SAR_2_Sleep, %function
  59              	ADC_SAR_2_Sleep:
  60              	.LFB2:
  66:Generated_Source\PSoC5/ADC_SAR_2_PM.c ****     /* All congiguration registers are marked as [reset_all_retention] */
  67:Generated_Source\PSoC5/ADC_SAR_2_PM.c **** }
  68:Generated_Source\PSoC5/ADC_SAR_2_PM.c **** 
  69:Generated_Source\PSoC5/ADC_SAR_2_PM.c **** 
  70:Generated_Source\PSoC5/ADC_SAR_2_PM.c **** /*******************************************************************************
  71:Generated_Source\PSoC5/ADC_SAR_2_PM.c **** * Function Name: ADC_SAR_2_Sleep
  72:Generated_Source\PSoC5/ADC_SAR_2_PM.c **** ********************************************************************************
  73:Generated_Source\PSoC5/ADC_SAR_2_PM.c **** *
  74:Generated_Source\PSoC5/ADC_SAR_2_PM.c **** * Summary:
  75:Generated_Source\PSoC5/ADC_SAR_2_PM.c **** *  This is the preferred routine to prepare the component for sleep.
  76:Generated_Source\PSoC5/ADC_SAR_2_PM.c **** *  The ADC_SAR_2_Sleep() routine saves the current component state,
  77:Generated_Source\PSoC5/ADC_SAR_2_PM.c **** *  then it calls the ADC_Stop() function.
  78:Generated_Source\PSoC5/ADC_SAR_2_PM.c **** *
  79:Generated_Source\PSoC5/ADC_SAR_2_PM.c **** * Parameters:
  80:Generated_Source\PSoC5/ADC_SAR_2_PM.c **** *  None.
  81:Generated_Source\PSoC5/ADC_SAR_2_PM.c **** *
  82:Generated_Source\PSoC5/ADC_SAR_2_PM.c **** * Return:
  83:Generated_Source\PSoC5/ADC_SAR_2_PM.c **** *  None.
  84:Generated_Source\PSoC5/ADC_SAR_2_PM.c **** *
  85:Generated_Source\PSoC5/ADC_SAR_2_PM.c **** * Global Variables:
  86:Generated_Source\PSoC5/ADC_SAR_2_PM.c **** *  ADC_SAR_2_backup - The structure field 'enableState' is modified
  87:Generated_Source\PSoC5/ADC_SAR_2_PM.c **** *  depending on the enable state of the block before entering to sleep mode.
  88:Generated_Source\PSoC5/ADC_SAR_2_PM.c **** *
  89:Generated_Source\PSoC5/ADC_SAR_2_PM.c **** *******************************************************************************/
  90:Generated_Source\PSoC5/ADC_SAR_2_PM.c **** void ADC_SAR_2_Sleep(void)
  91:Generated_Source\PSoC5/ADC_SAR_2_PM.c **** {
  61              		.loc 1 91 0
  62              		.cfi_startproc
  63              		@ args = 0, pretend = 0, frame = 0
  64              		@ frame_needed = 0, uses_anonymous_args = 0
  65              		@ link register save eliminated.
  92:Generated_Source\PSoC5/ADC_SAR_2_PM.c ****     if((ADC_SAR_2_PWRMGR_SAR_REG  & ADC_SAR_2_ACT_PWR_SAR_EN) != 0u)
  66              		.loc 1 92 0
  67 0000 084B     		ldr	r3, .L9
  68 0002 094A     		ldr	r2, .L9+4
  69 0004 1B78     		ldrb	r3, [r3]	@ zero_extendqisi2
  70 0006 13F00103 		ands	r3, r3, #1
  71 000a 08D0     		beq	.L4
  93:Generated_Source\PSoC5/ADC_SAR_2_PM.c ****     {
  94:Generated_Source\PSoC5/ADC_SAR_2_PM.c ****         if((ADC_SAR_2_SAR_CSR0_REG & ADC_SAR_2_SAR_SOF_START_CONV) != 0u)
  72              		.loc 1 94 0
  73 000c 074B     		ldr	r3, .L9+8
  74 000e 1B78     		ldrb	r3, [r3]	@ zero_extendqisi2
  75 0010 DB07     		lsls	r3, r3, #31
  95:Generated_Source\PSoC5/ADC_SAR_2_PM.c ****         {
  96:Generated_Source\PSoC5/ADC_SAR_2_PM.c ****             ADC_SAR_2_backup.enableState = ADC_SAR_2_ENABLED | ADC_SAR_2_STARTED;
ARM GAS  C:\Users\Luggi\AppData\Local\Temp\ccpqyO3Z.s 			page 4


  76              		.loc 1 96 0
  77 0012 4CBF     		ite	mi
  78 0014 0323     		movmi	r3, #3
  97:Generated_Source\PSoC5/ADC_SAR_2_PM.c ****         }
  98:Generated_Source\PSoC5/ADC_SAR_2_PM.c ****         else
  99:Generated_Source\PSoC5/ADC_SAR_2_PM.c ****         {
 100:Generated_Source\PSoC5/ADC_SAR_2_PM.c ****             ADC_SAR_2_backup.enableState = ADC_SAR_2_ENABLED;
  79              		.loc 1 100 0
  80 0016 0123     		movpl	r3, #1
  81 0018 1370     		strb	r3, [r2]
 101:Generated_Source\PSoC5/ADC_SAR_2_PM.c ****         }
 102:Generated_Source\PSoC5/ADC_SAR_2_PM.c ****         ADC_SAR_2_Stop();
  82              		.loc 1 102 0
  83 001a FFF7FEBF 		b	ADC_SAR_2_Stop
  84              	.LVL0:
  85              	.L4:
 103:Generated_Source\PSoC5/ADC_SAR_2_PM.c ****     }
 104:Generated_Source\PSoC5/ADC_SAR_2_PM.c ****     else
 105:Generated_Source\PSoC5/ADC_SAR_2_PM.c ****     {
 106:Generated_Source\PSoC5/ADC_SAR_2_PM.c ****         ADC_SAR_2_backup.enableState = ADC_SAR_2_DISABLED;
  86              		.loc 1 106 0
  87 001e 1370     		strb	r3, [r2]
  88 0020 7047     		bx	lr
  89              	.L10:
  90 0022 00BF     		.align	2
  91              	.L9:
  92 0024 AB430040 		.word	1073759147
  93 0028 00000000 		.word	.LANCHOR0
  94 002c 00590040 		.word	1073764608
  95              		.cfi_endproc
  96              	.LFE2:
  97              		.size	ADC_SAR_2_Sleep, .-ADC_SAR_2_Sleep
  98              		.section	.text.ADC_SAR_2_Wakeup,"ax",%progbits
  99              		.align	1
 100              		.global	ADC_SAR_2_Wakeup
 101              		.thumb
 102              		.thumb_func
 103              		.type	ADC_SAR_2_Wakeup, %function
 104              	ADC_SAR_2_Wakeup:
 105              	.LFB3:
 107:Generated_Source\PSoC5/ADC_SAR_2_PM.c ****     }
 108:Generated_Source\PSoC5/ADC_SAR_2_PM.c **** }
 109:Generated_Source\PSoC5/ADC_SAR_2_PM.c **** 
 110:Generated_Source\PSoC5/ADC_SAR_2_PM.c **** 
 111:Generated_Source\PSoC5/ADC_SAR_2_PM.c **** /*******************************************************************************
 112:Generated_Source\PSoC5/ADC_SAR_2_PM.c **** * Function Name: ADC_SAR_2_Wakeup
 113:Generated_Source\PSoC5/ADC_SAR_2_PM.c **** ********************************************************************************
 114:Generated_Source\PSoC5/ADC_SAR_2_PM.c **** *
 115:Generated_Source\PSoC5/ADC_SAR_2_PM.c **** * Summary:
 116:Generated_Source\PSoC5/ADC_SAR_2_PM.c **** *  This is the preferred routine to restore the component to the state when
 117:Generated_Source\PSoC5/ADC_SAR_2_PM.c **** *  ADC_SAR_2_Sleep() was called. If the component was enabled before the
 118:Generated_Source\PSoC5/ADC_SAR_2_PM.c **** *  ADC_SAR_2_Sleep() function was called, the
 119:Generated_Source\PSoC5/ADC_SAR_2_PM.c **** *  ADC_SAR_2_Wakeup() function also re-enables the component.
 120:Generated_Source\PSoC5/ADC_SAR_2_PM.c **** *
 121:Generated_Source\PSoC5/ADC_SAR_2_PM.c **** * Parameters:
 122:Generated_Source\PSoC5/ADC_SAR_2_PM.c **** *  None.
 123:Generated_Source\PSoC5/ADC_SAR_2_PM.c **** *
ARM GAS  C:\Users\Luggi\AppData\Local\Temp\ccpqyO3Z.s 			page 5


 124:Generated_Source\PSoC5/ADC_SAR_2_PM.c **** * Return:
 125:Generated_Source\PSoC5/ADC_SAR_2_PM.c **** *  None.
 126:Generated_Source\PSoC5/ADC_SAR_2_PM.c **** *
 127:Generated_Source\PSoC5/ADC_SAR_2_PM.c **** * Global Variables:
 128:Generated_Source\PSoC5/ADC_SAR_2_PM.c **** *  ADC_SAR_2_backup - The structure field 'enableState' is used to
 129:Generated_Source\PSoC5/ADC_SAR_2_PM.c **** *  restore the enable state of block after wakeup from sleep mode.
 130:Generated_Source\PSoC5/ADC_SAR_2_PM.c **** *
 131:Generated_Source\PSoC5/ADC_SAR_2_PM.c **** *******************************************************************************/
 132:Generated_Source\PSoC5/ADC_SAR_2_PM.c **** void ADC_SAR_2_Wakeup(void)
 133:Generated_Source\PSoC5/ADC_SAR_2_PM.c **** {
 106              		.loc 1 133 0
 107              		.cfi_startproc
 108              		@ args = 0, pretend = 0, frame = 0
 109              		@ frame_needed = 0, uses_anonymous_args = 0
 110 0000 10B5     		push	{r4, lr}
 111              		.cfi_def_cfa_offset 8
 112              		.cfi_offset 4, -8
 113              		.cfi_offset 14, -4
 134:Generated_Source\PSoC5/ADC_SAR_2_PM.c ****     if(ADC_SAR_2_backup.enableState != ADC_SAR_2_DISABLED)
 114              		.loc 1 134 0
 115 0002 064C     		ldr	r4, .L18
 116 0004 2378     		ldrb	r3, [r4]	@ zero_extendqisi2
 117 0006 43B1     		cbz	r3, .L11
 135:Generated_Source\PSoC5/ADC_SAR_2_PM.c ****     {
 136:Generated_Source\PSoC5/ADC_SAR_2_PM.c ****         ADC_SAR_2_Enable();
 118              		.loc 1 136 0
 119 0008 FFF7FEFF 		bl	ADC_SAR_2_Enable
 120              	.LVL1:
 137:Generated_Source\PSoC5/ADC_SAR_2_PM.c ****         #if(ADC_SAR_2_DEFAULT_CONV_MODE != ADC_SAR_2__HARDWARE_TRIGGER)
 138:Generated_Source\PSoC5/ADC_SAR_2_PM.c ****             if((ADC_SAR_2_backup.enableState & ADC_SAR_2_STARTED) != 0u)
 121              		.loc 1 138 0
 122 000c 2378     		ldrb	r3, [r4]	@ zero_extendqisi2
 123 000e 9B07     		lsls	r3, r3, #30
 124 0010 03D5     		bpl	.L11
 139:Generated_Source\PSoC5/ADC_SAR_2_PM.c ****             {
 140:Generated_Source\PSoC5/ADC_SAR_2_PM.c ****                 ADC_SAR_2_StartConvert();
 141:Generated_Source\PSoC5/ADC_SAR_2_PM.c ****             }
 142:Generated_Source\PSoC5/ADC_SAR_2_PM.c ****         #endif /* End ADC_SAR_2_DEFAULT_CONV_MODE != ADC_SAR_2__HARDWARE_TRIGGER */
 143:Generated_Source\PSoC5/ADC_SAR_2_PM.c ****     }
 144:Generated_Source\PSoC5/ADC_SAR_2_PM.c **** }
 125              		.loc 1 144 0
 126 0012 BDE81040 		pop	{r4, lr}
 127              		.cfi_remember_state
 128              		.cfi_restore 14
 129              		.cfi_restore 4
 130              		.cfi_def_cfa_offset 0
 140:Generated_Source\PSoC5/ADC_SAR_2_PM.c ****             }
 131              		.loc 1 140 0
 132 0016 FFF7FEBF 		b	ADC_SAR_2_StartConvert
 133              	.LVL2:
 134              	.L11:
 135              		.cfi_restore_state
 136 001a 10BD     		pop	{r4, pc}
 137              	.L19:
 138              		.align	2
 139              	.L18:
 140 001c 00000000 		.word	.LANCHOR0
ARM GAS  C:\Users\Luggi\AppData\Local\Temp\ccpqyO3Z.s 			page 6


 141              		.cfi_endproc
 142              	.LFE3:
 143              		.size	ADC_SAR_2_Wakeup, .-ADC_SAR_2_Wakeup
 144              		.bss
 145              		.set	.LANCHOR0,. + 0
 146              		.type	ADC_SAR_2_backup, %object
 147              		.size	ADC_SAR_2_backup, 1
 148              	ADC_SAR_2_backup:
 149 0000 00       		.space	1
 150              		.text
 151              	.Letext0:
 152              		.file 2 "Generated_Source\\PSoC5\\cytypes.h"
 153              		.file 3 "Generated_Source\\PSoC5\\ADC_SAR_2.h"
 154              		.section	.debug_info,"",%progbits
 155              	.Ldebug_info0:
 156 0000 49010000 		.4byte	0x149
 157 0004 0400     		.2byte	0x4
 158 0006 00000000 		.4byte	.Ldebug_abbrev0
 159 000a 04       		.byte	0x4
 160 000b 01       		.uleb128 0x1
 161 000c D1010000 		.4byte	.LASF22
 162 0010 01       		.byte	0x1
 163 0011 C0000000 		.4byte	.LASF23
 164 0015 35010000 		.4byte	.LASF24
 165 0019 00000000 		.4byte	.Ldebug_ranges0+0
 166 001d 00000000 		.4byte	0
 167 0021 00000000 		.4byte	.Ldebug_line0
 168 0025 02       		.uleb128 0x2
 169 0026 01       		.byte	0x1
 170 0027 06       		.byte	0x6
 171 0028 74020000 		.4byte	.LASF0
 172 002c 02       		.uleb128 0x2
 173 002d 01       		.byte	0x1
 174 002e 08       		.byte	0x8
 175 002f 73000000 		.4byte	.LASF1
 176 0033 02       		.uleb128 0x2
 177 0034 02       		.byte	0x2
 178 0035 05       		.byte	0x5
 179 0036 B7010000 		.4byte	.LASF2
 180 003a 02       		.uleb128 0x2
 181 003b 02       		.byte	0x2
 182 003c 07       		.byte	0x7
 183 003d AD000000 		.4byte	.LASF3
 184 0041 02       		.uleb128 0x2
 185 0042 04       		.byte	0x4
 186 0043 05       		.byte	0x5
 187 0044 5F020000 		.4byte	.LASF4
 188 0048 02       		.uleb128 0x2
 189 0049 04       		.byte	0x4
 190 004a 07       		.byte	0x7
 191 004b 9B000000 		.4byte	.LASF5
 192 004f 02       		.uleb128 0x2
 193 0050 08       		.byte	0x8
 194 0051 05       		.byte	0x5
 195 0052 22010000 		.4byte	.LASF6
 196 0056 02       		.uleb128 0x2
 197 0057 08       		.byte	0x8
ARM GAS  C:\Users\Luggi\AppData\Local\Temp\ccpqyO3Z.s 			page 7


 198 0058 07       		.byte	0x7
 199 0059 0B010000 		.4byte	.LASF7
 200 005d 03       		.uleb128 0x3
 201 005e 04       		.byte	0x4
 202 005f 05       		.byte	0x5
 203 0060 696E7400 		.ascii	"int\000"
 204 0064 02       		.uleb128 0x2
 205 0065 04       		.byte	0x4
 206 0066 07       		.byte	0x7
 207 0067 FE000000 		.4byte	.LASF8
 208 006b 04       		.uleb128 0x4
 209 006c 6D000000 		.4byte	.LASF12
 210 0070 02       		.byte	0x2
 211 0071 9201     		.2byte	0x192
 212 0073 2C000000 		.4byte	0x2c
 213 0077 02       		.uleb128 0x2
 214 0078 04       		.byte	0x4
 215 0079 04       		.byte	0x4
 216 007a 67000000 		.4byte	.LASF9
 217 007e 02       		.uleb128 0x2
 218 007f 08       		.byte	0x8
 219 0080 04       		.byte	0x4
 220 0081 F7000000 		.4byte	.LASF10
 221 0085 02       		.uleb128 0x2
 222 0086 01       		.byte	0x1
 223 0087 08       		.byte	0x8
 224 0088 30010000 		.4byte	.LASF11
 225 008c 04       		.uleb128 0x4
 226 008d 96000000 		.4byte	.LASF13
 227 0091 02       		.byte	0x2
 228 0092 3C02     		.2byte	0x23c
 229 0094 98000000 		.4byte	0x98
 230 0098 05       		.uleb128 0x5
 231 0099 6B000000 		.4byte	0x6b
 232 009d 06       		.uleb128 0x6
 233 009e 01       		.byte	0x1
 234 009f 03       		.byte	0x3
 235 00a0 2A       		.byte	0x2a
 236 00a1 B2000000 		.4byte	0xb2
 237 00a5 07       		.uleb128 0x7
 238 00a6 68020000 		.4byte	.LASF25
 239 00aa 03       		.byte	0x3
 240 00ab 2C       		.byte	0x2c
 241 00ac 6B000000 		.4byte	0x6b
 242 00b0 00       		.byte	0
 243 00b1 00       		.byte	0
 244 00b2 08       		.uleb128 0x8
 245 00b3 4F000000 		.4byte	.LASF14
 246 00b7 03       		.byte	0x3
 247 00b8 2D       		.byte	0x2d
 248 00b9 9D000000 		.4byte	0x9d
 249 00bd 09       		.uleb128 0x9
 250 00be 81000000 		.4byte	.LASF15
 251 00c2 01       		.byte	0x1
 252 00c3 2C       		.byte	0x2c
 253 00c4 00000000 		.4byte	.LFB0
 254 00c8 02000000 		.4byte	.LFE0-.LFB0
ARM GAS  C:\Users\Luggi\AppData\Local\Temp\ccpqyO3Z.s 			page 8


 255 00cc 01       		.uleb128 0x1
 256 00cd 9C       		.byte	0x9c
 257 00ce 09       		.uleb128 0x9
 258 00cf 00000000 		.4byte	.LASF16
 259 00d3 01       		.byte	0x1
 260 00d4 40       		.byte	0x40
 261 00d5 00000000 		.4byte	.LFB1
 262 00d9 02000000 		.4byte	.LFE1-.LFB1
 263 00dd 01       		.uleb128 0x1
 264 00de 9C       		.byte	0x9c
 265 00df 0A       		.uleb128 0xa
 266 00e0 C1010000 		.4byte	.LASF17
 267 00e4 01       		.byte	0x1
 268 00e5 5A       		.byte	0x5a
 269 00e6 00000000 		.4byte	.LFB2
 270 00ea 30000000 		.4byte	.LFE2-.LFB2
 271 00ee 01       		.uleb128 0x1
 272 00ef 9C       		.byte	0x9c
 273 00f0 FE000000 		.4byte	0xfe
 274 00f4 0B       		.uleb128 0xb
 275 00f5 1E000000 		.4byte	.LVL0
 276 00f9 37010000 		.4byte	0x137
 277 00fd 00       		.byte	0
 278 00fe 0A       		.uleb128 0xa
 279 00ff E6000000 		.4byte	.LASF18
 280 0103 01       		.byte	0x1
 281 0104 84       		.byte	0x84
 282 0105 00000000 		.4byte	.LFB3
 283 0109 20000000 		.4byte	.LFE3-.LFB3
 284 010d 01       		.uleb128 0x1
 285 010e 9C       		.byte	0x9c
 286 010f 26010000 		.4byte	0x126
 287 0113 0C       		.uleb128 0xc
 288 0114 0C000000 		.4byte	.LVL1
 289 0118 3E010000 		.4byte	0x13e
 290 011c 0B       		.uleb128 0xb
 291 011d 1A000000 		.4byte	.LVL2
 292 0121 45010000 		.4byte	0x145
 293 0125 00       		.byte	0
 294 0126 0D       		.uleb128 0xd
 295 0127 3E000000 		.4byte	.LASF26
 296 012b 01       		.byte	0x1
 297 012c 18       		.byte	0x18
 298 012d B2000000 		.4byte	0xb2
 299 0131 05       		.uleb128 0x5
 300 0132 03       		.byte	0x3
 301 0133 00000000 		.4byte	ADC_SAR_2_backup
 302 0137 0E       		.uleb128 0xe
 303 0138 18000000 		.4byte	.LASF19
 304 013c 03       		.byte	0x3
 305 013d 35       		.byte	0x35
 306 013e 0E       		.uleb128 0xe
 307 013f 80020000 		.4byte	.LASF20
 308 0143 03       		.byte	0x3
 309 0144 44       		.byte	0x44
 310 0145 0E       		.uleb128 0xe
 311 0146 27000000 		.4byte	.LASF21
ARM GAS  C:\Users\Luggi\AppData\Local\Temp\ccpqyO3Z.s 			page 9


 312 014a 03       		.byte	0x3
 313 014b D1       		.byte	0xd1
 314 014c 00       		.byte	0
 315              		.section	.debug_abbrev,"",%progbits
 316              	.Ldebug_abbrev0:
 317 0000 01       		.uleb128 0x1
 318 0001 11       		.uleb128 0x11
 319 0002 01       		.byte	0x1
 320 0003 25       		.uleb128 0x25
 321 0004 0E       		.uleb128 0xe
 322 0005 13       		.uleb128 0x13
 323 0006 0B       		.uleb128 0xb
 324 0007 03       		.uleb128 0x3
 325 0008 0E       		.uleb128 0xe
 326 0009 1B       		.uleb128 0x1b
 327 000a 0E       		.uleb128 0xe
 328 000b 55       		.uleb128 0x55
 329 000c 17       		.uleb128 0x17
 330 000d 11       		.uleb128 0x11
 331 000e 01       		.uleb128 0x1
 332 000f 10       		.uleb128 0x10
 333 0010 17       		.uleb128 0x17
 334 0011 00       		.byte	0
 335 0012 00       		.byte	0
 336 0013 02       		.uleb128 0x2
 337 0014 24       		.uleb128 0x24
 338 0015 00       		.byte	0
 339 0016 0B       		.uleb128 0xb
 340 0017 0B       		.uleb128 0xb
 341 0018 3E       		.uleb128 0x3e
 342 0019 0B       		.uleb128 0xb
 343 001a 03       		.uleb128 0x3
 344 001b 0E       		.uleb128 0xe
 345 001c 00       		.byte	0
 346 001d 00       		.byte	0
 347 001e 03       		.uleb128 0x3
 348 001f 24       		.uleb128 0x24
 349 0020 00       		.byte	0
 350 0021 0B       		.uleb128 0xb
 351 0022 0B       		.uleb128 0xb
 352 0023 3E       		.uleb128 0x3e
 353 0024 0B       		.uleb128 0xb
 354 0025 03       		.uleb128 0x3
 355 0026 08       		.uleb128 0x8
 356 0027 00       		.byte	0
 357 0028 00       		.byte	0
 358 0029 04       		.uleb128 0x4
 359 002a 16       		.uleb128 0x16
 360 002b 00       		.byte	0
 361 002c 03       		.uleb128 0x3
 362 002d 0E       		.uleb128 0xe
 363 002e 3A       		.uleb128 0x3a
 364 002f 0B       		.uleb128 0xb
 365 0030 3B       		.uleb128 0x3b
 366 0031 05       		.uleb128 0x5
 367 0032 49       		.uleb128 0x49
 368 0033 13       		.uleb128 0x13
ARM GAS  C:\Users\Luggi\AppData\Local\Temp\ccpqyO3Z.s 			page 10


 369 0034 00       		.byte	0
 370 0035 00       		.byte	0
 371 0036 05       		.uleb128 0x5
 372 0037 35       		.uleb128 0x35
 373 0038 00       		.byte	0
 374 0039 49       		.uleb128 0x49
 375 003a 13       		.uleb128 0x13
 376 003b 00       		.byte	0
 377 003c 00       		.byte	0
 378 003d 06       		.uleb128 0x6
 379 003e 13       		.uleb128 0x13
 380 003f 01       		.byte	0x1
 381 0040 0B       		.uleb128 0xb
 382 0041 0B       		.uleb128 0xb
 383 0042 3A       		.uleb128 0x3a
 384 0043 0B       		.uleb128 0xb
 385 0044 3B       		.uleb128 0x3b
 386 0045 0B       		.uleb128 0xb
 387 0046 01       		.uleb128 0x1
 388 0047 13       		.uleb128 0x13
 389 0048 00       		.byte	0
 390 0049 00       		.byte	0
 391 004a 07       		.uleb128 0x7
 392 004b 0D       		.uleb128 0xd
 393 004c 00       		.byte	0
 394 004d 03       		.uleb128 0x3
 395 004e 0E       		.uleb128 0xe
 396 004f 3A       		.uleb128 0x3a
 397 0050 0B       		.uleb128 0xb
 398 0051 3B       		.uleb128 0x3b
 399 0052 0B       		.uleb128 0xb
 400 0053 49       		.uleb128 0x49
 401 0054 13       		.uleb128 0x13
 402 0055 38       		.uleb128 0x38
 403 0056 0B       		.uleb128 0xb
 404 0057 00       		.byte	0
 405 0058 00       		.byte	0
 406 0059 08       		.uleb128 0x8
 407 005a 16       		.uleb128 0x16
 408 005b 00       		.byte	0
 409 005c 03       		.uleb128 0x3
 410 005d 0E       		.uleb128 0xe
 411 005e 3A       		.uleb128 0x3a
 412 005f 0B       		.uleb128 0xb
 413 0060 3B       		.uleb128 0x3b
 414 0061 0B       		.uleb128 0xb
 415 0062 49       		.uleb128 0x49
 416 0063 13       		.uleb128 0x13
 417 0064 00       		.byte	0
 418 0065 00       		.byte	0
 419 0066 09       		.uleb128 0x9
 420 0067 2E       		.uleb128 0x2e
 421 0068 00       		.byte	0
 422 0069 3F       		.uleb128 0x3f
 423 006a 19       		.uleb128 0x19
 424 006b 03       		.uleb128 0x3
 425 006c 0E       		.uleb128 0xe
ARM GAS  C:\Users\Luggi\AppData\Local\Temp\ccpqyO3Z.s 			page 11


 426 006d 3A       		.uleb128 0x3a
 427 006e 0B       		.uleb128 0xb
 428 006f 3B       		.uleb128 0x3b
 429 0070 0B       		.uleb128 0xb
 430 0071 27       		.uleb128 0x27
 431 0072 19       		.uleb128 0x19
 432 0073 11       		.uleb128 0x11
 433 0074 01       		.uleb128 0x1
 434 0075 12       		.uleb128 0x12
 435 0076 06       		.uleb128 0x6
 436 0077 40       		.uleb128 0x40
 437 0078 18       		.uleb128 0x18
 438 0079 9742     		.uleb128 0x2117
 439 007b 19       		.uleb128 0x19
 440 007c 00       		.byte	0
 441 007d 00       		.byte	0
 442 007e 0A       		.uleb128 0xa
 443 007f 2E       		.uleb128 0x2e
 444 0080 01       		.byte	0x1
 445 0081 3F       		.uleb128 0x3f
 446 0082 19       		.uleb128 0x19
 447 0083 03       		.uleb128 0x3
 448 0084 0E       		.uleb128 0xe
 449 0085 3A       		.uleb128 0x3a
 450 0086 0B       		.uleb128 0xb
 451 0087 3B       		.uleb128 0x3b
 452 0088 0B       		.uleb128 0xb
 453 0089 27       		.uleb128 0x27
 454 008a 19       		.uleb128 0x19
 455 008b 11       		.uleb128 0x11
 456 008c 01       		.uleb128 0x1
 457 008d 12       		.uleb128 0x12
 458 008e 06       		.uleb128 0x6
 459 008f 40       		.uleb128 0x40
 460 0090 18       		.uleb128 0x18
 461 0091 9742     		.uleb128 0x2117
 462 0093 19       		.uleb128 0x19
 463 0094 01       		.uleb128 0x1
 464 0095 13       		.uleb128 0x13
 465 0096 00       		.byte	0
 466 0097 00       		.byte	0
 467 0098 0B       		.uleb128 0xb
 468 0099 898201   		.uleb128 0x4109
 469 009c 00       		.byte	0
 470 009d 11       		.uleb128 0x11
 471 009e 01       		.uleb128 0x1
 472 009f 9542     		.uleb128 0x2115
 473 00a1 19       		.uleb128 0x19
 474 00a2 31       		.uleb128 0x31
 475 00a3 13       		.uleb128 0x13
 476 00a4 00       		.byte	0
 477 00a5 00       		.byte	0
 478 00a6 0C       		.uleb128 0xc
 479 00a7 898201   		.uleb128 0x4109
 480 00aa 00       		.byte	0
 481 00ab 11       		.uleb128 0x11
 482 00ac 01       		.uleb128 0x1
ARM GAS  C:\Users\Luggi\AppData\Local\Temp\ccpqyO3Z.s 			page 12


 483 00ad 31       		.uleb128 0x31
 484 00ae 13       		.uleb128 0x13
 485 00af 00       		.byte	0
 486 00b0 00       		.byte	0
 487 00b1 0D       		.uleb128 0xd
 488 00b2 34       		.uleb128 0x34
 489 00b3 00       		.byte	0
 490 00b4 03       		.uleb128 0x3
 491 00b5 0E       		.uleb128 0xe
 492 00b6 3A       		.uleb128 0x3a
 493 00b7 0B       		.uleb128 0xb
 494 00b8 3B       		.uleb128 0x3b
 495 00b9 0B       		.uleb128 0xb
 496 00ba 49       		.uleb128 0x49
 497 00bb 13       		.uleb128 0x13
 498 00bc 02       		.uleb128 0x2
 499 00bd 18       		.uleb128 0x18
 500 00be 00       		.byte	0
 501 00bf 00       		.byte	0
 502 00c0 0E       		.uleb128 0xe
 503 00c1 2E       		.uleb128 0x2e
 504 00c2 00       		.byte	0
 505 00c3 3F       		.uleb128 0x3f
 506 00c4 19       		.uleb128 0x19
 507 00c5 03       		.uleb128 0x3
 508 00c6 0E       		.uleb128 0xe
 509 00c7 3A       		.uleb128 0x3a
 510 00c8 0B       		.uleb128 0xb
 511 00c9 3B       		.uleb128 0x3b
 512 00ca 0B       		.uleb128 0xb
 513 00cb 27       		.uleb128 0x27
 514 00cc 19       		.uleb128 0x19
 515 00cd 3C       		.uleb128 0x3c
 516 00ce 19       		.uleb128 0x19
 517 00cf 00       		.byte	0
 518 00d0 00       		.byte	0
 519 00d1 00       		.byte	0
 520              		.section	.debug_aranges,"",%progbits
 521 0000 34000000 		.4byte	0x34
 522 0004 0200     		.2byte	0x2
 523 0006 00000000 		.4byte	.Ldebug_info0
 524 000a 04       		.byte	0x4
 525 000b 00       		.byte	0
 526 000c 0000     		.2byte	0
 527 000e 0000     		.2byte	0
 528 0010 00000000 		.4byte	.LFB0
 529 0014 02000000 		.4byte	.LFE0-.LFB0
 530 0018 00000000 		.4byte	.LFB1
 531 001c 02000000 		.4byte	.LFE1-.LFB1
 532 0020 00000000 		.4byte	.LFB2
 533 0024 30000000 		.4byte	.LFE2-.LFB2
 534 0028 00000000 		.4byte	.LFB3
 535 002c 20000000 		.4byte	.LFE3-.LFB3
 536 0030 00000000 		.4byte	0
 537 0034 00000000 		.4byte	0
 538              		.section	.debug_ranges,"",%progbits
 539              	.Ldebug_ranges0:
ARM GAS  C:\Users\Luggi\AppData\Local\Temp\ccpqyO3Z.s 			page 13


 540 0000 00000000 		.4byte	.LFB0
 541 0004 02000000 		.4byte	.LFE0
 542 0008 00000000 		.4byte	.LFB1
 543 000c 02000000 		.4byte	.LFE1
 544 0010 00000000 		.4byte	.LFB2
 545 0014 30000000 		.4byte	.LFE2
 546 0018 00000000 		.4byte	.LFB3
 547 001c 20000000 		.4byte	.LFE3
 548 0020 00000000 		.4byte	0
 549 0024 00000000 		.4byte	0
 550              		.section	.debug_line,"",%progbits
 551              	.Ldebug_line0:
 552 0000 A8000000 		.section	.debug_str,"MS",%progbits,1
 552      02005800 
 552      00000201 
 552      FB0E0D00 
 552      01010101 
 553              	.LASF16:
 554 0000 4144435F 		.ascii	"ADC_SAR_2_RestoreConfig\000"
 554      5341525F 
 554      325F5265 
 554      73746F72 
 554      65436F6E 
 555              	.LASF19:
 556 0018 4144435F 		.ascii	"ADC_SAR_2_Stop\000"
 556      5341525F 
 556      325F5374 
 556      6F7000
 557              	.LASF21:
 558 0027 4144435F 		.ascii	"ADC_SAR_2_StartConvert\000"
 558      5341525F 
 558      325F5374 
 558      61727443 
 558      6F6E7665 
 559              	.LASF26:
 560 003e 4144435F 		.ascii	"ADC_SAR_2_backup\000"
 560      5341525F 
 560      325F6261 
 560      636B7570 
 560      00
 561              	.LASF14:
 562 004f 4144435F 		.ascii	"ADC_SAR_2_BACKUP_STRUCT\000"
 562      5341525F 
 562      325F4241 
 562      434B5550 
 562      5F535452 
 563              	.LASF9:
 564 0067 666C6F61 		.ascii	"float\000"
 564      7400
 565              	.LASF12:
 566 006d 75696E74 		.ascii	"uint8\000"
 566      3800
 567              	.LASF1:
 568 0073 756E7369 		.ascii	"unsigned char\000"
 568      676E6564 
 568      20636861 
 568      7200
ARM GAS  C:\Users\Luggi\AppData\Local\Temp\ccpqyO3Z.s 			page 14


 569              	.LASF15:
 570 0081 4144435F 		.ascii	"ADC_SAR_2_SaveConfig\000"
 570      5341525F 
 570      325F5361 
 570      7665436F 
 570      6E666967 
 571              	.LASF13:
 572 0096 72656738 		.ascii	"reg8\000"
 572      00
 573              	.LASF5:
 574 009b 6C6F6E67 		.ascii	"long unsigned int\000"
 574      20756E73 
 574      69676E65 
 574      6420696E 
 574      7400
 575              	.LASF3:
 576 00ad 73686F72 		.ascii	"short unsigned int\000"
 576      7420756E 
 576      7369676E 
 576      65642069 
 576      6E7400
 577              	.LASF23:
 578 00c0 47656E65 		.ascii	"Generated_Source\\PSoC5\\ADC_SAR_2_PM.c\000"
 578      72617465 
 578      645F536F 
 578      75726365 
 578      5C50536F 
 579              	.LASF18:
 580 00e6 4144435F 		.ascii	"ADC_SAR_2_Wakeup\000"
 580      5341525F 
 580      325F5761 
 580      6B657570 
 580      00
 581              	.LASF10:
 582 00f7 646F7562 		.ascii	"double\000"
 582      6C6500
 583              	.LASF8:
 584 00fe 756E7369 		.ascii	"unsigned int\000"
 584      676E6564 
 584      20696E74 
 584      00
 585              	.LASF7:
 586 010b 6C6F6E67 		.ascii	"long long unsigned int\000"
 586      206C6F6E 
 586      6720756E 
 586      7369676E 
 586      65642069 
 587              	.LASF6:
 588 0122 6C6F6E67 		.ascii	"long long int\000"
 588      206C6F6E 
 588      6720696E 
 588      7400
 589              	.LASF11:
 590 0130 63686172 		.ascii	"char\000"
 590      00
 591              	.LASF24:
 592 0135 433A5C55 		.ascii	"C:\\Users\\Luggi\\Desktop\\Aktuelles Projekt Laser_"
ARM GAS  C:\Users\Luggi\AppData\Local\Temp\ccpqyO3Z.s 			page 15


 592      73657273 
 592      5C4C7567 
 592      67695C44 
 592      65736B74 
 593 0164 73636875 		.ascii	"schutzschaltung\\Aktuelles Projekt Laser_schutzscha"
 593      747A7363 
 593      68616C74 
 593      756E675C 
 593      416B7475 
 594 0196 6C74756E 		.ascii	"ltung\\Laserschutzschaltung.cydsn\000"
 594      675C4C61 
 594      73657273 
 594      63687574 
 594      7A736368 
 595              	.LASF2:
 596 01b7 73686F72 		.ascii	"short int\000"
 596      7420696E 
 596      7400
 597              	.LASF17:
 598 01c1 4144435F 		.ascii	"ADC_SAR_2_Sleep\000"
 598      5341525F 
 598      325F536C 
 598      65657000 
 599              	.LASF22:
 600 01d1 474E5520 		.ascii	"GNU C 4.9.3 20150303 (release) [ARM/embedded-4_9-br"
 600      4320342E 
 600      392E3320 
 600      32303135 
 600      30333033 
 601 0204 616E6368 		.ascii	"anch revision 221220] -mcpu=cortex-m3 -mthumb -g -O"
 601      20726576 
 601      6973696F 
 601      6E203232 
 601      31323230 
 602 0237 73202D66 		.ascii	"s -ffunction-sections -ffat-lto-objects\000"
 602      66756E63 
 602      74696F6E 
 602      2D736563 
 602      74696F6E 
 603              	.LASF4:
 604 025f 6C6F6E67 		.ascii	"long int\000"
 604      20696E74 
 604      00
 605              	.LASF25:
 606 0268 656E6162 		.ascii	"enableState\000"
 606      6C655374 
 606      61746500 
 607              	.LASF0:
 608 0274 7369676E 		.ascii	"signed char\000"
 608      65642063 
 608      68617200 
 609              	.LASF20:
 610 0280 4144435F 		.ascii	"ADC_SAR_2_Enable\000"
 610      5341525F 
 610      325F456E 
 610      61626C65 
 610      00
ARM GAS  C:\Users\Luggi\AppData\Local\Temp\ccpqyO3Z.s 			page 16


 611              		.ident	"GCC: (GNU Tools for ARM Embedded Processors) 4.9.3 20150303 (release) [ARM/embedded-4_9-br
