ARM GAS  C:\Users\Luggi\AppData\Local\Temp\ccmayCmk.s 			page 1


   1              		.syntax unified
   2              		.cpu cortex-m3
   3              		.fpu softvfp
   4              		.eabi_attribute 20, 1
   5              		.eabi_attribute 21, 1
   6              		.eabi_attribute 23, 3
   7              		.eabi_attribute 24, 1
   8              		.eabi_attribute 25, 1
   9              		.eabi_attribute 26, 1
  10              		.eabi_attribute 30, 4
  11              		.eabi_attribute 34, 1
  12              		.eabi_attribute 18, 4
  13              		.thumb
  14              		.file	"Counter_1.c"
  15              		.text
  16              	.Ltext0:
  17              		.cfi_sections	.debug_frame
  18              		.section	.text.Counter_1_Enable,"ax",%progbits
  19              		.align	1
  20              		.global	Counter_1_Enable
  21              		.thumb
  22              		.thumb_func
  23              		.type	Counter_1_Enable, %function
  24              	Counter_1_Enable:
  25              	.LFB1:
  26              		.file 1 "Generated_Source\\PSoC5\\Counter_1.c"
   1:Generated_Source\PSoC5/Counter_1.c **** /*******************************************************************************
   2:Generated_Source\PSoC5/Counter_1.c **** * File Name: Counter_1.c  
   3:Generated_Source\PSoC5/Counter_1.c **** * Version 3.0
   4:Generated_Source\PSoC5/Counter_1.c **** *
   5:Generated_Source\PSoC5/Counter_1.c **** *  Description:
   6:Generated_Source\PSoC5/Counter_1.c **** *     The Counter component consists of a 8, 16, 24 or 32-bit counter with
   7:Generated_Source\PSoC5/Counter_1.c **** *     a selectable period between 2 and 2^Width - 1.  
   8:Generated_Source\PSoC5/Counter_1.c **** *
   9:Generated_Source\PSoC5/Counter_1.c **** *   Note:
  10:Generated_Source\PSoC5/Counter_1.c **** *     None
  11:Generated_Source\PSoC5/Counter_1.c **** *
  12:Generated_Source\PSoC5/Counter_1.c **** ********************************************************************************
  13:Generated_Source\PSoC5/Counter_1.c **** * Copyright 2008-2012, Cypress Semiconductor Corporation.  All rights reserved.
  14:Generated_Source\PSoC5/Counter_1.c **** * You may use this file only in accordance with the license, terms, conditions, 
  15:Generated_Source\PSoC5/Counter_1.c **** * disclaimers, and limitations in the end user license agreement accompanying 
  16:Generated_Source\PSoC5/Counter_1.c **** * the software package with which this file was provided.
  17:Generated_Source\PSoC5/Counter_1.c **** *******************************************************************************/
  18:Generated_Source\PSoC5/Counter_1.c **** 
  19:Generated_Source\PSoC5/Counter_1.c **** #include "Counter_1.h"
  20:Generated_Source\PSoC5/Counter_1.c **** 
  21:Generated_Source\PSoC5/Counter_1.c **** uint8 Counter_1_initVar = 0u;
  22:Generated_Source\PSoC5/Counter_1.c **** 
  23:Generated_Source\PSoC5/Counter_1.c **** 
  24:Generated_Source\PSoC5/Counter_1.c **** /*******************************************************************************
  25:Generated_Source\PSoC5/Counter_1.c **** * Function Name: Counter_1_Init
  26:Generated_Source\PSoC5/Counter_1.c **** ********************************************************************************
  27:Generated_Source\PSoC5/Counter_1.c **** * Summary:
  28:Generated_Source\PSoC5/Counter_1.c **** *     Initialize to the schematic state
  29:Generated_Source\PSoC5/Counter_1.c **** * 
  30:Generated_Source\PSoC5/Counter_1.c **** * Parameters:  
  31:Generated_Source\PSoC5/Counter_1.c **** *  void  
ARM GAS  C:\Users\Luggi\AppData\Local\Temp\ccmayCmk.s 			page 2


  32:Generated_Source\PSoC5/Counter_1.c **** *
  33:Generated_Source\PSoC5/Counter_1.c **** * Return: 
  34:Generated_Source\PSoC5/Counter_1.c **** *  void
  35:Generated_Source\PSoC5/Counter_1.c **** *
  36:Generated_Source\PSoC5/Counter_1.c **** *******************************************************************************/
  37:Generated_Source\PSoC5/Counter_1.c **** void Counter_1_Init(void) 
  38:Generated_Source\PSoC5/Counter_1.c **** {
  39:Generated_Source\PSoC5/Counter_1.c ****         #if (!Counter_1_UsingFixedFunction && !Counter_1_ControlRegRemoved)
  40:Generated_Source\PSoC5/Counter_1.c ****             uint8 ctrl;
  41:Generated_Source\PSoC5/Counter_1.c ****         #endif /* (!Counter_1_UsingFixedFunction && !Counter_1_ControlRegRemoved) */
  42:Generated_Source\PSoC5/Counter_1.c ****         
  43:Generated_Source\PSoC5/Counter_1.c ****         #if(!Counter_1_UsingFixedFunction) 
  44:Generated_Source\PSoC5/Counter_1.c ****             /* Interrupt State Backup for Critical Region*/
  45:Generated_Source\PSoC5/Counter_1.c ****             uint8 Counter_1_interruptState;
  46:Generated_Source\PSoC5/Counter_1.c ****         #endif /* (!Counter_1_UsingFixedFunction) */
  47:Generated_Source\PSoC5/Counter_1.c ****         
  48:Generated_Source\PSoC5/Counter_1.c ****         #if (Counter_1_UsingFixedFunction)
  49:Generated_Source\PSoC5/Counter_1.c ****             /* Clear all bits but the enable bit (if it's already set for Timer operation */
  50:Generated_Source\PSoC5/Counter_1.c ****             Counter_1_CONTROL &= Counter_1_CTRL_ENABLE;
  51:Generated_Source\PSoC5/Counter_1.c ****             
  52:Generated_Source\PSoC5/Counter_1.c ****             /* Clear the mode bits for continuous run mode */
  53:Generated_Source\PSoC5/Counter_1.c ****             #if (CY_PSOC5A)
  54:Generated_Source\PSoC5/Counter_1.c ****                 Counter_1_CONTROL2 &= ((uint8)(~Counter_1_CTRL_MODE_MASK));
  55:Generated_Source\PSoC5/Counter_1.c ****             #endif /* (CY_PSOC5A) */
  56:Generated_Source\PSoC5/Counter_1.c ****             #if (CY_PSOC3 || CY_PSOC5LP)
  57:Generated_Source\PSoC5/Counter_1.c ****                 Counter_1_CONTROL3 &= ((uint8)(~Counter_1_CTRL_MODE_MASK));                
  58:Generated_Source\PSoC5/Counter_1.c ****             #endif /* (CY_PSOC3 || CY_PSOC5LP) */
  59:Generated_Source\PSoC5/Counter_1.c ****             /* Check if One Shot mode is enabled i.e. RunMode !=0*/
  60:Generated_Source\PSoC5/Counter_1.c ****             #if (Counter_1_RunModeUsed != 0x0u)
  61:Generated_Source\PSoC5/Counter_1.c ****                 /* Set 3rd bit of Control register to enable one shot mode */
  62:Generated_Source\PSoC5/Counter_1.c ****                 Counter_1_CONTROL |= Counter_1_ONESHOT;
  63:Generated_Source\PSoC5/Counter_1.c ****             #endif /* (Counter_1_RunModeUsed != 0x0u) */
  64:Generated_Source\PSoC5/Counter_1.c ****             
  65:Generated_Source\PSoC5/Counter_1.c ****             /* Set the IRQ to use the status register interrupts */
  66:Generated_Source\PSoC5/Counter_1.c ****             Counter_1_CONTROL2 |= Counter_1_CTRL2_IRQ_SEL;
  67:Generated_Source\PSoC5/Counter_1.c ****             
  68:Generated_Source\PSoC5/Counter_1.c ****             /* Clear and Set SYNCTC and SYNCCMP bits of RT1 register */
  69:Generated_Source\PSoC5/Counter_1.c ****             Counter_1_RT1 &= ((uint8)(~Counter_1_RT1_MASK));
  70:Generated_Source\PSoC5/Counter_1.c ****             Counter_1_RT1 |= Counter_1_SYNC;     
  71:Generated_Source\PSoC5/Counter_1.c ****                     
  72:Generated_Source\PSoC5/Counter_1.c ****             /*Enable DSI Sync all all inputs of the Timer*/
  73:Generated_Source\PSoC5/Counter_1.c ****             Counter_1_RT1 &= ((uint8)(~Counter_1_SYNCDSI_MASK));
  74:Generated_Source\PSoC5/Counter_1.c ****             Counter_1_RT1 |= Counter_1_SYNCDSI_EN;
  75:Generated_Source\PSoC5/Counter_1.c **** 
  76:Generated_Source\PSoC5/Counter_1.c ****         #else
  77:Generated_Source\PSoC5/Counter_1.c ****             #if(!Counter_1_ControlRegRemoved)
  78:Generated_Source\PSoC5/Counter_1.c ****             /* Set the default compare mode defined in the parameter */
  79:Generated_Source\PSoC5/Counter_1.c ****             ctrl = Counter_1_CONTROL & ((uint8)(~Counter_1_CTRL_CMPMODE_MASK));
  80:Generated_Source\PSoC5/Counter_1.c ****             Counter_1_CONTROL = ctrl | Counter_1_DEFAULT_COMPARE_MODE;
  81:Generated_Source\PSoC5/Counter_1.c ****             
  82:Generated_Source\PSoC5/Counter_1.c ****             /* Set the default capture mode defined in the parameter */
  83:Generated_Source\PSoC5/Counter_1.c ****             ctrl = Counter_1_CONTROL & ((uint8)(~Counter_1_CTRL_CAPMODE_MASK));
  84:Generated_Source\PSoC5/Counter_1.c ****             
  85:Generated_Source\PSoC5/Counter_1.c ****             #if( 0 != Counter_1_CAPTURE_MODE_CONF)
  86:Generated_Source\PSoC5/Counter_1.c ****                 Counter_1_CONTROL = ctrl | Counter_1_DEFAULT_CAPTURE_MODE;
  87:Generated_Source\PSoC5/Counter_1.c ****             #else
  88:Generated_Source\PSoC5/Counter_1.c ****                 Counter_1_CONTROL = ctrl;
ARM GAS  C:\Users\Luggi\AppData\Local\Temp\ccmayCmk.s 			page 3


  89:Generated_Source\PSoC5/Counter_1.c ****             #endif /* 0 != Counter_1_CAPTURE_MODE */ 
  90:Generated_Source\PSoC5/Counter_1.c ****             
  91:Generated_Source\PSoC5/Counter_1.c ****             #endif /* (!Counter_1_ControlRegRemoved) */
  92:Generated_Source\PSoC5/Counter_1.c ****         #endif /* (Counter_1_UsingFixedFunction) */
  93:Generated_Source\PSoC5/Counter_1.c ****         
  94:Generated_Source\PSoC5/Counter_1.c ****         /* Clear all data in the FIFO's */
  95:Generated_Source\PSoC5/Counter_1.c ****         #if (!Counter_1_UsingFixedFunction)
  96:Generated_Source\PSoC5/Counter_1.c ****             Counter_1_ClearFIFO();
  97:Generated_Source\PSoC5/Counter_1.c ****         #endif /* (!Counter_1_UsingFixedFunction) */
  98:Generated_Source\PSoC5/Counter_1.c ****         
  99:Generated_Source\PSoC5/Counter_1.c ****         /* Set Initial values from Configuration */
 100:Generated_Source\PSoC5/Counter_1.c ****         Counter_1_WritePeriod(Counter_1_INIT_PERIOD_VALUE);
 101:Generated_Source\PSoC5/Counter_1.c ****         #if (!(Counter_1_UsingFixedFunction && (CY_PSOC5A)))
 102:Generated_Source\PSoC5/Counter_1.c ****             Counter_1_WriteCounter(Counter_1_INIT_COUNTER_VALUE);
 103:Generated_Source\PSoC5/Counter_1.c ****         #endif /* (!(Counter_1_UsingFixedFunction && (CY_PSOC5A))) */
 104:Generated_Source\PSoC5/Counter_1.c ****         Counter_1_SetInterruptMode(Counter_1_INIT_INTERRUPTS_MASK);
 105:Generated_Source\PSoC5/Counter_1.c ****         
 106:Generated_Source\PSoC5/Counter_1.c ****         #if (!Counter_1_UsingFixedFunction)
 107:Generated_Source\PSoC5/Counter_1.c ****             /* Read the status register to clear the unwanted interrupts */
 108:Generated_Source\PSoC5/Counter_1.c ****             (void)Counter_1_ReadStatusRegister();
 109:Generated_Source\PSoC5/Counter_1.c ****             /* Set the compare value (only available to non-fixed function implementation */
 110:Generated_Source\PSoC5/Counter_1.c ****             Counter_1_WriteCompare(Counter_1_INIT_COMPARE_VALUE);
 111:Generated_Source\PSoC5/Counter_1.c ****             /* Use the interrupt output of the status register for IRQ output */
 112:Generated_Source\PSoC5/Counter_1.c ****             
 113:Generated_Source\PSoC5/Counter_1.c ****             /* CyEnterCriticalRegion and CyExitCriticalRegion are used to mark following region cri
 114:Generated_Source\PSoC5/Counter_1.c ****             /* Enter Critical Region*/
 115:Generated_Source\PSoC5/Counter_1.c ****             Counter_1_interruptState = CyEnterCriticalSection();
 116:Generated_Source\PSoC5/Counter_1.c ****             
 117:Generated_Source\PSoC5/Counter_1.c ****             Counter_1_STATUS_AUX_CTRL |= Counter_1_STATUS_ACTL_INT_EN_MASK;
 118:Generated_Source\PSoC5/Counter_1.c ****             
 119:Generated_Source\PSoC5/Counter_1.c ****             /* Exit Critical Region*/
 120:Generated_Source\PSoC5/Counter_1.c ****             CyExitCriticalSection(Counter_1_interruptState);
 121:Generated_Source\PSoC5/Counter_1.c ****             
 122:Generated_Source\PSoC5/Counter_1.c ****         #endif /* (!Counter_1_UsingFixedFunction) */
 123:Generated_Source\PSoC5/Counter_1.c **** }
 124:Generated_Source\PSoC5/Counter_1.c **** 
 125:Generated_Source\PSoC5/Counter_1.c **** 
 126:Generated_Source\PSoC5/Counter_1.c **** /*******************************************************************************
 127:Generated_Source\PSoC5/Counter_1.c **** * Function Name: Counter_1_Enable
 128:Generated_Source\PSoC5/Counter_1.c **** ********************************************************************************
 129:Generated_Source\PSoC5/Counter_1.c **** * Summary:
 130:Generated_Source\PSoC5/Counter_1.c **** *     Enable the Counter
 131:Generated_Source\PSoC5/Counter_1.c **** * 
 132:Generated_Source\PSoC5/Counter_1.c **** * Parameters:  
 133:Generated_Source\PSoC5/Counter_1.c **** *  void  
 134:Generated_Source\PSoC5/Counter_1.c **** *
 135:Generated_Source\PSoC5/Counter_1.c **** * Return: 
 136:Generated_Source\PSoC5/Counter_1.c **** *  void
 137:Generated_Source\PSoC5/Counter_1.c **** *
 138:Generated_Source\PSoC5/Counter_1.c **** * Side Effects: 
 139:Generated_Source\PSoC5/Counter_1.c **** *   If the Enable mode is set to Hardware only then this function has no effect 
 140:Generated_Source\PSoC5/Counter_1.c **** *   on the operation of the counter.
 141:Generated_Source\PSoC5/Counter_1.c **** *
 142:Generated_Source\PSoC5/Counter_1.c **** *******************************************************************************/
 143:Generated_Source\PSoC5/Counter_1.c **** void Counter_1_Enable(void) 
 144:Generated_Source\PSoC5/Counter_1.c **** {
  27              		.loc 1 144 0
ARM GAS  C:\Users\Luggi\AppData\Local\Temp\ccmayCmk.s 			page 4


  28              		.cfi_startproc
  29              		@ args = 0, pretend = 0, frame = 0
  30              		@ frame_needed = 0, uses_anonymous_args = 0
  31              		@ link register save eliminated.
 145:Generated_Source\PSoC5/Counter_1.c ****     /* Globally Enable the Fixed Function Block chosen */
 146:Generated_Source\PSoC5/Counter_1.c ****     #if (Counter_1_UsingFixedFunction)
 147:Generated_Source\PSoC5/Counter_1.c ****         Counter_1_GLOBAL_ENABLE |= Counter_1_BLOCK_EN_MASK;
  32              		.loc 1 147 0
  33 0000 074A     		ldr	r2, .L2
  34 0002 1378     		ldrb	r3, [r2]	@ zero_extendqisi2
  35 0004 43F00103 		orr	r3, r3, #1
  36 0008 1370     		strb	r3, [r2]
 148:Generated_Source\PSoC5/Counter_1.c ****         Counter_1_GLOBAL_STBY_ENABLE |= Counter_1_BLOCK_STBY_EN_MASK;
  37              		.loc 1 148 0
  38 000a 137C     		ldrb	r3, [r2, #16]	@ zero_extendqisi2
  39 000c 43F00103 		orr	r3, r3, #1
  40 0010 1374     		strb	r3, [r2, #16]
 149:Generated_Source\PSoC5/Counter_1.c ****     #endif /* (Counter_1_UsingFixedFunction) */  
 150:Generated_Source\PSoC5/Counter_1.c ****         
 151:Generated_Source\PSoC5/Counter_1.c ****     /* Enable the counter from the control register  */
 152:Generated_Source\PSoC5/Counter_1.c ****     /* If Fixed Function then make sure Mode is set correctly */
 153:Generated_Source\PSoC5/Counter_1.c ****     /* else make sure reset is clear */
 154:Generated_Source\PSoC5/Counter_1.c ****     #if(!Counter_1_ControlRegRemoved || Counter_1_UsingFixedFunction)
 155:Generated_Source\PSoC5/Counter_1.c ****         Counter_1_CONTROL |= Counter_1_CTRL_ENABLE;                
  41              		.loc 1 155 0
  42 0012 92F85D3B 		ldrb	r3, [r2, #2909]	@ zero_extendqisi2
  43 0016 43F00103 		orr	r3, r3, #1
  44 001a 82F85D3B 		strb	r3, [r2, #2909]
  45 001e 7047     		bx	lr
  46              	.L3:
  47              		.align	2
  48              	.L2:
  49 0020 A3430040 		.word	1073759139
  50              		.cfi_endproc
  51              	.LFE1:
  52              		.size	Counter_1_Enable, .-Counter_1_Enable
  53              		.section	.text.Counter_1_Stop,"ax",%progbits
  54              		.align	1
  55              		.global	Counter_1_Stop
  56              		.thumb
  57              		.thumb_func
  58              		.type	Counter_1_Stop, %function
  59              	Counter_1_Stop:
  60              	.LFB3:
 156:Generated_Source\PSoC5/Counter_1.c ****     #endif /* (!Counter_1_ControlRegRemoved || Counter_1_UsingFixedFunction) */
 157:Generated_Source\PSoC5/Counter_1.c ****     
 158:Generated_Source\PSoC5/Counter_1.c **** }
 159:Generated_Source\PSoC5/Counter_1.c **** 
 160:Generated_Source\PSoC5/Counter_1.c **** 
 161:Generated_Source\PSoC5/Counter_1.c **** /*******************************************************************************
 162:Generated_Source\PSoC5/Counter_1.c **** * Function Name: Counter_1_Start
 163:Generated_Source\PSoC5/Counter_1.c **** ********************************************************************************
 164:Generated_Source\PSoC5/Counter_1.c **** * Summary:
 165:Generated_Source\PSoC5/Counter_1.c **** *  Enables the counter for operation 
 166:Generated_Source\PSoC5/Counter_1.c **** *
 167:Generated_Source\PSoC5/Counter_1.c **** * Parameters:  
 168:Generated_Source\PSoC5/Counter_1.c **** *  void  
ARM GAS  C:\Users\Luggi\AppData\Local\Temp\ccmayCmk.s 			page 5


 169:Generated_Source\PSoC5/Counter_1.c **** *
 170:Generated_Source\PSoC5/Counter_1.c **** * Return: 
 171:Generated_Source\PSoC5/Counter_1.c **** *  void
 172:Generated_Source\PSoC5/Counter_1.c **** *
 173:Generated_Source\PSoC5/Counter_1.c **** * Global variables:
 174:Generated_Source\PSoC5/Counter_1.c **** *  Counter_1_initVar: Is modified when this function is called for the  
 175:Generated_Source\PSoC5/Counter_1.c **** *   first time. Is used to ensure that initialization happens only once.
 176:Generated_Source\PSoC5/Counter_1.c **** *
 177:Generated_Source\PSoC5/Counter_1.c **** *******************************************************************************/
 178:Generated_Source\PSoC5/Counter_1.c **** void Counter_1_Start(void) 
 179:Generated_Source\PSoC5/Counter_1.c **** {
 180:Generated_Source\PSoC5/Counter_1.c ****     if(Counter_1_initVar == 0u)
 181:Generated_Source\PSoC5/Counter_1.c ****     {
 182:Generated_Source\PSoC5/Counter_1.c ****         Counter_1_Init();
 183:Generated_Source\PSoC5/Counter_1.c ****         
 184:Generated_Source\PSoC5/Counter_1.c ****         Counter_1_initVar = 1u; /* Clear this bit for Initialization */        
 185:Generated_Source\PSoC5/Counter_1.c ****     }
 186:Generated_Source\PSoC5/Counter_1.c ****     
 187:Generated_Source\PSoC5/Counter_1.c ****     /* Enable the Counter */
 188:Generated_Source\PSoC5/Counter_1.c ****     Counter_1_Enable();        
 189:Generated_Source\PSoC5/Counter_1.c **** }
 190:Generated_Source\PSoC5/Counter_1.c **** 
 191:Generated_Source\PSoC5/Counter_1.c **** 
 192:Generated_Source\PSoC5/Counter_1.c **** /*******************************************************************************
 193:Generated_Source\PSoC5/Counter_1.c **** * Function Name: Counter_1_Stop
 194:Generated_Source\PSoC5/Counter_1.c **** ********************************************************************************
 195:Generated_Source\PSoC5/Counter_1.c **** * Summary:
 196:Generated_Source\PSoC5/Counter_1.c **** * Halts the counter, but does not change any modes or disable interrupts.
 197:Generated_Source\PSoC5/Counter_1.c **** *
 198:Generated_Source\PSoC5/Counter_1.c **** * Parameters:  
 199:Generated_Source\PSoC5/Counter_1.c **** *  void  
 200:Generated_Source\PSoC5/Counter_1.c **** *
 201:Generated_Source\PSoC5/Counter_1.c **** * Return: 
 202:Generated_Source\PSoC5/Counter_1.c **** *  void
 203:Generated_Source\PSoC5/Counter_1.c **** *
 204:Generated_Source\PSoC5/Counter_1.c **** * Side Effects: If the Enable mode is set to Hardware only then this function
 205:Generated_Source\PSoC5/Counter_1.c **** *               has no effect on the operation of the counter.
 206:Generated_Source\PSoC5/Counter_1.c **** *
 207:Generated_Source\PSoC5/Counter_1.c **** *******************************************************************************/
 208:Generated_Source\PSoC5/Counter_1.c **** void Counter_1_Stop(void) 
 209:Generated_Source\PSoC5/Counter_1.c **** {
  61              		.loc 1 209 0
  62              		.cfi_startproc
  63              		@ args = 0, pretend = 0, frame = 0
  64              		@ frame_needed = 0, uses_anonymous_args = 0
  65              		@ link register save eliminated.
 210:Generated_Source\PSoC5/Counter_1.c ****     /* Disable Counter */
 211:Generated_Source\PSoC5/Counter_1.c ****     #if(!Counter_1_ControlRegRemoved || Counter_1_UsingFixedFunction)
 212:Generated_Source\PSoC5/Counter_1.c ****         Counter_1_CONTROL &= ((uint8)(~Counter_1_CTRL_ENABLE));        
  66              		.loc 1 212 0
  67 0000 084A     		ldr	r2, .L5
  68 0002 1378     		ldrb	r3, [r2]	@ zero_extendqisi2
 213:Generated_Source\PSoC5/Counter_1.c ****     #endif /* (!Counter_1_ControlRegRemoved || Counter_1_UsingFixedFunction) */
 214:Generated_Source\PSoC5/Counter_1.c ****     
 215:Generated_Source\PSoC5/Counter_1.c ****     /* Globally disable the Fixed Function Block chosen */
 216:Generated_Source\PSoC5/Counter_1.c ****     #if (Counter_1_UsingFixedFunction)
 217:Generated_Source\PSoC5/Counter_1.c ****         Counter_1_GLOBAL_ENABLE &= ((uint8)(~Counter_1_BLOCK_EN_MASK));
ARM GAS  C:\Users\Luggi\AppData\Local\Temp\ccmayCmk.s 			page 6


  69              		.loc 1 217 0
  70 0004 A2F65D32 		subw	r2, r2, #2909
 212:Generated_Source\PSoC5/Counter_1.c ****     #endif /* (!Counter_1_ControlRegRemoved || Counter_1_UsingFixedFunction) */
  71              		.loc 1 212 0
  72 0008 03F0FE03 		and	r3, r3, #254
  73 000c 82F85D3B 		strb	r3, [r2, #2909]
  74              		.loc 1 217 0
  75 0010 1378     		ldrb	r3, [r2]	@ zero_extendqisi2
  76 0012 03F0FE03 		and	r3, r3, #254
  77 0016 1370     		strb	r3, [r2]
 218:Generated_Source\PSoC5/Counter_1.c ****         Counter_1_GLOBAL_STBY_ENABLE &= ((uint8)(~Counter_1_BLOCK_STBY_EN_MASK));
  78              		.loc 1 218 0
  79 0018 137C     		ldrb	r3, [r2, #16]	@ zero_extendqisi2
  80 001a 03F0FE03 		and	r3, r3, #254
  81 001e 1374     		strb	r3, [r2, #16]
  82 0020 7047     		bx	lr
  83              	.L6:
  84 0022 00BF     		.align	2
  85              	.L5:
  86 0024 004F0040 		.word	1073762048
  87              		.cfi_endproc
  88              	.LFE3:
  89              		.size	Counter_1_Stop, .-Counter_1_Stop
  90              		.section	.text.Counter_1_SetInterruptMode,"ax",%progbits
  91              		.align	1
  92              		.global	Counter_1_SetInterruptMode
  93              		.thumb
  94              		.thumb_func
  95              		.type	Counter_1_SetInterruptMode, %function
  96              	Counter_1_SetInterruptMode:
  97              	.LFB4:
 219:Generated_Source\PSoC5/Counter_1.c ****     #endif /* (Counter_1_UsingFixedFunction) */
 220:Generated_Source\PSoC5/Counter_1.c **** }
 221:Generated_Source\PSoC5/Counter_1.c **** 
 222:Generated_Source\PSoC5/Counter_1.c **** 
 223:Generated_Source\PSoC5/Counter_1.c **** /*******************************************************************************
 224:Generated_Source\PSoC5/Counter_1.c **** * Function Name: Counter_1_SetInterruptMode
 225:Generated_Source\PSoC5/Counter_1.c **** ********************************************************************************
 226:Generated_Source\PSoC5/Counter_1.c **** * Summary:
 227:Generated_Source\PSoC5/Counter_1.c **** * Configures which interrupt sources are enabled to generate the final interrupt
 228:Generated_Source\PSoC5/Counter_1.c **** *
 229:Generated_Source\PSoC5/Counter_1.c **** * Parameters:  
 230:Generated_Source\PSoC5/Counter_1.c **** *  InterruptsMask: This parameter is an or'd collection of the status bits
 231:Generated_Source\PSoC5/Counter_1.c **** *                   which will be allowed to generate the counters interrupt.   
 232:Generated_Source\PSoC5/Counter_1.c **** *
 233:Generated_Source\PSoC5/Counter_1.c **** * Return: 
 234:Generated_Source\PSoC5/Counter_1.c **** *  void
 235:Generated_Source\PSoC5/Counter_1.c **** *
 236:Generated_Source\PSoC5/Counter_1.c **** *******************************************************************************/
 237:Generated_Source\PSoC5/Counter_1.c **** void Counter_1_SetInterruptMode(uint8 interruptsMask) 
 238:Generated_Source\PSoC5/Counter_1.c **** {
  98              		.loc 1 238 0
  99              		.cfi_startproc
 100              		@ args = 0, pretend = 0, frame = 0
 101              		@ frame_needed = 0, uses_anonymous_args = 0
 102              		@ link register save eliminated.
 103              	.LVL0:
ARM GAS  C:\Users\Luggi\AppData\Local\Temp\ccmayCmk.s 			page 7


 239:Generated_Source\PSoC5/Counter_1.c ****     Counter_1_STATUS_MASK = interruptsMask;
 104              		.loc 1 239 0
 105 0000 014B     		ldr	r3, .L8
 106 0002 1870     		strb	r0, [r3]
 107 0004 7047     		bx	lr
 108              	.L9:
 109 0006 00BF     		.align	2
 110              	.L8:
 111 0008 034F0040 		.word	1073762051
 112              		.cfi_endproc
 113              	.LFE4:
 114              		.size	Counter_1_SetInterruptMode, .-Counter_1_SetInterruptMode
 115              		.section	.text.Counter_1_ReadStatusRegister,"ax",%progbits
 116              		.align	1
 117              		.global	Counter_1_ReadStatusRegister
 118              		.thumb
 119              		.thumb_func
 120              		.type	Counter_1_ReadStatusRegister, %function
 121              	Counter_1_ReadStatusRegister:
 122              	.LFB5:
 240:Generated_Source\PSoC5/Counter_1.c **** }
 241:Generated_Source\PSoC5/Counter_1.c **** 
 242:Generated_Source\PSoC5/Counter_1.c **** 
 243:Generated_Source\PSoC5/Counter_1.c **** /*******************************************************************************
 244:Generated_Source\PSoC5/Counter_1.c **** * Function Name: Counter_1_ReadStatusRegister
 245:Generated_Source\PSoC5/Counter_1.c **** ********************************************************************************
 246:Generated_Source\PSoC5/Counter_1.c **** * Summary:
 247:Generated_Source\PSoC5/Counter_1.c **** *   Reads the status register and returns it's state. This function should use
 248:Generated_Source\PSoC5/Counter_1.c **** *       defined types for the bit-field information as the bits in this
 249:Generated_Source\PSoC5/Counter_1.c **** *       register may be permuteable.
 250:Generated_Source\PSoC5/Counter_1.c **** *
 251:Generated_Source\PSoC5/Counter_1.c **** * Parameters:  
 252:Generated_Source\PSoC5/Counter_1.c **** *  void
 253:Generated_Source\PSoC5/Counter_1.c **** *
 254:Generated_Source\PSoC5/Counter_1.c **** * Return: 
 255:Generated_Source\PSoC5/Counter_1.c **** *  (uint8) The contents of the status register
 256:Generated_Source\PSoC5/Counter_1.c **** *
 257:Generated_Source\PSoC5/Counter_1.c **** * Side Effects:
 258:Generated_Source\PSoC5/Counter_1.c **** *   Status register bits may be clear on read. 
 259:Generated_Source\PSoC5/Counter_1.c **** *
 260:Generated_Source\PSoC5/Counter_1.c **** *******************************************************************************/
 261:Generated_Source\PSoC5/Counter_1.c **** uint8   Counter_1_ReadStatusRegister(void) 
 262:Generated_Source\PSoC5/Counter_1.c **** {
 123              		.loc 1 262 0
 124              		.cfi_startproc
 125              		@ args = 0, pretend = 0, frame = 0
 126              		@ frame_needed = 0, uses_anonymous_args = 0
 127              		@ link register save eliminated.
 263:Generated_Source\PSoC5/Counter_1.c ****     return Counter_1_STATUS;
 128              		.loc 1 263 0
 129 0000 014B     		ldr	r3, .L11
 130 0002 1878     		ldrb	r0, [r3]	@ zero_extendqisi2
 264:Generated_Source\PSoC5/Counter_1.c **** }
 131              		.loc 1 264 0
 132 0004 7047     		bx	lr
 133              	.L12:
 134 0006 00BF     		.align	2
ARM GAS  C:\Users\Luggi\AppData\Local\Temp\ccmayCmk.s 			page 8


 135              	.L11:
 136 0008 034F0040 		.word	1073762051
 137              		.cfi_endproc
 138              	.LFE5:
 139              		.size	Counter_1_ReadStatusRegister, .-Counter_1_ReadStatusRegister
 140              		.section	.text.Counter_1_ReadControlRegister,"ax",%progbits
 141              		.align	1
 142              		.global	Counter_1_ReadControlRegister
 143              		.thumb
 144              		.thumb_func
 145              		.type	Counter_1_ReadControlRegister, %function
 146              	Counter_1_ReadControlRegister:
 147              	.LFB6:
 265:Generated_Source\PSoC5/Counter_1.c **** 
 266:Generated_Source\PSoC5/Counter_1.c **** 
 267:Generated_Source\PSoC5/Counter_1.c **** #if(!Counter_1_ControlRegRemoved)
 268:Generated_Source\PSoC5/Counter_1.c **** /*******************************************************************************
 269:Generated_Source\PSoC5/Counter_1.c **** * Function Name: Counter_1_ReadControlRegister
 270:Generated_Source\PSoC5/Counter_1.c **** ********************************************************************************
 271:Generated_Source\PSoC5/Counter_1.c **** * Summary:
 272:Generated_Source\PSoC5/Counter_1.c **** *   Reads the control register and returns it's state. This function should use
 273:Generated_Source\PSoC5/Counter_1.c **** *       defined types for the bit-field information as the bits in this
 274:Generated_Source\PSoC5/Counter_1.c **** *       register may be permuteable.
 275:Generated_Source\PSoC5/Counter_1.c **** *
 276:Generated_Source\PSoC5/Counter_1.c **** * Parameters:  
 277:Generated_Source\PSoC5/Counter_1.c **** *  void
 278:Generated_Source\PSoC5/Counter_1.c **** *
 279:Generated_Source\PSoC5/Counter_1.c **** * Return: 
 280:Generated_Source\PSoC5/Counter_1.c **** *  (uint8) The contents of the control register
 281:Generated_Source\PSoC5/Counter_1.c **** *
 282:Generated_Source\PSoC5/Counter_1.c **** *******************************************************************************/
 283:Generated_Source\PSoC5/Counter_1.c **** uint8   Counter_1_ReadControlRegister(void) 
 284:Generated_Source\PSoC5/Counter_1.c **** {
 148              		.loc 1 284 0
 149              		.cfi_startproc
 150              		@ args = 0, pretend = 0, frame = 0
 151              		@ frame_needed = 0, uses_anonymous_args = 0
 152              		@ link register save eliminated.
 285:Generated_Source\PSoC5/Counter_1.c ****     return Counter_1_CONTROL;
 153              		.loc 1 285 0
 154 0000 014B     		ldr	r3, .L14
 155 0002 1878     		ldrb	r0, [r3]	@ zero_extendqisi2
 286:Generated_Source\PSoC5/Counter_1.c **** }
 156              		.loc 1 286 0
 157 0004 7047     		bx	lr
 158              	.L15:
 159 0006 00BF     		.align	2
 160              	.L14:
 161 0008 004F0040 		.word	1073762048
 162              		.cfi_endproc
 163              	.LFE6:
 164              		.size	Counter_1_ReadControlRegister, .-Counter_1_ReadControlRegister
 165              		.section	.text.Counter_1_WriteControlRegister,"ax",%progbits
 166              		.align	1
 167              		.global	Counter_1_WriteControlRegister
 168              		.thumb
 169              		.thumb_func
ARM GAS  C:\Users\Luggi\AppData\Local\Temp\ccmayCmk.s 			page 9


 170              		.type	Counter_1_WriteControlRegister, %function
 171              	Counter_1_WriteControlRegister:
 172              	.LFB7:
 287:Generated_Source\PSoC5/Counter_1.c **** 
 288:Generated_Source\PSoC5/Counter_1.c **** 
 289:Generated_Source\PSoC5/Counter_1.c **** /*******************************************************************************
 290:Generated_Source\PSoC5/Counter_1.c **** * Function Name: Counter_1_WriteControlRegister
 291:Generated_Source\PSoC5/Counter_1.c **** ********************************************************************************
 292:Generated_Source\PSoC5/Counter_1.c **** * Summary:
 293:Generated_Source\PSoC5/Counter_1.c **** *   Sets the bit-field of the control register.  This function should use
 294:Generated_Source\PSoC5/Counter_1.c **** *       defined types for the bit-field information as the bits in this
 295:Generated_Source\PSoC5/Counter_1.c **** *       register may be permuteable.
 296:Generated_Source\PSoC5/Counter_1.c **** *
 297:Generated_Source\PSoC5/Counter_1.c **** * Parameters:  
 298:Generated_Source\PSoC5/Counter_1.c **** *  void
 299:Generated_Source\PSoC5/Counter_1.c **** *
 300:Generated_Source\PSoC5/Counter_1.c **** * Return: 
 301:Generated_Source\PSoC5/Counter_1.c **** *  (uint8) The contents of the control register
 302:Generated_Source\PSoC5/Counter_1.c **** *
 303:Generated_Source\PSoC5/Counter_1.c **** *******************************************************************************/
 304:Generated_Source\PSoC5/Counter_1.c **** void    Counter_1_WriteControlRegister(uint8 control) 
 305:Generated_Source\PSoC5/Counter_1.c **** {
 173              		.loc 1 305 0
 174              		.cfi_startproc
 175              		@ args = 0, pretend = 0, frame = 0
 176              		@ frame_needed = 0, uses_anonymous_args = 0
 177              		@ link register save eliminated.
 178              	.LVL1:
 306:Generated_Source\PSoC5/Counter_1.c ****     Counter_1_CONTROL = control;
 179              		.loc 1 306 0
 180 0000 014B     		ldr	r3, .L17
 181 0002 1870     		strb	r0, [r3]
 182 0004 7047     		bx	lr
 183              	.L18:
 184 0006 00BF     		.align	2
 185              	.L17:
 186 0008 004F0040 		.word	1073762048
 187              		.cfi_endproc
 188              	.LFE7:
 189              		.size	Counter_1_WriteControlRegister, .-Counter_1_WriteControlRegister
 190              		.section	.text.Counter_1_WriteCounter,"ax",%progbits
 191              		.align	1
 192              		.global	Counter_1_WriteCounter
 193              		.thumb
 194              		.thumb_func
 195              		.type	Counter_1_WriteCounter, %function
 196              	Counter_1_WriteCounter:
 197              	.LFB8:
 307:Generated_Source\PSoC5/Counter_1.c **** }
 308:Generated_Source\PSoC5/Counter_1.c **** 
 309:Generated_Source\PSoC5/Counter_1.c **** #endif  /* (!Counter_1_ControlRegRemoved) */
 310:Generated_Source\PSoC5/Counter_1.c **** 
 311:Generated_Source\PSoC5/Counter_1.c **** 
 312:Generated_Source\PSoC5/Counter_1.c **** #if (!(Counter_1_UsingFixedFunction && (CY_PSOC5A)))
 313:Generated_Source\PSoC5/Counter_1.c **** /*******************************************************************************
 314:Generated_Source\PSoC5/Counter_1.c **** * Function Name: Counter_1_WriteCounter
 315:Generated_Source\PSoC5/Counter_1.c **** ********************************************************************************
ARM GAS  C:\Users\Luggi\AppData\Local\Temp\ccmayCmk.s 			page 10


 316:Generated_Source\PSoC5/Counter_1.c **** * Summary:
 317:Generated_Source\PSoC5/Counter_1.c **** *   This funtion is used to set the counter to a specific value
 318:Generated_Source\PSoC5/Counter_1.c **** *
 319:Generated_Source\PSoC5/Counter_1.c **** * Parameters:  
 320:Generated_Source\PSoC5/Counter_1.c **** *  counter:  New counter value. 
 321:Generated_Source\PSoC5/Counter_1.c **** *
 322:Generated_Source\PSoC5/Counter_1.c **** * Return: 
 323:Generated_Source\PSoC5/Counter_1.c **** *  void 
 324:Generated_Source\PSoC5/Counter_1.c **** *
 325:Generated_Source\PSoC5/Counter_1.c **** *******************************************************************************/
 326:Generated_Source\PSoC5/Counter_1.c **** void Counter_1_WriteCounter(uint16 counter) \
 327:Generated_Source\PSoC5/Counter_1.c ****                                    
 328:Generated_Source\PSoC5/Counter_1.c **** {
 198              		.loc 1 328 0
 199              		.cfi_startproc
 200              		@ args = 0, pretend = 0, frame = 0
 201              		@ frame_needed = 0, uses_anonymous_args = 0
 202              		@ link register save eliminated.
 203              	.LVL2:
 329:Generated_Source\PSoC5/Counter_1.c ****     #if(Counter_1_UsingFixedFunction)
 330:Generated_Source\PSoC5/Counter_1.c ****         /* assert if block is already enabled */
 331:Generated_Source\PSoC5/Counter_1.c ****         CYASSERT (0u == (Counter_1_GLOBAL_ENABLE & Counter_1_BLOCK_EN_MASK));
 332:Generated_Source\PSoC5/Counter_1.c ****         /* If block is disabled, enable it and then write the counter */
 333:Generated_Source\PSoC5/Counter_1.c ****         Counter_1_GLOBAL_ENABLE |= Counter_1_BLOCK_EN_MASK;
 204              		.loc 1 333 0
 205 0000 054B     		ldr	r3, .L20
 206 0002 1A78     		ldrb	r2, [r3]	@ zero_extendqisi2
 207 0004 42F00102 		orr	r2, r2, #1
 208 0008 1A70     		strb	r2, [r3]
 334:Generated_Source\PSoC5/Counter_1.c ****         CY_SET_REG16(Counter_1_COUNTER_LSB_PTR, (uint16)counter);
 209              		.loc 1 334 0
 210 000a 044A     		ldr	r2, .L20+4
 211 000c 1080     		strh	r0, [r2]	@ movhi
 335:Generated_Source\PSoC5/Counter_1.c ****         Counter_1_GLOBAL_ENABLE &= ((uint8)(~Counter_1_BLOCK_EN_MASK));
 212              		.loc 1 335 0
 213 000e 1A78     		ldrb	r2, [r3]	@ zero_extendqisi2
 214 0010 02F0FE02 		and	r2, r2, #254
 215 0014 1A70     		strb	r2, [r3]
 216 0016 7047     		bx	lr
 217              	.L21:
 218              		.align	2
 219              	.L20:
 220 0018 A3430040 		.word	1073759139
 221 001c 064F0040 		.word	1073762054
 222              		.cfi_endproc
 223              	.LFE8:
 224              		.size	Counter_1_WriteCounter, .-Counter_1_WriteCounter
 225              		.section	.text.Counter_1_Init,"ax",%progbits
 226              		.align	1
 227              		.global	Counter_1_Init
 228              		.thumb
 229              		.thumb_func
 230              		.type	Counter_1_Init, %function
 231              	Counter_1_Init:
 232              	.LFB0:
  38:Generated_Source\PSoC5/Counter_1.c ****         #if (!Counter_1_UsingFixedFunction && !Counter_1_ControlRegRemoved)
 233              		.loc 1 38 0
ARM GAS  C:\Users\Luggi\AppData\Local\Temp\ccmayCmk.s 			page 11


 234              		.cfi_startproc
 235              		@ args = 0, pretend = 0, frame = 0
 236              		@ frame_needed = 0, uses_anonymous_args = 0
 237 0000 08B5     		push	{r3, lr}
 238              		.cfi_def_cfa_offset 8
 239              		.cfi_offset 3, -8
 240              		.cfi_offset 14, -4
  50:Generated_Source\PSoC5/Counter_1.c ****             
 241              		.loc 1 50 0
 242 0002 144A     		ldr	r2, .L23
 243              	.LBB6:
 244              	.LBB7:
 336:Generated_Source\PSoC5/Counter_1.c ****     #else
 337:Generated_Source\PSoC5/Counter_1.c ****         CY_SET_REG16(Counter_1_COUNTER_LSB_PTR, counter);
 338:Generated_Source\PSoC5/Counter_1.c ****     #endif /* (Counter_1_UsingFixedFunction) */
 339:Generated_Source\PSoC5/Counter_1.c **** }
 340:Generated_Source\PSoC5/Counter_1.c **** #endif /* (!(Counter_1_UsingFixedFunction && (CY_PSOC5A))) */
 341:Generated_Source\PSoC5/Counter_1.c **** 
 342:Generated_Source\PSoC5/Counter_1.c **** 
 343:Generated_Source\PSoC5/Counter_1.c **** /*******************************************************************************
 344:Generated_Source\PSoC5/Counter_1.c **** * Function Name: Counter_1_ReadCounter
 345:Generated_Source\PSoC5/Counter_1.c **** ********************************************************************************
 346:Generated_Source\PSoC5/Counter_1.c **** * Summary:
 347:Generated_Source\PSoC5/Counter_1.c **** * Returns the current value of the counter.  It doesn't matter
 348:Generated_Source\PSoC5/Counter_1.c **** * if the counter is enabled or running.
 349:Generated_Source\PSoC5/Counter_1.c **** *
 350:Generated_Source\PSoC5/Counter_1.c **** * Parameters:  
 351:Generated_Source\PSoC5/Counter_1.c **** *  void:  
 352:Generated_Source\PSoC5/Counter_1.c **** *
 353:Generated_Source\PSoC5/Counter_1.c **** * Return: 
 354:Generated_Source\PSoC5/Counter_1.c **** *  (uint16) The present value of the counter.
 355:Generated_Source\PSoC5/Counter_1.c **** *
 356:Generated_Source\PSoC5/Counter_1.c **** *******************************************************************************/
 357:Generated_Source\PSoC5/Counter_1.c **** uint16 Counter_1_ReadCounter(void) 
 358:Generated_Source\PSoC5/Counter_1.c **** {
 359:Generated_Source\PSoC5/Counter_1.c ****     /* Force capture by reading Accumulator */
 360:Generated_Source\PSoC5/Counter_1.c ****     /* Must first do a software capture to be able to read the counter */
 361:Generated_Source\PSoC5/Counter_1.c ****     /* It is up to the user code to make sure there isn't already captured data in the FIFO */
 362:Generated_Source\PSoC5/Counter_1.c ****     #if(Counter_1_UsingFixedFunction)
 363:Generated_Source\PSoC5/Counter_1.c **** 		(void)CY_GET_REG16(Counter_1_COUNTER_LSB_PTR);
 364:Generated_Source\PSoC5/Counter_1.c **** 	#else
 365:Generated_Source\PSoC5/Counter_1.c **** 		(void)CY_GET_REG8(Counter_1_COUNTER_LSB_PTR_8BIT);
 366:Generated_Source\PSoC5/Counter_1.c **** 	#endif/* (Counter_1_UsingFixedFunction) */
 367:Generated_Source\PSoC5/Counter_1.c ****     
 368:Generated_Source\PSoC5/Counter_1.c ****     /* Read the data from the FIFO (or capture register for Fixed Function)*/
 369:Generated_Source\PSoC5/Counter_1.c ****     #if(Counter_1_UsingFixedFunction)
 370:Generated_Source\PSoC5/Counter_1.c ****         return ((uint16)CY_GET_REG16(Counter_1_STATICCOUNT_LSB_PTR));
 371:Generated_Source\PSoC5/Counter_1.c ****     #else
 372:Generated_Source\PSoC5/Counter_1.c ****         return (CY_GET_REG16(Counter_1_STATICCOUNT_LSB_PTR));
 373:Generated_Source\PSoC5/Counter_1.c ****     #endif /* (Counter_1_UsingFixedFunction) */
 374:Generated_Source\PSoC5/Counter_1.c **** }
 375:Generated_Source\PSoC5/Counter_1.c **** 
 376:Generated_Source\PSoC5/Counter_1.c **** 
 377:Generated_Source\PSoC5/Counter_1.c **** /*******************************************************************************
 378:Generated_Source\PSoC5/Counter_1.c **** * Function Name: Counter_1_ReadCapture
 379:Generated_Source\PSoC5/Counter_1.c **** ********************************************************************************
 380:Generated_Source\PSoC5/Counter_1.c **** * Summary:
ARM GAS  C:\Users\Luggi\AppData\Local\Temp\ccmayCmk.s 			page 12


 381:Generated_Source\PSoC5/Counter_1.c **** *   This function returns the last value captured.
 382:Generated_Source\PSoC5/Counter_1.c **** *
 383:Generated_Source\PSoC5/Counter_1.c **** * Parameters:  
 384:Generated_Source\PSoC5/Counter_1.c **** *  void
 385:Generated_Source\PSoC5/Counter_1.c **** *
 386:Generated_Source\PSoC5/Counter_1.c **** * Return: 
 387:Generated_Source\PSoC5/Counter_1.c **** *  (uint16) Present Capture value.
 388:Generated_Source\PSoC5/Counter_1.c **** *
 389:Generated_Source\PSoC5/Counter_1.c **** *******************************************************************************/
 390:Generated_Source\PSoC5/Counter_1.c **** uint16 Counter_1_ReadCapture(void) 
 391:Generated_Source\PSoC5/Counter_1.c **** {
 392:Generated_Source\PSoC5/Counter_1.c ****     #if(Counter_1_UsingFixedFunction)
 393:Generated_Source\PSoC5/Counter_1.c ****         return ((uint16)CY_GET_REG16(Counter_1_STATICCOUNT_LSB_PTR));
 394:Generated_Source\PSoC5/Counter_1.c ****     #else
 395:Generated_Source\PSoC5/Counter_1.c ****         return (CY_GET_REG16(Counter_1_STATICCOUNT_LSB_PTR));
 396:Generated_Source\PSoC5/Counter_1.c ****     #endif /* (Counter_1_UsingFixedFunction) */
 397:Generated_Source\PSoC5/Counter_1.c **** }
 398:Generated_Source\PSoC5/Counter_1.c **** 
 399:Generated_Source\PSoC5/Counter_1.c **** 
 400:Generated_Source\PSoC5/Counter_1.c **** /*******************************************************************************
 401:Generated_Source\PSoC5/Counter_1.c **** * Function Name: Counter_1_WritePeriod
 402:Generated_Source\PSoC5/Counter_1.c **** ********************************************************************************
 403:Generated_Source\PSoC5/Counter_1.c **** * Summary:
 404:Generated_Source\PSoC5/Counter_1.c **** * Changes the period of the counter.  The new period 
 405:Generated_Source\PSoC5/Counter_1.c **** * will be loaded the next time terminal count is detected.
 406:Generated_Source\PSoC5/Counter_1.c **** *
 407:Generated_Source\PSoC5/Counter_1.c **** * Parameters:  
 408:Generated_Source\PSoC5/Counter_1.c **** *  period: (uint16) A value of 0 will result in
 409:Generated_Source\PSoC5/Counter_1.c **** *         the counter remaining at zero.  
 410:Generated_Source\PSoC5/Counter_1.c **** *
 411:Generated_Source\PSoC5/Counter_1.c **** * Return: 
 412:Generated_Source\PSoC5/Counter_1.c **** *  void
 413:Generated_Source\PSoC5/Counter_1.c **** *
 414:Generated_Source\PSoC5/Counter_1.c **** *******************************************************************************/
 415:Generated_Source\PSoC5/Counter_1.c **** void Counter_1_WritePeriod(uint16 period) 
 416:Generated_Source\PSoC5/Counter_1.c **** {
 417:Generated_Source\PSoC5/Counter_1.c ****     #if(Counter_1_UsingFixedFunction)
 418:Generated_Source\PSoC5/Counter_1.c ****         CY_SET_REG16(Counter_1_PERIOD_LSB_PTR,(uint16)period);
 245              		.loc 1 418 0
 246 0004 4FF49650 		mov	r0, #4800
 247              	.LBE7:
 248              	.LBE6:
  50:Generated_Source\PSoC5/Counter_1.c ****             
 249              		.loc 1 50 0
 250 0008 1378     		ldrb	r3, [r2]	@ zero_extendqisi2
 251 000a 03F00103 		and	r3, r3, #1
 252 000e 1370     		strb	r3, [r2]
  57:Generated_Source\PSoC5/Counter_1.c ****             #endif /* (CY_PSOC3 || CY_PSOC5LP) */
 253              		.loc 1 57 0
 254 0010 9378     		ldrb	r3, [r2, #2]	@ zero_extendqisi2
 255 0012 03F0FC03 		and	r3, r3, #252
 256 0016 9370     		strb	r3, [r2, #2]
  66:Generated_Source\PSoC5/Counter_1.c ****             
 257              		.loc 1 66 0
 258 0018 5378     		ldrb	r3, [r2, #1]	@ zero_extendqisi2
 259 001a 43F00103 		orr	r3, r3, #1
 260 001e 5370     		strb	r3, [r2, #1]
ARM GAS  C:\Users\Luggi\AppData\Local\Temp\ccmayCmk.s 			page 13


  69:Generated_Source\PSoC5/Counter_1.c ****             Counter_1_RT1 |= Counter_1_SYNC;     
 261              		.loc 1 69 0
 262 0020 0D4B     		ldr	r3, .L23+4
 263 0022 1A78     		ldrb	r2, [r3]	@ zero_extendqisi2
 264 0024 02F0CF02 		and	r2, r2, #207
 265 0028 1A70     		strb	r2, [r3]
  70:Generated_Source\PSoC5/Counter_1.c ****                     
 266              		.loc 1 70 0
 267 002a 1A78     		ldrb	r2, [r3]	@ zero_extendqisi2
 268 002c 42F03002 		orr	r2, r2, #48
 269 0030 1A70     		strb	r2, [r3]
  73:Generated_Source\PSoC5/Counter_1.c ****             Counter_1_RT1 |= Counter_1_SYNCDSI_EN;
 270              		.loc 1 73 0
 271 0032 1A78     		ldrb	r2, [r3]	@ zero_extendqisi2
 272 0034 02F0F002 		and	r2, r2, #240
 273 0038 1A70     		strb	r2, [r3]
  74:Generated_Source\PSoC5/Counter_1.c **** 
 274              		.loc 1 74 0
 275 003a 1A78     		ldrb	r2, [r3]	@ zero_extendqisi2
 276 003c 42F00F02 		orr	r2, r2, #15
 277 0040 1A70     		strb	r2, [r3]
 278              	.LVL3:
 279              	.LBB9:
 280              	.LBB8:
 281              		.loc 1 418 0
 282 0042 23F8070C 		strh	r0, [r3, #-7]	@ movhi
 283              	.LBE8:
 284              	.LBE9:
 102:Generated_Source\PSoC5/Counter_1.c ****         #endif /* (!(Counter_1_UsingFixedFunction && (CY_PSOC5A))) */
 285              		.loc 1 102 0
 286 0046 FFF7FEFF 		bl	Counter_1_WriteCounter
 287              	.LVL4:
 288              	.LBB10:
 289              	.LBB11:
 239:Generated_Source\PSoC5/Counter_1.c **** }
 290              		.loc 1 239 0
 291 004a 044B     		ldr	r3, .L23+8
 292 004c 0822     		movs	r2, #8
 293 004e 1A70     		strb	r2, [r3]
 294 0050 08BD     		pop	{r3, pc}
 295              	.L24:
 296 0052 00BF     		.align	2
 297              	.L23:
 298 0054 004F0040 		.word	1073762048
 299 0058 0B4F0040 		.word	1073762059
 300 005c 034F0040 		.word	1073762051
 301              	.LBE11:
 302              	.LBE10:
 303              		.cfi_endproc
 304              	.LFE0:
 305              		.size	Counter_1_Init, .-Counter_1_Init
 306              		.section	.text.Counter_1_Start,"ax",%progbits
 307              		.align	1
 308              		.global	Counter_1_Start
 309              		.thumb
 310              		.thumb_func
 311              		.type	Counter_1_Start, %function
ARM GAS  C:\Users\Luggi\AppData\Local\Temp\ccmayCmk.s 			page 14


 312              	Counter_1_Start:
 313              	.LFB2:
 179:Generated_Source\PSoC5/Counter_1.c ****     if(Counter_1_initVar == 0u)
 314              		.loc 1 179 0
 315              		.cfi_startproc
 316              		@ args = 0, pretend = 0, frame = 0
 317              		@ frame_needed = 0, uses_anonymous_args = 0
 318 0000 10B5     		push	{r4, lr}
 319              		.cfi_def_cfa_offset 8
 320              		.cfi_offset 4, -8
 321              		.cfi_offset 14, -4
 180:Generated_Source\PSoC5/Counter_1.c ****     {
 322              		.loc 1 180 0
 323 0002 054C     		ldr	r4, .L28
 324 0004 2378     		ldrb	r3, [r4]	@ zero_extendqisi2
 325 0006 1BB9     		cbnz	r3, .L26
 182:Generated_Source\PSoC5/Counter_1.c ****         
 326              		.loc 1 182 0
 327 0008 FFF7FEFF 		bl	Counter_1_Init
 328              	.LVL5:
 184:Generated_Source\PSoC5/Counter_1.c ****     }
 329              		.loc 1 184 0
 330 000c 0123     		movs	r3, #1
 331 000e 2370     		strb	r3, [r4]
 332              	.L26:
 189:Generated_Source\PSoC5/Counter_1.c **** 
 333              		.loc 1 189 0
 334 0010 BDE81040 		pop	{r4, lr}
 335              		.cfi_restore 14
 336              		.cfi_restore 4
 337              		.cfi_def_cfa_offset 0
 188:Generated_Source\PSoC5/Counter_1.c **** }
 338              		.loc 1 188 0
 339 0014 FFF7FEBF 		b	Counter_1_Enable
 340              	.LVL6:
 341              	.L29:
 342              		.align	2
 343              	.L28:
 344 0018 00000000 		.word	.LANCHOR0
 345              		.cfi_endproc
 346              	.LFE2:
 347              		.size	Counter_1_Start, .-Counter_1_Start
 348              		.section	.text.Counter_1_ReadCounter,"ax",%progbits
 349              		.align	1
 350              		.global	Counter_1_ReadCounter
 351              		.thumb
 352              		.thumb_func
 353              		.type	Counter_1_ReadCounter, %function
 354              	Counter_1_ReadCounter:
 355              	.LFB9:
 358:Generated_Source\PSoC5/Counter_1.c ****     /* Force capture by reading Accumulator */
 356              		.loc 1 358 0
 357              		.cfi_startproc
 358              		@ args = 0, pretend = 0, frame = 0
 359              		@ frame_needed = 0, uses_anonymous_args = 0
 360              		@ link register save eliminated.
 363:Generated_Source\PSoC5/Counter_1.c **** 	#else
ARM GAS  C:\Users\Luggi\AppData\Local\Temp\ccmayCmk.s 			page 15


 361              		.loc 1 363 0
 362 0000 024B     		ldr	r3, .L31
 363 0002 1B88     		ldrh	r3, [r3]
 370:Generated_Source\PSoC5/Counter_1.c ****     #else
 364              		.loc 1 370 0
 365 0004 024B     		ldr	r3, .L31+4
 366 0006 1888     		ldrh	r0, [r3]
 374:Generated_Source\PSoC5/Counter_1.c **** 
 367              		.loc 1 374 0
 368 0008 80B2     		uxth	r0, r0
 369 000a 7047     		bx	lr
 370              	.L32:
 371              		.align	2
 372              	.L31:
 373 000c 064F0040 		.word	1073762054
 374 0010 084F0040 		.word	1073762056
 375              		.cfi_endproc
 376              	.LFE9:
 377              		.size	Counter_1_ReadCounter, .-Counter_1_ReadCounter
 378              		.section	.text.Counter_1_ReadCapture,"ax",%progbits
 379              		.align	1
 380              		.global	Counter_1_ReadCapture
 381              		.thumb
 382              		.thumb_func
 383              		.type	Counter_1_ReadCapture, %function
 384              	Counter_1_ReadCapture:
 385              	.LFB10:
 391:Generated_Source\PSoC5/Counter_1.c ****     #if(Counter_1_UsingFixedFunction)
 386              		.loc 1 391 0
 387              		.cfi_startproc
 388              		@ args = 0, pretend = 0, frame = 0
 389              		@ frame_needed = 0, uses_anonymous_args = 0
 390              		@ link register save eliminated.
 393:Generated_Source\PSoC5/Counter_1.c ****     #else
 391              		.loc 1 393 0
 392 0000 014B     		ldr	r3, .L34
 393 0002 1888     		ldrh	r0, [r3]
 397:Generated_Source\PSoC5/Counter_1.c **** 
 394              		.loc 1 397 0
 395 0004 80B2     		uxth	r0, r0
 396 0006 7047     		bx	lr
 397              	.L35:
 398              		.align	2
 399              	.L34:
 400 0008 084F0040 		.word	1073762056
 401              		.cfi_endproc
 402              	.LFE10:
 403              		.size	Counter_1_ReadCapture, .-Counter_1_ReadCapture
 404              		.section	.text.Counter_1_WritePeriod,"ax",%progbits
 405              		.align	1
 406              		.global	Counter_1_WritePeriod
 407              		.thumb
 408              		.thumb_func
 409              		.type	Counter_1_WritePeriod, %function
 410              	Counter_1_WritePeriod:
 411              	.LFB11:
 416:Generated_Source\PSoC5/Counter_1.c ****     #if(Counter_1_UsingFixedFunction)
ARM GAS  C:\Users\Luggi\AppData\Local\Temp\ccmayCmk.s 			page 16


 412              		.loc 1 416 0
 413              		.cfi_startproc
 414              		@ args = 0, pretend = 0, frame = 0
 415              		@ frame_needed = 0, uses_anonymous_args = 0
 416              		@ link register save eliminated.
 417              	.LVL7:
 418              		.loc 1 418 0
 419 0000 014B     		ldr	r3, .L37
 420 0002 1880     		strh	r0, [r3]	@ movhi
 421 0004 7047     		bx	lr
 422              	.L38:
 423 0006 00BF     		.align	2
 424              	.L37:
 425 0008 044F0040 		.word	1073762052
 426              		.cfi_endproc
 427              	.LFE11:
 428              		.size	Counter_1_WritePeriod, .-Counter_1_WritePeriod
 429              		.section	.text.Counter_1_ReadPeriod,"ax",%progbits
 430              		.align	1
 431              		.global	Counter_1_ReadPeriod
 432              		.thumb
 433              		.thumb_func
 434              		.type	Counter_1_ReadPeriod, %function
 435              	Counter_1_ReadPeriod:
 436              	.LFB12:
 419:Generated_Source\PSoC5/Counter_1.c ****     #else
 420:Generated_Source\PSoC5/Counter_1.c ****         CY_SET_REG16(Counter_1_PERIOD_LSB_PTR, period);
 421:Generated_Source\PSoC5/Counter_1.c ****     #endif /* (Counter_1_UsingFixedFunction) */
 422:Generated_Source\PSoC5/Counter_1.c **** }
 423:Generated_Source\PSoC5/Counter_1.c **** 
 424:Generated_Source\PSoC5/Counter_1.c **** 
 425:Generated_Source\PSoC5/Counter_1.c **** /*******************************************************************************
 426:Generated_Source\PSoC5/Counter_1.c **** * Function Name: Counter_1_ReadPeriod
 427:Generated_Source\PSoC5/Counter_1.c **** ********************************************************************************
 428:Generated_Source\PSoC5/Counter_1.c **** * Summary:
 429:Generated_Source\PSoC5/Counter_1.c **** * Reads the current period value without affecting counter operation.
 430:Generated_Source\PSoC5/Counter_1.c **** *
 431:Generated_Source\PSoC5/Counter_1.c **** * Parameters:  
 432:Generated_Source\PSoC5/Counter_1.c **** *  void:  
 433:Generated_Source\PSoC5/Counter_1.c **** *
 434:Generated_Source\PSoC5/Counter_1.c **** * Return: 
 435:Generated_Source\PSoC5/Counter_1.c **** *  (uint16) Present period value.
 436:Generated_Source\PSoC5/Counter_1.c **** *
 437:Generated_Source\PSoC5/Counter_1.c **** *******************************************************************************/
 438:Generated_Source\PSoC5/Counter_1.c **** uint16 Counter_1_ReadPeriod(void) 
 439:Generated_Source\PSoC5/Counter_1.c **** {
 437              		.loc 1 439 0
 438              		.cfi_startproc
 439              		@ args = 0, pretend = 0, frame = 0
 440              		@ frame_needed = 0, uses_anonymous_args = 0
 441              		@ link register save eliminated.
 440:Generated_Source\PSoC5/Counter_1.c ****     #if(Counter_1_UsingFixedFunction)
 441:Generated_Source\PSoC5/Counter_1.c ****         return ((uint16)CY_GET_REG16(Counter_1_PERIOD_LSB_PTR));
 442              		.loc 1 441 0
 443 0000 014B     		ldr	r3, .L40
 444 0002 1888     		ldrh	r0, [r3]
 442:Generated_Source\PSoC5/Counter_1.c ****     #else
ARM GAS  C:\Users\Luggi\AppData\Local\Temp\ccmayCmk.s 			page 17


 443:Generated_Source\PSoC5/Counter_1.c ****         return (CY_GET_REG16(Counter_1_PERIOD_LSB_PTR));
 444:Generated_Source\PSoC5/Counter_1.c ****     #endif /* (Counter_1_UsingFixedFunction) */
 445:Generated_Source\PSoC5/Counter_1.c **** }
 445              		.loc 1 445 0
 446 0004 80B2     		uxth	r0, r0
 447 0006 7047     		bx	lr
 448              	.L41:
 449              		.align	2
 450              	.L40:
 451 0008 044F0040 		.word	1073762052
 452              		.cfi_endproc
 453              	.LFE12:
 454              		.size	Counter_1_ReadPeriod, .-Counter_1_ReadPeriod
 455              		.global	Counter_1_initVar
 456              		.bss
 457              		.set	.LANCHOR0,. + 0
 458              		.type	Counter_1_initVar, %object
 459              		.size	Counter_1_initVar, 1
 460              	Counter_1_initVar:
 461 0000 00       		.space	1
 462              		.text
 463              	.Letext0:
 464              		.file 2 "Generated_Source\\PSoC5\\cytypes.h"
 465              		.section	.debug_info,"",%progbits
 466              	.Ldebug_info0:
 467 0000 95020000 		.4byte	0x295
 468 0004 0400     		.2byte	0x4
 469 0006 00000000 		.4byte	.Ldebug_abbrev0
 470 000a 04       		.byte	0x4
 471 000b 01       		.uleb128 0x1
 472 000c 53020000 		.4byte	.LASF34
 473 0010 01       		.byte	0x1
 474 0011 30020000 		.4byte	.LASF35
 475 0015 97010000 		.4byte	.LASF36
 476 0019 18000000 		.4byte	.Ldebug_ranges0+0x18
 477 001d 00000000 		.4byte	0
 478 0021 00000000 		.4byte	.Ldebug_line0
 479 0025 02       		.uleb128 0x2
 480 0026 01       		.byte	0x1
 481 0027 06       		.byte	0x6
 482 0028 0B030000 		.4byte	.LASF0
 483 002c 02       		.uleb128 0x2
 484 002d 01       		.byte	0x1
 485 002e 08       		.byte	0x8
 486 002f 94000000 		.4byte	.LASF1
 487 0033 02       		.uleb128 0x2
 488 0034 02       		.byte	0x2
 489 0035 05       		.byte	0x5
 490 0036 26020000 		.4byte	.LASF2
 491 003a 02       		.uleb128 0x2
 492 003b 02       		.byte	0x2
 493 003c 07       		.byte	0x7
 494 003d 23000000 		.4byte	.LASF3
 495 0041 02       		.uleb128 0x2
 496 0042 04       		.byte	0x4
 497 0043 05       		.byte	0x5
 498 0044 E1020000 		.4byte	.LASF4
ARM GAS  C:\Users\Luggi\AppData\Local\Temp\ccmayCmk.s 			page 18


 499 0048 02       		.uleb128 0x2
 500 0049 04       		.byte	0x4
 501 004a 07       		.byte	0x7
 502 004b A7000000 		.4byte	.LASF5
 503 004f 02       		.uleb128 0x2
 504 0050 08       		.byte	0x8
 505 0051 05       		.byte	0x5
 506 0052 84010000 		.4byte	.LASF6
 507 0056 02       		.uleb128 0x2
 508 0057 08       		.byte	0x8
 509 0058 07       		.byte	0x7
 510 0059 3E010000 		.4byte	.LASF7
 511 005d 03       		.uleb128 0x3
 512 005e 04       		.byte	0x4
 513 005f 05       		.byte	0x5
 514 0060 696E7400 		.ascii	"int\000"
 515 0064 02       		.uleb128 0x2
 516 0065 04       		.byte	0x4
 517 0066 07       		.byte	0x7
 518 0067 19020000 		.4byte	.LASF8
 519 006b 04       		.uleb128 0x4
 520 006c B9000000 		.4byte	.LASF9
 521 0070 02       		.byte	0x2
 522 0071 9201     		.2byte	0x192
 523 0073 2C000000 		.4byte	0x2c
 524 0077 04       		.uleb128 0x4
 525 0078 0C010000 		.4byte	.LASF10
 526 007c 02       		.byte	0x2
 527 007d 9301     		.2byte	0x193
 528 007f 3A000000 		.4byte	0x3a
 529 0083 02       		.uleb128 0x2
 530 0084 04       		.byte	0x4
 531 0085 04       		.byte	0x4
 532 0086 86000000 		.4byte	.LASF11
 533 008a 02       		.uleb128 0x2
 534 008b 08       		.byte	0x8
 535 008c 04       		.byte	0x4
 536 008d 05010000 		.4byte	.LASF12
 537 0091 02       		.uleb128 0x2
 538 0092 01       		.byte	0x1
 539 0093 08       		.byte	0x8
 540 0094 92010000 		.4byte	.LASF13
 541 0098 04       		.uleb128 0x4
 542 0099 A2000000 		.4byte	.LASF14
 543 009d 02       		.byte	0x2
 544 009e 3C02     		.2byte	0x23c
 545 00a0 A4000000 		.4byte	0xa4
 546 00a4 05       		.uleb128 0x5
 547 00a5 6B000000 		.4byte	0x6b
 548 00a9 04       		.uleb128 0x4
 549 00aa 00000000 		.4byte	.LASF15
 550 00ae 02       		.byte	0x2
 551 00af 3D02     		.2byte	0x23d
 552 00b1 B5000000 		.4byte	0xb5
 553 00b5 05       		.uleb128 0x5
 554 00b6 77000000 		.4byte	0x77
 555 00ba 02       		.uleb128 0x2
ARM GAS  C:\Users\Luggi\AppData\Local\Temp\ccmayCmk.s 			page 19


 556 00bb 04       		.byte	0x4
 557 00bc 07       		.byte	0x7
 558 00bd 64010000 		.4byte	.LASF16
 559 00c1 06       		.uleb128 0x6
 560 00c2 13010000 		.4byte	.LASF17
 561 00c6 01       		.byte	0x1
 562 00c7 9F01     		.2byte	0x19f
 563 00c9 01       		.byte	0x1
 564 00ca DB000000 		.4byte	0xdb
 565 00ce 07       		.uleb128 0x7
 566 00cf 1C000000 		.4byte	.LASF19
 567 00d3 01       		.byte	0x1
 568 00d4 9F01     		.2byte	0x19f
 569 00d6 77000000 		.4byte	0x77
 570 00da 00       		.byte	0
 571 00db 08       		.uleb128 0x8
 572 00dc 55000000 		.4byte	.LASF18
 573 00e0 01       		.byte	0x1
 574 00e1 ED       		.byte	0xed
 575 00e2 01       		.byte	0x1
 576 00e3 F3000000 		.4byte	0xf3
 577 00e7 09       		.uleb128 0x9
 578 00e8 C7000000 		.4byte	.LASF20
 579 00ec 01       		.byte	0x1
 580 00ed ED       		.byte	0xed
 581 00ee 6B000000 		.4byte	0x6b
 582 00f2 00       		.byte	0
 583 00f3 0A       		.uleb128 0xa
 584 00f4 FA020000 		.4byte	.LASF21
 585 00f8 01       		.byte	0x1
 586 00f9 8F       		.byte	0x8f
 587 00fa 00000000 		.4byte	.LFB1
 588 00fe 24000000 		.4byte	.LFE1-.LFB1
 589 0102 01       		.uleb128 0x1
 590 0103 9C       		.byte	0x9c
 591 0104 0A       		.uleb128 0xa
 592 0105 17030000 		.4byte	.LASF22
 593 0109 01       		.byte	0x1
 594 010a D0       		.byte	0xd0
 595 010b 00000000 		.4byte	.LFB3
 596 010f 28000000 		.4byte	.LFE3-.LFB3
 597 0113 01       		.uleb128 0x1
 598 0114 9C       		.byte	0x9c
 599 0115 0B       		.uleb128 0xb
 600 0116 DB000000 		.4byte	0xdb
 601 011a 00000000 		.4byte	.LFB4
 602 011e 0C000000 		.4byte	.LFE4-.LFB4
 603 0122 01       		.uleb128 0x1
 604 0123 9C       		.byte	0x9c
 605 0124 30010000 		.4byte	0x130
 606 0128 0C       		.uleb128 0xc
 607 0129 E7000000 		.4byte	0xe7
 608 012d 01       		.uleb128 0x1
 609 012e 50       		.byte	0x50
 610 012f 00       		.byte	0
 611 0130 0D       		.uleb128 0xd
 612 0131 E8000000 		.4byte	.LASF23
ARM GAS  C:\Users\Luggi\AppData\Local\Temp\ccmayCmk.s 			page 20


 613 0135 01       		.byte	0x1
 614 0136 0501     		.2byte	0x105
 615 0138 6B000000 		.4byte	0x6b
 616 013c 00000000 		.4byte	.LFB5
 617 0140 0C000000 		.4byte	.LFE5-.LFB5
 618 0144 01       		.uleb128 0x1
 619 0145 9C       		.byte	0x9c
 620 0146 0D       		.uleb128 0xd
 621 0147 26030000 		.4byte	.LASF24
 622 014b 01       		.byte	0x1
 623 014c 1B01     		.2byte	0x11b
 624 014e 6B000000 		.4byte	0x6b
 625 0152 00000000 		.4byte	.LFB6
 626 0156 0C000000 		.4byte	.LFE6-.LFB6
 627 015a 01       		.uleb128 0x1
 628 015b 9C       		.byte	0x9c
 629 015c 0E       		.uleb128 0xe
 630 015d 36000000 		.4byte	.LASF25
 631 0161 01       		.byte	0x1
 632 0162 3001     		.2byte	0x130
 633 0164 00000000 		.4byte	.LFB7
 634 0168 0C000000 		.4byte	.LFE7-.LFB7
 635 016c 01       		.uleb128 0x1
 636 016d 9C       		.byte	0x9c
 637 016e 81010000 		.4byte	0x181
 638 0172 0F       		.uleb128 0xf
 639 0173 BF000000 		.4byte	.LASF27
 640 0177 01       		.byte	0x1
 641 0178 3001     		.2byte	0x130
 642 017a 6B000000 		.4byte	0x6b
 643 017e 01       		.uleb128 0x1
 644 017f 50       		.byte	0x50
 645 0180 00       		.byte	0
 646 0181 0E       		.uleb128 0xe
 647 0182 6D010000 		.4byte	.LASF26
 648 0186 01       		.byte	0x1
 649 0187 4601     		.2byte	0x146
 650 0189 00000000 		.4byte	.LFB8
 651 018d 20000000 		.4byte	.LFE8-.LFB8
 652 0191 01       		.uleb128 0x1
 653 0192 9C       		.byte	0x9c
 654 0193 A6010000 		.4byte	0x1a6
 655 0197 0F       		.uleb128 0xf
 656 0198 8C000000 		.4byte	.LASF28
 657 019c 01       		.byte	0x1
 658 019d 4601     		.2byte	0x146
 659 019f 77000000 		.4byte	0x77
 660 01a3 01       		.uleb128 0x1
 661 01a4 50       		.byte	0x50
 662 01a5 00       		.byte	0
 663 01a6 10       		.uleb128 0x10
 664 01a7 55010000 		.4byte	.LASF29
 665 01ab 01       		.byte	0x1
 666 01ac 25       		.byte	0x25
 667 01ad 00000000 		.4byte	.LFB0
 668 01b1 60000000 		.4byte	.LFE0-.LFB0
 669 01b5 01       		.uleb128 0x1
ARM GAS  C:\Users\Luggi\AppData\Local\Temp\ccmayCmk.s 			page 21


 670 01b6 9C       		.byte	0x9c
 671 01b7 02020000 		.4byte	0x202
 672 01bb 11       		.uleb128 0x11
 673 01bc C1000000 		.4byte	0xc1
 674 01c0 04000000 		.4byte	.LBB6
 675 01c4 00000000 		.4byte	.Ldebug_ranges0+0
 676 01c8 01       		.byte	0x1
 677 01c9 64       		.byte	0x64
 678 01ca D6010000 		.4byte	0x1d6
 679 01ce 12       		.uleb128 0x12
 680 01cf CE000000 		.4byte	0xce
 681 01d3 C012     		.2byte	0x12c0
 682 01d5 00       		.byte	0
 683 01d6 13       		.uleb128 0x13
 684 01d7 DB000000 		.4byte	0xdb
 685 01db 4A000000 		.4byte	.LBB10
 686 01df 16000000 		.4byte	.LBE10-.LBB10
 687 01e3 01       		.byte	0x1
 688 01e4 68       		.byte	0x68
 689 01e5 F0010000 		.4byte	0x1f0
 690 01e9 14       		.uleb128 0x14
 691 01ea E7000000 		.4byte	0xe7
 692 01ee 08       		.byte	0x8
 693 01ef 00       		.byte	0
 694 01f0 15       		.uleb128 0x15
 695 01f1 4A000000 		.4byte	.LVL4
 696 01f5 81010000 		.4byte	0x181
 697 01f9 16       		.uleb128 0x16
 698 01fa 01       		.uleb128 0x1
 699 01fb 50       		.byte	0x50
 700 01fc 03       		.uleb128 0x3
 701 01fd 0A       		.byte	0xa
 702 01fe C012     		.2byte	0x12c0
 703 0200 00       		.byte	0
 704 0201 00       		.byte	0
 705 0202 10       		.uleb128 0x10
 706 0203 EA020000 		.4byte	.LASF30
 707 0207 01       		.byte	0x1
 708 0208 B2       		.byte	0xb2
 709 0209 00000000 		.4byte	.LFB2
 710 020d 1C000000 		.4byte	.LFE2-.LFB2
 711 0211 01       		.uleb128 0x1
 712 0212 9C       		.byte	0x9c
 713 0213 2A020000 		.4byte	0x22a
 714 0217 17       		.uleb128 0x17
 715 0218 0C000000 		.4byte	.LVL5
 716 021c A6010000 		.4byte	0x1a6
 717 0220 18       		.uleb128 0x18
 718 0221 18000000 		.4byte	.LVL6
 719 0225 F3000000 		.4byte	0xf3
 720 0229 00       		.byte	0
 721 022a 0D       		.uleb128 0xd
 722 022b 70000000 		.4byte	.LASF31
 723 022f 01       		.byte	0x1
 724 0230 6501     		.2byte	0x165
 725 0232 77000000 		.4byte	0x77
 726 0236 00000000 		.4byte	.LFB9
ARM GAS  C:\Users\Luggi\AppData\Local\Temp\ccmayCmk.s 			page 22


 727 023a 14000000 		.4byte	.LFE9-.LFB9
 728 023e 01       		.uleb128 0x1
 729 023f 9C       		.byte	0x9c
 730 0240 0D       		.uleb128 0xd
 731 0241 06000000 		.4byte	.LASF32
 732 0245 01       		.byte	0x1
 733 0246 8601     		.2byte	0x186
 734 0248 77000000 		.4byte	0x77
 735 024c 00000000 		.4byte	.LFB10
 736 0250 0C000000 		.4byte	.LFE10-.LFB10
 737 0254 01       		.uleb128 0x1
 738 0255 9C       		.byte	0x9c
 739 0256 0B       		.uleb128 0xb
 740 0257 C1000000 		.4byte	0xc1
 741 025b 00000000 		.4byte	.LFB11
 742 025f 0C000000 		.4byte	.LFE11-.LFB11
 743 0263 01       		.uleb128 0x1
 744 0264 9C       		.byte	0x9c
 745 0265 71020000 		.4byte	0x271
 746 0269 0C       		.uleb128 0xc
 747 026a CE000000 		.4byte	0xce
 748 026e 01       		.uleb128 0x1
 749 026f 50       		.byte	0x50
 750 0270 00       		.byte	0
 751 0271 0D       		.uleb128 0xd
 752 0272 29010000 		.4byte	.LASF33
 753 0276 01       		.byte	0x1
 754 0277 B601     		.2byte	0x1b6
 755 0279 77000000 		.4byte	0x77
 756 027d 00000000 		.4byte	.LFB12
 757 0281 0C000000 		.4byte	.LFE12-.LFB12
 758 0285 01       		.uleb128 0x1
 759 0286 9C       		.byte	0x9c
 760 0287 19       		.uleb128 0x19
 761 0288 D6000000 		.4byte	.LASF37
 762 028c 01       		.byte	0x1
 763 028d 15       		.byte	0x15
 764 028e 6B000000 		.4byte	0x6b
 765 0292 05       		.uleb128 0x5
 766 0293 03       		.byte	0x3
 767 0294 00000000 		.4byte	Counter_1_initVar
 768 0298 00       		.byte	0
 769              		.section	.debug_abbrev,"",%progbits
 770              	.Ldebug_abbrev0:
 771 0000 01       		.uleb128 0x1
 772 0001 11       		.uleb128 0x11
 773 0002 01       		.byte	0x1
 774 0003 25       		.uleb128 0x25
 775 0004 0E       		.uleb128 0xe
 776 0005 13       		.uleb128 0x13
 777 0006 0B       		.uleb128 0xb
 778 0007 03       		.uleb128 0x3
 779 0008 0E       		.uleb128 0xe
 780 0009 1B       		.uleb128 0x1b
 781 000a 0E       		.uleb128 0xe
 782 000b 55       		.uleb128 0x55
 783 000c 17       		.uleb128 0x17
ARM GAS  C:\Users\Luggi\AppData\Local\Temp\ccmayCmk.s 			page 23


 784 000d 11       		.uleb128 0x11
 785 000e 01       		.uleb128 0x1
 786 000f 10       		.uleb128 0x10
 787 0010 17       		.uleb128 0x17
 788 0011 00       		.byte	0
 789 0012 00       		.byte	0
 790 0013 02       		.uleb128 0x2
 791 0014 24       		.uleb128 0x24
 792 0015 00       		.byte	0
 793 0016 0B       		.uleb128 0xb
 794 0017 0B       		.uleb128 0xb
 795 0018 3E       		.uleb128 0x3e
 796 0019 0B       		.uleb128 0xb
 797 001a 03       		.uleb128 0x3
 798 001b 0E       		.uleb128 0xe
 799 001c 00       		.byte	0
 800 001d 00       		.byte	0
 801 001e 03       		.uleb128 0x3
 802 001f 24       		.uleb128 0x24
 803 0020 00       		.byte	0
 804 0021 0B       		.uleb128 0xb
 805 0022 0B       		.uleb128 0xb
 806 0023 3E       		.uleb128 0x3e
 807 0024 0B       		.uleb128 0xb
 808 0025 03       		.uleb128 0x3
 809 0026 08       		.uleb128 0x8
 810 0027 00       		.byte	0
 811 0028 00       		.byte	0
 812 0029 04       		.uleb128 0x4
 813 002a 16       		.uleb128 0x16
 814 002b 00       		.byte	0
 815 002c 03       		.uleb128 0x3
 816 002d 0E       		.uleb128 0xe
 817 002e 3A       		.uleb128 0x3a
 818 002f 0B       		.uleb128 0xb
 819 0030 3B       		.uleb128 0x3b
 820 0031 05       		.uleb128 0x5
 821 0032 49       		.uleb128 0x49
 822 0033 13       		.uleb128 0x13
 823 0034 00       		.byte	0
 824 0035 00       		.byte	0
 825 0036 05       		.uleb128 0x5
 826 0037 35       		.uleb128 0x35
 827 0038 00       		.byte	0
 828 0039 49       		.uleb128 0x49
 829 003a 13       		.uleb128 0x13
 830 003b 00       		.byte	0
 831 003c 00       		.byte	0
 832 003d 06       		.uleb128 0x6
 833 003e 2E       		.uleb128 0x2e
 834 003f 01       		.byte	0x1
 835 0040 3F       		.uleb128 0x3f
 836 0041 19       		.uleb128 0x19
 837 0042 03       		.uleb128 0x3
 838 0043 0E       		.uleb128 0xe
 839 0044 3A       		.uleb128 0x3a
 840 0045 0B       		.uleb128 0xb
ARM GAS  C:\Users\Luggi\AppData\Local\Temp\ccmayCmk.s 			page 24


 841 0046 3B       		.uleb128 0x3b
 842 0047 05       		.uleb128 0x5
 843 0048 27       		.uleb128 0x27
 844 0049 19       		.uleb128 0x19
 845 004a 20       		.uleb128 0x20
 846 004b 0B       		.uleb128 0xb
 847 004c 01       		.uleb128 0x1
 848 004d 13       		.uleb128 0x13
 849 004e 00       		.byte	0
 850 004f 00       		.byte	0
 851 0050 07       		.uleb128 0x7
 852 0051 05       		.uleb128 0x5
 853 0052 00       		.byte	0
 854 0053 03       		.uleb128 0x3
 855 0054 0E       		.uleb128 0xe
 856 0055 3A       		.uleb128 0x3a
 857 0056 0B       		.uleb128 0xb
 858 0057 3B       		.uleb128 0x3b
 859 0058 05       		.uleb128 0x5
 860 0059 49       		.uleb128 0x49
 861 005a 13       		.uleb128 0x13
 862 005b 00       		.byte	0
 863 005c 00       		.byte	0
 864 005d 08       		.uleb128 0x8
 865 005e 2E       		.uleb128 0x2e
 866 005f 01       		.byte	0x1
 867 0060 3F       		.uleb128 0x3f
 868 0061 19       		.uleb128 0x19
 869 0062 03       		.uleb128 0x3
 870 0063 0E       		.uleb128 0xe
 871 0064 3A       		.uleb128 0x3a
 872 0065 0B       		.uleb128 0xb
 873 0066 3B       		.uleb128 0x3b
 874 0067 0B       		.uleb128 0xb
 875 0068 27       		.uleb128 0x27
 876 0069 19       		.uleb128 0x19
 877 006a 20       		.uleb128 0x20
 878 006b 0B       		.uleb128 0xb
 879 006c 01       		.uleb128 0x1
 880 006d 13       		.uleb128 0x13
 881 006e 00       		.byte	0
 882 006f 00       		.byte	0
 883 0070 09       		.uleb128 0x9
 884 0071 05       		.uleb128 0x5
 885 0072 00       		.byte	0
 886 0073 03       		.uleb128 0x3
 887 0074 0E       		.uleb128 0xe
 888 0075 3A       		.uleb128 0x3a
 889 0076 0B       		.uleb128 0xb
 890 0077 3B       		.uleb128 0x3b
 891 0078 0B       		.uleb128 0xb
 892 0079 49       		.uleb128 0x49
 893 007a 13       		.uleb128 0x13
 894 007b 00       		.byte	0
 895 007c 00       		.byte	0
 896 007d 0A       		.uleb128 0xa
 897 007e 2E       		.uleb128 0x2e
ARM GAS  C:\Users\Luggi\AppData\Local\Temp\ccmayCmk.s 			page 25


 898 007f 00       		.byte	0
 899 0080 3F       		.uleb128 0x3f
 900 0081 19       		.uleb128 0x19
 901 0082 03       		.uleb128 0x3
 902 0083 0E       		.uleb128 0xe
 903 0084 3A       		.uleb128 0x3a
 904 0085 0B       		.uleb128 0xb
 905 0086 3B       		.uleb128 0x3b
 906 0087 0B       		.uleb128 0xb
 907 0088 27       		.uleb128 0x27
 908 0089 19       		.uleb128 0x19
 909 008a 11       		.uleb128 0x11
 910 008b 01       		.uleb128 0x1
 911 008c 12       		.uleb128 0x12
 912 008d 06       		.uleb128 0x6
 913 008e 40       		.uleb128 0x40
 914 008f 18       		.uleb128 0x18
 915 0090 9742     		.uleb128 0x2117
 916 0092 19       		.uleb128 0x19
 917 0093 00       		.byte	0
 918 0094 00       		.byte	0
 919 0095 0B       		.uleb128 0xb
 920 0096 2E       		.uleb128 0x2e
 921 0097 01       		.byte	0x1
 922 0098 31       		.uleb128 0x31
 923 0099 13       		.uleb128 0x13
 924 009a 11       		.uleb128 0x11
 925 009b 01       		.uleb128 0x1
 926 009c 12       		.uleb128 0x12
 927 009d 06       		.uleb128 0x6
 928 009e 40       		.uleb128 0x40
 929 009f 18       		.uleb128 0x18
 930 00a0 9742     		.uleb128 0x2117
 931 00a2 19       		.uleb128 0x19
 932 00a3 01       		.uleb128 0x1
 933 00a4 13       		.uleb128 0x13
 934 00a5 00       		.byte	0
 935 00a6 00       		.byte	0
 936 00a7 0C       		.uleb128 0xc
 937 00a8 05       		.uleb128 0x5
 938 00a9 00       		.byte	0
 939 00aa 31       		.uleb128 0x31
 940 00ab 13       		.uleb128 0x13
 941 00ac 02       		.uleb128 0x2
 942 00ad 18       		.uleb128 0x18
 943 00ae 00       		.byte	0
 944 00af 00       		.byte	0
 945 00b0 0D       		.uleb128 0xd
 946 00b1 2E       		.uleb128 0x2e
 947 00b2 00       		.byte	0
 948 00b3 3F       		.uleb128 0x3f
 949 00b4 19       		.uleb128 0x19
 950 00b5 03       		.uleb128 0x3
 951 00b6 0E       		.uleb128 0xe
 952 00b7 3A       		.uleb128 0x3a
 953 00b8 0B       		.uleb128 0xb
 954 00b9 3B       		.uleb128 0x3b
ARM GAS  C:\Users\Luggi\AppData\Local\Temp\ccmayCmk.s 			page 26


 955 00ba 05       		.uleb128 0x5
 956 00bb 27       		.uleb128 0x27
 957 00bc 19       		.uleb128 0x19
 958 00bd 49       		.uleb128 0x49
 959 00be 13       		.uleb128 0x13
 960 00bf 11       		.uleb128 0x11
 961 00c0 01       		.uleb128 0x1
 962 00c1 12       		.uleb128 0x12
 963 00c2 06       		.uleb128 0x6
 964 00c3 40       		.uleb128 0x40
 965 00c4 18       		.uleb128 0x18
 966 00c5 9742     		.uleb128 0x2117
 967 00c7 19       		.uleb128 0x19
 968 00c8 00       		.byte	0
 969 00c9 00       		.byte	0
 970 00ca 0E       		.uleb128 0xe
 971 00cb 2E       		.uleb128 0x2e
 972 00cc 01       		.byte	0x1
 973 00cd 3F       		.uleb128 0x3f
 974 00ce 19       		.uleb128 0x19
 975 00cf 03       		.uleb128 0x3
 976 00d0 0E       		.uleb128 0xe
 977 00d1 3A       		.uleb128 0x3a
 978 00d2 0B       		.uleb128 0xb
 979 00d3 3B       		.uleb128 0x3b
 980 00d4 05       		.uleb128 0x5
 981 00d5 27       		.uleb128 0x27
 982 00d6 19       		.uleb128 0x19
 983 00d7 11       		.uleb128 0x11
 984 00d8 01       		.uleb128 0x1
 985 00d9 12       		.uleb128 0x12
 986 00da 06       		.uleb128 0x6
 987 00db 40       		.uleb128 0x40
 988 00dc 18       		.uleb128 0x18
 989 00dd 9742     		.uleb128 0x2117
 990 00df 19       		.uleb128 0x19
 991 00e0 01       		.uleb128 0x1
 992 00e1 13       		.uleb128 0x13
 993 00e2 00       		.byte	0
 994 00e3 00       		.byte	0
 995 00e4 0F       		.uleb128 0xf
 996 00e5 05       		.uleb128 0x5
 997 00e6 00       		.byte	0
 998 00e7 03       		.uleb128 0x3
 999 00e8 0E       		.uleb128 0xe
 1000 00e9 3A       		.uleb128 0x3a
 1001 00ea 0B       		.uleb128 0xb
 1002 00eb 3B       		.uleb128 0x3b
 1003 00ec 05       		.uleb128 0x5
 1004 00ed 49       		.uleb128 0x49
 1005 00ee 13       		.uleb128 0x13
 1006 00ef 02       		.uleb128 0x2
 1007 00f0 18       		.uleb128 0x18
 1008 00f1 00       		.byte	0
 1009 00f2 00       		.byte	0
 1010 00f3 10       		.uleb128 0x10
 1011 00f4 2E       		.uleb128 0x2e
ARM GAS  C:\Users\Luggi\AppData\Local\Temp\ccmayCmk.s 			page 27


 1012 00f5 01       		.byte	0x1
 1013 00f6 3F       		.uleb128 0x3f
 1014 00f7 19       		.uleb128 0x19
 1015 00f8 03       		.uleb128 0x3
 1016 00f9 0E       		.uleb128 0xe
 1017 00fa 3A       		.uleb128 0x3a
 1018 00fb 0B       		.uleb128 0xb
 1019 00fc 3B       		.uleb128 0x3b
 1020 00fd 0B       		.uleb128 0xb
 1021 00fe 27       		.uleb128 0x27
 1022 00ff 19       		.uleb128 0x19
 1023 0100 11       		.uleb128 0x11
 1024 0101 01       		.uleb128 0x1
 1025 0102 12       		.uleb128 0x12
 1026 0103 06       		.uleb128 0x6
 1027 0104 40       		.uleb128 0x40
 1028 0105 18       		.uleb128 0x18
 1029 0106 9742     		.uleb128 0x2117
 1030 0108 19       		.uleb128 0x19
 1031 0109 01       		.uleb128 0x1
 1032 010a 13       		.uleb128 0x13
 1033 010b 00       		.byte	0
 1034 010c 00       		.byte	0
 1035 010d 11       		.uleb128 0x11
 1036 010e 1D       		.uleb128 0x1d
 1037 010f 01       		.byte	0x1
 1038 0110 31       		.uleb128 0x31
 1039 0111 13       		.uleb128 0x13
 1040 0112 52       		.uleb128 0x52
 1041 0113 01       		.uleb128 0x1
 1042 0114 55       		.uleb128 0x55
 1043 0115 17       		.uleb128 0x17
 1044 0116 58       		.uleb128 0x58
 1045 0117 0B       		.uleb128 0xb
 1046 0118 59       		.uleb128 0x59
 1047 0119 0B       		.uleb128 0xb
 1048 011a 01       		.uleb128 0x1
 1049 011b 13       		.uleb128 0x13
 1050 011c 00       		.byte	0
 1051 011d 00       		.byte	0
 1052 011e 12       		.uleb128 0x12
 1053 011f 05       		.uleb128 0x5
 1054 0120 00       		.byte	0
 1055 0121 31       		.uleb128 0x31
 1056 0122 13       		.uleb128 0x13
 1057 0123 1C       		.uleb128 0x1c
 1058 0124 05       		.uleb128 0x5
 1059 0125 00       		.byte	0
 1060 0126 00       		.byte	0
 1061 0127 13       		.uleb128 0x13
 1062 0128 1D       		.uleb128 0x1d
 1063 0129 01       		.byte	0x1
 1064 012a 31       		.uleb128 0x31
 1065 012b 13       		.uleb128 0x13
 1066 012c 11       		.uleb128 0x11
 1067 012d 01       		.uleb128 0x1
 1068 012e 12       		.uleb128 0x12
ARM GAS  C:\Users\Luggi\AppData\Local\Temp\ccmayCmk.s 			page 28


 1069 012f 06       		.uleb128 0x6
 1070 0130 58       		.uleb128 0x58
 1071 0131 0B       		.uleb128 0xb
 1072 0132 59       		.uleb128 0x59
 1073 0133 0B       		.uleb128 0xb
 1074 0134 01       		.uleb128 0x1
 1075 0135 13       		.uleb128 0x13
 1076 0136 00       		.byte	0
 1077 0137 00       		.byte	0
 1078 0138 14       		.uleb128 0x14
 1079 0139 05       		.uleb128 0x5
 1080 013a 00       		.byte	0
 1081 013b 31       		.uleb128 0x31
 1082 013c 13       		.uleb128 0x13
 1083 013d 1C       		.uleb128 0x1c
 1084 013e 0B       		.uleb128 0xb
 1085 013f 00       		.byte	0
 1086 0140 00       		.byte	0
 1087 0141 15       		.uleb128 0x15
 1088 0142 898201   		.uleb128 0x4109
 1089 0145 01       		.byte	0x1
 1090 0146 11       		.uleb128 0x11
 1091 0147 01       		.uleb128 0x1
 1092 0148 31       		.uleb128 0x31
 1093 0149 13       		.uleb128 0x13
 1094 014a 00       		.byte	0
 1095 014b 00       		.byte	0
 1096 014c 16       		.uleb128 0x16
 1097 014d 8A8201   		.uleb128 0x410a
 1098 0150 00       		.byte	0
 1099 0151 02       		.uleb128 0x2
 1100 0152 18       		.uleb128 0x18
 1101 0153 9142     		.uleb128 0x2111
 1102 0155 18       		.uleb128 0x18
 1103 0156 00       		.byte	0
 1104 0157 00       		.byte	0
 1105 0158 17       		.uleb128 0x17
 1106 0159 898201   		.uleb128 0x4109
 1107 015c 00       		.byte	0
 1108 015d 11       		.uleb128 0x11
 1109 015e 01       		.uleb128 0x1
 1110 015f 31       		.uleb128 0x31
 1111 0160 13       		.uleb128 0x13
 1112 0161 00       		.byte	0
 1113 0162 00       		.byte	0
 1114 0163 18       		.uleb128 0x18
 1115 0164 898201   		.uleb128 0x4109
 1116 0167 00       		.byte	0
 1117 0168 11       		.uleb128 0x11
 1118 0169 01       		.uleb128 0x1
 1119 016a 9542     		.uleb128 0x2115
 1120 016c 19       		.uleb128 0x19
 1121 016d 31       		.uleb128 0x31
 1122 016e 13       		.uleb128 0x13
 1123 016f 00       		.byte	0
 1124 0170 00       		.byte	0
 1125 0171 19       		.uleb128 0x19
ARM GAS  C:\Users\Luggi\AppData\Local\Temp\ccmayCmk.s 			page 29


 1126 0172 34       		.uleb128 0x34
 1127 0173 00       		.byte	0
 1128 0174 03       		.uleb128 0x3
 1129 0175 0E       		.uleb128 0xe
 1130 0176 3A       		.uleb128 0x3a
 1131 0177 0B       		.uleb128 0xb
 1132 0178 3B       		.uleb128 0x3b
 1133 0179 0B       		.uleb128 0xb
 1134 017a 49       		.uleb128 0x49
 1135 017b 13       		.uleb128 0x13
 1136 017c 3F       		.uleb128 0x3f
 1137 017d 19       		.uleb128 0x19
 1138 017e 02       		.uleb128 0x2
 1139 017f 18       		.uleb128 0x18
 1140 0180 00       		.byte	0
 1141 0181 00       		.byte	0
 1142 0182 00       		.byte	0
 1143              		.section	.debug_aranges,"",%progbits
 1144 0000 7C000000 		.4byte	0x7c
 1145 0004 0200     		.2byte	0x2
 1146 0006 00000000 		.4byte	.Ldebug_info0
 1147 000a 04       		.byte	0x4
 1148 000b 00       		.byte	0
 1149 000c 0000     		.2byte	0
 1150 000e 0000     		.2byte	0
 1151 0010 00000000 		.4byte	.LFB1
 1152 0014 24000000 		.4byte	.LFE1-.LFB1
 1153 0018 00000000 		.4byte	.LFB3
 1154 001c 28000000 		.4byte	.LFE3-.LFB3
 1155 0020 00000000 		.4byte	.LFB4
 1156 0024 0C000000 		.4byte	.LFE4-.LFB4
 1157 0028 00000000 		.4byte	.LFB5
 1158 002c 0C000000 		.4byte	.LFE5-.LFB5
 1159 0030 00000000 		.4byte	.LFB6
 1160 0034 0C000000 		.4byte	.LFE6-.LFB6
 1161 0038 00000000 		.4byte	.LFB7
 1162 003c 0C000000 		.4byte	.LFE7-.LFB7
 1163 0040 00000000 		.4byte	.LFB8
 1164 0044 20000000 		.4byte	.LFE8-.LFB8
 1165 0048 00000000 		.4byte	.LFB0
 1166 004c 60000000 		.4byte	.LFE0-.LFB0
 1167 0050 00000000 		.4byte	.LFB2
 1168 0054 1C000000 		.4byte	.LFE2-.LFB2
 1169 0058 00000000 		.4byte	.LFB9
 1170 005c 14000000 		.4byte	.LFE9-.LFB9
 1171 0060 00000000 		.4byte	.LFB10
 1172 0064 0C000000 		.4byte	.LFE10-.LFB10
 1173 0068 00000000 		.4byte	.LFB11
 1174 006c 0C000000 		.4byte	.LFE11-.LFB11
 1175 0070 00000000 		.4byte	.LFB12
 1176 0074 0C000000 		.4byte	.LFE12-.LFB12
 1177 0078 00000000 		.4byte	0
 1178 007c 00000000 		.4byte	0
 1179              		.section	.debug_ranges,"",%progbits
 1180              	.Ldebug_ranges0:
 1181 0000 04000000 		.4byte	.LBB6
 1182 0004 08000000 		.4byte	.LBE6
ARM GAS  C:\Users\Luggi\AppData\Local\Temp\ccmayCmk.s 			page 30


 1183 0008 42000000 		.4byte	.LBB9
 1184 000c 46000000 		.4byte	.LBE9
 1185 0010 00000000 		.4byte	0
 1186 0014 00000000 		.4byte	0
 1187 0018 00000000 		.4byte	.LFB1
 1188 001c 24000000 		.4byte	.LFE1
 1189 0020 00000000 		.4byte	.LFB3
 1190 0024 28000000 		.4byte	.LFE3
 1191 0028 00000000 		.4byte	.LFB4
 1192 002c 0C000000 		.4byte	.LFE4
 1193 0030 00000000 		.4byte	.LFB5
 1194 0034 0C000000 		.4byte	.LFE5
 1195 0038 00000000 		.4byte	.LFB6
 1196 003c 0C000000 		.4byte	.LFE6
 1197 0040 00000000 		.4byte	.LFB7
 1198 0044 0C000000 		.4byte	.LFE7
 1199 0048 00000000 		.4byte	.LFB8
 1200 004c 20000000 		.4byte	.LFE8
 1201 0050 00000000 		.4byte	.LFB0
 1202 0054 60000000 		.4byte	.LFE0
 1203 0058 00000000 		.4byte	.LFB2
 1204 005c 1C000000 		.4byte	.LFE2
 1205 0060 00000000 		.4byte	.LFB9
 1206 0064 14000000 		.4byte	.LFE9
 1207 0068 00000000 		.4byte	.LFB10
 1208 006c 0C000000 		.4byte	.LFE10
 1209 0070 00000000 		.4byte	.LFB11
 1210 0074 0C000000 		.4byte	.LFE11
 1211 0078 00000000 		.4byte	.LFB12
 1212 007c 0C000000 		.4byte	.LFE12
 1213 0080 00000000 		.4byte	0
 1214 0084 00000000 		.4byte	0
 1215              		.section	.debug_line,"",%progbits
 1216              	.Ldebug_line0:
 1217 0000 58010000 		.section	.debug_str,"MS",%progbits,1
 1217      02004600 
 1217      00000201 
 1217      FB0E0D00 
 1217      01010101 
 1218              	.LASF15:
 1219 0000 72656731 		.ascii	"reg16\000"
 1219      3600
 1220              	.LASF32:
 1221 0006 436F756E 		.ascii	"Counter_1_ReadCapture\000"
 1221      7465725F 
 1221      315F5265 
 1221      61644361 
 1221      70747572 
 1222              	.LASF19:
 1223 001c 70657269 		.ascii	"period\000"
 1223      6F6400
 1224              	.LASF3:
 1225 0023 73686F72 		.ascii	"short unsigned int\000"
 1225      7420756E 
 1225      7369676E 
 1225      65642069 
 1225      6E7400
ARM GAS  C:\Users\Luggi\AppData\Local\Temp\ccmayCmk.s 			page 31


 1226              	.LASF25:
 1227 0036 436F756E 		.ascii	"Counter_1_WriteControlRegister\000"
 1227      7465725F 
 1227      315F5772 
 1227      69746543 
 1227      6F6E7472 
 1228              	.LASF18:
 1229 0055 436F756E 		.ascii	"Counter_1_SetInterruptMode\000"
 1229      7465725F 
 1229      315F5365 
 1229      74496E74 
 1229      65727275 
 1230              	.LASF31:
 1231 0070 436F756E 		.ascii	"Counter_1_ReadCounter\000"
 1231      7465725F 
 1231      315F5265 
 1231      6164436F 
 1231      756E7465 
 1232              	.LASF11:
 1233 0086 666C6F61 		.ascii	"float\000"
 1233      7400
 1234              	.LASF28:
 1235 008c 636F756E 		.ascii	"counter\000"
 1235      74657200 
 1236              	.LASF1:
 1237 0094 756E7369 		.ascii	"unsigned char\000"
 1237      676E6564 
 1237      20636861 
 1237      7200
 1238              	.LASF14:
 1239 00a2 72656738 		.ascii	"reg8\000"
 1239      00
 1240              	.LASF5:
 1241 00a7 6C6F6E67 		.ascii	"long unsigned int\000"
 1241      20756E73 
 1241      69676E65 
 1241      6420696E 
 1241      7400
 1242              	.LASF9:
 1243 00b9 75696E74 		.ascii	"uint8\000"
 1243      3800
 1244              	.LASF27:
 1245 00bf 636F6E74 		.ascii	"control\000"
 1245      726F6C00 
 1246              	.LASF20:
 1247 00c7 696E7465 		.ascii	"interruptsMask\000"
 1247      72727570 
 1247      74734D61 
 1247      736B00
 1248              	.LASF37:
 1249 00d6 436F756E 		.ascii	"Counter_1_initVar\000"
 1249      7465725F 
 1249      315F696E 
 1249      69745661 
 1249      7200
 1250              	.LASF23:
 1251 00e8 436F756E 		.ascii	"Counter_1_ReadStatusRegister\000"
ARM GAS  C:\Users\Luggi\AppData\Local\Temp\ccmayCmk.s 			page 32


 1251      7465725F 
 1251      315F5265 
 1251      61645374 
 1251      61747573 
 1252              	.LASF12:
 1253 0105 646F7562 		.ascii	"double\000"
 1253      6C6500
 1254              	.LASF10:
 1255 010c 75696E74 		.ascii	"uint16\000"
 1255      313600
 1256              	.LASF17:
 1257 0113 436F756E 		.ascii	"Counter_1_WritePeriod\000"
 1257      7465725F 
 1257      315F5772 
 1257      69746550 
 1257      6572696F 
 1258              	.LASF33:
 1259 0129 436F756E 		.ascii	"Counter_1_ReadPeriod\000"
 1259      7465725F 
 1259      315F5265 
 1259      61645065 
 1259      72696F64 
 1260              	.LASF7:
 1261 013e 6C6F6E67 		.ascii	"long long unsigned int\000"
 1261      206C6F6E 
 1261      6720756E 
 1261      7369676E 
 1261      65642069 
 1262              	.LASF29:
 1263 0155 436F756E 		.ascii	"Counter_1_Init\000"
 1263      7465725F 
 1263      315F496E 
 1263      697400
 1264              	.LASF16:
 1265 0164 73697A65 		.ascii	"sizetype\000"
 1265      74797065 
 1265      00
 1266              	.LASF26:
 1267 016d 436F756E 		.ascii	"Counter_1_WriteCounter\000"
 1267      7465725F 
 1267      315F5772 
 1267      69746543 
 1267      6F756E74 
 1268              	.LASF6:
 1269 0184 6C6F6E67 		.ascii	"long long int\000"
 1269      206C6F6E 
 1269      6720696E 
 1269      7400
 1270              	.LASF13:
 1271 0192 63686172 		.ascii	"char\000"
 1271      00
 1272              	.LASF36:
 1273 0197 433A5C55 		.ascii	"C:\\Users\\Luggi\\Desktop\\Aktuelles Projekt Laser_"
 1273      73657273 
 1273      5C4C7567 
 1273      67695C44 
 1273      65736B74 
ARM GAS  C:\Users\Luggi\AppData\Local\Temp\ccmayCmk.s 			page 33


 1274 01c6 73636875 		.ascii	"schutzschaltung\\Aktuelles Projekt Laser_schutzscha"
 1274      747A7363 
 1274      68616C74 
 1274      756E675C 
 1274      416B7475 
 1275 01f8 6C74756E 		.ascii	"ltung\\Laserschutzschaltung.cydsn\000"
 1275      675C4C61 
 1275      73657273 
 1275      63687574 
 1275      7A736368 
 1276              	.LASF8:
 1277 0219 756E7369 		.ascii	"unsigned int\000"
 1277      676E6564 
 1277      20696E74 
 1277      00
 1278              	.LASF2:
 1279 0226 73686F72 		.ascii	"short int\000"
 1279      7420696E 
 1279      7400
 1280              	.LASF35:
 1281 0230 47656E65 		.ascii	"Generated_Source\\PSoC5\\Counter_1.c\000"
 1281      72617465 
 1281      645F536F 
 1281      75726365 
 1281      5C50536F 
 1282              	.LASF34:
 1283 0253 474E5520 		.ascii	"GNU C 4.9.3 20150303 (release) [ARM/embedded-4_9-br"
 1283      4320342E 
 1283      392E3320 
 1283      32303135 
 1283      30333033 
 1284 0286 616E6368 		.ascii	"anch revision 221220] -mcpu=cortex-m3 -mthumb -g -O"
 1284      20726576 
 1284      6973696F 
 1284      6E203232 
 1284      31323230 
 1285 02b9 73202D66 		.ascii	"s -ffunction-sections -ffat-lto-objects\000"
 1285      66756E63 
 1285      74696F6E 
 1285      2D736563 
 1285      74696F6E 
 1286              	.LASF4:
 1287 02e1 6C6F6E67 		.ascii	"long int\000"
 1287      20696E74 
 1287      00
 1288              	.LASF30:
 1289 02ea 436F756E 		.ascii	"Counter_1_Start\000"
 1289      7465725F 
 1289      315F5374 
 1289      61727400 
 1290              	.LASF21:
 1291 02fa 436F756E 		.ascii	"Counter_1_Enable\000"
 1291      7465725F 
 1291      315F456E 
 1291      61626C65 
 1291      00
 1292              	.LASF0:
ARM GAS  C:\Users\Luggi\AppData\Local\Temp\ccmayCmk.s 			page 34


 1293 030b 7369676E 		.ascii	"signed char\000"
 1293      65642063 
 1293      68617200 
 1294              	.LASF22:
 1295 0317 436F756E 		.ascii	"Counter_1_Stop\000"
 1295      7465725F 
 1295      315F5374 
 1295      6F7000
 1296              	.LASF24:
 1297 0326 436F756E 		.ascii	"Counter_1_ReadControlRegister\000"
 1297      7465725F 
 1297      315F5265 
 1297      6164436F 
 1297      6E74726F 
 1298              		.ident	"GCC: (GNU Tools for ARM Embedded Processors) 4.9.3 20150303 (release) [ARM/embedded-4_9-br
