ARM GAS  C:\Users\Luggi\AppData\Local\Temp\ccjxApbb.s 			page 1


   1              		.syntax unified
   2              		.cpu cortex-m3
   3              		.fpu softvfp
   4              		.eabi_attribute 20, 1
   5              		.eabi_attribute 21, 1
   6              		.eabi_attribute 23, 3
   7              		.eabi_attribute 24, 1
   8              		.eabi_attribute 25, 1
   9              		.eabi_attribute 26, 1
  10              		.eabi_attribute 30, 4
  11              		.eabi_attribute 34, 1
  12              		.eabi_attribute 18, 4
  13              		.thumb
  14              		.file	"Filter_PVT.c"
  15              		.text
  16              	.Ltext0:
  17              		.cfi_sections	.debug_frame
  18              		.section	.text.Filter_SetInterruptMode,"ax",%progbits
  19              		.align	1
  20              		.global	Filter_SetInterruptMode
  21              		.thumb
  22              		.thumb_func
  23              		.type	Filter_SetInterruptMode, %function
  24              	Filter_SetInterruptMode:
  25              	.LFB0:
  26              		.file 1 "Generated_Source\\PSoC5\\Filter_PVT.c"
   1:Generated_Source\PSoC5/Filter_PVT.c **** /*******************************************************************************
   2:Generated_Source\PSoC5/Filter_PVT.c **** * File Name: Filter_PVT.c
   3:Generated_Source\PSoC5/Filter_PVT.c **** * Version 2.30
   4:Generated_Source\PSoC5/Filter_PVT.c **** *
   5:Generated_Source\PSoC5/Filter_PVT.c **** * Description:
   6:Generated_Source\PSoC5/Filter_PVT.c **** *  This file provides source code for FILT component internal functions.
   7:Generated_Source\PSoC5/Filter_PVT.c **** *
   8:Generated_Source\PSoC5/Filter_PVT.c **** * Note:
   9:Generated_Source\PSoC5/Filter_PVT.c **** *  
  10:Generated_Source\PSoC5/Filter_PVT.c **** *******************************************************************************
  11:Generated_Source\PSoC5/Filter_PVT.c **** * Copyright 2008-2013, Cypress Semiconductor Corporation.  All rights reserved.
  12:Generated_Source\PSoC5/Filter_PVT.c **** * You may use this file only in accordance with the license, terms, conditions, 
  13:Generated_Source\PSoC5/Filter_PVT.c **** * disclaimers, and limitations in the end user license agreement accompanying 
  14:Generated_Source\PSoC5/Filter_PVT.c **** * the software package with which this file was provided.
  15:Generated_Source\PSoC5/Filter_PVT.c **** ********************************************************************************/
  16:Generated_Source\PSoC5/Filter_PVT.c **** 
  17:Generated_Source\PSoC5/Filter_PVT.c **** #include "Filter_PVT.h"
  18:Generated_Source\PSoC5/Filter_PVT.c **** 
  19:Generated_Source\PSoC5/Filter_PVT.c **** 
  20:Generated_Source\PSoC5/Filter_PVT.c **** /*******************************************************************************
  21:Generated_Source\PSoC5/Filter_PVT.c **** * Function Name: Filter_SetInterruptMode
  22:Generated_Source\PSoC5/Filter_PVT.c **** ********************************************************************************
  23:Generated_Source\PSoC5/Filter_PVT.c **** *
  24:Generated_Source\PSoC5/Filter_PVT.c **** * Summary:
  25:Generated_Source\PSoC5/Filter_PVT.c **** *  Assign the events which will trigger a DFB interrupt to be triggered. 
  26:Generated_Source\PSoC5/Filter_PVT.c **** *
  27:Generated_Source\PSoC5/Filter_PVT.c **** * Parameters:  
  28:Generated_Source\PSoC5/Filter_PVT.c **** *  events:  Bits [0:5] of events represent the events which will trigger DFB
  29:Generated_Source\PSoC5/Filter_PVT.c **** *           interrupts.
  30:Generated_Source\PSoC5/Filter_PVT.c **** *            Bit 0 - Output value ready in the holding register on channel A
  31:Generated_Source\PSoC5/Filter_PVT.c **** *            Bit 1 - Output value ready in the holding register on channel B
ARM GAS  C:\Users\Luggi\AppData\Local\Temp\ccjxApbb.s 			page 2


  32:Generated_Source\PSoC5/Filter_PVT.c **** *            Bit 2 - '1' written to Semaphore 0  - See Note
  33:Generated_Source\PSoC5/Filter_PVT.c **** *            Bit 3 - '1' written to Semaphore 1  - See Note
  34:Generated_Source\PSoC5/Filter_PVT.c **** *            Bit 4 - '1' written to Semaphore 2
  35:Generated_Source\PSoC5/Filter_PVT.c **** *
  36:Generated_Source\PSoC5/Filter_PVT.c **** * Return: 
  37:Generated_Source\PSoC5/Filter_PVT.c **** *  void
  38:Generated_Source\PSoC5/Filter_PVT.c **** *
  39:Generated_Source\PSoC5/Filter_PVT.c **** * Note:
  40:Generated_Source\PSoC5/Filter_PVT.c **** *  Semaphore 0 and Semaphore 1 should not be configured as both a DMA request 
  41:Generated_Source\PSoC5/Filter_PVT.c **** *  and an interrupt event, because, after one clock cycle, the system 
  42:Generated_Source\PSoC5/Filter_PVT.c **** *  automatically clears any semaphore which triggered a DMA request.
  43:Generated_Source\PSoC5/Filter_PVT.c **** *
  44:Generated_Source\PSoC5/Filter_PVT.c **** *******************************************************************************/
  45:Generated_Source\PSoC5/Filter_PVT.c **** void Filter_SetInterruptMode(uint8 events) 
  46:Generated_Source\PSoC5/Filter_PVT.c **** {
  27              		.loc 1 46 0
  28              		.cfi_startproc
  29              		@ args = 0, pretend = 0, frame = 0
  30              		@ frame_needed = 0, uses_anonymous_args = 0
  31              		@ link register save eliminated.
  32              	.LVL0:
  47:Generated_Source\PSoC5/Filter_PVT.c ****     events &= Filter_EVENT_MASK;
  48:Generated_Source\PSoC5/Filter_PVT.c ****     Filter_INT_CTRL_REG = events;
  33              		.loc 1 48 0
  34 0000 024B     		ldr	r3, .L2
  47:Generated_Source\PSoC5/Filter_PVT.c ****     events &= Filter_EVENT_MASK;
  35              		.loc 1 47 0
  36 0002 00F01F00 		and	r0, r0, #31
  37              	.LVL1:
  38              		.loc 1 48 0
  39 0006 1870     		strb	r0, [r3]
  40 0008 7047     		bx	lr
  41              	.L3:
  42 000a 00BF     		.align	2
  43              	.L2:
  44 000c 98C70040 		.word	1073792920
  45              		.cfi_endproc
  46              	.LFE0:
  47              		.size	Filter_SetInterruptMode, .-Filter_SetInterruptMode
  48              		.section	.text.Filter_SetDMAMode,"ax",%progbits
  49              		.align	1
  50              		.global	Filter_SetDMAMode
  51              		.thumb
  52              		.thumb_func
  53              		.type	Filter_SetDMAMode, %function
  54              	Filter_SetDMAMode:
  55              	.LFB1:
  49:Generated_Source\PSoC5/Filter_PVT.c **** }
  50:Generated_Source\PSoC5/Filter_PVT.c **** 
  51:Generated_Source\PSoC5/Filter_PVT.c **** 
  52:Generated_Source\PSoC5/Filter_PVT.c **** /*******************************************************************************
  53:Generated_Source\PSoC5/Filter_PVT.c **** * Function Name: Filter_SetDMAMode
  54:Generated_Source\PSoC5/Filter_PVT.c **** ********************************************************************************
  55:Generated_Source\PSoC5/Filter_PVT.c **** *
  56:Generated_Source\PSoC5/Filter_PVT.c **** * Summary:
  57:Generated_Source\PSoC5/Filter_PVT.c **** *  Assign the events which will trigger a DMA request for the DFB.  There are 
  58:Generated_Source\PSoC5/Filter_PVT.c **** *  two different DMA requests that can be triggered.
ARM GAS  C:\Users\Luggi\AppData\Local\Temp\ccjxApbb.s 			page 3


  59:Generated_Source\PSoC5/Filter_PVT.c **** *
  60:Generated_Source\PSoC5/Filter_PVT.c **** * Parameters:  
  61:Generated_Source\PSoC5/Filter_PVT.c **** *  events:  A set of 4 bits which configure what event, if any, triggers a DMA 
  62:Generated_Source\PSoC5/Filter_PVT.c **** *           request for the DFB.  
  63:Generated_Source\PSoC5/Filter_PVT.c **** *           Bits [0:1] configure the trigger for DMA Request 1
  64:Generated_Source\PSoC5/Filter_PVT.c **** *           Bits [2:3] configure the trigger for DMA Request 2
  65:Generated_Source\PSoC5/Filter_PVT.c **** *            DMA Request 1: 
  66:Generated_Source\PSoC5/Filter_PVT.c **** *               0 - no request will be generated
  67:Generated_Source\PSoC5/Filter_PVT.c **** *               1 - Output value ready in the holding register on channel A
  68:Generated_Source\PSoC5/Filter_PVT.c **** *               2 - Semaphore 0
  69:Generated_Source\PSoC5/Filter_PVT.c **** *               3 - Sempahore 1
  70:Generated_Source\PSoC5/Filter_PVT.c **** *            DMA Request 2: 
  71:Generated_Source\PSoC5/Filter_PVT.c **** *               0 - no request will be generated
  72:Generated_Source\PSoC5/Filter_PVT.c **** *               1 - Output value ready in the holding register on channel B
  73:Generated_Source\PSoC5/Filter_PVT.c **** *               2 - Semaphore 0
  74:Generated_Source\PSoC5/Filter_PVT.c **** *               3 - Sempahore 1
  75:Generated_Source\PSoC5/Filter_PVT.c **** *
  76:Generated_Source\PSoC5/Filter_PVT.c **** * Return: 
  77:Generated_Source\PSoC5/Filter_PVT.c **** *  void
  78:Generated_Source\PSoC5/Filter_PVT.c **** *
  79:Generated_Source\PSoC5/Filter_PVT.c **** * Note:
  80:Generated_Source\PSoC5/Filter_PVT.c **** *  Semaphore 0 and Semaphore 1 should not be configured as both a DMA request 
  81:Generated_Source\PSoC5/Filter_PVT.c **** *  and an interrupt event, because, after one clock cycle, the system 
  82:Generated_Source\PSoC5/Filter_PVT.c **** *  automatically clears any semaphore which triggered a DMA request.
  83:Generated_Source\PSoC5/Filter_PVT.c **** *
  84:Generated_Source\PSoC5/Filter_PVT.c **** *******************************************************************************/
  85:Generated_Source\PSoC5/Filter_PVT.c **** void Filter_SetDMAMode(uint8 events) 
  86:Generated_Source\PSoC5/Filter_PVT.c **** {
  56              		.loc 1 86 0
  57              		.cfi_startproc
  58              		@ args = 0, pretend = 0, frame = 0
  59              		@ frame_needed = 0, uses_anonymous_args = 0
  60              		@ link register save eliminated.
  61              	.LVL2:
  87:Generated_Source\PSoC5/Filter_PVT.c ****     events &= Filter_DMA_CTRL_MASK;
  88:Generated_Source\PSoC5/Filter_PVT.c ****     Filter_DMA_CTRL_REG = events;
  62              		.loc 1 88 0
  63 0000 024B     		ldr	r3, .L5
  87:Generated_Source\PSoC5/Filter_PVT.c ****     events &= Filter_DMA_CTRL_MASK;
  64              		.loc 1 87 0
  65 0002 00F00F00 		and	r0, r0, #15
  66              	.LVL3:
  67              		.loc 1 88 0
  68 0006 1870     		strb	r0, [r3]
  69 0008 7047     		bx	lr
  70              	.L6:
  71 000a 00BF     		.align	2
  72              	.L5:
  73 000c 9CC70040 		.word	1073792924
  74              		.cfi_endproc
  75              	.LFE1:
  76              		.size	Filter_SetDMAMode, .-Filter_SetDMAMode
  77              		.text
  78              	.Letext0:
  79              		.file 2 "Generated_Source\\PSoC5\\cytypes.h"
  80              		.section	.debug_info,"",%progbits
  81              	.Ldebug_info0:
ARM GAS  C:\Users\Luggi\AppData\Local\Temp\ccjxApbb.s 			page 4


  82 0000 E7000000 		.4byte	0xe7
  83 0004 0400     		.2byte	0x4
  84 0006 00000000 		.4byte	.Ldebug_abbrev0
  85 000a 04       		.byte	0x4
  86 000b 01       		.uleb128 0x1
  87 000c 2C010000 		.4byte	.LASF16
  88 0010 01       		.byte	0x1
  89 0011 AF000000 		.4byte	.LASF17
  90 0015 1B000000 		.4byte	.LASF18
  91 0019 00000000 		.4byte	.Ldebug_ranges0+0
  92 001d 00000000 		.4byte	0
  93 0021 00000000 		.4byte	.Ldebug_line0
  94 0025 02       		.uleb128 0x2
  95 0026 04       		.byte	0x4
  96 0027 05       		.byte	0x5
  97 0028 696E7400 		.ascii	"int\000"
  98 002c 03       		.uleb128 0x3
  99 002d 04       		.byte	0x4
 100 002e 07       		.byte	0x7
 101 002f 0E000000 		.4byte	.LASF0
 102 0033 03       		.uleb128 0x3
 103 0034 01       		.byte	0x1
 104 0035 06       		.byte	0x6
 105 0036 CD010000 		.4byte	.LASF1
 106 003a 03       		.uleb128 0x3
 107 003b 01       		.byte	0x1
 108 003c 08       		.byte	0x8
 109 003d 09010000 		.4byte	.LASF2
 110 0041 03       		.uleb128 0x3
 111 0042 02       		.byte	0x2
 112 0043 05       		.byte	0x5
 113 0044 F7010000 		.4byte	.LASF3
 114 0048 03       		.uleb128 0x3
 115 0049 02       		.byte	0x2
 116 004a 07       		.byte	0x7
 117 004b BA010000 		.4byte	.LASF4
 118 004f 03       		.uleb128 0x3
 119 0050 04       		.byte	0x4
 120 0051 05       		.byte	0x5
 121 0052 1C010000 		.4byte	.LASF5
 122 0056 03       		.uleb128 0x3
 123 0057 04       		.byte	0x4
 124 0058 07       		.byte	0x7
 125 0059 D9000000 		.4byte	.LASF6
 126 005d 03       		.uleb128 0x3
 127 005e 08       		.byte	0x8
 128 005f 05       		.byte	0x5
 129 0060 00000000 		.4byte	.LASF7
 130 0064 03       		.uleb128 0x3
 131 0065 08       		.byte	0x8
 132 0066 07       		.byte	0x7
 133 0067 EB000000 		.4byte	.LASF8
 134 006b 03       		.uleb128 0x3
 135 006c 04       		.byte	0x4
 136 006d 07       		.byte	0x7
 137 006e 06020000 		.4byte	.LASF9
 138 0072 03       		.uleb128 0x3
ARM GAS  C:\Users\Luggi\AppData\Local\Temp\ccjxApbb.s 			page 5


 139 0073 01       		.byte	0x1
 140 0074 08       		.byte	0x8
 141 0075 17010000 		.4byte	.LASF10
 142 0079 04       		.uleb128 0x4
 143 007a D3000000 		.4byte	.LASF13
 144 007e 02       		.byte	0x2
 145 007f 9201     		.2byte	0x192
 146 0081 3A000000 		.4byte	0x3a
 147 0085 03       		.uleb128 0x3
 148 0086 04       		.byte	0x4
 149 0087 04       		.byte	0x4
 150 0088 D9010000 		.4byte	.LASF11
 151 008c 03       		.uleb128 0x3
 152 008d 08       		.byte	0x8
 153 008e 04       		.byte	0x4
 154 008f 25010000 		.4byte	.LASF12
 155 0093 04       		.uleb128 0x4
 156 0094 01020000 		.4byte	.LASF14
 157 0098 02       		.byte	0x2
 158 0099 3C02     		.2byte	0x23c
 159 009b 9F000000 		.4byte	0x9f
 160 009f 05       		.uleb128 0x5
 161 00a0 79000000 		.4byte	0x79
 162 00a4 06       		.uleb128 0x6
 163 00a5 DF010000 		.4byte	.LASF19
 164 00a9 01       		.byte	0x1
 165 00aa 2D       		.byte	0x2d
 166 00ab 00000000 		.4byte	.LFB0
 167 00af 10000000 		.4byte	.LFE0-.LFB0
 168 00b3 01       		.uleb128 0x1
 169 00b4 9C       		.byte	0x9c
 170 00b5 C9000000 		.4byte	0xc9
 171 00b9 07       		.uleb128 0x7
 172 00ba 02010000 		.4byte	.LASF15
 173 00be 01       		.byte	0x1
 174 00bf 2D       		.byte	0x2d
 175 00c0 79000000 		.4byte	0x79
 176 00c4 00000000 		.4byte	.LLST0
 177 00c8 00       		.byte	0
 178 00c9 08       		.uleb128 0x8
 179 00ca 9D000000 		.4byte	.LASF20
 180 00ce 01       		.byte	0x1
 181 00cf 55       		.byte	0x55
 182 00d0 00000000 		.4byte	.LFB1
 183 00d4 10000000 		.4byte	.LFE1-.LFB1
 184 00d8 01       		.uleb128 0x1
 185 00d9 9C       		.byte	0x9c
 186 00da 07       		.uleb128 0x7
 187 00db 02010000 		.4byte	.LASF15
 188 00df 01       		.byte	0x1
 189 00e0 55       		.byte	0x55
 190 00e1 79000000 		.4byte	0x79
 191 00e5 1E000000 		.4byte	.LLST1
 192 00e9 00       		.byte	0
 193 00ea 00       		.byte	0
 194              		.section	.debug_abbrev,"",%progbits
 195              	.Ldebug_abbrev0:
ARM GAS  C:\Users\Luggi\AppData\Local\Temp\ccjxApbb.s 			page 6


 196 0000 01       		.uleb128 0x1
 197 0001 11       		.uleb128 0x11
 198 0002 01       		.byte	0x1
 199 0003 25       		.uleb128 0x25
 200 0004 0E       		.uleb128 0xe
 201 0005 13       		.uleb128 0x13
 202 0006 0B       		.uleb128 0xb
 203 0007 03       		.uleb128 0x3
 204 0008 0E       		.uleb128 0xe
 205 0009 1B       		.uleb128 0x1b
 206 000a 0E       		.uleb128 0xe
 207 000b 55       		.uleb128 0x55
 208 000c 17       		.uleb128 0x17
 209 000d 11       		.uleb128 0x11
 210 000e 01       		.uleb128 0x1
 211 000f 10       		.uleb128 0x10
 212 0010 17       		.uleb128 0x17
 213 0011 00       		.byte	0
 214 0012 00       		.byte	0
 215 0013 02       		.uleb128 0x2
 216 0014 24       		.uleb128 0x24
 217 0015 00       		.byte	0
 218 0016 0B       		.uleb128 0xb
 219 0017 0B       		.uleb128 0xb
 220 0018 3E       		.uleb128 0x3e
 221 0019 0B       		.uleb128 0xb
 222 001a 03       		.uleb128 0x3
 223 001b 08       		.uleb128 0x8
 224 001c 00       		.byte	0
 225 001d 00       		.byte	0
 226 001e 03       		.uleb128 0x3
 227 001f 24       		.uleb128 0x24
 228 0020 00       		.byte	0
 229 0021 0B       		.uleb128 0xb
 230 0022 0B       		.uleb128 0xb
 231 0023 3E       		.uleb128 0x3e
 232 0024 0B       		.uleb128 0xb
 233 0025 03       		.uleb128 0x3
 234 0026 0E       		.uleb128 0xe
 235 0027 00       		.byte	0
 236 0028 00       		.byte	0
 237 0029 04       		.uleb128 0x4
 238 002a 16       		.uleb128 0x16
 239 002b 00       		.byte	0
 240 002c 03       		.uleb128 0x3
 241 002d 0E       		.uleb128 0xe
 242 002e 3A       		.uleb128 0x3a
 243 002f 0B       		.uleb128 0xb
 244 0030 3B       		.uleb128 0x3b
 245 0031 05       		.uleb128 0x5
 246 0032 49       		.uleb128 0x49
 247 0033 13       		.uleb128 0x13
 248 0034 00       		.byte	0
 249 0035 00       		.byte	0
 250 0036 05       		.uleb128 0x5
 251 0037 35       		.uleb128 0x35
 252 0038 00       		.byte	0
ARM GAS  C:\Users\Luggi\AppData\Local\Temp\ccjxApbb.s 			page 7


 253 0039 49       		.uleb128 0x49
 254 003a 13       		.uleb128 0x13
 255 003b 00       		.byte	0
 256 003c 00       		.byte	0
 257 003d 06       		.uleb128 0x6
 258 003e 2E       		.uleb128 0x2e
 259 003f 01       		.byte	0x1
 260 0040 3F       		.uleb128 0x3f
 261 0041 19       		.uleb128 0x19
 262 0042 03       		.uleb128 0x3
 263 0043 0E       		.uleb128 0xe
 264 0044 3A       		.uleb128 0x3a
 265 0045 0B       		.uleb128 0xb
 266 0046 3B       		.uleb128 0x3b
 267 0047 0B       		.uleb128 0xb
 268 0048 27       		.uleb128 0x27
 269 0049 19       		.uleb128 0x19
 270 004a 11       		.uleb128 0x11
 271 004b 01       		.uleb128 0x1
 272 004c 12       		.uleb128 0x12
 273 004d 06       		.uleb128 0x6
 274 004e 40       		.uleb128 0x40
 275 004f 18       		.uleb128 0x18
 276 0050 9742     		.uleb128 0x2117
 277 0052 19       		.uleb128 0x19
 278 0053 01       		.uleb128 0x1
 279 0054 13       		.uleb128 0x13
 280 0055 00       		.byte	0
 281 0056 00       		.byte	0
 282 0057 07       		.uleb128 0x7
 283 0058 05       		.uleb128 0x5
 284 0059 00       		.byte	0
 285 005a 03       		.uleb128 0x3
 286 005b 0E       		.uleb128 0xe
 287 005c 3A       		.uleb128 0x3a
 288 005d 0B       		.uleb128 0xb
 289 005e 3B       		.uleb128 0x3b
 290 005f 0B       		.uleb128 0xb
 291 0060 49       		.uleb128 0x49
 292 0061 13       		.uleb128 0x13
 293 0062 02       		.uleb128 0x2
 294 0063 17       		.uleb128 0x17
 295 0064 00       		.byte	0
 296 0065 00       		.byte	0
 297 0066 08       		.uleb128 0x8
 298 0067 2E       		.uleb128 0x2e
 299 0068 01       		.byte	0x1
 300 0069 3F       		.uleb128 0x3f
 301 006a 19       		.uleb128 0x19
 302 006b 03       		.uleb128 0x3
 303 006c 0E       		.uleb128 0xe
 304 006d 3A       		.uleb128 0x3a
 305 006e 0B       		.uleb128 0xb
 306 006f 3B       		.uleb128 0x3b
 307 0070 0B       		.uleb128 0xb
 308 0071 27       		.uleb128 0x27
 309 0072 19       		.uleb128 0x19
ARM GAS  C:\Users\Luggi\AppData\Local\Temp\ccjxApbb.s 			page 8


 310 0073 11       		.uleb128 0x11
 311 0074 01       		.uleb128 0x1
 312 0075 12       		.uleb128 0x12
 313 0076 06       		.uleb128 0x6
 314 0077 40       		.uleb128 0x40
 315 0078 18       		.uleb128 0x18
 316 0079 9742     		.uleb128 0x2117
 317 007b 19       		.uleb128 0x19
 318 007c 00       		.byte	0
 319 007d 00       		.byte	0
 320 007e 00       		.byte	0
 321              		.section	.debug_loc,"",%progbits
 322              	.Ldebug_loc0:
 323              	.LLST0:
 324 0000 00000000 		.4byte	.LVL0
 325 0004 06000000 		.4byte	.LVL1
 326 0008 0100     		.2byte	0x1
 327 000a 50       		.byte	0x50
 328 000b 06000000 		.4byte	.LVL1
 329 000f 10000000 		.4byte	.LFE0
 330 0013 0100     		.2byte	0x1
 331 0015 50       		.byte	0x50
 332 0016 00000000 		.4byte	0
 333 001a 00000000 		.4byte	0
 334              	.LLST1:
 335 001e 00000000 		.4byte	.LVL2
 336 0022 06000000 		.4byte	.LVL3
 337 0026 0100     		.2byte	0x1
 338 0028 50       		.byte	0x50
 339 0029 06000000 		.4byte	.LVL3
 340 002d 10000000 		.4byte	.LFE1
 341 0031 0100     		.2byte	0x1
 342 0033 50       		.byte	0x50
 343 0034 00000000 		.4byte	0
 344 0038 00000000 		.4byte	0
 345              		.section	.debug_aranges,"",%progbits
 346 0000 24000000 		.4byte	0x24
 347 0004 0200     		.2byte	0x2
 348 0006 00000000 		.4byte	.Ldebug_info0
 349 000a 04       		.byte	0x4
 350 000b 00       		.byte	0
 351 000c 0000     		.2byte	0
 352 000e 0000     		.2byte	0
 353 0010 00000000 		.4byte	.LFB0
 354 0014 10000000 		.4byte	.LFE0-.LFB0
 355 0018 00000000 		.4byte	.LFB1
 356 001c 10000000 		.4byte	.LFE1-.LFB1
 357 0020 00000000 		.4byte	0
 358 0024 00000000 		.4byte	0
 359              		.section	.debug_ranges,"",%progbits
 360              	.Ldebug_ranges0:
 361 0000 00000000 		.4byte	.LFB0
 362 0004 10000000 		.4byte	.LFE0
 363 0008 00000000 		.4byte	.LFB1
 364 000c 10000000 		.4byte	.LFE1
 365 0010 00000000 		.4byte	0
 366 0014 00000000 		.4byte	0
ARM GAS  C:\Users\Luggi\AppData\Local\Temp\ccjxApbb.s 			page 9


 367              		.section	.debug_line,"",%progbits
 368              	.Ldebug_line0:
 369 0000 72000000 		.section	.debug_str,"MS",%progbits,1
 369      02004700 
 369      00000201 
 369      FB0E0D00 
 369      01010101 
 370              	.LASF7:
 371 0000 6C6F6E67 		.ascii	"long long int\000"
 371      206C6F6E 
 371      6720696E 
 371      7400
 372              	.LASF0:
 373 000e 756E7369 		.ascii	"unsigned int\000"
 373      676E6564 
 373      20696E74 
 373      00
 374              	.LASF18:
 375 001b 433A5C55 		.ascii	"C:\\Users\\Luggi\\Desktop\\Aktuelles Projekt Laser_"
 375      73657273 
 375      5C4C7567 
 375      67695C44 
 375      65736B74 
 376 004a 73636875 		.ascii	"schutzschaltung\\Aktuelles Projekt Laser_schutzscha"
 376      747A7363 
 376      68616C74 
 376      756E675C 
 376      416B7475 
 377 007c 6C74756E 		.ascii	"ltung\\Laserschutzschaltung.cydsn\000"
 377      675C4C61 
 377      73657273 
 377      63687574 
 377      7A736368 
 378              	.LASF20:
 379 009d 46696C74 		.ascii	"Filter_SetDMAMode\000"
 379      65725F53 
 379      6574444D 
 379      414D6F64 
 379      6500
 380              	.LASF17:
 381 00af 47656E65 		.ascii	"Generated_Source\\PSoC5\\Filter_PVT.c\000"
 381      72617465 
 381      645F536F 
 381      75726365 
 381      5C50536F 
 382              	.LASF13:
 383 00d3 75696E74 		.ascii	"uint8\000"
 383      3800
 384              	.LASF6:
 385 00d9 6C6F6E67 		.ascii	"long unsigned int\000"
 385      20756E73 
 385      69676E65 
 385      6420696E 
 385      7400
 386              	.LASF8:
 387 00eb 6C6F6E67 		.ascii	"long long unsigned int\000"
 387      206C6F6E 
ARM GAS  C:\Users\Luggi\AppData\Local\Temp\ccjxApbb.s 			page 10


 387      6720756E 
 387      7369676E 
 387      65642069 
 388              	.LASF15:
 389 0102 6576656E 		.ascii	"events\000"
 389      747300
 390              	.LASF2:
 391 0109 756E7369 		.ascii	"unsigned char\000"
 391      676E6564 
 391      20636861 
 391      7200
 392              	.LASF10:
 393 0117 63686172 		.ascii	"char\000"
 393      00
 394              	.LASF5:
 395 011c 6C6F6E67 		.ascii	"long int\000"
 395      20696E74 
 395      00
 396              	.LASF12:
 397 0125 646F7562 		.ascii	"double\000"
 397      6C6500
 398              	.LASF16:
 399 012c 474E5520 		.ascii	"GNU C 4.9.3 20150303 (release) [ARM/embedded-4_9-br"
 399      4320342E 
 399      392E3320 
 399      32303135 
 399      30333033 
 400 015f 616E6368 		.ascii	"anch revision 221220] -mcpu=cortex-m3 -mthumb -g -O"
 400      20726576 
 400      6973696F 
 400      6E203232 
 400      31323230 
 401 0192 73202D66 		.ascii	"s -ffunction-sections -ffat-lto-objects\000"
 401      66756E63 
 401      74696F6E 
 401      2D736563 
 401      74696F6E 
 402              	.LASF4:
 403 01ba 73686F72 		.ascii	"short unsigned int\000"
 403      7420756E 
 403      7369676E 
 403      65642069 
 403      6E7400
 404              	.LASF1:
 405 01cd 7369676E 		.ascii	"signed char\000"
 405      65642063 
 405      68617200 
 406              	.LASF11:
 407 01d9 666C6F61 		.ascii	"float\000"
 407      7400
 408              	.LASF19:
 409 01df 46696C74 		.ascii	"Filter_SetInterruptMode\000"
 409      65725F53 
 409      6574496E 
 409      74657272 
 409      7570744D 
 410              	.LASF3:
ARM GAS  C:\Users\Luggi\AppData\Local\Temp\ccjxApbb.s 			page 11


 411 01f7 73686F72 		.ascii	"short int\000"
 411      7420696E 
 411      7400
 412              	.LASF14:
 413 0201 72656738 		.ascii	"reg8\000"
 413      00
 414              	.LASF9:
 415 0206 73697A65 		.ascii	"sizetype\000"
 415      74797065 
 415      00
 416              		.ident	"GCC: (GNU Tools for ARM Embedded Processors) 4.9.3 20150303 (release) [ARM/embedded-4_9-br
