ARM GAS  C:\Users\Luggi\AppData\Local\Temp\ccflqXti.s 			page 1


   1              		.syntax unified
   2              		.cpu cortex-m3
   3              		.fpu softvfp
   4              		.eabi_attribute 20, 1
   5              		.eabi_attribute 21, 1
   6              		.eabi_attribute 23, 3
   7              		.eabi_attribute 24, 1
   8              		.eabi_attribute 25, 1
   9              		.eabi_attribute 26, 1
  10              		.eabi_attribute 30, 4
  11              		.eabi_attribute 34, 1
  12              		.eabi_attribute 18, 4
  13              		.thumb
  14              		.file	"Filter_RAM_Data.c"
  15              		.text
  16              	.Ltext0:
  17              		.cfi_sections	.debug_frame
  18              		.global	Filter_cfsm
  19              		.global	Filter_acu
  20              		.global	Filter_data_b
  21              		.global	Filter_data_a
  22              		.global	Filter_control
  23              		.section	.rodata
  24              		.type	Filter_cfsm, %object
  25              		.size	Filter_cfsm, 256
  26              	Filter_cfsm:
  27 0000 21       		.byte	33
  28 0001 F8       		.byte	-8
  29 0002 05       		.byte	5
  30 0003 01       		.byte	1
  31 0004 42       		.byte	66
  32 0005 10       		.byte	16
  33 0006 86       		.byte	-122
  34 0007 40       		.byte	64
  35 0008 64       		.byte	100
  36 0009 F8       		.byte	-8
  37 000a 15       		.byte	21
  38 000b 01       		.byte	1
  39 000c 81       		.byte	-127
  40 000d F8       		.byte	-8
  41 000e 05       		.byte	5
  42 000f 01       		.byte	1
  43 0010 43       		.byte	67
  44 0011 51       		.byte	81
  45 0012 8E       		.byte	-114
  46 0013 21       		.byte	33
  47 0014 00       		.byte	0
  48 0015 00       		.byte	0
  49 0016 00       		.byte	0
  50 0017 00       		.byte	0
  51 0018 00       		.byte	0
  52 0019 00       		.byte	0
  53 001a 00       		.byte	0
  54 001b 00       		.byte	0
  55 001c 00       		.byte	0
  56 001d 00       		.byte	0
  57 001e 00       		.byte	0
ARM GAS  C:\Users\Luggi\AppData\Local\Temp\ccflqXti.s 			page 2


  58 001f 00       		.byte	0
  59 0020 00       		.byte	0
  60 0021 00       		.byte	0
  61 0022 00       		.byte	0
  62 0023 00       		.byte	0
  63 0024 00       		.byte	0
  64 0025 00       		.byte	0
  65 0026 00       		.byte	0
  66 0027 00       		.byte	0
  67 0028 00       		.byte	0
  68 0029 00       		.byte	0
  69 002a 00       		.byte	0
  70 002b 00       		.byte	0
  71 002c 00       		.byte	0
  72 002d 00       		.byte	0
  73 002e 00       		.byte	0
  74 002f 00       		.byte	0
  75 0030 00       		.byte	0
  76 0031 00       		.byte	0
  77 0032 00       		.byte	0
  78 0033 00       		.byte	0
  79 0034 00       		.byte	0
  80 0035 00       		.byte	0
  81 0036 00       		.byte	0
  82 0037 00       		.byte	0
  83 0038 00       		.byte	0
  84 0039 00       		.byte	0
  85 003a 00       		.byte	0
  86 003b 00       		.byte	0
  87 003c 00       		.byte	0
  88 003d 00       		.byte	0
  89 003e 00       		.byte	0
  90 003f 00       		.byte	0
  91 0040 00       		.byte	0
  92 0041 00       		.byte	0
  93 0042 00       		.byte	0
  94 0043 00       		.byte	0
  95 0044 00       		.byte	0
  96 0045 00       		.byte	0
  97 0046 00       		.byte	0
  98 0047 00       		.byte	0
  99 0048 00       		.byte	0
 100 0049 00       		.byte	0
 101 004a 00       		.byte	0
 102 004b 00       		.byte	0
 103 004c 00       		.byte	0
 104 004d 00       		.byte	0
 105 004e 00       		.byte	0
 106 004f 00       		.byte	0
 107 0050 00       		.byte	0
 108 0051 00       		.byte	0
 109 0052 00       		.byte	0
 110 0053 00       		.byte	0
 111 0054 00       		.byte	0
 112 0055 00       		.byte	0
 113 0056 00       		.byte	0
 114 0057 00       		.byte	0
ARM GAS  C:\Users\Luggi\AppData\Local\Temp\ccflqXti.s 			page 3


 115 0058 00       		.byte	0
 116 0059 00       		.byte	0
 117 005a 00       		.byte	0
 118 005b 00       		.byte	0
 119 005c 00       		.byte	0
 120 005d 00       		.byte	0
 121 005e 00       		.byte	0
 122 005f 00       		.byte	0
 123 0060 00       		.byte	0
 124 0061 00       		.byte	0
 125 0062 00       		.byte	0
 126 0063 00       		.byte	0
 127 0064 00       		.byte	0
 128 0065 00       		.byte	0
 129 0066 00       		.byte	0
 130 0067 00       		.byte	0
 131 0068 00       		.byte	0
 132 0069 00       		.byte	0
 133 006a 00       		.byte	0
 134 006b 00       		.byte	0
 135 006c 00       		.byte	0
 136 006d 00       		.byte	0
 137 006e 00       		.byte	0
 138 006f 00       		.byte	0
 139 0070 00       		.byte	0
 140 0071 00       		.byte	0
 141 0072 00       		.byte	0
 142 0073 00       		.byte	0
 143 0074 00       		.byte	0
 144 0075 00       		.byte	0
 145 0076 00       		.byte	0
 146 0077 00       		.byte	0
 147 0078 00       		.byte	0
 148 0079 00       		.byte	0
 149 007a 00       		.byte	0
 150 007b 00       		.byte	0
 151 007c 00       		.byte	0
 152 007d 00       		.byte	0
 153 007e 00       		.byte	0
 154 007f 00       		.byte	0
 155 0080 00       		.byte	0
 156 0081 00       		.byte	0
 157 0082 00       		.byte	0
 158 0083 00       		.byte	0
 159 0084 00       		.byte	0
 160 0085 00       		.byte	0
 161 0086 00       		.byte	0
 162 0087 00       		.byte	0
 163 0088 00       		.byte	0
 164 0089 00       		.byte	0
 165 008a 00       		.byte	0
 166 008b 00       		.byte	0
 167 008c 00       		.byte	0
 168 008d 00       		.byte	0
 169 008e 00       		.byte	0
 170 008f 00       		.byte	0
 171 0090 00       		.byte	0
ARM GAS  C:\Users\Luggi\AppData\Local\Temp\ccflqXti.s 			page 4


 172 0091 00       		.byte	0
 173 0092 00       		.byte	0
 174 0093 00       		.byte	0
 175 0094 00       		.byte	0
 176 0095 00       		.byte	0
 177 0096 00       		.byte	0
 178 0097 00       		.byte	0
 179 0098 00       		.byte	0
 180 0099 00       		.byte	0
 181 009a 00       		.byte	0
 182 009b 00       		.byte	0
 183 009c 00       		.byte	0
 184 009d 00       		.byte	0
 185 009e 00       		.byte	0
 186 009f 00       		.byte	0
 187 00a0 00       		.byte	0
 188 00a1 00       		.byte	0
 189 00a2 00       		.byte	0
 190 00a3 00       		.byte	0
 191 00a4 00       		.byte	0
 192 00a5 00       		.byte	0
 193 00a6 00       		.byte	0
 194 00a7 00       		.byte	0
 195 00a8 00       		.byte	0
 196 00a9 00       		.byte	0
 197 00aa 00       		.byte	0
 198 00ab 00       		.byte	0
 199 00ac 00       		.byte	0
 200 00ad 00       		.byte	0
 201 00ae 00       		.byte	0
 202 00af 00       		.byte	0
 203 00b0 00       		.byte	0
 204 00b1 00       		.byte	0
 205 00b2 00       		.byte	0
 206 00b3 00       		.byte	0
 207 00b4 00       		.byte	0
 208 00b5 00       		.byte	0
 209 00b6 00       		.byte	0
 210 00b7 00       		.byte	0
 211 00b8 00       		.byte	0
 212 00b9 00       		.byte	0
 213 00ba 00       		.byte	0
 214 00bb 00       		.byte	0
 215 00bc 00       		.byte	0
 216 00bd 00       		.byte	0
 217 00be 00       		.byte	0
 218 00bf 00       		.byte	0
 219 00c0 00       		.byte	0
 220 00c1 00       		.byte	0
 221 00c2 00       		.byte	0
 222 00c3 00       		.byte	0
 223 00c4 00       		.byte	0
 224 00c5 00       		.byte	0
 225 00c6 00       		.byte	0
 226 00c7 00       		.byte	0
 227 00c8 00       		.byte	0
 228 00c9 00       		.byte	0
ARM GAS  C:\Users\Luggi\AppData\Local\Temp\ccflqXti.s 			page 5


 229 00ca 00       		.byte	0
 230 00cb 00       		.byte	0
 231 00cc 00       		.byte	0
 232 00cd 00       		.byte	0
 233 00ce 00       		.byte	0
 234 00cf 00       		.byte	0
 235 00d0 00       		.byte	0
 236 00d1 00       		.byte	0
 237 00d2 00       		.byte	0
 238 00d3 00       		.byte	0
 239 00d4 00       		.byte	0
 240 00d5 00       		.byte	0
 241 00d6 00       		.byte	0
 242 00d7 00       		.byte	0
 243 00d8 00       		.byte	0
 244 00d9 00       		.byte	0
 245 00da 00       		.byte	0
 246 00db 00       		.byte	0
 247 00dc 00       		.byte	0
 248 00dd 00       		.byte	0
 249 00de 00       		.byte	0
 250 00df 00       		.byte	0
 251 00e0 00       		.byte	0
 252 00e1 00       		.byte	0
 253 00e2 00       		.byte	0
 254 00e3 00       		.byte	0
 255 00e4 00       		.byte	0
 256 00e5 00       		.byte	0
 257 00e6 00       		.byte	0
 258 00e7 00       		.byte	0
 259 00e8 00       		.byte	0
 260 00e9 00       		.byte	0
 261 00ea 00       		.byte	0
 262 00eb 00       		.byte	0
 263 00ec 00       		.byte	0
 264 00ed 00       		.byte	0
 265 00ee 00       		.byte	0
 266 00ef 00       		.byte	0
 267 00f0 00       		.byte	0
 268 00f1 00       		.byte	0
 269 00f2 00       		.byte	0
 270 00f3 00       		.byte	0
 271 00f4 00       		.byte	0
 272 00f5 00       		.byte	0
 273 00f6 00       		.byte	0
 274 00f7 00       		.byte	0
 275 00f8 00       		.byte	0
 276 00f9 00       		.byte	0
 277 00fa 00       		.byte	0
 278 00fb 00       		.byte	0
 279 00fc 00       		.byte	0
 280 00fd 00       		.byte	0
 281 00fe 00       		.byte	0
 282 00ff 00       		.byte	0
 283              		.type	Filter_acu, %object
 284              		.size	Filter_acu, 64
 285              	Filter_acu:
ARM GAS  C:\Users\Luggi\AppData\Local\Temp\ccflqXti.s 			page 6


 286 0100 FF       		.byte	-1
 287 0101 3F       		.byte	63
 288 0102 00       		.byte	0
 289 0103 00       		.byte	0
 290 0104 00       		.byte	0
 291 0105 00       		.byte	0
 292 0106 00       		.byte	0
 293 0107 00       		.byte	0
 294 0108 00       		.byte	0
 295 0109 00       		.byte	0
 296 010a 00       		.byte	0
 297 010b 00       		.byte	0
 298 010c 00       		.byte	0
 299 010d 00       		.byte	0
 300 010e 00       		.byte	0
 301 010f 00       		.byte	0
 302 0110 00       		.byte	0
 303 0111 00       		.byte	0
 304 0112 00       		.byte	0
 305 0113 00       		.byte	0
 306 0114 00       		.byte	0
 307 0115 00       		.byte	0
 308 0116 00       		.byte	0
 309 0117 00       		.byte	0
 310 0118 00       		.byte	0
 311 0119 00       		.byte	0
 312 011a 00       		.byte	0
 313 011b 00       		.byte	0
 314 011c 00       		.byte	0
 315 011d 00       		.byte	0
 316 011e 00       		.byte	0
 317 011f 00       		.byte	0
 318 0120 00       		.byte	0
 319 0121 00       		.byte	0
 320 0122 00       		.byte	0
 321 0123 00       		.byte	0
 322 0124 00       		.byte	0
 323 0125 00       		.byte	0
 324 0126 00       		.byte	0
 325 0127 00       		.byte	0
 326 0128 00       		.byte	0
 327 0129 00       		.byte	0
 328 012a 00       		.byte	0
 329 012b 00       		.byte	0
 330 012c 00       		.byte	0
 331 012d 00       		.byte	0
 332 012e 00       		.byte	0
 333 012f 00       		.byte	0
 334 0130 00       		.byte	0
 335 0131 00       		.byte	0
 336 0132 00       		.byte	0
 337 0133 00       		.byte	0
 338 0134 00       		.byte	0
 339 0135 00       		.byte	0
 340 0136 00       		.byte	0
 341 0137 00       		.byte	0
 342 0138 00       		.byte	0
ARM GAS  C:\Users\Luggi\AppData\Local\Temp\ccflqXti.s 			page 7


 343 0139 00       		.byte	0
 344 013a 00       		.byte	0
 345 013b 00       		.byte	0
 346 013c 00       		.byte	0
 347 013d 00       		.byte	0
 348 013e 00       		.byte	0
 349 013f 00       		.byte	0
 350              		.type	Filter_data_b, %object
 351              		.size	Filter_data_b, 512
 352              	Filter_data_b:
 353 0140 F6       		.byte	-10
 354 0141 F5       		.byte	-11
 355 0142 FF       		.byte	-1
 356 0143 00       		.byte	0
 357 0144 3F       		.byte	63
 358 0145 F6       		.byte	-10
 359 0146 FF       		.byte	-1
 360 0147 00       		.byte	0
 361 0148 77       		.byte	119
 362 0149 F6       		.byte	-10
 363 014a FF       		.byte	-1
 364 014b 00       		.byte	0
 365 014c A5       		.byte	-91
 366 014d F6       		.byte	-10
 367 014e FF       		.byte	-1
 368 014f 00       		.byte	0
 369 0150 D1       		.byte	-47
 370 0151 F6       		.byte	-10
 371 0152 FF       		.byte	-1
 372 0153 00       		.byte	0
 373 0154 03       		.byte	3
 374 0155 F7       		.byte	-9
 375 0156 FF       		.byte	-1
 376 0157 00       		.byte	0
 377 0158 45       		.byte	69
 378 0159 F7       		.byte	-9
 379 015a FF       		.byte	-1
 380 015b 00       		.byte	0
 381 015c A2       		.byte	-94
 382 015d F7       		.byte	-9
 383 015e FF       		.byte	-1
 384 015f 00       		.byte	0
 385 0160 27       		.byte	39
 386 0161 F8       		.byte	-8
 387 0162 FF       		.byte	-1
 388 0163 00       		.byte	0
 389 0164 DE       		.byte	-34
 390 0165 F8       		.byte	-8
 391 0166 FF       		.byte	-1
 392 0167 00       		.byte	0
 393 0168 D6       		.byte	-42
 394 0169 F9       		.byte	-7
 395 016a FF       		.byte	-1
 396 016b 00       		.byte	0
 397 016c 1D       		.byte	29
 398 016d FB       		.byte	-5
 399 016e FF       		.byte	-1
ARM GAS  C:\Users\Luggi\AppData\Local\Temp\ccflqXti.s 			page 8


 400 016f 00       		.byte	0
 401 0170 C0       		.byte	-64
 402 0171 FC       		.byte	-4
 403 0172 FF       		.byte	-1
 404 0173 00       		.byte	0
 405 0174 CD       		.byte	-51
 406 0175 FE       		.byte	-2
 407 0176 FF       		.byte	-1
 408 0177 00       		.byte	0
 409 0178 53       		.byte	83
 410 0179 01       		.byte	1
 411 017a 00       		.byte	0
 412 017b 00       		.byte	0
 413 017c 60       		.byte	96
 414 017d 04       		.byte	4
 415 017e 00       		.byte	0
 416 017f 00       		.byte	0
 417 0180 03       		.byte	3
 418 0181 08       		.byte	8
 419 0182 00       		.byte	0
 420 0183 00       		.byte	0
 421 0184 49       		.byte	73
 422 0185 0C       		.byte	12
 423 0186 00       		.byte	0
 424 0187 00       		.byte	0
 425 0188 3E       		.byte	62
 426 0189 11       		.byte	17
 427 018a 00       		.byte	0
 428 018b 00       		.byte	0
 429 018c F0       		.byte	-16
 430 018d 16       		.byte	22
 431 018e 00       		.byte	0
 432 018f 00       		.byte	0
 433 0190 6A       		.byte	106
 434 0191 1D       		.byte	29
 435 0192 00       		.byte	0
 436 0193 00       		.byte	0
 437 0194 B5       		.byte	-75
 438 0195 24       		.byte	36
 439 0196 00       		.byte	0
 440 0197 00       		.byte	0
 441 0198 DD       		.byte	-35
 442 0199 2C       		.byte	44
 443 019a 00       		.byte	0
 444 019b 00       		.byte	0
 445 019c E7       		.byte	-25
 446 019d 35       		.byte	53
 447 019e 00       		.byte	0
 448 019f 00       		.byte	0
 449 01a0 DB       		.byte	-37
 450 01a1 3F       		.byte	63
 451 01a2 00       		.byte	0
 452 01a3 00       		.byte	0
 453 01a4 BD       		.byte	-67
 454 01a5 4A       		.byte	74
 455 01a6 00       		.byte	0
 456 01a7 00       		.byte	0
ARM GAS  C:\Users\Luggi\AppData\Local\Temp\ccflqXti.s 			page 9


 457 01a8 91       		.byte	-111
 458 01a9 56       		.byte	86
 459 01aa 00       		.byte	0
 460 01ab 00       		.byte	0
 461 01ac 58       		.byte	88
 462 01ad 63       		.byte	99
 463 01ae 00       		.byte	0
 464 01af 00       		.byte	0
 465 01b0 10       		.byte	16
 466 01b1 71       		.byte	113
 467 01b2 00       		.byte	0
 468 01b3 00       		.byte	0
 469 01b4 B7       		.byte	-73
 470 01b5 7F       		.byte	127
 471 01b6 00       		.byte	0
 472 01b7 00       		.byte	0
 473 01b8 4A       		.byte	74
 474 01b9 8F       		.byte	-113
 475 01ba 00       		.byte	0
 476 01bb 00       		.byte	0
 477 01bc C0       		.byte	-64
 478 01bd 9F       		.byte	-97
 479 01be 00       		.byte	0
 480 01bf 00       		.byte	0
 481 01c0 11       		.byte	17
 482 01c1 B1       		.byte	-79
 483 01c2 00       		.byte	0
 484 01c3 00       		.byte	0
 485 01c4 33       		.byte	51
 486 01c5 C3       		.byte	-61
 487 01c6 00       		.byte	0
 488 01c7 00       		.byte	0
 489 01c8 19       		.byte	25
 490 01c9 D6       		.byte	-42
 491 01ca 00       		.byte	0
 492 01cb 00       		.byte	0
 493 01cc B3       		.byte	-77
 494 01cd E9       		.byte	-23
 495 01ce 00       		.byte	0
 496 01cf 00       		.byte	0
 497 01d0 F2       		.byte	-14
 498 01d1 FD       		.byte	-3
 499 01d2 00       		.byte	0
 500 01d3 00       		.byte	0
 501 01d4 C2       		.byte	-62
 502 01d5 12       		.byte	18
 503 01d6 01       		.byte	1
 504 01d7 00       		.byte	0
 505 01d8 0F       		.byte	15
 506 01d9 28       		.byte	40
 507 01da 01       		.byte	1
 508 01db 00       		.byte	0
 509 01dc C4       		.byte	-60
 510 01dd 3D       		.byte	61
 511 01de 01       		.byte	1
 512 01df 00       		.byte	0
 513 01e0 C9       		.byte	-55
ARM GAS  C:\Users\Luggi\AppData\Local\Temp\ccflqXti.s 			page 10


 514 01e1 53       		.byte	83
 515 01e2 01       		.byte	1
 516 01e3 00       		.byte	0
 517 01e4 06       		.byte	6
 518 01e5 6A       		.byte	106
 519 01e6 01       		.byte	1
 520 01e7 00       		.byte	0
 521 01e8 60       		.byte	96
 522 01e9 80       		.byte	-128
 523 01ea 01       		.byte	1
 524 01eb 00       		.byte	0
 525 01ec BC       		.byte	-68
 526 01ed 96       		.byte	-106
 527 01ee 01       		.byte	1
 528 01ef 00       		.byte	0
 529 01f0 00       		.byte	0
 530 01f1 AD       		.byte	-83
 531 01f2 01       		.byte	1
 532 01f3 00       		.byte	0
 533 01f4 0E       		.byte	14
 534 01f5 C3       		.byte	-61
 535 01f6 01       		.byte	1
 536 01f7 00       		.byte	0
 537 01f8 CB       		.byte	-53
 538 01f9 D8       		.byte	-40
 539 01fa 01       		.byte	1
 540 01fb 00       		.byte	0
 541 01fc 19       		.byte	25
 542 01fd EE       		.byte	-18
 543 01fe 01       		.byte	1
 544 01ff 00       		.byte	0
 545 0200 DC       		.byte	-36
 546 0201 02       		.byte	2
 547 0202 02       		.byte	2
 548 0203 00       		.byte	0
 549 0204 F6       		.byte	-10
 550 0205 16       		.byte	22
 551 0206 02       		.byte	2
 552 0207 00       		.byte	0
 553 0208 4D       		.byte	77
 554 0209 2A       		.byte	42
 555 020a 02       		.byte	2
 556 020b 00       		.byte	0
 557 020c C4       		.byte	-60
 558 020d 3C       		.byte	60
 559 020e 02       		.byte	2
 560 020f 00       		.byte	0
 561 0210 41       		.byte	65
 562 0211 4E       		.byte	78
 563 0212 02       		.byte	2
 564 0213 00       		.byte	0
 565 0214 AB       		.byte	-85
 566 0215 5E       		.byte	94
 567 0216 02       		.byte	2
 568 0217 00       		.byte	0
 569 0218 EA       		.byte	-22
 570 0219 6D       		.byte	109
ARM GAS  C:\Users\Luggi\AppData\Local\Temp\ccflqXti.s 			page 11


 571 021a 02       		.byte	2
 572 021b 00       		.byte	0
 573 021c E7       		.byte	-25
 574 021d 7B       		.byte	123
 575 021e 02       		.byte	2
 576 021f 00       		.byte	0
 577 0220 8D       		.byte	-115
 578 0221 88       		.byte	-120
 579 0222 02       		.byte	2
 580 0223 00       		.byte	0
 581 0224 CA       		.byte	-54
 582 0225 93       		.byte	-109
 583 0226 02       		.byte	2
 584 0227 00       		.byte	0
 585 0228 8D       		.byte	-115
 586 0229 9D       		.byte	-99
 587 022a 02       		.byte	2
 588 022b 00       		.byte	0
 589 022c C6       		.byte	-58
 590 022d A5       		.byte	-91
 591 022e 02       		.byte	2
 592 022f 00       		.byte	0
 593 0230 6A       		.byte	106
 594 0231 AC       		.byte	-84
 595 0232 02       		.byte	2
 596 0233 00       		.byte	0
 597 0234 6D       		.byte	109
 598 0235 B1       		.byte	-79
 599 0236 02       		.byte	2
 600 0237 00       		.byte	0
 601 0238 C9       		.byte	-55
 602 0239 B4       		.byte	-76
 603 023a 02       		.byte	2
 604 023b 00       		.byte	0
 605 023c 79       		.byte	121
 606 023d B6       		.byte	-74
 607 023e 02       		.byte	2
 608 023f 00       		.byte	0
 609 0240 79       		.byte	121
 610 0241 B6       		.byte	-74
 611 0242 02       		.byte	2
 612 0243 00       		.byte	0
 613 0244 C9       		.byte	-55
 614 0245 B4       		.byte	-76
 615 0246 02       		.byte	2
 616 0247 00       		.byte	0
 617 0248 6D       		.byte	109
 618 0249 B1       		.byte	-79
 619 024a 02       		.byte	2
 620 024b 00       		.byte	0
 621 024c 6A       		.byte	106
 622 024d AC       		.byte	-84
 623 024e 02       		.byte	2
 624 024f 00       		.byte	0
 625 0250 C6       		.byte	-58
 626 0251 A5       		.byte	-91
 627 0252 02       		.byte	2
ARM GAS  C:\Users\Luggi\AppData\Local\Temp\ccflqXti.s 			page 12


 628 0253 00       		.byte	0
 629 0254 8D       		.byte	-115
 630 0255 9D       		.byte	-99
 631 0256 02       		.byte	2
 632 0257 00       		.byte	0
 633 0258 CA       		.byte	-54
 634 0259 93       		.byte	-109
 635 025a 02       		.byte	2
 636 025b 00       		.byte	0
 637 025c 8D       		.byte	-115
 638 025d 88       		.byte	-120
 639 025e 02       		.byte	2
 640 025f 00       		.byte	0
 641 0260 E7       		.byte	-25
 642 0261 7B       		.byte	123
 643 0262 02       		.byte	2
 644 0263 00       		.byte	0
 645 0264 EA       		.byte	-22
 646 0265 6D       		.byte	109
 647 0266 02       		.byte	2
 648 0267 00       		.byte	0
 649 0268 AB       		.byte	-85
 650 0269 5E       		.byte	94
 651 026a 02       		.byte	2
 652 026b 00       		.byte	0
 653 026c 41       		.byte	65
 654 026d 4E       		.byte	78
 655 026e 02       		.byte	2
 656 026f 00       		.byte	0
 657 0270 C4       		.byte	-60
 658 0271 3C       		.byte	60
 659 0272 02       		.byte	2
 660 0273 00       		.byte	0
 661 0274 4D       		.byte	77
 662 0275 2A       		.byte	42
 663 0276 02       		.byte	2
 664 0277 00       		.byte	0
 665 0278 F6       		.byte	-10
 666 0279 16       		.byte	22
 667 027a 02       		.byte	2
 668 027b 00       		.byte	0
 669 027c DC       		.byte	-36
 670 027d 02       		.byte	2
 671 027e 02       		.byte	2
 672 027f 00       		.byte	0
 673 0280 19       		.byte	25
 674 0281 EE       		.byte	-18
 675 0282 01       		.byte	1
 676 0283 00       		.byte	0
 677 0284 CB       		.byte	-53
 678 0285 D8       		.byte	-40
 679 0286 01       		.byte	1
 680 0287 00       		.byte	0
 681 0288 0E       		.byte	14
 682 0289 C3       		.byte	-61
 683 028a 01       		.byte	1
 684 028b 00       		.byte	0
ARM GAS  C:\Users\Luggi\AppData\Local\Temp\ccflqXti.s 			page 13


 685 028c 00       		.byte	0
 686 028d AD       		.byte	-83
 687 028e 01       		.byte	1
 688 028f 00       		.byte	0
 689 0290 BC       		.byte	-68
 690 0291 96       		.byte	-106
 691 0292 01       		.byte	1
 692 0293 00       		.byte	0
 693 0294 60       		.byte	96
 694 0295 80       		.byte	-128
 695 0296 01       		.byte	1
 696 0297 00       		.byte	0
 697 0298 06       		.byte	6
 698 0299 6A       		.byte	106
 699 029a 01       		.byte	1
 700 029b 00       		.byte	0
 701 029c C9       		.byte	-55
 702 029d 53       		.byte	83
 703 029e 01       		.byte	1
 704 029f 00       		.byte	0
 705 02a0 C4       		.byte	-60
 706 02a1 3D       		.byte	61
 707 02a2 01       		.byte	1
 708 02a3 00       		.byte	0
 709 02a4 0F       		.byte	15
 710 02a5 28       		.byte	40
 711 02a6 01       		.byte	1
 712 02a7 00       		.byte	0
 713 02a8 C2       		.byte	-62
 714 02a9 12       		.byte	18
 715 02aa 01       		.byte	1
 716 02ab 00       		.byte	0
 717 02ac F2       		.byte	-14
 718 02ad FD       		.byte	-3
 719 02ae 00       		.byte	0
 720 02af 00       		.byte	0
 721 02b0 B3       		.byte	-77
 722 02b1 E9       		.byte	-23
 723 02b2 00       		.byte	0
 724 02b3 00       		.byte	0
 725 02b4 19       		.byte	25
 726 02b5 D6       		.byte	-42
 727 02b6 00       		.byte	0
 728 02b7 00       		.byte	0
 729 02b8 33       		.byte	51
 730 02b9 C3       		.byte	-61
 731 02ba 00       		.byte	0
 732 02bb 00       		.byte	0
 733 02bc 11       		.byte	17
 734 02bd B1       		.byte	-79
 735 02be 00       		.byte	0
 736 02bf 00       		.byte	0
 737 02c0 C0       		.byte	-64
 738 02c1 9F       		.byte	-97
 739 02c2 00       		.byte	0
 740 02c3 00       		.byte	0
 741 02c4 4A       		.byte	74
ARM GAS  C:\Users\Luggi\AppData\Local\Temp\ccflqXti.s 			page 14


 742 02c5 8F       		.byte	-113
 743 02c6 00       		.byte	0
 744 02c7 00       		.byte	0
 745 02c8 B7       		.byte	-73
 746 02c9 7F       		.byte	127
 747 02ca 00       		.byte	0
 748 02cb 00       		.byte	0
 749 02cc 10       		.byte	16
 750 02cd 71       		.byte	113
 751 02ce 00       		.byte	0
 752 02cf 00       		.byte	0
 753 02d0 58       		.byte	88
 754 02d1 63       		.byte	99
 755 02d2 00       		.byte	0
 756 02d3 00       		.byte	0
 757 02d4 91       		.byte	-111
 758 02d5 56       		.byte	86
 759 02d6 00       		.byte	0
 760 02d7 00       		.byte	0
 761 02d8 BD       		.byte	-67
 762 02d9 4A       		.byte	74
 763 02da 00       		.byte	0
 764 02db 00       		.byte	0
 765 02dc DB       		.byte	-37
 766 02dd 3F       		.byte	63
 767 02de 00       		.byte	0
 768 02df 00       		.byte	0
 769 02e0 E7       		.byte	-25
 770 02e1 35       		.byte	53
 771 02e2 00       		.byte	0
 772 02e3 00       		.byte	0
 773 02e4 DD       		.byte	-35
 774 02e5 2C       		.byte	44
 775 02e6 00       		.byte	0
 776 02e7 00       		.byte	0
 777 02e8 B5       		.byte	-75
 778 02e9 24       		.byte	36
 779 02ea 00       		.byte	0
 780 02eb 00       		.byte	0
 781 02ec 6A       		.byte	106
 782 02ed 1D       		.byte	29
 783 02ee 00       		.byte	0
 784 02ef 00       		.byte	0
 785 02f0 F0       		.byte	-16
 786 02f1 16       		.byte	22
 787 02f2 00       		.byte	0
 788 02f3 00       		.byte	0
 789 02f4 3E       		.byte	62
 790 02f5 11       		.byte	17
 791 02f6 00       		.byte	0
 792 02f7 00       		.byte	0
 793 02f8 49       		.byte	73
 794 02f9 0C       		.byte	12
 795 02fa 00       		.byte	0
 796 02fb 00       		.byte	0
 797 02fc 03       		.byte	3
 798 02fd 08       		.byte	8
ARM GAS  C:\Users\Luggi\AppData\Local\Temp\ccflqXti.s 			page 15


 799 02fe 00       		.byte	0
 800 02ff 00       		.byte	0
 801 0300 60       		.byte	96
 802 0301 04       		.byte	4
 803 0302 00       		.byte	0
 804 0303 00       		.byte	0
 805 0304 53       		.byte	83
 806 0305 01       		.byte	1
 807 0306 00       		.byte	0
 808 0307 00       		.byte	0
 809 0308 CD       		.byte	-51
 810 0309 FE       		.byte	-2
 811 030a FF       		.byte	-1
 812 030b 00       		.byte	0
 813 030c C0       		.byte	-64
 814 030d FC       		.byte	-4
 815 030e FF       		.byte	-1
 816 030f 00       		.byte	0
 817 0310 1D       		.byte	29
 818 0311 FB       		.byte	-5
 819 0312 FF       		.byte	-1
 820 0313 00       		.byte	0
 821 0314 D6       		.byte	-42
 822 0315 F9       		.byte	-7
 823 0316 FF       		.byte	-1
 824 0317 00       		.byte	0
 825 0318 DE       		.byte	-34
 826 0319 F8       		.byte	-8
 827 031a FF       		.byte	-1
 828 031b 00       		.byte	0
 829 031c 27       		.byte	39
 830 031d F8       		.byte	-8
 831 031e FF       		.byte	-1
 832 031f 00       		.byte	0
 833 0320 A2       		.byte	-94
 834 0321 F7       		.byte	-9
 835 0322 FF       		.byte	-1
 836 0323 00       		.byte	0
 837 0324 45       		.byte	69
 838 0325 F7       		.byte	-9
 839 0326 FF       		.byte	-1
 840 0327 00       		.byte	0
 841 0328 03       		.byte	3
 842 0329 F7       		.byte	-9
 843 032a FF       		.byte	-1
 844 032b 00       		.byte	0
 845 032c D1       		.byte	-47
 846 032d F6       		.byte	-10
 847 032e FF       		.byte	-1
 848 032f 00       		.byte	0
 849 0330 A5       		.byte	-91
 850 0331 F6       		.byte	-10
 851 0332 FF       		.byte	-1
 852 0333 00       		.byte	0
 853 0334 77       		.byte	119
 854 0335 F6       		.byte	-10
 855 0336 FF       		.byte	-1
ARM GAS  C:\Users\Luggi\AppData\Local\Temp\ccflqXti.s 			page 16


 856 0337 00       		.byte	0
 857 0338 3F       		.byte	63
 858 0339 F6       		.byte	-10
 859 033a FF       		.byte	-1
 860 033b 00       		.byte	0
 861 033c F6       		.byte	-10
 862 033d F5       		.byte	-11
 863 033e FF       		.byte	-1
 864 033f 00       		.byte	0
 865              		.type	Filter_data_a, %object
 866              		.size	Filter_data_a, 512
 867              	Filter_data_a:
 868 0340 00000000 		.space	512
 868      00000000 
 868      00000000 
 868      00000000 
 868      00000000 
 869              		.type	Filter_control, %object
 870              		.size	Filter_control, 256
 871              	Filter_control:
 872 0540 20       		.byte	32
 873 0541 13       		.byte	19
 874 0542 00       		.byte	0
 875 0543 25       		.byte	37
 876 0544 61       		.byte	97
 877 0545 17       		.byte	23
 878 0546 80       		.byte	-128
 879 0547 26       		.byte	38
 880 0548 01       		.byte	1
 881 0549 00       		.byte	0
 882 054a 80       		.byte	-128
 883 054b 26       		.byte	38
 884 054c E0       		.byte	-32
 885 054d 0E       		.byte	14
 886 054e 80       		.byte	-128
 887 054f 26       		.byte	38
 888 0550 C2       		.byte	-62
 889 0551 0C       		.byte	12
 890 0552 80       		.byte	-128
 891 0553 26       		.byte	38
 892 0554 02       		.byte	2
 893 0555 00       		.byte	0
 894 0556 80       		.byte	-128
 895 0557 06       		.byte	6
 896 0558 65       		.byte	101
 897 0559 87       		.byte	-121
 898 055a 18       		.byte	24
 899 055b 6D       		.byte	109
 900 055c 64       		.byte	100
 901 055d 09       		.byte	9
 902 055e 18       		.byte	24
 903 055f 3E       		.byte	62
 904 0560 00       		.byte	0
 905 0561 00       		.byte	0
 906 0562 80       		.byte	-128
 907 0563 26       		.byte	38
 908 0564 03       		.byte	3
ARM GAS  C:\Users\Luggi\AppData\Local\Temp\ccflqXti.s 			page 17


 909 0565 20       		.byte	32
 910 0566 80       		.byte	-128
 911 0567 26       		.byte	38
 912 0568 21       		.byte	33
 913 0569 02       		.byte	2
 914 056a 18       		.byte	24
 915 056b 7F       		.byte	127
 916 056c 00       		.byte	0
 917 056d 00       		.byte	0
 918 056e 00       		.byte	0
 919 056f 00       		.byte	0
 920 0570 00       		.byte	0
 921 0571 00       		.byte	0
 922 0572 00       		.byte	0
 923 0573 00       		.byte	0
 924 0574 00       		.byte	0
 925 0575 00       		.byte	0
 926 0576 00       		.byte	0
 927 0577 00       		.byte	0
 928 0578 00       		.byte	0
 929 0579 00       		.byte	0
 930 057a 00       		.byte	0
 931 057b 00       		.byte	0
 932 057c 00       		.byte	0
 933 057d 00       		.byte	0
 934 057e 00       		.byte	0
 935 057f 00       		.byte	0
 936 0580 00       		.byte	0
 937 0581 00       		.byte	0
 938 0582 00       		.byte	0
 939 0583 00       		.byte	0
 940 0584 00       		.byte	0
 941 0585 00       		.byte	0
 942 0586 00       		.byte	0
 943 0587 00       		.byte	0
 944 0588 00       		.byte	0
 945 0589 00       		.byte	0
 946 058a 00       		.byte	0
 947 058b 00       		.byte	0
 948 058c 00       		.byte	0
 949 058d 00       		.byte	0
 950 058e 00       		.byte	0
 951 058f 00       		.byte	0
 952 0590 00       		.byte	0
 953 0591 00       		.byte	0
 954 0592 00       		.byte	0
 955 0593 00       		.byte	0
 956 0594 00       		.byte	0
 957 0595 00       		.byte	0
 958 0596 00       		.byte	0
 959 0597 00       		.byte	0
 960 0598 00       		.byte	0
 961 0599 00       		.byte	0
 962 059a 00       		.byte	0
 963 059b 00       		.byte	0
 964 059c 00       		.byte	0
 965 059d 00       		.byte	0
ARM GAS  C:\Users\Luggi\AppData\Local\Temp\ccflqXti.s 			page 18


 966 059e 00       		.byte	0
 967 059f 00       		.byte	0
 968 05a0 00       		.byte	0
 969 05a1 00       		.byte	0
 970 05a2 00       		.byte	0
 971 05a3 00       		.byte	0
 972 05a4 00       		.byte	0
 973 05a5 00       		.byte	0
 974 05a6 00       		.byte	0
 975 05a7 00       		.byte	0
 976 05a8 00       		.byte	0
 977 05a9 00       		.byte	0
 978 05aa 00       		.byte	0
 979 05ab 00       		.byte	0
 980 05ac 00       		.byte	0
 981 05ad 00       		.byte	0
 982 05ae 00       		.byte	0
 983 05af 00       		.byte	0
 984 05b0 00       		.byte	0
 985 05b1 00       		.byte	0
 986 05b2 00       		.byte	0
 987 05b3 00       		.byte	0
 988 05b4 00       		.byte	0
 989 05b5 00       		.byte	0
 990 05b6 00       		.byte	0
 991 05b7 00       		.byte	0
 992 05b8 00       		.byte	0
 993 05b9 00       		.byte	0
 994 05ba 00       		.byte	0
 995 05bb 00       		.byte	0
 996 05bc 00       		.byte	0
 997 05bd 00       		.byte	0
 998 05be 00       		.byte	0
 999 05bf 00       		.byte	0
 1000 05c0 00       		.byte	0
 1001 05c1 00       		.byte	0
 1002 05c2 00       		.byte	0
 1003 05c3 00       		.byte	0
 1004 05c4 00       		.byte	0
 1005 05c5 00       		.byte	0
 1006 05c6 00       		.byte	0
 1007 05c7 00       		.byte	0
 1008 05c8 00       		.byte	0
 1009 05c9 00       		.byte	0
 1010 05ca 00       		.byte	0
 1011 05cb 00       		.byte	0
 1012 05cc 00       		.byte	0
 1013 05cd 00       		.byte	0
 1014 05ce 00       		.byte	0
 1015 05cf 00       		.byte	0
 1016 05d0 00       		.byte	0
 1017 05d1 00       		.byte	0
 1018 05d2 00       		.byte	0
 1019 05d3 00       		.byte	0
 1020 05d4 00       		.byte	0
 1021 05d5 00       		.byte	0
 1022 05d6 00       		.byte	0
ARM GAS  C:\Users\Luggi\AppData\Local\Temp\ccflqXti.s 			page 19


 1023 05d7 00       		.byte	0
 1024 05d8 00       		.byte	0
 1025 05d9 00       		.byte	0
 1026 05da 00       		.byte	0
 1027 05db 00       		.byte	0
 1028 05dc 00       		.byte	0
 1029 05dd 00       		.byte	0
 1030 05de 00       		.byte	0
 1031 05df 00       		.byte	0
 1032 05e0 00       		.byte	0
 1033 05e1 00       		.byte	0
 1034 05e2 00       		.byte	0
 1035 05e3 00       		.byte	0
 1036 05e4 00       		.byte	0
 1037 05e5 00       		.byte	0
 1038 05e6 00       		.byte	0
 1039 05e7 00       		.byte	0
 1040 05e8 00       		.byte	0
 1041 05e9 00       		.byte	0
 1042 05ea 00       		.byte	0
 1043 05eb 00       		.byte	0
 1044 05ec 00       		.byte	0
 1045 05ed 00       		.byte	0
 1046 05ee 00       		.byte	0
 1047 05ef 00       		.byte	0
 1048 05f0 00       		.byte	0
 1049 05f1 00       		.byte	0
 1050 05f2 00       		.byte	0
 1051 05f3 00       		.byte	0
 1052 05f4 00       		.byte	0
 1053 05f5 00       		.byte	0
 1054 05f6 00       		.byte	0
 1055 05f7 00       		.byte	0
 1056 05f8 00       		.byte	0
 1057 05f9 00       		.byte	0
 1058 05fa 00       		.byte	0
 1059 05fb 00       		.byte	0
 1060 05fc 00       		.byte	0
 1061 05fd 00       		.byte	0
 1062 05fe 00       		.byte	0
 1063 05ff 00       		.byte	0
 1064 0600 00       		.byte	0
 1065 0601 00       		.byte	0
 1066 0602 00       		.byte	0
 1067 0603 00       		.byte	0
 1068 0604 00       		.byte	0
 1069 0605 00       		.byte	0
 1070 0606 00       		.byte	0
 1071 0607 00       		.byte	0
 1072 0608 00       		.byte	0
 1073 0609 00       		.byte	0
 1074 060a 00       		.byte	0
 1075 060b 00       		.byte	0
 1076 060c 00       		.byte	0
 1077 060d 00       		.byte	0
 1078 060e 00       		.byte	0
 1079 060f 00       		.byte	0
ARM GAS  C:\Users\Luggi\AppData\Local\Temp\ccflqXti.s 			page 20


 1080 0610 00       		.byte	0
 1081 0611 00       		.byte	0
 1082 0612 00       		.byte	0
 1083 0613 00       		.byte	0
 1084 0614 00       		.byte	0
 1085 0615 00       		.byte	0
 1086 0616 00       		.byte	0
 1087 0617 00       		.byte	0
 1088 0618 00       		.byte	0
 1089 0619 00       		.byte	0
 1090 061a 00       		.byte	0
 1091 061b 00       		.byte	0
 1092 061c 00       		.byte	0
 1093 061d 00       		.byte	0
 1094 061e 00       		.byte	0
 1095 061f 00       		.byte	0
 1096 0620 00       		.byte	0
 1097 0621 00       		.byte	0
 1098 0622 00       		.byte	0
 1099 0623 00       		.byte	0
 1100 0624 00       		.byte	0
 1101 0625 00       		.byte	0
 1102 0626 00       		.byte	0
 1103 0627 00       		.byte	0
 1104 0628 00       		.byte	0
 1105 0629 00       		.byte	0
 1106 062a 00       		.byte	0
 1107 062b 00       		.byte	0
 1108 062c 00       		.byte	0
 1109 062d 00       		.byte	0
 1110 062e 00       		.byte	0
 1111 062f 00       		.byte	0
 1112 0630 00       		.byte	0
 1113 0631 00       		.byte	0
 1114 0632 00       		.byte	0
 1115 0633 00       		.byte	0
 1116 0634 00       		.byte	0
 1117 0635 00       		.byte	0
 1118 0636 00       		.byte	0
 1119 0637 00       		.byte	0
 1120 0638 00       		.byte	0
 1121 0639 00       		.byte	0
 1122 063a 00       		.byte	0
 1123 063b 00       		.byte	0
 1124 063c 00       		.byte	0
 1125 063d 00       		.byte	0
 1126 063e 00       		.byte	0
 1127 063f 00       		.byte	0
 1128              		.text
 1129              	.Letext0:
 1130              		.file 1 "Generated_Source\\PSoC5\\Filter_RAM_Data.c"
 1131              		.file 2 "Generated_Source\\PSoC5\\cytypes.h"
 1132              		.section	.debug_info,"",%progbits
 1133              	.Ldebug_info0:
 1134 0000 27010000 		.4byte	0x127
 1135 0004 0400     		.2byte	0x4
 1136 0006 00000000 		.4byte	.Ldebug_abbrev0
ARM GAS  C:\Users\Luggi\AppData\Local\Temp\ccflqXti.s 			page 21


 1137 000a 04       		.byte	0x4
 1138 000b 01       		.uleb128 0x1
 1139 000c 1C010000 		.4byte	.LASF18
 1140 0010 01       		.byte	0x1
 1141 0011 D7000000 		.4byte	.LASF19
 1142 0015 1B000000 		.4byte	.LASF20
 1143 0019 00000000 		.4byte	.Ldebug_line0
 1144 001d 02       		.uleb128 0x2
 1145 001e 04       		.byte	0x4
 1146 001f 05       		.byte	0x5
 1147 0020 696E7400 		.ascii	"int\000"
 1148 0024 03       		.uleb128 0x3
 1149 0025 04       		.byte	0x4
 1150 0026 07       		.byte	0x7
 1151 0027 0E000000 		.4byte	.LASF0
 1152 002b 03       		.uleb128 0x3
 1153 002c 01       		.byte	0x1
 1154 002d 06       		.byte	0x6
 1155 002e E0010000 		.4byte	.LASF1
 1156 0032 03       		.uleb128 0x3
 1157 0033 01       		.byte	0x1
 1158 0034 08       		.byte	0x8
 1159 0035 00010000 		.4byte	.LASF2
 1160 0039 03       		.uleb128 0x3
 1161 003a 02       		.byte	0x2
 1162 003b 05       		.byte	0x5
 1163 003c 01020000 		.4byte	.LASF3
 1164 0040 03       		.uleb128 0x3
 1165 0041 02       		.byte	0x2
 1166 0042 07       		.byte	0x7
 1167 0043 CD010000 		.4byte	.LASF4
 1168 0047 03       		.uleb128 0x3
 1169 0048 04       		.byte	0x4
 1170 0049 05       		.byte	0x5
 1171 004a 13010000 		.4byte	.LASF5
 1172 004e 03       		.uleb128 0x3
 1173 004f 04       		.byte	0x4
 1174 0050 07       		.byte	0x7
 1175 0051 AE000000 		.4byte	.LASF6
 1176 0055 03       		.uleb128 0x3
 1177 0056 08       		.byte	0x8
 1178 0057 05       		.byte	0x5
 1179 0058 00000000 		.4byte	.LASF7
 1180 005c 03       		.uleb128 0x3
 1181 005d 08       		.byte	0x8
 1182 005e 07       		.byte	0x7
 1183 005f C0000000 		.4byte	.LASF8
 1184 0063 03       		.uleb128 0x3
 1185 0064 04       		.byte	0x4
 1186 0065 07       		.byte	0x7
 1187 0066 17020000 		.4byte	.LASF9
 1188 006a 03       		.uleb128 0x3
 1189 006b 01       		.byte	0x1
 1190 006c 08       		.byte	0x8
 1191 006d 0E010000 		.4byte	.LASF10
 1192 0071 04       		.uleb128 0x4
 1193 0072 A8000000 		.4byte	.LASF21
ARM GAS  C:\Users\Luggi\AppData\Local\Temp\ccflqXti.s 			page 22


 1194 0076 02       		.byte	0x2
 1195 0077 9201     		.2byte	0x192
 1196 0079 32000000 		.4byte	0x32
 1197 007d 03       		.uleb128 0x3
 1198 007e 04       		.byte	0x4
 1199 007f 04       		.byte	0x4
 1200 0080 FB010000 		.4byte	.LASF11
 1201 0084 03       		.uleb128 0x3
 1202 0085 08       		.byte	0x8
 1203 0086 04       		.byte	0x4
 1204 0087 AA010000 		.4byte	.LASF12
 1205 008b 05       		.uleb128 0x5
 1206 008c 71000000 		.4byte	0x71
 1207 0090 9B000000 		.4byte	0x9b
 1208 0094 06       		.uleb128 0x6
 1209 0095 63000000 		.4byte	0x63
 1210 0099 3F       		.byte	0x3f
 1211 009a 00       		.byte	0
 1212 009b 05       		.uleb128 0x5
 1213 009c 71000000 		.4byte	0x71
 1214 00a0 AB000000 		.4byte	0xab
 1215 00a4 06       		.uleb128 0x6
 1216 00a5 63000000 		.4byte	0x63
 1217 00a9 FF       		.byte	0xff
 1218 00aa 00       		.byte	0
 1219 00ab 07       		.uleb128 0x7
 1220 00ac EC010000 		.4byte	.LASF13
 1221 00b0 01       		.byte	0x1
 1222 00b1 04       		.byte	0x4
 1223 00b2 BC000000 		.4byte	0xbc
 1224 00b6 05       		.uleb128 0x5
 1225 00b7 03       		.byte	0x3
 1226 00b8 00000000 		.4byte	Filter_control
 1227 00bc 08       		.uleb128 0x8
 1228 00bd 9B000000 		.4byte	0x9b
 1229 00c1 05       		.uleb128 0x5
 1230 00c2 71000000 		.4byte	0x71
 1231 00c6 D2000000 		.4byte	0xd2
 1232 00ca 09       		.uleb128 0x9
 1233 00cb 63000000 		.4byte	0x63
 1234 00cf FF01     		.2byte	0x1ff
 1235 00d1 00       		.byte	0
 1236 00d2 07       		.uleb128 0x7
 1237 00d3 B1010000 		.4byte	.LASF14
 1238 00d7 01       		.byte	0x1
 1239 00d8 28       		.byte	0x28
 1240 00d9 E3000000 		.4byte	0xe3
 1241 00dd 05       		.uleb128 0x5
 1242 00de 03       		.byte	0x3
 1243 00df 00000000 		.4byte	Filter_data_a
 1244 00e3 08       		.uleb128 0x8
 1245 00e4 C1000000 		.4byte	0xc1
 1246 00e8 07       		.uleb128 0x7
 1247 00e9 BF010000 		.4byte	.LASF15
 1248 00ed 01       		.byte	0x1
 1249 00ee 6C       		.byte	0x6c
 1250 00ef F9000000 		.4byte	0xf9
ARM GAS  C:\Users\Luggi\AppData\Local\Temp\ccflqXti.s 			page 23


 1251 00f3 05       		.uleb128 0x5
 1252 00f4 03       		.byte	0x3
 1253 00f5 00000000 		.4byte	Filter_data_b
 1254 00f9 08       		.uleb128 0x8
 1255 00fa C1000000 		.4byte	0xc1
 1256 00fe 07       		.uleb128 0x7
 1257 00ff 0B020000 		.4byte	.LASF16
 1258 0103 01       		.byte	0x1
 1259 0104 BC       		.byte	0xbc
 1260 0105 0F010000 		.4byte	0x10f
 1261 0109 05       		.uleb128 0x5
 1262 010a 03       		.byte	0x3
 1263 010b 00000000 		.4byte	Filter_cfsm
 1264 010f 08       		.uleb128 0x8
 1265 0110 9B000000 		.4byte	0x9b
 1266 0114 07       		.uleb128 0x7
 1267 0115 9D000000 		.4byte	.LASF17
 1268 0119 01       		.byte	0x1
 1269 011a B0       		.byte	0xb0
 1270 011b 25010000 		.4byte	0x125
 1271 011f 05       		.uleb128 0x5
 1272 0120 03       		.byte	0x3
 1273 0121 00000000 		.4byte	Filter_acu
 1274 0125 08       		.uleb128 0x8
 1275 0126 8B000000 		.4byte	0x8b
 1276 012a 00       		.byte	0
 1277              		.section	.debug_abbrev,"",%progbits
 1278              	.Ldebug_abbrev0:
 1279 0000 01       		.uleb128 0x1
 1280 0001 11       		.uleb128 0x11
 1281 0002 01       		.byte	0x1
 1282 0003 25       		.uleb128 0x25
 1283 0004 0E       		.uleb128 0xe
 1284 0005 13       		.uleb128 0x13
 1285 0006 0B       		.uleb128 0xb
 1286 0007 03       		.uleb128 0x3
 1287 0008 0E       		.uleb128 0xe
 1288 0009 1B       		.uleb128 0x1b
 1289 000a 0E       		.uleb128 0xe
 1290 000b 10       		.uleb128 0x10
 1291 000c 17       		.uleb128 0x17
 1292 000d 00       		.byte	0
 1293 000e 00       		.byte	0
 1294 000f 02       		.uleb128 0x2
 1295 0010 24       		.uleb128 0x24
 1296 0011 00       		.byte	0
 1297 0012 0B       		.uleb128 0xb
 1298 0013 0B       		.uleb128 0xb
 1299 0014 3E       		.uleb128 0x3e
 1300 0015 0B       		.uleb128 0xb
 1301 0016 03       		.uleb128 0x3
 1302 0017 08       		.uleb128 0x8
 1303 0018 00       		.byte	0
 1304 0019 00       		.byte	0
 1305 001a 03       		.uleb128 0x3
 1306 001b 24       		.uleb128 0x24
 1307 001c 00       		.byte	0
ARM GAS  C:\Users\Luggi\AppData\Local\Temp\ccflqXti.s 			page 24


 1308 001d 0B       		.uleb128 0xb
 1309 001e 0B       		.uleb128 0xb
 1310 001f 3E       		.uleb128 0x3e
 1311 0020 0B       		.uleb128 0xb
 1312 0021 03       		.uleb128 0x3
 1313 0022 0E       		.uleb128 0xe
 1314 0023 00       		.byte	0
 1315 0024 00       		.byte	0
 1316 0025 04       		.uleb128 0x4
 1317 0026 16       		.uleb128 0x16
 1318 0027 00       		.byte	0
 1319 0028 03       		.uleb128 0x3
 1320 0029 0E       		.uleb128 0xe
 1321 002a 3A       		.uleb128 0x3a
 1322 002b 0B       		.uleb128 0xb
 1323 002c 3B       		.uleb128 0x3b
 1324 002d 05       		.uleb128 0x5
 1325 002e 49       		.uleb128 0x49
 1326 002f 13       		.uleb128 0x13
 1327 0030 00       		.byte	0
 1328 0031 00       		.byte	0
 1329 0032 05       		.uleb128 0x5
 1330 0033 01       		.uleb128 0x1
 1331 0034 01       		.byte	0x1
 1332 0035 49       		.uleb128 0x49
 1333 0036 13       		.uleb128 0x13
 1334 0037 01       		.uleb128 0x1
 1335 0038 13       		.uleb128 0x13
 1336 0039 00       		.byte	0
 1337 003a 00       		.byte	0
 1338 003b 06       		.uleb128 0x6
 1339 003c 21       		.uleb128 0x21
 1340 003d 00       		.byte	0
 1341 003e 49       		.uleb128 0x49
 1342 003f 13       		.uleb128 0x13
 1343 0040 2F       		.uleb128 0x2f
 1344 0041 0B       		.uleb128 0xb
 1345 0042 00       		.byte	0
 1346 0043 00       		.byte	0
 1347 0044 07       		.uleb128 0x7
 1348 0045 34       		.uleb128 0x34
 1349 0046 00       		.byte	0
 1350 0047 03       		.uleb128 0x3
 1351 0048 0E       		.uleb128 0xe
 1352 0049 3A       		.uleb128 0x3a
 1353 004a 0B       		.uleb128 0xb
 1354 004b 3B       		.uleb128 0x3b
 1355 004c 0B       		.uleb128 0xb
 1356 004d 49       		.uleb128 0x49
 1357 004e 13       		.uleb128 0x13
 1358 004f 3F       		.uleb128 0x3f
 1359 0050 19       		.uleb128 0x19
 1360 0051 02       		.uleb128 0x2
 1361 0052 18       		.uleb128 0x18
 1362 0053 00       		.byte	0
 1363 0054 00       		.byte	0
 1364 0055 08       		.uleb128 0x8
ARM GAS  C:\Users\Luggi\AppData\Local\Temp\ccflqXti.s 			page 25


 1365 0056 26       		.uleb128 0x26
 1366 0057 00       		.byte	0
 1367 0058 49       		.uleb128 0x49
 1368 0059 13       		.uleb128 0x13
 1369 005a 00       		.byte	0
 1370 005b 00       		.byte	0
 1371 005c 09       		.uleb128 0x9
 1372 005d 21       		.uleb128 0x21
 1373 005e 00       		.byte	0
 1374 005f 49       		.uleb128 0x49
 1375 0060 13       		.uleb128 0x13
 1376 0061 2F       		.uleb128 0x2f
 1377 0062 05       		.uleb128 0x5
 1378 0063 00       		.byte	0
 1379 0064 00       		.byte	0
 1380 0065 00       		.byte	0
 1381              		.section	.debug_aranges,"",%progbits
 1382 0000 14000000 		.4byte	0x14
 1383 0004 0200     		.2byte	0x2
 1384 0006 00000000 		.4byte	.Ldebug_info0
 1385 000a 04       		.byte	0x4
 1386 000b 00       		.byte	0
 1387 000c 0000     		.2byte	0
 1388 000e 0000     		.2byte	0
 1389 0010 00000000 		.4byte	0
 1390 0014 00000000 		.4byte	0
 1391              		.section	.debug_line,"",%progbits
 1392              	.Ldebug_line0:
 1393 0000 52000000 		.section	.debug_str,"MS",%progbits,1
 1393      02004C00 
 1393      00000201 
 1393      FB0E0D00 
 1393      01010101 
 1394              	.LASF7:
 1395 0000 6C6F6E67 		.ascii	"long long int\000"
 1395      206C6F6E 
 1395      6720696E 
 1395      7400
 1396              	.LASF0:
 1397 000e 756E7369 		.ascii	"unsigned int\000"
 1397      676E6564 
 1397      20696E74 
 1397      00
 1398              	.LASF20:
 1399 001b 433A5C55 		.ascii	"C:\\Users\\Luggi\\Desktop\\Aktuelles Projekt Laser_"
 1399      73657273 
 1399      5C4C7567 
 1399      67695C44 
 1399      65736B74 
 1400 004a 73636875 		.ascii	"schutzschaltung\\Aktuelles Projekt Laser_schutzscha"
 1400      747A7363 
 1400      68616C74 
 1400      756E675C 
 1400      416B7475 
 1401 007c 6C74756E 		.ascii	"ltung\\Laserschutzschaltung.cydsn\000"
 1401      675C4C61 
 1401      73657273 
ARM GAS  C:\Users\Luggi\AppData\Local\Temp\ccflqXti.s 			page 26


 1401      63687574 
 1401      7A736368 
 1402              	.LASF17:
 1403 009d 46696C74 		.ascii	"Filter_acu\000"
 1403      65725F61 
 1403      637500
 1404              	.LASF21:
 1405 00a8 75696E74 		.ascii	"uint8\000"
 1405      3800
 1406              	.LASF6:
 1407 00ae 6C6F6E67 		.ascii	"long unsigned int\000"
 1407      20756E73 
 1407      69676E65 
 1407      6420696E 
 1407      7400
 1408              	.LASF8:
 1409 00c0 6C6F6E67 		.ascii	"long long unsigned int\000"
 1409      206C6F6E 
 1409      6720756E 
 1409      7369676E 
 1409      65642069 
 1410              	.LASF19:
 1411 00d7 47656E65 		.ascii	"Generated_Source\\PSoC5\\Filter_RAM_Data.c\000"
 1411      72617465 
 1411      645F536F 
 1411      75726365 
 1411      5C50536F 
 1412              	.LASF2:
 1413 0100 756E7369 		.ascii	"unsigned char\000"
 1413      676E6564 
 1413      20636861 
 1413      7200
 1414              	.LASF10:
 1415 010e 63686172 		.ascii	"char\000"
 1415      00
 1416              	.LASF5:
 1417 0113 6C6F6E67 		.ascii	"long int\000"
 1417      20696E74 
 1417      00
 1418              	.LASF18:
 1419 011c 474E5520 		.ascii	"GNU C 4.9.3 20150303 (release) [ARM/embedded-4_9-br"
 1419      4320342E 
 1419      392E3320 
 1419      32303135 
 1419      30333033 
 1420 014f 616E6368 		.ascii	"anch revision 221220] -mcpu=cortex-m3 -mthumb -g -O"
 1420      20726576 
 1420      6973696F 
 1420      6E203232 
 1420      31323230 
 1421 0182 73202D66 		.ascii	"s -ffunction-sections -ffat-lto-objects\000"
 1421      66756E63 
 1421      74696F6E 
 1421      2D736563 
 1421      74696F6E 
 1422              	.LASF12:
 1423 01aa 646F7562 		.ascii	"double\000"
ARM GAS  C:\Users\Luggi\AppData\Local\Temp\ccflqXti.s 			page 27


 1423      6C6500
 1424              	.LASF14:
 1425 01b1 46696C74 		.ascii	"Filter_data_a\000"
 1425      65725F64 
 1425      6174615F 
 1425      6100
 1426              	.LASF15:
 1427 01bf 46696C74 		.ascii	"Filter_data_b\000"
 1427      65725F64 
 1427      6174615F 
 1427      6200
 1428              	.LASF4:
 1429 01cd 73686F72 		.ascii	"short unsigned int\000"
 1429      7420756E 
 1429      7369676E 
 1429      65642069 
 1429      6E7400
 1430              	.LASF1:
 1431 01e0 7369676E 		.ascii	"signed char\000"
 1431      65642063 
 1431      68617200 
 1432              	.LASF13:
 1433 01ec 46696C74 		.ascii	"Filter_control\000"
 1433      65725F63 
 1433      6F6E7472 
 1433      6F6C00
 1434              	.LASF11:
 1435 01fb 666C6F61 		.ascii	"float\000"
 1435      7400
 1436              	.LASF3:
 1437 0201 73686F72 		.ascii	"short int\000"
 1437      7420696E 
 1437      7400
 1438              	.LASF16:
 1439 020b 46696C74 		.ascii	"Filter_cfsm\000"
 1439      65725F63 
 1439      66736D00 
 1440              	.LASF9:
 1441 0217 73697A65 		.ascii	"sizetype\000"
 1441      74797065 
 1441      00
 1442              		.ident	"GCC: (GNU Tools for ARM Embedded Processors) 4.9.3 20150303 (release) [ARM/embedded-4_9-br
