ARM GAS  C:\Users\Luggi\AppData\Local\Temp\cctHa1rz.s 			page 1


   1              		.syntax unified
   2              		.cpu cortex-m3
   3              		.fpu softvfp
   4              		.eabi_attribute 20, 1
   5              		.eabi_attribute 21, 1
   6              		.eabi_attribute 23, 3
   7              		.eabi_attribute 24, 1
   8              		.eabi_attribute 25, 1
   9              		.eabi_attribute 26, 1
  10              		.eabi_attribute 30, 4
  11              		.eabi_attribute 34, 1
  12              		.eabi_attribute 18, 4
  13              		.thumb
  14              		.file	"pid.c"
  15              		.text
  16              	.Ltext0:
  17              		.cfi_sections	.debug_frame
  18              		.section	.text.pid_init,"ax",%progbits
  19              		.align	1
  20              		.global	pid_init
  21              		.thumb
  22              		.thumb_func
  23              		.type	pid_init, %function
  24              	pid_init:
  25              	.LFB0:
  26              		.file 1 "pid.c"
   1:pid.c         **** /* ========================================
   2:pid.c         ****  *
   3:pid.c         ****  * Copyright YOUR COMPANY, THE YEAR
   4:pid.c         ****  * All Rights Reserved
   5:pid.c         ****  * UNPUBLISHED, LICENSED SOFTWARE.
   6:pid.c         ****  *
   7:pid.c         ****  * CONFIDENTIAL AND PROPRIETARY INFORMATION
   8:pid.c         ****  * WHICH IS THE PROPERTY OF your company.
   9:pid.c         ****  *
  10:pid.c         ****  * ========================================
  11:pid.c         **** */
  12:pid.c         **** #include "pid.h"
  13:pid.c         **** 
  14:pid.c         **** /* 
  15:pid.c         **** Pid initialisation 
  16:pid.c         **** P = P/10
  17:pid.c         **** I = I/100
  18:pid.c         **** D = D/100
  19:pid.c         **** */
  20:pid.c         **** void pid_init(pid *pidData, outputFunctionPtr outputPtr)
  21:pid.c         **** {
  27              		.loc 1 21 0
  28              		.cfi_startproc
  29              		@ args = 0, pretend = 0, frame = 0
  30              		@ frame_needed = 0, uses_anonymous_args = 0
  31              		@ link register save eliminated.
  32              	.LVL0:
  22:pid.c         **** 	pidData->Iterm = 0;
  33              		.loc 1 22 0
  34 0000 0023     		movs	r3, #0
  35 0002 C360     		str	r3, [r0, #12]
ARM GAS  C:\Users\Luggi\AppData\Local\Temp\cctHa1rz.s 			page 2


  23:pid.c         **** 	pidData->old_pv = 0;	
  36              		.loc 1 23 0
  37 0004 0361     		str	r3, [r0, #16]
  24:pid.c         **** 	pidData->write = outputPtr;
  38              		.loc 1 24 0
  39 0006 8161     		str	r1, [r0, #24]
  40 0008 7047     		bx	lr
  41              		.cfi_endproc
  42              	.LFE0:
  43              		.size	pid_init, .-pid_init
  44              		.section	.text.pid_calc,"ax",%progbits
  45              		.align	1
  46              		.global	pid_calc
  47              		.thumb
  48              		.thumb_func
  49              		.type	pid_calc, %function
  50              	pid_calc:
  51              	.LFB1:
  25:pid.c         **** }
  26:pid.c         **** 
  27:pid.c         **** void pid_calc(pid *pidData, int32_t sp, int32_t pv, int32_t deltaTms)
  28:pid.c         **** {
  52              		.loc 1 28 0
  53              		.cfi_startproc
  54              		@ args = 0, pretend = 0, frame = 0
  55              		@ frame_needed = 0, uses_anonymous_args = 0
  56              	.LVL1:
  57 0000 70B5     		push	{r4, r5, r6, lr}
  58              		.cfi_def_cfa_offset 16
  59              		.cfi_offset 4, -16
  60              		.cfi_offset 5, -12
  61              		.cfi_offset 6, -8
  62              		.cfi_offset 14, -4
  29:pid.c         **** 	int32_t error, output;
  30:pid.c         **** 	
  31:pid.c         **** 	error = sp - pv;
  32:pid.c         ****     
  33:pid.c         **** 	pidData->Iterm += error * pidData->I;
  63              		.loc 1 33 0
  64 0002 C468     		ldr	r4, [r0, #12]
  65 0004 4668     		ldr	r6, [r0, #4]
  31:pid.c         ****     
  66              		.loc 1 31 0
  67 0006 891A     		subs	r1, r1, r2
  68              	.LVL2:
  69              		.loc 1 33 0
  70 0008 06FB0146 		mla	r6, r6, r1, r4
  34:pid.c         **** 	pidData->Iterm = constrain(-pidData->windup, pidData->windup, pidData->Iterm);
  71              		.loc 1 34 0
  72 000c 4469     		ldr	r4, [r0, #20]
  73              	.LVL3:
  74              	.LBB4:
  75              	.LBB5:
  35:pid.c         **** 	
  36:pid.c         **** 	output = ((error * pidData->P) / 10) + ((pidData->Iterm * deltaTms) / (1000 * 100))  - (((pv - pid
  37:pid.c         **** 	
  38:pid.c         **** 	pidData->old_pv = pv;
ARM GAS  C:\Users\Luggi\AppData\Local\Temp\cctHa1rz.s 			page 3


  39:pid.c         **** 	
  40:pid.c         **** 	pidData->write(output);
  41:pid.c         ****     //pidData->write(0);
  42:pid.c         **** }
  43:pid.c         **** 
  44:pid.c         **** int32_t constrain(int32_t min, int32_t max, int32_t value)
  45:pid.c         **** {
  46:pid.c         **** 	if(value > max)
  76              		.loc 1 46 0
  77 000e A642     		cmp	r6, r4
  78 0010 03DC     		bgt	.L3
  79              	.LBE5:
  80              	.LBE4:
  34:pid.c         **** 	pidData->Iterm = constrain(-pidData->windup, pidData->windup, pidData->Iterm);
  81              		.loc 1 34 0
  82 0012 6442     		negs	r4, r4
  83              	.LVL4:
  84 0014 B442     		cmp	r4, r6
  85 0016 B8BF     		it	lt
  86 0018 3446     		movlt	r4, r6
  87              	.LVL5:
  88              	.L3:
  36:pid.c         **** 	
  89              		.loc 1 36 0
  90 001a 0568     		ldr	r5, [r0]
  34:pid.c         **** 	pidData->Iterm = constrain(-pidData->windup, pidData->windup, pidData->Iterm);
  91              		.loc 1 34 0
  92 001c C460     		str	r4, [r0, #12]
  36:pid.c         **** 	
  93              		.loc 1 36 0
  94 001e 6943     		muls	r1, r5, r1
  95              	.LVL6:
  96 0020 03FB04F5 		mul	r5, r3, r4
  97 0024 094C     		ldr	r4, .L5
  98              	.LVL7:
  99 0026 0A26     		movs	r6, #10
 100 0028 91FBF6F1 		sdiv	r1, r1, r6
 101 002c 95FBF4F4 		sdiv	r4, r5, r4
 102 0030 0C44     		add	r4, r4, r1
 103 0032 0169     		ldr	r1, [r0, #16]
  38:pid.c         **** 	
 104              		.loc 1 38 0
 105 0034 0261     		str	r2, [r0, #16]
  36:pid.c         **** 	
 106              		.loc 1 36 0
 107 0036 551A     		subs	r5, r2, r1
 108 0038 8168     		ldr	r1, [r0, #8]
  40:pid.c         ****     //pidData->write(0);
 109              		.loc 1 40 0
 110 003a 8269     		ldr	r2, [r0, #24]
 111              	.LVL8:
  36:pid.c         **** 	
 112              		.loc 1 36 0
 113 003c 6943     		muls	r1, r5, r1
 114 003e 4E43     		muls	r6, r1, r6
 115 0040 96FBF3F3 		sdiv	r3, r6, r3
 116              	.LVL9:
ARM GAS  C:\Users\Luggi\AppData\Local\Temp\cctHa1rz.s 			page 4


  40:pid.c         ****     //pidData->write(0);
 117              		.loc 1 40 0
 118 0044 E01A     		subs	r0, r4, r3
 119              	.LVL10:
  42:pid.c         **** 
 120              		.loc 1 42 0
 121 0046 BDE87040 		pop	{r4, r5, r6, lr}
 122              		.cfi_restore 14
 123              		.cfi_restore 6
 124              		.cfi_restore 5
 125              		.cfi_restore 4
 126              		.cfi_def_cfa_offset 0
  40:pid.c         ****     //pidData->write(0);
 127              		.loc 1 40 0
 128 004a 1047     		bx	r2	@ indirect register sibling call
 129              	.LVL11:
 130              	.L6:
 131              		.align	2
 132              	.L5:
 133 004c A0860100 		.word	100000
 134              		.cfi_endproc
 135              	.LFE1:
 136              		.size	pid_calc, .-pid_calc
 137              		.section	.text.constrain,"ax",%progbits
 138              		.align	1
 139              		.global	constrain
 140              		.thumb
 141              		.thumb_func
 142              		.type	constrain, %function
 143              	constrain:
 144              	.LFB2:
  45:pid.c         **** 	if(value > max)
 145              		.loc 1 45 0
 146              		.cfi_startproc
 147              		@ args = 0, pretend = 0, frame = 0
 148              		@ frame_needed = 0, uses_anonymous_args = 0
 149              		@ link register save eliminated.
 150              	.LVL12:
 151              		.loc 1 46 0
 152 0000 8A42     		cmp	r2, r1
 153 0002 03DC     		bgt	.L9
 154 0004 9042     		cmp	r0, r2
 155 0006 B8BF     		it	lt
 156 0008 1046     		movlt	r0, r2
 157              	.LVL13:
 158 000a 7047     		bx	lr
 159              	.LVL14:
 160              	.L9:
 161 000c 0846     		mov	r0, r1
 162              	.LVL15:
  47:pid.c         **** 		value = max;
  48:pid.c         **** 	else if(value < min)
  49:pid.c         **** 		value = min;
  50:pid.c         **** 	
  51:pid.c         **** 	return value;
  52:pid.c         **** }
 163              		.loc 1 52 0
ARM GAS  C:\Users\Luggi\AppData\Local\Temp\cctHa1rz.s 			page 5


 164 000e 7047     		bx	lr
 165              		.cfi_endproc
 166              	.LFE2:
 167              		.size	constrain, .-constrain
 168              		.text
 169              	.Letext0:
 170              		.file 2 "c:\\program files\\cypress\\psoc creator\\4.0\\psoc creator\\import\\gnu\\arm\\4.9.3\\arm
 171              		.file 3 "c:\\program files\\cypress\\psoc creator\\4.0\\psoc creator\\import\\gnu\\arm\\4.9.3\\arm
 172              		.file 4 "pid.h"
 173              		.section	.debug_info,"",%progbits
 174              	.Ldebug_info0:
 175 0000 2A020000 		.4byte	0x22a
 176 0004 0400     		.2byte	0x4
 177 0006 00000000 		.4byte	.Ldebug_abbrev0
 178 000a 04       		.byte	0x4
 179 000b 01       		.uleb128 0x1
 180 000c 7F010000 		.4byte	.LASF22
 181 0010 01       		.byte	0x1
 182 0011 32000000 		.4byte	.LASF23
 183 0015 E3000000 		.4byte	.LASF24
 184 0019 00000000 		.4byte	.Ldebug_ranges0+0
 185 001d 00000000 		.4byte	0
 186 0021 00000000 		.4byte	.Ldebug_line0
 187 0025 02       		.uleb128 0x2
 188 0026 01       		.byte	0x1
 189 0027 06       		.byte	0x6
 190 0028 16020000 		.4byte	.LASF0
 191 002c 02       		.uleb128 0x2
 192 002d 01       		.byte	0x1
 193 002e 08       		.byte	0x8
 194 002f 4B000000 		.4byte	.LASF1
 195 0033 02       		.uleb128 0x2
 196 0034 02       		.byte	0x2
 197 0035 05       		.byte	0x5
 198 0036 6E010000 		.4byte	.LASF2
 199 003a 02       		.uleb128 0x2
 200 003b 02       		.byte	0x2
 201 003c 07       		.byte	0x7
 202 003d 71000000 		.4byte	.LASF3
 203 0041 03       		.uleb128 0x3
 204 0042 28000000 		.4byte	.LASF9
 205 0046 02       		.byte	0x2
 206 0047 3F       		.byte	0x3f
 207 0048 4C000000 		.4byte	0x4c
 208 004c 02       		.uleb128 0x2
 209 004d 04       		.byte	0x4
 210 004e 05       		.byte	0x5
 211 004f 0D020000 		.4byte	.LASF4
 212 0053 02       		.uleb128 0x2
 213 0054 04       		.byte	0x4
 214 0055 07       		.byte	0x7
 215 0056 5F000000 		.4byte	.LASF5
 216 005a 02       		.uleb128 0x2
 217 005b 08       		.byte	0x8
 218 005c 05       		.byte	0x5
 219 005d D5000000 		.4byte	.LASF6
 220 0061 02       		.uleb128 0x2
ARM GAS  C:\Users\Luggi\AppData\Local\Temp\cctHa1rz.s 			page 6


 221 0062 08       		.byte	0x8
 222 0063 07       		.byte	0x7
 223 0064 A7000000 		.4byte	.LASF7
 224 0068 04       		.uleb128 0x4
 225 0069 04       		.byte	0x4
 226 006a 05       		.byte	0x5
 227 006b 696E7400 		.ascii	"int\000"
 228 006f 02       		.uleb128 0x2
 229 0070 04       		.byte	0x4
 230 0071 07       		.byte	0x7
 231 0072 9A000000 		.4byte	.LASF8
 232 0076 03       		.uleb128 0x3
 233 0077 C6000000 		.4byte	.LASF10
 234 007b 03       		.byte	0x3
 235 007c 2C       		.byte	0x2c
 236 007d 41000000 		.4byte	0x41
 237 0081 03       		.uleb128 0x3
 238 0082 07000000 		.4byte	.LASF11
 239 0086 04       		.byte	0x4
 240 0087 0E       		.byte	0xe
 241 0088 8C000000 		.4byte	0x8c
 242 008c 05       		.uleb128 0x5
 243 008d 04       		.byte	0x4
 244 008e 92000000 		.4byte	0x92
 245 0092 06       		.uleb128 0x6
 246 0093 9D000000 		.4byte	0x9d
 247 0097 07       		.uleb128 0x7
 248 0098 76000000 		.4byte	0x76
 249 009c 00       		.byte	0
 250 009d 08       		.uleb128 0x8
 251 009e 70696400 		.ascii	"pid\000"
 252 00a2 1C       		.byte	0x1c
 253 00a3 04       		.byte	0x4
 254 00a4 10       		.byte	0x10
 255 00a5 F8000000 		.4byte	0xf8
 256 00a9 09       		.uleb128 0x9
 257 00aa 5000     		.ascii	"P\000"
 258 00ac 04       		.byte	0x4
 259 00ad 12       		.byte	0x12
 260 00ae 76000000 		.4byte	0x76
 261 00b2 00       		.byte	0
 262 00b3 09       		.uleb128 0x9
 263 00b4 4900     		.ascii	"I\000"
 264 00b6 04       		.byte	0x4
 265 00b7 13       		.byte	0x13
 266 00b8 76000000 		.4byte	0x76
 267 00bc 04       		.byte	0x4
 268 00bd 09       		.uleb128 0x9
 269 00be 4400     		.ascii	"D\000"
 270 00c0 04       		.byte	0x4
 271 00c1 14       		.byte	0x14
 272 00c2 76000000 		.4byte	0x76
 273 00c6 08       		.byte	0x8
 274 00c7 0A       		.uleb128 0xa
 275 00c8 59000000 		.4byte	.LASF12
 276 00cc 04       		.byte	0x4
 277 00cd 15       		.byte	0x15
ARM GAS  C:\Users\Luggi\AppData\Local\Temp\cctHa1rz.s 			page 7


 278 00ce 76000000 		.4byte	0x76
 279 00d2 0C       		.byte	0xc
 280 00d3 0A       		.uleb128 0xa
 281 00d4 CE000000 		.4byte	.LASF13
 282 00d8 04       		.byte	0x4
 283 00d9 16       		.byte	0x16
 284 00da 76000000 		.4byte	0x76
 285 00de 10       		.byte	0x10
 286 00df 0A       		.uleb128 0xa
 287 00e0 00000000 		.4byte	.LASF14
 288 00e4 04       		.byte	0x4
 289 00e5 17       		.byte	0x17
 290 00e6 76000000 		.4byte	0x76
 291 00ea 14       		.byte	0x14
 292 00eb 0A       		.uleb128 0xa
 293 00ec 84000000 		.4byte	.LASF15
 294 00f0 04       		.byte	0x4
 295 00f1 18       		.byte	0x18
 296 00f2 81000000 		.4byte	0x81
 297 00f6 18       		.byte	0x18
 298 00f7 00       		.byte	0
 299 00f8 0B       		.uleb128 0xb
 300 00f9 70696400 		.ascii	"pid\000"
 301 00fd 04       		.byte	0x4
 302 00fe 19       		.byte	0x19
 303 00ff 9D000000 		.4byte	0x9d
 304 0103 0C       		.uleb128 0xc
 305 0104 90000000 		.4byte	.LASF25
 306 0108 01       		.byte	0x1
 307 0109 2C       		.byte	0x2c
 308 010a 76000000 		.4byte	0x76
 309 010e 01       		.byte	0x1
 310 010f 35010000 		.4byte	0x135
 311 0113 0D       		.uleb128 0xd
 312 0114 6D696E00 		.ascii	"min\000"
 313 0118 01       		.byte	0x1
 314 0119 2C       		.byte	0x2c
 315 011a 76000000 		.4byte	0x76
 316 011e 0D       		.uleb128 0xd
 317 011f 6D617800 		.ascii	"max\000"
 318 0123 01       		.byte	0x1
 319 0124 2C       		.byte	0x2c
 320 0125 76000000 		.4byte	0x76
 321 0129 0E       		.uleb128 0xe
 322 012a 22000000 		.4byte	.LASF16
 323 012e 01       		.byte	0x1
 324 012f 2C       		.byte	0x2c
 325 0130 76000000 		.4byte	0x76
 326 0134 00       		.byte	0
 327 0135 0F       		.uleb128 0xf
 328 0136 42000000 		.4byte	.LASF26
 329 013a 01       		.byte	0x1
 330 013b 14       		.byte	0x14
 331 013c 00000000 		.4byte	.LFB0
 332 0140 0A000000 		.4byte	.LFE0-.LFB0
 333 0144 01       		.uleb128 0x1
 334 0145 9C       		.byte	0x9c
ARM GAS  C:\Users\Luggi\AppData\Local\Temp\cctHa1rz.s 			page 8


 335 0146 65010000 		.4byte	0x165
 336 014a 10       		.uleb128 0x10
 337 014b BE000000 		.4byte	.LASF17
 338 014f 01       		.byte	0x1
 339 0150 14       		.byte	0x14
 340 0151 65010000 		.4byte	0x165
 341 0155 01       		.uleb128 0x1
 342 0156 50       		.byte	0x50
 343 0157 10       		.uleb128 0x10
 344 0158 38000000 		.4byte	.LASF18
 345 015c 01       		.byte	0x1
 346 015d 14       		.byte	0x14
 347 015e 81000000 		.4byte	0x81
 348 0162 01       		.uleb128 0x1
 349 0163 51       		.byte	0x51
 350 0164 00       		.byte	0
 351 0165 05       		.uleb128 0x5
 352 0166 04       		.byte	0x4
 353 0167 F8000000 		.4byte	0xf8
 354 016b 11       		.uleb128 0x11
 355 016c 65010000 		.4byte	.LASF27
 356 0170 01       		.byte	0x1
 357 0171 1B       		.byte	0x1b
 358 0172 00000000 		.4byte	.LFB1
 359 0176 50000000 		.4byte	.LFE1-.LFB1
 360 017a 01       		.uleb128 0x1
 361 017b 9C       		.byte	0x9c
 362 017c 04020000 		.4byte	0x204
 363 0180 12       		.uleb128 0x12
 364 0181 BE000000 		.4byte	.LASF17
 365 0185 01       		.byte	0x1
 366 0186 1B       		.byte	0x1b
 367 0187 65010000 		.4byte	0x165
 368 018b 00000000 		.4byte	.LLST0
 369 018f 13       		.uleb128 0x13
 370 0190 737000   		.ascii	"sp\000"
 371 0193 01       		.byte	0x1
 372 0194 1B       		.byte	0x1b
 373 0195 76000000 		.4byte	0x76
 374 0199 21000000 		.4byte	.LLST1
 375 019d 13       		.uleb128 0x13
 376 019e 707600   		.ascii	"pv\000"
 377 01a1 01       		.byte	0x1
 378 01a2 1B       		.byte	0x1b
 379 01a3 76000000 		.4byte	0x76
 380 01a7 42000000 		.4byte	.LLST2
 381 01ab 12       		.uleb128 0x12
 382 01ac 19000000 		.4byte	.LASF19
 383 01b0 01       		.byte	0x1
 384 01b1 1B       		.byte	0x1b
 385 01b2 76000000 		.4byte	0x76
 386 01b6 7E000000 		.4byte	.LLST3
 387 01ba 14       		.uleb128 0x14
 388 01bb 8A000000 		.4byte	.LASF20
 389 01bf 01       		.byte	0x1
 390 01c0 1D       		.byte	0x1d
 391 01c1 76000000 		.4byte	0x76
ARM GAS  C:\Users\Luggi\AppData\Local\Temp\cctHa1rz.s 			page 9


 392 01c5 9F000000 		.4byte	.LLST4
 393 01c9 14       		.uleb128 0x14
 394 01ca 78010000 		.4byte	.LASF21
 395 01ce 01       		.byte	0x1
 396 01cf 1D       		.byte	0x1d
 397 01d0 76000000 		.4byte	0x76
 398 01d4 FC000000 		.4byte	.LLST5
 399 01d8 15       		.uleb128 0x15
 400 01d9 03010000 		.4byte	0x103
 401 01dd 0E000000 		.4byte	.LBB4
 402 01e1 04000000 		.4byte	.LBE4-.LBB4
 403 01e5 01       		.byte	0x1
 404 01e6 22       		.byte	0x22
 405 01e7 16       		.uleb128 0x16
 406 01e8 29010000 		.4byte	0x129
 407 01ec 1F010000 		.4byte	.LLST6
 408 01f0 16       		.uleb128 0x16
 409 01f1 1E010000 		.4byte	0x11e
 410 01f5 58010000 		.4byte	.LLST7
 411 01f9 16       		.uleb128 0x16
 412 01fa 13010000 		.4byte	0x113
 413 01fe 86010000 		.4byte	.LLST8
 414 0202 00       		.byte	0
 415 0203 00       		.byte	0
 416 0204 17       		.uleb128 0x17
 417 0205 03010000 		.4byte	0x103
 418 0209 00000000 		.4byte	.LFB2
 419 020d 10000000 		.4byte	.LFE2-.LFB2
 420 0211 01       		.uleb128 0x1
 421 0212 9C       		.byte	0x9c
 422 0213 16       		.uleb128 0x16
 423 0214 13010000 		.4byte	0x113
 424 0218 C8010000 		.4byte	.LLST9
 425 021c 18       		.uleb128 0x18
 426 021d 1E010000 		.4byte	0x11e
 427 0221 01       		.uleb128 0x1
 428 0222 51       		.byte	0x51
 429 0223 16       		.uleb128 0x16
 430 0224 29010000 		.4byte	0x129
 431 0228 02020000 		.4byte	.LLST10
 432 022c 00       		.byte	0
 433 022d 00       		.byte	0
 434              		.section	.debug_abbrev,"",%progbits
 435              	.Ldebug_abbrev0:
 436 0000 01       		.uleb128 0x1
 437 0001 11       		.uleb128 0x11
 438 0002 01       		.byte	0x1
 439 0003 25       		.uleb128 0x25
 440 0004 0E       		.uleb128 0xe
 441 0005 13       		.uleb128 0x13
 442 0006 0B       		.uleb128 0xb
 443 0007 03       		.uleb128 0x3
 444 0008 0E       		.uleb128 0xe
 445 0009 1B       		.uleb128 0x1b
 446 000a 0E       		.uleb128 0xe
 447 000b 55       		.uleb128 0x55
 448 000c 17       		.uleb128 0x17
ARM GAS  C:\Users\Luggi\AppData\Local\Temp\cctHa1rz.s 			page 10


 449 000d 11       		.uleb128 0x11
 450 000e 01       		.uleb128 0x1
 451 000f 10       		.uleb128 0x10
 452 0010 17       		.uleb128 0x17
 453 0011 00       		.byte	0
 454 0012 00       		.byte	0
 455 0013 02       		.uleb128 0x2
 456 0014 24       		.uleb128 0x24
 457 0015 00       		.byte	0
 458 0016 0B       		.uleb128 0xb
 459 0017 0B       		.uleb128 0xb
 460 0018 3E       		.uleb128 0x3e
 461 0019 0B       		.uleb128 0xb
 462 001a 03       		.uleb128 0x3
 463 001b 0E       		.uleb128 0xe
 464 001c 00       		.byte	0
 465 001d 00       		.byte	0
 466 001e 03       		.uleb128 0x3
 467 001f 16       		.uleb128 0x16
 468 0020 00       		.byte	0
 469 0021 03       		.uleb128 0x3
 470 0022 0E       		.uleb128 0xe
 471 0023 3A       		.uleb128 0x3a
 472 0024 0B       		.uleb128 0xb
 473 0025 3B       		.uleb128 0x3b
 474 0026 0B       		.uleb128 0xb
 475 0027 49       		.uleb128 0x49
 476 0028 13       		.uleb128 0x13
 477 0029 00       		.byte	0
 478 002a 00       		.byte	0
 479 002b 04       		.uleb128 0x4
 480 002c 24       		.uleb128 0x24
 481 002d 00       		.byte	0
 482 002e 0B       		.uleb128 0xb
 483 002f 0B       		.uleb128 0xb
 484 0030 3E       		.uleb128 0x3e
 485 0031 0B       		.uleb128 0xb
 486 0032 03       		.uleb128 0x3
 487 0033 08       		.uleb128 0x8
 488 0034 00       		.byte	0
 489 0035 00       		.byte	0
 490 0036 05       		.uleb128 0x5
 491 0037 0F       		.uleb128 0xf
 492 0038 00       		.byte	0
 493 0039 0B       		.uleb128 0xb
 494 003a 0B       		.uleb128 0xb
 495 003b 49       		.uleb128 0x49
 496 003c 13       		.uleb128 0x13
 497 003d 00       		.byte	0
 498 003e 00       		.byte	0
 499 003f 06       		.uleb128 0x6
 500 0040 15       		.uleb128 0x15
 501 0041 01       		.byte	0x1
 502 0042 27       		.uleb128 0x27
 503 0043 19       		.uleb128 0x19
 504 0044 01       		.uleb128 0x1
 505 0045 13       		.uleb128 0x13
ARM GAS  C:\Users\Luggi\AppData\Local\Temp\cctHa1rz.s 			page 11


 506 0046 00       		.byte	0
 507 0047 00       		.byte	0
 508 0048 07       		.uleb128 0x7
 509 0049 05       		.uleb128 0x5
 510 004a 00       		.byte	0
 511 004b 49       		.uleb128 0x49
 512 004c 13       		.uleb128 0x13
 513 004d 00       		.byte	0
 514 004e 00       		.byte	0
 515 004f 08       		.uleb128 0x8
 516 0050 13       		.uleb128 0x13
 517 0051 01       		.byte	0x1
 518 0052 03       		.uleb128 0x3
 519 0053 08       		.uleb128 0x8
 520 0054 0B       		.uleb128 0xb
 521 0055 0B       		.uleb128 0xb
 522 0056 3A       		.uleb128 0x3a
 523 0057 0B       		.uleb128 0xb
 524 0058 3B       		.uleb128 0x3b
 525 0059 0B       		.uleb128 0xb
 526 005a 01       		.uleb128 0x1
 527 005b 13       		.uleb128 0x13
 528 005c 00       		.byte	0
 529 005d 00       		.byte	0
 530 005e 09       		.uleb128 0x9
 531 005f 0D       		.uleb128 0xd
 532 0060 00       		.byte	0
 533 0061 03       		.uleb128 0x3
 534 0062 08       		.uleb128 0x8
 535 0063 3A       		.uleb128 0x3a
 536 0064 0B       		.uleb128 0xb
 537 0065 3B       		.uleb128 0x3b
 538 0066 0B       		.uleb128 0xb
 539 0067 49       		.uleb128 0x49
 540 0068 13       		.uleb128 0x13
 541 0069 38       		.uleb128 0x38
 542 006a 0B       		.uleb128 0xb
 543 006b 00       		.byte	0
 544 006c 00       		.byte	0
 545 006d 0A       		.uleb128 0xa
 546 006e 0D       		.uleb128 0xd
 547 006f 00       		.byte	0
 548 0070 03       		.uleb128 0x3
 549 0071 0E       		.uleb128 0xe
 550 0072 3A       		.uleb128 0x3a
 551 0073 0B       		.uleb128 0xb
 552 0074 3B       		.uleb128 0x3b
 553 0075 0B       		.uleb128 0xb
 554 0076 49       		.uleb128 0x49
 555 0077 13       		.uleb128 0x13
 556 0078 38       		.uleb128 0x38
 557 0079 0B       		.uleb128 0xb
 558 007a 00       		.byte	0
 559 007b 00       		.byte	0
 560 007c 0B       		.uleb128 0xb
 561 007d 16       		.uleb128 0x16
 562 007e 00       		.byte	0
ARM GAS  C:\Users\Luggi\AppData\Local\Temp\cctHa1rz.s 			page 12


 563 007f 03       		.uleb128 0x3
 564 0080 08       		.uleb128 0x8
 565 0081 3A       		.uleb128 0x3a
 566 0082 0B       		.uleb128 0xb
 567 0083 3B       		.uleb128 0x3b
 568 0084 0B       		.uleb128 0xb
 569 0085 49       		.uleb128 0x49
 570 0086 13       		.uleb128 0x13
 571 0087 00       		.byte	0
 572 0088 00       		.byte	0
 573 0089 0C       		.uleb128 0xc
 574 008a 2E       		.uleb128 0x2e
 575 008b 01       		.byte	0x1
 576 008c 3F       		.uleb128 0x3f
 577 008d 19       		.uleb128 0x19
 578 008e 03       		.uleb128 0x3
 579 008f 0E       		.uleb128 0xe
 580 0090 3A       		.uleb128 0x3a
 581 0091 0B       		.uleb128 0xb
 582 0092 3B       		.uleb128 0x3b
 583 0093 0B       		.uleb128 0xb
 584 0094 27       		.uleb128 0x27
 585 0095 19       		.uleb128 0x19
 586 0096 49       		.uleb128 0x49
 587 0097 13       		.uleb128 0x13
 588 0098 20       		.uleb128 0x20
 589 0099 0B       		.uleb128 0xb
 590 009a 01       		.uleb128 0x1
 591 009b 13       		.uleb128 0x13
 592 009c 00       		.byte	0
 593 009d 00       		.byte	0
 594 009e 0D       		.uleb128 0xd
 595 009f 05       		.uleb128 0x5
 596 00a0 00       		.byte	0
 597 00a1 03       		.uleb128 0x3
 598 00a2 08       		.uleb128 0x8
 599 00a3 3A       		.uleb128 0x3a
 600 00a4 0B       		.uleb128 0xb
 601 00a5 3B       		.uleb128 0x3b
 602 00a6 0B       		.uleb128 0xb
 603 00a7 49       		.uleb128 0x49
 604 00a8 13       		.uleb128 0x13
 605 00a9 00       		.byte	0
 606 00aa 00       		.byte	0
 607 00ab 0E       		.uleb128 0xe
 608 00ac 05       		.uleb128 0x5
 609 00ad 00       		.byte	0
 610 00ae 03       		.uleb128 0x3
 611 00af 0E       		.uleb128 0xe
 612 00b0 3A       		.uleb128 0x3a
 613 00b1 0B       		.uleb128 0xb
 614 00b2 3B       		.uleb128 0x3b
 615 00b3 0B       		.uleb128 0xb
 616 00b4 49       		.uleb128 0x49
 617 00b5 13       		.uleb128 0x13
 618 00b6 00       		.byte	0
 619 00b7 00       		.byte	0
ARM GAS  C:\Users\Luggi\AppData\Local\Temp\cctHa1rz.s 			page 13


 620 00b8 0F       		.uleb128 0xf
 621 00b9 2E       		.uleb128 0x2e
 622 00ba 01       		.byte	0x1
 623 00bb 3F       		.uleb128 0x3f
 624 00bc 19       		.uleb128 0x19
 625 00bd 03       		.uleb128 0x3
 626 00be 0E       		.uleb128 0xe
 627 00bf 3A       		.uleb128 0x3a
 628 00c0 0B       		.uleb128 0xb
 629 00c1 3B       		.uleb128 0x3b
 630 00c2 0B       		.uleb128 0xb
 631 00c3 27       		.uleb128 0x27
 632 00c4 19       		.uleb128 0x19
 633 00c5 11       		.uleb128 0x11
 634 00c6 01       		.uleb128 0x1
 635 00c7 12       		.uleb128 0x12
 636 00c8 06       		.uleb128 0x6
 637 00c9 40       		.uleb128 0x40
 638 00ca 18       		.uleb128 0x18
 639 00cb 9742     		.uleb128 0x2117
 640 00cd 19       		.uleb128 0x19
 641 00ce 01       		.uleb128 0x1
 642 00cf 13       		.uleb128 0x13
 643 00d0 00       		.byte	0
 644 00d1 00       		.byte	0
 645 00d2 10       		.uleb128 0x10
 646 00d3 05       		.uleb128 0x5
 647 00d4 00       		.byte	0
 648 00d5 03       		.uleb128 0x3
 649 00d6 0E       		.uleb128 0xe
 650 00d7 3A       		.uleb128 0x3a
 651 00d8 0B       		.uleb128 0xb
 652 00d9 3B       		.uleb128 0x3b
 653 00da 0B       		.uleb128 0xb
 654 00db 49       		.uleb128 0x49
 655 00dc 13       		.uleb128 0x13
 656 00dd 02       		.uleb128 0x2
 657 00de 18       		.uleb128 0x18
 658 00df 00       		.byte	0
 659 00e0 00       		.byte	0
 660 00e1 11       		.uleb128 0x11
 661 00e2 2E       		.uleb128 0x2e
 662 00e3 01       		.byte	0x1
 663 00e4 3F       		.uleb128 0x3f
 664 00e5 19       		.uleb128 0x19
 665 00e6 03       		.uleb128 0x3
 666 00e7 0E       		.uleb128 0xe
 667 00e8 3A       		.uleb128 0x3a
 668 00e9 0B       		.uleb128 0xb
 669 00ea 3B       		.uleb128 0x3b
 670 00eb 0B       		.uleb128 0xb
 671 00ec 27       		.uleb128 0x27
 672 00ed 19       		.uleb128 0x19
 673 00ee 11       		.uleb128 0x11
 674 00ef 01       		.uleb128 0x1
 675 00f0 12       		.uleb128 0x12
 676 00f1 06       		.uleb128 0x6
ARM GAS  C:\Users\Luggi\AppData\Local\Temp\cctHa1rz.s 			page 14


 677 00f2 40       		.uleb128 0x40
 678 00f3 18       		.uleb128 0x18
 679 00f4 01       		.uleb128 0x1
 680 00f5 13       		.uleb128 0x13
 681 00f6 00       		.byte	0
 682 00f7 00       		.byte	0
 683 00f8 12       		.uleb128 0x12
 684 00f9 05       		.uleb128 0x5
 685 00fa 00       		.byte	0
 686 00fb 03       		.uleb128 0x3
 687 00fc 0E       		.uleb128 0xe
 688 00fd 3A       		.uleb128 0x3a
 689 00fe 0B       		.uleb128 0xb
 690 00ff 3B       		.uleb128 0x3b
 691 0100 0B       		.uleb128 0xb
 692 0101 49       		.uleb128 0x49
 693 0102 13       		.uleb128 0x13
 694 0103 02       		.uleb128 0x2
 695 0104 17       		.uleb128 0x17
 696 0105 00       		.byte	0
 697 0106 00       		.byte	0
 698 0107 13       		.uleb128 0x13
 699 0108 05       		.uleb128 0x5
 700 0109 00       		.byte	0
 701 010a 03       		.uleb128 0x3
 702 010b 08       		.uleb128 0x8
 703 010c 3A       		.uleb128 0x3a
 704 010d 0B       		.uleb128 0xb
 705 010e 3B       		.uleb128 0x3b
 706 010f 0B       		.uleb128 0xb
 707 0110 49       		.uleb128 0x49
 708 0111 13       		.uleb128 0x13
 709 0112 02       		.uleb128 0x2
 710 0113 17       		.uleb128 0x17
 711 0114 00       		.byte	0
 712 0115 00       		.byte	0
 713 0116 14       		.uleb128 0x14
 714 0117 34       		.uleb128 0x34
 715 0118 00       		.byte	0
 716 0119 03       		.uleb128 0x3
 717 011a 0E       		.uleb128 0xe
 718 011b 3A       		.uleb128 0x3a
 719 011c 0B       		.uleb128 0xb
 720 011d 3B       		.uleb128 0x3b
 721 011e 0B       		.uleb128 0xb
 722 011f 49       		.uleb128 0x49
 723 0120 13       		.uleb128 0x13
 724 0121 02       		.uleb128 0x2
 725 0122 17       		.uleb128 0x17
 726 0123 00       		.byte	0
 727 0124 00       		.byte	0
 728 0125 15       		.uleb128 0x15
 729 0126 1D       		.uleb128 0x1d
 730 0127 01       		.byte	0x1
 731 0128 31       		.uleb128 0x31
 732 0129 13       		.uleb128 0x13
 733 012a 11       		.uleb128 0x11
ARM GAS  C:\Users\Luggi\AppData\Local\Temp\cctHa1rz.s 			page 15


 734 012b 01       		.uleb128 0x1
 735 012c 12       		.uleb128 0x12
 736 012d 06       		.uleb128 0x6
 737 012e 58       		.uleb128 0x58
 738 012f 0B       		.uleb128 0xb
 739 0130 59       		.uleb128 0x59
 740 0131 0B       		.uleb128 0xb
 741 0132 00       		.byte	0
 742 0133 00       		.byte	0
 743 0134 16       		.uleb128 0x16
 744 0135 05       		.uleb128 0x5
 745 0136 00       		.byte	0
 746 0137 31       		.uleb128 0x31
 747 0138 13       		.uleb128 0x13
 748 0139 02       		.uleb128 0x2
 749 013a 17       		.uleb128 0x17
 750 013b 00       		.byte	0
 751 013c 00       		.byte	0
 752 013d 17       		.uleb128 0x17
 753 013e 2E       		.uleb128 0x2e
 754 013f 01       		.byte	0x1
 755 0140 31       		.uleb128 0x31
 756 0141 13       		.uleb128 0x13
 757 0142 11       		.uleb128 0x11
 758 0143 01       		.uleb128 0x1
 759 0144 12       		.uleb128 0x12
 760 0145 06       		.uleb128 0x6
 761 0146 40       		.uleb128 0x40
 762 0147 18       		.uleb128 0x18
 763 0148 9742     		.uleb128 0x2117
 764 014a 19       		.uleb128 0x19
 765 014b 00       		.byte	0
 766 014c 00       		.byte	0
 767 014d 18       		.uleb128 0x18
 768 014e 05       		.uleb128 0x5
 769 014f 00       		.byte	0
 770 0150 31       		.uleb128 0x31
 771 0151 13       		.uleb128 0x13
 772 0152 02       		.uleb128 0x2
 773 0153 18       		.uleb128 0x18
 774 0154 00       		.byte	0
 775 0155 00       		.byte	0
 776 0156 00       		.byte	0
 777              		.section	.debug_loc,"",%progbits
 778              	.Ldebug_loc0:
 779              	.LLST0:
 780 0000 00000000 		.4byte	.LVL1
 781 0004 46000000 		.4byte	.LVL10
 782 0008 0100     		.2byte	0x1
 783 000a 50       		.byte	0x50
 784 000b 46000000 		.4byte	.LVL10
 785 000f 50000000 		.4byte	.LFE1
 786 0013 0400     		.2byte	0x4
 787 0015 F3       		.byte	0xf3
 788 0016 01       		.uleb128 0x1
 789 0017 50       		.byte	0x50
 790 0018 9F       		.byte	0x9f
ARM GAS  C:\Users\Luggi\AppData\Local\Temp\cctHa1rz.s 			page 16


 791 0019 00000000 		.4byte	0
 792 001d 00000000 		.4byte	0
 793              	.LLST1:
 794 0021 00000000 		.4byte	.LVL1
 795 0025 08000000 		.4byte	.LVL2
 796 0029 0100     		.2byte	0x1
 797 002b 51       		.byte	0x51
 798 002c 08000000 		.4byte	.LVL2
 799 0030 50000000 		.4byte	.LFE1
 800 0034 0400     		.2byte	0x4
 801 0036 F3       		.byte	0xf3
 802 0037 01       		.uleb128 0x1
 803 0038 51       		.byte	0x51
 804 0039 9F       		.byte	0x9f
 805 003a 00000000 		.4byte	0
 806 003e 00000000 		.4byte	0
 807              	.LLST2:
 808 0042 00000000 		.4byte	.LVL1
 809 0046 3C000000 		.4byte	.LVL8
 810 004a 0100     		.2byte	0x1
 811 004c 52       		.byte	0x52
 812 004d 3C000000 		.4byte	.LVL8
 813 0051 46000000 		.4byte	.LVL10
 814 0055 0200     		.2byte	0x2
 815 0057 70       		.byte	0x70
 816 0058 10       		.sleb128 16
 817 0059 46000000 		.4byte	.LVL10
 818 005d 4B000000 		.4byte	.LVL11-1
 819 0061 0500     		.2byte	0x5
 820 0063 F3       		.byte	0xf3
 821 0064 01       		.uleb128 0x1
 822 0065 50       		.byte	0x50
 823 0066 23       		.byte	0x23
 824 0067 10       		.uleb128 0x10
 825 0068 4B000000 		.4byte	.LVL11-1
 826 006c 50000000 		.4byte	.LFE1
 827 0070 0400     		.2byte	0x4
 828 0072 F3       		.byte	0xf3
 829 0073 01       		.uleb128 0x1
 830 0074 52       		.byte	0x52
 831 0075 9F       		.byte	0x9f
 832 0076 00000000 		.4byte	0
 833 007a 00000000 		.4byte	0
 834              	.LLST3:
 835 007e 00000000 		.4byte	.LVL1
 836 0082 44000000 		.4byte	.LVL9
 837 0086 0100     		.2byte	0x1
 838 0088 53       		.byte	0x53
 839 0089 44000000 		.4byte	.LVL9
 840 008d 50000000 		.4byte	.LFE1
 841 0091 0400     		.2byte	0x4
 842 0093 F3       		.byte	0xf3
 843 0094 01       		.uleb128 0x1
 844 0095 53       		.byte	0x53
 845 0096 9F       		.byte	0x9f
 846 0097 00000000 		.4byte	0
 847 009b 00000000 		.4byte	0
ARM GAS  C:\Users\Luggi\AppData\Local\Temp\cctHa1rz.s 			page 17


 848              	.LLST4:
 849 009f 08000000 		.4byte	.LVL2
 850 00a3 20000000 		.4byte	.LVL6
 851 00a7 0100     		.2byte	0x1
 852 00a9 51       		.byte	0x51
 853 00aa 20000000 		.4byte	.LVL6
 854 00ae 3C000000 		.4byte	.LVL8
 855 00b2 0700     		.2byte	0x7
 856 00b4 F3       		.byte	0xf3
 857 00b5 01       		.uleb128 0x1
 858 00b6 51       		.byte	0x51
 859 00b7 72       		.byte	0x72
 860 00b8 00       		.sleb128 0
 861 00b9 1C       		.byte	0x1c
 862 00ba 9F       		.byte	0x9f
 863 00bb 3C000000 		.4byte	.LVL8
 864 00bf 46000000 		.4byte	.LVL10
 865 00c3 0800     		.2byte	0x8
 866 00c5 F3       		.byte	0xf3
 867 00c6 01       		.uleb128 0x1
 868 00c7 51       		.byte	0x51
 869 00c8 70       		.byte	0x70
 870 00c9 10       		.sleb128 16
 871 00ca 06       		.byte	0x6
 872 00cb 1C       		.byte	0x1c
 873 00cc 9F       		.byte	0x9f
 874 00cd 46000000 		.4byte	.LVL10
 875 00d1 4B000000 		.4byte	.LVL11-1
 876 00d5 0B00     		.2byte	0xb
 877 00d7 F3       		.byte	0xf3
 878 00d8 01       		.uleb128 0x1
 879 00d9 51       		.byte	0x51
 880 00da F3       		.byte	0xf3
 881 00db 01       		.uleb128 0x1
 882 00dc 50       		.byte	0x50
 883 00dd 23       		.byte	0x23
 884 00de 10       		.uleb128 0x10
 885 00df 06       		.byte	0x6
 886 00e0 1C       		.byte	0x1c
 887 00e1 9F       		.byte	0x9f
 888 00e2 4B000000 		.4byte	.LVL11-1
 889 00e6 50000000 		.4byte	.LFE1
 890 00ea 0800     		.2byte	0x8
 891 00ec F3       		.byte	0xf3
 892 00ed 01       		.uleb128 0x1
 893 00ee 51       		.byte	0x51
 894 00ef F3       		.byte	0xf3
 895 00f0 01       		.uleb128 0x1
 896 00f1 52       		.byte	0x52
 897 00f2 1C       		.byte	0x1c
 898 00f3 9F       		.byte	0x9f
 899 00f4 00000000 		.4byte	0
 900 00f8 00000000 		.4byte	0
 901              	.LLST5:
 902 00fc 44000000 		.4byte	.LVL9
 903 0100 46000000 		.4byte	.LVL10
 904 0104 0600     		.2byte	0x6
ARM GAS  C:\Users\Luggi\AppData\Local\Temp\cctHa1rz.s 			page 18


 905 0106 74       		.byte	0x74
 906 0107 00       		.sleb128 0
 907 0108 73       		.byte	0x73
 908 0109 00       		.sleb128 0
 909 010a 1C       		.byte	0x1c
 910 010b 9F       		.byte	0x9f
 911 010c 46000000 		.4byte	.LVL10
 912 0110 4B000000 		.4byte	.LVL11-1
 913 0114 0100     		.2byte	0x1
 914 0116 50       		.byte	0x50
 915 0117 00000000 		.4byte	0
 916 011b 00000000 		.4byte	0
 917              	.LLST6:
 918 011f 0E000000 		.4byte	.LVL3
 919 0123 1A000000 		.4byte	.LVL5
 920 0127 0100     		.2byte	0x1
 921 0129 56       		.byte	0x56
 922 012a 1A000000 		.4byte	.LVL5
 923 012e 26000000 		.4byte	.LVL7
 924 0132 0100     		.2byte	0x1
 925 0134 54       		.byte	0x54
 926 0135 26000000 		.4byte	.LVL7
 927 0139 46000000 		.4byte	.LVL10
 928 013d 0200     		.2byte	0x2
 929 013f 70       		.byte	0x70
 930 0140 0C       		.sleb128 12
 931 0141 46000000 		.4byte	.LVL10
 932 0145 4B000000 		.4byte	.LVL11-1
 933 0149 0500     		.2byte	0x5
 934 014b F3       		.byte	0xf3
 935 014c 01       		.uleb128 0x1
 936 014d 50       		.byte	0x50
 937 014e 23       		.byte	0x23
 938 014f 0C       		.uleb128 0xc
 939 0150 00000000 		.4byte	0
 940 0154 00000000 		.4byte	0
 941              	.LLST7:
 942 0158 0E000000 		.4byte	.LVL3
 943 015c 14000000 		.4byte	.LVL4
 944 0160 0100     		.2byte	0x1
 945 0162 54       		.byte	0x54
 946 0163 14000000 		.4byte	.LVL4
 947 0167 46000000 		.4byte	.LVL10
 948 016b 0200     		.2byte	0x2
 949 016d 70       		.byte	0x70
 950 016e 14       		.sleb128 20
 951 016f 46000000 		.4byte	.LVL10
 952 0173 4B000000 		.4byte	.LVL11-1
 953 0177 0500     		.2byte	0x5
 954 0179 F3       		.byte	0xf3
 955 017a 01       		.uleb128 0x1
 956 017b 50       		.byte	0x50
 957 017c 23       		.byte	0x23
 958 017d 14       		.uleb128 0x14
 959 017e 00000000 		.4byte	0
 960 0182 00000000 		.4byte	0
 961              	.LLST8:
ARM GAS  C:\Users\Luggi\AppData\Local\Temp\cctHa1rz.s 			page 19


 962 0186 0E000000 		.4byte	.LVL3
 963 018a 14000000 		.4byte	.LVL4
 964 018e 0400     		.2byte	0x4
 965 0190 74       		.byte	0x74
 966 0191 00       		.sleb128 0
 967 0192 1F       		.byte	0x1f
 968 0193 9F       		.byte	0x9f
 969 0194 14000000 		.4byte	.LVL4
 970 0198 1A000000 		.4byte	.LVL5
 971 019c 0100     		.2byte	0x1
 972 019e 54       		.byte	0x54
 973 019f 1A000000 		.4byte	.LVL5
 974 01a3 46000000 		.4byte	.LVL10
 975 01a7 0500     		.2byte	0x5
 976 01a9 70       		.byte	0x70
 977 01aa 14       		.sleb128 20
 978 01ab 06       		.byte	0x6
 979 01ac 1F       		.byte	0x1f
 980 01ad 9F       		.byte	0x9f
 981 01ae 46000000 		.4byte	.LVL10
 982 01b2 4B000000 		.4byte	.LVL11-1
 983 01b6 0800     		.2byte	0x8
 984 01b8 F3       		.byte	0xf3
 985 01b9 01       		.uleb128 0x1
 986 01ba 50       		.byte	0x50
 987 01bb 23       		.byte	0x23
 988 01bc 14       		.uleb128 0x14
 989 01bd 06       		.byte	0x6
 990 01be 1F       		.byte	0x1f
 991 01bf 9F       		.byte	0x9f
 992 01c0 00000000 		.4byte	0
 993 01c4 00000000 		.4byte	0
 994              	.LLST9:
 995 01c8 00000000 		.4byte	.LVL12
 996 01cc 0A000000 		.4byte	.LVL13
 997 01d0 0100     		.2byte	0x1
 998 01d2 50       		.byte	0x50
 999 01d3 0A000000 		.4byte	.LVL13
 1000 01d7 0C000000 		.4byte	.LVL14
 1001 01db 0400     		.2byte	0x4
 1002 01dd F3       		.byte	0xf3
 1003 01de 01       		.uleb128 0x1
 1004 01df 50       		.byte	0x50
 1005 01e0 9F       		.byte	0x9f
 1006 01e1 0C000000 		.4byte	.LVL14
 1007 01e5 0E000000 		.4byte	.LVL15
 1008 01e9 0100     		.2byte	0x1
 1009 01eb 50       		.byte	0x50
 1010 01ec 0E000000 		.4byte	.LVL15
 1011 01f0 10000000 		.4byte	.LFE2
 1012 01f4 0400     		.2byte	0x4
 1013 01f6 F3       		.byte	0xf3
 1014 01f7 01       		.uleb128 0x1
 1015 01f8 50       		.byte	0x50
 1016 01f9 9F       		.byte	0x9f
 1017 01fa 00000000 		.4byte	0
 1018 01fe 00000000 		.4byte	0
ARM GAS  C:\Users\Luggi\AppData\Local\Temp\cctHa1rz.s 			page 20


 1019              	.LLST10:
 1020 0202 00000000 		.4byte	.LVL12
 1021 0206 0E000000 		.4byte	.LVL15
 1022 020a 0100     		.2byte	0x1
 1023 020c 52       		.byte	0x52
 1024 020d 0E000000 		.4byte	.LVL15
 1025 0211 10000000 		.4byte	.LFE2
 1026 0215 0100     		.2byte	0x1
 1027 0217 50       		.byte	0x50
 1028 0218 00000000 		.4byte	0
 1029 021c 00000000 		.4byte	0
 1030              		.section	.debug_aranges,"",%progbits
 1031 0000 2C000000 		.4byte	0x2c
 1032 0004 0200     		.2byte	0x2
 1033 0006 00000000 		.4byte	.Ldebug_info0
 1034 000a 04       		.byte	0x4
 1035 000b 00       		.byte	0
 1036 000c 0000     		.2byte	0
 1037 000e 0000     		.2byte	0
 1038 0010 00000000 		.4byte	.LFB0
 1039 0014 0A000000 		.4byte	.LFE0-.LFB0
 1040 0018 00000000 		.4byte	.LFB1
 1041 001c 50000000 		.4byte	.LFE1-.LFB1
 1042 0020 00000000 		.4byte	.LFB2
 1043 0024 10000000 		.4byte	.LFE2-.LFB2
 1044 0028 00000000 		.4byte	0
 1045 002c 00000000 		.4byte	0
 1046              		.section	.debug_ranges,"",%progbits
 1047              	.Ldebug_ranges0:
 1048 0000 00000000 		.4byte	.LFB0
 1049 0004 0A000000 		.4byte	.LFE0
 1050 0008 00000000 		.4byte	.LFB1
 1051 000c 50000000 		.4byte	.LFE1
 1052 0010 00000000 		.4byte	.LFB2
 1053 0014 10000000 		.4byte	.LFE2
 1054 0018 00000000 		.4byte	0
 1055 001c 00000000 		.4byte	0
 1056              		.section	.debug_line,"",%progbits
 1057              	.Ldebug_line0:
 1058 0000 5D010000 		.section	.debug_str,"MS",%progbits,1
 1058      02001101 
 1058      00000201 
 1058      FB0E0D00 
 1058      01010101 
 1059              	.LASF14:
 1060 0000 77696E64 		.ascii	"windup\000"
 1060      757000
 1061              	.LASF11:
 1062 0007 6F757470 		.ascii	"outputFunctionPtr\000"
 1062      75744675 
 1062      6E637469 
 1062      6F6E5074 
 1062      7200
 1063              	.LASF19:
 1064 0019 64656C74 		.ascii	"deltaTms\000"
 1064      61546D73 
 1064      00
ARM GAS  C:\Users\Luggi\AppData\Local\Temp\cctHa1rz.s 			page 21


 1065              	.LASF16:
 1066 0022 76616C75 		.ascii	"value\000"
 1066      6500
 1067              	.LASF9:
 1068 0028 5F5F696E 		.ascii	"__int32_t\000"
 1068      7433325F 
 1068      7400
 1069              	.LASF23:
 1070 0032 7069642E 		.ascii	"pid.c\000"
 1070      6300
 1071              	.LASF18:
 1072 0038 6F757470 		.ascii	"outputPtr\000"
 1072      75745074 
 1072      7200
 1073              	.LASF26:
 1074 0042 7069645F 		.ascii	"pid_init\000"
 1074      696E6974 
 1074      00
 1075              	.LASF1:
 1076 004b 756E7369 		.ascii	"unsigned char\000"
 1076      676E6564 
 1076      20636861 
 1076      7200
 1077              	.LASF12:
 1078 0059 49746572 		.ascii	"Iterm\000"
 1078      6D00
 1079              	.LASF5:
 1080 005f 6C6F6E67 		.ascii	"long unsigned int\000"
 1080      20756E73 
 1080      69676E65 
 1080      6420696E 
 1080      7400
 1081              	.LASF3:
 1082 0071 73686F72 		.ascii	"short unsigned int\000"
 1082      7420756E 
 1082      7369676E 
 1082      65642069 
 1082      6E7400
 1083              	.LASF15:
 1084 0084 77726974 		.ascii	"write\000"
 1084      6500
 1085              	.LASF20:
 1086 008a 6572726F 		.ascii	"error\000"
 1086      7200
 1087              	.LASF25:
 1088 0090 636F6E73 		.ascii	"constrain\000"
 1088      74726169 
 1088      6E00
 1089              	.LASF8:
 1090 009a 756E7369 		.ascii	"unsigned int\000"
 1090      676E6564 
 1090      20696E74 
 1090      00
 1091              	.LASF7:
 1092 00a7 6C6F6E67 		.ascii	"long long unsigned int\000"
 1092      206C6F6E 
 1092      6720756E 
ARM GAS  C:\Users\Luggi\AppData\Local\Temp\cctHa1rz.s 			page 22


 1092      7369676E 
 1092      65642069 
 1093              	.LASF17:
 1094 00be 70696444 		.ascii	"pidData\000"
 1094      61746100 
 1095              	.LASF10:
 1096 00c6 696E7433 		.ascii	"int32_t\000"
 1096      325F7400 
 1097              	.LASF13:
 1098 00ce 6F6C645F 		.ascii	"old_pv\000"
 1098      707600
 1099              	.LASF6:
 1100 00d5 6C6F6E67 		.ascii	"long long int\000"
 1100      206C6F6E 
 1100      6720696E 
 1100      7400
 1101              	.LASF24:
 1102 00e3 433A5C55 		.ascii	"C:\\Users\\Luggi\\Desktop\\Aktuelles Projekt Laser_"
 1102      73657273 
 1102      5C4C7567 
 1102      67695C44 
 1102      65736B74 
 1103 0112 73636875 		.ascii	"schutzschaltung\\Aktuelles Projekt Laser_schutzscha"
 1103      747A7363 
 1103      68616C74 
 1103      756E675C 
 1103      416B7475 
 1104 0144 6C74756E 		.ascii	"ltung\\Laserschutzschaltung.cydsn\000"
 1104      675C4C61 
 1104      73657273 
 1104      63687574 
 1104      7A736368 
 1105              	.LASF27:
 1106 0165 7069645F 		.ascii	"pid_calc\000"
 1106      63616C63 
 1106      00
 1107              	.LASF2:
 1108 016e 73686F72 		.ascii	"short int\000"
 1108      7420696E 
 1108      7400
 1109              	.LASF21:
 1110 0178 6F757470 		.ascii	"output\000"
 1110      757400
 1111              	.LASF22:
 1112 017f 474E5520 		.ascii	"GNU C 4.9.3 20150303 (release) [ARM/embedded-4_9-br"
 1112      4320342E 
 1112      392E3320 
 1112      32303135 
 1112      30333033 
 1113 01b2 616E6368 		.ascii	"anch revision 221220] -mcpu=cortex-m3 -mthumb -g -O"
 1113      20726576 
 1113      6973696F 
 1113      6E203232 
 1113      31323230 
 1114 01e5 73202D66 		.ascii	"s -ffunction-sections -ffat-lto-objects\000"
 1114      66756E63 
 1114      74696F6E 
ARM GAS  C:\Users\Luggi\AppData\Local\Temp\cctHa1rz.s 			page 23


 1114      2D736563 
 1114      74696F6E 
 1115              	.LASF4:
 1116 020d 6C6F6E67 		.ascii	"long int\000"
 1116      20696E74 
 1116      00
 1117              	.LASF0:
 1118 0216 7369676E 		.ascii	"signed char\000"
 1118      65642063 
 1118      68617200 
 1119              		.ident	"GCC: (GNU Tools for ARM Embedded Processors) 4.9.3 20150303 (release) [ARM/embedded-4_9-br
