ARM GAS  C:\Users\Luggi\AppData\Local\Temp\ccz0elyo.s 			page 1


   1              		.syntax unified
   2              		.cpu cortex-m3
   3              		.fpu softvfp
   4              		.eabi_attribute 20, 1
   5              		.eabi_attribute 21, 1
   6              		.eabi_attribute 23, 3
   7              		.eabi_attribute 24, 1
   8              		.eabi_attribute 25, 1
   9              		.eabi_attribute 26, 1
  10              		.eabi_attribute 30, 4
  11              		.eabi_attribute 34, 1
  12              		.eabi_attribute 18, 4
  13              		.thumb
  14              		.file	"PWM_1_PM.c"
  15              		.text
  16              	.Ltext0:
  17              		.cfi_sections	.debug_frame
  18              		.section	.text.PWM_1_SaveConfig,"ax",%progbits
  19              		.align	1
  20              		.global	PWM_1_SaveConfig
  21              		.thumb
  22              		.thumb_func
  23              		.type	PWM_1_SaveConfig, %function
  24              	PWM_1_SaveConfig:
  25              	.LFB0:
  26              		.file 1 "Generated_Source\\PSoC5\\PWM_1_PM.c"
   1:Generated_Source\PSoC5/PWM_1_PM.c **** /*******************************************************************************
   2:Generated_Source\PSoC5/PWM_1_PM.c **** * File Name: PWM_1_PM.c
   3:Generated_Source\PSoC5/PWM_1_PM.c **** * Version 3.30
   4:Generated_Source\PSoC5/PWM_1_PM.c **** *
   5:Generated_Source\PSoC5/PWM_1_PM.c **** * Description:
   6:Generated_Source\PSoC5/PWM_1_PM.c **** *  This file provides the power management source code to API for the
   7:Generated_Source\PSoC5/PWM_1_PM.c **** *  PWM.
   8:Generated_Source\PSoC5/PWM_1_PM.c **** *
   9:Generated_Source\PSoC5/PWM_1_PM.c **** * Note:
  10:Generated_Source\PSoC5/PWM_1_PM.c **** *
  11:Generated_Source\PSoC5/PWM_1_PM.c **** ********************************************************************************
  12:Generated_Source\PSoC5/PWM_1_PM.c **** * Copyright 2008-2014, Cypress Semiconductor Corporation.  All rights reserved.
  13:Generated_Source\PSoC5/PWM_1_PM.c **** * You may use this file only in accordance with the license, terms, conditions,
  14:Generated_Source\PSoC5/PWM_1_PM.c **** * disclaimers, and limitations in the end user license agreement accompanying
  15:Generated_Source\PSoC5/PWM_1_PM.c **** * the software package with which this file was provided.
  16:Generated_Source\PSoC5/PWM_1_PM.c **** *******************************************************************************/
  17:Generated_Source\PSoC5/PWM_1_PM.c **** 
  18:Generated_Source\PSoC5/PWM_1_PM.c **** #include "PWM_1.h"
  19:Generated_Source\PSoC5/PWM_1_PM.c **** 
  20:Generated_Source\PSoC5/PWM_1_PM.c **** static PWM_1_backupStruct PWM_1_backup;
  21:Generated_Source\PSoC5/PWM_1_PM.c **** 
  22:Generated_Source\PSoC5/PWM_1_PM.c **** 
  23:Generated_Source\PSoC5/PWM_1_PM.c **** /*******************************************************************************
  24:Generated_Source\PSoC5/PWM_1_PM.c **** * Function Name: PWM_1_SaveConfig
  25:Generated_Source\PSoC5/PWM_1_PM.c **** ********************************************************************************
  26:Generated_Source\PSoC5/PWM_1_PM.c **** *
  27:Generated_Source\PSoC5/PWM_1_PM.c **** * Summary:
  28:Generated_Source\PSoC5/PWM_1_PM.c **** *  Saves the current user configuration of the component.
  29:Generated_Source\PSoC5/PWM_1_PM.c **** *
  30:Generated_Source\PSoC5/PWM_1_PM.c **** * Parameters:
  31:Generated_Source\PSoC5/PWM_1_PM.c **** *  None
ARM GAS  C:\Users\Luggi\AppData\Local\Temp\ccz0elyo.s 			page 2


  32:Generated_Source\PSoC5/PWM_1_PM.c **** *
  33:Generated_Source\PSoC5/PWM_1_PM.c **** * Return:
  34:Generated_Source\PSoC5/PWM_1_PM.c **** *  None
  35:Generated_Source\PSoC5/PWM_1_PM.c **** *
  36:Generated_Source\PSoC5/PWM_1_PM.c **** * Global variables:
  37:Generated_Source\PSoC5/PWM_1_PM.c **** *  PWM_1_backup:  Variables of this global structure are modified to
  38:Generated_Source\PSoC5/PWM_1_PM.c **** *  store the values of non retention configuration registers when Sleep() API is
  39:Generated_Source\PSoC5/PWM_1_PM.c **** *  called.
  40:Generated_Source\PSoC5/PWM_1_PM.c **** *
  41:Generated_Source\PSoC5/PWM_1_PM.c **** *******************************************************************************/
  42:Generated_Source\PSoC5/PWM_1_PM.c **** void PWM_1_SaveConfig(void) 
  43:Generated_Source\PSoC5/PWM_1_PM.c **** {
  27              		.loc 1 43 0
  28              		.cfi_startproc
  29              		@ args = 0, pretend = 0, frame = 0
  30              		@ frame_needed = 0, uses_anonymous_args = 0
  31              		@ link register save eliminated.
  32 0000 7047     		bx	lr
  33              		.cfi_endproc
  34              	.LFE0:
  35              		.size	PWM_1_SaveConfig, .-PWM_1_SaveConfig
  36              		.section	.text.PWM_1_RestoreConfig,"ax",%progbits
  37              		.align	1
  38              		.global	PWM_1_RestoreConfig
  39              		.thumb
  40              		.thumb_func
  41              		.type	PWM_1_RestoreConfig, %function
  42              	PWM_1_RestoreConfig:
  43              	.LFB1:
  44:Generated_Source\PSoC5/PWM_1_PM.c **** 
  45:Generated_Source\PSoC5/PWM_1_PM.c ****     #if(!PWM_1_UsingFixedFunction)
  46:Generated_Source\PSoC5/PWM_1_PM.c ****         #if(!PWM_1_PWMModeIsCenterAligned)
  47:Generated_Source\PSoC5/PWM_1_PM.c ****             PWM_1_backup.PWMPeriod = PWM_1_ReadPeriod();
  48:Generated_Source\PSoC5/PWM_1_PM.c ****         #endif /* (!PWM_1_PWMModeIsCenterAligned) */
  49:Generated_Source\PSoC5/PWM_1_PM.c ****         PWM_1_backup.PWMUdb = PWM_1_ReadCounter();
  50:Generated_Source\PSoC5/PWM_1_PM.c ****         #if (PWM_1_UseStatus)
  51:Generated_Source\PSoC5/PWM_1_PM.c ****             PWM_1_backup.InterruptMaskValue = PWM_1_STATUS_MASK;
  52:Generated_Source\PSoC5/PWM_1_PM.c ****         #endif /* (PWM_1_UseStatus) */
  53:Generated_Source\PSoC5/PWM_1_PM.c **** 
  54:Generated_Source\PSoC5/PWM_1_PM.c ****         #if(PWM_1_DeadBandMode == PWM_1__B_PWM__DBM_256_CLOCKS || \
  55:Generated_Source\PSoC5/PWM_1_PM.c ****             PWM_1_DeadBandMode == PWM_1__B_PWM__DBM_2_4_CLOCKS)
  56:Generated_Source\PSoC5/PWM_1_PM.c ****             PWM_1_backup.PWMdeadBandValue = PWM_1_ReadDeadTime();
  57:Generated_Source\PSoC5/PWM_1_PM.c ****         #endif /*  deadband count is either 2-4 clocks or 256 clocks */
  58:Generated_Source\PSoC5/PWM_1_PM.c **** 
  59:Generated_Source\PSoC5/PWM_1_PM.c ****         #if(PWM_1_KillModeMinTime)
  60:Generated_Source\PSoC5/PWM_1_PM.c ****              PWM_1_backup.PWMKillCounterPeriod = PWM_1_ReadKillTime();
  61:Generated_Source\PSoC5/PWM_1_PM.c ****         #endif /* (PWM_1_KillModeMinTime) */
  62:Generated_Source\PSoC5/PWM_1_PM.c **** 
  63:Generated_Source\PSoC5/PWM_1_PM.c ****         #if(PWM_1_UseControl)
  64:Generated_Source\PSoC5/PWM_1_PM.c ****             PWM_1_backup.PWMControlRegister = PWM_1_ReadControlRegister();
  65:Generated_Source\PSoC5/PWM_1_PM.c ****         #endif /* (PWM_1_UseControl) */
  66:Generated_Source\PSoC5/PWM_1_PM.c ****     #endif  /* (!PWM_1_UsingFixedFunction) */
  67:Generated_Source\PSoC5/PWM_1_PM.c **** }
  68:Generated_Source\PSoC5/PWM_1_PM.c **** 
  69:Generated_Source\PSoC5/PWM_1_PM.c **** 
  70:Generated_Source\PSoC5/PWM_1_PM.c **** /*******************************************************************************
  71:Generated_Source\PSoC5/PWM_1_PM.c **** * Function Name: PWM_1_RestoreConfig
ARM GAS  C:\Users\Luggi\AppData\Local\Temp\ccz0elyo.s 			page 3


  72:Generated_Source\PSoC5/PWM_1_PM.c **** ********************************************************************************
  73:Generated_Source\PSoC5/PWM_1_PM.c **** *
  74:Generated_Source\PSoC5/PWM_1_PM.c **** * Summary:
  75:Generated_Source\PSoC5/PWM_1_PM.c **** *  Restores the current user configuration of the component.
  76:Generated_Source\PSoC5/PWM_1_PM.c **** *
  77:Generated_Source\PSoC5/PWM_1_PM.c **** * Parameters:
  78:Generated_Source\PSoC5/PWM_1_PM.c **** *  None
  79:Generated_Source\PSoC5/PWM_1_PM.c **** *
  80:Generated_Source\PSoC5/PWM_1_PM.c **** * Return:
  81:Generated_Source\PSoC5/PWM_1_PM.c **** *  None
  82:Generated_Source\PSoC5/PWM_1_PM.c **** *
  83:Generated_Source\PSoC5/PWM_1_PM.c **** * Global variables:
  84:Generated_Source\PSoC5/PWM_1_PM.c **** *  PWM_1_backup:  Variables of this global structure are used to
  85:Generated_Source\PSoC5/PWM_1_PM.c **** *  restore the values of non retention registers on wakeup from sleep mode.
  86:Generated_Source\PSoC5/PWM_1_PM.c **** *
  87:Generated_Source\PSoC5/PWM_1_PM.c **** *******************************************************************************/
  88:Generated_Source\PSoC5/PWM_1_PM.c **** void PWM_1_RestoreConfig(void) 
  89:Generated_Source\PSoC5/PWM_1_PM.c **** {
  44              		.loc 1 89 0
  45              		.cfi_startproc
  46              		@ args = 0, pretend = 0, frame = 0
  47              		@ frame_needed = 0, uses_anonymous_args = 0
  48              		@ link register save eliminated.
  49 0000 7047     		bx	lr
  50              		.cfi_endproc
  51              	.LFE1:
  52              		.size	PWM_1_RestoreConfig, .-PWM_1_RestoreConfig
  53              		.section	.text.PWM_1_Sleep,"ax",%progbits
  54              		.align	1
  55              		.global	PWM_1_Sleep
  56              		.thumb
  57              		.thumb_func
  58              		.type	PWM_1_Sleep, %function
  59              	PWM_1_Sleep:
  60              	.LFB2:
  90:Generated_Source\PSoC5/PWM_1_PM.c ****         #if(!PWM_1_UsingFixedFunction)
  91:Generated_Source\PSoC5/PWM_1_PM.c ****             #if(!PWM_1_PWMModeIsCenterAligned)
  92:Generated_Source\PSoC5/PWM_1_PM.c ****                 PWM_1_WritePeriod(PWM_1_backup.PWMPeriod);
  93:Generated_Source\PSoC5/PWM_1_PM.c ****             #endif /* (!PWM_1_PWMModeIsCenterAligned) */
  94:Generated_Source\PSoC5/PWM_1_PM.c **** 
  95:Generated_Source\PSoC5/PWM_1_PM.c ****             PWM_1_WriteCounter(PWM_1_backup.PWMUdb);
  96:Generated_Source\PSoC5/PWM_1_PM.c **** 
  97:Generated_Source\PSoC5/PWM_1_PM.c ****             #if (PWM_1_UseStatus)
  98:Generated_Source\PSoC5/PWM_1_PM.c ****                 PWM_1_STATUS_MASK = PWM_1_backup.InterruptMaskValue;
  99:Generated_Source\PSoC5/PWM_1_PM.c ****             #endif /* (PWM_1_UseStatus) */
 100:Generated_Source\PSoC5/PWM_1_PM.c **** 
 101:Generated_Source\PSoC5/PWM_1_PM.c ****             #if(PWM_1_DeadBandMode == PWM_1__B_PWM__DBM_256_CLOCKS || \
 102:Generated_Source\PSoC5/PWM_1_PM.c ****                 PWM_1_DeadBandMode == PWM_1__B_PWM__DBM_2_4_CLOCKS)
 103:Generated_Source\PSoC5/PWM_1_PM.c ****                 PWM_1_WriteDeadTime(PWM_1_backup.PWMdeadBandValue);
 104:Generated_Source\PSoC5/PWM_1_PM.c ****             #endif /* deadband count is either 2-4 clocks or 256 clocks */
 105:Generated_Source\PSoC5/PWM_1_PM.c **** 
 106:Generated_Source\PSoC5/PWM_1_PM.c ****             #if(PWM_1_KillModeMinTime)
 107:Generated_Source\PSoC5/PWM_1_PM.c ****                 PWM_1_WriteKillTime(PWM_1_backup.PWMKillCounterPeriod);
 108:Generated_Source\PSoC5/PWM_1_PM.c ****             #endif /* (PWM_1_KillModeMinTime) */
 109:Generated_Source\PSoC5/PWM_1_PM.c **** 
 110:Generated_Source\PSoC5/PWM_1_PM.c ****             #if(PWM_1_UseControl)
 111:Generated_Source\PSoC5/PWM_1_PM.c ****                 PWM_1_WriteControlRegister(PWM_1_backup.PWMControlRegister);
ARM GAS  C:\Users\Luggi\AppData\Local\Temp\ccz0elyo.s 			page 4


 112:Generated_Source\PSoC5/PWM_1_PM.c ****             #endif /* (PWM_1_UseControl) */
 113:Generated_Source\PSoC5/PWM_1_PM.c ****         #endif  /* (!PWM_1_UsingFixedFunction) */
 114:Generated_Source\PSoC5/PWM_1_PM.c ****     }
 115:Generated_Source\PSoC5/PWM_1_PM.c **** 
 116:Generated_Source\PSoC5/PWM_1_PM.c **** 
 117:Generated_Source\PSoC5/PWM_1_PM.c **** /*******************************************************************************
 118:Generated_Source\PSoC5/PWM_1_PM.c **** * Function Name: PWM_1_Sleep
 119:Generated_Source\PSoC5/PWM_1_PM.c **** ********************************************************************************
 120:Generated_Source\PSoC5/PWM_1_PM.c **** *
 121:Generated_Source\PSoC5/PWM_1_PM.c **** * Summary:
 122:Generated_Source\PSoC5/PWM_1_PM.c **** *  Disables block's operation and saves the user configuration. Should be called
 123:Generated_Source\PSoC5/PWM_1_PM.c **** *  just prior to entering sleep.
 124:Generated_Source\PSoC5/PWM_1_PM.c **** *
 125:Generated_Source\PSoC5/PWM_1_PM.c **** * Parameters:
 126:Generated_Source\PSoC5/PWM_1_PM.c **** *  None
 127:Generated_Source\PSoC5/PWM_1_PM.c **** *
 128:Generated_Source\PSoC5/PWM_1_PM.c **** * Return:
 129:Generated_Source\PSoC5/PWM_1_PM.c **** *  None
 130:Generated_Source\PSoC5/PWM_1_PM.c **** *
 131:Generated_Source\PSoC5/PWM_1_PM.c **** * Global variables:
 132:Generated_Source\PSoC5/PWM_1_PM.c **** *  PWM_1_backup.PWMEnableState:  Is modified depending on the enable
 133:Generated_Source\PSoC5/PWM_1_PM.c **** *  state of the block before entering sleep mode.
 134:Generated_Source\PSoC5/PWM_1_PM.c **** *
 135:Generated_Source\PSoC5/PWM_1_PM.c **** *******************************************************************************/
 136:Generated_Source\PSoC5/PWM_1_PM.c **** void PWM_1_Sleep(void) 
 137:Generated_Source\PSoC5/PWM_1_PM.c **** {
  61              		.loc 1 137 0
  62              		.cfi_startproc
  63              		@ args = 0, pretend = 0, frame = 0
  64              		@ frame_needed = 0, uses_anonymous_args = 0
  65              		@ link register save eliminated.
 138:Generated_Source\PSoC5/PWM_1_PM.c ****     #if(PWM_1_UseControl)
 139:Generated_Source\PSoC5/PWM_1_PM.c ****         if(PWM_1_CTRL_ENABLE == (PWM_1_CONTROL & PWM_1_CTRL_ENABLE))
  66              		.loc 1 139 0
  67 0000 044B     		ldr	r3, .L6
  68 0002 054A     		ldr	r2, .L6+4
  69 0004 1B78     		ldrb	r3, [r3]	@ zero_extendqisi2
  70 0006 13F00103 		ands	r3, r3, #1
 140:Generated_Source\PSoC5/PWM_1_PM.c ****         {
 141:Generated_Source\PSoC5/PWM_1_PM.c ****             /*Component is enabled */
 142:Generated_Source\PSoC5/PWM_1_PM.c ****             PWM_1_backup.PWMEnableState = 1u;
  71              		.loc 1 142 0
  72 000a 18BF     		it	ne
  73 000c 0123     		movne	r3, #1
 143:Generated_Source\PSoC5/PWM_1_PM.c ****         }
 144:Generated_Source\PSoC5/PWM_1_PM.c ****         else
 145:Generated_Source\PSoC5/PWM_1_PM.c ****         {
 146:Generated_Source\PSoC5/PWM_1_PM.c ****             /* Component is disabled */
 147:Generated_Source\PSoC5/PWM_1_PM.c ****             PWM_1_backup.PWMEnableState = 0u;
  74              		.loc 1 147 0
  75 000e 1370     		strb	r3, [r2]
 148:Generated_Source\PSoC5/PWM_1_PM.c ****         }
 149:Generated_Source\PSoC5/PWM_1_PM.c ****     #endif /* (PWM_1_UseControl) */
 150:Generated_Source\PSoC5/PWM_1_PM.c **** 
 151:Generated_Source\PSoC5/PWM_1_PM.c ****     /* Stop component */
 152:Generated_Source\PSoC5/PWM_1_PM.c ****     PWM_1_Stop();
  76              		.loc 1 152 0
ARM GAS  C:\Users\Luggi\AppData\Local\Temp\ccz0elyo.s 			page 5


  77 0010 FFF7FEBF 		b	PWM_1_Stop
  78              	.LVL0:
  79              	.L7:
  80              		.align	2
  81              	.L6:
  82 0014 0C4F0040 		.word	1073762060
  83 0018 00000000 		.word	.LANCHOR0
  84              		.cfi_endproc
  85              	.LFE2:
  86              		.size	PWM_1_Sleep, .-PWM_1_Sleep
  87              		.section	.text.PWM_1_Wakeup,"ax",%progbits
  88              		.align	1
  89              		.global	PWM_1_Wakeup
  90              		.thumb
  91              		.thumb_func
  92              		.type	PWM_1_Wakeup, %function
  93              	PWM_1_Wakeup:
  94              	.LFB3:
 153:Generated_Source\PSoC5/PWM_1_PM.c **** 
 154:Generated_Source\PSoC5/PWM_1_PM.c ****     /* Save registers configuration */
 155:Generated_Source\PSoC5/PWM_1_PM.c ****     PWM_1_SaveConfig();
 156:Generated_Source\PSoC5/PWM_1_PM.c **** }
 157:Generated_Source\PSoC5/PWM_1_PM.c **** 
 158:Generated_Source\PSoC5/PWM_1_PM.c **** 
 159:Generated_Source\PSoC5/PWM_1_PM.c **** /*******************************************************************************
 160:Generated_Source\PSoC5/PWM_1_PM.c **** * Function Name: PWM_1_Wakeup
 161:Generated_Source\PSoC5/PWM_1_PM.c **** ********************************************************************************
 162:Generated_Source\PSoC5/PWM_1_PM.c **** *
 163:Generated_Source\PSoC5/PWM_1_PM.c **** * Summary:
 164:Generated_Source\PSoC5/PWM_1_PM.c **** *  Restores and enables the user configuration. Should be called just after
 165:Generated_Source\PSoC5/PWM_1_PM.c **** *  awaking from sleep.
 166:Generated_Source\PSoC5/PWM_1_PM.c **** *
 167:Generated_Source\PSoC5/PWM_1_PM.c **** * Parameters:
 168:Generated_Source\PSoC5/PWM_1_PM.c **** *  None
 169:Generated_Source\PSoC5/PWM_1_PM.c **** *
 170:Generated_Source\PSoC5/PWM_1_PM.c **** * Return:
 171:Generated_Source\PSoC5/PWM_1_PM.c **** *  None
 172:Generated_Source\PSoC5/PWM_1_PM.c **** *
 173:Generated_Source\PSoC5/PWM_1_PM.c **** * Global variables:
 174:Generated_Source\PSoC5/PWM_1_PM.c **** *  PWM_1_backup.pwmEnable:  Is used to restore the enable state of
 175:Generated_Source\PSoC5/PWM_1_PM.c **** *  block on wakeup from sleep mode.
 176:Generated_Source\PSoC5/PWM_1_PM.c **** *
 177:Generated_Source\PSoC5/PWM_1_PM.c **** *******************************************************************************/
 178:Generated_Source\PSoC5/PWM_1_PM.c **** void PWM_1_Wakeup(void) 
 179:Generated_Source\PSoC5/PWM_1_PM.c **** {
  95              		.loc 1 179 0
  96              		.cfi_startproc
  97              		@ args = 0, pretend = 0, frame = 0
  98              		@ frame_needed = 0, uses_anonymous_args = 0
  99              		@ link register save eliminated.
 180:Generated_Source\PSoC5/PWM_1_PM.c ****      /* Restore registers values */
 181:Generated_Source\PSoC5/PWM_1_PM.c ****     PWM_1_RestoreConfig();
 182:Generated_Source\PSoC5/PWM_1_PM.c **** 
 183:Generated_Source\PSoC5/PWM_1_PM.c ****     if(PWM_1_backup.PWMEnableState != 0u)
 100              		.loc 1 183 0
 101 0000 024B     		ldr	r3, .L11
 102 0002 1B78     		ldrb	r3, [r3]	@ zero_extendqisi2
ARM GAS  C:\Users\Luggi\AppData\Local\Temp\ccz0elyo.s 			page 6


 103 0004 0BB1     		cbz	r3, .L8
 184:Generated_Source\PSoC5/PWM_1_PM.c ****     {
 185:Generated_Source\PSoC5/PWM_1_PM.c ****         /* Enable component's operation */
 186:Generated_Source\PSoC5/PWM_1_PM.c ****         PWM_1_Enable();
 104              		.loc 1 186 0
 105 0006 FFF7FEBF 		b	PWM_1_Enable
 106              	.LVL1:
 107              	.L8:
 108 000a 7047     		bx	lr
 109              	.L12:
 110              		.align	2
 111              	.L11:
 112 000c 00000000 		.word	.LANCHOR0
 113              		.cfi_endproc
 114              	.LFE3:
 115              		.size	PWM_1_Wakeup, .-PWM_1_Wakeup
 116              		.bss
 117              		.set	.LANCHOR0,. + 0
 118              		.type	PWM_1_backup, %object
 119              		.size	PWM_1_backup, 1
 120              	PWM_1_backup:
 121 0000 00       		.space	1
 122              		.text
 123              	.Letext0:
 124              		.file 2 "Generated_Source\\PSoC5\\cytypes.h"
 125              		.file 3 "Generated_Source\\PSoC5\\PWM_1.h"
 126              		.section	.debug_info,"",%progbits
 127              	.Ldebug_info0:
 128 0000 4C010000 		.4byte	0x14c
 129 0004 0400     		.2byte	0x4
 130 0006 00000000 		.4byte	.Ldebug_abbrev0
 131 000a 04       		.byte	0x4
 132 000b 01       		.uleb128 0x1
 133 000c 58010000 		.4byte	.LASF22
 134 0010 01       		.byte	0x1
 135 0011 31020000 		.4byte	.LASF23
 136 0015 26000000 		.4byte	.LASF24
 137 0019 00000000 		.4byte	.Ldebug_ranges0+0
 138 001d 00000000 		.4byte	0
 139 0021 00000000 		.4byte	.Ldebug_line0
 140 0025 02       		.uleb128 0x2
 141 0026 01       		.byte	0x1
 142 0027 06       		.byte	0x6
 143 0028 06020000 		.4byte	.LASF0
 144 002c 02       		.uleb128 0x2
 145 002d 01       		.byte	0x1
 146 002e 08       		.byte	0x8
 147 002f 09010000 		.4byte	.LASF1
 148 0033 02       		.uleb128 0x2
 149 0034 02       		.byte	0x2
 150 0035 05       		.byte	0x5
 151 0036 3E010000 		.4byte	.LASF2
 152 003a 02       		.uleb128 0x2
 153 003b 02       		.byte	0x2
 154 003c 07       		.byte	0x7
 155 003d F3010000 		.4byte	.LASF3
 156 0041 02       		.uleb128 0x2
ARM GAS  C:\Users\Luggi\AppData\Local\Temp\ccz0elyo.s 			page 7


 157 0042 04       		.byte	0x4
 158 0043 05       		.byte	0x5
 159 0044 4F010000 		.4byte	.LASF4
 160 0048 02       		.uleb128 0x2
 161 0049 04       		.byte	0x4
 162 004a 07       		.byte	0x7
 163 004b BF000000 		.4byte	.LASF5
 164 004f 02       		.uleb128 0x2
 165 0050 08       		.byte	0x8
 166 0051 05       		.byte	0x5
 167 0052 00000000 		.4byte	.LASF6
 168 0056 02       		.uleb128 0x2
 169 0057 08       		.byte	0x8
 170 0058 07       		.byte	0x7
 171 0059 D1000000 		.4byte	.LASF7
 172 005d 03       		.uleb128 0x3
 173 005e 04       		.byte	0x4
 174 005f 05       		.byte	0x5
 175 0060 696E7400 		.ascii	"int\000"
 176 0064 02       		.uleb128 0x2
 177 0065 04       		.byte	0x4
 178 0066 07       		.byte	0x7
 179 0067 19000000 		.4byte	.LASF8
 180 006b 04       		.uleb128 0x4
 181 006c B9000000 		.4byte	.LASF12
 182 0070 02       		.byte	0x2
 183 0071 9201     		.2byte	0x192
 184 0073 2C000000 		.4byte	0x2c
 185 0077 02       		.uleb128 0x2
 186 0078 04       		.byte	0x4
 187 0079 04       		.byte	0x4
 188 007a 1F020000 		.4byte	.LASF9
 189 007e 02       		.uleb128 0x2
 190 007f 08       		.byte	0x8
 191 0080 04       		.byte	0x4
 192 0081 48010000 		.4byte	.LASF10
 193 0085 02       		.uleb128 0x2
 194 0086 01       		.byte	0x1
 195 0087 08       		.byte	0x8
 196 0088 26010000 		.4byte	.LASF11
 197 008c 04       		.uleb128 0x4
 198 008d 53020000 		.4byte	.LASF13
 199 0091 02       		.byte	0x2
 200 0092 3C02     		.2byte	0x23c
 201 0094 98000000 		.4byte	0x98
 202 0098 05       		.uleb128 0x5
 203 0099 6B000000 		.4byte	0x6b
 204 009d 02       		.uleb128 0x2
 205 009e 04       		.byte	0x4
 206 009f 07       		.byte	0x7
 207 00a0 58020000 		.4byte	.LASF14
 208 00a4 06       		.uleb128 0x6
 209 00a5 01       		.byte	0x1
 210 00a6 03       		.byte	0x3
 211 00a7 6B       		.byte	0x6b
 212 00a8 B9000000 		.4byte	0xb9
 213 00ac 07       		.uleb128 0x7
ARM GAS  C:\Users\Luggi\AppData\Local\Temp\ccz0elyo.s 			page 8


 214 00ad 17010000 		.4byte	.LASF25
 215 00b1 03       		.byte	0x3
 216 00b2 6E       		.byte	0x6e
 217 00b3 6B000000 		.4byte	0x6b
 218 00b7 00       		.byte	0
 219 00b8 00       		.byte	0
 220 00b9 08       		.uleb128 0x8
 221 00ba 2B010000 		.4byte	.LASF15
 222 00be 03       		.byte	0x3
 223 00bf 8B       		.byte	0x8b
 224 00c0 A4000000 		.4byte	0xa4
 225 00c4 09       		.uleb128 0x9
 226 00c5 A8000000 		.4byte	.LASF16
 227 00c9 01       		.byte	0x1
 228 00ca 2A       		.byte	0x2a
 229 00cb 01       		.byte	0x1
 230 00cc 09       		.uleb128 0x9
 231 00cd F5000000 		.4byte	.LASF17
 232 00d1 01       		.byte	0x1
 233 00d2 58       		.byte	0x58
 234 00d3 01       		.byte	0x1
 235 00d4 0A       		.uleb128 0xa
 236 00d5 C4000000 		.4byte	0xc4
 237 00d9 00000000 		.4byte	.LFB0
 238 00dd 02000000 		.4byte	.LFE0-.LFB0
 239 00e1 01       		.uleb128 0x1
 240 00e2 9C       		.byte	0x9c
 241 00e3 0A       		.uleb128 0xa
 242 00e4 CC000000 		.4byte	0xcc
 243 00e8 00000000 		.4byte	.LFB1
 244 00ec 02000000 		.4byte	.LFE1-.LFB1
 245 00f0 01       		.uleb128 0x1
 246 00f1 9C       		.byte	0x9c
 247 00f2 0B       		.uleb128 0xb
 248 00f3 25020000 		.4byte	.LASF18
 249 00f7 01       		.byte	0x1
 250 00f8 88       		.byte	0x88
 251 00f9 00000000 		.4byte	.LFB2
 252 00fd 1C000000 		.4byte	.LFE2-.LFB2
 253 0101 01       		.uleb128 0x1
 254 0102 9C       		.byte	0x9c
 255 0103 11010000 		.4byte	0x111
 256 0107 0C       		.uleb128 0xc
 257 0108 14000000 		.4byte	.LVL0
 258 010c 41010000 		.4byte	0x141
 259 0110 00       		.byte	0
 260 0111 0B       		.uleb128 0xb
 261 0112 12020000 		.4byte	.LASF19
 262 0116 01       		.byte	0x1
 263 0117 B2       		.byte	0xb2
 264 0118 00000000 		.4byte	.LFB3
 265 011c 10000000 		.4byte	.LFE3-.LFB3
 266 0120 01       		.uleb128 0x1
 267 0121 9C       		.byte	0x9c
 268 0122 30010000 		.4byte	0x130
 269 0126 0C       		.uleb128 0xc
 270 0127 0A000000 		.4byte	.LVL1
ARM GAS  C:\Users\Luggi\AppData\Local\Temp\ccz0elyo.s 			page 9


 271 012b 48010000 		.4byte	0x148
 272 012f 00       		.byte	0
 273 0130 0D       		.uleb128 0xd
 274 0131 E8000000 		.4byte	.LASF26
 275 0135 01       		.byte	0x1
 276 0136 14       		.byte	0x14
 277 0137 B9000000 		.4byte	0xb9
 278 013b 05       		.uleb128 0x5
 279 013c 03       		.byte	0x3
 280 013d 00000000 		.4byte	PWM_1_backup
 281 0141 0E       		.uleb128 0xe
 282 0142 0E000000 		.4byte	.LASF20
 283 0146 03       		.byte	0x3
 284 0147 93       		.byte	0x93
 285 0148 0E       		.uleb128 0xe
 286 0149 E6010000 		.4byte	.LASF21
 287 014d 03       		.byte	0x3
 288 014e DB       		.byte	0xdb
 289 014f 00       		.byte	0
 290              		.section	.debug_abbrev,"",%progbits
 291              	.Ldebug_abbrev0:
 292 0000 01       		.uleb128 0x1
 293 0001 11       		.uleb128 0x11
 294 0002 01       		.byte	0x1
 295 0003 25       		.uleb128 0x25
 296 0004 0E       		.uleb128 0xe
 297 0005 13       		.uleb128 0x13
 298 0006 0B       		.uleb128 0xb
 299 0007 03       		.uleb128 0x3
 300 0008 0E       		.uleb128 0xe
 301 0009 1B       		.uleb128 0x1b
 302 000a 0E       		.uleb128 0xe
 303 000b 55       		.uleb128 0x55
 304 000c 17       		.uleb128 0x17
 305 000d 11       		.uleb128 0x11
 306 000e 01       		.uleb128 0x1
 307 000f 10       		.uleb128 0x10
 308 0010 17       		.uleb128 0x17
 309 0011 00       		.byte	0
 310 0012 00       		.byte	0
 311 0013 02       		.uleb128 0x2
 312 0014 24       		.uleb128 0x24
 313 0015 00       		.byte	0
 314 0016 0B       		.uleb128 0xb
 315 0017 0B       		.uleb128 0xb
 316 0018 3E       		.uleb128 0x3e
 317 0019 0B       		.uleb128 0xb
 318 001a 03       		.uleb128 0x3
 319 001b 0E       		.uleb128 0xe
 320 001c 00       		.byte	0
 321 001d 00       		.byte	0
 322 001e 03       		.uleb128 0x3
 323 001f 24       		.uleb128 0x24
 324 0020 00       		.byte	0
 325 0021 0B       		.uleb128 0xb
 326 0022 0B       		.uleb128 0xb
 327 0023 3E       		.uleb128 0x3e
ARM GAS  C:\Users\Luggi\AppData\Local\Temp\ccz0elyo.s 			page 10


 328 0024 0B       		.uleb128 0xb
 329 0025 03       		.uleb128 0x3
 330 0026 08       		.uleb128 0x8
 331 0027 00       		.byte	0
 332 0028 00       		.byte	0
 333 0029 04       		.uleb128 0x4
 334 002a 16       		.uleb128 0x16
 335 002b 00       		.byte	0
 336 002c 03       		.uleb128 0x3
 337 002d 0E       		.uleb128 0xe
 338 002e 3A       		.uleb128 0x3a
 339 002f 0B       		.uleb128 0xb
 340 0030 3B       		.uleb128 0x3b
 341 0031 05       		.uleb128 0x5
 342 0032 49       		.uleb128 0x49
 343 0033 13       		.uleb128 0x13
 344 0034 00       		.byte	0
 345 0035 00       		.byte	0
 346 0036 05       		.uleb128 0x5
 347 0037 35       		.uleb128 0x35
 348 0038 00       		.byte	0
 349 0039 49       		.uleb128 0x49
 350 003a 13       		.uleb128 0x13
 351 003b 00       		.byte	0
 352 003c 00       		.byte	0
 353 003d 06       		.uleb128 0x6
 354 003e 13       		.uleb128 0x13
 355 003f 01       		.byte	0x1
 356 0040 0B       		.uleb128 0xb
 357 0041 0B       		.uleb128 0xb
 358 0042 3A       		.uleb128 0x3a
 359 0043 0B       		.uleb128 0xb
 360 0044 3B       		.uleb128 0x3b
 361 0045 0B       		.uleb128 0xb
 362 0046 01       		.uleb128 0x1
 363 0047 13       		.uleb128 0x13
 364 0048 00       		.byte	0
 365 0049 00       		.byte	0
 366 004a 07       		.uleb128 0x7
 367 004b 0D       		.uleb128 0xd
 368 004c 00       		.byte	0
 369 004d 03       		.uleb128 0x3
 370 004e 0E       		.uleb128 0xe
 371 004f 3A       		.uleb128 0x3a
 372 0050 0B       		.uleb128 0xb
 373 0051 3B       		.uleb128 0x3b
 374 0052 0B       		.uleb128 0xb
 375 0053 49       		.uleb128 0x49
 376 0054 13       		.uleb128 0x13
 377 0055 38       		.uleb128 0x38
 378 0056 0B       		.uleb128 0xb
 379 0057 00       		.byte	0
 380 0058 00       		.byte	0
 381 0059 08       		.uleb128 0x8
 382 005a 16       		.uleb128 0x16
 383 005b 00       		.byte	0
 384 005c 03       		.uleb128 0x3
ARM GAS  C:\Users\Luggi\AppData\Local\Temp\ccz0elyo.s 			page 11


 385 005d 0E       		.uleb128 0xe
 386 005e 3A       		.uleb128 0x3a
 387 005f 0B       		.uleb128 0xb
 388 0060 3B       		.uleb128 0x3b
 389 0061 0B       		.uleb128 0xb
 390 0062 49       		.uleb128 0x49
 391 0063 13       		.uleb128 0x13
 392 0064 00       		.byte	0
 393 0065 00       		.byte	0
 394 0066 09       		.uleb128 0x9
 395 0067 2E       		.uleb128 0x2e
 396 0068 00       		.byte	0
 397 0069 3F       		.uleb128 0x3f
 398 006a 19       		.uleb128 0x19
 399 006b 03       		.uleb128 0x3
 400 006c 0E       		.uleb128 0xe
 401 006d 3A       		.uleb128 0x3a
 402 006e 0B       		.uleb128 0xb
 403 006f 3B       		.uleb128 0x3b
 404 0070 0B       		.uleb128 0xb
 405 0071 27       		.uleb128 0x27
 406 0072 19       		.uleb128 0x19
 407 0073 20       		.uleb128 0x20
 408 0074 0B       		.uleb128 0xb
 409 0075 00       		.byte	0
 410 0076 00       		.byte	0
 411 0077 0A       		.uleb128 0xa
 412 0078 2E       		.uleb128 0x2e
 413 0079 00       		.byte	0
 414 007a 31       		.uleb128 0x31
 415 007b 13       		.uleb128 0x13
 416 007c 11       		.uleb128 0x11
 417 007d 01       		.uleb128 0x1
 418 007e 12       		.uleb128 0x12
 419 007f 06       		.uleb128 0x6
 420 0080 40       		.uleb128 0x40
 421 0081 18       		.uleb128 0x18
 422 0082 9742     		.uleb128 0x2117
 423 0084 19       		.uleb128 0x19
 424 0085 00       		.byte	0
 425 0086 00       		.byte	0
 426 0087 0B       		.uleb128 0xb
 427 0088 2E       		.uleb128 0x2e
 428 0089 01       		.byte	0x1
 429 008a 3F       		.uleb128 0x3f
 430 008b 19       		.uleb128 0x19
 431 008c 03       		.uleb128 0x3
 432 008d 0E       		.uleb128 0xe
 433 008e 3A       		.uleb128 0x3a
 434 008f 0B       		.uleb128 0xb
 435 0090 3B       		.uleb128 0x3b
 436 0091 0B       		.uleb128 0xb
 437 0092 27       		.uleb128 0x27
 438 0093 19       		.uleb128 0x19
 439 0094 11       		.uleb128 0x11
 440 0095 01       		.uleb128 0x1
 441 0096 12       		.uleb128 0x12
ARM GAS  C:\Users\Luggi\AppData\Local\Temp\ccz0elyo.s 			page 12


 442 0097 06       		.uleb128 0x6
 443 0098 40       		.uleb128 0x40
 444 0099 18       		.uleb128 0x18
 445 009a 9742     		.uleb128 0x2117
 446 009c 19       		.uleb128 0x19
 447 009d 01       		.uleb128 0x1
 448 009e 13       		.uleb128 0x13
 449 009f 00       		.byte	0
 450 00a0 00       		.byte	0
 451 00a1 0C       		.uleb128 0xc
 452 00a2 898201   		.uleb128 0x4109
 453 00a5 00       		.byte	0
 454 00a6 11       		.uleb128 0x11
 455 00a7 01       		.uleb128 0x1
 456 00a8 9542     		.uleb128 0x2115
 457 00aa 19       		.uleb128 0x19
 458 00ab 31       		.uleb128 0x31
 459 00ac 13       		.uleb128 0x13
 460 00ad 00       		.byte	0
 461 00ae 00       		.byte	0
 462 00af 0D       		.uleb128 0xd
 463 00b0 34       		.uleb128 0x34
 464 00b1 00       		.byte	0
 465 00b2 03       		.uleb128 0x3
 466 00b3 0E       		.uleb128 0xe
 467 00b4 3A       		.uleb128 0x3a
 468 00b5 0B       		.uleb128 0xb
 469 00b6 3B       		.uleb128 0x3b
 470 00b7 0B       		.uleb128 0xb
 471 00b8 49       		.uleb128 0x49
 472 00b9 13       		.uleb128 0x13
 473 00ba 02       		.uleb128 0x2
 474 00bb 18       		.uleb128 0x18
 475 00bc 00       		.byte	0
 476 00bd 00       		.byte	0
 477 00be 0E       		.uleb128 0xe
 478 00bf 2E       		.uleb128 0x2e
 479 00c0 00       		.byte	0
 480 00c1 3F       		.uleb128 0x3f
 481 00c2 19       		.uleb128 0x19
 482 00c3 03       		.uleb128 0x3
 483 00c4 0E       		.uleb128 0xe
 484 00c5 3A       		.uleb128 0x3a
 485 00c6 0B       		.uleb128 0xb
 486 00c7 3B       		.uleb128 0x3b
 487 00c8 0B       		.uleb128 0xb
 488 00c9 27       		.uleb128 0x27
 489 00ca 19       		.uleb128 0x19
 490 00cb 3C       		.uleb128 0x3c
 491 00cc 19       		.uleb128 0x19
 492 00cd 00       		.byte	0
 493 00ce 00       		.byte	0
 494 00cf 00       		.byte	0
 495              		.section	.debug_aranges,"",%progbits
 496 0000 34000000 		.4byte	0x34
 497 0004 0200     		.2byte	0x2
 498 0006 00000000 		.4byte	.Ldebug_info0
ARM GAS  C:\Users\Luggi\AppData\Local\Temp\ccz0elyo.s 			page 13


 499 000a 04       		.byte	0x4
 500 000b 00       		.byte	0
 501 000c 0000     		.2byte	0
 502 000e 0000     		.2byte	0
 503 0010 00000000 		.4byte	.LFB0
 504 0014 02000000 		.4byte	.LFE0-.LFB0
 505 0018 00000000 		.4byte	.LFB1
 506 001c 02000000 		.4byte	.LFE1-.LFB1
 507 0020 00000000 		.4byte	.LFB2
 508 0024 1C000000 		.4byte	.LFE2-.LFB2
 509 0028 00000000 		.4byte	.LFB3
 510 002c 10000000 		.4byte	.LFE3-.LFB3
 511 0030 00000000 		.4byte	0
 512 0034 00000000 		.4byte	0
 513              		.section	.debug_ranges,"",%progbits
 514              	.Ldebug_ranges0:
 515 0000 00000000 		.4byte	.LFB0
 516 0004 02000000 		.4byte	.LFE0
 517 0008 00000000 		.4byte	.LFB1
 518 000c 02000000 		.4byte	.LFE1
 519 0010 00000000 		.4byte	.LFB2
 520 0014 1C000000 		.4byte	.LFE2
 521 0018 00000000 		.4byte	.LFB3
 522 001c 10000000 		.4byte	.LFE3
 523 0020 00000000 		.4byte	0
 524 0024 00000000 		.4byte	0
 525              		.section	.debug_line,"",%progbits
 526              	.Ldebug_line0:
 527 0000 9B000000 		.section	.debug_str,"MS",%progbits,1
 527      02005000 
 527      00000201 
 527      FB0E0D00 
 527      01010101 
 528              	.LASF6:
 529 0000 6C6F6E67 		.ascii	"long long int\000"
 529      206C6F6E 
 529      6720696E 
 529      7400
 530              	.LASF20:
 531 000e 50574D5F 		.ascii	"PWM_1_Stop\000"
 531      315F5374 
 531      6F7000
 532              	.LASF8:
 533 0019 756E7369 		.ascii	"unsigned int\000"
 533      676E6564 
 533      20696E74 
 533      00
 534              	.LASF24:
 535 0026 433A5C55 		.ascii	"C:\\Users\\Luggi\\Desktop\\Aktuelles Projekt Laser_"
 535      73657273 
 535      5C4C7567 
 535      67695C44 
 535      65736B74 
 536 0055 73636875 		.ascii	"schutzschaltung\\Aktuelles Projekt Laser_schutzscha"
 536      747A7363 
 536      68616C74 
 536      756E675C 
ARM GAS  C:\Users\Luggi\AppData\Local\Temp\ccz0elyo.s 			page 14


 536      416B7475 
 537 0087 6C74756E 		.ascii	"ltung\\Laserschutzschaltung.cydsn\000"
 537      675C4C61 
 537      73657273 
 537      63687574 
 537      7A736368 
 538              	.LASF16:
 539 00a8 50574D5F 		.ascii	"PWM_1_SaveConfig\000"
 539      315F5361 
 539      7665436F 
 539      6E666967 
 539      00
 540              	.LASF12:
 541 00b9 75696E74 		.ascii	"uint8\000"
 541      3800
 542              	.LASF5:
 543 00bf 6C6F6E67 		.ascii	"long unsigned int\000"
 543      20756E73 
 543      69676E65 
 543      6420696E 
 543      7400
 544              	.LASF7:
 545 00d1 6C6F6E67 		.ascii	"long long unsigned int\000"
 545      206C6F6E 
 545      6720756E 
 545      7369676E 
 545      65642069 
 546              	.LASF26:
 547 00e8 50574D5F 		.ascii	"PWM_1_backup\000"
 547      315F6261 
 547      636B7570 
 547      00
 548              	.LASF17:
 549 00f5 50574D5F 		.ascii	"PWM_1_RestoreConfig\000"
 549      315F5265 
 549      73746F72 
 549      65436F6E 
 549      66696700 
 550              	.LASF1:
 551 0109 756E7369 		.ascii	"unsigned char\000"
 551      676E6564 
 551      20636861 
 551      7200
 552              	.LASF25:
 553 0117 50574D45 		.ascii	"PWMEnableState\000"
 553      6E61626C 
 553      65537461 
 553      746500
 554              	.LASF11:
 555 0126 63686172 		.ascii	"char\000"
 555      00
 556              	.LASF15:
 557 012b 50574D5F 		.ascii	"PWM_1_backupStruct\000"
 557      315F6261 
 557      636B7570 
 557      53747275 
 557      637400
ARM GAS  C:\Users\Luggi\AppData\Local\Temp\ccz0elyo.s 			page 15


 558              	.LASF2:
 559 013e 73686F72 		.ascii	"short int\000"
 559      7420696E 
 559      7400
 560              	.LASF10:
 561 0148 646F7562 		.ascii	"double\000"
 561      6C6500
 562              	.LASF4:
 563 014f 6C6F6E67 		.ascii	"long int\000"
 563      20696E74 
 563      00
 564              	.LASF22:
 565 0158 474E5520 		.ascii	"GNU C 4.9.3 20150303 (release) [ARM/embedded-4_9-br"
 565      4320342E 
 565      392E3320 
 565      32303135 
 565      30333033 
 566 018b 616E6368 		.ascii	"anch revision 221220] -mcpu=cortex-m3 -mthumb -g -O"
 566      20726576 
 566      6973696F 
 566      6E203232 
 566      31323230 
 567 01be 73202D66 		.ascii	"s -ffunction-sections -ffat-lto-objects\000"
 567      66756E63 
 567      74696F6E 
 567      2D736563 
 567      74696F6E 
 568              	.LASF21:
 569 01e6 50574D5F 		.ascii	"PWM_1_Enable\000"
 569      315F456E 
 569      61626C65 
 569      00
 570              	.LASF3:
 571 01f3 73686F72 		.ascii	"short unsigned int\000"
 571      7420756E 
 571      7369676E 
 571      65642069 
 571      6E7400
 572              	.LASF0:
 573 0206 7369676E 		.ascii	"signed char\000"
 573      65642063 
 573      68617200 
 574              	.LASF19:
 575 0212 50574D5F 		.ascii	"PWM_1_Wakeup\000"
 575      315F5761 
 575      6B657570 
 575      00
 576              	.LASF9:
 577 021f 666C6F61 		.ascii	"float\000"
 577      7400
 578              	.LASF18:
 579 0225 50574D5F 		.ascii	"PWM_1_Sleep\000"
 579      315F536C 
 579      65657000 
 580              	.LASF23:
 581 0231 47656E65 		.ascii	"Generated_Source\\PSoC5\\PWM_1_PM.c\000"
 581      72617465 
ARM GAS  C:\Users\Luggi\AppData\Local\Temp\ccz0elyo.s 			page 16


 581      645F536F 
 581      75726365 
 581      5C50536F 
 582              	.LASF13:
 583 0253 72656738 		.ascii	"reg8\000"
 583      00
 584              	.LASF14:
 585 0258 73697A65 		.ascii	"sizetype\000"
 585      74797065 
 585      00
 586              		.ident	"GCC: (GNU Tools for ARM Embedded Processors) 4.9.3 20150303 (release) [ARM/embedded-4_9-br
