ARM GAS  C:\Users\Luggi\AppData\Local\Temp\ccU5ykBp.s 			page 1


   1              		.syntax unified
   2              		.cpu cortex-m3
   3              		.fpu softvfp
   4              		.eabi_attribute 20, 1
   5              		.eabi_attribute 21, 1
   6              		.eabi_attribute 23, 3
   7              		.eabi_attribute 24, 1
   8              		.eabi_attribute 25, 1
   9              		.eabi_attribute 26, 1
  10              		.eabi_attribute 30, 4
  11              		.eabi_attribute 34, 1
  12              		.eabi_attribute 18, 4
  13              		.thumb
  14              		.file	"USBUART_1_pm.c"
  15              		.text
  16              	.Ltext0:
  17              		.cfi_sections	.debug_frame
  18              		.section	.text.USBUART_1_DP_ISR,"ax",%progbits
  19              		.align	1
  20              		.global	USBUART_1_DP_ISR
  21              		.thumb
  22              		.thumb_func
  23              		.type	USBUART_1_DP_ISR, %function
  24              	USBUART_1_DP_ISR:
  25              	.LFB0:
  26              		.file 1 "Generated_Source\\PSoC5\\USBUART_1_pm.c"
   1:Generated_Source\PSoC5/USBUART_1_pm.c **** /***************************************************************************//**
   2:Generated_Source\PSoC5/USBUART_1_pm.c **** * \file USBUART_1_pm.c
   3:Generated_Source\PSoC5/USBUART_1_pm.c **** * \version 3.10
   4:Generated_Source\PSoC5/USBUART_1_pm.c **** *
   5:Generated_Source\PSoC5/USBUART_1_pm.c **** * \brief
   6:Generated_Source\PSoC5/USBUART_1_pm.c **** *  This file provides Suspend/Resume APIs implementation.
   7:Generated_Source\PSoC5/USBUART_1_pm.c **** *
   8:Generated_Source\PSoC5/USBUART_1_pm.c **** ********************************************************************************
   9:Generated_Source\PSoC5/USBUART_1_pm.c **** * \copyright
  10:Generated_Source\PSoC5/USBUART_1_pm.c **** * Copyright 2008-2016, Cypress Semiconductor Corporation.  All rights reserved.
  11:Generated_Source\PSoC5/USBUART_1_pm.c **** * You may use this file only in accordance with the license, terms, conditions,
  12:Generated_Source\PSoC5/USBUART_1_pm.c **** * disclaimers, and limitations in the end user license agreement accompanying
  13:Generated_Source\PSoC5/USBUART_1_pm.c **** * the software package with which this file was provided.
  14:Generated_Source\PSoC5/USBUART_1_pm.c **** *******************************************************************************/
  15:Generated_Source\PSoC5/USBUART_1_pm.c **** 
  16:Generated_Source\PSoC5/USBUART_1_pm.c **** #include "USBUART_1_pvt.h"
  17:Generated_Source\PSoC5/USBUART_1_pm.c **** #include "USBUART_1_Dp.h"
  18:Generated_Source\PSoC5/USBUART_1_pm.c **** 
  19:Generated_Source\PSoC5/USBUART_1_pm.c **** 
  20:Generated_Source\PSoC5/USBUART_1_pm.c **** /***************************************
  21:Generated_Source\PSoC5/USBUART_1_pm.c **** * Custom Declarations
  22:Generated_Source\PSoC5/USBUART_1_pm.c **** ***************************************/
  23:Generated_Source\PSoC5/USBUART_1_pm.c **** /* `#START PM_CUSTOM_DECLARATIONS` Place your declaration here */
  24:Generated_Source\PSoC5/USBUART_1_pm.c **** 
  25:Generated_Source\PSoC5/USBUART_1_pm.c **** /* `#END` */
  26:Generated_Source\PSoC5/USBUART_1_pm.c **** 
  27:Generated_Source\PSoC5/USBUART_1_pm.c **** 
  28:Generated_Source\PSoC5/USBUART_1_pm.c **** /***************************************
  29:Generated_Source\PSoC5/USBUART_1_pm.c **** * Local data allocation
  30:Generated_Source\PSoC5/USBUART_1_pm.c **** ***************************************/
  31:Generated_Source\PSoC5/USBUART_1_pm.c **** 
ARM GAS  C:\Users\Luggi\AppData\Local\Temp\ccU5ykBp.s 			page 2


  32:Generated_Source\PSoC5/USBUART_1_pm.c **** static USBUART_1_BACKUP_STRUCT  USBUART_1_backup;
  33:Generated_Source\PSoC5/USBUART_1_pm.c **** 
  34:Generated_Source\PSoC5/USBUART_1_pm.c **** #if (USBUART_1_DP_ISR_ACTIVE)
  35:Generated_Source\PSoC5/USBUART_1_pm.c ****     /*******************************************************************************
  36:Generated_Source\PSoC5/USBUART_1_pm.c ****     * Function Name: USBUART_1_DP_ISR
  37:Generated_Source\PSoC5/USBUART_1_pm.c ****     ****************************************************************************//**
  38:Generated_Source\PSoC5/USBUART_1_pm.c ****     *
  39:Generated_Source\PSoC5/USBUART_1_pm.c ****     *  This Interrupt Service Routine handles DP pin changes for wake-up from
  40:Generated_Source\PSoC5/USBUART_1_pm.c ****     *  the sleep mode.
  41:Generated_Source\PSoC5/USBUART_1_pm.c ****     *
  42:Generated_Source\PSoC5/USBUART_1_pm.c ****     *******************************************************************************/
  43:Generated_Source\PSoC5/USBUART_1_pm.c ****     CY_ISR(USBUART_1_DP_ISR)
  44:Generated_Source\PSoC5/USBUART_1_pm.c ****     {
  27              		.loc 1 44 0
  28              		.cfi_startproc
  29              		@ args = 0, pretend = 0, frame = 0
  30              		@ frame_needed = 0, uses_anonymous_args = 0
  31              		@ link register save eliminated.
  45:Generated_Source\PSoC5/USBUART_1_pm.c ****     #ifdef USBUART_1_DP_ISR_ENTRY_CALLBACK
  46:Generated_Source\PSoC5/USBUART_1_pm.c ****         USBUART_1_DP_ISR_EntryCallback();
  47:Generated_Source\PSoC5/USBUART_1_pm.c ****     #endif /* (USBUART_1_DP_ISR_ENTRY_CALLBACK) */
  48:Generated_Source\PSoC5/USBUART_1_pm.c **** 
  49:Generated_Source\PSoC5/USBUART_1_pm.c ****         /* `#START DP_USER_CODE` Place your code here */
  50:Generated_Source\PSoC5/USBUART_1_pm.c **** 
  51:Generated_Source\PSoC5/USBUART_1_pm.c ****         /* `#END` */
  52:Generated_Source\PSoC5/USBUART_1_pm.c **** 
  53:Generated_Source\PSoC5/USBUART_1_pm.c ****         (void) USBUART_1_Dp_ClearInterrupt();
  32              		.loc 1 53 0
  33 0000 FFF7FEBF 		b	USBUART_1_Dp_ClearInterrupt
  34              	.LVL0:
  35              		.cfi_endproc
  36              	.LFE0:
  37              		.size	USBUART_1_DP_ISR, .-USBUART_1_DP_ISR
  38              		.section	.text.USBUART_1_SaveConfig,"ax",%progbits
  39              		.align	1
  40              		.global	USBUART_1_SaveConfig
  41              		.thumb
  42              		.thumb_func
  43              		.type	USBUART_1_SaveConfig, %function
  44              	USBUART_1_SaveConfig:
  45              	.LFB1:
  54:Generated_Source\PSoC5/USBUART_1_pm.c **** 		
  55:Generated_Source\PSoC5/USBUART_1_pm.c **** 	#ifdef USBUART_1_DP_ISR_EXIT_CALLBACK
  56:Generated_Source\PSoC5/USBUART_1_pm.c ****         USBUART_1_DP_ISR_ExitCallback();
  57:Generated_Source\PSoC5/USBUART_1_pm.c ****     #endif /* (USBUART_1_DP_ISR_EXIT_CALLBACK) */
  58:Generated_Source\PSoC5/USBUART_1_pm.c ****     }
  59:Generated_Source\PSoC5/USBUART_1_pm.c **** #endif /* (USBUART_1_DP_ISR_ACTIVE) */
  60:Generated_Source\PSoC5/USBUART_1_pm.c **** 
  61:Generated_Source\PSoC5/USBUART_1_pm.c **** 
  62:Generated_Source\PSoC5/USBUART_1_pm.c **** /*******************************************************************************
  63:Generated_Source\PSoC5/USBUART_1_pm.c **** * Function Name: USBUART_1_SaveConfig
  64:Generated_Source\PSoC5/USBUART_1_pm.c **** ****************************************************************************//**
  65:Generated_Source\PSoC5/USBUART_1_pm.c **** *
  66:Generated_Source\PSoC5/USBUART_1_pm.c **** *  Saves the current user configuration.
  67:Generated_Source\PSoC5/USBUART_1_pm.c **** *
  68:Generated_Source\PSoC5/USBUART_1_pm.c **** * \reentrant
  69:Generated_Source\PSoC5/USBUART_1_pm.c **** *  No.
ARM GAS  C:\Users\Luggi\AppData\Local\Temp\ccU5ykBp.s 			page 3


  70:Generated_Source\PSoC5/USBUART_1_pm.c **** *
  71:Generated_Source\PSoC5/USBUART_1_pm.c **** *******************************************************************************/
  72:Generated_Source\PSoC5/USBUART_1_pm.c **** void USBUART_1_SaveConfig(void) 
  73:Generated_Source\PSoC5/USBUART_1_pm.c **** {
  46              		.loc 1 73 0
  47              		.cfi_startproc
  48              		@ args = 0, pretend = 0, frame = 0
  49              		@ frame_needed = 0, uses_anonymous_args = 0
  50              		@ link register save eliminated.
  51 0000 7047     		bx	lr
  52              		.cfi_endproc
  53              	.LFE1:
  54              		.size	USBUART_1_SaveConfig, .-USBUART_1_SaveConfig
  55              		.section	.text.USBUART_1_RestoreConfig,"ax",%progbits
  56              		.align	1
  57              		.global	USBUART_1_RestoreConfig
  58              		.thumb
  59              		.thumb_func
  60              		.type	USBUART_1_RestoreConfig, %function
  61              	USBUART_1_RestoreConfig:
  62              	.LFB2:
  74:Generated_Source\PSoC5/USBUART_1_pm.c ****     /* Empty function added for the compatibility purpose. */
  75:Generated_Source\PSoC5/USBUART_1_pm.c **** }
  76:Generated_Source\PSoC5/USBUART_1_pm.c **** 
  77:Generated_Source\PSoC5/USBUART_1_pm.c **** 
  78:Generated_Source\PSoC5/USBUART_1_pm.c **** /*******************************************************************************
  79:Generated_Source\PSoC5/USBUART_1_pm.c **** * Function Name: USBUART_1_RestoreConfig
  80:Generated_Source\PSoC5/USBUART_1_pm.c **** ****************************************************************************//**
  81:Generated_Source\PSoC5/USBUART_1_pm.c **** *
  82:Generated_Source\PSoC5/USBUART_1_pm.c **** *  Restores the current user configuration.
  83:Generated_Source\PSoC5/USBUART_1_pm.c **** *
  84:Generated_Source\PSoC5/USBUART_1_pm.c **** * \reentrant
  85:Generated_Source\PSoC5/USBUART_1_pm.c **** *  No.
  86:Generated_Source\PSoC5/USBUART_1_pm.c **** *
  87:Generated_Source\PSoC5/USBUART_1_pm.c **** *******************************************************************************/
  88:Generated_Source\PSoC5/USBUART_1_pm.c **** void USBUART_1_RestoreConfig(void) 
  89:Generated_Source\PSoC5/USBUART_1_pm.c **** {
  63              		.loc 1 89 0
  64              		.cfi_startproc
  65              		@ args = 0, pretend = 0, frame = 0
  66              		@ frame_needed = 0, uses_anonymous_args = 0
  67              		.loc 1 89 0
  68 0000 08B5     		push	{r3, lr}
  69              		.cfi_def_cfa_offset 8
  70              		.cfi_offset 3, -8
  71              		.cfi_offset 14, -4
  90:Generated_Source\PSoC5/USBUART_1_pm.c ****     if (USBUART_1_configuration != 0u)
  72              		.loc 1 90 0
  73 0002 054B     		ldr	r3, .L6
  74 0004 1B78     		ldrb	r3, [r3]	@ zero_extendqisi2
  75 0006 2BB1     		cbz	r3, .L3
  91:Generated_Source\PSoC5/USBUART_1_pm.c ****     {
  92:Generated_Source\PSoC5/USBUART_1_pm.c ****         USBUART_1_ConfigReg();
  76              		.loc 1 92 0
  77 0008 FFF7FEFF 		bl	USBUART_1_ConfigReg
  78              	.LVL1:
  93:Generated_Source\PSoC5/USBUART_1_pm.c ****         USBUART_1_EpStateInit();
ARM GAS  C:\Users\Luggi\AppData\Local\Temp\ccU5ykBp.s 			page 4


  94:Generated_Source\PSoC5/USBUART_1_pm.c ****     }
  95:Generated_Source\PSoC5/USBUART_1_pm.c **** }
  79              		.loc 1 95 0
  80 000c BDE80840 		pop	{r3, lr}
  81              		.cfi_remember_state
  82              		.cfi_restore 14
  83              		.cfi_restore 3
  84              		.cfi_def_cfa_offset 0
  93:Generated_Source\PSoC5/USBUART_1_pm.c ****         USBUART_1_EpStateInit();
  85              		.loc 1 93 0
  86 0010 FFF7FEBF 		b	USBUART_1_EpStateInit
  87              	.LVL2:
  88              	.L3:
  89              		.cfi_restore_state
  90 0014 08BD     		pop	{r3, pc}
  91              	.L7:
  92 0016 00BF     		.align	2
  93              	.L6:
  94 0018 00000000 		.word	USBUART_1_configuration
  95              		.cfi_endproc
  96              	.LFE2:
  97              		.size	USBUART_1_RestoreConfig, .-USBUART_1_RestoreConfig
  98              		.section	.text.USBUART_1_Suspend,"ax",%progbits
  99              		.align	1
 100              		.global	USBUART_1_Suspend
 101              		.thumb
 102              		.thumb_func
 103              		.type	USBUART_1_Suspend, %function
 104              	USBUART_1_Suspend:
 105              	.LFB3:
  96:Generated_Source\PSoC5/USBUART_1_pm.c **** 
  97:Generated_Source\PSoC5/USBUART_1_pm.c **** 
  98:Generated_Source\PSoC5/USBUART_1_pm.c **** /*******************************************************************************
  99:Generated_Source\PSoC5/USBUART_1_pm.c **** * Function Name: USBUART_1_Suspend
 100:Generated_Source\PSoC5/USBUART_1_pm.c **** ****************************************************************************//**
 101:Generated_Source\PSoC5/USBUART_1_pm.c **** *
 102:Generated_Source\PSoC5/USBUART_1_pm.c **** *  This function prepares the USBFS component to enter low power mode. The 
 103:Generated_Source\PSoC5/USBUART_1_pm.c **** *  interrupt on falling edge on Dp pin is configured to wakeup device when the 
 104:Generated_Source\PSoC5/USBUART_1_pm.c **** *  host drives resume condition. The pull-up is enabled on the Dp line while 
 105:Generated_Source\PSoC5/USBUART_1_pm.c **** *  device is in low power mode. The supported low power modes are Deep Sleep 
 106:Generated_Source\PSoC5/USBUART_1_pm.c **** *  (PSoC 4200L) and Sleep (PSoC 3/ PSoC 5LP).
 107:Generated_Source\PSoC5/USBUART_1_pm.c **** *  
 108:Generated_Source\PSoC5/USBUART_1_pm.c **** *  *Note* For PSoC 4200L devices, this function should not be called before 
 109:Generated_Source\PSoC5/USBUART_1_pm.c **** *  entering Sleep.
 110:Generated_Source\PSoC5/USBUART_1_pm.c **** *  
 111:Generated_Source\PSoC5/USBUART_1_pm.c **** *  *Note* After enter low power mode, the data which is left in the IN or OUT 
 112:Generated_Source\PSoC5/USBUART_1_pm.c **** *  endpoint buffers is not restored after wakeup and lost. Therefore it should 
 113:Generated_Source\PSoC5/USBUART_1_pm.c **** *  be stored in the SRAM for OUT endpoint or read by the host for IN endpoint 
 114:Generated_Source\PSoC5/USBUART_1_pm.c **** *  before enter low power mode.
 115:Generated_Source\PSoC5/USBUART_1_pm.c **** *
 116:Generated_Source\PSoC5/USBUART_1_pm.c **** * \globalvars
 117:Generated_Source\PSoC5/USBUART_1_pm.c **** *  USBUART_1_backup.enable:  modified.
 118:Generated_Source\PSoC5/USBUART_1_pm.c **** *
 119:Generated_Source\PSoC5/USBUART_1_pm.c **** * \reentrant
 120:Generated_Source\PSoC5/USBUART_1_pm.c **** *  No.
 121:Generated_Source\PSoC5/USBUART_1_pm.c **** *
 122:Generated_Source\PSoC5/USBUART_1_pm.c **** *******************************************************************************/
ARM GAS  C:\Users\Luggi\AppData\Local\Temp\ccU5ykBp.s 			page 5


 123:Generated_Source\PSoC5/USBUART_1_pm.c **** void USBUART_1_Suspend(void) 
 124:Generated_Source\PSoC5/USBUART_1_pm.c **** {
 106              		.loc 1 124 0
 107              		.cfi_startproc
 108              		@ args = 0, pretend = 0, frame = 0
 109              		@ frame_needed = 0, uses_anonymous_args = 0
 110 0000 2DE9F041 		push	{r4, r5, r6, r7, r8, lr}
 111              		.cfi_def_cfa_offset 24
 112              		.cfi_offset 4, -24
 113              		.cfi_offset 5, -20
 114              		.cfi_offset 6, -16
 115              		.cfi_offset 7, -12
 116              		.cfi_offset 8, -8
 117              		.cfi_offset 14, -4
 125:Generated_Source\PSoC5/USBUART_1_pm.c ****     uint8 enableInterrupts;
 126:Generated_Source\PSoC5/USBUART_1_pm.c **** 
 127:Generated_Source\PSoC5/USBUART_1_pm.c ****     enableInterrupts = CyEnterCriticalSection();
 118              		.loc 1 127 0
 119 0004 FFF7FEFF 		bl	CyEnterCriticalSection
 120              	.LVL3:
 128:Generated_Source\PSoC5/USBUART_1_pm.c **** 
 129:Generated_Source\PSoC5/USBUART_1_pm.c ****     if (0u != (USBUART_1_CR0_REG & USBUART_1_CR0_ENABLE))
 121              		.loc 1 129 0
 122 0008 DFF8BC80 		ldr	r8, .L11+24
 127:Generated_Source\PSoC5/USBUART_1_pm.c **** 
 123              		.loc 1 127 0
 124 000c 0746     		mov	r7, r0
 125              	.LVL4:
 126              		.loc 1 129 0
 127 000e 98F80030 		ldrb	r3, [r8]	@ zero_extendqisi2
 128 0012 274D     		ldr	r5, .L11
 129 0014 13F0800F 		tst	r3, #128
 130 0018 3AD0     		beq	.L9
 130:Generated_Source\PSoC5/USBUART_1_pm.c ****     {
 131:Generated_Source\PSoC5/USBUART_1_pm.c ****         /* USB block is enabled. */
 132:Generated_Source\PSoC5/USBUART_1_pm.c ****         USBUART_1_backup.enableState = 1u;
 131              		.loc 1 132 0
 132 001a 0126     		movs	r6, #1
 133:Generated_Source\PSoC5/USBUART_1_pm.c **** 
 134:Generated_Source\PSoC5/USBUART_1_pm.c ****     #if (USBUART_1_EP_MANAGEMENT_DMA)
 135:Generated_Source\PSoC5/USBUART_1_pm.c ****         USBUART_1_Stop_DMA(USBUART_1_MAX_EP);
 136:Generated_Source\PSoC5/USBUART_1_pm.c ****     #endif /* (USBUART_1_EP_MANAGEMENT_DMA) */
 137:Generated_Source\PSoC5/USBUART_1_pm.c **** 
 138:Generated_Source\PSoC5/USBUART_1_pm.c ****     #if (CY_PSOC4)
 139:Generated_Source\PSoC5/USBUART_1_pm.c ****         /* Suspend enter sequence. */
 140:Generated_Source\PSoC5/USBUART_1_pm.c ****         USBUART_1_POWER_CTRL_REG |= (USBUART_1_POWER_CTRL_SUSPEND |
 141:Generated_Source\PSoC5/USBUART_1_pm.c ****                                             USBUART_1_POWER_CTRL_SUSPEND_DEL);
 142:Generated_Source\PSoC5/USBUART_1_pm.c **** 
 143:Generated_Source\PSoC5/USBUART_1_pm.c ****         /* Store state of USB regulator and disable it. */
 144:Generated_Source\PSoC5/USBUART_1_pm.c ****         USBUART_1_backup.mode = (uint8)  (USBUART_1_CR1_REG & USBUART_1_CR1_REG_ENABLE);
 145:Generated_Source\PSoC5/USBUART_1_pm.c ****         USBUART_1_CR1_REG    &= (uint32) ~USBUART_1_CR1_REG_ENABLE;
 146:Generated_Source\PSoC5/USBUART_1_pm.c ****         
 147:Generated_Source\PSoC5/USBUART_1_pm.c ****         /* Store SIE interrupt sources. Valid bits are 0 - 4. */
 148:Generated_Source\PSoC5/USBUART_1_pm.c ****         USBUART_1_backup.intrSeiMask = (uint8) USBUART_1_INTR_SIE_MASK_REG;
 149:Generated_Source\PSoC5/USBUART_1_pm.c **** 
 150:Generated_Source\PSoC5/USBUART_1_pm.c ****     #else
 151:Generated_Source\PSoC5/USBUART_1_pm.c ****         /* Ensure USB transmit enable is low (USB_USBIO_CR0.ten). - Manual Transmission - Disabled.
ARM GAS  C:\Users\Luggi\AppData\Local\Temp\ccU5ykBp.s 			page 6


 152:Generated_Source\PSoC5/USBUART_1_pm.c ****         USBUART_1_USBIO_CR0_REG &= (uint8) ~USBUART_1_USBIO_CR0_TEN;
 133              		.loc 1 152 0
 134 001c 254A     		ldr	r2, .L11+4
 132:Generated_Source\PSoC5/USBUART_1_pm.c **** 
 135              		.loc 1 132 0
 136 001e 2E70     		strb	r6, [r5]
 137              		.loc 1 152 0
 138 0020 1378     		ldrb	r3, [r2]	@ zero_extendqisi2
 153:Generated_Source\PSoC5/USBUART_1_pm.c ****         CyDelayUs(USBUART_1_WAIT_REG_STABILITY_50NS);  /*~50ns delay. */
 154:Generated_Source\PSoC5/USBUART_1_pm.c **** 
 155:Generated_Source\PSoC5/USBUART_1_pm.c ****         /* Disable the USBIO by asserting PM.USB_CR0.fsusbio_pd_n(Inverted) and pd_pullup_hv(Invert
 156:Generated_Source\PSoC5/USBUART_1_pm.c ****         USBUART_1_PM_USB_CR0_REG &= (uint8) ~(USBUART_1_PM_USB_CR0_PD_N |
 139              		.loc 1 156 0
 140 0022 254C     		ldr	r4, .L11+8
 152:Generated_Source\PSoC5/USBUART_1_pm.c ****         CyDelayUs(USBUART_1_WAIT_REG_STABILITY_50NS);  /*~50ns delay. */
 141              		.loc 1 152 0
 142 0024 03F07F03 		and	r3, r3, #127
 143 0028 1370     		strb	r3, [r2]
 153:Generated_Source\PSoC5/USBUART_1_pm.c ****         CyDelayUs(USBUART_1_WAIT_REG_STABILITY_50NS);  /*~50ns delay. */
 144              		.loc 1 153 0
 145 002a 0020     		movs	r0, #0
 146 002c FFF7FEFF 		bl	CyDelayUs
 147              	.LVL5:
 148              		.loc 1 156 0
 149 0030 2378     		ldrb	r3, [r4]	@ zero_extendqisi2
 157:Generated_Source\PSoC5/USBUART_1_pm.c ****                                                      USBUART_1_PM_USB_CR0_PD_PULLUP_N);
 158:Generated_Source\PSoC5/USBUART_1_pm.c **** 
 159:Generated_Source\PSoC5/USBUART_1_pm.c ****         /* Disable the SIE. */
 160:Generated_Source\PSoC5/USBUART_1_pm.c ****         USBUART_1_CR0_REG &= (uint8) ~USBUART_1_CR0_ENABLE;
 161:Generated_Source\PSoC5/USBUART_1_pm.c **** 
 162:Generated_Source\PSoC5/USBUART_1_pm.c ****         CyDelayUs(USBUART_1_WAIT_REG_STABILITY_50NS);  /* ~50ns delay. */
 150              		.loc 1 162 0
 151 0032 0020     		movs	r0, #0
 156:Generated_Source\PSoC5/USBUART_1_pm.c ****                                                      USBUART_1_PM_USB_CR0_PD_PULLUP_N);
 152              		.loc 1 156 0
 153 0034 03F0F903 		and	r3, r3, #249
 154 0038 2370     		strb	r3, [r4]
 160:Generated_Source\PSoC5/USBUART_1_pm.c **** 
 155              		.loc 1 160 0
 156 003a 98F80030 		ldrb	r3, [r8]	@ zero_extendqisi2
 157 003e 03F07F03 		and	r3, r3, #127
 158 0042 88F80030 		strb	r3, [r8]
 159              		.loc 1 162 0
 160 0046 FFF7FEFF 		bl	CyDelayUs
 161              	.LVL6:
 163:Generated_Source\PSoC5/USBUART_1_pm.c ****         /* Store mode and disable VRegulator. */
 164:Generated_Source\PSoC5/USBUART_1_pm.c ****         USBUART_1_backup.mode = (uint8) (USBUART_1_CR1_REG & USBUART_1_CR1_REG_ENABLE);
 162              		.loc 1 164 0
 163 004a 1C4B     		ldr	r3, .L11+12
 165:Generated_Source\PSoC5/USBUART_1_pm.c ****         USBUART_1_CR1_REG    &= (uint8) ~USBUART_1_CR1_REG_ENABLE;
 166:Generated_Source\PSoC5/USBUART_1_pm.c **** 
 167:Generated_Source\PSoC5/USBUART_1_pm.c ****         CyDelayUs(USBUART_1_WAIT_REG_STABILITY_1US); /* min 0.5us delay required. */
 164              		.loc 1 167 0
 165 004c 3046     		mov	r0, r6
 164:Generated_Source\PSoC5/USBUART_1_pm.c ****         USBUART_1_CR1_REG    &= (uint8) ~USBUART_1_CR1_REG_ENABLE;
 166              		.loc 1 164 0
 167 004e 1A78     		ldrb	r2, [r3]	@ zero_extendqisi2
ARM GAS  C:\Users\Luggi\AppData\Local\Temp\ccU5ykBp.s 			page 7


 168 0050 3240     		ands	r2, r2, r6
 169 0052 6A70     		strb	r2, [r5, #1]
 165:Generated_Source\PSoC5/USBUART_1_pm.c ****         USBUART_1_CR1_REG    &= (uint8) ~USBUART_1_CR1_REG_ENABLE;
 170              		.loc 1 165 0
 171 0054 1A78     		ldrb	r2, [r3]	@ zero_extendqisi2
 172 0056 02F0FE02 		and	r2, r2, #254
 173 005a 1A70     		strb	r2, [r3]
 174              		.loc 1 167 0
 175 005c FFF7FEFF 		bl	CyDelayUs
 176              	.LVL7:
 168:Generated_Source\PSoC5/USBUART_1_pm.c **** 
 169:Generated_Source\PSoC5/USBUART_1_pm.c ****         /* Disable the USBIO reference by setting PM.USB_CR0.fsusbio_ref_en.*/
 170:Generated_Source\PSoC5/USBUART_1_pm.c ****         USBUART_1_PM_USB_CR0_REG &= (uint8) ~USBUART_1_PM_USB_CR0_REF_EN;
 177              		.loc 1 170 0
 178 0060 2378     		ldrb	r3, [r4]	@ zero_extendqisi2
 171:Generated_Source\PSoC5/USBUART_1_pm.c **** 
 172:Generated_Source\PSoC5/USBUART_1_pm.c ****         /* Switch DP and DM terminals to GPIO mode and disconnect 1.5k pull-up. */
 173:Generated_Source\PSoC5/USBUART_1_pm.c ****         USBUART_1_USBIO_CR1_REG |= USBUART_1_USBIO_CR1_IOMODE;
 179              		.loc 1 173 0
 180 0062 174A     		ldr	r2, .L11+16
 170:Generated_Source\PSoC5/USBUART_1_pm.c **** 
 181              		.loc 1 170 0
 182 0064 03F0FE03 		and	r3, r3, #254
 183 0068 2370     		strb	r3, [r4]
 184              		.loc 1 173 0
 185 006a 1378     		ldrb	r3, [r2]	@ zero_extendqisi2
 174:Generated_Source\PSoC5/USBUART_1_pm.c **** 
 175:Generated_Source\PSoC5/USBUART_1_pm.c ****         /* Disable USBFS block. */
 176:Generated_Source\PSoC5/USBUART_1_pm.c ****         /* Clear power active and standby mode templates: disable USB block. */
 177:Generated_Source\PSoC5/USBUART_1_pm.c ****         USBUART_1_PM_ACT_CFG_REG  &= (uint8) ~USBUART_1_PM_ACT_EN_FSUSB;
 178:Generated_Source\PSoC5/USBUART_1_pm.c ****         USBUART_1_PM_STBY_CFG_REG &= (uint8) ~USBUART_1_PM_STBY_EN_FSUSB;
 179:Generated_Source\PSoC5/USBUART_1_pm.c **** 
 180:Generated_Source\PSoC5/USBUART_1_pm.c ****         CyDelayUs(USBUART_1_WAIT_REG_STABILITY_1US); /* min 0.5us delay required. */
 186              		.loc 1 180 0
 187 006c 3046     		mov	r0, r6
 173:Generated_Source\PSoC5/USBUART_1_pm.c **** 
 188              		.loc 1 173 0
 189 006e 43F02003 		orr	r3, r3, #32
 190 0072 1370     		strb	r3, [r2]
 177:Generated_Source\PSoC5/USBUART_1_pm.c ****         USBUART_1_PM_STBY_CFG_REG &= (uint8) ~USBUART_1_PM_STBY_EN_FSUSB;
 191              		.loc 1 177 0
 192 0074 A2F5E352 		sub	r2, r2, #7264
 193 0078 0D3A     		subs	r2, r2, #13
 194 007a 1378     		ldrb	r3, [r2]	@ zero_extendqisi2
 195 007c 03F0FE03 		and	r3, r3, #254
 196 0080 1370     		strb	r3, [r2]
 178:Generated_Source\PSoC5/USBUART_1_pm.c **** 
 197              		.loc 1 178 0
 198 0082 137C     		ldrb	r3, [r2, #16]	@ zero_extendqisi2
 199 0084 03F0FE03 		and	r3, r3, #254
 200 0088 1374     		strb	r3, [r2, #16]
 201              		.loc 1 180 0
 202 008a FFF7FEFF 		bl	CyDelayUs
 203              	.LVL8:
 204 008e 01E0     		b	.L10
 205              	.L9:
 181:Generated_Source\PSoC5/USBUART_1_pm.c ****     #endif /* (CY_PSOC4) */
ARM GAS  C:\Users\Luggi\AppData\Local\Temp\ccU5ykBp.s 			page 8


 182:Generated_Source\PSoC5/USBUART_1_pm.c ****     }
 183:Generated_Source\PSoC5/USBUART_1_pm.c ****     else
 184:Generated_Source\PSoC5/USBUART_1_pm.c ****     {
 185:Generated_Source\PSoC5/USBUART_1_pm.c ****         USBUART_1_backup.enableState = 0u;
 206              		.loc 1 185 0
 207 0090 0023     		movs	r3, #0
 208 0092 2B70     		strb	r3, [r5]
 209              	.L10:
 186:Generated_Source\PSoC5/USBUART_1_pm.c ****     }
 187:Generated_Source\PSoC5/USBUART_1_pm.c **** 
 188:Generated_Source\PSoC5/USBUART_1_pm.c ****     CyExitCriticalSection(enableInterrupts);
 210              		.loc 1 188 0
 211 0094 3846     		mov	r0, r7
 212 0096 FFF7FEFF 		bl	CyExitCriticalSection
 213              	.LVL9:
 189:Generated_Source\PSoC5/USBUART_1_pm.c **** 
 190:Generated_Source\PSoC5/USBUART_1_pm.c **** #if (USBUART_1_DP_ISR_ACTIVE)
 191:Generated_Source\PSoC5/USBUART_1_pm.c ****     /* Clear active mode Dp interrupt source history. */
 192:Generated_Source\PSoC5/USBUART_1_pm.c ****     (void) USBUART_1_Dp_ClearInterrupt();
 214              		.loc 1 192 0
 215 009a FFF7FEFF 		bl	USBUART_1_Dp_ClearInterrupt
 216              	.LVL10:
 193:Generated_Source\PSoC5/USBUART_1_pm.c ****     CyIntClearPending(USBUART_1_DP_INTC_VECT_NUM);
 217              		.loc 1 193 0
 218 009e 094A     		ldr	r2, .L11+20
 219 00a0 4FF48053 		mov	r3, #4096
 220 00a4 1360     		str	r3, [r2]
 194:Generated_Source\PSoC5/USBUART_1_pm.c **** 
 195:Generated_Source\PSoC5/USBUART_1_pm.c ****     CyIntEnable      (USBUART_1_DP_INTC_VECT_NUM);
 221              		.loc 1 195 0
 222 00a6 A2F5C072 		sub	r2, r2, #384
 223 00aa 1360     		str	r3, [r2]
 224 00ac BDE8F081 		pop	{r4, r5, r6, r7, r8, pc}
 225              	.LVL11:
 226              	.L12:
 227              		.align	2
 228              	.L11:
 229 00b0 00000000 		.word	.LANCHOR0
 230 00b4 10600040 		.word	1073766416
 231 00b8 94430040 		.word	1073759124
 232 00bc 09600040 		.word	1073766409
 233 00c0 12600040 		.word	1073766418
 234 00c4 80E200E0 		.word	-536812928
 235 00c8 08600040 		.word	1073766408
 236              		.cfi_endproc
 237              	.LFE3:
 238              		.size	USBUART_1_Suspend, .-USBUART_1_Suspend
 239              		.section	.text.USBUART_1_Resume,"ax",%progbits
 240              		.align	1
 241              		.global	USBUART_1_Resume
 242              		.thumb
 243              		.thumb_func
 244              		.type	USBUART_1_Resume, %function
 245              	USBUART_1_Resume:
 246              	.LFB4:
 196:Generated_Source\PSoC5/USBUART_1_pm.c **** #endif /* (USBUART_1_DP_ISR_ACTIVE). */
 197:Generated_Source\PSoC5/USBUART_1_pm.c **** }
ARM GAS  C:\Users\Luggi\AppData\Local\Temp\ccU5ykBp.s 			page 9


 198:Generated_Source\PSoC5/USBUART_1_pm.c **** 
 199:Generated_Source\PSoC5/USBUART_1_pm.c **** 
 200:Generated_Source\PSoC5/USBUART_1_pm.c **** /*******************************************************************************
 201:Generated_Source\PSoC5/USBUART_1_pm.c **** * Function Name: USBUART_1_Resume
 202:Generated_Source\PSoC5/USBUART_1_pm.c **** ****************************************************************************//**
 203:Generated_Source\PSoC5/USBUART_1_pm.c **** *
 204:Generated_Source\PSoC5/USBUART_1_pm.c **** *  This function prepares the USBFS component for active mode operation after 
 205:Generated_Source\PSoC5/USBUART_1_pm.c **** *  exit low power mode. It restores the component active mode configuration such 
 206:Generated_Source\PSoC5/USBUART_1_pm.c **** *  as device address assigned previously by the host, endpoints buffer and disables 
 207:Generated_Source\PSoC5/USBUART_1_pm.c **** *  interrupt on Dp pin.
 208:Generated_Source\PSoC5/USBUART_1_pm.c **** *  The supported low power modes are Deep Sleep (PSoC 4200L) and Sleep 
 209:Generated_Source\PSoC5/USBUART_1_pm.c **** *  (PSoC 3/ PSoC 5LP).
 210:Generated_Source\PSoC5/USBUART_1_pm.c **** *  
 211:Generated_Source\PSoC5/USBUART_1_pm.c **** *  *Note* For PSoC 4200L devices, this function should not be called after 
 212:Generated_Source\PSoC5/USBUART_1_pm.c **** *  exiting Sleep.
 213:Generated_Source\PSoC5/USBUART_1_pm.c **** *  
 214:Generated_Source\PSoC5/USBUART_1_pm.c **** *  *Note* To resume communication with the host, the data endpoints must be 
 215:Generated_Source\PSoC5/USBUART_1_pm.c **** *  managed: the OUT endpoints must be enabled and IN endpoints must be loaded 
 216:Generated_Source\PSoC5/USBUART_1_pm.c **** *  with data. For DMA with Automatic Buffer Management, all endpoints buffers 
 217:Generated_Source\PSoC5/USBUART_1_pm.c **** *  must be initialized again before making them available to the host.
 218:Generated_Source\PSoC5/USBUART_1_pm.c **** *
 219:Generated_Source\PSoC5/USBUART_1_pm.c **** *
 220:Generated_Source\PSoC5/USBUART_1_pm.c **** * \globalvars
 221:Generated_Source\PSoC5/USBUART_1_pm.c **** *  USBUART_1_backup - checked.
 222:Generated_Source\PSoC5/USBUART_1_pm.c **** *
 223:Generated_Source\PSoC5/USBUART_1_pm.c **** * \reentrant
 224:Generated_Source\PSoC5/USBUART_1_pm.c **** *  No.
 225:Generated_Source\PSoC5/USBUART_1_pm.c **** *
 226:Generated_Source\PSoC5/USBUART_1_pm.c **** *******************************************************************************/
 227:Generated_Source\PSoC5/USBUART_1_pm.c **** void USBUART_1_Resume(void) 
 228:Generated_Source\PSoC5/USBUART_1_pm.c **** {
 247              		.loc 1 228 0
 248              		.cfi_startproc
 249              		@ args = 0, pretend = 0, frame = 0
 250              		@ frame_needed = 0, uses_anonymous_args = 0
 251 0000 70B5     		push	{r4, r5, r6, lr}
 252              		.cfi_def_cfa_offset 16
 253              		.cfi_offset 4, -16
 254              		.cfi_offset 5, -12
 255              		.cfi_offset 6, -8
 256              		.cfi_offset 14, -4
 229:Generated_Source\PSoC5/USBUART_1_pm.c ****     uint8 enableInterrupts;
 230:Generated_Source\PSoC5/USBUART_1_pm.c **** 
 231:Generated_Source\PSoC5/USBUART_1_pm.c ****     enableInterrupts = CyEnterCriticalSection();
 257              		.loc 1 231 0
 258 0002 FFF7FEFF 		bl	CyEnterCriticalSection
 259              	.LVL12:
 232:Generated_Source\PSoC5/USBUART_1_pm.c **** 
 233:Generated_Source\PSoC5/USBUART_1_pm.c ****     if (0u != USBUART_1_backup.enableState)
 260              		.loc 1 233 0
 261 0006 244E     		ldr	r6, .L18
 231:Generated_Source\PSoC5/USBUART_1_pm.c **** 
 262              		.loc 1 231 0
 263 0008 0546     		mov	r5, r0
 264              	.LVL13:
 265              		.loc 1 233 0
 266 000a 3378     		ldrb	r3, [r6]	@ zero_extendqisi2
ARM GAS  C:\Users\Luggi\AppData\Local\Temp\ccU5ykBp.s 			page 10


 267 000c 002B     		cmp	r3, #0
 268 000e 3ED0     		beq	.L14
 234:Generated_Source\PSoC5/USBUART_1_pm.c ****     {
 235:Generated_Source\PSoC5/USBUART_1_pm.c ****     #if (USBUART_1_DP_ISR_ACTIVE)
 236:Generated_Source\PSoC5/USBUART_1_pm.c ****         CyIntDisable(USBUART_1_DP_INTC_VECT_NUM);
 269              		.loc 1 236 0
 270 0010 224B     		ldr	r3, .L18+4
 271 0012 4FF48052 		mov	r2, #4096
 272 0016 1A60     		str	r2, [r3]
 237:Generated_Source\PSoC5/USBUART_1_pm.c ****     #endif /* (USBUART_1_DP_ISR_ACTIVE) */
 238:Generated_Source\PSoC5/USBUART_1_pm.c **** 
 239:Generated_Source\PSoC5/USBUART_1_pm.c ****     #if (CY_PSOC4)
 240:Generated_Source\PSoC5/USBUART_1_pm.c ****         /* Enable clock to USB IP. */
 241:Generated_Source\PSoC5/USBUART_1_pm.c ****         USBUART_1_USB_CLK_EN_REG |= USBUART_1_USB_CLK_CSR_CLK_EN;
 242:Generated_Source\PSoC5/USBUART_1_pm.c **** 
 243:Generated_Source\PSoC5/USBUART_1_pm.c ****         /* Restore arbiter configuration for DMA transfers. */
 244:Generated_Source\PSoC5/USBUART_1_pm.c ****         #if (USBUART_1_EP_MANAGEMENT_DMA)
 245:Generated_Source\PSoC5/USBUART_1_pm.c ****             #if (USBUART_1_ARB_ISR_ACTIVE)
 246:Generated_Source\PSoC5/USBUART_1_pm.c ****                 /* Enable ARB EP interrupt sources. */
 247:Generated_Source\PSoC5/USBUART_1_pm.c ****                 USBUART_1_ARB_INT_EN_REG = USBUART_1_DEFAULT_ARB_INT_EN;
 248:Generated_Source\PSoC5/USBUART_1_pm.c ****             #endif /* (USBUART_1_EP_MANAGEMENT_DMA) */
 249:Generated_Source\PSoC5/USBUART_1_pm.c **** 
 250:Generated_Source\PSoC5/USBUART_1_pm.c ****             /* Configure arbiter for Manual or Auto DMA operation and clear 
 251:Generated_Source\PSoC5/USBUART_1_pm.c ****             * configuration completion. 
 252:Generated_Source\PSoC5/USBUART_1_pm.c ****             */
 253:Generated_Source\PSoC5/USBUART_1_pm.c ****             USBUART_1_ARB_CFG_REG = USBUART_1_DEFAULT_ARB_CFG;
 254:Generated_Source\PSoC5/USBUART_1_pm.c ****         #endif /* (USBUART_1_EP_MANAGEMENT_DMA) */
 255:Generated_Source\PSoC5/USBUART_1_pm.c **** 
 256:Generated_Source\PSoC5/USBUART_1_pm.c ****         /* Restore level (hi, lo, med) for each interrupt source. */
 257:Generated_Source\PSoC5/USBUART_1_pm.c ****         USBUART_1_INTR_LVL_SEL_REG = USBUART_1_DEFAULT_INTR_LVL_SEL;
 258:Generated_Source\PSoC5/USBUART_1_pm.c ****         
 259:Generated_Source\PSoC5/USBUART_1_pm.c ****         /* Store SIE interrupt sources. */
 260:Generated_Source\PSoC5/USBUART_1_pm.c ****         USBUART_1_INTR_SIE_MASK_REG = (uint32) USBUART_1_backup.intrSeiMask;
 261:Generated_Source\PSoC5/USBUART_1_pm.c **** 
 262:Generated_Source\PSoC5/USBUART_1_pm.c ****         /* Set EP0.CR: ACK Setup, NAK IN/OUT. */
 263:Generated_Source\PSoC5/USBUART_1_pm.c ****         USBUART_1_EP0_CR_REG = USBUART_1_MODE_NAK_IN_OUT;
 264:Generated_Source\PSoC5/USBUART_1_pm.c **** 
 265:Generated_Source\PSoC5/USBUART_1_pm.c ****         /* Restore data EP1-8 configuration. */
 266:Generated_Source\PSoC5/USBUART_1_pm.c ****         USBUART_1_RestoreConfig();
 267:Generated_Source\PSoC5/USBUART_1_pm.c **** 
 268:Generated_Source\PSoC5/USBUART_1_pm.c ****         /* Restore state of USB regulator and wait until it supples stable power. */
 269:Generated_Source\PSoC5/USBUART_1_pm.c ****         USBUART_1_CR1_REG |= USBUART_1_backup.mode;
 270:Generated_Source\PSoC5/USBUART_1_pm.c ****         CyDelayUs(USBUART_1_WAIT_VREF_STABILITY);
 271:Generated_Source\PSoC5/USBUART_1_pm.c **** 
 272:Generated_Source\PSoC5/USBUART_1_pm.c ****         /* Suspend exit sequence. */
 273:Generated_Source\PSoC5/USBUART_1_pm.c ****         USBUART_1_POWER_CTRL_REG &= (uint32) ~USBUART_1_POWER_CTRL_SUSPEND;
 274:Generated_Source\PSoC5/USBUART_1_pm.c ****         CyDelayUs(USBUART_1_WAIT_SUSPEND_DEL_DISABLE);
 275:Generated_Source\PSoC5/USBUART_1_pm.c ****         USBUART_1_POWER_CTRL_REG &= (uint32) ~USBUART_1_POWER_CTRL_SUSPEND_DEL;
 276:Generated_Source\PSoC5/USBUART_1_pm.c **** 
 277:Generated_Source\PSoC5/USBUART_1_pm.c ****     #else
 278:Generated_Source\PSoC5/USBUART_1_pm.c ****         /* Set power active and standby mode templates: enable USB block. */
 279:Generated_Source\PSoC5/USBUART_1_pm.c ****         USBUART_1_PM_ACT_CFG_REG  |= USBUART_1_PM_ACT_EN_FSUSB;
 273              		.loc 1 279 0
 274 0018 214A     		ldr	r2, .L18+8
 280:Generated_Source\PSoC5/USBUART_1_pm.c ****         USBUART_1_PM_STBY_CFG_REG |= USBUART_1_PM_STBY_EN_FSUSB;
 281:Generated_Source\PSoC5/USBUART_1_pm.c **** 
 282:Generated_Source\PSoC5/USBUART_1_pm.c ****         /* Enable core clock. */
ARM GAS  C:\Users\Luggi\AppData\Local\Temp\ccU5ykBp.s 			page 11


 283:Generated_Source\PSoC5/USBUART_1_pm.c ****         USBUART_1_USB_CLK_EN_REG |= USBUART_1_USB_CLK_ENABLE;
 284:Generated_Source\PSoC5/USBUART_1_pm.c **** 
 285:Generated_Source\PSoC5/USBUART_1_pm.c ****         /* Enable the USBIO reference by setting PM.USB_CR0.fsusbio_ref_en.*/
 286:Generated_Source\PSoC5/USBUART_1_pm.c ****         USBUART_1_PM_USB_CR0_REG |= USBUART_1_PM_USB_CR0_REF_EN;
 275              		.loc 1 286 0
 276 001a 224C     		ldr	r4, .L18+12
 279:Generated_Source\PSoC5/USBUART_1_pm.c ****         USBUART_1_PM_STBY_CFG_REG |= USBUART_1_PM_STBY_EN_FSUSB;
 277              		.loc 1 279 0
 278 001c 1378     		ldrb	r3, [r2]	@ zero_extendqisi2
 287:Generated_Source\PSoC5/USBUART_1_pm.c **** 
 288:Generated_Source\PSoC5/USBUART_1_pm.c ****         /* The reference is available ~40us after power restored. */
 289:Generated_Source\PSoC5/USBUART_1_pm.c ****         CyDelayUs(USBUART_1_WAIT_VREF_RESTORE);
 279              		.loc 1 289 0
 280 001e 2820     		movs	r0, #40
 279:Generated_Source\PSoC5/USBUART_1_pm.c ****         USBUART_1_PM_STBY_CFG_REG |= USBUART_1_PM_STBY_EN_FSUSB;
 281              		.loc 1 279 0
 282 0020 43F00103 		orr	r3, r3, #1
 283 0024 1370     		strb	r3, [r2]
 280:Generated_Source\PSoC5/USBUART_1_pm.c **** 
 284              		.loc 1 280 0
 285 0026 137C     		ldrb	r3, [r2, #16]	@ zero_extendqisi2
 286 0028 43F00103 		orr	r3, r3, #1
 287 002c 1374     		strb	r3, [r2, #16]
 283:Generated_Source\PSoC5/USBUART_1_pm.c **** 
 288              		.loc 1 283 0
 289 002e 02F5E752 		add	r2, r2, #7392
 290 0032 1832     		adds	r2, r2, #24
 291 0034 1378     		ldrb	r3, [r2]	@ zero_extendqisi2
 292 0036 43F00103 		orr	r3, r3, #1
 293 003a 1370     		strb	r3, [r2]
 286:Generated_Source\PSoC5/USBUART_1_pm.c **** 
 294              		.loc 1 286 0
 295 003c 2378     		ldrb	r3, [r4]	@ zero_extendqisi2
 296 003e 43F00103 		orr	r3, r3, #1
 297 0042 2370     		strb	r3, [r4]
 298              		.loc 1 289 0
 299 0044 FFF7FEFF 		bl	CyDelayUs
 300              	.LVL14:
 290:Generated_Source\PSoC5/USBUART_1_pm.c ****         /* Restore state of USB regulator and wait until it supples stable power. */
 291:Generated_Source\PSoC5/USBUART_1_pm.c ****         USBUART_1_CR1_REG |= USBUART_1_backup.mode;
 301              		.loc 1 291 0
 302 0048 174A     		ldr	r2, .L18+16
 303 004a 7378     		ldrb	r3, [r6, #1]	@ zero_extendqisi2
 304 004c 1178     		ldrb	r1, [r2]	@ zero_extendqisi2
 292:Generated_Source\PSoC5/USBUART_1_pm.c ****         CyDelayUs(USBUART_1_WAIT_VREF_STABILITY);   /*~50ns delay. */
 305              		.loc 1 292 0
 306 004e 0020     		movs	r0, #0
 291:Generated_Source\PSoC5/USBUART_1_pm.c ****         CyDelayUs(USBUART_1_WAIT_VREF_STABILITY);   /*~50ns delay. */
 307              		.loc 1 291 0
 308 0050 0B43     		orrs	r3, r3, r1
 309 0052 1370     		strb	r3, [r2]
 310              		.loc 1 292 0
 311 0054 FFF7FEFF 		bl	CyDelayUs
 312              	.LVL15:
 293:Generated_Source\PSoC5/USBUART_1_pm.c **** 
 294:Generated_Source\PSoC5/USBUART_1_pm.c ****         /* Enable USBIO. */
 295:Generated_Source\PSoC5/USBUART_1_pm.c ****         USBUART_1_PM_USB_CR0_REG |= USBUART_1_PM_USB_CR0_PD_N;
ARM GAS  C:\Users\Luggi\AppData\Local\Temp\ccU5ykBp.s 			page 12


 313              		.loc 1 295 0
 314 0058 2378     		ldrb	r3, [r4]	@ zero_extendqisi2
 296:Generated_Source\PSoC5/USBUART_1_pm.c ****         CyDelayUs(USBUART_1_WAIT_PD_PULLUP_N_ENABLE);
 315              		.loc 1 296 0
 316 005a 0220     		movs	r0, #2
 295:Generated_Source\PSoC5/USBUART_1_pm.c ****         CyDelayUs(USBUART_1_WAIT_PD_PULLUP_N_ENABLE);
 317              		.loc 1 295 0
 318 005c 43F00203 		orr	r3, r3, #2
 319 0060 2370     		strb	r3, [r4]
 320              		.loc 1 296 0
 321 0062 FFF7FEFF 		bl	CyDelayUs
 322              	.LVL16:
 297:Generated_Source\PSoC5/USBUART_1_pm.c ****         /* Set the USBIO pull-up enable. */
 298:Generated_Source\PSoC5/USBUART_1_pm.c ****         USBUART_1_PM_USB_CR0_REG |= USBUART_1_PM_USB_CR0_PD_PULLUP_N;
 323              		.loc 1 298 0
 324 0066 2378     		ldrb	r3, [r4]	@ zero_extendqisi2
 299:Generated_Source\PSoC5/USBUART_1_pm.c **** 
 300:Generated_Source\PSoC5/USBUART_1_pm.c ****         /* Restore arbiter configuration for DMA transfers. */
 301:Generated_Source\PSoC5/USBUART_1_pm.c ****         #if (USBUART_1_EP_MANAGEMENT_DMA)
 302:Generated_Source\PSoC5/USBUART_1_pm.c ****             #if (USBUART_1_ARB_ISR_ACTIVE)
 303:Generated_Source\PSoC5/USBUART_1_pm.c ****                 /* Enable ARB EP interrupt sources. */
 304:Generated_Source\PSoC5/USBUART_1_pm.c ****                 USBUART_1_ARB_INT_EN_REG = USBUART_1_DEFAULT_ARB_INT_EN;
 305:Generated_Source\PSoC5/USBUART_1_pm.c ****             #endif /* (USBUART_1_EP_MANAGEMENT_DMA) */
 306:Generated_Source\PSoC5/USBUART_1_pm.c **** 
 307:Generated_Source\PSoC5/USBUART_1_pm.c ****             /* Configure arbiter for Manual or Auto DMA operation and clear 
 308:Generated_Source\PSoC5/USBUART_1_pm.c ****             * configuration completion. 
 309:Generated_Source\PSoC5/USBUART_1_pm.c ****             */
 310:Generated_Source\PSoC5/USBUART_1_pm.c ****             USBUART_1_ARB_CFG_REG = USBUART_1_DEFAULT_ARB_CFG;
 311:Generated_Source\PSoC5/USBUART_1_pm.c ****         #endif /* (USBUART_1_EP_MANAGEMENT_DMA) */
 312:Generated_Source\PSoC5/USBUART_1_pm.c **** 
 313:Generated_Source\PSoC5/USBUART_1_pm.c ****         /* Set EP0.CR: ACK Setup, STALL IN/OUT. */
 314:Generated_Source\PSoC5/USBUART_1_pm.c ****         USBUART_1_EP0_CR_REG = USBUART_1_MODE_STALL_IN_OUT;
 325              		.loc 1 314 0
 326 0068 0322     		movs	r2, #3
 298:Generated_Source\PSoC5/USBUART_1_pm.c **** 
 327              		.loc 1 298 0
 328 006a 43F00403 		orr	r3, r3, #4
 329 006e 2370     		strb	r3, [r4]
 330              		.loc 1 314 0
 331 0070 0E4B     		ldr	r3, .L18+20
 315:Generated_Source\PSoC5/USBUART_1_pm.c **** 
 316:Generated_Source\PSoC5/USBUART_1_pm.c ****         /* Enable the USB IP to respond to USB traffic with the last address. */
 317:Generated_Source\PSoC5/USBUART_1_pm.c ****         USBUART_1_CR0_REG |= USBUART_1_CR0_ENABLE;
 318:Generated_Source\PSoC5/USBUART_1_pm.c ****         CyDelayCycles(USBUART_1_WAIT_CR0_REG_STABILITY);
 332              		.loc 1 318 0
 333 0072 0120     		movs	r0, #1
 314:Generated_Source\PSoC5/USBUART_1_pm.c **** 
 334              		.loc 1 314 0
 335 0074 1A70     		strb	r2, [r3]
 317:Generated_Source\PSoC5/USBUART_1_pm.c ****         CyDelayCycles(USBUART_1_WAIT_CR0_REG_STABILITY);
 336              		.loc 1 317 0
 337 0076 0E4A     		ldr	r2, .L18+24
 338 0078 1378     		ldrb	r3, [r2]	@ zero_extendqisi2
 339 007a 43F08003 		orr	r3, r3, #128
 340 007e 1370     		strb	r3, [r2]
 341              		.loc 1 318 0
 342 0080 FFF7FEFF 		bl	CyDelayCycles
ARM GAS  C:\Users\Luggi\AppData\Local\Temp\ccU5ykBp.s 			page 13


 343              	.LVL17:
 319:Generated_Source\PSoC5/USBUART_1_pm.c **** 
 320:Generated_Source\PSoC5/USBUART_1_pm.c ****         /* Enable D+ pull-up and keep USB control on IO. */
 321:Generated_Source\PSoC5/USBUART_1_pm.c ****         USBUART_1_USBIO_CR1_REG = USBUART_1_USBIO_CR1_USBPUEN;
 344              		.loc 1 321 0
 345 0084 0B4B     		ldr	r3, .L18+28
 346 0086 0422     		movs	r2, #4
 347 0088 1A70     		strb	r2, [r3]
 322:Generated_Source\PSoC5/USBUART_1_pm.c **** 
 323:Generated_Source\PSoC5/USBUART_1_pm.c ****         /* Restore data EP1-8 configuration. */
 324:Generated_Source\PSoC5/USBUART_1_pm.c ****         USBUART_1_RestoreConfig();
 348              		.loc 1 324 0
 349 008a FFF7FEFF 		bl	USBUART_1_RestoreConfig
 350              	.LVL18:
 351              	.L14:
 325:Generated_Source\PSoC5/USBUART_1_pm.c ****     #endif /* (CY_PSOC4) */
 326:Generated_Source\PSoC5/USBUART_1_pm.c ****     }
 327:Generated_Source\PSoC5/USBUART_1_pm.c **** 
 328:Generated_Source\PSoC5/USBUART_1_pm.c ****     CyExitCriticalSection(enableInterrupts);
 352              		.loc 1 328 0
 353 008e 2846     		mov	r0, r5
 329:Generated_Source\PSoC5/USBUART_1_pm.c **** }
 354              		.loc 1 329 0
 355 0090 BDE87040 		pop	{r4, r5, r6, lr}
 356              		.cfi_restore 14
 357              		.cfi_restore 6
 358              		.cfi_restore 5
 359              		.cfi_restore 4
 360              		.cfi_def_cfa_offset 0
 361              	.LVL19:
 328:Generated_Source\PSoC5/USBUART_1_pm.c **** }
 362              		.loc 1 328 0
 363 0094 FFF7FEBF 		b	CyExitCriticalSection
 364              	.LVL20:
 365              	.L19:
 366              		.align	2
 367              	.L18:
 368 0098 00000000 		.word	.LANCHOR0
 369 009c 80E100E0 		.word	-536813184
 370 00a0 A5430040 		.word	1073759141
 371 00a4 94430040 		.word	1073759124
 372 00a8 09600040 		.word	1073766409
 373 00ac 28600040 		.word	1073766440
 374 00b0 08600040 		.word	1073766408
 375 00b4 12600040 		.word	1073766418
 376              		.cfi_endproc
 377              	.LFE4:
 378              		.size	USBUART_1_Resume, .-USBUART_1_Resume
 379              		.bss
 380              		.set	.LANCHOR0,. + 0
 381              		.type	USBUART_1_backup, %object
 382              		.size	USBUART_1_backup, 2
 383              	USBUART_1_backup:
 384 0000 0000     		.space	2
 385              		.text
 386              	.Letext0:
 387              		.file 2 "Generated_Source\\PSoC5\\cytypes.h"
ARM GAS  C:\Users\Luggi\AppData\Local\Temp\ccU5ykBp.s 			page 14


 388              		.file 3 "Generated_Source\\PSoC5\\USBUART_1.h"
 389              		.file 4 "Generated_Source\\PSoC5\\USBUART_1_pvt.h"
 390              		.file 5 "Generated_Source\\PSoC5\\USBUART_1_Dp.h"
 391              		.file 6 "Generated_Source\\PSoC5\\CyLib.h"
 392              		.section	.debug_info,"",%progbits
 393              	.Ldebug_info0:
 394 0000 E4020000 		.4byte	0x2e4
 395 0004 0400     		.2byte	0x4
 396 0006 00000000 		.4byte	.Ldebug_abbrev0
 397 000a 04       		.byte	0x4
 398 000b 01       		.uleb128 0x1
 399 000c 66020000 		.4byte	.LASF33
 400 0010 01       		.byte	0x1
 401 0011 82000000 		.4byte	.LASF34
 402 0015 DA010000 		.4byte	.LASF35
 403 0019 00000000 		.4byte	.Ldebug_ranges0+0
 404 001d 00000000 		.4byte	0
 405 0021 00000000 		.4byte	.Ldebug_line0
 406 0025 02       		.uleb128 0x2
 407 0026 01       		.byte	0x1
 408 0027 06       		.byte	0x6
 409 0028 26030000 		.4byte	.LASF0
 410 002c 02       		.uleb128 0x2
 411 002d 01       		.byte	0x1
 412 002e 08       		.byte	0x8
 413 002f C5000000 		.4byte	.LASF1
 414 0033 02       		.uleb128 0x2
 415 0034 02       		.byte	0x2
 416 0035 05       		.byte	0x5
 417 0036 5C020000 		.4byte	.LASF2
 418 003a 02       		.uleb128 0x2
 419 003b 02       		.byte	0x2
 420 003c 07       		.byte	0x7
 421 003d 53000000 		.4byte	.LASF3
 422 0041 02       		.uleb128 0x2
 423 0042 04       		.byte	0x4
 424 0043 05       		.byte	0x5
 425 0044 0C030000 		.4byte	.LASF4
 426 0048 02       		.uleb128 0x2
 427 0049 04       		.byte	0x4
 428 004a 07       		.byte	0x7
 429 004b D8000000 		.4byte	.LASF5
 430 004f 02       		.uleb128 0x2
 431 0050 08       		.byte	0x8
 432 0051 05       		.byte	0x5
 433 0052 BD010000 		.4byte	.LASF6
 434 0056 02       		.uleb128 0x2
 435 0057 08       		.byte	0x8
 436 0058 07       		.byte	0x7
 437 0059 AE000000 		.4byte	.LASF7
 438 005d 03       		.uleb128 0x3
 439 005e 04       		.byte	0x4
 440 005f 05       		.byte	0x5
 441 0060 696E7400 		.ascii	"int\000"
 442 0064 02       		.uleb128 0x2
 443 0065 04       		.byte	0x4
 444 0066 07       		.byte	0x7
ARM GAS  C:\Users\Luggi\AppData\Local\Temp\ccU5ykBp.s 			page 15


 445 0067 8C010000 		.4byte	.LASF8
 446 006b 04       		.uleb128 0x4
 447 006c EA000000 		.4byte	.LASF9
 448 0070 02       		.byte	0x2
 449 0071 9201     		.2byte	0x192
 450 0073 2C000000 		.4byte	0x2c
 451 0077 04       		.uleb128 0x4
 452 0078 43010000 		.4byte	.LASF10
 453 007c 02       		.byte	0x2
 454 007d 9301     		.2byte	0x193
 455 007f 3A000000 		.4byte	0x3a
 456 0083 04       		.uleb128 0x4
 457 0084 62010000 		.4byte	.LASF11
 458 0088 02       		.byte	0x2
 459 0089 9401     		.2byte	0x194
 460 008b 48000000 		.4byte	0x48
 461 008f 02       		.uleb128 0x2
 462 0090 04       		.byte	0x4
 463 0091 04       		.byte	0x4
 464 0092 A8000000 		.4byte	.LASF12
 465 0096 02       		.uleb128 0x2
 466 0097 08       		.byte	0x8
 467 0098 04       		.byte	0x4
 468 0099 26010000 		.4byte	.LASF13
 469 009d 02       		.uleb128 0x2
 470 009e 01       		.byte	0x1
 471 009f 08       		.byte	0x8
 472 00a0 D5010000 		.4byte	.LASF14
 473 00a4 04       		.uleb128 0x4
 474 00a5 D3000000 		.4byte	.LASF15
 475 00a9 02       		.byte	0x2
 476 00aa 3C02     		.2byte	0x23c
 477 00ac B0000000 		.4byte	0xb0
 478 00b0 05       		.uleb128 0x5
 479 00b1 6B000000 		.4byte	0x6b
 480 00b5 04       		.uleb128 0x4
 481 00b6 26000000 		.4byte	.LASF16
 482 00ba 02       		.byte	0x2
 483 00bb 3E02     		.2byte	0x23e
 484 00bd C1000000 		.4byte	0xc1
 485 00c1 05       		.uleb128 0x5
 486 00c2 83000000 		.4byte	0x83
 487 00c6 02       		.uleb128 0x2
 488 00c7 04       		.byte	0x4
 489 00c8 07       		.byte	0x7
 490 00c9 B4010000 		.4byte	.LASF17
 491 00cd 06       		.uleb128 0x6
 492 00ce 02       		.byte	0x2
 493 00cf 03       		.byte	0x3
 494 00d0 B8       		.byte	0xb8
 495 00d1 EE000000 		.4byte	0xee
 496 00d5 07       		.uleb128 0x7
 497 00d6 69010000 		.4byte	.LASF18
 498 00da 03       		.byte	0x3
 499 00db BA       		.byte	0xba
 500 00dc 6B000000 		.4byte	0x6b
 501 00e0 00       		.byte	0
ARM GAS  C:\Users\Luggi\AppData\Local\Temp\ccU5ykBp.s 			page 16


 502 00e1 07       		.uleb128 0x7
 503 00e2 AF010000 		.4byte	.LASF19
 504 00e6 03       		.byte	0x3
 505 00e7 BB       		.byte	0xbb
 506 00e8 6B000000 		.4byte	0x6b
 507 00ec 01       		.byte	0x1
 508 00ed 00       		.byte	0
 509 00ee 08       		.uleb128 0x8
 510 00ef F4020000 		.4byte	.LASF20
 511 00f3 03       		.byte	0x3
 512 00f4 BF       		.byte	0xbf
 513 00f5 CD000000 		.4byte	0xcd
 514 00f9 09       		.uleb128 0x9
 515 00fa 32030000 		.4byte	.LASF21
 516 00fe 01       		.byte	0x1
 517 00ff 2B       		.byte	0x2b
 518 0100 00000000 		.4byte	.LFB0
 519 0104 04000000 		.4byte	.LFE0-.LFB0
 520 0108 01       		.uleb128 0x1
 521 0109 9C       		.byte	0x9c
 522 010a 18010000 		.4byte	0x118
 523 010e 0A       		.uleb128 0xa
 524 010f 04000000 		.4byte	.LVL0
 525 0113 94020000 		.4byte	0x294
 526 0117 00       		.byte	0
 527 0118 0B       		.uleb128 0xb
 528 0119 2C000000 		.4byte	.LASF36
 529 011d 01       		.byte	0x1
 530 011e 48       		.byte	0x48
 531 011f 00000000 		.4byte	.LFB1
 532 0123 02000000 		.4byte	.LFE1-.LFB1
 533 0127 01       		.uleb128 0x1
 534 0128 9C       		.byte	0x9c
 535 0129 09       		.uleb128 0x9
 536 012a 00000000 		.4byte	.LASF22
 537 012e 01       		.byte	0x1
 538 012f 58       		.byte	0x58
 539 0130 00000000 		.4byte	.LFB2
 540 0134 1C000000 		.4byte	.LFE2-.LFB2
 541 0138 01       		.uleb128 0x1
 542 0139 9C       		.byte	0x9c
 543 013a 51010000 		.4byte	0x151
 544 013e 0C       		.uleb128 0xc
 545 013f 0C000000 		.4byte	.LVL1
 546 0143 9F020000 		.4byte	0x29f
 547 0147 0A       		.uleb128 0xa
 548 0148 14000000 		.4byte	.LVL2
 549 014c A6020000 		.4byte	0x2a6
 550 0150 00       		.byte	0
 551 0151 09       		.uleb128 0x9
 552 0152 41000000 		.4byte	.LASF23
 553 0156 01       		.byte	0x1
 554 0157 7B       		.byte	0x7b
 555 0158 00000000 		.4byte	.LFB3
 556 015c CC000000 		.4byte	.LFE3-.LFB3
 557 0160 01       		.uleb128 0x1
 558 0161 9C       		.byte	0x9c
ARM GAS  C:\Users\Luggi\AppData\Local\Temp\ccU5ykBp.s 			page 17


 559 0162 EA010000 		.4byte	0x1ea
 560 0166 0D       		.uleb128 0xd
 561 0167 01010000 		.4byte	.LASF25
 562 016b 01       		.byte	0x1
 563 016c 7D       		.byte	0x7d
 564 016d 6B000000 		.4byte	0x6b
 565 0171 00000000 		.4byte	.LLST0
 566 0175 0C       		.uleb128 0xc
 567 0176 08000000 		.4byte	.LVL3
 568 017a AD020000 		.4byte	0x2ad
 569 017e 0E       		.uleb128 0xe
 570 017f 30000000 		.4byte	.LVL5
 571 0183 B8020000 		.4byte	0x2b8
 572 0187 91010000 		.4byte	0x191
 573 018b 0F       		.uleb128 0xf
 574 018c 01       		.uleb128 0x1
 575 018d 50       		.byte	0x50
 576 018e 01       		.uleb128 0x1
 577 018f 30       		.byte	0x30
 578 0190 00       		.byte	0
 579 0191 0E       		.uleb128 0xe
 580 0192 4A000000 		.4byte	.LVL6
 581 0196 B8020000 		.4byte	0x2b8
 582 019a A4010000 		.4byte	0x1a4
 583 019e 0F       		.uleb128 0xf
 584 019f 01       		.uleb128 0x1
 585 01a0 50       		.byte	0x50
 586 01a1 01       		.uleb128 0x1
 587 01a2 30       		.byte	0x30
 588 01a3 00       		.byte	0
 589 01a4 0E       		.uleb128 0xe
 590 01a5 60000000 		.4byte	.LVL7
 591 01a9 B8020000 		.4byte	0x2b8
 592 01ad B8010000 		.4byte	0x1b8
 593 01b1 0F       		.uleb128 0xf
 594 01b2 01       		.uleb128 0x1
 595 01b3 50       		.byte	0x50
 596 01b4 02       		.uleb128 0x2
 597 01b5 76       		.byte	0x76
 598 01b6 00       		.sleb128 0
 599 01b7 00       		.byte	0
 600 01b8 0E       		.uleb128 0xe
 601 01b9 8E000000 		.4byte	.LVL8
 602 01bd B8020000 		.4byte	0x2b8
 603 01c1 CC010000 		.4byte	0x1cc
 604 01c5 0F       		.uleb128 0xf
 605 01c6 01       		.uleb128 0x1
 606 01c7 50       		.byte	0x50
 607 01c8 02       		.uleb128 0x2
 608 01c9 76       		.byte	0x76
 609 01ca 00       		.sleb128 0
 610 01cb 00       		.byte	0
 611 01cc 0E       		.uleb128 0xe
 612 01cd 9A000000 		.4byte	.LVL9
 613 01d1 C9020000 		.4byte	0x2c9
 614 01d5 E0010000 		.4byte	0x1e0
 615 01d9 0F       		.uleb128 0xf
ARM GAS  C:\Users\Luggi\AppData\Local\Temp\ccU5ykBp.s 			page 18


 616 01da 01       		.uleb128 0x1
 617 01db 50       		.byte	0x50
 618 01dc 02       		.uleb128 0x2
 619 01dd 77       		.byte	0x77
 620 01de 00       		.sleb128 0
 621 01df 00       		.byte	0
 622 01e0 0C       		.uleb128 0xc
 623 01e1 9E000000 		.4byte	.LVL10
 624 01e5 94020000 		.4byte	0x294
 625 01e9 00       		.byte	0
 626 01ea 09       		.uleb128 0x9
 627 01eb 15030000 		.4byte	.LASF24
 628 01ef 01       		.byte	0x1
 629 01f0 E3       		.byte	0xe3
 630 01f1 00000000 		.4byte	.LFB4
 631 01f5 B8000000 		.4byte	.LFE4-.LFB4
 632 01f9 01       		.uleb128 0x1
 633 01fa 9C       		.byte	0x9c
 634 01fb 77020000 		.4byte	0x277
 635 01ff 0D       		.uleb128 0xd
 636 0200 01010000 		.4byte	.LASF25
 637 0204 01       		.byte	0x1
 638 0205 E5       		.byte	0xe5
 639 0206 6B000000 		.4byte	0x6b
 640 020a 13000000 		.4byte	.LLST1
 641 020e 0C       		.uleb128 0xc
 642 020f 06000000 		.4byte	.LVL12
 643 0213 AD020000 		.4byte	0x2ad
 644 0217 0E       		.uleb128 0xe
 645 0218 48000000 		.4byte	.LVL14
 646 021c B8020000 		.4byte	0x2b8
 647 0220 2B020000 		.4byte	0x22b
 648 0224 0F       		.uleb128 0xf
 649 0225 01       		.uleb128 0x1
 650 0226 50       		.byte	0x50
 651 0227 02       		.uleb128 0x2
 652 0228 08       		.byte	0x8
 653 0229 28       		.byte	0x28
 654 022a 00       		.byte	0
 655 022b 0E       		.uleb128 0xe
 656 022c 58000000 		.4byte	.LVL15
 657 0230 B8020000 		.4byte	0x2b8
 658 0234 3E020000 		.4byte	0x23e
 659 0238 0F       		.uleb128 0xf
 660 0239 01       		.uleb128 0x1
 661 023a 50       		.byte	0x50
 662 023b 01       		.uleb128 0x1
 663 023c 30       		.byte	0x30
 664 023d 00       		.byte	0
 665 023e 0E       		.uleb128 0xe
 666 023f 66000000 		.4byte	.LVL16
 667 0243 B8020000 		.4byte	0x2b8
 668 0247 51020000 		.4byte	0x251
 669 024b 0F       		.uleb128 0xf
 670 024c 01       		.uleb128 0x1
 671 024d 50       		.byte	0x50
 672 024e 01       		.uleb128 0x1
ARM GAS  C:\Users\Luggi\AppData\Local\Temp\ccU5ykBp.s 			page 19


 673 024f 32       		.byte	0x32
 674 0250 00       		.byte	0
 675 0251 0E       		.uleb128 0xe
 676 0252 84000000 		.4byte	.LVL17
 677 0256 DA020000 		.4byte	0x2da
 678 025a 64020000 		.4byte	0x264
 679 025e 0F       		.uleb128 0xf
 680 025f 01       		.uleb128 0x1
 681 0260 50       		.byte	0x50
 682 0261 01       		.uleb128 0x1
 683 0262 31       		.byte	0x31
 684 0263 00       		.byte	0
 685 0264 0C       		.uleb128 0xc
 686 0265 8E000000 		.4byte	.LVL18
 687 0269 29010000 		.4byte	0x129
 688 026d 0A       		.uleb128 0xa
 689 026e 98000000 		.4byte	.LVL20
 690 0272 C9020000 		.4byte	0x2c9
 691 0276 00       		.byte	0
 692 0277 10       		.uleb128 0x10
 693 0278 F0000000 		.4byte	.LASF26
 694 027c 01       		.byte	0x1
 695 027d 20       		.byte	0x20
 696 027e EE000000 		.4byte	0xee
 697 0282 05       		.uleb128 0x5
 698 0283 03       		.byte	0x3
 699 0284 00000000 		.4byte	USBUART_1_backup
 700 0288 11       		.uleb128 0x11
 701 0289 4A010000 		.4byte	.LASF37
 702 028d 03       		.byte	0x3
 703 028e D402     		.2byte	0x2d4
 704 0290 B0000000 		.4byte	0xb0
 705 0294 12       		.uleb128 0x12
 706 0295 66000000 		.4byte	.LASF29
 707 0299 05       		.byte	0x5
 708 029a 2B       		.byte	0x2b
 709 029b 6B000000 		.4byte	0x6b
 710 029f 13       		.uleb128 0x13
 711 02a0 12010000 		.4byte	.LASF27
 712 02a4 04       		.byte	0x4
 713 02a5 BB       		.byte	0xbb
 714 02a6 13       		.uleb128 0x13
 715 02a7 2D010000 		.4byte	.LASF28
 716 02ab 04       		.byte	0x4
 717 02ac BC       		.byte	0xbc
 718 02ad 12       		.uleb128 0x12
 719 02ae 75010000 		.4byte	.LASF30
 720 02b2 06       		.byte	0x6
 721 02b3 7D       		.byte	0x7d
 722 02b4 6B000000 		.4byte	0x6b
 723 02b8 14       		.uleb128 0x14
 724 02b9 CB010000 		.4byte	.LASF31
 725 02bd 06       		.byte	0x6
 726 02be 77       		.byte	0x77
 727 02bf C9020000 		.4byte	0x2c9
 728 02c3 15       		.uleb128 0x15
 729 02c4 77000000 		.4byte	0x77
ARM GAS  C:\Users\Luggi\AppData\Local\Temp\ccU5ykBp.s 			page 20


 730 02c8 00       		.byte	0
 731 02c9 14       		.uleb128 0x14
 732 02ca 99010000 		.4byte	.LASF32
 733 02ce 06       		.byte	0x6
 734 02cf 7E       		.byte	0x7e
 735 02d0 DA020000 		.4byte	0x2da
 736 02d4 15       		.uleb128 0x15
 737 02d5 6B000000 		.4byte	0x6b
 738 02d9 00       		.byte	0
 739 02da 16       		.uleb128 0x16
 740 02db 18000000 		.4byte	.LASF38
 741 02df 06       		.byte	0x6
 742 02e0 79       		.byte	0x79
 743 02e1 15       		.uleb128 0x15
 744 02e2 83000000 		.4byte	0x83
 745 02e6 00       		.byte	0
 746 02e7 00       		.byte	0
 747              		.section	.debug_abbrev,"",%progbits
 748              	.Ldebug_abbrev0:
 749 0000 01       		.uleb128 0x1
 750 0001 11       		.uleb128 0x11
 751 0002 01       		.byte	0x1
 752 0003 25       		.uleb128 0x25
 753 0004 0E       		.uleb128 0xe
 754 0005 13       		.uleb128 0x13
 755 0006 0B       		.uleb128 0xb
 756 0007 03       		.uleb128 0x3
 757 0008 0E       		.uleb128 0xe
 758 0009 1B       		.uleb128 0x1b
 759 000a 0E       		.uleb128 0xe
 760 000b 55       		.uleb128 0x55
 761 000c 17       		.uleb128 0x17
 762 000d 11       		.uleb128 0x11
 763 000e 01       		.uleb128 0x1
 764 000f 10       		.uleb128 0x10
 765 0010 17       		.uleb128 0x17
 766 0011 00       		.byte	0
 767 0012 00       		.byte	0
 768 0013 02       		.uleb128 0x2
 769 0014 24       		.uleb128 0x24
 770 0015 00       		.byte	0
 771 0016 0B       		.uleb128 0xb
 772 0017 0B       		.uleb128 0xb
 773 0018 3E       		.uleb128 0x3e
 774 0019 0B       		.uleb128 0xb
 775 001a 03       		.uleb128 0x3
 776 001b 0E       		.uleb128 0xe
 777 001c 00       		.byte	0
 778 001d 00       		.byte	0
 779 001e 03       		.uleb128 0x3
 780 001f 24       		.uleb128 0x24
 781 0020 00       		.byte	0
 782 0021 0B       		.uleb128 0xb
 783 0022 0B       		.uleb128 0xb
 784 0023 3E       		.uleb128 0x3e
 785 0024 0B       		.uleb128 0xb
 786 0025 03       		.uleb128 0x3
ARM GAS  C:\Users\Luggi\AppData\Local\Temp\ccU5ykBp.s 			page 21


 787 0026 08       		.uleb128 0x8
 788 0027 00       		.byte	0
 789 0028 00       		.byte	0
 790 0029 04       		.uleb128 0x4
 791 002a 16       		.uleb128 0x16
 792 002b 00       		.byte	0
 793 002c 03       		.uleb128 0x3
 794 002d 0E       		.uleb128 0xe
 795 002e 3A       		.uleb128 0x3a
 796 002f 0B       		.uleb128 0xb
 797 0030 3B       		.uleb128 0x3b
 798 0031 05       		.uleb128 0x5
 799 0032 49       		.uleb128 0x49
 800 0033 13       		.uleb128 0x13
 801 0034 00       		.byte	0
 802 0035 00       		.byte	0
 803 0036 05       		.uleb128 0x5
 804 0037 35       		.uleb128 0x35
 805 0038 00       		.byte	0
 806 0039 49       		.uleb128 0x49
 807 003a 13       		.uleb128 0x13
 808 003b 00       		.byte	0
 809 003c 00       		.byte	0
 810 003d 06       		.uleb128 0x6
 811 003e 13       		.uleb128 0x13
 812 003f 01       		.byte	0x1
 813 0040 0B       		.uleb128 0xb
 814 0041 0B       		.uleb128 0xb
 815 0042 3A       		.uleb128 0x3a
 816 0043 0B       		.uleb128 0xb
 817 0044 3B       		.uleb128 0x3b
 818 0045 0B       		.uleb128 0xb
 819 0046 01       		.uleb128 0x1
 820 0047 13       		.uleb128 0x13
 821 0048 00       		.byte	0
 822 0049 00       		.byte	0
 823 004a 07       		.uleb128 0x7
 824 004b 0D       		.uleb128 0xd
 825 004c 00       		.byte	0
 826 004d 03       		.uleb128 0x3
 827 004e 0E       		.uleb128 0xe
 828 004f 3A       		.uleb128 0x3a
 829 0050 0B       		.uleb128 0xb
 830 0051 3B       		.uleb128 0x3b
 831 0052 0B       		.uleb128 0xb
 832 0053 49       		.uleb128 0x49
 833 0054 13       		.uleb128 0x13
 834 0055 38       		.uleb128 0x38
 835 0056 0B       		.uleb128 0xb
 836 0057 00       		.byte	0
 837 0058 00       		.byte	0
 838 0059 08       		.uleb128 0x8
 839 005a 16       		.uleb128 0x16
 840 005b 00       		.byte	0
 841 005c 03       		.uleb128 0x3
 842 005d 0E       		.uleb128 0xe
 843 005e 3A       		.uleb128 0x3a
ARM GAS  C:\Users\Luggi\AppData\Local\Temp\ccU5ykBp.s 			page 22


 844 005f 0B       		.uleb128 0xb
 845 0060 3B       		.uleb128 0x3b
 846 0061 0B       		.uleb128 0xb
 847 0062 49       		.uleb128 0x49
 848 0063 13       		.uleb128 0x13
 849 0064 00       		.byte	0
 850 0065 00       		.byte	0
 851 0066 09       		.uleb128 0x9
 852 0067 2E       		.uleb128 0x2e
 853 0068 01       		.byte	0x1
 854 0069 3F       		.uleb128 0x3f
 855 006a 19       		.uleb128 0x19
 856 006b 03       		.uleb128 0x3
 857 006c 0E       		.uleb128 0xe
 858 006d 3A       		.uleb128 0x3a
 859 006e 0B       		.uleb128 0xb
 860 006f 3B       		.uleb128 0x3b
 861 0070 0B       		.uleb128 0xb
 862 0071 27       		.uleb128 0x27
 863 0072 19       		.uleb128 0x19
 864 0073 11       		.uleb128 0x11
 865 0074 01       		.uleb128 0x1
 866 0075 12       		.uleb128 0x12
 867 0076 06       		.uleb128 0x6
 868 0077 40       		.uleb128 0x40
 869 0078 18       		.uleb128 0x18
 870 0079 9742     		.uleb128 0x2117
 871 007b 19       		.uleb128 0x19
 872 007c 01       		.uleb128 0x1
 873 007d 13       		.uleb128 0x13
 874 007e 00       		.byte	0
 875 007f 00       		.byte	0
 876 0080 0A       		.uleb128 0xa
 877 0081 898201   		.uleb128 0x4109
 878 0084 00       		.byte	0
 879 0085 11       		.uleb128 0x11
 880 0086 01       		.uleb128 0x1
 881 0087 9542     		.uleb128 0x2115
 882 0089 19       		.uleb128 0x19
 883 008a 31       		.uleb128 0x31
 884 008b 13       		.uleb128 0x13
 885 008c 00       		.byte	0
 886 008d 00       		.byte	0
 887 008e 0B       		.uleb128 0xb
 888 008f 2E       		.uleb128 0x2e
 889 0090 00       		.byte	0
 890 0091 3F       		.uleb128 0x3f
 891 0092 19       		.uleb128 0x19
 892 0093 03       		.uleb128 0x3
 893 0094 0E       		.uleb128 0xe
 894 0095 3A       		.uleb128 0x3a
 895 0096 0B       		.uleb128 0xb
 896 0097 3B       		.uleb128 0x3b
 897 0098 0B       		.uleb128 0xb
 898 0099 27       		.uleb128 0x27
 899 009a 19       		.uleb128 0x19
 900 009b 11       		.uleb128 0x11
ARM GAS  C:\Users\Luggi\AppData\Local\Temp\ccU5ykBp.s 			page 23


 901 009c 01       		.uleb128 0x1
 902 009d 12       		.uleb128 0x12
 903 009e 06       		.uleb128 0x6
 904 009f 40       		.uleb128 0x40
 905 00a0 18       		.uleb128 0x18
 906 00a1 9742     		.uleb128 0x2117
 907 00a3 19       		.uleb128 0x19
 908 00a4 00       		.byte	0
 909 00a5 00       		.byte	0
 910 00a6 0C       		.uleb128 0xc
 911 00a7 898201   		.uleb128 0x4109
 912 00aa 00       		.byte	0
 913 00ab 11       		.uleb128 0x11
 914 00ac 01       		.uleb128 0x1
 915 00ad 31       		.uleb128 0x31
 916 00ae 13       		.uleb128 0x13
 917 00af 00       		.byte	0
 918 00b0 00       		.byte	0
 919 00b1 0D       		.uleb128 0xd
 920 00b2 34       		.uleb128 0x34
 921 00b3 00       		.byte	0
 922 00b4 03       		.uleb128 0x3
 923 00b5 0E       		.uleb128 0xe
 924 00b6 3A       		.uleb128 0x3a
 925 00b7 0B       		.uleb128 0xb
 926 00b8 3B       		.uleb128 0x3b
 927 00b9 0B       		.uleb128 0xb
 928 00ba 49       		.uleb128 0x49
 929 00bb 13       		.uleb128 0x13
 930 00bc 02       		.uleb128 0x2
 931 00bd 17       		.uleb128 0x17
 932 00be 00       		.byte	0
 933 00bf 00       		.byte	0
 934 00c0 0E       		.uleb128 0xe
 935 00c1 898201   		.uleb128 0x4109
 936 00c4 01       		.byte	0x1
 937 00c5 11       		.uleb128 0x11
 938 00c6 01       		.uleb128 0x1
 939 00c7 31       		.uleb128 0x31
 940 00c8 13       		.uleb128 0x13
 941 00c9 01       		.uleb128 0x1
 942 00ca 13       		.uleb128 0x13
 943 00cb 00       		.byte	0
 944 00cc 00       		.byte	0
 945 00cd 0F       		.uleb128 0xf
 946 00ce 8A8201   		.uleb128 0x410a
 947 00d1 00       		.byte	0
 948 00d2 02       		.uleb128 0x2
 949 00d3 18       		.uleb128 0x18
 950 00d4 9142     		.uleb128 0x2111
 951 00d6 18       		.uleb128 0x18
 952 00d7 00       		.byte	0
 953 00d8 00       		.byte	0
 954 00d9 10       		.uleb128 0x10
 955 00da 34       		.uleb128 0x34
 956 00db 00       		.byte	0
 957 00dc 03       		.uleb128 0x3
ARM GAS  C:\Users\Luggi\AppData\Local\Temp\ccU5ykBp.s 			page 24


 958 00dd 0E       		.uleb128 0xe
 959 00de 3A       		.uleb128 0x3a
 960 00df 0B       		.uleb128 0xb
 961 00e0 3B       		.uleb128 0x3b
 962 00e1 0B       		.uleb128 0xb
 963 00e2 49       		.uleb128 0x49
 964 00e3 13       		.uleb128 0x13
 965 00e4 02       		.uleb128 0x2
 966 00e5 18       		.uleb128 0x18
 967 00e6 00       		.byte	0
 968 00e7 00       		.byte	0
 969 00e8 11       		.uleb128 0x11
 970 00e9 34       		.uleb128 0x34
 971 00ea 00       		.byte	0
 972 00eb 03       		.uleb128 0x3
 973 00ec 0E       		.uleb128 0xe
 974 00ed 3A       		.uleb128 0x3a
 975 00ee 0B       		.uleb128 0xb
 976 00ef 3B       		.uleb128 0x3b
 977 00f0 05       		.uleb128 0x5
 978 00f1 49       		.uleb128 0x49
 979 00f2 13       		.uleb128 0x13
 980 00f3 3F       		.uleb128 0x3f
 981 00f4 19       		.uleb128 0x19
 982 00f5 3C       		.uleb128 0x3c
 983 00f6 19       		.uleb128 0x19
 984 00f7 00       		.byte	0
 985 00f8 00       		.byte	0
 986 00f9 12       		.uleb128 0x12
 987 00fa 2E       		.uleb128 0x2e
 988 00fb 00       		.byte	0
 989 00fc 3F       		.uleb128 0x3f
 990 00fd 19       		.uleb128 0x19
 991 00fe 03       		.uleb128 0x3
 992 00ff 0E       		.uleb128 0xe
 993 0100 3A       		.uleb128 0x3a
 994 0101 0B       		.uleb128 0xb
 995 0102 3B       		.uleb128 0x3b
 996 0103 0B       		.uleb128 0xb
 997 0104 27       		.uleb128 0x27
 998 0105 19       		.uleb128 0x19
 999 0106 49       		.uleb128 0x49
 1000 0107 13       		.uleb128 0x13
 1001 0108 3C       		.uleb128 0x3c
 1002 0109 19       		.uleb128 0x19
 1003 010a 00       		.byte	0
 1004 010b 00       		.byte	0
 1005 010c 13       		.uleb128 0x13
 1006 010d 2E       		.uleb128 0x2e
 1007 010e 00       		.byte	0
 1008 010f 3F       		.uleb128 0x3f
 1009 0110 19       		.uleb128 0x19
 1010 0111 03       		.uleb128 0x3
 1011 0112 0E       		.uleb128 0xe
 1012 0113 3A       		.uleb128 0x3a
 1013 0114 0B       		.uleb128 0xb
 1014 0115 3B       		.uleb128 0x3b
ARM GAS  C:\Users\Luggi\AppData\Local\Temp\ccU5ykBp.s 			page 25


 1015 0116 0B       		.uleb128 0xb
 1016 0117 27       		.uleb128 0x27
 1017 0118 19       		.uleb128 0x19
 1018 0119 3C       		.uleb128 0x3c
 1019 011a 19       		.uleb128 0x19
 1020 011b 00       		.byte	0
 1021 011c 00       		.byte	0
 1022 011d 14       		.uleb128 0x14
 1023 011e 2E       		.uleb128 0x2e
 1024 011f 01       		.byte	0x1
 1025 0120 3F       		.uleb128 0x3f
 1026 0121 19       		.uleb128 0x19
 1027 0122 03       		.uleb128 0x3
 1028 0123 0E       		.uleb128 0xe
 1029 0124 3A       		.uleb128 0x3a
 1030 0125 0B       		.uleb128 0xb
 1031 0126 3B       		.uleb128 0x3b
 1032 0127 0B       		.uleb128 0xb
 1033 0128 27       		.uleb128 0x27
 1034 0129 19       		.uleb128 0x19
 1035 012a 3C       		.uleb128 0x3c
 1036 012b 19       		.uleb128 0x19
 1037 012c 01       		.uleb128 0x1
 1038 012d 13       		.uleb128 0x13
 1039 012e 00       		.byte	0
 1040 012f 00       		.byte	0
 1041 0130 15       		.uleb128 0x15
 1042 0131 05       		.uleb128 0x5
 1043 0132 00       		.byte	0
 1044 0133 49       		.uleb128 0x49
 1045 0134 13       		.uleb128 0x13
 1046 0135 00       		.byte	0
 1047 0136 00       		.byte	0
 1048 0137 16       		.uleb128 0x16
 1049 0138 2E       		.uleb128 0x2e
 1050 0139 01       		.byte	0x1
 1051 013a 3F       		.uleb128 0x3f
 1052 013b 19       		.uleb128 0x19
 1053 013c 03       		.uleb128 0x3
 1054 013d 0E       		.uleb128 0xe
 1055 013e 3A       		.uleb128 0x3a
 1056 013f 0B       		.uleb128 0xb
 1057 0140 3B       		.uleb128 0x3b
 1058 0141 0B       		.uleb128 0xb
 1059 0142 27       		.uleb128 0x27
 1060 0143 19       		.uleb128 0x19
 1061 0144 3C       		.uleb128 0x3c
 1062 0145 19       		.uleb128 0x19
 1063 0146 00       		.byte	0
 1064 0147 00       		.byte	0
 1065 0148 00       		.byte	0
 1066              		.section	.debug_loc,"",%progbits
 1067              	.Ldebug_loc0:
 1068              	.LLST0:
 1069 0000 0E000000 		.4byte	.LVL4
 1070 0004 B0000000 		.4byte	.LVL11
 1071 0008 0100     		.2byte	0x1
ARM GAS  C:\Users\Luggi\AppData\Local\Temp\ccU5ykBp.s 			page 26


 1072 000a 57       		.byte	0x57
 1073 000b 00000000 		.4byte	0
 1074 000f 00000000 		.4byte	0
 1075              	.LLST1:
 1076 0013 0A000000 		.4byte	.LVL13
 1077 0017 94000000 		.4byte	.LVL19
 1078 001b 0100     		.2byte	0x1
 1079 001d 55       		.byte	0x55
 1080 001e 00000000 		.4byte	0
 1081 0022 00000000 		.4byte	0
 1082              		.section	.debug_aranges,"",%progbits
 1083 0000 3C000000 		.4byte	0x3c
 1084 0004 0200     		.2byte	0x2
 1085 0006 00000000 		.4byte	.Ldebug_info0
 1086 000a 04       		.byte	0x4
 1087 000b 00       		.byte	0
 1088 000c 0000     		.2byte	0
 1089 000e 0000     		.2byte	0
 1090 0010 00000000 		.4byte	.LFB0
 1091 0014 04000000 		.4byte	.LFE0-.LFB0
 1092 0018 00000000 		.4byte	.LFB1
 1093 001c 02000000 		.4byte	.LFE1-.LFB1
 1094 0020 00000000 		.4byte	.LFB2
 1095 0024 1C000000 		.4byte	.LFE2-.LFB2
 1096 0028 00000000 		.4byte	.LFB3
 1097 002c CC000000 		.4byte	.LFE3-.LFB3
 1098 0030 00000000 		.4byte	.LFB4
 1099 0034 B8000000 		.4byte	.LFE4-.LFB4
 1100 0038 00000000 		.4byte	0
 1101 003c 00000000 		.4byte	0
 1102              		.section	.debug_ranges,"",%progbits
 1103              	.Ldebug_ranges0:
 1104 0000 00000000 		.4byte	.LFB0
 1105 0004 04000000 		.4byte	.LFE0
 1106 0008 00000000 		.4byte	.LFB1
 1107 000c 02000000 		.4byte	.LFE1
 1108 0010 00000000 		.4byte	.LFB2
 1109 0014 1C000000 		.4byte	.LFE2
 1110 0018 00000000 		.4byte	.LFB3
 1111 001c CC000000 		.4byte	.LFE3
 1112 0020 00000000 		.4byte	.LFB4
 1113 0024 B8000000 		.4byte	.LFE4
 1114 0028 00000000 		.4byte	0
 1115 002c 00000000 		.4byte	0
 1116              		.section	.debug_line,"",%progbits
 1117              	.Ldebug_line0:
 1118 0000 43010000 		.section	.debug_str,"MS",%progbits,1
 1118      02008800 
 1118      00000201 
 1118      FB0E0D00 
 1118      01010101 
 1119              	.LASF22:
 1120 0000 55534255 		.ascii	"USBUART_1_RestoreConfig\000"
 1120      4152545F 
 1120      315F5265 
 1120      73746F72 
 1120      65436F6E 
ARM GAS  C:\Users\Luggi\AppData\Local\Temp\ccU5ykBp.s 			page 27


 1121              	.LASF38:
 1122 0018 43794465 		.ascii	"CyDelayCycles\000"
 1122      6C617943 
 1122      79636C65 
 1122      7300
 1123              	.LASF16:
 1124 0026 72656733 		.ascii	"reg32\000"
 1124      3200
 1125              	.LASF36:
 1126 002c 55534255 		.ascii	"USBUART_1_SaveConfig\000"
 1126      4152545F 
 1126      315F5361 
 1126      7665436F 
 1126      6E666967 
 1127              	.LASF23:
 1128 0041 55534255 		.ascii	"USBUART_1_Suspend\000"
 1128      4152545F 
 1128      315F5375 
 1128      7370656E 
 1128      6400
 1129              	.LASF3:
 1130 0053 73686F72 		.ascii	"short unsigned int\000"
 1130      7420756E 
 1130      7369676E 
 1130      65642069 
 1130      6E7400
 1131              	.LASF29:
 1132 0066 55534255 		.ascii	"USBUART_1_Dp_ClearInterrupt\000"
 1132      4152545F 
 1132      315F4470 
 1132      5F436C65 
 1132      6172496E 
 1133              	.LASF34:
 1134 0082 47656E65 		.ascii	"Generated_Source\\PSoC5\\USBUART_1_pm.c\000"
 1134      72617465 
 1134      645F536F 
 1134      75726365 
 1134      5C50536F 
 1135              	.LASF12:
 1136 00a8 666C6F61 		.ascii	"float\000"
 1136      7400
 1137              	.LASF7:
 1138 00ae 6C6F6E67 		.ascii	"long long unsigned int\000"
 1138      206C6F6E 
 1138      6720756E 
 1138      7369676E 
 1138      65642069 
 1139              	.LASF1:
 1140 00c5 756E7369 		.ascii	"unsigned char\000"
 1140      676E6564 
 1140      20636861 
 1140      7200
 1141              	.LASF15:
 1142 00d3 72656738 		.ascii	"reg8\000"
 1142      00
 1143              	.LASF5:
 1144 00d8 6C6F6E67 		.ascii	"long unsigned int\000"
ARM GAS  C:\Users\Luggi\AppData\Local\Temp\ccU5ykBp.s 			page 28


 1144      20756E73 
 1144      69676E65 
 1144      6420696E 
 1144      7400
 1145              	.LASF9:
 1146 00ea 75696E74 		.ascii	"uint8\000"
 1146      3800
 1147              	.LASF26:
 1148 00f0 55534255 		.ascii	"USBUART_1_backup\000"
 1148      4152545F 
 1148      315F6261 
 1148      636B7570 
 1148      00
 1149              	.LASF25:
 1150 0101 656E6162 		.ascii	"enableInterrupts\000"
 1150      6C65496E 
 1150      74657272 
 1150      75707473 
 1150      00
 1151              	.LASF27:
 1152 0112 55534255 		.ascii	"USBUART_1_ConfigReg\000"
 1152      4152545F 
 1152      315F436F 
 1152      6E666967 
 1152      52656700 
 1153              	.LASF13:
 1154 0126 646F7562 		.ascii	"double\000"
 1154      6C6500
 1155              	.LASF28:
 1156 012d 55534255 		.ascii	"USBUART_1_EpStateInit\000"
 1156      4152545F 
 1156      315F4570 
 1156      53746174 
 1156      65496E69 
 1157              	.LASF10:
 1158 0143 75696E74 		.ascii	"uint16\000"
 1158      313600
 1159              	.LASF37:
 1160 014a 55534255 		.ascii	"USBUART_1_configuration\000"
 1160      4152545F 
 1160      315F636F 
 1160      6E666967 
 1160      75726174 
 1161              	.LASF11:
 1162 0162 75696E74 		.ascii	"uint32\000"
 1162      333200
 1163              	.LASF18:
 1164 0169 656E6162 		.ascii	"enableState\000"
 1164      6C655374 
 1164      61746500 
 1165              	.LASF30:
 1166 0175 4379456E 		.ascii	"CyEnterCriticalSection\000"
 1166      74657243 
 1166      72697469 
 1166      63616C53 
 1166      65637469 
 1167              	.LASF8:
ARM GAS  C:\Users\Luggi\AppData\Local\Temp\ccU5ykBp.s 			page 29


 1168 018c 756E7369 		.ascii	"unsigned int\000"
 1168      676E6564 
 1168      20696E74 
 1168      00
 1169              	.LASF32:
 1170 0199 43794578 		.ascii	"CyExitCriticalSection\000"
 1170      69744372 
 1170      69746963 
 1170      616C5365 
 1170      6374696F 
 1171              	.LASF19:
 1172 01af 6D6F6465 		.ascii	"mode\000"
 1172      00
 1173              	.LASF17:
 1174 01b4 73697A65 		.ascii	"sizetype\000"
 1174      74797065 
 1174      00
 1175              	.LASF6:
 1176 01bd 6C6F6E67 		.ascii	"long long int\000"
 1176      206C6F6E 
 1176      6720696E 
 1176      7400
 1177              	.LASF31:
 1178 01cb 43794465 		.ascii	"CyDelayUs\000"
 1178      6C617955 
 1178      7300
 1179              	.LASF14:
 1180 01d5 63686172 		.ascii	"char\000"
 1180      00
 1181              	.LASF35:
 1182 01da 433A5C55 		.ascii	"C:\\Users\\Luggi\\Desktop\\Aktuelles Projekt Laser_"
 1182      73657273 
 1182      5C4C7567 
 1182      67695C44 
 1182      65736B74 
 1183 0209 73636875 		.ascii	"schutzschaltung\\Aktuelles Projekt Laser_schutzscha"
 1183      747A7363 
 1183      68616C74 
 1183      756E675C 
 1183      416B7475 
 1184 023b 6C74756E 		.ascii	"ltung\\Laserschutzschaltung.cydsn\000"
 1184      675C4C61 
 1184      73657273 
 1184      63687574 
 1184      7A736368 
 1185              	.LASF2:
 1186 025c 73686F72 		.ascii	"short int\000"
 1186      7420696E 
 1186      7400
 1187              	.LASF33:
 1188 0266 474E5520 		.ascii	"GNU C 4.9.3 20150303 (release) [ARM/embedded-4_9-br"
 1188      4320342E 
 1188      392E3320 
 1188      32303135 
 1188      30333033 
 1189 0299 616E6368 		.ascii	"anch revision 221220] -mcpu=cortex-m3 -mthumb -g -O"
 1189      20726576 
ARM GAS  C:\Users\Luggi\AppData\Local\Temp\ccU5ykBp.s 			page 30


 1189      6973696F 
 1189      6E203232 
 1189      31323230 
 1190 02cc 73202D66 		.ascii	"s -ffunction-sections -ffat-lto-objects\000"
 1190      66756E63 
 1190      74696F6E 
 1190      2D736563 
 1190      74696F6E 
 1191              	.LASF20:
 1192 02f4 55534255 		.ascii	"USBUART_1_BACKUP_STRUCT\000"
 1192      4152545F 
 1192      315F4241 
 1192      434B5550 
 1192      5F535452 
 1193              	.LASF4:
 1194 030c 6C6F6E67 		.ascii	"long int\000"
 1194      20696E74 
 1194      00
 1195              	.LASF24:
 1196 0315 55534255 		.ascii	"USBUART_1_Resume\000"
 1196      4152545F 
 1196      315F5265 
 1196      73756D65 
 1196      00
 1197              	.LASF0:
 1198 0326 7369676E 		.ascii	"signed char\000"
 1198      65642063 
 1198      68617200 
 1199              	.LASF21:
 1200 0332 55534255 		.ascii	"USBUART_1_DP_ISR\000"
 1200      4152545F 
 1200      315F4450 
 1200      5F495352 
 1200      00
 1201              		.ident	"GCC: (GNU Tools for ARM Embedded Processors) 4.9.3 20150303 (release) [ARM/embedded-4_9-br
