ARM GAS  C:\Users\Luggi\AppData\Local\Temp\cclYuyoU.s 			page 1


   1              		.syntax unified
   2              		.cpu cortex-m3
   3              		.fpu softvfp
   4              		.eabi_attribute 20, 1
   5              		.eabi_attribute 21, 1
   6              		.eabi_attribute 23, 3
   7              		.eabi_attribute 24, 1
   8              		.eabi_attribute 25, 1
   9              		.eabi_attribute 26, 1
  10              		.eabi_attribute 30, 4
  11              		.eabi_attribute 34, 1
  12              		.eabi_attribute 18, 4
  13              		.thumb
  14              		.file	"USBUART_1_cls.c"
  15              		.text
  16              	.Ltext0:
  17              		.cfi_sections	.debug_frame
  18              		.section	.text.USBUART_1_DispatchClassRqst,"ax",%progbits
  19              		.align	1
  20              		.global	USBUART_1_DispatchClassRqst
  21              		.thumb
  22              		.thumb_func
  23              		.type	USBUART_1_DispatchClassRqst, %function
  24              	USBUART_1_DispatchClassRqst:
  25              	.LFB0:
  26              		.file 1 "Generated_Source\\PSoC5\\USBUART_1_cls.c"
   1:Generated_Source\PSoC5/USBUART_1_cls.c **** /***************************************************************************//**
   2:Generated_Source\PSoC5/USBUART_1_cls.c **** * \file USBUART_1_cls.c
   3:Generated_Source\PSoC5/USBUART_1_cls.c **** * \version 3.10
   4:Generated_Source\PSoC5/USBUART_1_cls.c **** *
   5:Generated_Source\PSoC5/USBUART_1_cls.c **** * \brief
   6:Generated_Source\PSoC5/USBUART_1_cls.c **** *  This file contains the USB Class request handler.
   7:Generated_Source\PSoC5/USBUART_1_cls.c **** *
   8:Generated_Source\PSoC5/USBUART_1_cls.c **** ********************************************************************************
   9:Generated_Source\PSoC5/USBUART_1_cls.c **** * \copyright
  10:Generated_Source\PSoC5/USBUART_1_cls.c **** * Copyright 2008-2016, Cypress Semiconductor Corporation.  All rights reserved.
  11:Generated_Source\PSoC5/USBUART_1_cls.c **** * You may use this file only in accordance with the license, terms, conditions,
  12:Generated_Source\PSoC5/USBUART_1_cls.c **** * disclaimers, and limitations in the end user license agreement accompanying
  13:Generated_Source\PSoC5/USBUART_1_cls.c **** * the software package with which this file was provided.
  14:Generated_Source\PSoC5/USBUART_1_cls.c **** *******************************************************************************/
  15:Generated_Source\PSoC5/USBUART_1_cls.c **** 
  16:Generated_Source\PSoC5/USBUART_1_cls.c **** #include "USBUART_1_pvt.h"
  17:Generated_Source\PSoC5/USBUART_1_cls.c **** 
  18:Generated_Source\PSoC5/USBUART_1_cls.c **** 
  19:Generated_Source\PSoC5/USBUART_1_cls.c **** #if(USBUART_1_EXTERN_CLS == USBUART_1_FALSE)
  20:Generated_Source\PSoC5/USBUART_1_cls.c **** 
  21:Generated_Source\PSoC5/USBUART_1_cls.c **** /***************************************
  22:Generated_Source\PSoC5/USBUART_1_cls.c **** * User Implemented Class Driver Declarations.
  23:Generated_Source\PSoC5/USBUART_1_cls.c **** ***************************************/
  24:Generated_Source\PSoC5/USBUART_1_cls.c **** /* `#START USER_DEFINED_CLASS_DECLARATIONS` Place your declaration here */
  25:Generated_Source\PSoC5/USBUART_1_cls.c **** 
  26:Generated_Source\PSoC5/USBUART_1_cls.c **** /* `#END` */
  27:Generated_Source\PSoC5/USBUART_1_cls.c **** 
  28:Generated_Source\PSoC5/USBUART_1_cls.c **** 
  29:Generated_Source\PSoC5/USBUART_1_cls.c **** /*******************************************************************************
  30:Generated_Source\PSoC5/USBUART_1_cls.c **** * Function Name: USBUART_1_DispatchClassRqst
  31:Generated_Source\PSoC5/USBUART_1_cls.c **** ****************************************************************************//**
ARM GAS  C:\Users\Luggi\AppData\Local\Temp\cclYuyoU.s 			page 2


  32:Generated_Source\PSoC5/USBUART_1_cls.c **** *  This routine dispatches class specific requests depend on interface class.
  33:Generated_Source\PSoC5/USBUART_1_cls.c **** *
  34:Generated_Source\PSoC5/USBUART_1_cls.c **** * \return
  35:Generated_Source\PSoC5/USBUART_1_cls.c **** *  requestHandled.
  36:Generated_Source\PSoC5/USBUART_1_cls.c **** *
  37:Generated_Source\PSoC5/USBUART_1_cls.c **** * \reentrant
  38:Generated_Source\PSoC5/USBUART_1_cls.c **** *  No.
  39:Generated_Source\PSoC5/USBUART_1_cls.c **** *
  40:Generated_Source\PSoC5/USBUART_1_cls.c **** *******************************************************************************/
  41:Generated_Source\PSoC5/USBUART_1_cls.c **** uint8 USBUART_1_DispatchClassRqst(void) 
  42:Generated_Source\PSoC5/USBUART_1_cls.c **** {
  27              		.loc 1 42 0
  28              		.cfi_startproc
  29              		@ args = 0, pretend = 0, frame = 0
  30              		@ frame_needed = 0, uses_anonymous_args = 0
  31              		@ link register save eliminated.
  43:Generated_Source\PSoC5/USBUART_1_cls.c ****     uint8 requestHandled;
  44:Generated_Source\PSoC5/USBUART_1_cls.c ****     uint8 interfaceNumber;
  45:Generated_Source\PSoC5/USBUART_1_cls.c **** 
  46:Generated_Source\PSoC5/USBUART_1_cls.c ****     /* Get interface to which request is intended. */
  47:Generated_Source\PSoC5/USBUART_1_cls.c ****     switch (USBUART_1_bmRequestTypeReg & USBUART_1_RQST_RCPT_MASK)
  32              		.loc 1 47 0
  33 0000 0F4A     		ldr	r2, .L13
  34 0002 1378     		ldrb	r3, [r2]	@ zero_extendqisi2
  35 0004 03F00303 		and	r3, r3, #3
  36 0008 012B     		cmp	r3, #1
  37 000a 0BD0     		beq	.L3
  38 000c 022B     		cmp	r3, #2
  39 000e 0CD1     		bne	.L12
  48:Generated_Source\PSoC5/USBUART_1_cls.c ****     {
  49:Generated_Source\PSoC5/USBUART_1_cls.c ****         case USBUART_1_RQST_RCPT_IFC:
  50:Generated_Source\PSoC5/USBUART_1_cls.c ****             /* Class-specific request directed to interface: wIndexLoReg 
  51:Generated_Source\PSoC5/USBUART_1_cls.c ****             * contains interface number.
  52:Generated_Source\PSoC5/USBUART_1_cls.c ****             */
  53:Generated_Source\PSoC5/USBUART_1_cls.c ****             interfaceNumber = (uint8) USBUART_1_wIndexLoReg;
  54:Generated_Source\PSoC5/USBUART_1_cls.c ****             break;
  55:Generated_Source\PSoC5/USBUART_1_cls.c ****         
  56:Generated_Source\PSoC5/USBUART_1_cls.c ****         case USBUART_1_RQST_RCPT_EP:
  57:Generated_Source\PSoC5/USBUART_1_cls.c ****             /* Class-specific request directed to endpoint: wIndexLoReg contains 
  58:Generated_Source\PSoC5/USBUART_1_cls.c ****             * endpoint number. Find interface related to endpoint, 
  59:Generated_Source\PSoC5/USBUART_1_cls.c ****             */
  60:Generated_Source\PSoC5/USBUART_1_cls.c ****             interfaceNumber = USBUART_1_EP[USBUART_1_wIndexLoReg & USBUART_1_DIR_UNUSED].interface;
  40              		.loc 1 60 0
  41 0010 1379     		ldrb	r3, [r2, #4]	@ zero_extendqisi2
  42 0012 0C21     		movs	r1, #12
  43 0014 03F07F02 		and	r2, r3, #127
  44 0018 0A4B     		ldr	r3, .L13+4
  45 001a 01FB0233 		mla	r3, r1, r2, r3
  46 001e 0833     		adds	r3, r3, #8
  47 0020 9B78     		ldrb	r3, [r3, #2]	@ zero_extendqisi2
  48 0022 00E0     		b	.L10
  49              	.L3:
  53:Generated_Source\PSoC5/USBUART_1_cls.c ****             break;
  50              		.loc 1 53 0
  51 0024 1379     		ldrb	r3, [r2, #4]	@ zero_extendqisi2
  52              	.L10:
  53              		.loc 1 60 0
ARM GAS  C:\Users\Luggi\AppData\Local\Temp\cclYuyoU.s 			page 3


  54 0026 DBB2     		uxtb	r3, r3
  55              	.LVL0:
  61:Generated_Source\PSoC5/USBUART_1_cls.c ****             break;
  56              		.loc 1 61 0
  57 0028 00E0     		b	.L2
  58              	.LVL1:
  59              	.L12:
  62:Generated_Source\PSoC5/USBUART_1_cls.c ****             
  63:Generated_Source\PSoC5/USBUART_1_cls.c ****         default:
  64:Generated_Source\PSoC5/USBUART_1_cls.c ****             /* Default interface is zero. */
  65:Generated_Source\PSoC5/USBUART_1_cls.c ****             interfaceNumber = 0u;
  60              		.loc 1 65 0
  61 002a 0023     		movs	r3, #0
  62              	.L2:
  63              	.LVL2:
  66:Generated_Source\PSoC5/USBUART_1_cls.c ****             break;
  67:Generated_Source\PSoC5/USBUART_1_cls.c ****     }
  68:Generated_Source\PSoC5/USBUART_1_cls.c **** 
  69:Generated_Source\PSoC5/USBUART_1_cls.c **** #if (defined(USBUART_1_ENABLE_HID_CLASS) ||\
  70:Generated_Source\PSoC5/USBUART_1_cls.c ****             defined(USBUART_1_ENABLE_AUDIO_CLASS) ||\
  71:Generated_Source\PSoC5/USBUART_1_cls.c ****             defined(USBUART_1_ENABLE_CDC_CLASS) ||\
  72:Generated_Source\PSoC5/USBUART_1_cls.c ****             USBUART_1_ENABLE_MSC_CLASS)
  73:Generated_Source\PSoC5/USBUART_1_cls.c **** 
  74:Generated_Source\PSoC5/USBUART_1_cls.c ****     /* Handle class request depends on interface type. */
  75:Generated_Source\PSoC5/USBUART_1_cls.c ****     switch (USBUART_1_interfaceClass[interfaceNumber])
  64              		.loc 1 75 0
  65 002c 064A     		ldr	r2, .L13+8
  66 002e 1268     		ldr	r2, [r2]
  67 0030 D35C     		ldrb	r3, [r2, r3]	@ zero_extendqisi2
  68              	.LVL3:
  69 0032 022B     		cmp	r3, #2
  70 0034 01D1     		bne	.L9
  76:Generated_Source\PSoC5/USBUART_1_cls.c ****     {
  77:Generated_Source\PSoC5/USBUART_1_cls.c ****     #if defined(USBUART_1_ENABLE_HID_CLASS)
  78:Generated_Source\PSoC5/USBUART_1_cls.c ****         case USBUART_1_CLASS_HID:
  79:Generated_Source\PSoC5/USBUART_1_cls.c ****             requestHandled = USBUART_1_DispatchHIDClassRqst();
  80:Generated_Source\PSoC5/USBUART_1_cls.c ****             break;
  81:Generated_Source\PSoC5/USBUART_1_cls.c ****     #endif /* (USBUART_1_ENABLE_HID_CLASS) */
  82:Generated_Source\PSoC5/USBUART_1_cls.c ****             
  83:Generated_Source\PSoC5/USBUART_1_cls.c ****     #if defined(USBUART_1_ENABLE_AUDIO_CLASS)
  84:Generated_Source\PSoC5/USBUART_1_cls.c ****         case USBUART_1_CLASS_AUDIO:
  85:Generated_Source\PSoC5/USBUART_1_cls.c ****             requestHandled = USBUART_1_DispatchAUDIOClassRqst();
  86:Generated_Source\PSoC5/USBUART_1_cls.c ****             break;
  87:Generated_Source\PSoC5/USBUART_1_cls.c ****     #endif /* (USBUART_1_CLASS_AUDIO) */
  88:Generated_Source\PSoC5/USBUART_1_cls.c ****             
  89:Generated_Source\PSoC5/USBUART_1_cls.c ****     #if defined(USBUART_1_ENABLE_CDC_CLASS)
  90:Generated_Source\PSoC5/USBUART_1_cls.c ****         case USBUART_1_CLASS_CDC:
  91:Generated_Source\PSoC5/USBUART_1_cls.c ****             requestHandled = USBUART_1_DispatchCDCClassRqst();
  71              		.loc 1 91 0
  72 0036 FFF7FEBF 		b	USBUART_1_DispatchCDCClassRqst
  73              	.LVL4:
  74              	.L9:
  92:Generated_Source\PSoC5/USBUART_1_cls.c ****             break;
  93:Generated_Source\PSoC5/USBUART_1_cls.c ****     #endif /* (USBUART_1_ENABLE_CDC_CLASS) */
  94:Generated_Source\PSoC5/USBUART_1_cls.c ****         
  95:Generated_Source\PSoC5/USBUART_1_cls.c ****     #if (USBUART_1_ENABLE_MSC_CLASS)
  96:Generated_Source\PSoC5/USBUART_1_cls.c ****         case USBUART_1_CLASS_MSD:
ARM GAS  C:\Users\Luggi\AppData\Local\Temp\cclYuyoU.s 			page 4


  97:Generated_Source\PSoC5/USBUART_1_cls.c ****         #if (USBUART_1_HANDLE_MSC_REQUESTS)
  98:Generated_Source\PSoC5/USBUART_1_cls.c ****             /* MSC requests are handled by the component. */
  99:Generated_Source\PSoC5/USBUART_1_cls.c ****             requestHandled = USBUART_1_DispatchMSCClassRqst();
 100:Generated_Source\PSoC5/USBUART_1_cls.c ****         #elif defined(USBUART_1_DISPATCH_MSC_CLASS_RQST_CALLBACK)
 101:Generated_Source\PSoC5/USBUART_1_cls.c ****             /* MSC requests are handled by user defined callbcak. */
 102:Generated_Source\PSoC5/USBUART_1_cls.c ****             requestHandled = USBUART_1_DispatchMSCClassRqst_Callback();
 103:Generated_Source\PSoC5/USBUART_1_cls.c ****         #else
 104:Generated_Source\PSoC5/USBUART_1_cls.c ****             /* MSC requests are not handled. */
 105:Generated_Source\PSoC5/USBUART_1_cls.c ****             requestHandled = USBUART_1_FALSE;
 106:Generated_Source\PSoC5/USBUART_1_cls.c ****         #endif /* (USBUART_1_HANDLE_MSC_REQUESTS) */
 107:Generated_Source\PSoC5/USBUART_1_cls.c ****             break;
 108:Generated_Source\PSoC5/USBUART_1_cls.c ****     #endif /* (USBUART_1_ENABLE_MSC_CLASS) */
 109:Generated_Source\PSoC5/USBUART_1_cls.c ****         
 110:Generated_Source\PSoC5/USBUART_1_cls.c ****         default:
 111:Generated_Source\PSoC5/USBUART_1_cls.c ****             /* Request is not handled: unknown class request type. */
 112:Generated_Source\PSoC5/USBUART_1_cls.c ****             requestHandled = USBUART_1_FALSE;
 113:Generated_Source\PSoC5/USBUART_1_cls.c ****             break;
 114:Generated_Source\PSoC5/USBUART_1_cls.c ****     }
 115:Generated_Source\PSoC5/USBUART_1_cls.c **** #else /*No class is defined*/
 116:Generated_Source\PSoC5/USBUART_1_cls.c ****     if (0u != interfaceNumber)
 117:Generated_Source\PSoC5/USBUART_1_cls.c ****     {
 118:Generated_Source\PSoC5/USBUART_1_cls.c ****         /* Suppress warning message */
 119:Generated_Source\PSoC5/USBUART_1_cls.c ****     }
 120:Generated_Source\PSoC5/USBUART_1_cls.c ****     requestHandled = USBUART_1_FALSE;
 121:Generated_Source\PSoC5/USBUART_1_cls.c **** #endif /*HID or AUDIO or MSC or CDC class enabled*/
 122:Generated_Source\PSoC5/USBUART_1_cls.c **** 
 123:Generated_Source\PSoC5/USBUART_1_cls.c ****     /* `#START USER_DEFINED_CLASS_CODE` Place your Class request here */
 124:Generated_Source\PSoC5/USBUART_1_cls.c **** 
 125:Generated_Source\PSoC5/USBUART_1_cls.c ****     /* `#END` */
 126:Generated_Source\PSoC5/USBUART_1_cls.c **** 
 127:Generated_Source\PSoC5/USBUART_1_cls.c **** #ifdef USBUART_1_DISPATCH_CLASS_RQST_CALLBACK
 128:Generated_Source\PSoC5/USBUART_1_cls.c ****     if (USBUART_1_FALSE == requestHandled)
 129:Generated_Source\PSoC5/USBUART_1_cls.c ****     {
 130:Generated_Source\PSoC5/USBUART_1_cls.c ****         requestHandled = USBUART_1_DispatchClassRqst_Callback(interfaceNumber);
 131:Generated_Source\PSoC5/USBUART_1_cls.c ****     }
 132:Generated_Source\PSoC5/USBUART_1_cls.c **** #endif /* (USBUART_1_DISPATCH_CLASS_RQST_CALLBACK) */
 133:Generated_Source\PSoC5/USBUART_1_cls.c **** 
 134:Generated_Source\PSoC5/USBUART_1_cls.c ****     return (requestHandled);
 135:Generated_Source\PSoC5/USBUART_1_cls.c **** }
  75              		.loc 1 135 0
  76 003a 0020     		movs	r0, #0
  77 003c 7047     		bx	lr
  78              	.L14:
  79 003e 00BF     		.align	2
  80              	.L13:
  81 0040 00600040 		.word	1073766400
  82 0044 00000000 		.word	USBUART_1_EP
  83 0048 00000000 		.word	USBUART_1_interfaceClass
  84              		.cfi_endproc
  85              	.LFE0:
  86              		.size	USBUART_1_DispatchClassRqst, .-USBUART_1_DispatchClassRqst
  87              		.text
  88              	.Letext0:
  89              		.file 2 "Generated_Source\\PSoC5\\cytypes.h"
  90              		.file 3 "Generated_Source\\PSoC5\\USBUART_1.h"
  91              		.file 4 "Generated_Source\\PSoC5\\USBUART_1_pvt.h"
  92              		.section	.debug_info,"",%progbits
ARM GAS  C:\Users\Luggi\AppData\Local\Temp\cclYuyoU.s 			page 5


  93              	.Ldebug_info0:
  94 0000 CB010000 		.4byte	0x1cb
  95 0004 0400     		.2byte	0x4
  96 0006 00000000 		.4byte	.Ldebug_abbrev0
  97 000a 04       		.byte	0x4
  98 000b 01       		.uleb128 0x1
  99 000c 98000000 		.4byte	.LASF31
 100 0010 01       		.byte	0x1
 101 0011 20000000 		.4byte	.LASF32
 102 0015 32020000 		.4byte	.LASF33
 103 0019 00000000 		.4byte	.Ldebug_ranges0+0
 104 001d 00000000 		.4byte	0
 105 0021 00000000 		.4byte	.Ldebug_line0
 106 0025 02       		.uleb128 0x2
 107 0026 01       		.byte	0x1
 108 0027 06       		.byte	0x6
 109 0028 E2020000 		.4byte	.LASF0
 110 002c 02       		.uleb128 0x2
 111 002d 01       		.byte	0x1
 112 002e 08       		.byte	0x8
 113 002f 26010000 		.4byte	.LASF1
 114 0033 02       		.uleb128 0x2
 115 0034 02       		.byte	0x2
 116 0035 05       		.byte	0x5
 117 0036 BF020000 		.4byte	.LASF2
 118 003a 02       		.uleb128 0x2
 119 003b 02       		.byte	0x2
 120 003c 07       		.byte	0x7
 121 003d 0D000000 		.4byte	.LASF3
 122 0041 02       		.uleb128 0x2
 123 0042 04       		.byte	0x4
 124 0043 05       		.byte	0x5
 125 0044 D9020000 		.4byte	.LASF4
 126 0048 02       		.uleb128 0x2
 127 0049 04       		.byte	0x4
 128 004a 07       		.byte	0x7
 129 004b 34010000 		.4byte	.LASF5
 130 004f 02       		.uleb128 0x2
 131 0050 08       		.byte	0x8
 132 0051 05       		.byte	0x5
 133 0052 06020000 		.4byte	.LASF6
 134 0056 02       		.uleb128 0x2
 135 0057 08       		.byte	0x8
 136 0058 07       		.byte	0x7
 137 0059 C6010000 		.4byte	.LASF7
 138 005d 03       		.uleb128 0x3
 139 005e 04       		.byte	0x4
 140 005f 05       		.byte	0x5
 141 0060 696E7400 		.ascii	"int\000"
 142 0064 02       		.uleb128 0x2
 143 0065 04       		.byte	0x4
 144 0066 07       		.byte	0x7
 145 0067 B9010000 		.4byte	.LASF8
 146 006b 04       		.uleb128 0x4
 147 006c C9020000 		.4byte	.LASF9
 148 0070 02       		.byte	0x2
 149 0071 9201     		.2byte	0x192
ARM GAS  C:\Users\Luggi\AppData\Local\Temp\cclYuyoU.s 			page 6


 150 0073 2C000000 		.4byte	0x2c
 151 0077 04       		.uleb128 0x4
 152 0078 8D010000 		.4byte	.LASF10
 153 007c 02       		.byte	0x2
 154 007d 9301     		.2byte	0x193
 155 007f 3A000000 		.4byte	0x3a
 156 0083 02       		.uleb128 0x2
 157 0084 04       		.byte	0x4
 158 0085 04       		.byte	0x4
 159 0086 89000000 		.4byte	.LASF11
 160 008a 02       		.uleb128 0x2
 161 008b 08       		.byte	0x8
 162 008c 04       		.byte	0x4
 163 008d 74010000 		.4byte	.LASF12
 164 0091 02       		.uleb128 0x2
 165 0092 01       		.byte	0x1
 166 0093 08       		.byte	0x8
 167 0094 2D020000 		.4byte	.LASF13
 168 0098 02       		.uleb128 0x2
 169 0099 04       		.byte	0x4
 170 009a 07       		.byte	0x7
 171 009b F6010000 		.4byte	.LASF14
 172 009f 05       		.uleb128 0x5
 173 00a0 0C       		.byte	0xc
 174 00a1 03       		.byte	0x3
 175 00a2 8D       		.byte	0x8d
 176 00a3 14010000 		.4byte	0x114
 177 00a7 06       		.uleb128 0x6
 178 00a8 7B010000 		.4byte	.LASF15
 179 00ac 03       		.byte	0x3
 180 00ad 8F       		.byte	0x8f
 181 00ae 6B000000 		.4byte	0x6b
 182 00b2 00       		.byte	0
 183 00b3 06       		.uleb128 0x6
 184 00b4 94010000 		.4byte	.LASF16
 185 00b8 03       		.byte	0x3
 186 00b9 90       		.byte	0x90
 187 00ba 6B000000 		.4byte	0x6b
 188 00be 01       		.byte	0x1
 189 00bf 06       		.uleb128 0x6
 190 00c0 DD010000 		.4byte	.LASF17
 191 00c4 03       		.byte	0x3
 192 00c5 91       		.byte	0x91
 193 00c6 6B000000 		.4byte	0x6b
 194 00ca 02       		.byte	0x2
 195 00cb 06       		.uleb128 0x6
 196 00cc 8F000000 		.4byte	.LASF18
 197 00d0 03       		.byte	0x3
 198 00d1 92       		.byte	0x92
 199 00d2 6B000000 		.4byte	0x6b
 200 00d6 03       		.byte	0x3
 201 00d7 06       		.uleb128 0x6
 202 00d8 46010000 		.4byte	.LASF19
 203 00dc 03       		.byte	0x3
 204 00dd 93       		.byte	0x93
 205 00de 6B000000 		.4byte	0x6b
 206 00e2 04       		.byte	0x4
ARM GAS  C:\Users\Luggi\AppData\Local\Temp\cclYuyoU.s 			page 7


 207 00e3 06       		.uleb128 0x6
 208 00e4 FF010000 		.4byte	.LASF20
 209 00e8 03       		.byte	0x3
 210 00e9 94       		.byte	0x94
 211 00ea 6B000000 		.4byte	0x6b
 212 00ee 05       		.byte	0x5
 213 00ef 06       		.uleb128 0x6
 214 00f0 82010000 		.4byte	.LASF21
 215 00f4 03       		.byte	0x3
 216 00f5 95       		.byte	0x95
 217 00f6 77000000 		.4byte	0x77
 218 00fa 06       		.byte	0x6
 219 00fb 06       		.uleb128 0x6
 220 00fc B4020000 		.4byte	.LASF22
 221 0100 03       		.byte	0x3
 222 0101 96       		.byte	0x96
 223 0102 77000000 		.4byte	0x77
 224 0106 08       		.byte	0x8
 225 0107 06       		.uleb128 0x6
 226 0108 CF020000 		.4byte	.LASF23
 227 010c 03       		.byte	0x3
 228 010d 97       		.byte	0x97
 229 010e 6B000000 		.4byte	0x6b
 230 0112 0A       		.byte	0xa
 231 0113 00       		.byte	0
 232 0114 07       		.uleb128 0x7
 233 0115 14020000 		.4byte	.LASF24
 234 0119 03       		.byte	0x3
 235 011a 98       		.byte	0x98
 236 011b 9F000000 		.4byte	0x9f
 237 011f 05       		.uleb128 0x5
 238 0120 08       		.byte	0x8
 239 0121 03       		.byte	0x3
 240 0122 C5       		.byte	0xc5
 241 0123 34010000 		.4byte	0x134
 242 0127 06       		.uleb128 0x6
 243 0128 47000000 		.4byte	.LASF25
 244 012c 03       		.byte	0x3
 245 012d C7       		.byte	0xc7
 246 012e 34010000 		.4byte	0x134
 247 0132 00       		.byte	0
 248 0133 00       		.byte	0
 249 0134 08       		.uleb128 0x8
 250 0135 6B000000 		.4byte	0x6b
 251 0139 44010000 		.4byte	0x144
 252 013d 09       		.uleb128 0x9
 253 013e 98000000 		.4byte	0x98
 254 0142 07       		.byte	0x7
 255 0143 00       		.byte	0
 256 0144 07       		.uleb128 0x7
 257 0145 9F010000 		.4byte	.LASF26
 258 0149 03       		.byte	0x3
 259 014a C8       		.byte	0xc8
 260 014b 1F010000 		.4byte	0x11f
 261 014f 0A       		.uleb128 0xa
 262 0150 4E000000 		.4byte	.LASF34
 263 0154 01       		.byte	0x1
ARM GAS  C:\Users\Luggi\AppData\Local\Temp\cclYuyoU.s 			page 8


 264 0155 29       		.byte	0x29
 265 0156 6B000000 		.4byte	0x6b
 266 015a 00000000 		.4byte	.LFB0
 267 015e 4C000000 		.4byte	.LFE0-.LFB0
 268 0162 01       		.uleb128 0x1
 269 0163 9C       		.byte	0x9c
 270 0164 8D010000 		.4byte	0x18d
 271 0168 0B       		.uleb128 0xb
 272 0169 E7010000 		.4byte	.LASF27
 273 016d 01       		.byte	0x1
 274 016e 2B       		.byte	0x2b
 275 016f 6B000000 		.4byte	0x6b
 276 0173 00       		.byte	0
 277 0174 0C       		.uleb128 0xc
 278 0175 64010000 		.4byte	.LASF28
 279 0179 01       		.byte	0x1
 280 017a 2C       		.byte	0x2c
 281 017b 6B000000 		.4byte	0x6b
 282 017f 00000000 		.4byte	.LLST0
 283 0183 0D       		.uleb128 0xd
 284 0184 3A000000 		.4byte	.LVL4
 285 0188 C3010000 		.4byte	0x1c3
 286 018c 00       		.byte	0
 287 018d 0E       		.uleb128 0xe
 288 018e 4B010000 		.4byte	.LASF29
 289 0192 04       		.byte	0x4
 290 0193 77       		.byte	0x77
 291 0194 98010000 		.4byte	0x198
 292 0198 0F       		.uleb128 0xf
 293 0199 04       		.byte	0x4
 294 019a 9E010000 		.4byte	0x19e
 295 019e 10       		.uleb128 0x10
 296 019f 6B000000 		.4byte	0x6b
 297 01a3 08       		.uleb128 0x8
 298 01a4 14010000 		.4byte	0x114
 299 01a8 B3010000 		.4byte	0x1b3
 300 01ac 09       		.uleb128 0x9
 301 01ad 98000000 		.4byte	0x98
 302 01b1 08       		.byte	0x8
 303 01b2 00       		.byte	0
 304 01b3 0E       		.uleb128 0xe
 305 01b4 00000000 		.4byte	.LASF30
 306 01b8 04       		.byte	0x4
 307 01b9 79       		.byte	0x79
 308 01ba BE010000 		.4byte	0x1be
 309 01be 11       		.uleb128 0x11
 310 01bf A3010000 		.4byte	0x1a3
 311 01c3 12       		.uleb128 0x12
 312 01c4 6A000000 		.4byte	.LASF35
 313 01c8 04       		.byte	0x4
 314 01c9 DE       		.byte	0xde
 315 01ca 6B000000 		.4byte	0x6b
 316 01ce 00       		.byte	0
 317              		.section	.debug_abbrev,"",%progbits
 318              	.Ldebug_abbrev0:
 319 0000 01       		.uleb128 0x1
 320 0001 11       		.uleb128 0x11
ARM GAS  C:\Users\Luggi\AppData\Local\Temp\cclYuyoU.s 			page 9


 321 0002 01       		.byte	0x1
 322 0003 25       		.uleb128 0x25
 323 0004 0E       		.uleb128 0xe
 324 0005 13       		.uleb128 0x13
 325 0006 0B       		.uleb128 0xb
 326 0007 03       		.uleb128 0x3
 327 0008 0E       		.uleb128 0xe
 328 0009 1B       		.uleb128 0x1b
 329 000a 0E       		.uleb128 0xe
 330 000b 55       		.uleb128 0x55
 331 000c 17       		.uleb128 0x17
 332 000d 11       		.uleb128 0x11
 333 000e 01       		.uleb128 0x1
 334 000f 10       		.uleb128 0x10
 335 0010 17       		.uleb128 0x17
 336 0011 00       		.byte	0
 337 0012 00       		.byte	0
 338 0013 02       		.uleb128 0x2
 339 0014 24       		.uleb128 0x24
 340 0015 00       		.byte	0
 341 0016 0B       		.uleb128 0xb
 342 0017 0B       		.uleb128 0xb
 343 0018 3E       		.uleb128 0x3e
 344 0019 0B       		.uleb128 0xb
 345 001a 03       		.uleb128 0x3
 346 001b 0E       		.uleb128 0xe
 347 001c 00       		.byte	0
 348 001d 00       		.byte	0
 349 001e 03       		.uleb128 0x3
 350 001f 24       		.uleb128 0x24
 351 0020 00       		.byte	0
 352 0021 0B       		.uleb128 0xb
 353 0022 0B       		.uleb128 0xb
 354 0023 3E       		.uleb128 0x3e
 355 0024 0B       		.uleb128 0xb
 356 0025 03       		.uleb128 0x3
 357 0026 08       		.uleb128 0x8
 358 0027 00       		.byte	0
 359 0028 00       		.byte	0
 360 0029 04       		.uleb128 0x4
 361 002a 16       		.uleb128 0x16
 362 002b 00       		.byte	0
 363 002c 03       		.uleb128 0x3
 364 002d 0E       		.uleb128 0xe
 365 002e 3A       		.uleb128 0x3a
 366 002f 0B       		.uleb128 0xb
 367 0030 3B       		.uleb128 0x3b
 368 0031 05       		.uleb128 0x5
 369 0032 49       		.uleb128 0x49
 370 0033 13       		.uleb128 0x13
 371 0034 00       		.byte	0
 372 0035 00       		.byte	0
 373 0036 05       		.uleb128 0x5
 374 0037 13       		.uleb128 0x13
 375 0038 01       		.byte	0x1
 376 0039 0B       		.uleb128 0xb
 377 003a 0B       		.uleb128 0xb
ARM GAS  C:\Users\Luggi\AppData\Local\Temp\cclYuyoU.s 			page 10


 378 003b 3A       		.uleb128 0x3a
 379 003c 0B       		.uleb128 0xb
 380 003d 3B       		.uleb128 0x3b
 381 003e 0B       		.uleb128 0xb
 382 003f 01       		.uleb128 0x1
 383 0040 13       		.uleb128 0x13
 384 0041 00       		.byte	0
 385 0042 00       		.byte	0
 386 0043 06       		.uleb128 0x6
 387 0044 0D       		.uleb128 0xd
 388 0045 00       		.byte	0
 389 0046 03       		.uleb128 0x3
 390 0047 0E       		.uleb128 0xe
 391 0048 3A       		.uleb128 0x3a
 392 0049 0B       		.uleb128 0xb
 393 004a 3B       		.uleb128 0x3b
 394 004b 0B       		.uleb128 0xb
 395 004c 49       		.uleb128 0x49
 396 004d 13       		.uleb128 0x13
 397 004e 38       		.uleb128 0x38
 398 004f 0B       		.uleb128 0xb
 399 0050 00       		.byte	0
 400 0051 00       		.byte	0
 401 0052 07       		.uleb128 0x7
 402 0053 16       		.uleb128 0x16
 403 0054 00       		.byte	0
 404 0055 03       		.uleb128 0x3
 405 0056 0E       		.uleb128 0xe
 406 0057 3A       		.uleb128 0x3a
 407 0058 0B       		.uleb128 0xb
 408 0059 3B       		.uleb128 0x3b
 409 005a 0B       		.uleb128 0xb
 410 005b 49       		.uleb128 0x49
 411 005c 13       		.uleb128 0x13
 412 005d 00       		.byte	0
 413 005e 00       		.byte	0
 414 005f 08       		.uleb128 0x8
 415 0060 01       		.uleb128 0x1
 416 0061 01       		.byte	0x1
 417 0062 49       		.uleb128 0x49
 418 0063 13       		.uleb128 0x13
 419 0064 01       		.uleb128 0x1
 420 0065 13       		.uleb128 0x13
 421 0066 00       		.byte	0
 422 0067 00       		.byte	0
 423 0068 09       		.uleb128 0x9
 424 0069 21       		.uleb128 0x21
 425 006a 00       		.byte	0
 426 006b 49       		.uleb128 0x49
 427 006c 13       		.uleb128 0x13
 428 006d 2F       		.uleb128 0x2f
 429 006e 0B       		.uleb128 0xb
 430 006f 00       		.byte	0
 431 0070 00       		.byte	0
 432 0071 0A       		.uleb128 0xa
 433 0072 2E       		.uleb128 0x2e
 434 0073 01       		.byte	0x1
ARM GAS  C:\Users\Luggi\AppData\Local\Temp\cclYuyoU.s 			page 11


 435 0074 3F       		.uleb128 0x3f
 436 0075 19       		.uleb128 0x19
 437 0076 03       		.uleb128 0x3
 438 0077 0E       		.uleb128 0xe
 439 0078 3A       		.uleb128 0x3a
 440 0079 0B       		.uleb128 0xb
 441 007a 3B       		.uleb128 0x3b
 442 007b 0B       		.uleb128 0xb
 443 007c 27       		.uleb128 0x27
 444 007d 19       		.uleb128 0x19
 445 007e 49       		.uleb128 0x49
 446 007f 13       		.uleb128 0x13
 447 0080 11       		.uleb128 0x11
 448 0081 01       		.uleb128 0x1
 449 0082 12       		.uleb128 0x12
 450 0083 06       		.uleb128 0x6
 451 0084 40       		.uleb128 0x40
 452 0085 18       		.uleb128 0x18
 453 0086 9742     		.uleb128 0x2117
 454 0088 19       		.uleb128 0x19
 455 0089 01       		.uleb128 0x1
 456 008a 13       		.uleb128 0x13
 457 008b 00       		.byte	0
 458 008c 00       		.byte	0
 459 008d 0B       		.uleb128 0xb
 460 008e 34       		.uleb128 0x34
 461 008f 00       		.byte	0
 462 0090 03       		.uleb128 0x3
 463 0091 0E       		.uleb128 0xe
 464 0092 3A       		.uleb128 0x3a
 465 0093 0B       		.uleb128 0xb
 466 0094 3B       		.uleb128 0x3b
 467 0095 0B       		.uleb128 0xb
 468 0096 49       		.uleb128 0x49
 469 0097 13       		.uleb128 0x13
 470 0098 1C       		.uleb128 0x1c
 471 0099 0B       		.uleb128 0xb
 472 009a 00       		.byte	0
 473 009b 00       		.byte	0
 474 009c 0C       		.uleb128 0xc
 475 009d 34       		.uleb128 0x34
 476 009e 00       		.byte	0
 477 009f 03       		.uleb128 0x3
 478 00a0 0E       		.uleb128 0xe
 479 00a1 3A       		.uleb128 0x3a
 480 00a2 0B       		.uleb128 0xb
 481 00a3 3B       		.uleb128 0x3b
 482 00a4 0B       		.uleb128 0xb
 483 00a5 49       		.uleb128 0x49
 484 00a6 13       		.uleb128 0x13
 485 00a7 02       		.uleb128 0x2
 486 00a8 17       		.uleb128 0x17
 487 00a9 00       		.byte	0
 488 00aa 00       		.byte	0
 489 00ab 0D       		.uleb128 0xd
 490 00ac 898201   		.uleb128 0x4109
 491 00af 00       		.byte	0
ARM GAS  C:\Users\Luggi\AppData\Local\Temp\cclYuyoU.s 			page 12


 492 00b0 11       		.uleb128 0x11
 493 00b1 01       		.uleb128 0x1
 494 00b2 9542     		.uleb128 0x2115
 495 00b4 19       		.uleb128 0x19
 496 00b5 31       		.uleb128 0x31
 497 00b6 13       		.uleb128 0x13
 498 00b7 00       		.byte	0
 499 00b8 00       		.byte	0
 500 00b9 0E       		.uleb128 0xe
 501 00ba 34       		.uleb128 0x34
 502 00bb 00       		.byte	0
 503 00bc 03       		.uleb128 0x3
 504 00bd 0E       		.uleb128 0xe
 505 00be 3A       		.uleb128 0x3a
 506 00bf 0B       		.uleb128 0xb
 507 00c0 3B       		.uleb128 0x3b
 508 00c1 0B       		.uleb128 0xb
 509 00c2 49       		.uleb128 0x49
 510 00c3 13       		.uleb128 0x13
 511 00c4 3F       		.uleb128 0x3f
 512 00c5 19       		.uleb128 0x19
 513 00c6 3C       		.uleb128 0x3c
 514 00c7 19       		.uleb128 0x19
 515 00c8 00       		.byte	0
 516 00c9 00       		.byte	0
 517 00ca 0F       		.uleb128 0xf
 518 00cb 0F       		.uleb128 0xf
 519 00cc 00       		.byte	0
 520 00cd 0B       		.uleb128 0xb
 521 00ce 0B       		.uleb128 0xb
 522 00cf 49       		.uleb128 0x49
 523 00d0 13       		.uleb128 0x13
 524 00d1 00       		.byte	0
 525 00d2 00       		.byte	0
 526 00d3 10       		.uleb128 0x10
 527 00d4 26       		.uleb128 0x26
 528 00d5 00       		.byte	0
 529 00d6 49       		.uleb128 0x49
 530 00d7 13       		.uleb128 0x13
 531 00d8 00       		.byte	0
 532 00d9 00       		.byte	0
 533 00da 11       		.uleb128 0x11
 534 00db 35       		.uleb128 0x35
 535 00dc 00       		.byte	0
 536 00dd 49       		.uleb128 0x49
 537 00de 13       		.uleb128 0x13
 538 00df 00       		.byte	0
 539 00e0 00       		.byte	0
 540 00e1 12       		.uleb128 0x12
 541 00e2 2E       		.uleb128 0x2e
 542 00e3 00       		.byte	0
 543 00e4 3F       		.uleb128 0x3f
 544 00e5 19       		.uleb128 0x19
 545 00e6 03       		.uleb128 0x3
 546 00e7 0E       		.uleb128 0xe
 547 00e8 3A       		.uleb128 0x3a
 548 00e9 0B       		.uleb128 0xb
ARM GAS  C:\Users\Luggi\AppData\Local\Temp\cclYuyoU.s 			page 13


 549 00ea 3B       		.uleb128 0x3b
 550 00eb 0B       		.uleb128 0xb
 551 00ec 27       		.uleb128 0x27
 552 00ed 19       		.uleb128 0x19
 553 00ee 49       		.uleb128 0x49
 554 00ef 13       		.uleb128 0x13
 555 00f0 3C       		.uleb128 0x3c
 556 00f1 19       		.uleb128 0x19
 557 00f2 00       		.byte	0
 558 00f3 00       		.byte	0
 559 00f4 00       		.byte	0
 560              		.section	.debug_loc,"",%progbits
 561              	.Ldebug_loc0:
 562              	.LLST0:
 563 0000 28000000 		.4byte	.LVL0
 564 0004 2A000000 		.4byte	.LVL1
 565 0008 0100     		.2byte	0x1
 566 000a 53       		.byte	0x53
 567 000b 2C000000 		.4byte	.LVL2
 568 000f 32000000 		.4byte	.LVL3
 569 0013 0100     		.2byte	0x1
 570 0015 53       		.byte	0x53
 571 0016 00000000 		.4byte	0
 572 001a 00000000 		.4byte	0
 573              		.section	.debug_aranges,"",%progbits
 574 0000 1C000000 		.4byte	0x1c
 575 0004 0200     		.2byte	0x2
 576 0006 00000000 		.4byte	.Ldebug_info0
 577 000a 04       		.byte	0x4
 578 000b 00       		.byte	0
 579 000c 0000     		.2byte	0
 580 000e 0000     		.2byte	0
 581 0010 00000000 		.4byte	.LFB0
 582 0014 4C000000 		.4byte	.LFE0-.LFB0
 583 0018 00000000 		.4byte	0
 584 001c 00000000 		.4byte	0
 585              		.section	.debug_ranges,"",%progbits
 586              	.Ldebug_ranges0:
 587 0000 00000000 		.4byte	.LFB0
 588 0004 4C000000 		.4byte	.LFE0
 589 0008 00000000 		.4byte	0
 590 000c 00000000 		.4byte	0
 591              		.section	.debug_line,"",%progbits
 592              	.Ldebug_line0:
 593 0000 94000000 		.section	.debug_str,"MS",%progbits,1
 593      02006C00 
 593      00000201 
 593      FB0E0D00 
 593      01010101 
 594              	.LASF30:
 595 0000 55534255 		.ascii	"USBUART_1_EP\000"
 595      4152545F 
 595      315F4550 
 595      00
 596              	.LASF3:
 597 000d 73686F72 		.ascii	"short unsigned int\000"
 597      7420756E 
ARM GAS  C:\Users\Luggi\AppData\Local\Temp\cclYuyoU.s 			page 14


 597      7369676E 
 597      65642069 
 597      6E7400
 598              	.LASF32:
 599 0020 47656E65 		.ascii	"Generated_Source\\PSoC5\\USBUART_1_cls.c\000"
 599      72617465 
 599      645F536F 
 599      75726365 
 599      5C50536F 
 600              	.LASF25:
 601 0047 65704461 		.ascii	"epData\000"
 601      746100
 602              	.LASF34:
 603 004e 55534255 		.ascii	"USBUART_1_DispatchClassRqst\000"
 603      4152545F 
 603      315F4469 
 603      73706174 
 603      6368436C 
 604              	.LASF35:
 605 006a 55534255 		.ascii	"USBUART_1_DispatchCDCClassRqst\000"
 605      4152545F 
 605      315F4469 
 605      73706174 
 605      63684344 
 606              	.LASF11:
 607 0089 666C6F61 		.ascii	"float\000"
 607      7400
 608              	.LASF18:
 609 008f 6570546F 		.ascii	"epToggle\000"
 609      67676C65 
 609      00
 610              	.LASF31:
 611 0098 474E5520 		.ascii	"GNU C 4.9.3 20150303 (release) [ARM/embedded-4_9-br"
 611      4320342E 
 611      392E3320 
 611      32303135 
 611      30333033 
 612 00cb 616E6368 		.ascii	"anch revision 221220] -mcpu=cortex-m3 -mthumb -g -O"
 612      20726576 
 612      6973696F 
 612      6E203232 
 612      31323230 
 613 00fe 73202D66 		.ascii	"s -ffunction-sections -ffat-lto-objects\000"
 613      66756E63 
 613      74696F6E 
 613      2D736563 
 613      74696F6E 
 614              	.LASF1:
 615 0126 756E7369 		.ascii	"unsigned char\000"
 615      676E6564 
 615      20636861 
 615      7200
 616              	.LASF5:
 617 0134 6C6F6E67 		.ascii	"long unsigned int\000"
 617      20756E73 
 617      69676E65 
 617      6420696E 
ARM GAS  C:\Users\Luggi\AppData\Local\Temp\cclYuyoU.s 			page 15


 617      7400
 618              	.LASF19:
 619 0146 61646472 		.ascii	"addr\000"
 619      00
 620              	.LASF29:
 621 014b 55534255 		.ascii	"USBUART_1_interfaceClass\000"
 621      4152545F 
 621      315F696E 
 621      74657266 
 621      61636543 
 622              	.LASF28:
 623 0164 696E7465 		.ascii	"interfaceNumber\000"
 623      72666163 
 623      654E756D 
 623      62657200 
 624              	.LASF12:
 625 0174 646F7562 		.ascii	"double\000"
 625      6C6500
 626              	.LASF15:
 627 017b 61747472 		.ascii	"attrib\000"
 627      696200
 628              	.LASF21:
 629 0182 62756666 		.ascii	"buffOffset\000"
 629      4F666673 
 629      657400
 630              	.LASF10:
 631 018d 75696E74 		.ascii	"uint16\000"
 631      313600
 632              	.LASF16:
 633 0194 61706945 		.ascii	"apiEpState\000"
 633      70537461 
 633      746500
 634              	.LASF26:
 635 019f 55534255 		.ascii	"USBUART_1_ep0_data_struct\000"
 635      4152545F 
 635      315F6570 
 635      305F6461 
 635      74615F73 
 636              	.LASF8:
 637 01b9 756E7369 		.ascii	"unsigned int\000"
 637      676E6564 
 637      20696E74 
 637      00
 638              	.LASF7:
 639 01c6 6C6F6E67 		.ascii	"long long unsigned int\000"
 639      206C6F6E 
 639      6720756E 
 639      7369676E 
 639      65642069 
 640              	.LASF17:
 641 01dd 68774570 		.ascii	"hwEpState\000"
 641      53746174 
 641      6500
 642              	.LASF27:
 643 01e7 72657175 		.ascii	"requestHandled\000"
 643      65737448 
 643      616E646C 
ARM GAS  C:\Users\Luggi\AppData\Local\Temp\cclYuyoU.s 			page 16


 643      656400
 644              	.LASF14:
 645 01f6 73697A65 		.ascii	"sizetype\000"
 645      74797065 
 645      00
 646              	.LASF20:
 647 01ff 65704D6F 		.ascii	"epMode\000"
 647      646500
 648              	.LASF6:
 649 0206 6C6F6E67 		.ascii	"long long int\000"
 649      206C6F6E 
 649      6720696E 
 649      7400
 650              	.LASF24:
 651 0214 545F5553 		.ascii	"T_USBUART_1_EP_CTL_BLOCK\000"
 651      42554152 
 651      545F315F 
 651      45505F43 
 651      544C5F42 
 652              	.LASF13:
 653 022d 63686172 		.ascii	"char\000"
 653      00
 654              	.LASF33:
 655 0232 433A5C55 		.ascii	"C:\\Users\\Luggi\\Desktop\\Aktuelles Projekt Laser_"
 655      73657273 
 655      5C4C7567 
 655      67695C44 
 655      65736B74 
 656 0261 73636875 		.ascii	"schutzschaltung\\Aktuelles Projekt Laser_schutzscha"
 656      747A7363 
 656      68616C74 
 656      756E675C 
 656      416B7475 
 657 0293 6C74756E 		.ascii	"ltung\\Laserschutzschaltung.cydsn\000"
 657      675C4C61 
 657      73657273 
 657      63687574 
 657      7A736368 
 658              	.LASF22:
 659 02b4 62756666 		.ascii	"bufferSize\000"
 659      65725369 
 659      7A6500
 660              	.LASF2:
 661 02bf 73686F72 		.ascii	"short int\000"
 661      7420696E 
 661      7400
 662              	.LASF9:
 663 02c9 75696E74 		.ascii	"uint8\000"
 663      3800
 664              	.LASF23:
 665 02cf 696E7465 		.ascii	"interface\000"
 665      72666163 
 665      6500
 666              	.LASF4:
 667 02d9 6C6F6E67 		.ascii	"long int\000"
 667      20696E74 
 667      00
ARM GAS  C:\Users\Luggi\AppData\Local\Temp\cclYuyoU.s 			page 17


 668              	.LASF0:
 669 02e2 7369676E 		.ascii	"signed char\000"
 669      65642063 
 669      68617200 
 670              		.ident	"GCC: (GNU Tools for ARM Embedded Processors) 4.9.3 20150303 (release) [ARM/embedded-4_9-br
