ARM GAS  C:\Users\Luggi\AppData\Local\Temp\cc2CztUG.s 			page 1


   1              		.syntax unified
   2              		.cpu cortex-m3
   3              		.fpu softvfp
   4              		.eabi_attribute 20, 1
   5              		.eabi_attribute 21, 1
   6              		.eabi_attribute 23, 3
   7              		.eabi_attribute 24, 1
   8              		.eabi_attribute 25, 1
   9              		.eabi_attribute 26, 1
  10              		.eabi_attribute 30, 4
  11              		.eabi_attribute 34, 1
  12              		.eabi_attribute 18, 4
  13              		.thumb
  14              		.file	"VDAC8_PM.c"
  15              		.text
  16              	.Ltext0:
  17              		.cfi_sections	.debug_frame
  18              		.section	.text.VDAC8_SaveConfig,"ax",%progbits
  19              		.align	1
  20              		.global	VDAC8_SaveConfig
  21              		.thumb
  22              		.thumb_func
  23              		.type	VDAC8_SaveConfig, %function
  24              	VDAC8_SaveConfig:
  25              	.LFB0:
  26              		.file 1 "Generated_Source\\PSoC5\\VDAC8_PM.c"
   1:Generated_Source\PSoC5/VDAC8_PM.c **** /*******************************************************************************
   2:Generated_Source\PSoC5/VDAC8_PM.c **** * File Name: VDAC8_PM.c  
   3:Generated_Source\PSoC5/VDAC8_PM.c **** * Version 1.90
   4:Generated_Source\PSoC5/VDAC8_PM.c **** *
   5:Generated_Source\PSoC5/VDAC8_PM.c **** * Description:
   6:Generated_Source\PSoC5/VDAC8_PM.c **** *  This file provides the power management source code to API for the
   7:Generated_Source\PSoC5/VDAC8_PM.c **** *  VDAC8.  
   8:Generated_Source\PSoC5/VDAC8_PM.c **** *
   9:Generated_Source\PSoC5/VDAC8_PM.c **** * Note:
  10:Generated_Source\PSoC5/VDAC8_PM.c **** *  None
  11:Generated_Source\PSoC5/VDAC8_PM.c **** *
  12:Generated_Source\PSoC5/VDAC8_PM.c **** ********************************************************************************
  13:Generated_Source\PSoC5/VDAC8_PM.c **** * Copyright 2008-2012, Cypress Semiconductor Corporation.  All rights reserved.
  14:Generated_Source\PSoC5/VDAC8_PM.c **** * You may use this file only in accordance with the license, terms, conditions, 
  15:Generated_Source\PSoC5/VDAC8_PM.c **** * disclaimers, and limitations in the end user license agreement accompanying 
  16:Generated_Source\PSoC5/VDAC8_PM.c **** * the software package with which this file was provided.
  17:Generated_Source\PSoC5/VDAC8_PM.c **** *******************************************************************************/
  18:Generated_Source\PSoC5/VDAC8_PM.c **** 
  19:Generated_Source\PSoC5/VDAC8_PM.c **** #include "VDAC8.h"
  20:Generated_Source\PSoC5/VDAC8_PM.c **** 
  21:Generated_Source\PSoC5/VDAC8_PM.c **** static VDAC8_backupStruct VDAC8_backup;
  22:Generated_Source\PSoC5/VDAC8_PM.c **** 
  23:Generated_Source\PSoC5/VDAC8_PM.c **** 
  24:Generated_Source\PSoC5/VDAC8_PM.c **** /*******************************************************************************
  25:Generated_Source\PSoC5/VDAC8_PM.c **** * Function Name: VDAC8_SaveConfig
  26:Generated_Source\PSoC5/VDAC8_PM.c **** ********************************************************************************
  27:Generated_Source\PSoC5/VDAC8_PM.c **** * Summary:
  28:Generated_Source\PSoC5/VDAC8_PM.c **** *  Save the current user configuration
  29:Generated_Source\PSoC5/VDAC8_PM.c **** *
  30:Generated_Source\PSoC5/VDAC8_PM.c **** * Parameters:  
  31:Generated_Source\PSoC5/VDAC8_PM.c **** *  void  
ARM GAS  C:\Users\Luggi\AppData\Local\Temp\cc2CztUG.s 			page 2


  32:Generated_Source\PSoC5/VDAC8_PM.c **** *
  33:Generated_Source\PSoC5/VDAC8_PM.c **** * Return: 
  34:Generated_Source\PSoC5/VDAC8_PM.c **** *  void
  35:Generated_Source\PSoC5/VDAC8_PM.c **** *
  36:Generated_Source\PSoC5/VDAC8_PM.c **** *******************************************************************************/
  37:Generated_Source\PSoC5/VDAC8_PM.c **** void VDAC8_SaveConfig(void) 
  38:Generated_Source\PSoC5/VDAC8_PM.c **** {
  27              		.loc 1 38 0
  28              		.cfi_startproc
  29              		@ args = 0, pretend = 0, frame = 0
  30              		@ frame_needed = 0, uses_anonymous_args = 0
  31              		@ link register save eliminated.
  39:Generated_Source\PSoC5/VDAC8_PM.c ****     if (!((VDAC8_CR1 & VDAC8_SRC_MASK) == VDAC8_SRC_UDB))
  32              		.loc 1 39 0
  33 0000 044B     		ldr	r3, .L3
  34 0002 1B78     		ldrb	r3, [r3]	@ zero_extendqisi2
  35 0004 9B06     		lsls	r3, r3, #26
  40:Generated_Source\PSoC5/VDAC8_PM.c ****     {
  41:Generated_Source\PSoC5/VDAC8_PM.c ****         VDAC8_backup.data_value = VDAC8_Data;
  36              		.loc 1 41 0
  37 0006 5FBF     		itttt	pl
  38 0008 034B     		ldrpl	r3, .L3+4
  39 000a 1A78     		ldrbpl	r2, [r3]	@ zero_extendqisi2
  40 000c 034B     		ldrpl	r3, .L3+8
  41 000e 5A70     		strbpl	r2, [r3, #1]
  42 0010 7047     		bx	lr
  43              	.L4:
  44 0012 00BF     		.align	2
  45              	.L3:
  46 0014 29580040 		.word	1073764393
  47 0018 825B0040 		.word	1073765250
  48 001c 00000000 		.word	.LANCHOR0
  49              		.cfi_endproc
  50              	.LFE0:
  51              		.size	VDAC8_SaveConfig, .-VDAC8_SaveConfig
  52              		.section	.text.VDAC8_RestoreConfig,"ax",%progbits
  53              		.align	1
  54              		.global	VDAC8_RestoreConfig
  55              		.thumb
  56              		.thumb_func
  57              		.type	VDAC8_RestoreConfig, %function
  58              	VDAC8_RestoreConfig:
  59              	.LFB1:
  42:Generated_Source\PSoC5/VDAC8_PM.c ****     }
  43:Generated_Source\PSoC5/VDAC8_PM.c **** }
  44:Generated_Source\PSoC5/VDAC8_PM.c **** 
  45:Generated_Source\PSoC5/VDAC8_PM.c **** 
  46:Generated_Source\PSoC5/VDAC8_PM.c **** /*******************************************************************************
  47:Generated_Source\PSoC5/VDAC8_PM.c **** * Function Name: VDAC8_RestoreConfig
  48:Generated_Source\PSoC5/VDAC8_PM.c **** ********************************************************************************
  49:Generated_Source\PSoC5/VDAC8_PM.c **** *
  50:Generated_Source\PSoC5/VDAC8_PM.c **** * Summary:
  51:Generated_Source\PSoC5/VDAC8_PM.c **** *  Restores the current user configuration.
  52:Generated_Source\PSoC5/VDAC8_PM.c **** *
  53:Generated_Source\PSoC5/VDAC8_PM.c **** * Parameters:  
  54:Generated_Source\PSoC5/VDAC8_PM.c **** *  void
  55:Generated_Source\PSoC5/VDAC8_PM.c **** *
ARM GAS  C:\Users\Luggi\AppData\Local\Temp\cc2CztUG.s 			page 3


  56:Generated_Source\PSoC5/VDAC8_PM.c **** * Return: 
  57:Generated_Source\PSoC5/VDAC8_PM.c **** *  void
  58:Generated_Source\PSoC5/VDAC8_PM.c **** *
  59:Generated_Source\PSoC5/VDAC8_PM.c **** *******************************************************************************/
  60:Generated_Source\PSoC5/VDAC8_PM.c **** void VDAC8_RestoreConfig(void) 
  61:Generated_Source\PSoC5/VDAC8_PM.c **** {
  60              		.loc 1 61 0
  61              		.cfi_startproc
  62              		@ args = 0, pretend = 0, frame = 0
  63              		@ frame_needed = 0, uses_anonymous_args = 0
  64              		@ link register save eliminated.
  62:Generated_Source\PSoC5/VDAC8_PM.c ****     if (!((VDAC8_CR1 & VDAC8_SRC_MASK) == VDAC8_SRC_UDB))
  65              		.loc 1 62 0
  66 0000 0C4B     		ldr	r3, .L9
  67 0002 1B78     		ldrb	r3, [r3]	@ zero_extendqisi2
  68 0004 9B06     		lsls	r3, r3, #26
  69 0006 13D4     		bmi	.L5
  63:Generated_Source\PSoC5/VDAC8_PM.c ****     {
  64:Generated_Source\PSoC5/VDAC8_PM.c ****         if((VDAC8_Strobe & VDAC8_STRB_MASK) == VDAC8_STRB_EN)
  70              		.loc 1 64 0
  71 0008 0B4B     		ldr	r3, .L9+4
  72 000a 0C48     		ldr	r0, .L9+8
  73 000c 1A78     		ldrb	r2, [r3]	@ zero_extendqisi2
  74 000e 0C49     		ldr	r1, .L9+12
  75 0010 12F0080F 		tst	r2, #8
  76 0014 0AD0     		beq	.L7
  77              	.LBB4:
  78              	.LBB5:
  65:Generated_Source\PSoC5/VDAC8_PM.c ****         {
  66:Generated_Source\PSoC5/VDAC8_PM.c ****             VDAC8_Strobe &= (uint8)(~VDAC8_STRB_MASK);
  79              		.loc 1 66 0
  80 0016 1A78     		ldrb	r2, [r3]	@ zero_extendqisi2
  81 0018 02F0F702 		and	r2, r2, #247
  82 001c 1A70     		strb	r2, [r3]
  67:Generated_Source\PSoC5/VDAC8_PM.c ****             VDAC8_Data = VDAC8_backup.data_value;
  83              		.loc 1 67 0
  84 001e 4278     		ldrb	r2, [r0, #1]	@ zero_extendqisi2
  85 0020 0A70     		strb	r2, [r1]
  68:Generated_Source\PSoC5/VDAC8_PM.c ****             VDAC8_Strobe |= VDAC8_STRB_EN;
  86              		.loc 1 68 0
  87 0022 1A78     		ldrb	r2, [r3]	@ zero_extendqisi2
  88 0024 42F00802 		orr	r2, r2, #8
  89 0028 1A70     		strb	r2, [r3]
  90 002a 7047     		bx	lr
  91              	.L7:
  92              	.LBE5:
  93              	.LBE4:
  69:Generated_Source\PSoC5/VDAC8_PM.c ****         }
  70:Generated_Source\PSoC5/VDAC8_PM.c ****         else
  71:Generated_Source\PSoC5/VDAC8_PM.c ****         {
  72:Generated_Source\PSoC5/VDAC8_PM.c ****             VDAC8_Data = VDAC8_backup.data_value;
  94              		.loc 1 72 0
  95 002c 4378     		ldrb	r3, [r0, #1]	@ zero_extendqisi2
  96 002e 0B70     		strb	r3, [r1]
  97              	.L5:
  98 0030 7047     		bx	lr
  99              	.L10:
ARM GAS  C:\Users\Luggi\AppData\Local\Temp\cc2CztUG.s 			page 4


 100 0032 00BF     		.align	2
 101              	.L9:
 102 0034 29580040 		.word	1073764393
 103 0038 975A0040 		.word	1073765015
 104 003c 00000000 		.word	.LANCHOR0
 105 0040 825B0040 		.word	1073765250
 106              		.cfi_endproc
 107              	.LFE1:
 108              		.size	VDAC8_RestoreConfig, .-VDAC8_RestoreConfig
 109              		.section	.text.VDAC8_Sleep,"ax",%progbits
 110              		.align	1
 111              		.global	VDAC8_Sleep
 112              		.thumb
 113              		.thumb_func
 114              		.type	VDAC8_Sleep, %function
 115              	VDAC8_Sleep:
 116              	.LFB2:
  73:Generated_Source\PSoC5/VDAC8_PM.c ****         }
  74:Generated_Source\PSoC5/VDAC8_PM.c ****     }
  75:Generated_Source\PSoC5/VDAC8_PM.c **** }
  76:Generated_Source\PSoC5/VDAC8_PM.c **** 
  77:Generated_Source\PSoC5/VDAC8_PM.c **** 
  78:Generated_Source\PSoC5/VDAC8_PM.c **** /*******************************************************************************
  79:Generated_Source\PSoC5/VDAC8_PM.c **** * Function Name: VDAC8_Sleep
  80:Generated_Source\PSoC5/VDAC8_PM.c **** ********************************************************************************
  81:Generated_Source\PSoC5/VDAC8_PM.c **** * Summary:
  82:Generated_Source\PSoC5/VDAC8_PM.c **** *  Stop and Save the user configuration
  83:Generated_Source\PSoC5/VDAC8_PM.c **** *
  84:Generated_Source\PSoC5/VDAC8_PM.c **** * Parameters:  
  85:Generated_Source\PSoC5/VDAC8_PM.c **** *  void:  
  86:Generated_Source\PSoC5/VDAC8_PM.c **** *
  87:Generated_Source\PSoC5/VDAC8_PM.c **** * Return: 
  88:Generated_Source\PSoC5/VDAC8_PM.c **** *  void
  89:Generated_Source\PSoC5/VDAC8_PM.c **** *
  90:Generated_Source\PSoC5/VDAC8_PM.c **** * Global variables:
  91:Generated_Source\PSoC5/VDAC8_PM.c **** *  VDAC8_backup.enableState:  Is modified depending on the enable 
  92:Generated_Source\PSoC5/VDAC8_PM.c **** *  state  of the block before entering sleep mode.
  93:Generated_Source\PSoC5/VDAC8_PM.c **** *
  94:Generated_Source\PSoC5/VDAC8_PM.c **** *******************************************************************************/
  95:Generated_Source\PSoC5/VDAC8_PM.c **** void VDAC8_Sleep(void) 
  96:Generated_Source\PSoC5/VDAC8_PM.c **** {
 117              		.loc 1 96 0
 118              		.cfi_startproc
 119              		@ args = 0, pretend = 0, frame = 0
 120              		@ frame_needed = 0, uses_anonymous_args = 0
 121 0000 08B5     		push	{r3, lr}
 122              		.cfi_def_cfa_offset 8
 123              		.cfi_offset 3, -8
 124              		.cfi_offset 14, -4
  97:Generated_Source\PSoC5/VDAC8_PM.c ****     /* Save VDAC8's enable state */    
  98:Generated_Source\PSoC5/VDAC8_PM.c ****     if(VDAC8_ACT_PWR_EN == (VDAC8_PWRMGR & VDAC8_ACT_PWR_EN))
 125              		.loc 1 98 0
 126 0002 094B     		ldr	r3, .L14
 127 0004 094A     		ldr	r2, .L14+4
 128 0006 1B78     		ldrb	r3, [r3]	@ zero_extendqisi2
 129 0008 03F00403 		and	r3, r3, #4
 130 000c 03F0FF01 		and	r1, r3, #255
ARM GAS  C:\Users\Luggi\AppData\Local\Temp\cc2CztUG.s 			page 5


 131 0010 13B1     		cbz	r3, .L12
  99:Generated_Source\PSoC5/VDAC8_PM.c ****     {
 100:Generated_Source\PSoC5/VDAC8_PM.c ****         /* VDAC8 is enabled */
 101:Generated_Source\PSoC5/VDAC8_PM.c ****         VDAC8_backup.enableState = 1u;
 132              		.loc 1 101 0
 133 0012 0123     		movs	r3, #1
 134 0014 1370     		strb	r3, [r2]
 135 0016 00E0     		b	.L13
 136              	.L12:
 102:Generated_Source\PSoC5/VDAC8_PM.c ****     }
 103:Generated_Source\PSoC5/VDAC8_PM.c ****     else
 104:Generated_Source\PSoC5/VDAC8_PM.c ****     {
 105:Generated_Source\PSoC5/VDAC8_PM.c ****         /* VDAC8 is disabled */
 106:Generated_Source\PSoC5/VDAC8_PM.c ****         VDAC8_backup.enableState = 0u;
 137              		.loc 1 106 0
 138 0018 1170     		strb	r1, [r2]
 139              	.L13:
 107:Generated_Source\PSoC5/VDAC8_PM.c ****     }
 108:Generated_Source\PSoC5/VDAC8_PM.c ****     
 109:Generated_Source\PSoC5/VDAC8_PM.c ****     VDAC8_Stop();
 140              		.loc 1 109 0
 141 001a FFF7FEFF 		bl	VDAC8_Stop
 142              	.LVL0:
 110:Generated_Source\PSoC5/VDAC8_PM.c ****     VDAC8_SaveConfig();
 111:Generated_Source\PSoC5/VDAC8_PM.c **** }
 143              		.loc 1 111 0
 144 001e BDE80840 		pop	{r3, lr}
 145              		.cfi_restore 14
 146              		.cfi_restore 3
 147              		.cfi_def_cfa_offset 0
 110:Generated_Source\PSoC5/VDAC8_PM.c ****     VDAC8_SaveConfig();
 148              		.loc 1 110 0
 149 0022 FFF7FEBF 		b	VDAC8_SaveConfig
 150              	.LVL1:
 151              	.L15:
 152 0026 00BF     		.align	2
 153              	.L14:
 154 0028 A8430040 		.word	1073759144
 155 002c 00000000 		.word	.LANCHOR0
 156              		.cfi_endproc
 157              	.LFE2:
 158              		.size	VDAC8_Sleep, .-VDAC8_Sleep
 159              		.section	.text.VDAC8_Wakeup,"ax",%progbits
 160              		.align	1
 161              		.global	VDAC8_Wakeup
 162              		.thumb
 163              		.thumb_func
 164              		.type	VDAC8_Wakeup, %function
 165              	VDAC8_Wakeup:
 166              	.LFB3:
 112:Generated_Source\PSoC5/VDAC8_PM.c **** 
 113:Generated_Source\PSoC5/VDAC8_PM.c **** 
 114:Generated_Source\PSoC5/VDAC8_PM.c **** /*******************************************************************************
 115:Generated_Source\PSoC5/VDAC8_PM.c **** * Function Name: VDAC8_Wakeup
 116:Generated_Source\PSoC5/VDAC8_PM.c **** ********************************************************************************
 117:Generated_Source\PSoC5/VDAC8_PM.c **** *
 118:Generated_Source\PSoC5/VDAC8_PM.c **** * Summary:
ARM GAS  C:\Users\Luggi\AppData\Local\Temp\cc2CztUG.s 			page 6


 119:Generated_Source\PSoC5/VDAC8_PM.c **** *  Restores and enables the user configuration
 120:Generated_Source\PSoC5/VDAC8_PM.c **** *  
 121:Generated_Source\PSoC5/VDAC8_PM.c **** * Parameters:  
 122:Generated_Source\PSoC5/VDAC8_PM.c **** *  void
 123:Generated_Source\PSoC5/VDAC8_PM.c **** *
 124:Generated_Source\PSoC5/VDAC8_PM.c **** * Return: 
 125:Generated_Source\PSoC5/VDAC8_PM.c **** *  void
 126:Generated_Source\PSoC5/VDAC8_PM.c **** *
 127:Generated_Source\PSoC5/VDAC8_PM.c **** * Global variables:
 128:Generated_Source\PSoC5/VDAC8_PM.c **** *  VDAC8_backup.enableState:  Is used to restore the enable state of 
 129:Generated_Source\PSoC5/VDAC8_PM.c **** *  block on wakeup from sleep mode.
 130:Generated_Source\PSoC5/VDAC8_PM.c **** *
 131:Generated_Source\PSoC5/VDAC8_PM.c **** *******************************************************************************/
 132:Generated_Source\PSoC5/VDAC8_PM.c **** void VDAC8_Wakeup(void) 
 133:Generated_Source\PSoC5/VDAC8_PM.c **** {
 167              		.loc 1 133 0
 168              		.cfi_startproc
 169              		@ args = 0, pretend = 0, frame = 0
 170              		@ frame_needed = 0, uses_anonymous_args = 0
 171 0000 08B5     		push	{r3, lr}
 172              		.cfi_def_cfa_offset 8
 173              		.cfi_offset 3, -8
 174              		.cfi_offset 14, -4
 134:Generated_Source\PSoC5/VDAC8_PM.c ****     VDAC8_RestoreConfig();
 175              		.loc 1 134 0
 176 0002 FFF7FEFF 		bl	VDAC8_RestoreConfig
 177              	.LVL2:
 135:Generated_Source\PSoC5/VDAC8_PM.c ****     
 136:Generated_Source\PSoC5/VDAC8_PM.c ****     if(VDAC8_backup.enableState == 1u)
 178              		.loc 1 136 0
 179 0006 064B     		ldr	r3, .L18
 180 0008 1B78     		ldrb	r3, [r3]	@ zero_extendqisi2
 181 000a 012B     		cmp	r3, #1
 182 000c 07D1     		bne	.L16
 137:Generated_Source\PSoC5/VDAC8_PM.c ****     {
 138:Generated_Source\PSoC5/VDAC8_PM.c ****         /* Enable VDAC8's operation */
 139:Generated_Source\PSoC5/VDAC8_PM.c ****         VDAC8_Enable();
 183              		.loc 1 139 0
 184 000e FFF7FEFF 		bl	VDAC8_Enable
 185              	.LVL3:
 140:Generated_Source\PSoC5/VDAC8_PM.c **** 
 141:Generated_Source\PSoC5/VDAC8_PM.c ****         /* Restore the data register */
 142:Generated_Source\PSoC5/VDAC8_PM.c ****         VDAC8_SetValue(VDAC8_Data);
 186              		.loc 1 142 0
 187 0012 044B     		ldr	r3, .L18+4
 188 0014 1878     		ldrb	r0, [r3]	@ zero_extendqisi2
 143:Generated_Source\PSoC5/VDAC8_PM.c ****     } /* Do nothing if VDAC8 was disabled before */    
 144:Generated_Source\PSoC5/VDAC8_PM.c **** }
 189              		.loc 1 144 0
 190 0016 BDE80840 		pop	{r3, lr}
 191              		.cfi_remember_state
 192              		.cfi_restore 14
 193              		.cfi_restore 3
 194              		.cfi_def_cfa_offset 0
 142:Generated_Source\PSoC5/VDAC8_PM.c ****     } /* Do nothing if VDAC8 was disabled before */    
 195              		.loc 1 142 0
 196 001a FFF7FEBF 		b	VDAC8_SetValue
ARM GAS  C:\Users\Luggi\AppData\Local\Temp\cc2CztUG.s 			page 7


 197              	.LVL4:
 198              	.L16:
 199              		.cfi_restore_state
 200 001e 08BD     		pop	{r3, pc}
 201              	.L19:
 202              		.align	2
 203              	.L18:
 204 0020 00000000 		.word	.LANCHOR0
 205 0024 825B0040 		.word	1073765250
 206              		.cfi_endproc
 207              	.LFE3:
 208              		.size	VDAC8_Wakeup, .-VDAC8_Wakeup
 209              		.bss
 210              		.set	.LANCHOR0,. + 0
 211              		.type	VDAC8_backup, %object
 212              		.size	VDAC8_backup, 2
 213              	VDAC8_backup:
 214 0000 0000     		.space	2
 215              		.text
 216              	.Letext0:
 217              		.file 2 "Generated_Source\\PSoC5\\cytypes.h"
 218              		.file 3 "Generated_Source\\PSoC5\\VDAC8.h"
 219              		.section	.debug_info,"",%progbits
 220              	.Ldebug_info0:
 221 0000 73010000 		.4byte	0x173
 222 0004 0400     		.2byte	0x4
 223 0006 00000000 		.4byte	.Ldebug_abbrev0
 224 000a 04       		.byte	0x4
 225 000b 01       		.uleb128 0x1
 226 000c 7E010000 		.4byte	.LASF22
 227 0010 01       		.byte	0x1
 228 0011 0C020000 		.4byte	.LASF23
 229 0015 F2000000 		.4byte	.LASF24
 230 0019 00000000 		.4byte	.Ldebug_ranges0+0
 231 001d 00000000 		.4byte	0
 232 0021 00000000 		.4byte	.Ldebug_line0
 233 0025 02       		.uleb128 0x2
 234 0026 01       		.byte	0x1
 235 0027 06       		.byte	0x6
 236 0028 43020000 		.4byte	.LASF0
 237 002c 02       		.uleb128 0x2
 238 002d 01       		.byte	0x1
 239 002e 08       		.byte	0x8
 240 002f 48000000 		.4byte	.LASF1
 241 0033 02       		.uleb128 0x2
 242 0034 02       		.byte	0x2
 243 0035 05       		.byte	0x5
 244 0036 74010000 		.4byte	.LASF2
 245 003a 02       		.uleb128 0x2
 246 003b 02       		.byte	0x2
 247 003c 07       		.byte	0x7
 248 003d 6D000000 		.4byte	.LASF3
 249 0041 02       		.uleb128 0x2
 250 0042 04       		.byte	0x4
 251 0043 05       		.byte	0x5
 252 0044 2E020000 		.4byte	.LASF4
 253 0048 02       		.uleb128 0x2
ARM GAS  C:\Users\Luggi\AppData\Local\Temp\cc2CztUG.s 			page 8


 254 0049 04       		.byte	0x4
 255 004a 07       		.byte	0x7
 256 004b 5B000000 		.4byte	.LASF5
 257 004f 02       		.uleb128 0x2
 258 0050 08       		.byte	0x8
 259 0051 05       		.byte	0x5
 260 0052 DF000000 		.4byte	.LASF6
 261 0056 02       		.uleb128 0x2
 262 0057 08       		.byte	0x8
 263 0058 07       		.byte	0x7
 264 0059 B9000000 		.4byte	.LASF7
 265 005d 03       		.uleb128 0x3
 266 005e 04       		.byte	0x4
 267 005f 05       		.byte	0x5
 268 0060 696E7400 		.ascii	"int\000"
 269 0064 02       		.uleb128 0x2
 270 0065 04       		.byte	0x4
 271 0066 07       		.byte	0x7
 272 0067 9F000000 		.4byte	.LASF8
 273 006b 04       		.uleb128 0x4
 274 006c 42000000 		.4byte	.LASF12
 275 0070 02       		.byte	0x2
 276 0071 9201     		.2byte	0x192
 277 0073 2C000000 		.4byte	0x2c
 278 0077 02       		.uleb128 0x2
 279 0078 04       		.byte	0x4
 280 0079 04       		.byte	0x4
 281 007a 3C000000 		.4byte	.LASF9
 282 007e 02       		.uleb128 0x2
 283 007f 08       		.byte	0x8
 284 0080 04       		.byte	0x4
 285 0081 8B000000 		.4byte	.LASF10
 286 0085 02       		.uleb128 0x2
 287 0086 01       		.byte	0x1
 288 0087 08       		.byte	0x8
 289 0088 ED000000 		.4byte	.LASF11
 290 008c 04       		.uleb128 0x4
 291 008d 56000000 		.4byte	.LASF13
 292 0091 02       		.byte	0x2
 293 0092 3C02     		.2byte	0x23c
 294 0094 98000000 		.4byte	0x98
 295 0098 05       		.uleb128 0x5
 296 0099 6B000000 		.4byte	0x6b
 297 009d 06       		.uleb128 0x6
 298 009e 02       		.byte	0x2
 299 009f 03       		.byte	0x3
 300 00a0 25       		.byte	0x25
 301 00a1 BE000000 		.4byte	0xbe
 302 00a5 07       		.uleb128 0x7
 303 00a6 37020000 		.4byte	.LASF14
 304 00aa 03       		.byte	0x3
 305 00ab 27       		.byte	0x27
 306 00ac 6B000000 		.4byte	0x6b
 307 00b0 00       		.byte	0
 308 00b1 07       		.uleb128 0x7
 309 00b2 31000000 		.4byte	.LASF15
 310 00b6 03       		.byte	0x3
ARM GAS  C:\Users\Luggi\AppData\Local\Temp\cc2CztUG.s 			page 9


 311 00b7 28       		.byte	0x28
 312 00b8 6B000000 		.4byte	0x6b
 313 00bc 01       		.byte	0x1
 314 00bd 00       		.byte	0
 315 00be 08       		.uleb128 0x8
 316 00bf 4F020000 		.4byte	.LASF16
 317 00c3 03       		.byte	0x3
 318 00c4 29       		.byte	0x29
 319 00c5 9D000000 		.4byte	0x9d
 320 00c9 09       		.uleb128 0x9
 321 00ca 00000000 		.4byte	.LASF19
 322 00ce 01       		.byte	0x1
 323 00cf 3C       		.byte	0x3c
 324 00d0 01       		.byte	0x1
 325 00d1 0A       		.uleb128 0xa
 326 00d2 14000000 		.4byte	.LASF25
 327 00d6 01       		.byte	0x1
 328 00d7 25       		.byte	0x25
 329 00d8 00000000 		.4byte	.LFB0
 330 00dc 20000000 		.4byte	.LFE0-.LFB0
 331 00e0 01       		.uleb128 0x1
 332 00e1 9C       		.byte	0x9c
 333 00e2 0B       		.uleb128 0xb
 334 00e3 C9000000 		.4byte	0xc9
 335 00e7 00000000 		.4byte	.LFB1
 336 00eb 44000000 		.4byte	.LFE1-.LFB1
 337 00ef 01       		.uleb128 0x1
 338 00f0 9C       		.byte	0x9c
 339 00f1 0C       		.uleb128 0xc
 340 00f2 25000000 		.4byte	.LASF17
 341 00f6 01       		.byte	0x1
 342 00f7 5F       		.byte	0x5f
 343 00f8 00000000 		.4byte	.LFB2
 344 00fc 30000000 		.4byte	.LFE2-.LFB2
 345 0100 01       		.uleb128 0x1
 346 0101 9C       		.byte	0x9c
 347 0102 19010000 		.4byte	0x119
 348 0106 0D       		.uleb128 0xd
 349 0107 1E000000 		.4byte	.LVL0
 350 010b 5B010000 		.4byte	0x15b
 351 010f 0E       		.uleb128 0xe
 352 0110 26000000 		.4byte	.LVL1
 353 0114 D1000000 		.4byte	0xd1
 354 0118 00       		.byte	0
 355 0119 0C       		.uleb128 0xc
 356 011a AC000000 		.4byte	.LASF18
 357 011e 01       		.byte	0x1
 358 011f 84       		.byte	0x84
 359 0120 00000000 		.4byte	.LFB3
 360 0124 28000000 		.4byte	.LFE3-.LFB3
 361 0128 01       		.uleb128 0x1
 362 0129 9C       		.byte	0x9c
 363 012a 4A010000 		.4byte	0x14a
 364 012e 0D       		.uleb128 0xd
 365 012f 06000000 		.4byte	.LVL2
 366 0133 C9000000 		.4byte	0xc9
 367 0137 0D       		.uleb128 0xd
ARM GAS  C:\Users\Luggi\AppData\Local\Temp\cc2CztUG.s 			page 10


 368 0138 12000000 		.4byte	.LVL3
 369 013c 62010000 		.4byte	0x162
 370 0140 0E       		.uleb128 0xe
 371 0141 1E000000 		.4byte	.LVL4
 372 0145 69010000 		.4byte	0x169
 373 0149 00       		.byte	0
 374 014a 0F       		.uleb128 0xf
 375 014b 92000000 		.4byte	.LASF26
 376 014f 01       		.byte	0x1
 377 0150 15       		.byte	0x15
 378 0151 BE000000 		.4byte	0xbe
 379 0155 05       		.uleb128 0x5
 380 0156 03       		.byte	0x3
 381 0157 00000000 		.4byte	VDAC8_backup
 382 015b 10       		.uleb128 0x10
 383 015c 80000000 		.4byte	.LASF20
 384 0160 03       		.byte	0x3
 385 0161 34       		.byte	0x34
 386 0162 10       		.uleb128 0x10
 387 0163 62020000 		.4byte	.LASF21
 388 0167 03       		.byte	0x3
 389 0168 3A       		.byte	0x3a
 390 0169 11       		.uleb128 0x11
 391 016a D0000000 		.4byte	.LASF27
 392 016e 03       		.byte	0x3
 393 016f 37       		.byte	0x37
 394 0170 12       		.uleb128 0x12
 395 0171 6B000000 		.4byte	0x6b
 396 0175 00       		.byte	0
 397 0176 00       		.byte	0
 398              		.section	.debug_abbrev,"",%progbits
 399              	.Ldebug_abbrev0:
 400 0000 01       		.uleb128 0x1
 401 0001 11       		.uleb128 0x11
 402 0002 01       		.byte	0x1
 403 0003 25       		.uleb128 0x25
 404 0004 0E       		.uleb128 0xe
 405 0005 13       		.uleb128 0x13
 406 0006 0B       		.uleb128 0xb
 407 0007 03       		.uleb128 0x3
 408 0008 0E       		.uleb128 0xe
 409 0009 1B       		.uleb128 0x1b
 410 000a 0E       		.uleb128 0xe
 411 000b 55       		.uleb128 0x55
 412 000c 17       		.uleb128 0x17
 413 000d 11       		.uleb128 0x11
 414 000e 01       		.uleb128 0x1
 415 000f 10       		.uleb128 0x10
 416 0010 17       		.uleb128 0x17
 417 0011 00       		.byte	0
 418 0012 00       		.byte	0
 419 0013 02       		.uleb128 0x2
 420 0014 24       		.uleb128 0x24
 421 0015 00       		.byte	0
 422 0016 0B       		.uleb128 0xb
 423 0017 0B       		.uleb128 0xb
 424 0018 3E       		.uleb128 0x3e
ARM GAS  C:\Users\Luggi\AppData\Local\Temp\cc2CztUG.s 			page 11


 425 0019 0B       		.uleb128 0xb
 426 001a 03       		.uleb128 0x3
 427 001b 0E       		.uleb128 0xe
 428 001c 00       		.byte	0
 429 001d 00       		.byte	0
 430 001e 03       		.uleb128 0x3
 431 001f 24       		.uleb128 0x24
 432 0020 00       		.byte	0
 433 0021 0B       		.uleb128 0xb
 434 0022 0B       		.uleb128 0xb
 435 0023 3E       		.uleb128 0x3e
 436 0024 0B       		.uleb128 0xb
 437 0025 03       		.uleb128 0x3
 438 0026 08       		.uleb128 0x8
 439 0027 00       		.byte	0
 440 0028 00       		.byte	0
 441 0029 04       		.uleb128 0x4
 442 002a 16       		.uleb128 0x16
 443 002b 00       		.byte	0
 444 002c 03       		.uleb128 0x3
 445 002d 0E       		.uleb128 0xe
 446 002e 3A       		.uleb128 0x3a
 447 002f 0B       		.uleb128 0xb
 448 0030 3B       		.uleb128 0x3b
 449 0031 05       		.uleb128 0x5
 450 0032 49       		.uleb128 0x49
 451 0033 13       		.uleb128 0x13
 452 0034 00       		.byte	0
 453 0035 00       		.byte	0
 454 0036 05       		.uleb128 0x5
 455 0037 35       		.uleb128 0x35
 456 0038 00       		.byte	0
 457 0039 49       		.uleb128 0x49
 458 003a 13       		.uleb128 0x13
 459 003b 00       		.byte	0
 460 003c 00       		.byte	0
 461 003d 06       		.uleb128 0x6
 462 003e 13       		.uleb128 0x13
 463 003f 01       		.byte	0x1
 464 0040 0B       		.uleb128 0xb
 465 0041 0B       		.uleb128 0xb
 466 0042 3A       		.uleb128 0x3a
 467 0043 0B       		.uleb128 0xb
 468 0044 3B       		.uleb128 0x3b
 469 0045 0B       		.uleb128 0xb
 470 0046 01       		.uleb128 0x1
 471 0047 13       		.uleb128 0x13
 472 0048 00       		.byte	0
 473 0049 00       		.byte	0
 474 004a 07       		.uleb128 0x7
 475 004b 0D       		.uleb128 0xd
 476 004c 00       		.byte	0
 477 004d 03       		.uleb128 0x3
 478 004e 0E       		.uleb128 0xe
 479 004f 3A       		.uleb128 0x3a
 480 0050 0B       		.uleb128 0xb
 481 0051 3B       		.uleb128 0x3b
ARM GAS  C:\Users\Luggi\AppData\Local\Temp\cc2CztUG.s 			page 12


 482 0052 0B       		.uleb128 0xb
 483 0053 49       		.uleb128 0x49
 484 0054 13       		.uleb128 0x13
 485 0055 38       		.uleb128 0x38
 486 0056 0B       		.uleb128 0xb
 487 0057 00       		.byte	0
 488 0058 00       		.byte	0
 489 0059 08       		.uleb128 0x8
 490 005a 16       		.uleb128 0x16
 491 005b 00       		.byte	0
 492 005c 03       		.uleb128 0x3
 493 005d 0E       		.uleb128 0xe
 494 005e 3A       		.uleb128 0x3a
 495 005f 0B       		.uleb128 0xb
 496 0060 3B       		.uleb128 0x3b
 497 0061 0B       		.uleb128 0xb
 498 0062 49       		.uleb128 0x49
 499 0063 13       		.uleb128 0x13
 500 0064 00       		.byte	0
 501 0065 00       		.byte	0
 502 0066 09       		.uleb128 0x9
 503 0067 2E       		.uleb128 0x2e
 504 0068 00       		.byte	0
 505 0069 3F       		.uleb128 0x3f
 506 006a 19       		.uleb128 0x19
 507 006b 03       		.uleb128 0x3
 508 006c 0E       		.uleb128 0xe
 509 006d 3A       		.uleb128 0x3a
 510 006e 0B       		.uleb128 0xb
 511 006f 3B       		.uleb128 0x3b
 512 0070 0B       		.uleb128 0xb
 513 0071 27       		.uleb128 0x27
 514 0072 19       		.uleb128 0x19
 515 0073 20       		.uleb128 0x20
 516 0074 0B       		.uleb128 0xb
 517 0075 00       		.byte	0
 518 0076 00       		.byte	0
 519 0077 0A       		.uleb128 0xa
 520 0078 2E       		.uleb128 0x2e
 521 0079 00       		.byte	0
 522 007a 3F       		.uleb128 0x3f
 523 007b 19       		.uleb128 0x19
 524 007c 03       		.uleb128 0x3
 525 007d 0E       		.uleb128 0xe
 526 007e 3A       		.uleb128 0x3a
 527 007f 0B       		.uleb128 0xb
 528 0080 3B       		.uleb128 0x3b
 529 0081 0B       		.uleb128 0xb
 530 0082 27       		.uleb128 0x27
 531 0083 19       		.uleb128 0x19
 532 0084 11       		.uleb128 0x11
 533 0085 01       		.uleb128 0x1
 534 0086 12       		.uleb128 0x12
 535 0087 06       		.uleb128 0x6
 536 0088 40       		.uleb128 0x40
 537 0089 18       		.uleb128 0x18
 538 008a 9742     		.uleb128 0x2117
ARM GAS  C:\Users\Luggi\AppData\Local\Temp\cc2CztUG.s 			page 13


 539 008c 19       		.uleb128 0x19
 540 008d 00       		.byte	0
 541 008e 00       		.byte	0
 542 008f 0B       		.uleb128 0xb
 543 0090 2E       		.uleb128 0x2e
 544 0091 00       		.byte	0
 545 0092 31       		.uleb128 0x31
 546 0093 13       		.uleb128 0x13
 547 0094 11       		.uleb128 0x11
 548 0095 01       		.uleb128 0x1
 549 0096 12       		.uleb128 0x12
 550 0097 06       		.uleb128 0x6
 551 0098 40       		.uleb128 0x40
 552 0099 18       		.uleb128 0x18
 553 009a 9742     		.uleb128 0x2117
 554 009c 19       		.uleb128 0x19
 555 009d 00       		.byte	0
 556 009e 00       		.byte	0
 557 009f 0C       		.uleb128 0xc
 558 00a0 2E       		.uleb128 0x2e
 559 00a1 01       		.byte	0x1
 560 00a2 3F       		.uleb128 0x3f
 561 00a3 19       		.uleb128 0x19
 562 00a4 03       		.uleb128 0x3
 563 00a5 0E       		.uleb128 0xe
 564 00a6 3A       		.uleb128 0x3a
 565 00a7 0B       		.uleb128 0xb
 566 00a8 3B       		.uleb128 0x3b
 567 00a9 0B       		.uleb128 0xb
 568 00aa 27       		.uleb128 0x27
 569 00ab 19       		.uleb128 0x19
 570 00ac 11       		.uleb128 0x11
 571 00ad 01       		.uleb128 0x1
 572 00ae 12       		.uleb128 0x12
 573 00af 06       		.uleb128 0x6
 574 00b0 40       		.uleb128 0x40
 575 00b1 18       		.uleb128 0x18
 576 00b2 9742     		.uleb128 0x2117
 577 00b4 19       		.uleb128 0x19
 578 00b5 01       		.uleb128 0x1
 579 00b6 13       		.uleb128 0x13
 580 00b7 00       		.byte	0
 581 00b8 00       		.byte	0
 582 00b9 0D       		.uleb128 0xd
 583 00ba 898201   		.uleb128 0x4109
 584 00bd 00       		.byte	0
 585 00be 11       		.uleb128 0x11
 586 00bf 01       		.uleb128 0x1
 587 00c0 31       		.uleb128 0x31
 588 00c1 13       		.uleb128 0x13
 589 00c2 00       		.byte	0
 590 00c3 00       		.byte	0
 591 00c4 0E       		.uleb128 0xe
 592 00c5 898201   		.uleb128 0x4109
 593 00c8 00       		.byte	0
 594 00c9 11       		.uleb128 0x11
 595 00ca 01       		.uleb128 0x1
ARM GAS  C:\Users\Luggi\AppData\Local\Temp\cc2CztUG.s 			page 14


 596 00cb 9542     		.uleb128 0x2115
 597 00cd 19       		.uleb128 0x19
 598 00ce 31       		.uleb128 0x31
 599 00cf 13       		.uleb128 0x13
 600 00d0 00       		.byte	0
 601 00d1 00       		.byte	0
 602 00d2 0F       		.uleb128 0xf
 603 00d3 34       		.uleb128 0x34
 604 00d4 00       		.byte	0
 605 00d5 03       		.uleb128 0x3
 606 00d6 0E       		.uleb128 0xe
 607 00d7 3A       		.uleb128 0x3a
 608 00d8 0B       		.uleb128 0xb
 609 00d9 3B       		.uleb128 0x3b
 610 00da 0B       		.uleb128 0xb
 611 00db 49       		.uleb128 0x49
 612 00dc 13       		.uleb128 0x13
 613 00dd 02       		.uleb128 0x2
 614 00de 18       		.uleb128 0x18
 615 00df 00       		.byte	0
 616 00e0 00       		.byte	0
 617 00e1 10       		.uleb128 0x10
 618 00e2 2E       		.uleb128 0x2e
 619 00e3 00       		.byte	0
 620 00e4 3F       		.uleb128 0x3f
 621 00e5 19       		.uleb128 0x19
 622 00e6 03       		.uleb128 0x3
 623 00e7 0E       		.uleb128 0xe
 624 00e8 3A       		.uleb128 0x3a
 625 00e9 0B       		.uleb128 0xb
 626 00ea 3B       		.uleb128 0x3b
 627 00eb 0B       		.uleb128 0xb
 628 00ec 27       		.uleb128 0x27
 629 00ed 19       		.uleb128 0x19
 630 00ee 3C       		.uleb128 0x3c
 631 00ef 19       		.uleb128 0x19
 632 00f0 00       		.byte	0
 633 00f1 00       		.byte	0
 634 00f2 11       		.uleb128 0x11
 635 00f3 2E       		.uleb128 0x2e
 636 00f4 01       		.byte	0x1
 637 00f5 3F       		.uleb128 0x3f
 638 00f6 19       		.uleb128 0x19
 639 00f7 03       		.uleb128 0x3
 640 00f8 0E       		.uleb128 0xe
 641 00f9 3A       		.uleb128 0x3a
 642 00fa 0B       		.uleb128 0xb
 643 00fb 3B       		.uleb128 0x3b
 644 00fc 0B       		.uleb128 0xb
 645 00fd 27       		.uleb128 0x27
 646 00fe 19       		.uleb128 0x19
 647 00ff 3C       		.uleb128 0x3c
 648 0100 19       		.uleb128 0x19
 649 0101 00       		.byte	0
 650 0102 00       		.byte	0
 651 0103 12       		.uleb128 0x12
 652 0104 05       		.uleb128 0x5
ARM GAS  C:\Users\Luggi\AppData\Local\Temp\cc2CztUG.s 			page 15


 653 0105 00       		.byte	0
 654 0106 49       		.uleb128 0x49
 655 0107 13       		.uleb128 0x13
 656 0108 00       		.byte	0
 657 0109 00       		.byte	0
 658 010a 00       		.byte	0
 659              		.section	.debug_aranges,"",%progbits
 660 0000 34000000 		.4byte	0x34
 661 0004 0200     		.2byte	0x2
 662 0006 00000000 		.4byte	.Ldebug_info0
 663 000a 04       		.byte	0x4
 664 000b 00       		.byte	0
 665 000c 0000     		.2byte	0
 666 000e 0000     		.2byte	0
 667 0010 00000000 		.4byte	.LFB0
 668 0014 20000000 		.4byte	.LFE0-.LFB0
 669 0018 00000000 		.4byte	.LFB1
 670 001c 44000000 		.4byte	.LFE1-.LFB1
 671 0020 00000000 		.4byte	.LFB2
 672 0024 30000000 		.4byte	.LFE2-.LFB2
 673 0028 00000000 		.4byte	.LFB3
 674 002c 28000000 		.4byte	.LFE3-.LFB3
 675 0030 00000000 		.4byte	0
 676 0034 00000000 		.4byte	0
 677              		.section	.debug_ranges,"",%progbits
 678              	.Ldebug_ranges0:
 679 0000 00000000 		.4byte	.LFB0
 680 0004 20000000 		.4byte	.LFE0
 681 0008 00000000 		.4byte	.LFB1
 682 000c 44000000 		.4byte	.LFE1
 683 0010 00000000 		.4byte	.LFB2
 684 0014 30000000 		.4byte	.LFE2
 685 0018 00000000 		.4byte	.LFB3
 686 001c 28000000 		.4byte	.LFE3
 687 0020 00000000 		.4byte	0
 688 0024 00000000 		.4byte	0
 689              		.section	.debug_line,"",%progbits
 690              	.Ldebug_line0:
 691 0000 A8000000 		.section	.debug_str,"MS",%progbits,1
 691      02005000 
 691      00000201 
 691      FB0E0D00 
 691      01010101 
 692              	.LASF19:
 693 0000 56444143 		.ascii	"VDAC8_RestoreConfig\000"
 693      385F5265 
 693      73746F72 
 693      65436F6E 
 693      66696700 
 694              	.LASF25:
 695 0014 56444143 		.ascii	"VDAC8_SaveConfig\000"
 695      385F5361 
 695      7665436F 
 695      6E666967 
 695      00
 696              	.LASF17:
 697 0025 56444143 		.ascii	"VDAC8_Sleep\000"
ARM GAS  C:\Users\Luggi\AppData\Local\Temp\cc2CztUG.s 			page 16


 697      385F536C 
 697      65657000 
 698              	.LASF15:
 699 0031 64617461 		.ascii	"data_value\000"
 699      5F76616C 
 699      756500
 700              	.LASF9:
 701 003c 666C6F61 		.ascii	"float\000"
 701      7400
 702              	.LASF12:
 703 0042 75696E74 		.ascii	"uint8\000"
 703      3800
 704              	.LASF1:
 705 0048 756E7369 		.ascii	"unsigned char\000"
 705      676E6564 
 705      20636861 
 705      7200
 706              	.LASF13:
 707 0056 72656738 		.ascii	"reg8\000"
 707      00
 708              	.LASF5:
 709 005b 6C6F6E67 		.ascii	"long unsigned int\000"
 709      20756E73 
 709      69676E65 
 709      6420696E 
 709      7400
 710              	.LASF3:
 711 006d 73686F72 		.ascii	"short unsigned int\000"
 711      7420756E 
 711      7369676E 
 711      65642069 
 711      6E7400
 712              	.LASF20:
 713 0080 56444143 		.ascii	"VDAC8_Stop\000"
 713      385F5374 
 713      6F7000
 714              	.LASF10:
 715 008b 646F7562 		.ascii	"double\000"
 715      6C6500
 716              	.LASF26:
 717 0092 56444143 		.ascii	"VDAC8_backup\000"
 717      385F6261 
 717      636B7570 
 717      00
 718              	.LASF8:
 719 009f 756E7369 		.ascii	"unsigned int\000"
 719      676E6564 
 719      20696E74 
 719      00
 720              	.LASF18:
 721 00ac 56444143 		.ascii	"VDAC8_Wakeup\000"
 721      385F5761 
 721      6B657570 
 721      00
 722              	.LASF7:
 723 00b9 6C6F6E67 		.ascii	"long long unsigned int\000"
 723      206C6F6E 
ARM GAS  C:\Users\Luggi\AppData\Local\Temp\cc2CztUG.s 			page 17


 723      6720756E 
 723      7369676E 
 723      65642069 
 724              	.LASF27:
 725 00d0 56444143 		.ascii	"VDAC8_SetValue\000"
 725      385F5365 
 725      7456616C 
 725      756500
 726              	.LASF6:
 727 00df 6C6F6E67 		.ascii	"long long int\000"
 727      206C6F6E 
 727      6720696E 
 727      7400
 728              	.LASF11:
 729 00ed 63686172 		.ascii	"char\000"
 729      00
 730              	.LASF24:
 731 00f2 433A5C55 		.ascii	"C:\\Users\\Luggi\\Desktop\\Aktuelles Projekt Laser_"
 731      73657273 
 731      5C4C7567 
 731      67695C44 
 731      65736B74 
 732 0121 73636875 		.ascii	"schutzschaltung\\Aktuelles Projekt Laser_schutzscha"
 732      747A7363 
 732      68616C74 
 732      756E675C 
 732      416B7475 
 733 0153 6C74756E 		.ascii	"ltung\\Laserschutzschaltung.cydsn\000"
 733      675C4C61 
 733      73657273 
 733      63687574 
 733      7A736368 
 734              	.LASF2:
 735 0174 73686F72 		.ascii	"short int\000"
 735      7420696E 
 735      7400
 736              	.LASF22:
 737 017e 474E5520 		.ascii	"GNU C 4.9.3 20150303 (release) [ARM/embedded-4_9-br"
 737      4320342E 
 737      392E3320 
 737      32303135 
 737      30333033 
 738 01b1 616E6368 		.ascii	"anch revision 221220] -mcpu=cortex-m3 -mthumb -g -O"
 738      20726576 
 738      6973696F 
 738      6E203232 
 738      31323230 
 739 01e4 73202D66 		.ascii	"s -ffunction-sections -ffat-lto-objects\000"
 739      66756E63 
 739      74696F6E 
 739      2D736563 
 739      74696F6E 
 740              	.LASF23:
 741 020c 47656E65 		.ascii	"Generated_Source\\PSoC5\\VDAC8_PM.c\000"
 741      72617465 
 741      645F536F 
 741      75726365 
ARM GAS  C:\Users\Luggi\AppData\Local\Temp\cc2CztUG.s 			page 18


 741      5C50536F 
 742              	.LASF4:
 743 022e 6C6F6E67 		.ascii	"long int\000"
 743      20696E74 
 743      00
 744              	.LASF14:
 745 0237 656E6162 		.ascii	"enableState\000"
 745      6C655374 
 745      61746500 
 746              	.LASF0:
 747 0243 7369676E 		.ascii	"signed char\000"
 747      65642063 
 747      68617200 
 748              	.LASF16:
 749 024f 56444143 		.ascii	"VDAC8_backupStruct\000"
 749      385F6261 
 749      636B7570 
 749      53747275 
 749      637400
 750              	.LASF21:
 751 0262 56444143 		.ascii	"VDAC8_Enable\000"
 751      385F456E 
 751      61626C65 
 751      00
 752              		.ident	"GCC: (GNU Tools for ARM Embedded Processors) 4.9.3 20150303 (release) [ARM/embedded-4_9-br
