--------------- Rebuild Started: 11/11/2013 15:32:49 Project: Design02, Configuration: ARM GCC 4.7.3 Debug ---------------
Deleting file ".\CortexM3\ARM_GCC_473\Debug\main.o"
Deleting file ".\CortexM3\ARM_GCC_473\Debug\cyfitter_cfg.o"
Deleting file ".\CortexM3\ARM_GCC_473\Debug\DMA_dma.o"
Deleting file ".\CortexM3\ARM_GCC_473\Debug\isr.o"
Deleting file ".\CortexM3\ARM_GCC_473\Debug\ADC_DelSig.o"
Deleting file ".\CortexM3\ARM_GCC_473\Debug\ADC_DelSig_PM.o"
Deleting file ".\CortexM3\ARM_GCC_473\Debug\ADC_DelSig_INT.o"
Deleting file ".\CortexM3\ARM_GCC_473\Debug\VDAC8.o"
Deleting file ".\CortexM3\ARM_GCC_473\Debug\VDAC8_PM.o"
Deleting file ".\CortexM3\ARM_GCC_473\Debug\Fault.o"
Deleting file ".\CortexM3\ARM_GCC_473\Debug\Comp_1.o"
Deleting file ".\CortexM3\ARM_GCC_473\Debug\Comp_1_PM.o"
Deleting file ".\CortexM3\ARM_GCC_473\Debug\Clock_1.o"
Deleting file ".\CortexM3\ARM_GCC_473\Debug\Filter.o"
Deleting file ".\CortexM3\ARM_GCC_473\Debug\Filter_PM.o"
Deleting file ".\CortexM3\ARM_GCC_473\Debug\Filter_PVT.o"
Deleting file ".\CortexM3\ARM_GCC_473\Debug\Filter_RAM_Data.o"
Deleting file ".\CortexM3\ARM_GCC_473\Debug\Filter_Coefficients.o"
Deleting file ".\CortexM3\ARM_GCC_473\Debug\ADC_DelSig_theACLK.o"
Deleting file ".\CortexM3\ARM_GCC_473\Debug\ADC_DelSig_Ext_CP_Clk.o"
Deleting file ".\CortexM3\ARM_GCC_473\Debug\ADC_DelSig_AMux.o"
Deleting file ".\CortexM3\ARM_GCC_473\Debug\Cm3Start.o"
Deleting file ".\CortexM3\ARM_GCC_473\Debug\CyBootAsmGnu.o"
Deleting file ".\CortexM3\ARM_GCC_473\Debug\CyDmac.o"
Deleting file ".\CortexM3\ARM_GCC_473\Debug\CyFlash.o"
Deleting file ".\CortexM3\ARM_GCC_473\Debug\CyLib.o"
Deleting file ".\CortexM3\ARM_GCC_473\Debug\cyPm.o"
Deleting file ".\CortexM3\ARM_GCC_473\Debug\CySpc.o"
Deleting file ".\CortexM3\ARM_GCC_473\Debug\cyutils.o"
Deleting file ".\CortexM3\ARM_GCC_473\Debug\Comp_2.o"
Deleting file ".\CortexM3\ARM_GCC_473\Debug\Comp_2_PM.o"
Deleting file ".\CortexM3\ARM_GCC_473\Debug\Clock_2.o"
Deleting file ".\CortexM3\ARM_GCC_473\Debug\Diode_Pumpseite.o"
Deleting file ".\CortexM3\ARM_GCC_473\Debug\Comp_3.o"
Deleting file ".\CortexM3\ARM_GCC_473\Debug\Comp_3_PM.o"
Deleting file ".\CortexM3\ARM_GCC_473\Debug\Diode_Seedseite.o"
Deleting file ".\CortexM3\ARM_GCC_473\Debug\Seed_ref.o"
Deleting file ".\CortexM3\ARM_GCC_473\Debug\Pump_ref.o"
Deleting file ".\CortexM3\ARM_GCC_473\Debug\DAC_Out.o"
Deleting file ".\CortexM3\ARM_GCC_473\Debug\Status_Reg.o"
Deleting file ".\CortexM3\ARM_GCC_473\Debug\LCD.o"
Deleting file ".\CortexM3\ARM_GCC_473\Debug\LCD_PM.o"
Deleting file ".\CortexM3\ARM_GCC_473\Debug\LCD_LCDPort.o"
Deleting file ".\CortexM3\ARM_GCC_473\Debug\Fault_isr.o"
Deleting file ".\CortexM3\ARM_GCC_473\Debug\cymetadata.o"
Deleting file ".\CortexM3\ARM_GCC_473\Debug\ADC_DelSig_IRQ.o"
Deleting file ".\CortexM3\ARM_GCC_473\Debug\Design02.hex"
Deleting file ".\CortexM3\ARM_GCC_473\Debug\Design02.elf"
Deleting file ".\CortexM3\ARM_GCC_473\Debug\Design02.map"
Deleting file ".\Design02.cycdx"
Deleting file ".\Design02.svd"
Deleting file ".\Design02.rpt"
Deleting file ".\Design02_timing.html"
Deleting file ".\CortexM3\ARM_GCC_473\Debug\.deps\C_FILE.P"
Deleting file ".\CortexM3\ARM_GCC_473\Debug\.deps\ARM_C_FILE.P"
Deleting file ".\CortexM3\ARM_GCC_473\Debug\.deps\GNU_ARM_ASM_FILE.P"
cydsfit.exe "-.appdatapath" "C:\Users\csap2972\AppData\Local\Cypress Semiconductor\PSoC Creator\3.0" "-.fdsnotice" "-.fdswarpdepfile=warp_dependencies.txt" "-.fdselabdepfile=elab_dependencies.txt" "-.fdsbldfile=generated_files.txt" "-p" "J:\c704\C704224\Cypress\CY8C5868\Laser_Schutzschaltung\Design01\Design02.cydsn\Design02.cyprj" "-d" "CY8C5868AXI-LP035" "-s" "J:\c704\C704224\Cypress\CY8C5868\Laser_Schutzschaltung\Design01\Design02.cydsn\Generated_Source\PSoC5" "--" "-yv2" "-v3" "-ygs" "-q10" "-o2" "-.fftcfgtype=LE"
Elaborating Design...
HDL Generation ...
Synthesis ...
Place and Route ...
Tech mapping ...
Info: mpr.M0037: Unused pieces of the design have been optimized out. See the Tech mapping section of the report file for details. (App=cydsfit)
Analog Placement ...
Info: apr.M0002: Analog signal "\ADC_DelSig:Net_690\" is connected to one terminal only. (App=cydsfit)
Log: apr.M0058: The analog placement iterative improvement is 27% done. (App=cydsfit)
Log: apr.M0058: The analog placement iterative improvement is 50% done. (App=cydsfit)
Analog Routing ...
Analog Code Generation ...
Digital Placement ...
Digital Routing ...
Bitstream Generation ...
Static timing analysis ...
API Generation ...
Dependency Generation ...
Clean Temporary Files ...
arm-none-eabi-gcc.exe -I. -I./Generated_Source/PSoC5 -Wno-main -mcpu=cortex-m3 -mthumb -Wall -g -Wa,-alh=.\CortexM3\ARM_GCC_473\Debug\main.lst -ffunction-sections -c .\main.c -o .\CortexM3\ARM_GCC_473\Debug\main.o
.\main.c:31:9: error: redefinition of 'filter_read'
.\main.c:30:9: note: previous definition of 'filter_read' was here
.\main.c: In function 'main':
.\main.c:123:17: error: 'ADC_read' undeclared (first use in this function)
.\main.c:123:17: note: each undeclared identifier is reported only once for each function it appears in
The command 'arm-none-eabi-gcc.exe' failed with exit code '1'.
--------------- Rebuild Failed: 11/11/2013 15:33:41 ---------------
