ARM GAS  C:\Users\csap2972\AppData\Local\Temp\ccz2Y73r.s 			page 1


   1              		.syntax unified
   2              		.cpu cortex-m3
   3              		.fpu softvfp
   4              		.eabi_attribute 20, 1
   5              		.eabi_attribute 21, 1
   6              		.eabi_attribute 23, 3
   7              		.eabi_attribute 24, 1
   8              		.eabi_attribute 25, 1
   9              		.eabi_attribute 26, 1
  10              		.eabi_attribute 30, 6
  11              		.eabi_attribute 18, 4
  12              		.thumb
  13              		.file	"Comp_3_PM.c"
  14              		.section	.debug_abbrev,"",%progbits
  15              	.Ldebug_abbrev0:
  16              		.section	.debug_info,"",%progbits
  17              	.Ldebug_info0:
  18              		.section	.debug_line,"",%progbits
  19              	.Ldebug_line0:
  20 0000 BE000000 		.text
  20      02006E00 
  20      00000201 
  20      FB0E0D00 
  20      01010101 
  21              	.Ltext0:
  22              		.cfi_sections	.debug_frame
  23              		.bss
  24              		.align	2
  25              	Comp_3_backup:
  26 0000 00       		.space	1
  27 0001 000000   		.section	.text.Comp_3_SaveConfig,"ax",%progbits
  28              		.align	2
  29              		.global	Comp_3_SaveConfig
  30              		.thumb
  31              		.thumb_func
  32              		.type	Comp_3_SaveConfig, %function
  33              	Comp_3_SaveConfig:
  34              	.LFB0:
  35              		.file 1 ".\\Generated_Source\\PSoC5\\Comp_3_PM.c"
   1:.\Generated_Source\PSoC5/Comp_3_PM.c **** /*******************************************************************************
   2:.\Generated_Source\PSoC5/Comp_3_PM.c **** * File Name: Comp_3.c
   3:.\Generated_Source\PSoC5/Comp_3_PM.c **** * Version 1.90
   4:.\Generated_Source\PSoC5/Comp_3_PM.c **** *
   5:.\Generated_Source\PSoC5/Comp_3_PM.c **** * Description:
   6:.\Generated_Source\PSoC5/Comp_3_PM.c **** *  This file provides the power management source code APIs for the
   7:.\Generated_Source\PSoC5/Comp_3_PM.c **** *  Comparator.
   8:.\Generated_Source\PSoC5/Comp_3_PM.c **** *
   9:.\Generated_Source\PSoC5/Comp_3_PM.c **** * Note:
  10:.\Generated_Source\PSoC5/Comp_3_PM.c **** *  None
  11:.\Generated_Source\PSoC5/Comp_3_PM.c **** *
  12:.\Generated_Source\PSoC5/Comp_3_PM.c **** ********************************************************************************
  13:.\Generated_Source\PSoC5/Comp_3_PM.c **** * Copyright 2008-2012, Cypress Semiconductor Corporation.  All rights reserved.
  14:.\Generated_Source\PSoC5/Comp_3_PM.c **** * You may use this file only in accordance with the license, terms, conditions, 
  15:.\Generated_Source\PSoC5/Comp_3_PM.c **** * disclaimers, and limitations in the end user license agreement accompanying 
  16:.\Generated_Source\PSoC5/Comp_3_PM.c **** * the software package with which this file was provided.
  17:.\Generated_Source\PSoC5/Comp_3_PM.c **** *******************************************************************************/
  18:.\Generated_Source\PSoC5/Comp_3_PM.c **** 
ARM GAS  C:\Users\csap2972\AppData\Local\Temp\ccz2Y73r.s 			page 2


  19:.\Generated_Source\PSoC5/Comp_3_PM.c **** #include "Comp_3.h"
  20:.\Generated_Source\PSoC5/Comp_3_PM.c **** 
  21:.\Generated_Source\PSoC5/Comp_3_PM.c **** static Comp_3_backupStruct Comp_3_backup;
  22:.\Generated_Source\PSoC5/Comp_3_PM.c **** 
  23:.\Generated_Source\PSoC5/Comp_3_PM.c **** 
  24:.\Generated_Source\PSoC5/Comp_3_PM.c **** /*******************************************************************************
  25:.\Generated_Source\PSoC5/Comp_3_PM.c **** * Function Name: Comp_3_SaveConfig
  26:.\Generated_Source\PSoC5/Comp_3_PM.c **** ********************************************************************************
  27:.\Generated_Source\PSoC5/Comp_3_PM.c **** *
  28:.\Generated_Source\PSoC5/Comp_3_PM.c **** * Summary:
  29:.\Generated_Source\PSoC5/Comp_3_PM.c **** *  Save the current user configuration
  30:.\Generated_Source\PSoC5/Comp_3_PM.c **** *
  31:.\Generated_Source\PSoC5/Comp_3_PM.c **** * Parameters:
  32:.\Generated_Source\PSoC5/Comp_3_PM.c **** *  void:
  33:.\Generated_Source\PSoC5/Comp_3_PM.c **** *
  34:.\Generated_Source\PSoC5/Comp_3_PM.c **** * Return:
  35:.\Generated_Source\PSoC5/Comp_3_PM.c **** *  void
  36:.\Generated_Source\PSoC5/Comp_3_PM.c **** *
  37:.\Generated_Source\PSoC5/Comp_3_PM.c **** *******************************************************************************/
  38:.\Generated_Source\PSoC5/Comp_3_PM.c **** void Comp_3_SaveConfig(void) 
  39:.\Generated_Source\PSoC5/Comp_3_PM.c **** {
  36              		.loc 1 39 0
  37              		.cfi_startproc
  38              		@ args = 0, pretend = 0, frame = 0
  39              		@ frame_needed = 1, uses_anonymous_args = 0
  40              		@ link register save eliminated.
  41 0000 80B4     		push	{r7}
  42              	.LCFI0:
  43              		.cfi_def_cfa_offset 4
  44 0002 00AF     		add	r7, sp, #0
  45              		.cfi_offset 7, -4
  46              	.LCFI1:
  47              		.cfi_def_cfa_register 7
  40:.\Generated_Source\PSoC5/Comp_3_PM.c ****     /* Empty since all are system reset for retention flops */
  41:.\Generated_Source\PSoC5/Comp_3_PM.c **** }
  48              		.loc 1 41 0
  49 0004 BD46     		mov	sp, r7
  50 0006 80BC     		pop	{r7}
  51 0008 7047     		bx	lr
  52              		.cfi_endproc
  53              	.LFE0:
  54              		.size	Comp_3_SaveConfig, .-Comp_3_SaveConfig
  55 000a 00BF     		.section	.text.Comp_3_RestoreConfig,"ax",%progbits
  56              		.align	2
  57              		.global	Comp_3_RestoreConfig
  58              		.thumb
  59              		.thumb_func
  60              		.type	Comp_3_RestoreConfig, %function
  61              	Comp_3_RestoreConfig:
  62              	.LFB1:
  42:.\Generated_Source\PSoC5/Comp_3_PM.c **** 
  43:.\Generated_Source\PSoC5/Comp_3_PM.c **** 
  44:.\Generated_Source\PSoC5/Comp_3_PM.c **** /*******************************************************************************
  45:.\Generated_Source\PSoC5/Comp_3_PM.c **** * Function Name: Comp_3_RestoreConfig
  46:.\Generated_Source\PSoC5/Comp_3_PM.c **** ********************************************************************************
  47:.\Generated_Source\PSoC5/Comp_3_PM.c **** *
  48:.\Generated_Source\PSoC5/Comp_3_PM.c **** * Summary:
ARM GAS  C:\Users\csap2972\AppData\Local\Temp\ccz2Y73r.s 			page 3


  49:.\Generated_Source\PSoC5/Comp_3_PM.c **** *  Restores the current user configuration.
  50:.\Generated_Source\PSoC5/Comp_3_PM.c **** *
  51:.\Generated_Source\PSoC5/Comp_3_PM.c **** * Parameters:
  52:.\Generated_Source\PSoC5/Comp_3_PM.c **** *  void
  53:.\Generated_Source\PSoC5/Comp_3_PM.c **** *
  54:.\Generated_Source\PSoC5/Comp_3_PM.c **** * Return:
  55:.\Generated_Source\PSoC5/Comp_3_PM.c **** *  void
  56:.\Generated_Source\PSoC5/Comp_3_PM.c **** *
  57:.\Generated_Source\PSoC5/Comp_3_PM.c **** ********************************************************************************/
  58:.\Generated_Source\PSoC5/Comp_3_PM.c **** void Comp_3_RestoreConfig(void) 
  59:.\Generated_Source\PSoC5/Comp_3_PM.c **** {
  63              		.loc 1 59 0
  64              		.cfi_startproc
  65              		@ args = 0, pretend = 0, frame = 0
  66              		@ frame_needed = 1, uses_anonymous_args = 0
  67              		@ link register save eliminated.
  68 0000 80B4     		push	{r7}
  69              	.LCFI2:
  70              		.cfi_def_cfa_offset 4
  71 0002 00AF     		add	r7, sp, #0
  72              		.cfi_offset 7, -4
  73              	.LCFI3:
  74              		.cfi_def_cfa_register 7
  60:.\Generated_Source\PSoC5/Comp_3_PM.c ****     /* Empty since all are system reset for retention flops */    
  61:.\Generated_Source\PSoC5/Comp_3_PM.c **** }
  75              		.loc 1 61 0
  76 0004 BD46     		mov	sp, r7
  77 0006 80BC     		pop	{r7}
  78 0008 7047     		bx	lr
  79              		.cfi_endproc
  80              	.LFE1:
  81              		.size	Comp_3_RestoreConfig, .-Comp_3_RestoreConfig
  82 000a 00BF     		.section	.text.Comp_3_Sleep,"ax",%progbits
  83              		.align	2
  84              		.global	Comp_3_Sleep
  85              		.thumb
  86              		.thumb_func
  87              		.type	Comp_3_Sleep, %function
  88              	Comp_3_Sleep:
  89              	.LFB2:
  62:.\Generated_Source\PSoC5/Comp_3_PM.c **** 
  63:.\Generated_Source\PSoC5/Comp_3_PM.c **** 
  64:.\Generated_Source\PSoC5/Comp_3_PM.c **** /*******************************************************************************
  65:.\Generated_Source\PSoC5/Comp_3_PM.c **** * Function Name: Comp_3_Sleep
  66:.\Generated_Source\PSoC5/Comp_3_PM.c **** ********************************************************************************
  67:.\Generated_Source\PSoC5/Comp_3_PM.c **** *
  68:.\Generated_Source\PSoC5/Comp_3_PM.c **** * Summary:
  69:.\Generated_Source\PSoC5/Comp_3_PM.c **** *  Stop and Save the user configuration
  70:.\Generated_Source\PSoC5/Comp_3_PM.c **** *
  71:.\Generated_Source\PSoC5/Comp_3_PM.c **** * Parameters:
  72:.\Generated_Source\PSoC5/Comp_3_PM.c **** *  void:
  73:.\Generated_Source\PSoC5/Comp_3_PM.c **** *
  74:.\Generated_Source\PSoC5/Comp_3_PM.c **** * Return:
  75:.\Generated_Source\PSoC5/Comp_3_PM.c **** *  void
  76:.\Generated_Source\PSoC5/Comp_3_PM.c **** *
  77:.\Generated_Source\PSoC5/Comp_3_PM.c **** * Global variables:
  78:.\Generated_Source\PSoC5/Comp_3_PM.c **** *  Comp_3_backup.enableState:  Is modified depending on the enable 
ARM GAS  C:\Users\csap2972\AppData\Local\Temp\ccz2Y73r.s 			page 4


  79:.\Generated_Source\PSoC5/Comp_3_PM.c **** *   state of the block before entering sleep mode.
  80:.\Generated_Source\PSoC5/Comp_3_PM.c **** *
  81:.\Generated_Source\PSoC5/Comp_3_PM.c **** *******************************************************************************/
  82:.\Generated_Source\PSoC5/Comp_3_PM.c **** void Comp_3_Sleep(void) 
  83:.\Generated_Source\PSoC5/Comp_3_PM.c **** {
  90              		.loc 1 83 0
  91              		.cfi_startproc
  92              		@ args = 0, pretend = 0, frame = 0
  93              		@ frame_needed = 1, uses_anonymous_args = 0
  94 0000 80B5     		push	{r7, lr}
  95              	.LCFI4:
  96              		.cfi_def_cfa_offset 8
  97 0002 00AF     		add	r7, sp, #0
  98              		.cfi_offset 14, -4
  99              		.cfi_offset 7, -8
 100              	.LCFI5:
 101              		.cfi_def_cfa_register 7
  84:.\Generated_Source\PSoC5/Comp_3_PM.c ****     /* Save Comp's enable state */    
  85:.\Generated_Source\PSoC5/Comp_3_PM.c ****     if(Comp_3_ACT_PWR_EN == (Comp_3_PWRMGR & Comp_3_ACT_PWR_EN))
 102              		.loc 1 85 0
 103 0004 44F2A733 		movw	r3, #:lower16:1073759143
 104 0008 C4F20003 		movt	r3, #:upper16:1073759143
 105 000c 1B78     		ldrb	r3, [r3, #0]
 106 000e DBB2     		uxtb	r3, r3
 107 0010 03F00403 		and	r3, r3, #4
 108 0014 002B     		cmp	r3, #0
 109 0016 07D0     		beq	.L6
  86:.\Generated_Source\PSoC5/Comp_3_PM.c ****     {
  87:.\Generated_Source\PSoC5/Comp_3_PM.c ****         /* Comp is enabled */
  88:.\Generated_Source\PSoC5/Comp_3_PM.c ****         Comp_3_backup.enableState = 1u;
 110              		.loc 1 88 0
 111 0018 40F20003 		movw	r3, #:lower16:Comp_3_backup
 112 001c C0F20003 		movt	r3, #:upper16:Comp_3_backup
 113 0020 4FF00102 		mov	r2, #1
 114 0024 1A70     		strb	r2, [r3, #0]
 115 0026 06E0     		b	.L7
 116              	.L6:
  89:.\Generated_Source\PSoC5/Comp_3_PM.c ****     }
  90:.\Generated_Source\PSoC5/Comp_3_PM.c ****     else
  91:.\Generated_Source\PSoC5/Comp_3_PM.c ****     {
  92:.\Generated_Source\PSoC5/Comp_3_PM.c ****         /* Comp is disabled */
  93:.\Generated_Source\PSoC5/Comp_3_PM.c ****         Comp_3_backup.enableState = 0u;
 117              		.loc 1 93 0
 118 0028 40F20003 		movw	r3, #:lower16:Comp_3_backup
 119 002c C0F20003 		movt	r3, #:upper16:Comp_3_backup
 120 0030 4FF00002 		mov	r2, #0
 121 0034 1A70     		strb	r2, [r3, #0]
 122              	.L7:
  94:.\Generated_Source\PSoC5/Comp_3_PM.c ****     }    
  95:.\Generated_Source\PSoC5/Comp_3_PM.c ****     
  96:.\Generated_Source\PSoC5/Comp_3_PM.c ****     Comp_3_Stop();
 123              		.loc 1 96 0
 124 0036 FFF7FEFF 		bl	Comp_3_Stop
  97:.\Generated_Source\PSoC5/Comp_3_PM.c ****     Comp_3_SaveConfig();
 125              		.loc 1 97 0
 126 003a FFF7FEFF 		bl	Comp_3_SaveConfig
  98:.\Generated_Source\PSoC5/Comp_3_PM.c **** }
ARM GAS  C:\Users\csap2972\AppData\Local\Temp\ccz2Y73r.s 			page 5


 127              		.loc 1 98 0
 128 003e 80BD     		pop	{r7, pc}
 129              		.cfi_endproc
 130              	.LFE2:
 131              		.size	Comp_3_Sleep, .-Comp_3_Sleep
 132              		.section	.text.Comp_3_Wakeup,"ax",%progbits
 133              		.align	2
 134              		.global	Comp_3_Wakeup
 135              		.thumb
 136              		.thumb_func
 137              		.type	Comp_3_Wakeup, %function
 138              	Comp_3_Wakeup:
 139              	.LFB3:
  99:.\Generated_Source\PSoC5/Comp_3_PM.c **** 
 100:.\Generated_Source\PSoC5/Comp_3_PM.c **** 
 101:.\Generated_Source\PSoC5/Comp_3_PM.c **** /*******************************************************************************
 102:.\Generated_Source\PSoC5/Comp_3_PM.c **** * Function Name: Comp_3_Wakeup
 103:.\Generated_Source\PSoC5/Comp_3_PM.c **** ********************************************************************************
 104:.\Generated_Source\PSoC5/Comp_3_PM.c **** *
 105:.\Generated_Source\PSoC5/Comp_3_PM.c **** * Summary:
 106:.\Generated_Source\PSoC5/Comp_3_PM.c **** *  Restores and enables the user configuration
 107:.\Generated_Source\PSoC5/Comp_3_PM.c **** *  
 108:.\Generated_Source\PSoC5/Comp_3_PM.c **** * Parameters:
 109:.\Generated_Source\PSoC5/Comp_3_PM.c **** *  void
 110:.\Generated_Source\PSoC5/Comp_3_PM.c **** *
 111:.\Generated_Source\PSoC5/Comp_3_PM.c **** * Return:
 112:.\Generated_Source\PSoC5/Comp_3_PM.c **** *  void
 113:.\Generated_Source\PSoC5/Comp_3_PM.c **** *
 114:.\Generated_Source\PSoC5/Comp_3_PM.c **** * Global variables:
 115:.\Generated_Source\PSoC5/Comp_3_PM.c **** *  Comp_3_backup.enableState:  Is used to restore the enable state of 
 116:.\Generated_Source\PSoC5/Comp_3_PM.c **** *  block on wakeup from sleep mode.
 117:.\Generated_Source\PSoC5/Comp_3_PM.c **** *
 118:.\Generated_Source\PSoC5/Comp_3_PM.c **** *******************************************************************************/
 119:.\Generated_Source\PSoC5/Comp_3_PM.c **** void Comp_3_Wakeup(void) 
 120:.\Generated_Source\PSoC5/Comp_3_PM.c **** {
 140              		.loc 1 120 0
 141              		.cfi_startproc
 142              		@ args = 0, pretend = 0, frame = 0
 143              		@ frame_needed = 1, uses_anonymous_args = 0
 144 0000 80B5     		push	{r7, lr}
 145              	.LCFI6:
 146              		.cfi_def_cfa_offset 8
 147 0002 00AF     		add	r7, sp, #0
 148              		.cfi_offset 14, -4
 149              		.cfi_offset 7, -8
 150              	.LCFI7:
 151              		.cfi_def_cfa_register 7
 121:.\Generated_Source\PSoC5/Comp_3_PM.c ****     Comp_3_RestoreConfig();
 152              		.loc 1 121 0
 153 0004 FFF7FEFF 		bl	Comp_3_RestoreConfig
 122:.\Generated_Source\PSoC5/Comp_3_PM.c ****     
 123:.\Generated_Source\PSoC5/Comp_3_PM.c ****     if(Comp_3_backup.enableState == 1u)
 154              		.loc 1 123 0
 155 0008 40F20003 		movw	r3, #:lower16:Comp_3_backup
 156 000c C0F20003 		movt	r3, #:upper16:Comp_3_backup
 157 0010 1B78     		ldrb	r3, [r3, #0]	@ zero_extendqisi2
 158 0012 012B     		cmp	r3, #1
ARM GAS  C:\Users\csap2972\AppData\Local\Temp\ccz2Y73r.s 			page 6


 159 0014 01D1     		bne	.L11
 124:.\Generated_Source\PSoC5/Comp_3_PM.c ****     {
 125:.\Generated_Source\PSoC5/Comp_3_PM.c ****         /* Enable Comp's operation */
 126:.\Generated_Source\PSoC5/Comp_3_PM.c ****         Comp_3_Enable();
 160              		.loc 1 126 0
 161 0016 FFF7FEFF 		bl	Comp_3_Enable
 162              	.L11:
 127:.\Generated_Source\PSoC5/Comp_3_PM.c **** 
 128:.\Generated_Source\PSoC5/Comp_3_PM.c ****     } /* Do nothing if Comp was disabled before */
 129:.\Generated_Source\PSoC5/Comp_3_PM.c ****     
 130:.\Generated_Source\PSoC5/Comp_3_PM.c **** }
 163              		.loc 1 130 0
 164 001a 80BD     		pop	{r7, pc}
 165              		.cfi_endproc
 166              	.LFE3:
 167              		.size	Comp_3_Wakeup, .-Comp_3_Wakeup
 168              		.text
 169              	.Letext0:
 170              		.section	.debug_loc,"",%progbits
 171              	.Ldebug_loc0:
 172              	.LLST0:
 173 0000 00000000 		.4byte	.LFB0
 174 0004 02000000 		.4byte	.LCFI0
 175 0008 0100     		.2byte	0x1
 176 000a 5D       		.byte	0x5d
 177 000b 02000000 		.4byte	.LCFI0
 178 000f 04000000 		.4byte	.LCFI1
 179 0013 0200     		.2byte	0x2
 180 0015 7D       		.byte	0x7d
 181 0016 04       		.sleb128 4
 182 0017 04000000 		.4byte	.LCFI1
 183 001b 0A000000 		.4byte	.LFE0
 184 001f 0200     		.2byte	0x2
 185 0021 77       		.byte	0x77
 186 0022 04       		.sleb128 4
 187 0023 00000000 		.4byte	0x0
 188 0027 00000000 		.4byte	0x0
 189              	.LLST1:
 190 002b 00000000 		.4byte	.LFB1
 191 002f 02000000 		.4byte	.LCFI2
 192 0033 0100     		.2byte	0x1
 193 0035 5D       		.byte	0x5d
 194 0036 02000000 		.4byte	.LCFI2
 195 003a 04000000 		.4byte	.LCFI3
 196 003e 0200     		.2byte	0x2
 197 0040 7D       		.byte	0x7d
 198 0041 04       		.sleb128 4
 199 0042 04000000 		.4byte	.LCFI3
 200 0046 0A000000 		.4byte	.LFE1
 201 004a 0200     		.2byte	0x2
 202 004c 77       		.byte	0x77
 203 004d 04       		.sleb128 4
 204 004e 00000000 		.4byte	0x0
 205 0052 00000000 		.4byte	0x0
 206              	.LLST2:
 207 0056 00000000 		.4byte	.LFB2
 208 005a 02000000 		.4byte	.LCFI4
ARM GAS  C:\Users\csap2972\AppData\Local\Temp\ccz2Y73r.s 			page 7


 209 005e 0100     		.2byte	0x1
 210 0060 5D       		.byte	0x5d
 211 0061 02000000 		.4byte	.LCFI4
 212 0065 04000000 		.4byte	.LCFI5
 213 0069 0200     		.2byte	0x2
 214 006b 7D       		.byte	0x7d
 215 006c 08       		.sleb128 8
 216 006d 04000000 		.4byte	.LCFI5
 217 0071 40000000 		.4byte	.LFE2
 218 0075 0200     		.2byte	0x2
 219 0077 77       		.byte	0x77
 220 0078 08       		.sleb128 8
 221 0079 00000000 		.4byte	0x0
 222 007d 00000000 		.4byte	0x0
 223              	.LLST3:
 224 0081 00000000 		.4byte	.LFB3
 225 0085 02000000 		.4byte	.LCFI6
 226 0089 0100     		.2byte	0x1
 227 008b 5D       		.byte	0x5d
 228 008c 02000000 		.4byte	.LCFI6
 229 0090 04000000 		.4byte	.LCFI7
 230 0094 0200     		.2byte	0x2
 231 0096 7D       		.byte	0x7d
 232 0097 08       		.sleb128 8
 233 0098 04000000 		.4byte	.LCFI7
 234 009c 1C000000 		.4byte	.LFE3
 235 00a0 0200     		.2byte	0x2
 236 00a2 77       		.byte	0x77
 237 00a3 08       		.sleb128 8
 238 00a4 00000000 		.4byte	0x0
 239 00a8 00000000 		.4byte	0x0
 240              		.file 2 ".\\Generated_Source\\PSoC5\\/cytypes.h"
 241              		.file 3 ".\\Generated_Source\\PSoC5\\/Comp_3.h"
 242              		.section	.debug_info
 243 0000 0C010000 		.4byte	0x10c
 244 0004 0200     		.2byte	0x2
 245 0006 00000000 		.4byte	.Ldebug_abbrev0
 246 000a 04       		.byte	0x4
 247 000b 01       		.uleb128 0x1
 248 000c E5000000 		.4byte	.LASF16
 249 0010 01       		.byte	0x1
 250 0011 50010000 		.4byte	.LASF17
 251 0015 47000000 		.4byte	.LASF18
 252 0019 00000000 		.4byte	0x0
 253 001d 00000000 		.4byte	0x0
 254 0021 00000000 		.4byte	.Ldebug_ranges0+0x0
 255 0025 00000000 		.4byte	.Ldebug_line0
 256 0029 02       		.uleb128 0x2
 257 002a 01       		.byte	0x1
 258 002b 06       		.byte	0x6
 259 002c 22010000 		.4byte	.LASF0
 260 0030 02       		.uleb128 0x2
 261 0031 01       		.byte	0x1
 262 0032 08       		.byte	0x8
 263 0033 F1000000 		.4byte	.LASF1
 264 0037 02       		.uleb128 0x2
 265 0038 02       		.byte	0x2
ARM GAS  C:\Users\csap2972\AppData\Local\Temp\ccz2Y73r.s 			page 8


 266 0039 05       		.byte	0x5
 267 003a 75010000 		.4byte	.LASF2
 268 003e 02       		.uleb128 0x2
 269 003f 02       		.byte	0x2
 270 0040 07       		.byte	0x7
 271 0041 0E000000 		.4byte	.LASF3
 272 0045 02       		.uleb128 0x2
 273 0046 04       		.byte	0x4
 274 0047 05       		.byte	0x5
 275 0048 04010000 		.4byte	.LASF4
 276 004c 02       		.uleb128 0x2
 277 004d 04       		.byte	0x4
 278 004e 07       		.byte	0x7
 279 004f 9C000000 		.4byte	.LASF5
 280 0053 02       		.uleb128 0x2
 281 0054 08       		.byte	0x8
 282 0055 05       		.byte	0x5
 283 0056 00000000 		.4byte	.LASF6
 284 005a 02       		.uleb128 0x2
 285 005b 08       		.byte	0x8
 286 005c 07       		.byte	0x7
 287 005d C0000000 		.4byte	.LASF7
 288 0061 03       		.uleb128 0x3
 289 0062 04       		.byte	0x4
 290 0063 05       		.byte	0x5
 291 0064 696E7400 		.ascii	"int\000"
 292 0068 02       		.uleb128 0x2
 293 0069 04       		.byte	0x4
 294 006a 07       		.byte	0x7
 295 006b 2D000000 		.4byte	.LASF8
 296 006f 02       		.uleb128 0x2
 297 0070 01       		.byte	0x1
 298 0071 08       		.byte	0x8
 299 0072 FF000000 		.4byte	.LASF9
 300 0076 04       		.uleb128 0x4
 301 0077 96000000 		.4byte	.LASF10
 302 007b 02       		.byte	0x2
 303 007c 60       		.byte	0x60
 304 007d 30000000 		.4byte	0x30
 305 0081 05       		.uleb128 0x5
 306 0082 04       		.byte	0x4
 307 0083 07       		.byte	0x7
 308 0084 06       		.uleb128 0x6
 309 0085 2E010000 		.4byte	.LASF11
 310 0089 01       		.byte	0x1
 311 008a 03       		.byte	0x3
 312 008b 2A       		.byte	0x2a
 313 008c 9F000000 		.4byte	0x9f
 314 0090 07       		.uleb128 0x7
 315 0091 21000000 		.4byte	.LASF19
 316 0095 03       		.byte	0x3
 317 0096 2B       		.byte	0x2b
 318 0097 76000000 		.4byte	0x76
 319 009b 02       		.byte	0x2
 320 009c 23       		.byte	0x23
 321 009d 00       		.uleb128 0x0
 322 009e 00       		.byte	0x0
ARM GAS  C:\Users\csap2972\AppData\Local\Temp\ccz2Y73r.s 			page 9


 323 009f 04       		.uleb128 0x4
 324 00a0 2E010000 		.4byte	.LASF11
 325 00a4 03       		.byte	0x3
 326 00a5 2D       		.byte	0x2d
 327 00a6 84000000 		.4byte	0x84
 328 00aa 08       		.uleb128 0x8
 329 00ab 01       		.byte	0x1
 330 00ac AE000000 		.4byte	.LASF12
 331 00b0 01       		.byte	0x1
 332 00b1 26       		.byte	0x26
 333 00b2 01       		.byte	0x1
 334 00b3 00000000 		.4byte	.LFB0
 335 00b7 0A000000 		.4byte	.LFE0
 336 00bb 00000000 		.4byte	.LLST0
 337 00bf 08       		.uleb128 0x8
 338 00c0 01       		.byte	0x1
 339 00c1 0D010000 		.4byte	.LASF13
 340 00c5 01       		.byte	0x1
 341 00c6 3A       		.byte	0x3a
 342 00c7 01       		.byte	0x1
 343 00c8 00000000 		.4byte	.LFB1
 344 00cc 0A000000 		.4byte	.LFE1
 345 00d0 2B000000 		.4byte	.LLST1
 346 00d4 08       		.uleb128 0x8
 347 00d5 01       		.byte	0x1
 348 00d6 3A000000 		.4byte	.LASF14
 349 00da 01       		.byte	0x1
 350 00db 52       		.byte	0x52
 351 00dc 01       		.byte	0x1
 352 00dd 00000000 		.4byte	.LFB2
 353 00e1 40000000 		.4byte	.LFE2
 354 00e5 56000000 		.4byte	.LLST2
 355 00e9 08       		.uleb128 0x8
 356 00ea 01       		.byte	0x1
 357 00eb 42010000 		.4byte	.LASF15
 358 00ef 01       		.byte	0x1
 359 00f0 77       		.byte	0x77
 360 00f1 01       		.byte	0x1
 361 00f2 00000000 		.4byte	.LFB3
 362 00f6 1C000000 		.4byte	.LFE3
 363 00fa 81000000 		.4byte	.LLST3
 364 00fe 09       		.uleb128 0x9
 365 00ff D7000000 		.4byte	.LASF20
 366 0103 01       		.byte	0x1
 367 0104 15       		.byte	0x15
 368 0105 9F000000 		.4byte	0x9f
 369 0109 05       		.byte	0x5
 370 010a 03       		.byte	0x3
 371 010b 00000000 		.4byte	Comp_3_backup
 372 010f 00       		.byte	0x0
 373              		.section	.debug_abbrev
 374 0000 01       		.uleb128 0x1
 375 0001 11       		.uleb128 0x11
 376 0002 01       		.byte	0x1
 377 0003 25       		.uleb128 0x25
 378 0004 0E       		.uleb128 0xe
 379 0005 13       		.uleb128 0x13
ARM GAS  C:\Users\csap2972\AppData\Local\Temp\ccz2Y73r.s 			page 10


 380 0006 0B       		.uleb128 0xb
 381 0007 03       		.uleb128 0x3
 382 0008 0E       		.uleb128 0xe
 383 0009 1B       		.uleb128 0x1b
 384 000a 0E       		.uleb128 0xe
 385 000b 11       		.uleb128 0x11
 386 000c 01       		.uleb128 0x1
 387 000d 52       		.uleb128 0x52
 388 000e 01       		.uleb128 0x1
 389 000f 55       		.uleb128 0x55
 390 0010 06       		.uleb128 0x6
 391 0011 10       		.uleb128 0x10
 392 0012 06       		.uleb128 0x6
 393 0013 00       		.byte	0x0
 394 0014 00       		.byte	0x0
 395 0015 02       		.uleb128 0x2
 396 0016 24       		.uleb128 0x24
 397 0017 00       		.byte	0x0
 398 0018 0B       		.uleb128 0xb
 399 0019 0B       		.uleb128 0xb
 400 001a 3E       		.uleb128 0x3e
 401 001b 0B       		.uleb128 0xb
 402 001c 03       		.uleb128 0x3
 403 001d 0E       		.uleb128 0xe
 404 001e 00       		.byte	0x0
 405 001f 00       		.byte	0x0
 406 0020 03       		.uleb128 0x3
 407 0021 24       		.uleb128 0x24
 408 0022 00       		.byte	0x0
 409 0023 0B       		.uleb128 0xb
 410 0024 0B       		.uleb128 0xb
 411 0025 3E       		.uleb128 0x3e
 412 0026 0B       		.uleb128 0xb
 413 0027 03       		.uleb128 0x3
 414 0028 08       		.uleb128 0x8
 415 0029 00       		.byte	0x0
 416 002a 00       		.byte	0x0
 417 002b 04       		.uleb128 0x4
 418 002c 16       		.uleb128 0x16
 419 002d 00       		.byte	0x0
 420 002e 03       		.uleb128 0x3
 421 002f 0E       		.uleb128 0xe
 422 0030 3A       		.uleb128 0x3a
 423 0031 0B       		.uleb128 0xb
 424 0032 3B       		.uleb128 0x3b
 425 0033 0B       		.uleb128 0xb
 426 0034 49       		.uleb128 0x49
 427 0035 13       		.uleb128 0x13
 428 0036 00       		.byte	0x0
 429 0037 00       		.byte	0x0
 430 0038 05       		.uleb128 0x5
 431 0039 24       		.uleb128 0x24
 432 003a 00       		.byte	0x0
 433 003b 0B       		.uleb128 0xb
 434 003c 0B       		.uleb128 0xb
 435 003d 3E       		.uleb128 0x3e
 436 003e 0B       		.uleb128 0xb
ARM GAS  C:\Users\csap2972\AppData\Local\Temp\ccz2Y73r.s 			page 11


 437 003f 00       		.byte	0x0
 438 0040 00       		.byte	0x0
 439 0041 06       		.uleb128 0x6
 440 0042 13       		.uleb128 0x13
 441 0043 01       		.byte	0x1
 442 0044 03       		.uleb128 0x3
 443 0045 0E       		.uleb128 0xe
 444 0046 0B       		.uleb128 0xb
 445 0047 0B       		.uleb128 0xb
 446 0048 3A       		.uleb128 0x3a
 447 0049 0B       		.uleb128 0xb
 448 004a 3B       		.uleb128 0x3b
 449 004b 0B       		.uleb128 0xb
 450 004c 01       		.uleb128 0x1
 451 004d 13       		.uleb128 0x13
 452 004e 00       		.byte	0x0
 453 004f 00       		.byte	0x0
 454 0050 07       		.uleb128 0x7
 455 0051 0D       		.uleb128 0xd
 456 0052 00       		.byte	0x0
 457 0053 03       		.uleb128 0x3
 458 0054 0E       		.uleb128 0xe
 459 0055 3A       		.uleb128 0x3a
 460 0056 0B       		.uleb128 0xb
 461 0057 3B       		.uleb128 0x3b
 462 0058 0B       		.uleb128 0xb
 463 0059 49       		.uleb128 0x49
 464 005a 13       		.uleb128 0x13
 465 005b 38       		.uleb128 0x38
 466 005c 0A       		.uleb128 0xa
 467 005d 00       		.byte	0x0
 468 005e 00       		.byte	0x0
 469 005f 08       		.uleb128 0x8
 470 0060 2E       		.uleb128 0x2e
 471 0061 00       		.byte	0x0
 472 0062 3F       		.uleb128 0x3f
 473 0063 0C       		.uleb128 0xc
 474 0064 03       		.uleb128 0x3
 475 0065 0E       		.uleb128 0xe
 476 0066 3A       		.uleb128 0x3a
 477 0067 0B       		.uleb128 0xb
 478 0068 3B       		.uleb128 0x3b
 479 0069 0B       		.uleb128 0xb
 480 006a 27       		.uleb128 0x27
 481 006b 0C       		.uleb128 0xc
 482 006c 11       		.uleb128 0x11
 483 006d 01       		.uleb128 0x1
 484 006e 12       		.uleb128 0x12
 485 006f 01       		.uleb128 0x1
 486 0070 40       		.uleb128 0x40
 487 0071 06       		.uleb128 0x6
 488 0072 00       		.byte	0x0
 489 0073 00       		.byte	0x0
 490 0074 09       		.uleb128 0x9
 491 0075 34       		.uleb128 0x34
 492 0076 00       		.byte	0x0
 493 0077 03       		.uleb128 0x3
ARM GAS  C:\Users\csap2972\AppData\Local\Temp\ccz2Y73r.s 			page 12


 494 0078 0E       		.uleb128 0xe
 495 0079 3A       		.uleb128 0x3a
 496 007a 0B       		.uleb128 0xb
 497 007b 3B       		.uleb128 0x3b
 498 007c 0B       		.uleb128 0xb
 499 007d 49       		.uleb128 0x49
 500 007e 13       		.uleb128 0x13
 501 007f 02       		.uleb128 0x2
 502 0080 0A       		.uleb128 0xa
 503 0081 00       		.byte	0x0
 504 0082 00       		.byte	0x0
 505 0083 00       		.byte	0x0
 506              		.section	.debug_pubnames,"",%progbits
 507 0000 60000000 		.4byte	0x60
 508 0004 0200     		.2byte	0x2
 509 0006 00000000 		.4byte	.Ldebug_info0
 510 000a 10010000 		.4byte	0x110
 511 000e AA000000 		.4byte	0xaa
 512 0012 436F6D70 		.ascii	"Comp_3_SaveConfig\000"
 512      5F335F53 
 512      61766543 
 512      6F6E6669 
 512      6700
 513 0024 BF000000 		.4byte	0xbf
 514 0028 436F6D70 		.ascii	"Comp_3_RestoreConfig\000"
 514      5F335F52 
 514      6573746F 
 514      7265436F 
 514      6E666967 
 515 003d D4000000 		.4byte	0xd4
 516 0041 436F6D70 		.ascii	"Comp_3_Sleep\000"
 516      5F335F53 
 516      6C656570 
 516      00
 517 004e E9000000 		.4byte	0xe9
 518 0052 436F6D70 		.ascii	"Comp_3_Wakeup\000"
 518      5F335F57 
 518      616B6575 
 518      7000
 519 0060 00000000 		.4byte	0x0
 520              		.section	.debug_aranges,"",%progbits
 521 0000 34000000 		.4byte	0x34
 522 0004 0200     		.2byte	0x2
 523 0006 00000000 		.4byte	.Ldebug_info0
 524 000a 04       		.byte	0x4
 525 000b 00       		.byte	0x0
 526 000c 0000     		.2byte	0x0
 527 000e 0000     		.2byte	0x0
 528 0010 00000000 		.4byte	.LFB0
 529 0014 0A000000 		.4byte	.LFE0-.LFB0
 530 0018 00000000 		.4byte	.LFB1
 531 001c 0A000000 		.4byte	.LFE1-.LFB1
 532 0020 00000000 		.4byte	.LFB2
 533 0024 40000000 		.4byte	.LFE2-.LFB2
 534 0028 00000000 		.4byte	.LFB3
 535 002c 1C000000 		.4byte	.LFE3-.LFB3
 536 0030 00000000 		.4byte	0x0
ARM GAS  C:\Users\csap2972\AppData\Local\Temp\ccz2Y73r.s 			page 13


 537 0034 00000000 		.4byte	0x0
 538              		.section	.debug_ranges,"",%progbits
 539              	.Ldebug_ranges0:
 540 0000 00000000 		.4byte	.Ltext0
 541 0004 00000000 		.4byte	.Letext0
 542 0008 00000000 		.4byte	.LFB0
 543 000c 0A000000 		.4byte	.LFE0
 544 0010 00000000 		.4byte	.LFB1
 545 0014 0A000000 		.4byte	.LFE1
 546 0018 00000000 		.4byte	.LFB2
 547 001c 40000000 		.4byte	.LFE2
 548 0020 00000000 		.4byte	.LFB3
 549 0024 1C000000 		.4byte	.LFE3
 550 0028 00000000 		.4byte	0x0
 551 002c 00000000 		.4byte	0x0
 552              		.section	.debug_str,"MS",%progbits,1
 553              	.LASF6:
 554 0000 6C6F6E67 		.ascii	"long long int\000"
 554      206C6F6E 
 554      6720696E 
 554      7400
 555              	.LASF3:
 556 000e 73686F72 		.ascii	"short unsigned int\000"
 556      7420756E 
 556      7369676E 
 556      65642069 
 556      6E7400
 557              	.LASF19:
 558 0021 656E6162 		.ascii	"enableState\000"
 558      6C655374 
 558      61746500 
 559              	.LASF8:
 560 002d 756E7369 		.ascii	"unsigned int\000"
 560      676E6564 
 560      20696E74 
 560      00
 561              	.LASF14:
 562 003a 436F6D70 		.ascii	"Comp_3_Sleep\000"
 562      5F335F53 
 562      6C656570 
 562      00
 563              	.LASF18:
 564 0047 4A3A5C63 		.ascii	"J:\\c704\\C704224\\Cypress\\CY8C5868\\Laser_Schutzs"
 564      3730345C 
 564      43373034 
 564      3232345C 
 564      43797072 
 565 0075 6368616C 		.ascii	"chaltung\\Design01\\Design02.cydsn\000"
 565      74756E67 
 565      5C446573 
 565      69676E30 
 565      315C4465 
 566              	.LASF10:
 567 0096 75696E74 		.ascii	"uint8\000"
 567      3800
 568              	.LASF5:
 569 009c 6C6F6E67 		.ascii	"long unsigned int\000"
ARM GAS  C:\Users\csap2972\AppData\Local\Temp\ccz2Y73r.s 			page 14


 569      20756E73 
 569      69676E65 
 569      6420696E 
 569      7400
 570              	.LASF12:
 571 00ae 436F6D70 		.ascii	"Comp_3_SaveConfig\000"
 571      5F335F53 
 571      61766543 
 571      6F6E6669 
 571      6700
 572              	.LASF7:
 573 00c0 6C6F6E67 		.ascii	"long long unsigned int\000"
 573      206C6F6E 
 573      6720756E 
 573      7369676E 
 573      65642069 
 574              	.LASF20:
 575 00d7 436F6D70 		.ascii	"Comp_3_backup\000"
 575      5F335F62 
 575      61636B75 
 575      7000
 576              	.LASF16:
 577 00e5 474E5520 		.ascii	"GNU C 4.4.1\000"
 577      4320342E 
 577      342E3100 
 578              	.LASF1:
 579 00f1 756E7369 		.ascii	"unsigned char\000"
 579      676E6564 
 579      20636861 
 579      7200
 580              	.LASF9:
 581 00ff 63686172 		.ascii	"char\000"
 581      00
 582              	.LASF4:
 583 0104 6C6F6E67 		.ascii	"long int\000"
 583      20696E74 
 583      00
 584              	.LASF13:
 585 010d 436F6D70 		.ascii	"Comp_3_RestoreConfig\000"
 585      5F335F52 
 585      6573746F 
 585      7265436F 
 585      6E666967 
 586              	.LASF0:
 587 0122 7369676E 		.ascii	"signed char\000"
 587      65642063 
 587      68617200 
 588              	.LASF11:
 589 012e 436F6D70 		.ascii	"Comp_3_backupStruct\000"
 589      5F335F62 
 589      61636B75 
 589      70537472 
 589      75637400 
 590              	.LASF15:
 591 0142 436F6D70 		.ascii	"Comp_3_Wakeup\000"
 591      5F335F57 
 591      616B6575 
ARM GAS  C:\Users\csap2972\AppData\Local\Temp\ccz2Y73r.s 			page 15


 591      7000
 592              	.LASF17:
 593 0150 2E5C4765 		.ascii	".\\Generated_Source\\PSoC5\\Comp_3_PM.c\000"
 593      6E657261 
 593      7465645F 
 593      536F7572 
 593      63655C50 
 594              	.LASF2:
 595 0175 73686F72 		.ascii	"short int\000"
 595      7420696E 
 595      7400
 596              		.ident	"GCC: (Sourcery G++ Lite 2010q1-188) 4.4.1"
