ARM GAS  C:\Users\csap2972\AppData\Local\Temp\ccus5M7F.s 			page 1


   1              		.syntax unified
   2              		.cpu cortex-m3
   3              		.fpu softvfp
   4              		.eabi_attribute 20, 1
   5              		.eabi_attribute 21, 1
   6              		.eabi_attribute 23, 3
   7              		.eabi_attribute 24, 1
   8              		.eabi_attribute 25, 1
   9              		.eabi_attribute 26, 1
  10              		.eabi_attribute 30, 6
  11              		.eabi_attribute 18, 4
  12              		.thumb
  13              		.file	"Filter_PM.c"
  14              		.section	.debug_abbrev,"",%progbits
  15              	.Ldebug_abbrev0:
  16              		.section	.debug_info,"",%progbits
  17              	.Ldebug_info0:
  18              		.section	.debug_line,"",%progbits
  19              	.Ldebug_line0:
  20 0000 04010000 		.text
  20      02009700 
  20      00000201 
  20      FB0E0D00 
  20      01010101 
  21              	.Ltext0:
  22              		.cfi_sections	.debug_frame
  23              		.data
  24              		.align	2
  25              		.type	Filter_backup, %object
  26              		.size	Filter_backup, 4
  27              	Filter_backup:
  28 0000 00       		.byte	0
  29 0001 01       		.byte	1
  30 0002 0000     		.space	2
  31              		.section	.text.Filter_SaveConfig,"ax",%progbits
  32              		.align	2
  33              		.global	Filter_SaveConfig
  34              		.thumb
  35              		.thumb_func
  36              		.type	Filter_SaveConfig, %function
  37              	Filter_SaveConfig:
  38              	.LFB0:
  39              		.file 1 ".\\Generated_Source\\PSoC5\\Filter_PM.c"
   1:.\Generated_Source\PSoC5/Filter_PM.c **** /*******************************************************************************
   2:.\Generated_Source\PSoC5/Filter_PM.c **** * File Name: Filter_PM.c
   3:.\Generated_Source\PSoC5/Filter_PM.c **** * Version 2.10
   4:.\Generated_Source\PSoC5/Filter_PM.c **** *
   5:.\Generated_Source\PSoC5/Filter_PM.c **** * Description:
   6:.\Generated_Source\PSoC5/Filter_PM.c **** *  This file provides the power managaer API source code for the FILT component.
   7:.\Generated_Source\PSoC5/Filter_PM.c **** *
   8:.\Generated_Source\PSoC5/Filter_PM.c **** * Note:
   9:.\Generated_Source\PSoC5/Filter_PM.c **** *  
  10:.\Generated_Source\PSoC5/Filter_PM.c **** *******************************************************************************
  11:.\Generated_Source\PSoC5/Filter_PM.c **** * Copyright 2008-2012, Cypress Semiconductor Corporation.  All rights reserved.
  12:.\Generated_Source\PSoC5/Filter_PM.c **** * You may use this file only in accordance with the license, terms, conditions, 
  13:.\Generated_Source\PSoC5/Filter_PM.c **** * disclaimers, and limitations in the end user license agreement accompanying 
  14:.\Generated_Source\PSoC5/Filter_PM.c **** * the software package with which this file was provided.
ARM GAS  C:\Users\csap2972\AppData\Local\Temp\ccus5M7F.s 			page 2


  15:.\Generated_Source\PSoC5/Filter_PM.c **** ********************************************************************************/
  16:.\Generated_Source\PSoC5/Filter_PM.c **** 
  17:.\Generated_Source\PSoC5/Filter_PM.c **** #include "Filter_PVT.h"
  18:.\Generated_Source\PSoC5/Filter_PM.c **** 
  19:.\Generated_Source\PSoC5/Filter_PM.c **** static Filter_BACKUP_STRUCT  Filter_backup = 
  20:.\Generated_Source\PSoC5/Filter_PM.c **** {
  21:.\Generated_Source\PSoC5/Filter_PM.c ****     Filter_DISABLED,
  22:.\Generated_Source\PSoC5/Filter_PM.c ****     Filter_RUN_MASK,
  23:.\Generated_Source\PSoC5/Filter_PM.c ****     
  24:.\Generated_Source\PSoC5/Filter_PM.c **** };
  25:.\Generated_Source\PSoC5/Filter_PM.c **** 
  26:.\Generated_Source\PSoC5/Filter_PM.c **** 
  27:.\Generated_Source\PSoC5/Filter_PM.c **** /*******************************************************************************
  28:.\Generated_Source\PSoC5/Filter_PM.c **** * Function Name: Filter_SaveConfig
  29:.\Generated_Source\PSoC5/Filter_PM.c **** ********************************************************************************
  30:.\Generated_Source\PSoC5/Filter_PM.c **** *
  31:.\Generated_Source\PSoC5/Filter_PM.c **** * Summary:
  32:.\Generated_Source\PSoC5/Filter_PM.c **** *  Saves the current user configuration.
  33:.\Generated_Source\PSoC5/Filter_PM.c **** *  
  34:.\Generated_Source\PSoC5/Filter_PM.c **** * Parameters:  
  35:.\Generated_Source\PSoC5/Filter_PM.c **** *  void
  36:.\Generated_Source\PSoC5/Filter_PM.c **** *
  37:.\Generated_Source\PSoC5/Filter_PM.c **** * Return: 
  38:.\Generated_Source\PSoC5/Filter_PM.c **** *  void
  39:.\Generated_Source\PSoC5/Filter_PM.c **** *
  40:.\Generated_Source\PSoC5/Filter_PM.c **** * Global variables:
  41:.\Generated_Source\PSoC5/Filter_PM.c **** *  Filter_backup:  This global structure variable is used to store 
  42:.\Generated_Source\PSoC5/Filter_PM.c **** *  configuration registers which are non retention whenever user wants to go 
  43:.\Generated_Source\PSoC5/Filter_PM.c **** *  sleep mode by calling Sleep() API.
  44:.\Generated_Source\PSoC5/Filter_PM.c **** *
  45:.\Generated_Source\PSoC5/Filter_PM.c **** *******************************************************************************/
  46:.\Generated_Source\PSoC5/Filter_PM.c **** void Filter_SaveConfig(void) 
  47:.\Generated_Source\PSoC5/Filter_PM.c **** {
  40              		.loc 1 47 0
  41              		.cfi_startproc
  42              		@ args = 0, pretend = 0, frame = 0
  43              		@ frame_needed = 1, uses_anonymous_args = 0
  44              		@ link register save eliminated.
  45 0000 80B4     		push	{r7}
  46              	.LCFI0:
  47              		.cfi_def_cfa_offset 4
  48 0002 00AF     		add	r7, sp, #0
  49              		.cfi_offset 7, -4
  50              	.LCFI1:
  51              		.cfi_def_cfa_register 7
  48:.\Generated_Source\PSoC5/Filter_PM.c ****     Filter_backup.cr = Filter_CR_REG;
  52              		.loc 1 48 0
  53 0004 4CF28073 		movw	r3, #:lower16:1073792896
  54 0008 C4F20003 		movt	r3, #:upper16:1073792896
  55 000c 1B78     		ldrb	r3, [r3, #0]
  56 000e DAB2     		uxtb	r2, r3
  57 0010 40F20003 		movw	r3, #:lower16:Filter_backup
  58 0014 C0F20003 		movt	r3, #:upper16:Filter_backup
  59 0018 5A70     		strb	r2, [r3, #1]
  49:.\Generated_Source\PSoC5/Filter_PM.c ****     Filter_backup.sr = Filter_SR_REG;
  60              		.loc 1 49 0
  61 001a 4CF28473 		movw	r3, #:lower16:1073792900
ARM GAS  C:\Users\csap2972\AppData\Local\Temp\ccus5M7F.s 			page 3


  62 001e C4F20003 		movt	r3, #:upper16:1073792900
  63 0022 1B78     		ldrb	r3, [r3, #0]
  64 0024 DAB2     		uxtb	r2, r3
  65 0026 40F20003 		movw	r3, #:lower16:Filter_backup
  66 002a C0F20003 		movt	r3, #:upper16:Filter_backup
  67 002e 9A70     		strb	r2, [r3, #2]
  50:.\Generated_Source\PSoC5/Filter_PM.c ****     Filter_backup.sema = Filter_SEMA_REG;
  68              		.loc 1 50 0
  69 0030 4CF29073 		movw	r3, #:lower16:1073792912
  70 0034 C4F20003 		movt	r3, #:upper16:1073792912
  71 0038 1B78     		ldrb	r3, [r3, #0]
  72 003a DAB2     		uxtb	r2, r3
  73 003c 40F20003 		movw	r3, #:lower16:Filter_backup
  74 0040 C0F20003 		movt	r3, #:upper16:Filter_backup
  75 0044 DA70     		strb	r2, [r3, #3]
  51:.\Generated_Source\PSoC5/Filter_PM.c **** }
  76              		.loc 1 51 0
  77 0046 BD46     		mov	sp, r7
  78 0048 80BC     		pop	{r7}
  79 004a 7047     		bx	lr
  80              		.cfi_endproc
  81              	.LFE0:
  82              		.size	Filter_SaveConfig, .-Filter_SaveConfig
  83              		.section	.text.Filter_RestoreConfig,"ax",%progbits
  84              		.align	2
  85              		.global	Filter_RestoreConfig
  86              		.thumb
  87              		.thumb_func
  88              		.type	Filter_RestoreConfig, %function
  89              	Filter_RestoreConfig:
  90              	.LFB1:
  52:.\Generated_Source\PSoC5/Filter_PM.c **** 
  53:.\Generated_Source\PSoC5/Filter_PM.c **** 
  54:.\Generated_Source\PSoC5/Filter_PM.c **** /*******************************************************************************
  55:.\Generated_Source\PSoC5/Filter_PM.c **** * Function Name: Filter_RestoreConfig
  56:.\Generated_Source\PSoC5/Filter_PM.c **** ********************************************************************************
  57:.\Generated_Source\PSoC5/Filter_PM.c **** *
  58:.\Generated_Source\PSoC5/Filter_PM.c **** * Summary:
  59:.\Generated_Source\PSoC5/Filter_PM.c **** *  Restores the current user configuration.
  60:.\Generated_Source\PSoC5/Filter_PM.c **** *
  61:.\Generated_Source\PSoC5/Filter_PM.c **** * Parameters:  
  62:.\Generated_Source\PSoC5/Filter_PM.c **** *  void
  63:.\Generated_Source\PSoC5/Filter_PM.c **** *
  64:.\Generated_Source\PSoC5/Filter_PM.c **** * Return: 
  65:.\Generated_Source\PSoC5/Filter_PM.c **** *  void
  66:.\Generated_Source\PSoC5/Filter_PM.c **** *
  67:.\Generated_Source\PSoC5/Filter_PM.c **** * Global variables:
  68:.\Generated_Source\PSoC5/Filter_PM.c **** *  Filter_backup:  This global structure variable is used to restore 
  69:.\Generated_Source\PSoC5/Filter_PM.c **** *  configuration registers which are non retention whenever user wants to switch 
  70:.\Generated_Source\PSoC5/Filter_PM.c **** *  to active power mode by calling Wakeup() API.
  71:.\Generated_Source\PSoC5/Filter_PM.c **** *
  72:.\Generated_Source\PSoC5/Filter_PM.c **** *******************************************************************************/
  73:.\Generated_Source\PSoC5/Filter_PM.c **** void Filter_RestoreConfig(void) 
  74:.\Generated_Source\PSoC5/Filter_PM.c **** {
  91              		.loc 1 74 0
  92              		.cfi_startproc
  93              		@ args = 0, pretend = 0, frame = 0
ARM GAS  C:\Users\csap2972\AppData\Local\Temp\ccus5M7F.s 			page 4


  94              		@ frame_needed = 1, uses_anonymous_args = 0
  95 0000 80B5     		push	{r7, lr}
  96              	.LCFI2:
  97              		.cfi_def_cfa_offset 8
  98 0002 00AF     		add	r7, sp, #0
  99              		.cfi_offset 14, -4
 100              		.cfi_offset 7, -8
 101              	.LCFI3:
 102              		.cfi_def_cfa_register 7
  75:.\Generated_Source\PSoC5/Filter_PM.c ****     Filter_CR_REG = Filter_backup.cr;
 103              		.loc 1 75 0
 104 0004 4CF28073 		movw	r3, #:lower16:1073792896
 105 0008 C4F20003 		movt	r3, #:upper16:1073792896
 106 000c 40F20002 		movw	r2, #:lower16:Filter_backup
 107 0010 C0F20002 		movt	r2, #:upper16:Filter_backup
 108 0014 5278     		ldrb	r2, [r2, #1]	@ zero_extendqisi2
 109 0016 1A70     		strb	r2, [r3, #0]
  76:.\Generated_Source\PSoC5/Filter_PM.c ****     Filter_SR_REG = Filter_backup.sr;
 110              		.loc 1 76 0
 111 0018 4CF28473 		movw	r3, #:lower16:1073792900
 112 001c C4F20003 		movt	r3, #:upper16:1073792900
 113 0020 40F20002 		movw	r2, #:lower16:Filter_backup
 114 0024 C0F20002 		movt	r2, #:upper16:Filter_backup
 115 0028 9278     		ldrb	r2, [r2, #2]	@ zero_extendqisi2
 116 002a 1A70     		strb	r2, [r3, #0]
  77:.\Generated_Source\PSoC5/Filter_PM.c ****     Filter_SEMA_REG = Filter_backup.sema;
 117              		.loc 1 77 0
 118 002c 4CF29073 		movw	r3, #:lower16:1073792912
 119 0030 C4F20003 		movt	r3, #:upper16:1073792912
 120 0034 40F20002 		movw	r2, #:lower16:Filter_backup
 121 0038 C0F20002 		movt	r2, #:upper16:Filter_backup
 122 003c D278     		ldrb	r2, [r2, #3]	@ zero_extendqisi2
 123 003e 1A70     		strb	r2, [r3, #0]
  78:.\Generated_Source\PSoC5/Filter_PM.c ****     // Restore ACU RAM as this is not retension
  79:.\Generated_Source\PSoC5/Filter_PM.c ****     Filter_RestoreACURam();
 124              		.loc 1 79 0
 125 0040 FFF7FEFF 		bl	Filter_RestoreACURam
  80:.\Generated_Source\PSoC5/Filter_PM.c **** }
 126              		.loc 1 80 0
 127 0044 80BD     		pop	{r7, pc}
 128              		.cfi_endproc
 129              	.LFE1:
 130              		.size	Filter_RestoreConfig, .-Filter_RestoreConfig
 131 0046 00BF     		.section	.text.Filter_RestoreACURam,"ax",%progbits
 132              		.align	2
 133              		.global	Filter_RestoreACURam
 134              		.thumb
 135              		.thumb_func
 136              		.type	Filter_RestoreACURam, %function
 137              	Filter_RestoreACURam:
 138              	.LFB2:
  81:.\Generated_Source\PSoC5/Filter_PM.c **** 
  82:.\Generated_Source\PSoC5/Filter_PM.c **** 
  83:.\Generated_Source\PSoC5/Filter_PM.c **** /*******************************************************************************
  84:.\Generated_Source\PSoC5/Filter_PM.c **** * Function Name: Filter_RestoreACURAM
  85:.\Generated_Source\PSoC5/Filter_PM.c **** ********************************************************************************
  86:.\Generated_Source\PSoC5/Filter_PM.c **** *
ARM GAS  C:\Users\csap2972\AppData\Local\Temp\ccus5M7F.s 			page 5


  87:.\Generated_Source\PSoC5/Filter_PM.c **** * Summary:
  88:.\Generated_Source\PSoC5/Filter_PM.c **** *  Restores the contents of ACU ram.
  89:.\Generated_Source\PSoC5/Filter_PM.c **** *
  90:.\Generated_Source\PSoC5/Filter_PM.c **** * Parameters:  
  91:.\Generated_Source\PSoC5/Filter_PM.c **** *  void
  92:.\Generated_Source\PSoC5/Filter_PM.c **** *
  93:.\Generated_Source\PSoC5/Filter_PM.c **** * Return: 
  94:.\Generated_Source\PSoC5/Filter_PM.c **** *  void
  95:.\Generated_Source\PSoC5/Filter_PM.c **** *
  96:.\Generated_Source\PSoC5/Filter_PM.c **** * Global variables:
  97:.\Generated_Source\PSoC5/Filter_PM.c **** *  None.
  98:.\Generated_Source\PSoC5/Filter_PM.c **** *
  99:.\Generated_Source\PSoC5/Filter_PM.c **** *******************************************************************************/
 100:.\Generated_Source\PSoC5/Filter_PM.c **** void Filter_RestoreACURam() 
 101:.\Generated_Source\PSoC5/Filter_PM.c **** {
 139              		.loc 1 101 0
 140              		.cfi_startproc
 141              		@ args = 0, pretend = 0, frame = 0
 142              		@ frame_needed = 1, uses_anonymous_args = 0
 143 0000 80B5     		push	{r7, lr}
 144              	.LCFI4:
 145              		.cfi_def_cfa_offset 8
 146 0002 00AF     		add	r7, sp, #0
 147              		.cfi_offset 14, -4
 148              		.cfi_offset 7, -8
 149              	.LCFI5:
 150              		.cfi_def_cfa_register 7
 102:.\Generated_Source\PSoC5/Filter_PM.c ****     /* Power on DFB before initializing the RAMs */
 103:.\Generated_Source\PSoC5/Filter_PM.c ****     Filter_PM_ACT_CFG_REG |= Filter_PM_ACT_MSK;
 151              		.loc 1 103 0
 152 0004 44F2A633 		movw	r3, #:lower16:1073759142
 153 0008 C4F20003 		movt	r3, #:upper16:1073759142
 154 000c 44F2A632 		movw	r2, #:lower16:1073759142
 155 0010 C4F20002 		movt	r2, #:upper16:1073759142
 156 0014 1278     		ldrb	r2, [r2, #0]
 157 0016 D2B2     		uxtb	r2, r2
 158 0018 42F01002 		orr	r2, r2, #16
 159 001c D2B2     		uxtb	r2, r2
 160 001e 1A70     		strb	r2, [r3, #0]
 104:.\Generated_Source\PSoC5/Filter_PM.c **** 
 105:.\Generated_Source\PSoC5/Filter_PM.c ****     /* Put DFB RAM on the bus */
 106:.\Generated_Source\PSoC5/Filter_PM.c ****     Filter_RAM_DIR_REG = Filter_RAM_DIR_BUS;
 161              		.loc 1 106 0
 162 0020 4CF28C73 		movw	r3, #:lower16:1073792908
 163 0024 C4F20003 		movt	r3, #:upper16:1073792908
 164 0028 4FF03F02 		mov	r2, #63
 165 002c 1A70     		strb	r2, [r3, #0]
 107:.\Generated_Source\PSoC5/Filter_PM.c **** 
 108:.\Generated_Source\PSoC5/Filter_PM.c ****     /* ACU RAM */
 109:.\Generated_Source\PSoC5/Filter_PM.c ****     memcpy(Filter_ACU_RAM,
 166              		.loc 1 109 0
 167 002e 4CF20070 		movw	r0, #:lower16:1073792768
 168 0032 C4F20000 		movt	r0, #:upper16:1073792768
 169 0036 40F20001 		movw	r1, #:lower16:Filter_acu
 170 003a C0F20001 		movt	r1, #:upper16:Filter_acu
 171 003e 4FF04002 		mov	r2, #64
 172 0042 FFF7FEFF 		bl	memcpy
ARM GAS  C:\Users\csap2972\AppData\Local\Temp\ccus5M7F.s 			page 6


 110:.\Generated_Source\PSoC5/Filter_PM.c ****         Filter_acu, Filter_ACU_RAM_SIZE); 
 111:.\Generated_Source\PSoC5/Filter_PM.c **** 
 112:.\Generated_Source\PSoC5/Filter_PM.c ****     /* Take DFB RAM off the bus */
 113:.\Generated_Source\PSoC5/Filter_PM.c ****     Filter_RAM_DIR_REG = Filter_RAM_DIR_DFB;
 173              		.loc 1 113 0
 174 0046 4CF28C73 		movw	r3, #:lower16:1073792908
 175 004a C4F20003 		movt	r3, #:upper16:1073792908
 176 004e 4FF00002 		mov	r2, #0
 177 0052 1A70     		strb	r2, [r3, #0]
 114:.\Generated_Source\PSoC5/Filter_PM.c **** }
 178              		.loc 1 114 0
 179 0054 80BD     		pop	{r7, pc}
 180              		.cfi_endproc
 181              	.LFE2:
 182              		.size	Filter_RestoreACURam, .-Filter_RestoreACURam
 183 0056 00BF     		.section	.text.Filter_Sleep,"ax",%progbits
 184              		.align	2
 185              		.global	Filter_Sleep
 186              		.thumb
 187              		.thumb_func
 188              		.type	Filter_Sleep, %function
 189              	Filter_Sleep:
 190              	.LFB3:
 115:.\Generated_Source\PSoC5/Filter_PM.c **** 
 116:.\Generated_Source\PSoC5/Filter_PM.c **** 
 117:.\Generated_Source\PSoC5/Filter_PM.c **** /*******************************************************************************
 118:.\Generated_Source\PSoC5/Filter_PM.c **** * Function Name: Filter_Sleep
 119:.\Generated_Source\PSoC5/Filter_PM.c **** ********************************************************************************
 120:.\Generated_Source\PSoC5/Filter_PM.c **** *
 121:.\Generated_Source\PSoC5/Filter_PM.c **** * Summary:
 122:.\Generated_Source\PSoC5/Filter_PM.c **** *  Disables block's operation and saves its configuration. Should be called 
 123:.\Generated_Source\PSoC5/Filter_PM.c **** *  just prior to entering sleep.
 124:.\Generated_Source\PSoC5/Filter_PM.c **** *  
 125:.\Generated_Source\PSoC5/Filter_PM.c **** * Parameters:  
 126:.\Generated_Source\PSoC5/Filter_PM.c **** *  void
 127:.\Generated_Source\PSoC5/Filter_PM.c **** *
 128:.\Generated_Source\PSoC5/Filter_PM.c **** * Return: 
 129:.\Generated_Source\PSoC5/Filter_PM.c **** *  void
 130:.\Generated_Source\PSoC5/Filter_PM.c **** *
 131:.\Generated_Source\PSoC5/Filter_PM.c **** * Global variables:
 132:.\Generated_Source\PSoC5/Filter_PM.c **** *  Filter_backup:  The structure field 'enableState' is modified 
 133:.\Generated_Source\PSoC5/Filter_PM.c **** *  depending on the enable state of the block before entering to sleep mode.
 134:.\Generated_Source\PSoC5/Filter_PM.c **** *
 135:.\Generated_Source\PSoC5/Filter_PM.c **** *******************************************************************************/
 136:.\Generated_Source\PSoC5/Filter_PM.c **** void Filter_Sleep(void) 
 137:.\Generated_Source\PSoC5/Filter_PM.c **** {
 191              		.loc 1 137 0
 192              		.cfi_startproc
 193              		@ args = 0, pretend = 0, frame = 0
 194              		@ frame_needed = 1, uses_anonymous_args = 0
 195 0000 80B5     		push	{r7, lr}
 196              	.LCFI6:
 197              		.cfi_def_cfa_offset 8
 198 0002 00AF     		add	r7, sp, #0
 199              		.cfi_offset 14, -4
 200              		.cfi_offset 7, -8
 201              	.LCFI7:
ARM GAS  C:\Users\csap2972\AppData\Local\Temp\ccus5M7F.s 			page 7


 202              		.cfi_def_cfa_register 7
 138:.\Generated_Source\PSoC5/Filter_PM.c ****     /* Save Filter enable state */
 139:.\Generated_Source\PSoC5/Filter_PM.c ****     if(Filter_PM_ACT_MSK == (Filter_PM_ACT_CFG_REG & Filter_PM_ACT_MSK))
 203              		.loc 1 139 0
 204 0004 44F2A633 		movw	r3, #:lower16:1073759142
 205 0008 C4F20003 		movt	r3, #:upper16:1073759142
 206 000c 1B78     		ldrb	r3, [r3, #0]
 207 000e DBB2     		uxtb	r3, r3
 208 0010 03F01003 		and	r3, r3, #16
 209 0014 002B     		cmp	r3, #0
 210 0016 07D0     		beq	.L8
 140:.\Generated_Source\PSoC5/Filter_PM.c ****     {
 141:.\Generated_Source\PSoC5/Filter_PM.c ****         /* Component is enabled */
 142:.\Generated_Source\PSoC5/Filter_PM.c ****         Filter_backup.enableState = Filter_ENABLED;
 211              		.loc 1 142 0
 212 0018 40F20003 		movw	r3, #:lower16:Filter_backup
 213 001c C0F20003 		movt	r3, #:upper16:Filter_backup
 214 0020 4FF00102 		mov	r2, #1
 215 0024 1A70     		strb	r2, [r3, #0]
 216 0026 06E0     		b	.L9
 217              	.L8:
 143:.\Generated_Source\PSoC5/Filter_PM.c ****     }
 144:.\Generated_Source\PSoC5/Filter_PM.c ****     else
 145:.\Generated_Source\PSoC5/Filter_PM.c ****     {
 146:.\Generated_Source\PSoC5/Filter_PM.c ****         /* Component is disabled */
 147:.\Generated_Source\PSoC5/Filter_PM.c ****         Filter_backup.enableState = Filter_DISABLED;
 218              		.loc 1 147 0
 219 0028 40F20003 		movw	r3, #:lower16:Filter_backup
 220 002c C0F20003 		movt	r3, #:upper16:Filter_backup
 221 0030 4FF00002 		mov	r2, #0
 222 0034 1A70     		strb	r2, [r3, #0]
 223              	.L9:
 148:.\Generated_Source\PSoC5/Filter_PM.c ****     }
 149:.\Generated_Source\PSoC5/Filter_PM.c **** 
 150:.\Generated_Source\PSoC5/Filter_PM.c ****     /* Stop the configuration */
 151:.\Generated_Source\PSoC5/Filter_PM.c ****     Filter_Stop();
 224              		.loc 1 151 0
 225 0036 FFF7FEFF 		bl	Filter_Stop
 152:.\Generated_Source\PSoC5/Filter_PM.c **** 
 153:.\Generated_Source\PSoC5/Filter_PM.c ****     /* Save the configuration */
 154:.\Generated_Source\PSoC5/Filter_PM.c ****     Filter_SaveConfig();
 226              		.loc 1 154 0
 227 003a FFF7FEFF 		bl	Filter_SaveConfig
 155:.\Generated_Source\PSoC5/Filter_PM.c **** }
 228              		.loc 1 155 0
 229 003e 80BD     		pop	{r7, pc}
 230              		.cfi_endproc
 231              	.LFE3:
 232              		.size	Filter_Sleep, .-Filter_Sleep
 233              		.section	.text.Filter_Wakeup,"ax",%progbits
 234              		.align	2
 235              		.global	Filter_Wakeup
 236              		.thumb
 237              		.thumb_func
 238              		.type	Filter_Wakeup, %function
 239              	Filter_Wakeup:
 240              	.LFB4:
ARM GAS  C:\Users\csap2972\AppData\Local\Temp\ccus5M7F.s 			page 8


 156:.\Generated_Source\PSoC5/Filter_PM.c **** 
 157:.\Generated_Source\PSoC5/Filter_PM.c **** 
 158:.\Generated_Source\PSoC5/Filter_PM.c **** /*******************************************************************************
 159:.\Generated_Source\PSoC5/Filter_PM.c **** * Function Name: Filter_Wakeup
 160:.\Generated_Source\PSoC5/Filter_PM.c **** ********************************************************************************
 161:.\Generated_Source\PSoC5/Filter_PM.c **** *
 162:.\Generated_Source\PSoC5/Filter_PM.c **** * Summary:
 163:.\Generated_Source\PSoC5/Filter_PM.c **** *  Enables block's operation and restores its configuration. Should be called
 164:.\Generated_Source\PSoC5/Filter_PM.c **** *  just after awaking from sleep.
 165:.\Generated_Source\PSoC5/Filter_PM.c **** *  
 166:.\Generated_Source\PSoC5/Filter_PM.c **** * Parameters:  
 167:.\Generated_Source\PSoC5/Filter_PM.c **** *  void
 168:.\Generated_Source\PSoC5/Filter_PM.c **** *
 169:.\Generated_Source\PSoC5/Filter_PM.c **** * Return: 
 170:.\Generated_Source\PSoC5/Filter_PM.c **** *  void
 171:.\Generated_Source\PSoC5/Filter_PM.c **** *
 172:.\Generated_Source\PSoC5/Filter_PM.c **** * Global variables:
 173:.\Generated_Source\PSoC5/Filter_PM.c **** *  Filter_backup:  The structure field 'enableState' is used to 
 174:.\Generated_Source\PSoC5/Filter_PM.c **** *  restore the enable state of block after wakeup from sleep mode.
 175:.\Generated_Source\PSoC5/Filter_PM.c **** *
 176:.\Generated_Source\PSoC5/Filter_PM.c **** *******************************************************************************/
 177:.\Generated_Source\PSoC5/Filter_PM.c **** void Filter_Wakeup(void) 
 178:.\Generated_Source\PSoC5/Filter_PM.c **** {
 241              		.loc 1 178 0
 242              		.cfi_startproc
 243              		@ args = 0, pretend = 0, frame = 0
 244              		@ frame_needed = 1, uses_anonymous_args = 0
 245 0000 80B5     		push	{r7, lr}
 246              	.LCFI8:
 247              		.cfi_def_cfa_offset 8
 248 0002 00AF     		add	r7, sp, #0
 249              		.cfi_offset 14, -4
 250              		.cfi_offset 7, -8
 251              	.LCFI9:
 252              		.cfi_def_cfa_register 7
 179:.\Generated_Source\PSoC5/Filter_PM.c ****     /* Restore the configuration */
 180:.\Generated_Source\PSoC5/Filter_PM.c ****     Filter_RestoreConfig();
 253              		.loc 1 180 0
 254 0004 FFF7FEFF 		bl	Filter_RestoreConfig
 181:.\Generated_Source\PSoC5/Filter_PM.c ****     
 182:.\Generated_Source\PSoC5/Filter_PM.c ****     /* Enable's the component operation */
 183:.\Generated_Source\PSoC5/Filter_PM.c ****     if(Filter_backup.enableState == Filter_ENABLED)
 255              		.loc 1 183 0
 256 0008 40F20003 		movw	r3, #:lower16:Filter_backup
 257 000c C0F20003 		movt	r3, #:upper16:Filter_backup
 258 0010 1B78     		ldrb	r3, [r3, #0]	@ zero_extendqisi2
 259 0012 012B     		cmp	r3, #1
 260 0014 01D1     		bne	.L13
 184:.\Generated_Source\PSoC5/Filter_PM.c ****     {
 185:.\Generated_Source\PSoC5/Filter_PM.c ****         Filter_Enable();
 261              		.loc 1 185 0
 262 0016 FFF7FEFF 		bl	Filter_Enable
 263              	.L13:
 186:.\Generated_Source\PSoC5/Filter_PM.c ****     } /* Do nothing if component was disable before */
 187:.\Generated_Source\PSoC5/Filter_PM.c **** }
 264              		.loc 1 187 0
 265 001a 80BD     		pop	{r7, pc}
ARM GAS  C:\Users\csap2972\AppData\Local\Temp\ccus5M7F.s 			page 9


 266              		.cfi_endproc
 267              	.LFE4:
 268              		.size	Filter_Wakeup, .-Filter_Wakeup
 269              		.text
 270              	.Letext0:
 271              		.section	.debug_loc,"",%progbits
 272              	.Ldebug_loc0:
 273              	.LLST0:
 274 0000 00000000 		.4byte	.LFB0
 275 0004 02000000 		.4byte	.LCFI0
 276 0008 0100     		.2byte	0x1
 277 000a 5D       		.byte	0x5d
 278 000b 02000000 		.4byte	.LCFI0
 279 000f 04000000 		.4byte	.LCFI1
 280 0013 0200     		.2byte	0x2
 281 0015 7D       		.byte	0x7d
 282 0016 04       		.sleb128 4
 283 0017 04000000 		.4byte	.LCFI1
 284 001b 4C000000 		.4byte	.LFE0
 285 001f 0200     		.2byte	0x2
 286 0021 77       		.byte	0x77
 287 0022 04       		.sleb128 4
 288 0023 00000000 		.4byte	0x0
 289 0027 00000000 		.4byte	0x0
 290              	.LLST1:
 291 002b 00000000 		.4byte	.LFB1
 292 002f 02000000 		.4byte	.LCFI2
 293 0033 0100     		.2byte	0x1
 294 0035 5D       		.byte	0x5d
 295 0036 02000000 		.4byte	.LCFI2
 296 003a 04000000 		.4byte	.LCFI3
 297 003e 0200     		.2byte	0x2
 298 0040 7D       		.byte	0x7d
 299 0041 08       		.sleb128 8
 300 0042 04000000 		.4byte	.LCFI3
 301 0046 46000000 		.4byte	.LFE1
 302 004a 0200     		.2byte	0x2
 303 004c 77       		.byte	0x77
 304 004d 08       		.sleb128 8
 305 004e 00000000 		.4byte	0x0
 306 0052 00000000 		.4byte	0x0
 307              	.LLST2:
 308 0056 00000000 		.4byte	.LFB2
 309 005a 02000000 		.4byte	.LCFI4
 310 005e 0100     		.2byte	0x1
 311 0060 5D       		.byte	0x5d
 312 0061 02000000 		.4byte	.LCFI4
 313 0065 04000000 		.4byte	.LCFI5
 314 0069 0200     		.2byte	0x2
 315 006b 7D       		.byte	0x7d
 316 006c 08       		.sleb128 8
 317 006d 04000000 		.4byte	.LCFI5
 318 0071 56000000 		.4byte	.LFE2
 319 0075 0200     		.2byte	0x2
 320 0077 77       		.byte	0x77
 321 0078 08       		.sleb128 8
 322 0079 00000000 		.4byte	0x0
ARM GAS  C:\Users\csap2972\AppData\Local\Temp\ccus5M7F.s 			page 10


 323 007d 00000000 		.4byte	0x0
 324              	.LLST3:
 325 0081 00000000 		.4byte	.LFB3
 326 0085 02000000 		.4byte	.LCFI6
 327 0089 0100     		.2byte	0x1
 328 008b 5D       		.byte	0x5d
 329 008c 02000000 		.4byte	.LCFI6
 330 0090 04000000 		.4byte	.LCFI7
 331 0094 0200     		.2byte	0x2
 332 0096 7D       		.byte	0x7d
 333 0097 08       		.sleb128 8
 334 0098 04000000 		.4byte	.LCFI7
 335 009c 40000000 		.4byte	.LFE3
 336 00a0 0200     		.2byte	0x2
 337 00a2 77       		.byte	0x77
 338 00a3 08       		.sleb128 8
 339 00a4 00000000 		.4byte	0x0
 340 00a8 00000000 		.4byte	0x0
 341              	.LLST4:
 342 00ac 00000000 		.4byte	.LFB4
 343 00b0 02000000 		.4byte	.LCFI8
 344 00b4 0100     		.2byte	0x1
 345 00b6 5D       		.byte	0x5d
 346 00b7 02000000 		.4byte	.LCFI8
 347 00bb 04000000 		.4byte	.LCFI9
 348 00bf 0200     		.2byte	0x2
 349 00c1 7D       		.byte	0x7d
 350 00c2 08       		.sleb128 8
 351 00c3 04000000 		.4byte	.LCFI9
 352 00c7 1C000000 		.4byte	.LFE4
 353 00cb 0200     		.2byte	0x2
 354 00cd 77       		.byte	0x77
 355 00ce 08       		.sleb128 8
 356 00cf 00000000 		.4byte	0x0
 357 00d3 00000000 		.4byte	0x0
 358              		.file 2 ".\\Generated_Source\\PSoC5\\/Filter.H"
 359              		.file 3 "./Generated_Source/PSoC5/cytypes.h"
 360              		.file 4 ".\\Generated_Source\\PSoC5\\/Filter_PVT.h"
 361              		.section	.debug_info
 362 0000 66010000 		.4byte	0x166
 363 0004 0200     		.2byte	0x2
 364 0006 00000000 		.4byte	.Ldebug_abbrev0
 365 000a 04       		.byte	0x4
 366 000b 01       		.uleb128 0x1
 367 000c FB000000 		.4byte	.LASF19
 368 0010 01       		.byte	0x1
 369 0011 1A010000 		.4byte	.LASF20
 370 0015 3C000000 		.4byte	.LASF21
 371 0019 00000000 		.4byte	0x0
 372 001d 00000000 		.4byte	0x0
 373 0021 00000000 		.4byte	.Ldebug_ranges0+0x0
 374 0025 00000000 		.4byte	.Ldebug_line0
 375 0029 02       		.uleb128 0x2
 376 002a 01       		.byte	0x1
 377 002b 06       		.byte	0x6
 378 002c 68010000 		.4byte	.LASF0
 379 0030 02       		.uleb128 0x2
ARM GAS  C:\Users\csap2972\AppData\Local\Temp\ccus5M7F.s 			page 11


 380 0031 01       		.byte	0x1
 381 0032 08       		.byte	0x8
 382 0033 07010000 		.4byte	.LASF1
 383 0037 02       		.uleb128 0x2
 384 0038 02       		.byte	0x2
 385 0039 05       		.byte	0x5
 386 003a A2010000 		.4byte	.LASF2
 387 003e 02       		.uleb128 0x2
 388 003f 02       		.byte	0x2
 389 0040 07       		.byte	0x7
 390 0041 55010000 		.4byte	.LASF3
 391 0045 02       		.uleb128 0x2
 392 0046 04       		.byte	0x4
 393 0047 05       		.byte	0x5
 394 0048 3F010000 		.4byte	.LASF4
 395 004c 02       		.uleb128 0x2
 396 004d 04       		.byte	0x4
 397 004e 07       		.byte	0x7
 398 004f B8000000 		.4byte	.LASF5
 399 0053 02       		.uleb128 0x2
 400 0054 08       		.byte	0x8
 401 0055 05       		.byte	0x5
 402 0056 00000000 		.4byte	.LASF6
 403 005a 02       		.uleb128 0x2
 404 005b 08       		.byte	0x8
 405 005c 07       		.byte	0x7
 406 005d CA000000 		.4byte	.LASF7
 407 0061 03       		.uleb128 0x3
 408 0062 04       		.byte	0x4
 409 0063 05       		.byte	0x5
 410 0064 696E7400 		.ascii	"int\000"
 411 0068 02       		.uleb128 0x2
 412 0069 04       		.byte	0x4
 413 006a 07       		.byte	0x7
 414 006b 1A000000 		.4byte	.LASF8
 415 006f 02       		.uleb128 0x2
 416 0070 01       		.byte	0x1
 417 0071 08       		.byte	0x8
 418 0072 15010000 		.4byte	.LASF9
 419 0076 04       		.uleb128 0x4
 420 0077 B2000000 		.4byte	.LASF12
 421 007b 03       		.byte	0x3
 422 007c 60       		.byte	0x60
 423 007d 30000000 		.4byte	0x30
 424 0081 05       		.uleb128 0x5
 425 0082 04       		.byte	0x4
 426 0083 07       		.byte	0x7
 427 0084 06       		.uleb128 0x6
 428 0085 8D010000 		.4byte	.LASF22
 429 0089 04       		.byte	0x4
 430 008a 02       		.byte	0x2
 431 008b 1E       		.byte	0x1e
 432 008c C7000000 		.4byte	0xc7
 433 0090 07       		.uleb128 0x7
 434 0091 0E000000 		.4byte	.LASF10
 435 0095 02       		.byte	0x2
 436 0096 1F       		.byte	0x1f
ARM GAS  C:\Users\csap2972\AppData\Local\Temp\ccus5M7F.s 			page 12


 437 0097 76000000 		.4byte	0x76
 438 009b 02       		.byte	0x2
 439 009c 23       		.byte	0x23
 440 009d 00       		.uleb128 0x0
 441 009e 08       		.uleb128 0x8
 442 009f 637200   		.ascii	"cr\000"
 443 00a2 02       		.byte	0x2
 444 00a3 20       		.byte	0x20
 445 00a4 76000000 		.4byte	0x76
 446 00a8 02       		.byte	0x2
 447 00a9 23       		.byte	0x23
 448 00aa 01       		.uleb128 0x1
 449 00ab 08       		.uleb128 0x8
 450 00ac 737200   		.ascii	"sr\000"
 451 00af 02       		.byte	0x2
 452 00b0 21       		.byte	0x21
 453 00b1 76000000 		.4byte	0x76
 454 00b5 02       		.byte	0x2
 455 00b6 23       		.byte	0x23
 456 00b7 02       		.uleb128 0x2
 457 00b8 07       		.uleb128 0x7
 458 00b9 E1000000 		.4byte	.LASF11
 459 00bd 02       		.byte	0x2
 460 00be 22       		.byte	0x22
 461 00bf 76000000 		.4byte	0x76
 462 00c3 02       		.byte	0x2
 463 00c4 23       		.byte	0x23
 464 00c5 03       		.uleb128 0x3
 465 00c6 00       		.byte	0x0
 466 00c7 04       		.uleb128 0x4
 467 00c8 9D000000 		.4byte	.LASF13
 468 00cc 02       		.byte	0x2
 469 00cd 23       		.byte	0x23
 470 00ce 84000000 		.4byte	0x84
 471 00d2 09       		.uleb128 0x9
 472 00d3 01       		.byte	0x1
 473 00d4 8B000000 		.4byte	.LASF14
 474 00d8 01       		.byte	0x1
 475 00d9 2E       		.byte	0x2e
 476 00da 01       		.byte	0x1
 477 00db 00000000 		.4byte	.LFB0
 478 00df 4C000000 		.4byte	.LFE0
 479 00e3 00000000 		.4byte	.LLST0
 480 00e7 09       		.uleb128 0x9
 481 00e8 01       		.byte	0x1
 482 00e9 27000000 		.4byte	.LASF15
 483 00ed 01       		.byte	0x1
 484 00ee 49       		.byte	0x49
 485 00ef 01       		.byte	0x1
 486 00f0 00000000 		.4byte	.LFB1
 487 00f4 46000000 		.4byte	.LFE1
 488 00f8 2B000000 		.4byte	.LLST1
 489 00fc 09       		.uleb128 0x9
 490 00fd 01       		.byte	0x1
 491 00fe E6000000 		.4byte	.LASF16
 492 0102 01       		.byte	0x1
 493 0103 64       		.byte	0x64
ARM GAS  C:\Users\csap2972\AppData\Local\Temp\ccus5M7F.s 			page 13


 494 0104 01       		.byte	0x1
 495 0105 00000000 		.4byte	.LFB2
 496 0109 56000000 		.4byte	.LFE2
 497 010d 56000000 		.4byte	.LLST2
 498 0111 09       		.uleb128 0x9
 499 0112 01       		.byte	0x1
 500 0113 48010000 		.4byte	.LASF17
 501 0117 01       		.byte	0x1
 502 0118 88       		.byte	0x88
 503 0119 01       		.byte	0x1
 504 011a 00000000 		.4byte	.LFB3
 505 011e 40000000 		.4byte	.LFE3
 506 0122 81000000 		.4byte	.LLST3
 507 0126 09       		.uleb128 0x9
 508 0127 01       		.byte	0x1
 509 0128 AC010000 		.4byte	.LASF18
 510 012c 01       		.byte	0x1
 511 012d B1       		.byte	0xb1
 512 012e 01       		.byte	0x1
 513 012f 00000000 		.4byte	.LFB4
 514 0133 1C000000 		.4byte	.LFE4
 515 0137 AC000000 		.4byte	.LLST4
 516 013b 0A       		.uleb128 0xa
 517 013c 74010000 		.4byte	.LASF23
 518 0140 01       		.byte	0x1
 519 0141 13       		.byte	0x13
 520 0142 C7000000 		.4byte	0xc7
 521 0146 05       		.byte	0x5
 522 0147 03       		.byte	0x3
 523 0148 00000000 		.4byte	Filter_backup
 524 014c 0B       		.uleb128 0xb
 525 014d 76000000 		.4byte	0x76
 526 0151 57010000 		.4byte	0x157
 527 0155 0C       		.uleb128 0xc
 528 0156 00       		.byte	0x0
 529 0157 0D       		.uleb128 0xd
 530 0158 82010000 		.4byte	.LASF24
 531 015c 04       		.byte	0x4
 532 015d 28       		.byte	0x28
 533 015e 64010000 		.4byte	0x164
 534 0162 01       		.byte	0x1
 535 0163 01       		.byte	0x1
 536 0164 0E       		.uleb128 0xe
 537 0165 4C010000 		.4byte	0x14c
 538 0169 00       		.byte	0x0
 539              		.section	.debug_abbrev
 540 0000 01       		.uleb128 0x1
 541 0001 11       		.uleb128 0x11
 542 0002 01       		.byte	0x1
 543 0003 25       		.uleb128 0x25
 544 0004 0E       		.uleb128 0xe
 545 0005 13       		.uleb128 0x13
 546 0006 0B       		.uleb128 0xb
 547 0007 03       		.uleb128 0x3
 548 0008 0E       		.uleb128 0xe
 549 0009 1B       		.uleb128 0x1b
 550 000a 0E       		.uleb128 0xe
ARM GAS  C:\Users\csap2972\AppData\Local\Temp\ccus5M7F.s 			page 14


 551 000b 11       		.uleb128 0x11
 552 000c 01       		.uleb128 0x1
 553 000d 52       		.uleb128 0x52
 554 000e 01       		.uleb128 0x1
 555 000f 55       		.uleb128 0x55
 556 0010 06       		.uleb128 0x6
 557 0011 10       		.uleb128 0x10
 558 0012 06       		.uleb128 0x6
 559 0013 00       		.byte	0x0
 560 0014 00       		.byte	0x0
 561 0015 02       		.uleb128 0x2
 562 0016 24       		.uleb128 0x24
 563 0017 00       		.byte	0x0
 564 0018 0B       		.uleb128 0xb
 565 0019 0B       		.uleb128 0xb
 566 001a 3E       		.uleb128 0x3e
 567 001b 0B       		.uleb128 0xb
 568 001c 03       		.uleb128 0x3
 569 001d 0E       		.uleb128 0xe
 570 001e 00       		.byte	0x0
 571 001f 00       		.byte	0x0
 572 0020 03       		.uleb128 0x3
 573 0021 24       		.uleb128 0x24
 574 0022 00       		.byte	0x0
 575 0023 0B       		.uleb128 0xb
 576 0024 0B       		.uleb128 0xb
 577 0025 3E       		.uleb128 0x3e
 578 0026 0B       		.uleb128 0xb
 579 0027 03       		.uleb128 0x3
 580 0028 08       		.uleb128 0x8
 581 0029 00       		.byte	0x0
 582 002a 00       		.byte	0x0
 583 002b 04       		.uleb128 0x4
 584 002c 16       		.uleb128 0x16
 585 002d 00       		.byte	0x0
 586 002e 03       		.uleb128 0x3
 587 002f 0E       		.uleb128 0xe
 588 0030 3A       		.uleb128 0x3a
 589 0031 0B       		.uleb128 0xb
 590 0032 3B       		.uleb128 0x3b
 591 0033 0B       		.uleb128 0xb
 592 0034 49       		.uleb128 0x49
 593 0035 13       		.uleb128 0x13
 594 0036 00       		.byte	0x0
 595 0037 00       		.byte	0x0
 596 0038 05       		.uleb128 0x5
 597 0039 24       		.uleb128 0x24
 598 003a 00       		.byte	0x0
 599 003b 0B       		.uleb128 0xb
 600 003c 0B       		.uleb128 0xb
 601 003d 3E       		.uleb128 0x3e
 602 003e 0B       		.uleb128 0xb
 603 003f 00       		.byte	0x0
 604 0040 00       		.byte	0x0
 605 0041 06       		.uleb128 0x6
 606 0042 13       		.uleb128 0x13
 607 0043 01       		.byte	0x1
ARM GAS  C:\Users\csap2972\AppData\Local\Temp\ccus5M7F.s 			page 15


 608 0044 03       		.uleb128 0x3
 609 0045 0E       		.uleb128 0xe
 610 0046 0B       		.uleb128 0xb
 611 0047 0B       		.uleb128 0xb
 612 0048 3A       		.uleb128 0x3a
 613 0049 0B       		.uleb128 0xb
 614 004a 3B       		.uleb128 0x3b
 615 004b 0B       		.uleb128 0xb
 616 004c 01       		.uleb128 0x1
 617 004d 13       		.uleb128 0x13
 618 004e 00       		.byte	0x0
 619 004f 00       		.byte	0x0
 620 0050 07       		.uleb128 0x7
 621 0051 0D       		.uleb128 0xd
 622 0052 00       		.byte	0x0
 623 0053 03       		.uleb128 0x3
 624 0054 0E       		.uleb128 0xe
 625 0055 3A       		.uleb128 0x3a
 626 0056 0B       		.uleb128 0xb
 627 0057 3B       		.uleb128 0x3b
 628 0058 0B       		.uleb128 0xb
 629 0059 49       		.uleb128 0x49
 630 005a 13       		.uleb128 0x13
 631 005b 38       		.uleb128 0x38
 632 005c 0A       		.uleb128 0xa
 633 005d 00       		.byte	0x0
 634 005e 00       		.byte	0x0
 635 005f 08       		.uleb128 0x8
 636 0060 0D       		.uleb128 0xd
 637 0061 00       		.byte	0x0
 638 0062 03       		.uleb128 0x3
 639 0063 08       		.uleb128 0x8
 640 0064 3A       		.uleb128 0x3a
 641 0065 0B       		.uleb128 0xb
 642 0066 3B       		.uleb128 0x3b
 643 0067 0B       		.uleb128 0xb
 644 0068 49       		.uleb128 0x49
 645 0069 13       		.uleb128 0x13
 646 006a 38       		.uleb128 0x38
 647 006b 0A       		.uleb128 0xa
 648 006c 00       		.byte	0x0
 649 006d 00       		.byte	0x0
 650 006e 09       		.uleb128 0x9
 651 006f 2E       		.uleb128 0x2e
 652 0070 00       		.byte	0x0
 653 0071 3F       		.uleb128 0x3f
 654 0072 0C       		.uleb128 0xc
 655 0073 03       		.uleb128 0x3
 656 0074 0E       		.uleb128 0xe
 657 0075 3A       		.uleb128 0x3a
 658 0076 0B       		.uleb128 0xb
 659 0077 3B       		.uleb128 0x3b
 660 0078 0B       		.uleb128 0xb
 661 0079 27       		.uleb128 0x27
 662 007a 0C       		.uleb128 0xc
 663 007b 11       		.uleb128 0x11
 664 007c 01       		.uleb128 0x1
ARM GAS  C:\Users\csap2972\AppData\Local\Temp\ccus5M7F.s 			page 16


 665 007d 12       		.uleb128 0x12
 666 007e 01       		.uleb128 0x1
 667 007f 40       		.uleb128 0x40
 668 0080 06       		.uleb128 0x6
 669 0081 00       		.byte	0x0
 670 0082 00       		.byte	0x0
 671 0083 0A       		.uleb128 0xa
 672 0084 34       		.uleb128 0x34
 673 0085 00       		.byte	0x0
 674 0086 03       		.uleb128 0x3
 675 0087 0E       		.uleb128 0xe
 676 0088 3A       		.uleb128 0x3a
 677 0089 0B       		.uleb128 0xb
 678 008a 3B       		.uleb128 0x3b
 679 008b 0B       		.uleb128 0xb
 680 008c 49       		.uleb128 0x49
 681 008d 13       		.uleb128 0x13
 682 008e 02       		.uleb128 0x2
 683 008f 0A       		.uleb128 0xa
 684 0090 00       		.byte	0x0
 685 0091 00       		.byte	0x0
 686 0092 0B       		.uleb128 0xb
 687 0093 01       		.uleb128 0x1
 688 0094 01       		.byte	0x1
 689 0095 49       		.uleb128 0x49
 690 0096 13       		.uleb128 0x13
 691 0097 01       		.uleb128 0x1
 692 0098 13       		.uleb128 0x13
 693 0099 00       		.byte	0x0
 694 009a 00       		.byte	0x0
 695 009b 0C       		.uleb128 0xc
 696 009c 21       		.uleb128 0x21
 697 009d 00       		.byte	0x0
 698 009e 00       		.byte	0x0
 699 009f 00       		.byte	0x0
 700 00a0 0D       		.uleb128 0xd
 701 00a1 34       		.uleb128 0x34
 702 00a2 00       		.byte	0x0
 703 00a3 03       		.uleb128 0x3
 704 00a4 0E       		.uleb128 0xe
 705 00a5 3A       		.uleb128 0x3a
 706 00a6 0B       		.uleb128 0xb
 707 00a7 3B       		.uleb128 0x3b
 708 00a8 0B       		.uleb128 0xb
 709 00a9 49       		.uleb128 0x49
 710 00aa 13       		.uleb128 0x13
 711 00ab 3F       		.uleb128 0x3f
 712 00ac 0C       		.uleb128 0xc
 713 00ad 3C       		.uleb128 0x3c
 714 00ae 0C       		.uleb128 0xc
 715 00af 00       		.byte	0x0
 716 00b0 00       		.byte	0x0
 717 00b1 0E       		.uleb128 0xe
 718 00b2 26       		.uleb128 0x26
 719 00b3 00       		.byte	0x0
 720 00b4 49       		.uleb128 0x49
 721 00b5 13       		.uleb128 0x13
ARM GAS  C:\Users\csap2972\AppData\Local\Temp\ccus5M7F.s 			page 17


 722 00b6 00       		.byte	0x0
 723 00b7 00       		.byte	0x0
 724 00b8 00       		.byte	0x0
 725              		.section	.debug_pubnames,"",%progbits
 726 0000 79000000 		.4byte	0x79
 727 0004 0200     		.2byte	0x2
 728 0006 00000000 		.4byte	.Ldebug_info0
 729 000a 6A010000 		.4byte	0x16a
 730 000e D2000000 		.4byte	0xd2
 731 0012 46696C74 		.ascii	"Filter_SaveConfig\000"
 731      65725F53 
 731      61766543 
 731      6F6E6669 
 731      6700
 732 0024 E7000000 		.4byte	0xe7
 733 0028 46696C74 		.ascii	"Filter_RestoreConfig\000"
 733      65725F52 
 733      6573746F 
 733      7265436F 
 733      6E666967 
 734 003d FC000000 		.4byte	0xfc
 735 0041 46696C74 		.ascii	"Filter_RestoreACURam\000"
 735      65725F52 
 735      6573746F 
 735      72654143 
 735      5552616D 
 736 0056 11010000 		.4byte	0x111
 737 005a 46696C74 		.ascii	"Filter_Sleep\000"
 737      65725F53 
 737      6C656570 
 737      00
 738 0067 26010000 		.4byte	0x126
 739 006b 46696C74 		.ascii	"Filter_Wakeup\000"
 739      65725F57 
 739      616B6575 
 739      7000
 740 0079 00000000 		.4byte	0x0
 741              		.section	.debug_aranges,"",%progbits
 742 0000 3C000000 		.4byte	0x3c
 743 0004 0200     		.2byte	0x2
 744 0006 00000000 		.4byte	.Ldebug_info0
 745 000a 04       		.byte	0x4
 746 000b 00       		.byte	0x0
 747 000c 0000     		.2byte	0x0
 748 000e 0000     		.2byte	0x0
 749 0010 00000000 		.4byte	.LFB0
 750 0014 4C000000 		.4byte	.LFE0-.LFB0
 751 0018 00000000 		.4byte	.LFB1
 752 001c 46000000 		.4byte	.LFE1-.LFB1
 753 0020 00000000 		.4byte	.LFB2
 754 0024 56000000 		.4byte	.LFE2-.LFB2
 755 0028 00000000 		.4byte	.LFB3
 756 002c 40000000 		.4byte	.LFE3-.LFB3
 757 0030 00000000 		.4byte	.LFB4
 758 0034 1C000000 		.4byte	.LFE4-.LFB4
 759 0038 00000000 		.4byte	0x0
 760 003c 00000000 		.4byte	0x0
ARM GAS  C:\Users\csap2972\AppData\Local\Temp\ccus5M7F.s 			page 18


 761              		.section	.debug_ranges,"",%progbits
 762              	.Ldebug_ranges0:
 763 0000 00000000 		.4byte	.Ltext0
 764 0004 00000000 		.4byte	.Letext0
 765 0008 00000000 		.4byte	.LFB0
 766 000c 4C000000 		.4byte	.LFE0
 767 0010 00000000 		.4byte	.LFB1
 768 0014 46000000 		.4byte	.LFE1
 769 0018 00000000 		.4byte	.LFB2
 770 001c 56000000 		.4byte	.LFE2
 771 0020 00000000 		.4byte	.LFB3
 772 0024 40000000 		.4byte	.LFE3
 773 0028 00000000 		.4byte	.LFB4
 774 002c 1C000000 		.4byte	.LFE4
 775 0030 00000000 		.4byte	0x0
 776 0034 00000000 		.4byte	0x0
 777              		.section	.debug_str,"MS",%progbits,1
 778              	.LASF6:
 779 0000 6C6F6E67 		.ascii	"long long int\000"
 779      206C6F6E 
 779      6720696E 
 779      7400
 780              	.LASF10:
 781 000e 656E6162 		.ascii	"enableState\000"
 781      6C655374 
 781      61746500 
 782              	.LASF8:
 783 001a 756E7369 		.ascii	"unsigned int\000"
 783      676E6564 
 783      20696E74 
 783      00
 784              	.LASF15:
 785 0027 46696C74 		.ascii	"Filter_RestoreConfig\000"
 785      65725F52 
 785      6573746F 
 785      7265436F 
 785      6E666967 
 786              	.LASF21:
 787 003c 4A3A5C63 		.ascii	"J:\\c704\\C704224\\Cypress\\CY8C5868\\Laser_Schutzs"
 787      3730345C 
 787      43373034 
 787      3232345C 
 787      43797072 
 788 006a 6368616C 		.ascii	"chaltung\\Design01\\Design02.cydsn\000"
 788      74756E67 
 788      5C446573 
 788      69676E30 
 788      315C4465 
 789              	.LASF14:
 790 008b 46696C74 		.ascii	"Filter_SaveConfig\000"
 790      65725F53 
 790      61766543 
 790      6F6E6669 
 790      6700
 791              	.LASF13:
 792 009d 46696C74 		.ascii	"Filter_BACKUP_STRUCT\000"
 792      65725F42 
ARM GAS  C:\Users\csap2972\AppData\Local\Temp\ccus5M7F.s 			page 19


 792      41434B55 
 792      505F5354 
 792      52554354 
 793              	.LASF12:
 794 00b2 75696E74 		.ascii	"uint8\000"
 794      3800
 795              	.LASF5:
 796 00b8 6C6F6E67 		.ascii	"long unsigned int\000"
 796      20756E73 
 796      69676E65 
 796      6420696E 
 796      7400
 797              	.LASF7:
 798 00ca 6C6F6E67 		.ascii	"long long unsigned int\000"
 798      206C6F6E 
 798      6720756E 
 798      7369676E 
 798      65642069 
 799              	.LASF11:
 800 00e1 73656D61 		.ascii	"sema\000"
 800      00
 801              	.LASF16:
 802 00e6 46696C74 		.ascii	"Filter_RestoreACURam\000"
 802      65725F52 
 802      6573746F 
 802      72654143 
 802      5552616D 
 803              	.LASF19:
 804 00fb 474E5520 		.ascii	"GNU C 4.4.1\000"
 804      4320342E 
 804      342E3100 
 805              	.LASF1:
 806 0107 756E7369 		.ascii	"unsigned char\000"
 806      676E6564 
 806      20636861 
 806      7200
 807              	.LASF9:
 808 0115 63686172 		.ascii	"char\000"
 808      00
 809              	.LASF20:
 810 011a 2E5C4765 		.ascii	".\\Generated_Source\\PSoC5\\Filter_PM.c\000"
 810      6E657261 
 810      7465645F 
 810      536F7572 
 810      63655C50 
 811              	.LASF4:
 812 013f 6C6F6E67 		.ascii	"long int\000"
 812      20696E74 
 812      00
 813              	.LASF17:
 814 0148 46696C74 		.ascii	"Filter_Sleep\000"
 814      65725F53 
 814      6C656570 
 814      00
 815              	.LASF3:
 816 0155 73686F72 		.ascii	"short unsigned int\000"
 816      7420756E 
ARM GAS  C:\Users\csap2972\AppData\Local\Temp\ccus5M7F.s 			page 20


 816      7369676E 
 816      65642069 
 816      6E7400
 817              	.LASF0:
 818 0168 7369676E 		.ascii	"signed char\000"
 818      65642063 
 818      68617200 
 819              	.LASF23:
 820 0174 46696C74 		.ascii	"Filter_backup\000"
 820      65725F62 
 820      61636B75 
 820      7000
 821              	.LASF24:
 822 0182 46696C74 		.ascii	"Filter_acu\000"
 822      65725F61 
 822      637500
 823              	.LASF22:
 824 018d 5F46696C 		.ascii	"_Filter_backupStruct\000"
 824      7465725F 
 824      6261636B 
 824      75705374 
 824      72756374 
 825              	.LASF2:
 826 01a2 73686F72 		.ascii	"short int\000"
 826      7420696E 
 826      7400
 827              	.LASF18:
 828 01ac 46696C74 		.ascii	"Filter_Wakeup\000"
 828      65725F57 
 828      616B6575 
 828      7000
 829              		.ident	"GCC: (Sourcery G++ Lite 2010q1-188) 4.4.1"
