ARM GAS  C:\Users\csap2972\AppData\Local\Temp\ccb2h9S9.s 			page 1


   1              		.syntax unified
   2              		.cpu cortex-m3
   3              		.fpu softvfp
   4              		.eabi_attribute 20, 1
   5              		.eabi_attribute 21, 1
   6              		.eabi_attribute 23, 3
   7              		.eabi_attribute 24, 1
   8              		.eabi_attribute 25, 1
   9              		.eabi_attribute 26, 1
  10              		.eabi_attribute 30, 6
  11              		.eabi_attribute 18, 4
  12              		.thumb
  13              		.file	"Filter_RAM_Data.c"
  14              		.section	.debug_abbrev,"",%progbits
  15              	.Ldebug_abbrev0:
  16              		.section	.debug_info,"",%progbits
  17              	.Ldebug_info0:
  18              		.section	.debug_line,"",%progbits
  19              	.Ldebug_line0:
  20 0000 6D000000 		.text
  20      02006700 
  20      00000201 
  20      FB0E0D00 
  20      01010101 
  21              	.Ltext0:
  22              		.cfi_sections	.debug_frame
  23              		.global	Filter_control
  24              		.section	.rodata
  25              		.align	2
  26              		.type	Filter_control, %object
  27              		.size	Filter_control, 256
  28              	Filter_control:
  29 0000 20       		.byte	32
  30 0001 13       		.byte	19
  31 0002 00       		.byte	0
  32 0003 25       		.byte	37
  33 0004 61       		.byte	97
  34 0005 17       		.byte	23
  35 0006 80       		.byte	-128
  36 0007 26       		.byte	38
  37 0008 01       		.byte	1
  38 0009 00       		.byte	0
  39 000a 80       		.byte	-128
  40 000b 26       		.byte	38
  41 000c 20       		.byte	32
  42 000d 13       		.byte	19
  43 000e 80       		.byte	-128
  44 000f 26       		.byte	38
  45 0010 C2       		.byte	-62
  46 0011 0C       		.byte	12
  47 0012 80       		.byte	-128
  48 0013 26       		.byte	38
  49 0014 E0       		.byte	-32
  50 0015 0E       		.byte	14
  51 0016 80       		.byte	-128
  52 0017 26       		.byte	38
  53 0018 A4       		.byte	-92
ARM GAS  C:\Users\csap2972\AppData\Local\Temp\ccb2h9S9.s 			page 2


  54 0019 0A       		.byte	10
  55 001a 80       		.byte	-128
  56 001b 26       		.byte	38
  57 001c 63       		.byte	99
  58 001d 17       		.byte	23
  59 001e 10       		.byte	16
  60 001f 06       		.byte	6
  61 0020 86       		.byte	-122
  62 0021 08       		.byte	8
  63 0022 80       		.byte	-128
  64 0023 26       		.byte	38
  65 0024 68       		.byte	104
  66 0025 06       		.byte	6
  67 0026 80       		.byte	-128
  68 0027 6D       		.byte	109
  69 0028 66       		.byte	102
  70 0029 06       		.byte	6
  71 002a 80       		.byte	-128
  72 002b 2F       		.byte	47
  73 002c 20       		.byte	32
  74 002d 02       		.byte	2
  75 002e 10       		.byte	16
  76 002f 6F       		.byte	111
  77 0030 00       		.byte	0
  78 0031 80       		.byte	-128
  79 0032 80       		.byte	-128
  80 0033 26       		.byte	38
  81 0034 20       		.byte	32
  82 0035 02       		.byte	2
  83 0036 80       		.byte	-128
  84 0037 6F       		.byte	111
  85 0038 00       		.byte	0
  86 0039 80       		.byte	-128
  87 003a 80       		.byte	-128
  88 003b 26       		.byte	38
  89 003c 20       		.byte	32
  90 003d 02       		.byte	2
  91 003e 80       		.byte	-128
  92 003f 6F       		.byte	111
  93 0040 20       		.byte	32
  94 0041 02       		.byte	2
  95 0042 80       		.byte	-128
  96 0043 6F       		.byte	111
  97 0044 21       		.byte	33
  98 0045 1A       		.byte	26
  99 0046 40       		.byte	64
 100 0047 FE       		.byte	-2
 101 0048 00       		.byte	0
 102 0049 00       		.byte	0
 103 004a 80       		.byte	-128
 104 004b 26       		.byte	38
 105 004c 02       		.byte	2
 106 004d 22       		.byte	34
 107 004e 10       		.byte	16
 108 004f 66       		.byte	102
 109 0050 00       		.byte	0
 110 0051 80       		.byte	-128
ARM GAS  C:\Users\csap2972\AppData\Local\Temp\ccb2h9S9.s 			page 3


 111 0052 10       		.byte	16
 112 0053 6E       		.byte	110
 113 0054 01       		.byte	1
 114 0055 82       		.byte	-126
 115 0056 80       		.byte	-128
 116 0057 26       		.byte	38
 117 0058 00       		.byte	0
 118 0059 00       		.byte	0
 119 005a 00       		.byte	0
 120 005b 00       		.byte	0
 121 005c 00       		.byte	0
 122 005d 00       		.byte	0
 123 005e 00       		.byte	0
 124 005f 00       		.byte	0
 125 0060 00       		.byte	0
 126 0061 00       		.byte	0
 127 0062 00       		.byte	0
 128 0063 00       		.byte	0
 129 0064 00       		.byte	0
 130 0065 00       		.byte	0
 131 0066 00       		.byte	0
 132 0067 00       		.byte	0
 133 0068 00       		.byte	0
 134 0069 00       		.byte	0
 135 006a 00       		.byte	0
 136 006b 00       		.byte	0
 137 006c 00       		.byte	0
 138 006d 00       		.byte	0
 139 006e 00       		.byte	0
 140 006f 00       		.byte	0
 141 0070 00       		.byte	0
 142 0071 00       		.byte	0
 143 0072 00       		.byte	0
 144 0073 00       		.byte	0
 145 0074 00       		.byte	0
 146 0075 00       		.byte	0
 147 0076 00       		.byte	0
 148 0077 00       		.byte	0
 149 0078 00       		.byte	0
 150 0079 00       		.byte	0
 151 007a 00       		.byte	0
 152 007b 00       		.byte	0
 153 007c 00       		.byte	0
 154 007d 00       		.byte	0
 155 007e 00       		.byte	0
 156 007f 00       		.byte	0
 157 0080 00       		.byte	0
 158 0081 00       		.byte	0
 159 0082 00       		.byte	0
 160 0083 00       		.byte	0
 161 0084 00       		.byte	0
 162 0085 00       		.byte	0
 163 0086 00       		.byte	0
 164 0087 00       		.byte	0
 165 0088 00       		.byte	0
 166 0089 00       		.byte	0
 167 008a 00       		.byte	0
ARM GAS  C:\Users\csap2972\AppData\Local\Temp\ccb2h9S9.s 			page 4


 168 008b 00       		.byte	0
 169 008c 00       		.byte	0
 170 008d 00       		.byte	0
 171 008e 00       		.byte	0
 172 008f 00       		.byte	0
 173 0090 00       		.byte	0
 174 0091 00       		.byte	0
 175 0092 00       		.byte	0
 176 0093 00       		.byte	0
 177 0094 00       		.byte	0
 178 0095 00       		.byte	0
 179 0096 00       		.byte	0
 180 0097 00       		.byte	0
 181 0098 00       		.byte	0
 182 0099 00       		.byte	0
 183 009a 00       		.byte	0
 184 009b 00       		.byte	0
 185 009c 00       		.byte	0
 186 009d 00       		.byte	0
 187 009e 00       		.byte	0
 188 009f 00       		.byte	0
 189 00a0 00       		.byte	0
 190 00a1 00       		.byte	0
 191 00a2 00       		.byte	0
 192 00a3 00       		.byte	0
 193 00a4 00       		.byte	0
 194 00a5 00       		.byte	0
 195 00a6 00       		.byte	0
 196 00a7 00       		.byte	0
 197 00a8 00       		.byte	0
 198 00a9 00       		.byte	0
 199 00aa 00       		.byte	0
 200 00ab 00       		.byte	0
 201 00ac 00       		.byte	0
 202 00ad 00       		.byte	0
 203 00ae 00       		.byte	0
 204 00af 00       		.byte	0
 205 00b0 00       		.byte	0
 206 00b1 00       		.byte	0
 207 00b2 00       		.byte	0
 208 00b3 00       		.byte	0
 209 00b4 00       		.byte	0
 210 00b5 00       		.byte	0
 211 00b6 00       		.byte	0
 212 00b7 00       		.byte	0
 213 00b8 00       		.byte	0
 214 00b9 00       		.byte	0
 215 00ba 00       		.byte	0
 216 00bb 00       		.byte	0
 217 00bc 00       		.byte	0
 218 00bd 00       		.byte	0
 219 00be 00       		.byte	0
 220 00bf 00       		.byte	0
 221 00c0 00       		.byte	0
 222 00c1 00       		.byte	0
 223 00c2 00       		.byte	0
 224 00c3 00       		.byte	0
ARM GAS  C:\Users\csap2972\AppData\Local\Temp\ccb2h9S9.s 			page 5


 225 00c4 00       		.byte	0
 226 00c5 00       		.byte	0
 227 00c6 00       		.byte	0
 228 00c7 00       		.byte	0
 229 00c8 00       		.byte	0
 230 00c9 00       		.byte	0
 231 00ca 00       		.byte	0
 232 00cb 00       		.byte	0
 233 00cc 00       		.byte	0
 234 00cd 00       		.byte	0
 235 00ce 00       		.byte	0
 236 00cf 00       		.byte	0
 237 00d0 00       		.byte	0
 238 00d1 00       		.byte	0
 239 00d2 00       		.byte	0
 240 00d3 00       		.byte	0
 241 00d4 00       		.byte	0
 242 00d5 00       		.byte	0
 243 00d6 00       		.byte	0
 244 00d7 00       		.byte	0
 245 00d8 00       		.byte	0
 246 00d9 00       		.byte	0
 247 00da 00       		.byte	0
 248 00db 00       		.byte	0
 249 00dc 00       		.byte	0
 250 00dd 00       		.byte	0
 251 00de 00       		.byte	0
 252 00df 00       		.byte	0
 253 00e0 00       		.byte	0
 254 00e1 00       		.byte	0
 255 00e2 00       		.byte	0
 256 00e3 00       		.byte	0
 257 00e4 00       		.byte	0
 258 00e5 00       		.byte	0
 259 00e6 00       		.byte	0
 260 00e7 00       		.byte	0
 261 00e8 00       		.byte	0
 262 00e9 00       		.byte	0
 263 00ea 00       		.byte	0
 264 00eb 00       		.byte	0
 265 00ec 00       		.byte	0
 266 00ed 00       		.byte	0
 267 00ee 00       		.byte	0
 268 00ef 00       		.byte	0
 269 00f0 00       		.byte	0
 270 00f1 00       		.byte	0
 271 00f2 00       		.byte	0
 272 00f3 00       		.byte	0
 273 00f4 00       		.byte	0
 274 00f5 00       		.byte	0
 275 00f6 00       		.byte	0
 276 00f7 00       		.byte	0
 277 00f8 00       		.byte	0
 278 00f9 00       		.byte	0
 279 00fa 00       		.byte	0
 280 00fb 00       		.byte	0
 281 00fc 00       		.byte	0
ARM GAS  C:\Users\csap2972\AppData\Local\Temp\ccb2h9S9.s 			page 6


 282 00fd 00       		.byte	0
 283 00fe 00       		.byte	0
 284 00ff 00       		.byte	0
 285              		.global	Filter_data_a
 286              		.align	2
 287              		.type	Filter_data_a, %object
 288              		.size	Filter_data_a, 512
 289              	Filter_data_a:
 290 0100 00       		.byte	0
 291 0101 00       		.byte	0
 292 0102 00       		.byte	0
 293 0103 00       		.byte	0
 294 0104 00       		.byte	0
 295 0105 00       		.byte	0
 296 0106 00       		.byte	0
 297 0107 00       		.byte	0
 298 0108 00       		.byte	0
 299 0109 00       		.byte	0
 300 010a 00       		.byte	0
 301 010b 00       		.byte	0
 302 010c 00       		.byte	0
 303 010d 00       		.byte	0
 304 010e 00       		.byte	0
 305 010f 00       		.byte	0
 306 0110 00       		.byte	0
 307 0111 00       		.byte	0
 308 0112 00       		.byte	0
 309 0113 00       		.byte	0
 310 0114 00       		.byte	0
 311 0115 00       		.byte	0
 312 0116 00       		.byte	0
 313 0117 00       		.byte	0
 314 0118 00       		.byte	0
 315 0119 00       		.byte	0
 316 011a 00       		.byte	0
 317 011b 00       		.byte	0
 318 011c 00       		.byte	0
 319 011d 00       		.byte	0
 320 011e 00       		.byte	0
 321 011f 00       		.byte	0
 322 0120 00       		.byte	0
 323 0121 00       		.byte	0
 324 0122 00       		.byte	0
 325 0123 00       		.byte	0
 326 0124 00       		.byte	0
 327 0125 00       		.byte	0
 328 0126 00       		.byte	0
 329 0127 00       		.byte	0
 330 0128 00       		.byte	0
 331 0129 00       		.byte	0
 332 012a 00       		.byte	0
 333 012b 00       		.byte	0
 334 012c 00       		.byte	0
 335 012d 00       		.byte	0
 336 012e 00       		.byte	0
 337 012f 00       		.byte	0
 338 0130 00       		.byte	0
ARM GAS  C:\Users\csap2972\AppData\Local\Temp\ccb2h9S9.s 			page 7


 339 0131 00       		.byte	0
 340 0132 00       		.byte	0
 341 0133 00       		.byte	0
 342 0134 00       		.byte	0
 343 0135 00       		.byte	0
 344 0136 00       		.byte	0
 345 0137 00       		.byte	0
 346 0138 00       		.byte	0
 347 0139 00       		.byte	0
 348 013a 00       		.byte	0
 349 013b 00       		.byte	0
 350 013c 00       		.byte	0
 351 013d 00       		.byte	0
 352 013e 00       		.byte	0
 353 013f 00       		.byte	0
 354 0140 00       		.byte	0
 355 0141 00       		.byte	0
 356 0142 00       		.byte	0
 357 0143 00       		.byte	0
 358 0144 00       		.byte	0
 359 0145 00       		.byte	0
 360 0146 00       		.byte	0
 361 0147 00       		.byte	0
 362 0148 00       		.byte	0
 363 0149 00       		.byte	0
 364 014a 00       		.byte	0
 365 014b 00       		.byte	0
 366 014c 00       		.byte	0
 367 014d 00       		.byte	0
 368 014e 00       		.byte	0
 369 014f 00       		.byte	0
 370 0150 00       		.byte	0
 371 0151 00       		.byte	0
 372 0152 00       		.byte	0
 373 0153 00       		.byte	0
 374 0154 00       		.byte	0
 375 0155 00       		.byte	0
 376 0156 00       		.byte	0
 377 0157 00       		.byte	0
 378 0158 00       		.byte	0
 379 0159 00       		.byte	0
 380 015a 00       		.byte	0
 381 015b 00       		.byte	0
 382 015c 00       		.byte	0
 383 015d 00       		.byte	0
 384 015e 00       		.byte	0
 385 015f 00       		.byte	0
 386 0160 00       		.byte	0
 387 0161 00       		.byte	0
 388 0162 00       		.byte	0
 389 0163 00       		.byte	0
 390 0164 00       		.byte	0
 391 0165 00       		.byte	0
 392 0166 00       		.byte	0
 393 0167 00       		.byte	0
 394 0168 00       		.byte	0
 395 0169 00       		.byte	0
ARM GAS  C:\Users\csap2972\AppData\Local\Temp\ccb2h9S9.s 			page 8


 396 016a 00       		.byte	0
 397 016b 00       		.byte	0
 398 016c 00       		.byte	0
 399 016d 00       		.byte	0
 400 016e 00       		.byte	0
 401 016f 00       		.byte	0
 402 0170 00       		.byte	0
 403 0171 00       		.byte	0
 404 0172 00       		.byte	0
 405 0173 00       		.byte	0
 406 0174 00       		.byte	0
 407 0175 00       		.byte	0
 408 0176 00       		.byte	0
 409 0177 00       		.byte	0
 410 0178 00       		.byte	0
 411 0179 00       		.byte	0
 412 017a 00       		.byte	0
 413 017b 00       		.byte	0
 414 017c 00       		.byte	0
 415 017d 00       		.byte	0
 416 017e 00       		.byte	0
 417 017f 00       		.byte	0
 418 0180 00       		.byte	0
 419 0181 00       		.byte	0
 420 0182 00       		.byte	0
 421 0183 00       		.byte	0
 422 0184 00       		.byte	0
 423 0185 00       		.byte	0
 424 0186 00       		.byte	0
 425 0187 00       		.byte	0
 426 0188 00       		.byte	0
 427 0189 00       		.byte	0
 428 018a 00       		.byte	0
 429 018b 00       		.byte	0
 430 018c 00       		.byte	0
 431 018d 00       		.byte	0
 432 018e 00       		.byte	0
 433 018f 00       		.byte	0
 434 0190 00       		.byte	0
 435 0191 00       		.byte	0
 436 0192 00       		.byte	0
 437 0193 00       		.byte	0
 438 0194 00       		.byte	0
 439 0195 00       		.byte	0
 440 0196 00       		.byte	0
 441 0197 00       		.byte	0
 442 0198 00       		.byte	0
 443 0199 00       		.byte	0
 444 019a 00       		.byte	0
 445 019b 00       		.byte	0
 446 019c 00       		.byte	0
 447 019d 00       		.byte	0
 448 019e 00       		.byte	0
 449 019f 00       		.byte	0
 450 01a0 00       		.byte	0
 451 01a1 00       		.byte	0
 452 01a2 00       		.byte	0
ARM GAS  C:\Users\csap2972\AppData\Local\Temp\ccb2h9S9.s 			page 9


 453 01a3 00       		.byte	0
 454 01a4 00       		.byte	0
 455 01a5 00       		.byte	0
 456 01a6 00       		.byte	0
 457 01a7 00       		.byte	0
 458 01a8 00       		.byte	0
 459 01a9 00       		.byte	0
 460 01aa 00       		.byte	0
 461 01ab 00       		.byte	0
 462 01ac 00       		.byte	0
 463 01ad 00       		.byte	0
 464 01ae 00       		.byte	0
 465 01af 00       		.byte	0
 466 01b0 00       		.byte	0
 467 01b1 00       		.byte	0
 468 01b2 00       		.byte	0
 469 01b3 00       		.byte	0
 470 01b4 00       		.byte	0
 471 01b5 00       		.byte	0
 472 01b6 00       		.byte	0
 473 01b7 00       		.byte	0
 474 01b8 00       		.byte	0
 475 01b9 00       		.byte	0
 476 01ba 00       		.byte	0
 477 01bb 00       		.byte	0
 478 01bc 00       		.byte	0
 479 01bd 00       		.byte	0
 480 01be 00       		.byte	0
 481 01bf 00       		.byte	0
 482 01c0 00       		.byte	0
 483 01c1 00       		.byte	0
 484 01c2 00       		.byte	0
 485 01c3 00       		.byte	0
 486 01c4 00       		.byte	0
 487 01c5 00       		.byte	0
 488 01c6 00       		.byte	0
 489 01c7 00       		.byte	0
 490 01c8 00       		.byte	0
 491 01c9 00       		.byte	0
 492 01ca 00       		.byte	0
 493 01cb 00       		.byte	0
 494 01cc 00       		.byte	0
 495 01cd 00       		.byte	0
 496 01ce 00       		.byte	0
 497 01cf 00       		.byte	0
 498 01d0 00       		.byte	0
 499 01d1 00       		.byte	0
 500 01d2 00       		.byte	0
 501 01d3 00       		.byte	0
 502 01d4 00       		.byte	0
 503 01d5 00       		.byte	0
 504 01d6 00       		.byte	0
 505 01d7 00       		.byte	0
 506 01d8 00       		.byte	0
 507 01d9 00       		.byte	0
 508 01da 00       		.byte	0
 509 01db 00       		.byte	0
ARM GAS  C:\Users\csap2972\AppData\Local\Temp\ccb2h9S9.s 			page 10


 510 01dc 00       		.byte	0
 511 01dd 00       		.byte	0
 512 01de 00       		.byte	0
 513 01df 00       		.byte	0
 514 01e0 00       		.byte	0
 515 01e1 00       		.byte	0
 516 01e2 00       		.byte	0
 517 01e3 00       		.byte	0
 518 01e4 00       		.byte	0
 519 01e5 00       		.byte	0
 520 01e6 00       		.byte	0
 521 01e7 00       		.byte	0
 522 01e8 00       		.byte	0
 523 01e9 00       		.byte	0
 524 01ea 00       		.byte	0
 525 01eb 00       		.byte	0
 526 01ec 00       		.byte	0
 527 01ed 00       		.byte	0
 528 01ee 00       		.byte	0
 529 01ef 00       		.byte	0
 530 01f0 00       		.byte	0
 531 01f1 00       		.byte	0
 532 01f2 00       		.byte	0
 533 01f3 00       		.byte	0
 534 01f4 00       		.byte	0
 535 01f5 00       		.byte	0
 536 01f6 00       		.byte	0
 537 01f7 00       		.byte	0
 538 01f8 00       		.byte	0
 539 01f9 00       		.byte	0
 540 01fa 00       		.byte	0
 541 01fb 00       		.byte	0
 542 01fc 00       		.byte	0
 543 01fd 00       		.byte	0
 544 01fe 00       		.byte	0
 545 01ff 00       		.byte	0
 546 0200 00       		.byte	0
 547 0201 00       		.byte	0
 548 0202 00       		.byte	0
 549 0203 00       		.byte	0
 550 0204 00       		.byte	0
 551 0205 00       		.byte	0
 552 0206 00       		.byte	0
 553 0207 00       		.byte	0
 554 0208 00       		.byte	0
 555 0209 00       		.byte	0
 556 020a 00       		.byte	0
 557 020b 00       		.byte	0
 558 020c 00       		.byte	0
 559 020d 00       		.byte	0
 560 020e 00       		.byte	0
 561 020f 00       		.byte	0
 562 0210 00       		.byte	0
 563 0211 00       		.byte	0
 564 0212 00       		.byte	0
 565 0213 00       		.byte	0
 566 0214 00       		.byte	0
ARM GAS  C:\Users\csap2972\AppData\Local\Temp\ccb2h9S9.s 			page 11


 567 0215 00       		.byte	0
 568 0216 00       		.byte	0
 569 0217 00       		.byte	0
 570 0218 00       		.byte	0
 571 0219 00       		.byte	0
 572 021a 00       		.byte	0
 573 021b 00       		.byte	0
 574 021c 00       		.byte	0
 575 021d 00       		.byte	0
 576 021e 00       		.byte	0
 577 021f 00       		.byte	0
 578 0220 00       		.byte	0
 579 0221 00       		.byte	0
 580 0222 00       		.byte	0
 581 0223 00       		.byte	0
 582 0224 00       		.byte	0
 583 0225 00       		.byte	0
 584 0226 00       		.byte	0
 585 0227 00       		.byte	0
 586 0228 00       		.byte	0
 587 0229 00       		.byte	0
 588 022a 00       		.byte	0
 589 022b 00       		.byte	0
 590 022c 00       		.byte	0
 591 022d 00       		.byte	0
 592 022e 00       		.byte	0
 593 022f 00       		.byte	0
 594 0230 00       		.byte	0
 595 0231 00       		.byte	0
 596 0232 00       		.byte	0
 597 0233 00       		.byte	0
 598 0234 00       		.byte	0
 599 0235 00       		.byte	0
 600 0236 00       		.byte	0
 601 0237 00       		.byte	0
 602 0238 00       		.byte	0
 603 0239 00       		.byte	0
 604 023a 00       		.byte	0
 605 023b 00       		.byte	0
 606 023c 00       		.byte	0
 607 023d 00       		.byte	0
 608 023e 00       		.byte	0
 609 023f 00       		.byte	0
 610 0240 00       		.byte	0
 611 0241 00       		.byte	0
 612 0242 00       		.byte	0
 613 0243 00       		.byte	0
 614 0244 00       		.byte	0
 615 0245 00       		.byte	0
 616 0246 00       		.byte	0
 617 0247 00       		.byte	0
 618 0248 00       		.byte	0
 619 0249 00       		.byte	0
 620 024a 00       		.byte	0
 621 024b 00       		.byte	0
 622 024c 00       		.byte	0
 623 024d 00       		.byte	0
ARM GAS  C:\Users\csap2972\AppData\Local\Temp\ccb2h9S9.s 			page 12


 624 024e 00       		.byte	0
 625 024f 00       		.byte	0
 626 0250 00       		.byte	0
 627 0251 00       		.byte	0
 628 0252 00       		.byte	0
 629 0253 00       		.byte	0
 630 0254 00       		.byte	0
 631 0255 00       		.byte	0
 632 0256 00       		.byte	0
 633 0257 00       		.byte	0
 634 0258 00       		.byte	0
 635 0259 00       		.byte	0
 636 025a 00       		.byte	0
 637 025b 00       		.byte	0
 638 025c 00       		.byte	0
 639 025d 00       		.byte	0
 640 025e 00       		.byte	0
 641 025f 00       		.byte	0
 642 0260 00       		.byte	0
 643 0261 00       		.byte	0
 644 0262 00       		.byte	0
 645 0263 00       		.byte	0
 646 0264 00       		.byte	0
 647 0265 00       		.byte	0
 648 0266 00       		.byte	0
 649 0267 00       		.byte	0
 650 0268 00       		.byte	0
 651 0269 00       		.byte	0
 652 026a 00       		.byte	0
 653 026b 00       		.byte	0
 654 026c 00       		.byte	0
 655 026d 00       		.byte	0
 656 026e 00       		.byte	0
 657 026f 00       		.byte	0
 658 0270 00       		.byte	0
 659 0271 00       		.byte	0
 660 0272 00       		.byte	0
 661 0273 00       		.byte	0
 662 0274 00       		.byte	0
 663 0275 00       		.byte	0
 664 0276 00       		.byte	0
 665 0277 00       		.byte	0
 666 0278 00       		.byte	0
 667 0279 00       		.byte	0
 668 027a 00       		.byte	0
 669 027b 00       		.byte	0
 670 027c 00       		.byte	0
 671 027d 00       		.byte	0
 672 027e 00       		.byte	0
 673 027f 00       		.byte	0
 674 0280 00       		.byte	0
 675 0281 00       		.byte	0
 676 0282 00       		.byte	0
 677 0283 00       		.byte	0
 678 0284 00       		.byte	0
 679 0285 00       		.byte	0
 680 0286 00       		.byte	0
ARM GAS  C:\Users\csap2972\AppData\Local\Temp\ccb2h9S9.s 			page 13


 681 0287 00       		.byte	0
 682 0288 00       		.byte	0
 683 0289 00       		.byte	0
 684 028a 00       		.byte	0
 685 028b 00       		.byte	0
 686 028c 00       		.byte	0
 687 028d 00       		.byte	0
 688 028e 00       		.byte	0
 689 028f 00       		.byte	0
 690 0290 00       		.byte	0
 691 0291 00       		.byte	0
 692 0292 00       		.byte	0
 693 0293 00       		.byte	0
 694 0294 00       		.byte	0
 695 0295 00       		.byte	0
 696 0296 00       		.byte	0
 697 0297 00       		.byte	0
 698 0298 00       		.byte	0
 699 0299 00       		.byte	0
 700 029a 00       		.byte	0
 701 029b 00       		.byte	0
 702 029c 00       		.byte	0
 703 029d 00       		.byte	0
 704 029e 00       		.byte	0
 705 029f 00       		.byte	0
 706 02a0 00       		.byte	0
 707 02a1 00       		.byte	0
 708 02a2 00       		.byte	0
 709 02a3 00       		.byte	0
 710 02a4 00       		.byte	0
 711 02a5 00       		.byte	0
 712 02a6 00       		.byte	0
 713 02a7 00       		.byte	0
 714 02a8 00       		.byte	0
 715 02a9 00       		.byte	0
 716 02aa 00       		.byte	0
 717 02ab 00       		.byte	0
 718 02ac 00       		.byte	0
 719 02ad 00       		.byte	0
 720 02ae 00       		.byte	0
 721 02af 00       		.byte	0
 722 02b0 00       		.byte	0
 723 02b1 00       		.byte	0
 724 02b2 00       		.byte	0
 725 02b3 00       		.byte	0
 726 02b4 00       		.byte	0
 727 02b5 00       		.byte	0
 728 02b6 00       		.byte	0
 729 02b7 00       		.byte	0
 730 02b8 00       		.byte	0
 731 02b9 00       		.byte	0
 732 02ba 00       		.byte	0
 733 02bb 00       		.byte	0
 734 02bc 00       		.byte	0
 735 02bd 00       		.byte	0
 736 02be 00       		.byte	0
 737 02bf 00       		.byte	0
ARM GAS  C:\Users\csap2972\AppData\Local\Temp\ccb2h9S9.s 			page 14


 738 02c0 00       		.byte	0
 739 02c1 00       		.byte	0
 740 02c2 00       		.byte	0
 741 02c3 00       		.byte	0
 742 02c4 00       		.byte	0
 743 02c5 00       		.byte	0
 744 02c6 00       		.byte	0
 745 02c7 00       		.byte	0
 746 02c8 00       		.byte	0
 747 02c9 00       		.byte	0
 748 02ca 00       		.byte	0
 749 02cb 00       		.byte	0
 750 02cc 00       		.byte	0
 751 02cd 00       		.byte	0
 752 02ce 00       		.byte	0
 753 02cf 00       		.byte	0
 754 02d0 00       		.byte	0
 755 02d1 00       		.byte	0
 756 02d2 00       		.byte	0
 757 02d3 00       		.byte	0
 758 02d4 00       		.byte	0
 759 02d5 00       		.byte	0
 760 02d6 00       		.byte	0
 761 02d7 00       		.byte	0
 762 02d8 00       		.byte	0
 763 02d9 00       		.byte	0
 764 02da 00       		.byte	0
 765 02db 00       		.byte	0
 766 02dc 00       		.byte	0
 767 02dd 00       		.byte	0
 768 02de 00       		.byte	0
 769 02df 00       		.byte	0
 770 02e0 00       		.byte	0
 771 02e1 00       		.byte	0
 772 02e2 00       		.byte	0
 773 02e3 00       		.byte	0
 774 02e4 00       		.byte	0
 775 02e5 00       		.byte	0
 776 02e6 00       		.byte	0
 777 02e7 00       		.byte	0
 778 02e8 00       		.byte	0
 779 02e9 00       		.byte	0
 780 02ea 00       		.byte	0
 781 02eb 00       		.byte	0
 782 02ec 00       		.byte	0
 783 02ed 00       		.byte	0
 784 02ee 00       		.byte	0
 785 02ef 00       		.byte	0
 786 02f0 00       		.byte	0
 787 02f1 00       		.byte	0
 788 02f2 00       		.byte	0
 789 02f3 00       		.byte	0
 790 02f4 00       		.byte	0
 791 02f5 00       		.byte	0
 792 02f6 00       		.byte	0
 793 02f7 00       		.byte	0
 794 02f8 00       		.byte	0
ARM GAS  C:\Users\csap2972\AppData\Local\Temp\ccb2h9S9.s 			page 15


 795 02f9 00       		.byte	0
 796 02fa 00       		.byte	0
 797 02fb 00       		.byte	0
 798 02fc 00       		.byte	0
 799 02fd 08       		.byte	8
 800 02fe 00       		.byte	0
 801 02ff 00       		.byte	0
 802              		.global	Filter_data_b
 803              		.align	2
 804              		.type	Filter_data_b, %object
 805              		.size	Filter_data_b, 512
 806              	Filter_data_b:
 807 0300 0E       		.byte	14
 808 0301 01       		.byte	1
 809 0302 00       		.byte	0
 810 0303 00       		.byte	0
 811 0304 1C       		.byte	28
 812 0305 02       		.byte	2
 813 0306 00       		.byte	0
 814 0307 00       		.byte	0
 815 0308 0E       		.byte	14
 816 0309 01       		.byte	1
 817 030a 00       		.byte	0
 818 030b 00       		.byte	0
 819 030c 7D       		.byte	125
 820 030d 54       		.byte	84
 821 030e 7D       		.byte	125
 822 030f 00       		.byte	0
 823 0310 54       		.byte	84
 824 0311 9A       		.byte	-102
 825 0312 C2       		.byte	-62
 826 0313 00       		.byte	0
 827 0314 BD       		.byte	-67
 828 0315 03       		.byte	3
 829 0316 00       		.byte	0
 830 0317 00       		.byte	0
 831 0318 7A       		.byte	122
 832 0319 07       		.byte	7
 833 031a 00       		.byte	0
 834 031b 00       		.byte	0
 835 031c BD       		.byte	-67
 836 031d 03       		.byte	3
 837 031e 00       		.byte	0
 838 031f 00       		.byte	0
 839 0320 FF       		.byte	-1
 840 0321 FC       		.byte	-4
 841 0322 7D       		.byte	125
 842 0323 00       		.byte	0
 843 0324 BA       		.byte	-70
 844 0325 F1       		.byte	-15
 845 0326 C1       		.byte	-63
 846 0327 00       		.byte	0
 847 0328 B8       		.byte	-72
 848 0329 04       		.byte	4
 849 032a 00       		.byte	0
 850 032b 00       		.byte	0
 851 032c 6F       		.byte	111
ARM GAS  C:\Users\csap2972\AppData\Local\Temp\ccb2h9S9.s 			page 16


 852 032d 09       		.byte	9
 853 032e 00       		.byte	0
 854 032f 00       		.byte	0
 855 0330 B8       		.byte	-72
 856 0331 04       		.byte	4
 857 0332 00       		.byte	0
 858 0333 00       		.byte	0
 859 0334 8F       		.byte	-113
 860 0335 C6       		.byte	-58
 861 0336 7C       		.byte	124
 862 0337 00       		.byte	0
 863 0338 54       		.byte	84
 864 0339 28       		.byte	40
 865 033a C3       		.byte	-61
 866 033b 00       		.byte	0
 867 033c 8D       		.byte	-115
 868 033d 04       		.byte	4
 869 033e 00       		.byte	0
 870 033f 00       		.byte	0
 871 0340 1A       		.byte	26
 872 0341 09       		.byte	9
 873 0342 00       		.byte	0
 874 0343 00       		.byte	0
 875 0344 8D       		.byte	-115
 876 0345 04       		.byte	4
 877 0346 00       		.byte	0
 878 0347 00       		.byte	0
 879 0348 ED       		.byte	-19
 880 0349 57       		.byte	87
 881 034a 7C       		.byte	124
 882 034b 00       		.byte	0
 883 034c 06       		.byte	6
 884 034d 97       		.byte	-105
 885 034e C3       		.byte	-61
 886 034f 00       		.byte	0
 887 0350 BF       		.byte	-65
 888 0351 03       		.byte	3
 889 0352 00       		.byte	0
 890 0353 00       		.byte	0
 891 0354 7F       		.byte	127
 892 0355 07       		.byte	7
 893 0356 00       		.byte	0
 894 0357 00       		.byte	0
 895 0358 BF       		.byte	-65
 896 0359 03       		.byte	3
 897 035a 00       		.byte	0
 898 035b 00       		.byte	0
 899 035c 53       		.byte	83
 900 035d BA       		.byte	-70
 901 035e 7E       		.byte	126
 902 035f 00       		.byte	0
 903 0360 4C       		.byte	76
 904 0361 34       		.byte	52
 905 0362 C1       		.byte	-63
 906 0363 00       		.byte	0
 907 0364 EE       		.byte	-18
 908 0365 04       		.byte	4
ARM GAS  C:\Users\csap2972\AppData\Local\Temp\ccb2h9S9.s 			page 17


 909 0366 00       		.byte	0
 910 0367 00       		.byte	0
 911 0368 DD       		.byte	-35
 912 0369 09       		.byte	9
 913 036a 00       		.byte	0
 914 036b 00       		.byte	0
 915 036c EE       		.byte	-18
 916 036d 04       		.byte	4
 917 036e 00       		.byte	0
 918 036f 00       		.byte	0
 919 0370 2A       		.byte	42
 920 0371 0C       		.byte	12
 921 0372 7C       		.byte	124
 922 0373 00       		.byte	0
 923 0374 D3       		.byte	-45
 924 0375 E2       		.byte	-30
 925 0376 C3       		.byte	-61
 926 0377 00       		.byte	0
 927 0378 49       		.byte	73
 928 0379 04       		.byte	4
 929 037a 00       		.byte	0
 930 037b 00       		.byte	0
 931 037c 93       		.byte	-109
 932 037d 08       		.byte	8
 933 037e 00       		.byte	0
 934 037f 00       		.byte	0
 935 0380 49       		.byte	73
 936 0381 04       		.byte	4
 937 0382 00       		.byte	0
 938 0383 00       		.byte	0
 939 0384 AE       		.byte	-82
 940 0385 E5       		.byte	-27
 941 0386 7B       		.byte	123
 942 0387 00       		.byte	0
 943 0388 54       		.byte	84
 944 0389 09       		.byte	9
 945 038a C4       		.byte	-60
 946 038b 00       		.byte	0
 947 038c AB       		.byte	-85
 948 038d 08       		.byte	8
 949 038e 00       		.byte	0
 950 038f 00       		.byte	0
 951 0390 55       		.byte	85
 952 0391 11       		.byte	17
 953 0392 00       		.byte	0
 954 0393 00       		.byte	0
 955 0394 AB       		.byte	-85
 956 0395 08       		.byte	8
 957 0396 00       		.byte	0
 958 0397 00       		.byte	0
 959 0398 C2       		.byte	-62
 960 0399 85       		.byte	-123
 961 039a 7F       		.byte	127
 962 039b 00       		.byte	0
 963 039c C0       		.byte	-64
 964 039d 68       		.byte	104
 965 039e C0       		.byte	-64
ARM GAS  C:\Users\csap2972\AppData\Local\Temp\ccb2h9S9.s 			page 18


 966 039f 00       		.byte	0
 967 03a0 00       		.byte	0
 968 03a1 00       		.byte	0
 969 03a2 00       		.byte	0
 970 03a3 00       		.byte	0
 971 03a4 00       		.byte	0
 972 03a5 00       		.byte	0
 973 03a6 00       		.byte	0
 974 03a7 00       		.byte	0
 975 03a8 00       		.byte	0
 976 03a9 00       		.byte	0
 977 03aa 00       		.byte	0
 978 03ab 00       		.byte	0
 979 03ac 00       		.byte	0
 980 03ad 00       		.byte	0
 981 03ae 00       		.byte	0
 982 03af 00       		.byte	0
 983 03b0 00       		.byte	0
 984 03b1 00       		.byte	0
 985 03b2 00       		.byte	0
 986 03b3 00       		.byte	0
 987 03b4 00       		.byte	0
 988 03b5 00       		.byte	0
 989 03b6 00       		.byte	0
 990 03b7 00       		.byte	0
 991 03b8 00       		.byte	0
 992 03b9 00       		.byte	0
 993 03ba 00       		.byte	0
 994 03bb 00       		.byte	0
 995 03bc 00       		.byte	0
 996 03bd 00       		.byte	0
 997 03be 00       		.byte	0
 998 03bf 00       		.byte	0
 999 03c0 00       		.byte	0
 1000 03c1 00       		.byte	0
 1001 03c2 00       		.byte	0
 1002 03c3 00       		.byte	0
 1003 03c4 00       		.byte	0
 1004 03c5 00       		.byte	0
 1005 03c6 00       		.byte	0
 1006 03c7 00       		.byte	0
 1007 03c8 00       		.byte	0
 1008 03c9 00       		.byte	0
 1009 03ca 00       		.byte	0
 1010 03cb 00       		.byte	0
 1011 03cc 00       		.byte	0
 1012 03cd 00       		.byte	0
 1013 03ce 00       		.byte	0
 1014 03cf 00       		.byte	0
 1015 03d0 00       		.byte	0
 1016 03d1 00       		.byte	0
 1017 03d2 00       		.byte	0
 1018 03d3 00       		.byte	0
 1019 03d4 00       		.byte	0
 1020 03d5 00       		.byte	0
 1021 03d6 00       		.byte	0
 1022 03d7 00       		.byte	0
ARM GAS  C:\Users\csap2972\AppData\Local\Temp\ccb2h9S9.s 			page 19


 1023 03d8 00       		.byte	0
 1024 03d9 00       		.byte	0
 1025 03da 00       		.byte	0
 1026 03db 00       		.byte	0
 1027 03dc 00       		.byte	0
 1028 03dd 00       		.byte	0
 1029 03de 00       		.byte	0
 1030 03df 00       		.byte	0
 1031 03e0 00       		.byte	0
 1032 03e1 00       		.byte	0
 1033 03e2 00       		.byte	0
 1034 03e3 00       		.byte	0
 1035 03e4 00       		.byte	0
 1036 03e5 00       		.byte	0
 1037 03e6 00       		.byte	0
 1038 03e7 00       		.byte	0
 1039 03e8 00       		.byte	0
 1040 03e9 00       		.byte	0
 1041 03ea 00       		.byte	0
 1042 03eb 00       		.byte	0
 1043 03ec 00       		.byte	0
 1044 03ed 00       		.byte	0
 1045 03ee 00       		.byte	0
 1046 03ef 00       		.byte	0
 1047 03f0 00       		.byte	0
 1048 03f1 00       		.byte	0
 1049 03f2 00       		.byte	0
 1050 03f3 00       		.byte	0
 1051 03f4 00       		.byte	0
 1052 03f5 00       		.byte	0
 1053 03f6 00       		.byte	0
 1054 03f7 00       		.byte	0
 1055 03f8 00       		.byte	0
 1056 03f9 00       		.byte	0
 1057 03fa 00       		.byte	0
 1058 03fb 00       		.byte	0
 1059 03fc 00       		.byte	0
 1060 03fd 00       		.byte	0
 1061 03fe 00       		.byte	0
 1062 03ff 00       		.byte	0
 1063 0400 00       		.byte	0
 1064 0401 00       		.byte	0
 1065 0402 00       		.byte	0
 1066 0403 00       		.byte	0
 1067 0404 00       		.byte	0
 1068 0405 00       		.byte	0
 1069 0406 00       		.byte	0
 1070 0407 00       		.byte	0
 1071 0408 00       		.byte	0
 1072 0409 00       		.byte	0
 1073 040a 00       		.byte	0
 1074 040b 00       		.byte	0
 1075 040c 00       		.byte	0
 1076 040d 00       		.byte	0
 1077 040e 00       		.byte	0
 1078 040f 00       		.byte	0
 1079 0410 00       		.byte	0
ARM GAS  C:\Users\csap2972\AppData\Local\Temp\ccb2h9S9.s 			page 20


 1080 0411 00       		.byte	0
 1081 0412 00       		.byte	0
 1082 0413 00       		.byte	0
 1083 0414 00       		.byte	0
 1084 0415 00       		.byte	0
 1085 0416 00       		.byte	0
 1086 0417 00       		.byte	0
 1087 0418 00       		.byte	0
 1088 0419 00       		.byte	0
 1089 041a 00       		.byte	0
 1090 041b 00       		.byte	0
 1091 041c 00       		.byte	0
 1092 041d 00       		.byte	0
 1093 041e 00       		.byte	0
 1094 041f 00       		.byte	0
 1095 0420 00       		.byte	0
 1096 0421 00       		.byte	0
 1097 0422 00       		.byte	0
 1098 0423 00       		.byte	0
 1099 0424 00       		.byte	0
 1100 0425 00       		.byte	0
 1101 0426 00       		.byte	0
 1102 0427 00       		.byte	0
 1103 0428 00       		.byte	0
 1104 0429 00       		.byte	0
 1105 042a 00       		.byte	0
 1106 042b 00       		.byte	0
 1107 042c 00       		.byte	0
 1108 042d 00       		.byte	0
 1109 042e 00       		.byte	0
 1110 042f 00       		.byte	0
 1111 0430 00       		.byte	0
 1112 0431 00       		.byte	0
 1113 0432 00       		.byte	0
 1114 0433 00       		.byte	0
 1115 0434 00       		.byte	0
 1116 0435 00       		.byte	0
 1117 0436 00       		.byte	0
 1118 0437 00       		.byte	0
 1119 0438 00       		.byte	0
 1120 0439 00       		.byte	0
 1121 043a 00       		.byte	0
 1122 043b 00       		.byte	0
 1123 043c 00       		.byte	0
 1124 043d 00       		.byte	0
 1125 043e 00       		.byte	0
 1126 043f 00       		.byte	0
 1127 0440 00       		.byte	0
 1128 0441 00       		.byte	0
 1129 0442 00       		.byte	0
 1130 0443 00       		.byte	0
 1131 0444 00       		.byte	0
 1132 0445 00       		.byte	0
 1133 0446 00       		.byte	0
 1134 0447 00       		.byte	0
 1135 0448 00       		.byte	0
 1136 0449 00       		.byte	0
ARM GAS  C:\Users\csap2972\AppData\Local\Temp\ccb2h9S9.s 			page 21


 1137 044a 00       		.byte	0
 1138 044b 00       		.byte	0
 1139 044c 00       		.byte	0
 1140 044d 00       		.byte	0
 1141 044e 00       		.byte	0
 1142 044f 00       		.byte	0
 1143 0450 00       		.byte	0
 1144 0451 00       		.byte	0
 1145 0452 00       		.byte	0
 1146 0453 00       		.byte	0
 1147 0454 00       		.byte	0
 1148 0455 00       		.byte	0
 1149 0456 00       		.byte	0
 1150 0457 00       		.byte	0
 1151 0458 00       		.byte	0
 1152 0459 00       		.byte	0
 1153 045a 00       		.byte	0
 1154 045b 00       		.byte	0
 1155 045c 00       		.byte	0
 1156 045d 00       		.byte	0
 1157 045e 00       		.byte	0
 1158 045f 00       		.byte	0
 1159 0460 00       		.byte	0
 1160 0461 00       		.byte	0
 1161 0462 00       		.byte	0
 1162 0463 00       		.byte	0
 1163 0464 00       		.byte	0
 1164 0465 00       		.byte	0
 1165 0466 00       		.byte	0
 1166 0467 00       		.byte	0
 1167 0468 00       		.byte	0
 1168 0469 00       		.byte	0
 1169 046a 00       		.byte	0
 1170 046b 00       		.byte	0
 1171 046c 00       		.byte	0
 1172 046d 00       		.byte	0
 1173 046e 00       		.byte	0
 1174 046f 00       		.byte	0
 1175 0470 00       		.byte	0
 1176 0471 00       		.byte	0
 1177 0472 00       		.byte	0
 1178 0473 00       		.byte	0
 1179 0474 00       		.byte	0
 1180 0475 00       		.byte	0
 1181 0476 00       		.byte	0
 1182 0477 00       		.byte	0
 1183 0478 00       		.byte	0
 1184 0479 00       		.byte	0
 1185 047a 00       		.byte	0
 1186 047b 00       		.byte	0
 1187 047c 00       		.byte	0
 1188 047d 00       		.byte	0
 1189 047e 00       		.byte	0
 1190 047f 00       		.byte	0
 1191 0480 00       		.byte	0
 1192 0481 00       		.byte	0
 1193 0482 00       		.byte	0
ARM GAS  C:\Users\csap2972\AppData\Local\Temp\ccb2h9S9.s 			page 22


 1194 0483 00       		.byte	0
 1195 0484 00       		.byte	0
 1196 0485 00       		.byte	0
 1197 0486 00       		.byte	0
 1198 0487 00       		.byte	0
 1199 0488 00       		.byte	0
 1200 0489 00       		.byte	0
 1201 048a 00       		.byte	0
 1202 048b 00       		.byte	0
 1203 048c 00       		.byte	0
 1204 048d 00       		.byte	0
 1205 048e 00       		.byte	0
 1206 048f 00       		.byte	0
 1207 0490 00       		.byte	0
 1208 0491 00       		.byte	0
 1209 0492 00       		.byte	0
 1210 0493 00       		.byte	0
 1211 0494 00       		.byte	0
 1212 0495 00       		.byte	0
 1213 0496 00       		.byte	0
 1214 0497 00       		.byte	0
 1215 0498 00       		.byte	0
 1216 0499 00       		.byte	0
 1217 049a 00       		.byte	0
 1218 049b 00       		.byte	0
 1219 049c 00       		.byte	0
 1220 049d 00       		.byte	0
 1221 049e 00       		.byte	0
 1222 049f 00       		.byte	0
 1223 04a0 00       		.byte	0
 1224 04a1 00       		.byte	0
 1225 04a2 00       		.byte	0
 1226 04a3 00       		.byte	0
 1227 04a4 00       		.byte	0
 1228 04a5 00       		.byte	0
 1229 04a6 00       		.byte	0
 1230 04a7 00       		.byte	0
 1231 04a8 00       		.byte	0
 1232 04a9 00       		.byte	0
 1233 04aa 00       		.byte	0
 1234 04ab 00       		.byte	0
 1235 04ac 00       		.byte	0
 1236 04ad 00       		.byte	0
 1237 04ae 00       		.byte	0
 1238 04af 00       		.byte	0
 1239 04b0 00       		.byte	0
 1240 04b1 00       		.byte	0
 1241 04b2 00       		.byte	0
 1242 04b3 00       		.byte	0
 1243 04b4 00       		.byte	0
 1244 04b5 00       		.byte	0
 1245 04b6 00       		.byte	0
 1246 04b7 00       		.byte	0
 1247 04b8 00       		.byte	0
 1248 04b9 00       		.byte	0
 1249 04ba 00       		.byte	0
 1250 04bb 00       		.byte	0
ARM GAS  C:\Users\csap2972\AppData\Local\Temp\ccb2h9S9.s 			page 23


 1251 04bc 00       		.byte	0
 1252 04bd 00       		.byte	0
 1253 04be 00       		.byte	0
 1254 04bf 00       		.byte	0
 1255 04c0 00       		.byte	0
 1256 04c1 00       		.byte	0
 1257 04c2 00       		.byte	0
 1258 04c3 00       		.byte	0
 1259 04c4 00       		.byte	0
 1260 04c5 00       		.byte	0
 1261 04c6 00       		.byte	0
 1262 04c7 00       		.byte	0
 1263 04c8 00       		.byte	0
 1264 04c9 00       		.byte	0
 1265 04ca 00       		.byte	0
 1266 04cb 00       		.byte	0
 1267 04cc 00       		.byte	0
 1268 04cd 00       		.byte	0
 1269 04ce 00       		.byte	0
 1270 04cf 00       		.byte	0
 1271 04d0 00       		.byte	0
 1272 04d1 00       		.byte	0
 1273 04d2 00       		.byte	0
 1274 04d3 00       		.byte	0
 1275 04d4 00       		.byte	0
 1276 04d5 00       		.byte	0
 1277 04d6 00       		.byte	0
 1278 04d7 00       		.byte	0
 1279 04d8 00       		.byte	0
 1280 04d9 00       		.byte	0
 1281 04da 00       		.byte	0
 1282 04db 00       		.byte	0
 1283 04dc 00       		.byte	0
 1284 04dd 00       		.byte	0
 1285 04de 00       		.byte	0
 1286 04df 00       		.byte	0
 1287 04e0 00       		.byte	0
 1288 04e1 00       		.byte	0
 1289 04e2 00       		.byte	0
 1290 04e3 00       		.byte	0
 1291 04e4 00       		.byte	0
 1292 04e5 00       		.byte	0
 1293 04e6 00       		.byte	0
 1294 04e7 00       		.byte	0
 1295 04e8 00       		.byte	0
 1296 04e9 00       		.byte	0
 1297 04ea 00       		.byte	0
 1298 04eb 00       		.byte	0
 1299 04ec 00       		.byte	0
 1300 04ed 00       		.byte	0
 1301 04ee 00       		.byte	0
 1302 04ef 00       		.byte	0
 1303 04f0 00       		.byte	0
 1304 04f1 00       		.byte	0
 1305 04f2 00       		.byte	0
 1306 04f3 00       		.byte	0
 1307 04f4 00       		.byte	0
ARM GAS  C:\Users\csap2972\AppData\Local\Temp\ccb2h9S9.s 			page 24


 1308 04f5 00       		.byte	0
 1309 04f6 00       		.byte	0
 1310 04f7 00       		.byte	0
 1311 04f8 00       		.byte	0
 1312 04f9 00       		.byte	0
 1313 04fa 00       		.byte	0
 1314 04fb 00       		.byte	0
 1315 04fc 00       		.byte	0
 1316 04fd 08       		.byte	8
 1317 04fe 00       		.byte	0
 1318 04ff 00       		.byte	0
 1319              		.global	Filter_acu
 1320              		.align	2
 1321              		.type	Filter_acu, %object
 1322              		.size	Filter_acu, 64
 1323              	Filter_acu:
 1324 0500 A7       		.byte	-89
 1325 0501 13       		.byte	19
 1326 0502 00       		.byte	0
 1327 0503 00       		.byte	0
 1328 0504 00       		.byte	0
 1329 0505 00       		.byte	0
 1330 0506 00       		.byte	0
 1331 0507 00       		.byte	0
 1332 0508 02       		.byte	2
 1333 0509 01       		.byte	1
 1334 050a 00       		.byte	0
 1335 050b 00       		.byte	0
 1336 050c 7E       		.byte	126
 1337 050d 3F       		.byte	63
 1338 050e 00       		.byte	0
 1339 050f 00       		.byte	0
 1340 0510 FF       		.byte	-1
 1341 0511 3F       		.byte	63
 1342 0512 00       		.byte	0
 1343 0513 00       		.byte	0
 1344 0514 00       		.byte	0
 1345 0515 00       		.byte	0
 1346 0516 00       		.byte	0
 1347 0517 00       		.byte	0
 1348 0518 00       		.byte	0
 1349 0519 00       		.byte	0
 1350 051a 00       		.byte	0
 1351 051b 00       		.byte	0
 1352 051c 00       		.byte	0
 1353 051d 00       		.byte	0
 1354 051e 00       		.byte	0
 1355 051f 00       		.byte	0
 1356 0520 00       		.byte	0
 1357 0521 00       		.byte	0
 1358 0522 00       		.byte	0
 1359 0523 00       		.byte	0
 1360 0524 00       		.byte	0
 1361 0525 00       		.byte	0
 1362 0526 00       		.byte	0
 1363 0527 00       		.byte	0
 1364 0528 00       		.byte	0
ARM GAS  C:\Users\csap2972\AppData\Local\Temp\ccb2h9S9.s 			page 25


 1365 0529 00       		.byte	0
 1366 052a 00       		.byte	0
 1367 052b 00       		.byte	0
 1368 052c 00       		.byte	0
 1369 052d 00       		.byte	0
 1370 052e 00       		.byte	0
 1371 052f 00       		.byte	0
 1372 0530 00       		.byte	0
 1373 0531 00       		.byte	0
 1374 0532 00       		.byte	0
 1375 0533 00       		.byte	0
 1376 0534 00       		.byte	0
 1377 0535 00       		.byte	0
 1378 0536 00       		.byte	0
 1379 0537 00       		.byte	0
 1380 0538 00       		.byte	0
 1381 0539 00       		.byte	0
 1382 053a 00       		.byte	0
 1383 053b 00       		.byte	0
 1384 053c 00       		.byte	0
 1385 053d 00       		.byte	0
 1386 053e 00       		.byte	0
 1387 053f 00       		.byte	0
 1388              		.global	Filter_cfsm
 1389              		.align	2
 1390              		.type	Filter_cfsm, %object
 1391              		.size	Filter_cfsm, 256
 1392              	Filter_cfsm:
 1393 0540 21       		.byte	33
 1394 0541 F8       		.byte	-8
 1395 0542 05       		.byte	5
 1396 0543 01       		.byte	1
 1397 0544 42       		.byte	66
 1398 0545 10       		.byte	16
 1399 0546 86       		.byte	-122
 1400 0547 40       		.byte	64
 1401 0548 63       		.byte	99
 1402 0549 F8       		.byte	-8
 1403 054a 11       		.byte	17
 1404 054b 01       		.byte	1
 1405 054c 04       		.byte	4
 1406 054d 89       		.byte	-119
 1407 054e A4       		.byte	-92
 1408 054f 20       		.byte	32
 1409 0550 01       		.byte	1
 1410 0551 F8       		.byte	-8
 1411 0552 05       		.byte	5
 1412 0553 01       		.byte	1
 1413 0554 00       		.byte	0
 1414 0555 00       		.byte	0
 1415 0556 00       		.byte	0
 1416 0557 00       		.byte	0
 1417 0558 00       		.byte	0
 1418 0559 00       		.byte	0
 1419 055a 00       		.byte	0
 1420 055b 00       		.byte	0
 1421 055c 00       		.byte	0
ARM GAS  C:\Users\csap2972\AppData\Local\Temp\ccb2h9S9.s 			page 26


 1422 055d 00       		.byte	0
 1423 055e 00       		.byte	0
 1424 055f 00       		.byte	0
 1425 0560 00       		.byte	0
 1426 0561 00       		.byte	0
 1427 0562 00       		.byte	0
 1428 0563 00       		.byte	0
 1429 0564 00       		.byte	0
 1430 0565 00       		.byte	0
 1431 0566 00       		.byte	0
 1432 0567 00       		.byte	0
 1433 0568 00       		.byte	0
 1434 0569 00       		.byte	0
 1435 056a 00       		.byte	0
 1436 056b 00       		.byte	0
 1437 056c 00       		.byte	0
 1438 056d 00       		.byte	0
 1439 056e 00       		.byte	0
 1440 056f 00       		.byte	0
 1441 0570 00       		.byte	0
 1442 0571 00       		.byte	0
 1443 0572 00       		.byte	0
 1444 0573 00       		.byte	0
 1445 0574 00       		.byte	0
 1446 0575 00       		.byte	0
 1447 0576 00       		.byte	0
 1448 0577 00       		.byte	0
 1449 0578 00       		.byte	0
 1450 0579 00       		.byte	0
 1451 057a 00       		.byte	0
 1452 057b 00       		.byte	0
 1453 057c 00       		.byte	0
 1454 057d 00       		.byte	0
 1455 057e 00       		.byte	0
 1456 057f 00       		.byte	0
 1457 0580 00       		.byte	0
 1458 0581 00       		.byte	0
 1459 0582 00       		.byte	0
 1460 0583 00       		.byte	0
 1461 0584 00       		.byte	0
 1462 0585 00       		.byte	0
 1463 0586 00       		.byte	0
 1464 0587 00       		.byte	0
 1465 0588 00       		.byte	0
 1466 0589 00       		.byte	0
 1467 058a 00       		.byte	0
 1468 058b 00       		.byte	0
 1469 058c 00       		.byte	0
 1470 058d 00       		.byte	0
 1471 058e 00       		.byte	0
 1472 058f 00       		.byte	0
 1473 0590 00       		.byte	0
 1474 0591 00       		.byte	0
 1475 0592 00       		.byte	0
 1476 0593 00       		.byte	0
 1477 0594 00       		.byte	0
 1478 0595 00       		.byte	0
ARM GAS  C:\Users\csap2972\AppData\Local\Temp\ccb2h9S9.s 			page 27


 1479 0596 00       		.byte	0
 1480 0597 00       		.byte	0
 1481 0598 00       		.byte	0
 1482 0599 00       		.byte	0
 1483 059a 00       		.byte	0
 1484 059b 00       		.byte	0
 1485 059c 00       		.byte	0
 1486 059d 00       		.byte	0
 1487 059e 00       		.byte	0
 1488 059f 00       		.byte	0
 1489 05a0 00       		.byte	0
 1490 05a1 00       		.byte	0
 1491 05a2 00       		.byte	0
 1492 05a3 00       		.byte	0
 1493 05a4 00       		.byte	0
 1494 05a5 00       		.byte	0
 1495 05a6 00       		.byte	0
 1496 05a7 00       		.byte	0
 1497 05a8 00       		.byte	0
 1498 05a9 00       		.byte	0
 1499 05aa 00       		.byte	0
 1500 05ab 00       		.byte	0
 1501 05ac 00       		.byte	0
 1502 05ad 00       		.byte	0
 1503 05ae 00       		.byte	0
 1504 05af 00       		.byte	0
 1505 05b0 00       		.byte	0
 1506 05b1 00       		.byte	0
 1507 05b2 00       		.byte	0
 1508 05b3 00       		.byte	0
 1509 05b4 00       		.byte	0
 1510 05b5 00       		.byte	0
 1511 05b6 00       		.byte	0
 1512 05b7 00       		.byte	0
 1513 05b8 00       		.byte	0
 1514 05b9 00       		.byte	0
 1515 05ba 00       		.byte	0
 1516 05bb 00       		.byte	0
 1517 05bc 00       		.byte	0
 1518 05bd 00       		.byte	0
 1519 05be 00       		.byte	0
 1520 05bf 00       		.byte	0
 1521 05c0 00       		.byte	0
 1522 05c1 00       		.byte	0
 1523 05c2 00       		.byte	0
 1524 05c3 00       		.byte	0
 1525 05c4 00       		.byte	0
 1526 05c5 00       		.byte	0
 1527 05c6 00       		.byte	0
 1528 05c7 00       		.byte	0
 1529 05c8 00       		.byte	0
 1530 05c9 00       		.byte	0
 1531 05ca 00       		.byte	0
 1532 05cb 00       		.byte	0
 1533 05cc 00       		.byte	0
 1534 05cd 00       		.byte	0
 1535 05ce 00       		.byte	0
ARM GAS  C:\Users\csap2972\AppData\Local\Temp\ccb2h9S9.s 			page 28


 1536 05cf 00       		.byte	0
 1537 05d0 00       		.byte	0
 1538 05d1 00       		.byte	0
 1539 05d2 00       		.byte	0
 1540 05d3 00       		.byte	0
 1541 05d4 00       		.byte	0
 1542 05d5 00       		.byte	0
 1543 05d6 00       		.byte	0
 1544 05d7 00       		.byte	0
 1545 05d8 00       		.byte	0
 1546 05d9 00       		.byte	0
 1547 05da 00       		.byte	0
 1548 05db 00       		.byte	0
 1549 05dc 00       		.byte	0
 1550 05dd 00       		.byte	0
 1551 05de 00       		.byte	0
 1552 05df 00       		.byte	0
 1553 05e0 00       		.byte	0
 1554 05e1 00       		.byte	0
 1555 05e2 00       		.byte	0
 1556 05e3 00       		.byte	0
 1557 05e4 00       		.byte	0
 1558 05e5 00       		.byte	0
 1559 05e6 00       		.byte	0
 1560 05e7 00       		.byte	0
 1561 05e8 00       		.byte	0
 1562 05e9 00       		.byte	0
 1563 05ea 00       		.byte	0
 1564 05eb 00       		.byte	0
 1565 05ec 00       		.byte	0
 1566 05ed 00       		.byte	0
 1567 05ee 00       		.byte	0
 1568 05ef 00       		.byte	0
 1569 05f0 00       		.byte	0
 1570 05f1 00       		.byte	0
 1571 05f2 00       		.byte	0
 1572 05f3 00       		.byte	0
 1573 05f4 00       		.byte	0
 1574 05f5 00       		.byte	0
 1575 05f6 00       		.byte	0
 1576 05f7 00       		.byte	0
 1577 05f8 00       		.byte	0
 1578 05f9 00       		.byte	0
 1579 05fa 00       		.byte	0
 1580 05fb 00       		.byte	0
 1581 05fc 00       		.byte	0
 1582 05fd 00       		.byte	0
 1583 05fe 00       		.byte	0
 1584 05ff 00       		.byte	0
 1585 0600 00       		.byte	0
 1586 0601 00       		.byte	0
 1587 0602 00       		.byte	0
 1588 0603 00       		.byte	0
 1589 0604 00       		.byte	0
 1590 0605 00       		.byte	0
 1591 0606 00       		.byte	0
 1592 0607 00       		.byte	0
ARM GAS  C:\Users\csap2972\AppData\Local\Temp\ccb2h9S9.s 			page 29


 1593 0608 00       		.byte	0
 1594 0609 00       		.byte	0
 1595 060a 00       		.byte	0
 1596 060b 00       		.byte	0
 1597 060c 00       		.byte	0
 1598 060d 00       		.byte	0
 1599 060e 00       		.byte	0
 1600 060f 00       		.byte	0
 1601 0610 00       		.byte	0
 1602 0611 00       		.byte	0
 1603 0612 00       		.byte	0
 1604 0613 00       		.byte	0
 1605 0614 00       		.byte	0
 1606 0615 00       		.byte	0
 1607 0616 00       		.byte	0
 1608 0617 00       		.byte	0
 1609 0618 00       		.byte	0
 1610 0619 00       		.byte	0
 1611 061a 00       		.byte	0
 1612 061b 00       		.byte	0
 1613 061c 00       		.byte	0
 1614 061d 00       		.byte	0
 1615 061e 00       		.byte	0
 1616 061f 00       		.byte	0
 1617 0620 00       		.byte	0
 1618 0621 00       		.byte	0
 1619 0622 00       		.byte	0
 1620 0623 00       		.byte	0
 1621 0624 00       		.byte	0
 1622 0625 00       		.byte	0
 1623 0626 00       		.byte	0
 1624 0627 00       		.byte	0
 1625 0628 00       		.byte	0
 1626 0629 00       		.byte	0
 1627 062a 00       		.byte	0
 1628 062b 00       		.byte	0
 1629 062c 00       		.byte	0
 1630 062d 00       		.byte	0
 1631 062e 00       		.byte	0
 1632 062f 00       		.byte	0
 1633 0630 00       		.byte	0
 1634 0631 00       		.byte	0
 1635 0632 00       		.byte	0
 1636 0633 00       		.byte	0
 1637 0634 00       		.byte	0
 1638 0635 00       		.byte	0
 1639 0636 00       		.byte	0
 1640 0637 00       		.byte	0
 1641 0638 00       		.byte	0
 1642 0639 00       		.byte	0
 1643 063a 00       		.byte	0
 1644 063b 00       		.byte	0
 1645 063c 00       		.byte	0
 1646 063d 00       		.byte	0
 1647 063e 00       		.byte	0
 1648 063f 00       		.byte	0
 1649              		.text
ARM GAS  C:\Users\csap2972\AppData\Local\Temp\ccb2h9S9.s 			page 30


 1650              	.Letext0:
 1651              		.file 1 ".\\Generated_Source\\PSoC5\\Filter_RAM_Data.c"
 1652              		.file 2 "./Generated_Source/PSoC5/cytypes.h"
 1653              		.section	.debug_info
 1654 0000 21010000 		.4byte	0x121
 1655 0004 0200     		.2byte	0x2
 1656 0006 00000000 		.4byte	.Ldebug_abbrev0
 1657 000a 04       		.byte	0x4
 1658 000b 01       		.uleb128 0x1
 1659 000c 99000000 		.4byte	.LASF15
 1660 0010 01       		.byte	0x1
 1661 0011 16010000 		.4byte	.LASF16
 1662 0015 1B000000 		.4byte	.LASF17
 1663 0019 00000000 		.4byte	.Ltext0
 1664 001d 00000000 		.4byte	.Letext0
 1665 0021 00000000 		.4byte	.Ldebug_line0
 1666 0025 02       		.uleb128 0x2
 1667 0026 01       		.byte	0x1
 1668 0027 06       		.byte	0x6
 1669 0028 F0000000 		.4byte	.LASF0
 1670 002c 02       		.uleb128 0x2
 1671 002d 01       		.byte	0x1
 1672 002e 08       		.byte	0x8
 1673 002f A5000000 		.4byte	.LASF1
 1674 0033 02       		.uleb128 0x2
 1675 0034 02       		.byte	0x2
 1676 0035 05       		.byte	0x5
 1677 0036 41010000 		.4byte	.LASF2
 1678 003a 02       		.uleb128 0x2
 1679 003b 02       		.byte	0x2
 1680 003c 07       		.byte	0x7
 1681 003d DD000000 		.4byte	.LASF3
 1682 0041 02       		.uleb128 0x2
 1683 0042 04       		.byte	0x4
 1684 0043 05       		.byte	0x5
 1685 0044 B8000000 		.4byte	.LASF4
 1686 0048 02       		.uleb128 0x2
 1687 0049 04       		.byte	0x4
 1688 004a 07       		.byte	0x7
 1689 004b 70000000 		.4byte	.LASF5
 1690 004f 02       		.uleb128 0x2
 1691 0050 08       		.byte	0x8
 1692 0051 05       		.byte	0x5
 1693 0052 00000000 		.4byte	.LASF6
 1694 0056 02       		.uleb128 0x2
 1695 0057 08       		.byte	0x8
 1696 0058 07       		.byte	0x7
 1697 0059 82000000 		.4byte	.LASF7
 1698 005d 03       		.uleb128 0x3
 1699 005e 04       		.byte	0x4
 1700 005f 05       		.byte	0x5
 1701 0060 696E7400 		.ascii	"int\000"
 1702 0064 02       		.uleb128 0x2
 1703 0065 04       		.byte	0x4
 1704 0066 07       		.byte	0x7
 1705 0067 0E000000 		.4byte	.LASF8
 1706 006b 02       		.uleb128 0x2
ARM GAS  C:\Users\csap2972\AppData\Local\Temp\ccb2h9S9.s 			page 31


 1707 006c 01       		.byte	0x1
 1708 006d 08       		.byte	0x8
 1709 006e B3000000 		.4byte	.LASF9
 1710 0072 04       		.uleb128 0x4
 1711 0073 6A000000 		.4byte	.LASF18
 1712 0077 02       		.byte	0x2
 1713 0078 60       		.byte	0x60
 1714 0079 2C000000 		.4byte	0x2c
 1715 007d 05       		.uleb128 0x5
 1716 007e 04       		.byte	0x4
 1717 007f 07       		.byte	0x7
 1718 0080 06       		.uleb128 0x6
 1719 0081 72000000 		.4byte	0x72
 1720 0085 90000000 		.4byte	0x90
 1721 0089 07       		.uleb128 0x7
 1722 008a 7D000000 		.4byte	0x7d
 1723 008e FF       		.byte	0xff
 1724 008f 00       		.byte	0x0
 1725 0090 08       		.uleb128 0x8
 1726 0091 FC000000 		.4byte	.LASF10
 1727 0095 01       		.byte	0x1
 1728 0096 04       		.byte	0x4
 1729 0097 A2000000 		.4byte	0xa2
 1730 009b 01       		.byte	0x1
 1731 009c 05       		.byte	0x5
 1732 009d 03       		.byte	0x3
 1733 009e 00000000 		.4byte	Filter_control
 1734 00a2 09       		.uleb128 0x9
 1735 00a3 80000000 		.4byte	0x80
 1736 00a7 06       		.uleb128 0x6
 1737 00a8 72000000 		.4byte	0x72
 1738 00ac B8000000 		.4byte	0xb8
 1739 00b0 0A       		.uleb128 0xa
 1740 00b1 7D000000 		.4byte	0x7d
 1741 00b5 FF01     		.2byte	0x1ff
 1742 00b7 00       		.byte	0x0
 1743 00b8 08       		.uleb128 0x8
 1744 00b9 C1000000 		.4byte	.LASF11
 1745 00bd 01       		.byte	0x1
 1746 00be 28       		.byte	0x28
 1747 00bf CA000000 		.4byte	0xca
 1748 00c3 01       		.byte	0x1
 1749 00c4 05       		.byte	0x5
 1750 00c5 03       		.byte	0x3
 1751 00c6 00000000 		.4byte	Filter_data_a
 1752 00ca 09       		.uleb128 0x9
 1753 00cb A7000000 		.4byte	0xa7
 1754 00cf 08       		.uleb128 0x8
 1755 00d0 CF000000 		.4byte	.LASF12
 1756 00d4 01       		.byte	0x1
 1757 00d5 6C       		.byte	0x6c
 1758 00d6 E1000000 		.4byte	0xe1
 1759 00da 01       		.byte	0x1
 1760 00db 05       		.byte	0x5
 1761 00dc 03       		.byte	0x3
 1762 00dd 00000000 		.4byte	Filter_data_b
 1763 00e1 09       		.uleb128 0x9
ARM GAS  C:\Users\csap2972\AppData\Local\Temp\ccb2h9S9.s 			page 32


 1764 00e2 A7000000 		.4byte	0xa7
 1765 00e6 08       		.uleb128 0x8
 1766 00e7 4B010000 		.4byte	.LASF13
 1767 00eb 01       		.byte	0x1
 1768 00ec BC       		.byte	0xbc
 1769 00ed F8000000 		.4byte	0xf8
 1770 00f1 01       		.byte	0x1
 1771 00f2 05       		.byte	0x5
 1772 00f3 03       		.byte	0x3
 1773 00f4 00000000 		.4byte	Filter_cfsm
 1774 00f8 09       		.uleb128 0x9
 1775 00f9 80000000 		.4byte	0x80
 1776 00fd 06       		.uleb128 0x6
 1777 00fe 72000000 		.4byte	0x72
 1778 0102 0D010000 		.4byte	0x10d
 1779 0106 07       		.uleb128 0x7
 1780 0107 7D000000 		.4byte	0x7d
 1781 010b 3F       		.byte	0x3f
 1782 010c 00       		.byte	0x0
 1783 010d 08       		.uleb128 0x8
 1784 010e 0B010000 		.4byte	.LASF14
 1785 0112 01       		.byte	0x1
 1786 0113 B0       		.byte	0xb0
 1787 0114 1F010000 		.4byte	0x11f
 1788 0118 01       		.byte	0x1
 1789 0119 05       		.byte	0x5
 1790 011a 03       		.byte	0x3
 1791 011b 00000000 		.4byte	Filter_acu
 1792 011f 09       		.uleb128 0x9
 1793 0120 FD000000 		.4byte	0xfd
 1794 0124 00       		.byte	0x0
 1795              		.section	.debug_abbrev
 1796 0000 01       		.uleb128 0x1
 1797 0001 11       		.uleb128 0x11
 1798 0002 01       		.byte	0x1
 1799 0003 25       		.uleb128 0x25
 1800 0004 0E       		.uleb128 0xe
 1801 0005 13       		.uleb128 0x13
 1802 0006 0B       		.uleb128 0xb
 1803 0007 03       		.uleb128 0x3
 1804 0008 0E       		.uleb128 0xe
 1805 0009 1B       		.uleb128 0x1b
 1806 000a 0E       		.uleb128 0xe
 1807 000b 11       		.uleb128 0x11
 1808 000c 01       		.uleb128 0x1
 1809 000d 12       		.uleb128 0x12
 1810 000e 01       		.uleb128 0x1
 1811 000f 10       		.uleb128 0x10
 1812 0010 06       		.uleb128 0x6
 1813 0011 00       		.byte	0x0
 1814 0012 00       		.byte	0x0
 1815 0013 02       		.uleb128 0x2
 1816 0014 24       		.uleb128 0x24
 1817 0015 00       		.byte	0x0
 1818 0016 0B       		.uleb128 0xb
 1819 0017 0B       		.uleb128 0xb
 1820 0018 3E       		.uleb128 0x3e
ARM GAS  C:\Users\csap2972\AppData\Local\Temp\ccb2h9S9.s 			page 33


 1821 0019 0B       		.uleb128 0xb
 1822 001a 03       		.uleb128 0x3
 1823 001b 0E       		.uleb128 0xe
 1824 001c 00       		.byte	0x0
 1825 001d 00       		.byte	0x0
 1826 001e 03       		.uleb128 0x3
 1827 001f 24       		.uleb128 0x24
 1828 0020 00       		.byte	0x0
 1829 0021 0B       		.uleb128 0xb
 1830 0022 0B       		.uleb128 0xb
 1831 0023 3E       		.uleb128 0x3e
 1832 0024 0B       		.uleb128 0xb
 1833 0025 03       		.uleb128 0x3
 1834 0026 08       		.uleb128 0x8
 1835 0027 00       		.byte	0x0
 1836 0028 00       		.byte	0x0
 1837 0029 04       		.uleb128 0x4
 1838 002a 16       		.uleb128 0x16
 1839 002b 00       		.byte	0x0
 1840 002c 03       		.uleb128 0x3
 1841 002d 0E       		.uleb128 0xe
 1842 002e 3A       		.uleb128 0x3a
 1843 002f 0B       		.uleb128 0xb
 1844 0030 3B       		.uleb128 0x3b
 1845 0031 0B       		.uleb128 0xb
 1846 0032 49       		.uleb128 0x49
 1847 0033 13       		.uleb128 0x13
 1848 0034 00       		.byte	0x0
 1849 0035 00       		.byte	0x0
 1850 0036 05       		.uleb128 0x5
 1851 0037 24       		.uleb128 0x24
 1852 0038 00       		.byte	0x0
 1853 0039 0B       		.uleb128 0xb
 1854 003a 0B       		.uleb128 0xb
 1855 003b 3E       		.uleb128 0x3e
 1856 003c 0B       		.uleb128 0xb
 1857 003d 00       		.byte	0x0
 1858 003e 00       		.byte	0x0
 1859 003f 06       		.uleb128 0x6
 1860 0040 01       		.uleb128 0x1
 1861 0041 01       		.byte	0x1
 1862 0042 49       		.uleb128 0x49
 1863 0043 13       		.uleb128 0x13
 1864 0044 01       		.uleb128 0x1
 1865 0045 13       		.uleb128 0x13
 1866 0046 00       		.byte	0x0
 1867 0047 00       		.byte	0x0
 1868 0048 07       		.uleb128 0x7
 1869 0049 21       		.uleb128 0x21
 1870 004a 00       		.byte	0x0
 1871 004b 49       		.uleb128 0x49
 1872 004c 13       		.uleb128 0x13
 1873 004d 2F       		.uleb128 0x2f
 1874 004e 0B       		.uleb128 0xb
 1875 004f 00       		.byte	0x0
 1876 0050 00       		.byte	0x0
 1877 0051 08       		.uleb128 0x8
ARM GAS  C:\Users\csap2972\AppData\Local\Temp\ccb2h9S9.s 			page 34


 1878 0052 34       		.uleb128 0x34
 1879 0053 00       		.byte	0x0
 1880 0054 03       		.uleb128 0x3
 1881 0055 0E       		.uleb128 0xe
 1882 0056 3A       		.uleb128 0x3a
 1883 0057 0B       		.uleb128 0xb
 1884 0058 3B       		.uleb128 0x3b
 1885 0059 0B       		.uleb128 0xb
 1886 005a 49       		.uleb128 0x49
 1887 005b 13       		.uleb128 0x13
 1888 005c 3F       		.uleb128 0x3f
 1889 005d 0C       		.uleb128 0xc
 1890 005e 02       		.uleb128 0x2
 1891 005f 0A       		.uleb128 0xa
 1892 0060 00       		.byte	0x0
 1893 0061 00       		.byte	0x0
 1894 0062 09       		.uleb128 0x9
 1895 0063 26       		.uleb128 0x26
 1896 0064 00       		.byte	0x0
 1897 0065 49       		.uleb128 0x49
 1898 0066 13       		.uleb128 0x13
 1899 0067 00       		.byte	0x0
 1900 0068 00       		.byte	0x0
 1901 0069 0A       		.uleb128 0xa
 1902 006a 21       		.uleb128 0x21
 1903 006b 00       		.byte	0x0
 1904 006c 49       		.uleb128 0x49
 1905 006d 13       		.uleb128 0x13
 1906 006e 2F       		.uleb128 0x2f
 1907 006f 05       		.uleb128 0x5
 1908 0070 00       		.byte	0x0
 1909 0071 00       		.byte	0x0
 1910 0072 00       		.byte	0x0
 1911              		.section	.debug_pubnames,"",%progbits
 1912 0000 64000000 		.4byte	0x64
 1913 0004 0200     		.2byte	0x2
 1914 0006 00000000 		.4byte	.Ldebug_info0
 1915 000a 25010000 		.4byte	0x125
 1916 000e 90000000 		.4byte	0x90
 1917 0012 46696C74 		.ascii	"Filter_control\000"
 1917      65725F63 
 1917      6F6E7472 
 1917      6F6C00
 1918 0021 B8000000 		.4byte	0xb8
 1919 0025 46696C74 		.ascii	"Filter_data_a\000"
 1919      65725F64 
 1919      6174615F 
 1919      6100
 1920 0033 CF000000 		.4byte	0xcf
 1921 0037 46696C74 		.ascii	"Filter_data_b\000"
 1921      65725F64 
 1921      6174615F 
 1921      6200
 1922 0045 E6000000 		.4byte	0xe6
 1923 0049 46696C74 		.ascii	"Filter_cfsm\000"
 1923      65725F63 
 1923      66736D00 
ARM GAS  C:\Users\csap2972\AppData\Local\Temp\ccb2h9S9.s 			page 35


 1924 0055 0D010000 		.4byte	0x10d
 1925 0059 46696C74 		.ascii	"Filter_acu\000"
 1925      65725F61 
 1925      637500
 1926 0064 00000000 		.4byte	0x0
 1927              		.section	.debug_str,"MS",%progbits,1
 1928              	.LASF6:
 1929 0000 6C6F6E67 		.ascii	"long long int\000"
 1929      206C6F6E 
 1929      6720696E 
 1929      7400
 1930              	.LASF8:
 1931 000e 756E7369 		.ascii	"unsigned int\000"
 1931      676E6564 
 1931      20696E74 
 1931      00
 1932              	.LASF17:
 1933 001b 4A3A5C63 		.ascii	"J:\\c704\\C704224\\Cypress\\CY8C5868\\Laser_Schutzs"
 1933      3730345C 
 1933      43373034 
 1933      3232345C 
 1933      43797072 
 1934 0049 6368616C 		.ascii	"chaltung\\Design01\\Design02.cydsn\000"
 1934      74756E67 
 1934      5C446573 
 1934      69676E30 
 1934      315C4465 
 1935              	.LASF18:
 1936 006a 75696E74 		.ascii	"uint8\000"
 1936      3800
 1937              	.LASF5:
 1938 0070 6C6F6E67 		.ascii	"long unsigned int\000"
 1938      20756E73 
 1938      69676E65 
 1938      6420696E 
 1938      7400
 1939              	.LASF7:
 1940 0082 6C6F6E67 		.ascii	"long long unsigned int\000"
 1940      206C6F6E 
 1940      6720756E 
 1940      7369676E 
 1940      65642069 
 1941              	.LASF15:
 1942 0099 474E5520 		.ascii	"GNU C 4.4.1\000"
 1942      4320342E 
 1942      342E3100 
 1943              	.LASF1:
 1944 00a5 756E7369 		.ascii	"unsigned char\000"
 1944      676E6564 
 1944      20636861 
 1944      7200
 1945              	.LASF9:
 1946 00b3 63686172 		.ascii	"char\000"
 1946      00
 1947              	.LASF4:
 1948 00b8 6C6F6E67 		.ascii	"long int\000"
 1948      20696E74 
ARM GAS  C:\Users\csap2972\AppData\Local\Temp\ccb2h9S9.s 			page 36


 1948      00
 1949              	.LASF11:
 1950 00c1 46696C74 		.ascii	"Filter_data_a\000"
 1950      65725F64 
 1950      6174615F 
 1950      6100
 1951              	.LASF12:
 1952 00cf 46696C74 		.ascii	"Filter_data_b\000"
 1952      65725F64 
 1952      6174615F 
 1952      6200
 1953              	.LASF3:
 1954 00dd 73686F72 		.ascii	"short unsigned int\000"
 1954      7420756E 
 1954      7369676E 
 1954      65642069 
 1954      6E7400
 1955              	.LASF0:
 1956 00f0 7369676E 		.ascii	"signed char\000"
 1956      65642063 
 1956      68617200 
 1957              	.LASF10:
 1958 00fc 46696C74 		.ascii	"Filter_control\000"
 1958      65725F63 
 1958      6F6E7472 
 1958      6F6C00
 1959              	.LASF14:
 1960 010b 46696C74 		.ascii	"Filter_acu\000"
 1960      65725F61 
 1960      637500
 1961              	.LASF16:
 1962 0116 2E5C4765 		.ascii	".\\Generated_Source\\PSoC5\\Filter_RAM_Data.c\000"
 1962      6E657261 
 1962      7465645F 
 1962      536F7572 
 1962      63655C50 
 1963              	.LASF2:
 1964 0141 73686F72 		.ascii	"short int\000"
 1964      7420696E 
 1964      7400
 1965              	.LASF13:
 1966 014b 46696C74 		.ascii	"Filter_cfsm\000"
 1966      65725F63 
 1966      66736D00 
 1967              		.ident	"GCC: (Sourcery G++ Lite 2010q1-188) 4.4.1"
