ARM GAS  C:\Users\csap2972\AppData\Local\Temp\ccjbqf3J.s 			page 1


   1              		.syntax unified
   2              		.cpu cortex-m3
   3              		.fpu softvfp
   4              		.eabi_attribute 20, 1
   5              		.eabi_attribute 21, 1
   6              		.eabi_attribute 23, 3
   7              		.eabi_attribute 24, 1
   8              		.eabi_attribute 25, 1
   9              		.eabi_attribute 26, 1
  10              		.eabi_attribute 30, 6
  11              		.eabi_attribute 18, 4
  12              		.thumb
  13              		.file	"Status_Reg.c"
  14              		.section	.debug_abbrev,"",%progbits
  15              	.Ldebug_abbrev0:
  16              		.section	.debug_info,"",%progbits
  17              	.Ldebug_info0:
  18              		.section	.debug_line,"",%progbits
  19              	.Ldebug_line0:
  20 0000 C6000000 		.text
  20      02006300 
  20      00000201 
  20      FB0E0D00 
  20      01010101 
  21              	.Ltext0:
  22              		.cfi_sections	.debug_frame
  23              		.section	.text.Status_Reg_Read,"ax",%progbits
  24              		.align	2
  25              		.global	Status_Reg_Read
  26              		.thumb
  27              		.thumb_func
  28              		.type	Status_Reg_Read, %function
  29              	Status_Reg_Read:
  30              	.LFB0:
  31              		.file 1 ".\\Generated_Source\\PSoC5\\Status_Reg.c"
   1:.\Generated_Source\PSoC5/Status_Reg.c **** /*******************************************************************************
   2:.\Generated_Source\PSoC5/Status_Reg.c **** * File Name: Status_Reg.c  
   3:.\Generated_Source\PSoC5/Status_Reg.c **** * Version 1.70
   4:.\Generated_Source\PSoC5/Status_Reg.c **** *
   5:.\Generated_Source\PSoC5/Status_Reg.c **** * Description:
   6:.\Generated_Source\PSoC5/Status_Reg.c **** *  This file contains API to enable firmware to read the value of a Status 
   7:.\Generated_Source\PSoC5/Status_Reg.c **** *  Register.
   8:.\Generated_Source\PSoC5/Status_Reg.c **** *
   9:.\Generated_Source\PSoC5/Status_Reg.c **** * Note:
  10:.\Generated_Source\PSoC5/Status_Reg.c **** *
  11:.\Generated_Source\PSoC5/Status_Reg.c **** ********************************************************************************
  12:.\Generated_Source\PSoC5/Status_Reg.c **** * Copyright 2008-2012, Cypress Semiconductor Corporation.  All rights reserved.
  13:.\Generated_Source\PSoC5/Status_Reg.c **** * You may use this file only in accordance with the license, terms, conditions, 
  14:.\Generated_Source\PSoC5/Status_Reg.c **** * disclaimers, and limitations in the end user license agreement accompanying 
  15:.\Generated_Source\PSoC5/Status_Reg.c **** * the software package with which this file was provided.
  16:.\Generated_Source\PSoC5/Status_Reg.c **** *******************************************************************************/
  17:.\Generated_Source\PSoC5/Status_Reg.c **** 
  18:.\Generated_Source\PSoC5/Status_Reg.c **** #include "Status_Reg.h"
  19:.\Generated_Source\PSoC5/Status_Reg.c **** 
  20:.\Generated_Source\PSoC5/Status_Reg.c **** #if !defined(Status_Reg_sts_intr_sts_reg__REMOVED) /* Check for removal by optimization */
  21:.\Generated_Source\PSoC5/Status_Reg.c **** 
  22:.\Generated_Source\PSoC5/Status_Reg.c **** 
ARM GAS  C:\Users\csap2972\AppData\Local\Temp\ccjbqf3J.s 			page 2


  23:.\Generated_Source\PSoC5/Status_Reg.c **** /*******************************************************************************
  24:.\Generated_Source\PSoC5/Status_Reg.c **** * Function Name: Status_Reg_Read
  25:.\Generated_Source\PSoC5/Status_Reg.c **** ********************************************************************************
  26:.\Generated_Source\PSoC5/Status_Reg.c **** *
  27:.\Generated_Source\PSoC5/Status_Reg.c **** * Summary:
  28:.\Generated_Source\PSoC5/Status_Reg.c **** *  Reads the current value assigned to the Status Register.
  29:.\Generated_Source\PSoC5/Status_Reg.c **** *
  30:.\Generated_Source\PSoC5/Status_Reg.c **** * Parameters:
  31:.\Generated_Source\PSoC5/Status_Reg.c **** *  None.
  32:.\Generated_Source\PSoC5/Status_Reg.c **** *
  33:.\Generated_Source\PSoC5/Status_Reg.c **** * Return:
  34:.\Generated_Source\PSoC5/Status_Reg.c **** *  The current value in the Status Register.
  35:.\Generated_Source\PSoC5/Status_Reg.c **** *
  36:.\Generated_Source\PSoC5/Status_Reg.c **** *******************************************************************************/
  37:.\Generated_Source\PSoC5/Status_Reg.c **** uint8 Status_Reg_Read(void) 
  38:.\Generated_Source\PSoC5/Status_Reg.c **** { 
  32              		.loc 1 38 0
  33              		.cfi_startproc
  34              		@ args = 0, pretend = 0, frame = 0
  35              		@ frame_needed = 1, uses_anonymous_args = 0
  36              		@ link register save eliminated.
  37 0000 80B4     		push	{r7}
  38              	.LCFI0:
  39              		.cfi_def_cfa_offset 4
  40 0002 00AF     		add	r7, sp, #0
  41              		.cfi_offset 7, -4
  42              	.LCFI1:
  43              		.cfi_def_cfa_register 7
  39:.\Generated_Source\PSoC5/Status_Reg.c ****     return Status_Reg_Status;
  44              		.loc 1 39 0
  45 0004 46F26143 		movw	r3, #:lower16:1073767521
  46 0008 C4F20003 		movt	r3, #:upper16:1073767521
  47 000c 1B78     		ldrb	r3, [r3, #0]
  48 000e DBB2     		uxtb	r3, r3
  40:.\Generated_Source\PSoC5/Status_Reg.c **** }
  49              		.loc 1 40 0
  50 0010 1846     		mov	r0, r3
  51 0012 BD46     		mov	sp, r7
  52 0014 80BC     		pop	{r7}
  53 0016 7047     		bx	lr
  54              		.cfi_endproc
  55              	.LFE0:
  56              		.size	Status_Reg_Read, .-Status_Reg_Read
  57              		.section	.text.Status_Reg_InterruptEnable,"ax",%progbits
  58              		.align	2
  59              		.global	Status_Reg_InterruptEnable
  60              		.thumb
  61              		.thumb_func
  62              		.type	Status_Reg_InterruptEnable, %function
  63              	Status_Reg_InterruptEnable:
  64              	.LFB1:
  41:.\Generated_Source\PSoC5/Status_Reg.c **** 
  42:.\Generated_Source\PSoC5/Status_Reg.c **** 
  43:.\Generated_Source\PSoC5/Status_Reg.c **** /*******************************************************************************
  44:.\Generated_Source\PSoC5/Status_Reg.c **** * Function Name: Status_Reg_InterruptEnable
  45:.\Generated_Source\PSoC5/Status_Reg.c **** ********************************************************************************
  46:.\Generated_Source\PSoC5/Status_Reg.c **** *
ARM GAS  C:\Users\csap2972\AppData\Local\Temp\ccjbqf3J.s 			page 3


  47:.\Generated_Source\PSoC5/Status_Reg.c **** * Summary:
  48:.\Generated_Source\PSoC5/Status_Reg.c **** *  Enables the Status Register interrupt.
  49:.\Generated_Source\PSoC5/Status_Reg.c **** *
  50:.\Generated_Source\PSoC5/Status_Reg.c **** * Parameters:
  51:.\Generated_Source\PSoC5/Status_Reg.c **** *  None.
  52:.\Generated_Source\PSoC5/Status_Reg.c **** *
  53:.\Generated_Source\PSoC5/Status_Reg.c **** * Return:
  54:.\Generated_Source\PSoC5/Status_Reg.c **** *  None.
  55:.\Generated_Source\PSoC5/Status_Reg.c **** *
  56:.\Generated_Source\PSoC5/Status_Reg.c **** *******************************************************************************/
  57:.\Generated_Source\PSoC5/Status_Reg.c **** void Status_Reg_InterruptEnable(void) 
  58:.\Generated_Source\PSoC5/Status_Reg.c **** {
  65              		.loc 1 58 0
  66              		.cfi_startproc
  67              		@ args = 0, pretend = 0, frame = 8
  68              		@ frame_needed = 1, uses_anonymous_args = 0
  69 0000 80B5     		push	{r7, lr}
  70              	.LCFI2:
  71              		.cfi_def_cfa_offset 8
  72 0002 82B0     		sub	sp, sp, #8
  73              	.LCFI3:
  74              		.cfi_def_cfa_offset 16
  75 0004 00AF     		add	r7, sp, #0
  76              		.cfi_offset 14, -4
  77              		.cfi_offset 7, -8
  78              	.LCFI4:
  79              		.cfi_def_cfa_register 7
  59:.\Generated_Source\PSoC5/Status_Reg.c ****     uint8 interruptState;
  60:.\Generated_Source\PSoC5/Status_Reg.c ****     interruptState = CyEnterCriticalSection();
  80              		.loc 1 60 0
  81 0006 FFF7FEFF 		bl	CyEnterCriticalSection
  82 000a 0346     		mov	r3, r0
  83 000c FB71     		strb	r3, [r7, #7]
  61:.\Generated_Source\PSoC5/Status_Reg.c ****     Status_Reg_Status_Aux_Ctrl |= Status_Reg_STATUS_INTR_ENBL;
  84              		.loc 1 61 0
  85 000e 46F29143 		movw	r3, #:lower16:1073767569
  86 0012 C4F20003 		movt	r3, #:upper16:1073767569
  87 0016 46F29142 		movw	r2, #:lower16:1073767569
  88 001a C4F20002 		movt	r2, #:upper16:1073767569
  89 001e 1278     		ldrb	r2, [r2, #0]
  90 0020 D2B2     		uxtb	r2, r2
  91 0022 42F01002 		orr	r2, r2, #16
  92 0026 D2B2     		uxtb	r2, r2
  93 0028 1A70     		strb	r2, [r3, #0]
  62:.\Generated_Source\PSoC5/Status_Reg.c ****     CyExitCriticalSection(interruptState);
  94              		.loc 1 62 0
  95 002a FB79     		ldrb	r3, [r7, #7]	@ zero_extendqisi2
  96 002c 1846     		mov	r0, r3
  97 002e FFF7FEFF 		bl	CyExitCriticalSection
  63:.\Generated_Source\PSoC5/Status_Reg.c **** }
  98              		.loc 1 63 0
  99 0032 07F10807 		add	r7, r7, #8
 100 0036 BD46     		mov	sp, r7
 101 0038 80BD     		pop	{r7, pc}
 102              		.cfi_endproc
 103              	.LFE1:
 104              		.size	Status_Reg_InterruptEnable, .-Status_Reg_InterruptEnable
ARM GAS  C:\Users\csap2972\AppData\Local\Temp\ccjbqf3J.s 			page 4


 105 003a 00BF     		.section	.text.Status_Reg_InterruptDisable,"ax",%progbits
 106              		.align	2
 107              		.global	Status_Reg_InterruptDisable
 108              		.thumb
 109              		.thumb_func
 110              		.type	Status_Reg_InterruptDisable, %function
 111              	Status_Reg_InterruptDisable:
 112              	.LFB2:
  64:.\Generated_Source\PSoC5/Status_Reg.c **** 
  65:.\Generated_Source\PSoC5/Status_Reg.c **** 
  66:.\Generated_Source\PSoC5/Status_Reg.c **** /*******************************************************************************
  67:.\Generated_Source\PSoC5/Status_Reg.c **** * Function Name: Status_Reg_InterruptDisable
  68:.\Generated_Source\PSoC5/Status_Reg.c **** ********************************************************************************
  69:.\Generated_Source\PSoC5/Status_Reg.c **** *
  70:.\Generated_Source\PSoC5/Status_Reg.c **** * Summary:
  71:.\Generated_Source\PSoC5/Status_Reg.c **** *  Disables the Status Register interrupt.
  72:.\Generated_Source\PSoC5/Status_Reg.c **** *
  73:.\Generated_Source\PSoC5/Status_Reg.c **** * Parameters:
  74:.\Generated_Source\PSoC5/Status_Reg.c **** *  None.
  75:.\Generated_Source\PSoC5/Status_Reg.c **** *
  76:.\Generated_Source\PSoC5/Status_Reg.c **** * Return:
  77:.\Generated_Source\PSoC5/Status_Reg.c **** *  None.
  78:.\Generated_Source\PSoC5/Status_Reg.c **** *
  79:.\Generated_Source\PSoC5/Status_Reg.c **** *******************************************************************************/
  80:.\Generated_Source\PSoC5/Status_Reg.c **** void Status_Reg_InterruptDisable(void) 
  81:.\Generated_Source\PSoC5/Status_Reg.c **** {
 113              		.loc 1 81 0
 114              		.cfi_startproc
 115              		@ args = 0, pretend = 0, frame = 8
 116              		@ frame_needed = 1, uses_anonymous_args = 0
 117 0000 80B5     		push	{r7, lr}
 118              	.LCFI5:
 119              		.cfi_def_cfa_offset 8
 120 0002 82B0     		sub	sp, sp, #8
 121              	.LCFI6:
 122              		.cfi_def_cfa_offset 16
 123 0004 00AF     		add	r7, sp, #0
 124              		.cfi_offset 14, -4
 125              		.cfi_offset 7, -8
 126              	.LCFI7:
 127              		.cfi_def_cfa_register 7
  82:.\Generated_Source\PSoC5/Status_Reg.c ****     uint8 interruptState;
  83:.\Generated_Source\PSoC5/Status_Reg.c ****     interruptState = CyEnterCriticalSection();
 128              		.loc 1 83 0
 129 0006 FFF7FEFF 		bl	CyEnterCriticalSection
 130 000a 0346     		mov	r3, r0
 131 000c FB71     		strb	r3, [r7, #7]
  84:.\Generated_Source\PSoC5/Status_Reg.c ****     Status_Reg_Status_Aux_Ctrl &= ~Status_Reg_STATUS_INTR_ENBL;
 132              		.loc 1 84 0
 133 000e 46F29143 		movw	r3, #:lower16:1073767569
 134 0012 C4F20003 		movt	r3, #:upper16:1073767569
 135 0016 46F29142 		movw	r2, #:lower16:1073767569
 136 001a C4F20002 		movt	r2, #:upper16:1073767569
 137 001e 1278     		ldrb	r2, [r2, #0]
 138 0020 D2B2     		uxtb	r2, r2
 139 0022 02F0EF02 		and	r2, r2, #239
 140 0026 1A70     		strb	r2, [r3, #0]
ARM GAS  C:\Users\csap2972\AppData\Local\Temp\ccjbqf3J.s 			page 5


  85:.\Generated_Source\PSoC5/Status_Reg.c ****     CyExitCriticalSection(interruptState);
 141              		.loc 1 85 0
 142 0028 FB79     		ldrb	r3, [r7, #7]	@ zero_extendqisi2
 143 002a 1846     		mov	r0, r3
 144 002c FFF7FEFF 		bl	CyExitCriticalSection
  86:.\Generated_Source\PSoC5/Status_Reg.c **** }
 145              		.loc 1 86 0
 146 0030 07F10807 		add	r7, r7, #8
 147 0034 BD46     		mov	sp, r7
 148 0036 80BD     		pop	{r7, pc}
 149              		.cfi_endproc
 150              	.LFE2:
 151              		.size	Status_Reg_InterruptDisable, .-Status_Reg_InterruptDisable
 152              		.section	.text.Status_Reg_WriteMask,"ax",%progbits
 153              		.align	2
 154              		.global	Status_Reg_WriteMask
 155              		.thumb
 156              		.thumb_func
 157              		.type	Status_Reg_WriteMask, %function
 158              	Status_Reg_WriteMask:
 159              	.LFB3:
  87:.\Generated_Source\PSoC5/Status_Reg.c **** 
  88:.\Generated_Source\PSoC5/Status_Reg.c **** 
  89:.\Generated_Source\PSoC5/Status_Reg.c **** /*******************************************************************************
  90:.\Generated_Source\PSoC5/Status_Reg.c **** * Function Name: Status_Reg_WriteMask
  91:.\Generated_Source\PSoC5/Status_Reg.c **** ********************************************************************************
  92:.\Generated_Source\PSoC5/Status_Reg.c **** *
  93:.\Generated_Source\PSoC5/Status_Reg.c **** * Summary:
  94:.\Generated_Source\PSoC5/Status_Reg.c **** *  Writes the current mask value assigned to the Status Register.
  95:.\Generated_Source\PSoC5/Status_Reg.c **** *
  96:.\Generated_Source\PSoC5/Status_Reg.c **** * Parameters:
  97:.\Generated_Source\PSoC5/Status_Reg.c **** *  mask:  Value to write into the mask register.
  98:.\Generated_Source\PSoC5/Status_Reg.c **** *
  99:.\Generated_Source\PSoC5/Status_Reg.c **** * Return:
 100:.\Generated_Source\PSoC5/Status_Reg.c **** *  None.
 101:.\Generated_Source\PSoC5/Status_Reg.c **** *
 102:.\Generated_Source\PSoC5/Status_Reg.c **** *******************************************************************************/
 103:.\Generated_Source\PSoC5/Status_Reg.c **** void Status_Reg_WriteMask(uint8 mask) 
 104:.\Generated_Source\PSoC5/Status_Reg.c **** {
 160              		.loc 1 104 0
 161              		.cfi_startproc
 162              		@ args = 0, pretend = 0, frame = 8
 163              		@ frame_needed = 1, uses_anonymous_args = 0
 164              		@ link register save eliminated.
 165 0000 80B4     		push	{r7}
 166              	.LCFI8:
 167              		.cfi_def_cfa_offset 4
 168 0002 83B0     		sub	sp, sp, #12
 169              	.LCFI9:
 170              		.cfi_def_cfa_offset 16
 171 0004 00AF     		add	r7, sp, #0
 172              		.cfi_offset 7, -4
 173              	.LCFI10:
 174              		.cfi_def_cfa_register 7
 175 0006 0346     		mov	r3, r0
 176 0008 FB71     		strb	r3, [r7, #7]
 105:.\Generated_Source\PSoC5/Status_Reg.c ****     mask &= (1 << Status_Reg_INPUTS)-1;
ARM GAS  C:\Users\csap2972\AppData\Local\Temp\ccjbqf3J.s 			page 6


 177              		.loc 1 105 0
 178 000a FB79     		ldrb	r3, [r7, #7]
 179 000c 03F00103 		and	r3, r3, #1
 180 0010 FB71     		strb	r3, [r7, #7]
 106:.\Generated_Source\PSoC5/Status_Reg.c ****     Status_Reg_Status_Mask = mask;
 181              		.loc 1 106 0
 182 0012 46F28143 		movw	r3, #:lower16:1073767553
 183 0016 C4F20003 		movt	r3, #:upper16:1073767553
 184 001a FA79     		ldrb	r2, [r7, #7]
 185 001c 1A70     		strb	r2, [r3, #0]
 107:.\Generated_Source\PSoC5/Status_Reg.c **** }
 186              		.loc 1 107 0
 187 001e 07F10C07 		add	r7, r7, #12
 188 0022 BD46     		mov	sp, r7
 189 0024 80BC     		pop	{r7}
 190 0026 7047     		bx	lr
 191              		.cfi_endproc
 192              	.LFE3:
 193              		.size	Status_Reg_WriteMask, .-Status_Reg_WriteMask
 194              		.section	.text.Status_Reg_ReadMask,"ax",%progbits
 195              		.align	2
 196              		.global	Status_Reg_ReadMask
 197              		.thumb
 198              		.thumb_func
 199              		.type	Status_Reg_ReadMask, %function
 200              	Status_Reg_ReadMask:
 201              	.LFB4:
 108:.\Generated_Source\PSoC5/Status_Reg.c **** 
 109:.\Generated_Source\PSoC5/Status_Reg.c **** 
 110:.\Generated_Source\PSoC5/Status_Reg.c **** /*******************************************************************************
 111:.\Generated_Source\PSoC5/Status_Reg.c **** * Function Name: Status_Reg_ReadMask
 112:.\Generated_Source\PSoC5/Status_Reg.c **** ********************************************************************************
 113:.\Generated_Source\PSoC5/Status_Reg.c **** *
 114:.\Generated_Source\PSoC5/Status_Reg.c **** * Summary:
 115:.\Generated_Source\PSoC5/Status_Reg.c **** *  Reads the current interrupt mask assigned to the Status Register.
 116:.\Generated_Source\PSoC5/Status_Reg.c **** *
 117:.\Generated_Source\PSoC5/Status_Reg.c **** * Parameters:
 118:.\Generated_Source\PSoC5/Status_Reg.c **** *  None.
 119:.\Generated_Source\PSoC5/Status_Reg.c **** *
 120:.\Generated_Source\PSoC5/Status_Reg.c **** * Return:
 121:.\Generated_Source\PSoC5/Status_Reg.c **** *  The value of the interrupt mask of the Status Register.
 122:.\Generated_Source\PSoC5/Status_Reg.c **** *
 123:.\Generated_Source\PSoC5/Status_Reg.c **** *******************************************************************************/
 124:.\Generated_Source\PSoC5/Status_Reg.c **** uint8 Status_Reg_ReadMask(void) 
 125:.\Generated_Source\PSoC5/Status_Reg.c **** {
 202              		.loc 1 125 0
 203              		.cfi_startproc
 204              		@ args = 0, pretend = 0, frame = 0
 205              		@ frame_needed = 1, uses_anonymous_args = 0
 206              		@ link register save eliminated.
 207 0000 80B4     		push	{r7}
 208              	.LCFI11:
 209              		.cfi_def_cfa_offset 4
 210 0002 00AF     		add	r7, sp, #0
 211              		.cfi_offset 7, -4
 212              	.LCFI12:
 213              		.cfi_def_cfa_register 7
ARM GAS  C:\Users\csap2972\AppData\Local\Temp\ccjbqf3J.s 			page 7


 126:.\Generated_Source\PSoC5/Status_Reg.c ****     return Status_Reg_Status_Mask;
 214              		.loc 1 126 0
 215 0004 46F28143 		movw	r3, #:lower16:1073767553
 216 0008 C4F20003 		movt	r3, #:upper16:1073767553
 217 000c 1B78     		ldrb	r3, [r3, #0]
 218 000e DBB2     		uxtb	r3, r3
 127:.\Generated_Source\PSoC5/Status_Reg.c **** }
 219              		.loc 1 127 0
 220 0010 1846     		mov	r0, r3
 221 0012 BD46     		mov	sp, r7
 222 0014 80BC     		pop	{r7}
 223 0016 7047     		bx	lr
 224              		.cfi_endproc
 225              	.LFE4:
 226              		.size	Status_Reg_ReadMask, .-Status_Reg_ReadMask
 227              		.text
 228              	.Letext0:
 229              		.section	.debug_loc,"",%progbits
 230              	.Ldebug_loc0:
 231              	.LLST0:
 232 0000 00000000 		.4byte	.LFB0
 233 0004 02000000 		.4byte	.LCFI0
 234 0008 0100     		.2byte	0x1
 235 000a 5D       		.byte	0x5d
 236 000b 02000000 		.4byte	.LCFI0
 237 000f 04000000 		.4byte	.LCFI1
 238 0013 0200     		.2byte	0x2
 239 0015 7D       		.byte	0x7d
 240 0016 04       		.sleb128 4
 241 0017 04000000 		.4byte	.LCFI1
 242 001b 18000000 		.4byte	.LFE0
 243 001f 0200     		.2byte	0x2
 244 0021 77       		.byte	0x77
 245 0022 04       		.sleb128 4
 246 0023 00000000 		.4byte	0x0
 247 0027 00000000 		.4byte	0x0
 248              	.LLST1:
 249 002b 00000000 		.4byte	.LFB1
 250 002f 02000000 		.4byte	.LCFI2
 251 0033 0100     		.2byte	0x1
 252 0035 5D       		.byte	0x5d
 253 0036 02000000 		.4byte	.LCFI2
 254 003a 04000000 		.4byte	.LCFI3
 255 003e 0200     		.2byte	0x2
 256 0040 7D       		.byte	0x7d
 257 0041 08       		.sleb128 8
 258 0042 04000000 		.4byte	.LCFI3
 259 0046 06000000 		.4byte	.LCFI4
 260 004a 0200     		.2byte	0x2
 261 004c 7D       		.byte	0x7d
 262 004d 10       		.sleb128 16
 263 004e 06000000 		.4byte	.LCFI4
 264 0052 3A000000 		.4byte	.LFE1
 265 0056 0200     		.2byte	0x2
 266 0058 77       		.byte	0x77
 267 0059 10       		.sleb128 16
 268 005a 00000000 		.4byte	0x0
ARM GAS  C:\Users\csap2972\AppData\Local\Temp\ccjbqf3J.s 			page 8


 269 005e 00000000 		.4byte	0x0
 270              	.LLST2:
 271 0062 00000000 		.4byte	.LFB2
 272 0066 02000000 		.4byte	.LCFI5
 273 006a 0100     		.2byte	0x1
 274 006c 5D       		.byte	0x5d
 275 006d 02000000 		.4byte	.LCFI5
 276 0071 04000000 		.4byte	.LCFI6
 277 0075 0200     		.2byte	0x2
 278 0077 7D       		.byte	0x7d
 279 0078 08       		.sleb128 8
 280 0079 04000000 		.4byte	.LCFI6
 281 007d 06000000 		.4byte	.LCFI7
 282 0081 0200     		.2byte	0x2
 283 0083 7D       		.byte	0x7d
 284 0084 10       		.sleb128 16
 285 0085 06000000 		.4byte	.LCFI7
 286 0089 38000000 		.4byte	.LFE2
 287 008d 0200     		.2byte	0x2
 288 008f 77       		.byte	0x77
 289 0090 10       		.sleb128 16
 290 0091 00000000 		.4byte	0x0
 291 0095 00000000 		.4byte	0x0
 292              	.LLST3:
 293 0099 00000000 		.4byte	.LFB3
 294 009d 02000000 		.4byte	.LCFI8
 295 00a1 0100     		.2byte	0x1
 296 00a3 5D       		.byte	0x5d
 297 00a4 02000000 		.4byte	.LCFI8
 298 00a8 04000000 		.4byte	.LCFI9
 299 00ac 0200     		.2byte	0x2
 300 00ae 7D       		.byte	0x7d
 301 00af 04       		.sleb128 4
 302 00b0 04000000 		.4byte	.LCFI9
 303 00b4 06000000 		.4byte	.LCFI10
 304 00b8 0200     		.2byte	0x2
 305 00ba 7D       		.byte	0x7d
 306 00bb 10       		.sleb128 16
 307 00bc 06000000 		.4byte	.LCFI10
 308 00c0 28000000 		.4byte	.LFE3
 309 00c4 0200     		.2byte	0x2
 310 00c6 77       		.byte	0x77
 311 00c7 10       		.sleb128 16
 312 00c8 00000000 		.4byte	0x0
 313 00cc 00000000 		.4byte	0x0
 314              	.LLST4:
 315 00d0 00000000 		.4byte	.LFB4
 316 00d4 02000000 		.4byte	.LCFI11
 317 00d8 0100     		.2byte	0x1
 318 00da 5D       		.byte	0x5d
 319 00db 02000000 		.4byte	.LCFI11
 320 00df 04000000 		.4byte	.LCFI12
 321 00e3 0200     		.2byte	0x2
 322 00e5 7D       		.byte	0x7d
 323 00e6 04       		.sleb128 4
 324 00e7 04000000 		.4byte	.LCFI12
 325 00eb 18000000 		.4byte	.LFE4
ARM GAS  C:\Users\csap2972\AppData\Local\Temp\ccjbqf3J.s 			page 9


 326 00ef 0200     		.2byte	0x2
 327 00f1 77       		.byte	0x77
 328 00f2 04       		.sleb128 4
 329 00f3 00000000 		.4byte	0x0
 330 00f7 00000000 		.4byte	0x0
 331              		.file 2 ".\\Generated_Source\\PSoC5\\/cytypes.h"
 332              		.section	.debug_info
 333 0000 2B010000 		.4byte	0x12b
 334 0004 0200     		.2byte	0x2
 335 0006 00000000 		.4byte	.Ldebug_abbrev0
 336 000a 04       		.byte	0x4
 337 000b 01       		.uleb128 0x1
 338 000c CE000000 		.4byte	.LASF16
 339 0010 01       		.byte	0x1
 340 0011 F6000000 		.4byte	.LASF17
 341 0015 1B000000 		.4byte	.LASF18
 342 0019 00000000 		.4byte	0x0
 343 001d 00000000 		.4byte	0x0
 344 0021 00000000 		.4byte	.Ldebug_ranges0+0x0
 345 0025 00000000 		.4byte	.Ldebug_line0
 346 0029 02       		.uleb128 0x2
 347 002a 01       		.byte	0x1
 348 002b 06       		.byte	0x6
 349 002c 3F010000 		.4byte	.LASF0
 350 0030 02       		.uleb128 0x2
 351 0031 01       		.byte	0x1
 352 0032 08       		.byte	0x8
 353 0033 DA000000 		.4byte	.LASF1
 354 0037 02       		.uleb128 0x2
 355 0038 02       		.byte	0x2
 356 0039 05       		.byte	0x5
 357 003a 66010000 		.4byte	.LASF2
 358 003e 02       		.uleb128 0x2
 359 003f 02       		.byte	0x2
 360 0040 07       		.byte	0x7
 361 0041 2C010000 		.4byte	.LASF3
 362 0045 02       		.uleb128 0x2
 363 0046 04       		.byte	0x4
 364 0047 05       		.byte	0x5
 365 0048 ED000000 		.4byte	.LASF4
 366 004c 02       		.uleb128 0x2
 367 004d 04       		.byte	0x4
 368 004e 07       		.byte	0x7
 369 004f 70000000 		.4byte	.LASF5
 370 0053 02       		.uleb128 0x2
 371 0054 08       		.byte	0x8
 372 0055 05       		.byte	0x5
 373 0056 00000000 		.4byte	.LASF6
 374 005a 02       		.uleb128 0x2
 375 005b 08       		.byte	0x8
 376 005c 07       		.byte	0x7
 377 005d 82000000 		.4byte	.LASF7
 378 0061 03       		.uleb128 0x3
 379 0062 04       		.byte	0x4
 380 0063 05       		.byte	0x5
 381 0064 696E7400 		.ascii	"int\000"
 382 0068 02       		.uleb128 0x2
ARM GAS  C:\Users\csap2972\AppData\Local\Temp\ccjbqf3J.s 			page 10


 383 0069 04       		.byte	0x4
 384 006a 07       		.byte	0x7
 385 006b 0E000000 		.4byte	.LASF8
 386 006f 02       		.uleb128 0x2
 387 0070 01       		.byte	0x1
 388 0071 08       		.byte	0x8
 389 0072 E8000000 		.4byte	.LASF9
 390 0076 04       		.uleb128 0x4
 391 0077 6A000000 		.4byte	.LASF19
 392 007b 02       		.byte	0x2
 393 007c 60       		.byte	0x60
 394 007d 30000000 		.4byte	0x30
 395 0081 05       		.uleb128 0x5
 396 0082 04       		.byte	0x4
 397 0083 07       		.byte	0x7
 398 0084 06       		.uleb128 0x6
 399 0085 01       		.byte	0x1
 400 0086 1C010000 		.4byte	.LASF14
 401 008a 01       		.byte	0x1
 402 008b 25       		.byte	0x25
 403 008c 01       		.byte	0x1
 404 008d 76000000 		.4byte	0x76
 405 0091 00000000 		.4byte	.LFB0
 406 0095 18000000 		.4byte	.LFE0
 407 0099 00000000 		.4byte	.LLST0
 408 009d 07       		.uleb128 0x7
 409 009e 01       		.byte	0x1
 410 009f 4B010000 		.4byte	.LASF10
 411 00a3 01       		.byte	0x1
 412 00a4 39       		.byte	0x39
 413 00a5 01       		.byte	0x1
 414 00a6 00000000 		.4byte	.LFB1
 415 00aa 3A000000 		.4byte	.LFE1
 416 00ae 2B000000 		.4byte	.LLST1
 417 00b2 C5000000 		.4byte	0xc5
 418 00b6 08       		.uleb128 0x8
 419 00b7 85010000 		.4byte	.LASF12
 420 00bb 01       		.byte	0x1
 421 00bc 3B       		.byte	0x3b
 422 00bd 76000000 		.4byte	0x76
 423 00c1 02       		.byte	0x2
 424 00c2 91       		.byte	0x91
 425 00c3 77       		.sleb128 -9
 426 00c4 00       		.byte	0x0
 427 00c5 07       		.uleb128 0x7
 428 00c6 01       		.byte	0x1
 429 00c7 AD000000 		.4byte	.LASF11
 430 00cb 01       		.byte	0x1
 431 00cc 50       		.byte	0x50
 432 00cd 01       		.byte	0x1
 433 00ce 00000000 		.4byte	.LFB2
 434 00d2 38000000 		.4byte	.LFE2
 435 00d6 62000000 		.4byte	.LLST2
 436 00da ED000000 		.4byte	0xed
 437 00de 08       		.uleb128 0x8
 438 00df 85010000 		.4byte	.LASF12
 439 00e3 01       		.byte	0x1
ARM GAS  C:\Users\csap2972\AppData\Local\Temp\ccjbqf3J.s 			page 11


 440 00e4 52       		.byte	0x52
 441 00e5 76000000 		.4byte	0x76
 442 00e9 02       		.byte	0x2
 443 00ea 91       		.byte	0x91
 444 00eb 77       		.sleb128 -9
 445 00ec 00       		.byte	0x0
 446 00ed 07       		.uleb128 0x7
 447 00ee 01       		.byte	0x1
 448 00ef 70010000 		.4byte	.LASF13
 449 00f3 01       		.byte	0x1
 450 00f4 67       		.byte	0x67
 451 00f5 01       		.byte	0x1
 452 00f6 00000000 		.4byte	.LFB3
 453 00fa 28000000 		.4byte	.LFE3
 454 00fe 99000000 		.4byte	.LLST3
 455 0102 15010000 		.4byte	0x115
 456 0106 09       		.uleb128 0x9
 457 0107 C9000000 		.4byte	.LASF20
 458 010b 01       		.byte	0x1
 459 010c 67       		.byte	0x67
 460 010d 76000000 		.4byte	0x76
 461 0111 02       		.byte	0x2
 462 0112 91       		.byte	0x91
 463 0113 77       		.sleb128 -9
 464 0114 00       		.byte	0x0
 465 0115 06       		.uleb128 0x6
 466 0116 01       		.byte	0x1
 467 0117 99000000 		.4byte	.LASF15
 468 011b 01       		.byte	0x1
 469 011c 7C       		.byte	0x7c
 470 011d 01       		.byte	0x1
 471 011e 76000000 		.4byte	0x76
 472 0122 00000000 		.4byte	.LFB4
 473 0126 18000000 		.4byte	.LFE4
 474 012a D0000000 		.4byte	.LLST4
 475 012e 00       		.byte	0x0
 476              		.section	.debug_abbrev
 477 0000 01       		.uleb128 0x1
 478 0001 11       		.uleb128 0x11
 479 0002 01       		.byte	0x1
 480 0003 25       		.uleb128 0x25
 481 0004 0E       		.uleb128 0xe
 482 0005 13       		.uleb128 0x13
 483 0006 0B       		.uleb128 0xb
 484 0007 03       		.uleb128 0x3
 485 0008 0E       		.uleb128 0xe
 486 0009 1B       		.uleb128 0x1b
 487 000a 0E       		.uleb128 0xe
 488 000b 11       		.uleb128 0x11
 489 000c 01       		.uleb128 0x1
 490 000d 52       		.uleb128 0x52
 491 000e 01       		.uleb128 0x1
 492 000f 55       		.uleb128 0x55
 493 0010 06       		.uleb128 0x6
 494 0011 10       		.uleb128 0x10
 495 0012 06       		.uleb128 0x6
 496 0013 00       		.byte	0x0
ARM GAS  C:\Users\csap2972\AppData\Local\Temp\ccjbqf3J.s 			page 12


 497 0014 00       		.byte	0x0
 498 0015 02       		.uleb128 0x2
 499 0016 24       		.uleb128 0x24
 500 0017 00       		.byte	0x0
 501 0018 0B       		.uleb128 0xb
 502 0019 0B       		.uleb128 0xb
 503 001a 3E       		.uleb128 0x3e
 504 001b 0B       		.uleb128 0xb
 505 001c 03       		.uleb128 0x3
 506 001d 0E       		.uleb128 0xe
 507 001e 00       		.byte	0x0
 508 001f 00       		.byte	0x0
 509 0020 03       		.uleb128 0x3
 510 0021 24       		.uleb128 0x24
 511 0022 00       		.byte	0x0
 512 0023 0B       		.uleb128 0xb
 513 0024 0B       		.uleb128 0xb
 514 0025 3E       		.uleb128 0x3e
 515 0026 0B       		.uleb128 0xb
 516 0027 03       		.uleb128 0x3
 517 0028 08       		.uleb128 0x8
 518 0029 00       		.byte	0x0
 519 002a 00       		.byte	0x0
 520 002b 04       		.uleb128 0x4
 521 002c 16       		.uleb128 0x16
 522 002d 00       		.byte	0x0
 523 002e 03       		.uleb128 0x3
 524 002f 0E       		.uleb128 0xe
 525 0030 3A       		.uleb128 0x3a
 526 0031 0B       		.uleb128 0xb
 527 0032 3B       		.uleb128 0x3b
 528 0033 0B       		.uleb128 0xb
 529 0034 49       		.uleb128 0x49
 530 0035 13       		.uleb128 0x13
 531 0036 00       		.byte	0x0
 532 0037 00       		.byte	0x0
 533 0038 05       		.uleb128 0x5
 534 0039 24       		.uleb128 0x24
 535 003a 00       		.byte	0x0
 536 003b 0B       		.uleb128 0xb
 537 003c 0B       		.uleb128 0xb
 538 003d 3E       		.uleb128 0x3e
 539 003e 0B       		.uleb128 0xb
 540 003f 00       		.byte	0x0
 541 0040 00       		.byte	0x0
 542 0041 06       		.uleb128 0x6
 543 0042 2E       		.uleb128 0x2e
 544 0043 00       		.byte	0x0
 545 0044 3F       		.uleb128 0x3f
 546 0045 0C       		.uleb128 0xc
 547 0046 03       		.uleb128 0x3
 548 0047 0E       		.uleb128 0xe
 549 0048 3A       		.uleb128 0x3a
 550 0049 0B       		.uleb128 0xb
 551 004a 3B       		.uleb128 0x3b
 552 004b 0B       		.uleb128 0xb
 553 004c 27       		.uleb128 0x27
ARM GAS  C:\Users\csap2972\AppData\Local\Temp\ccjbqf3J.s 			page 13


 554 004d 0C       		.uleb128 0xc
 555 004e 49       		.uleb128 0x49
 556 004f 13       		.uleb128 0x13
 557 0050 11       		.uleb128 0x11
 558 0051 01       		.uleb128 0x1
 559 0052 12       		.uleb128 0x12
 560 0053 01       		.uleb128 0x1
 561 0054 40       		.uleb128 0x40
 562 0055 06       		.uleb128 0x6
 563 0056 00       		.byte	0x0
 564 0057 00       		.byte	0x0
 565 0058 07       		.uleb128 0x7
 566 0059 2E       		.uleb128 0x2e
 567 005a 01       		.byte	0x1
 568 005b 3F       		.uleb128 0x3f
 569 005c 0C       		.uleb128 0xc
 570 005d 03       		.uleb128 0x3
 571 005e 0E       		.uleb128 0xe
 572 005f 3A       		.uleb128 0x3a
 573 0060 0B       		.uleb128 0xb
 574 0061 3B       		.uleb128 0x3b
 575 0062 0B       		.uleb128 0xb
 576 0063 27       		.uleb128 0x27
 577 0064 0C       		.uleb128 0xc
 578 0065 11       		.uleb128 0x11
 579 0066 01       		.uleb128 0x1
 580 0067 12       		.uleb128 0x12
 581 0068 01       		.uleb128 0x1
 582 0069 40       		.uleb128 0x40
 583 006a 06       		.uleb128 0x6
 584 006b 01       		.uleb128 0x1
 585 006c 13       		.uleb128 0x13
 586 006d 00       		.byte	0x0
 587 006e 00       		.byte	0x0
 588 006f 08       		.uleb128 0x8
 589 0070 34       		.uleb128 0x34
 590 0071 00       		.byte	0x0
 591 0072 03       		.uleb128 0x3
 592 0073 0E       		.uleb128 0xe
 593 0074 3A       		.uleb128 0x3a
 594 0075 0B       		.uleb128 0xb
 595 0076 3B       		.uleb128 0x3b
 596 0077 0B       		.uleb128 0xb
 597 0078 49       		.uleb128 0x49
 598 0079 13       		.uleb128 0x13
 599 007a 02       		.uleb128 0x2
 600 007b 0A       		.uleb128 0xa
 601 007c 00       		.byte	0x0
 602 007d 00       		.byte	0x0
 603 007e 09       		.uleb128 0x9
 604 007f 05       		.uleb128 0x5
 605 0080 00       		.byte	0x0
 606 0081 03       		.uleb128 0x3
 607 0082 0E       		.uleb128 0xe
 608 0083 3A       		.uleb128 0x3a
 609 0084 0B       		.uleb128 0xb
 610 0085 3B       		.uleb128 0x3b
ARM GAS  C:\Users\csap2972\AppData\Local\Temp\ccjbqf3J.s 			page 14


 611 0086 0B       		.uleb128 0xb
 612 0087 49       		.uleb128 0x49
 613 0088 13       		.uleb128 0x13
 614 0089 02       		.uleb128 0x2
 615 008a 0A       		.uleb128 0xa
 616 008b 00       		.byte	0x0
 617 008c 00       		.byte	0x0
 618 008d 00       		.byte	0x0
 619              		.section	.debug_pubnames,"",%progbits
 620 0000 92000000 		.4byte	0x92
 621 0004 0200     		.2byte	0x2
 622 0006 00000000 		.4byte	.Ldebug_info0
 623 000a 2F010000 		.4byte	0x12f
 624 000e 84000000 		.4byte	0x84
 625 0012 53746174 		.ascii	"Status_Reg_Read\000"
 625      75735F52 
 625      65675F52 
 625      65616400 
 626 0022 9D000000 		.4byte	0x9d
 627 0026 53746174 		.ascii	"Status_Reg_InterruptEnable\000"
 627      75735F52 
 627      65675F49 
 627      6E746572 
 627      72757074 
 628 0041 C5000000 		.4byte	0xc5
 629 0045 53746174 		.ascii	"Status_Reg_InterruptDisable\000"
 629      75735F52 
 629      65675F49 
 629      6E746572 
 629      72757074 
 630 0061 ED000000 		.4byte	0xed
 631 0065 53746174 		.ascii	"Status_Reg_WriteMask\000"
 631      75735F52 
 631      65675F57 
 631      72697465 
 631      4D61736B 
 632 007a 15010000 		.4byte	0x115
 633 007e 53746174 		.ascii	"Status_Reg_ReadMask\000"
 633      75735F52 
 633      65675F52 
 633      6561644D 
 633      61736B00 
 634 0092 00000000 		.4byte	0x0
 635              		.section	.debug_aranges,"",%progbits
 636 0000 3C000000 		.4byte	0x3c
 637 0004 0200     		.2byte	0x2
 638 0006 00000000 		.4byte	.Ldebug_info0
 639 000a 04       		.byte	0x4
 640 000b 00       		.byte	0x0
 641 000c 0000     		.2byte	0x0
 642 000e 0000     		.2byte	0x0
 643 0010 00000000 		.4byte	.LFB0
 644 0014 18000000 		.4byte	.LFE0-.LFB0
 645 0018 00000000 		.4byte	.LFB1
 646 001c 3A000000 		.4byte	.LFE1-.LFB1
 647 0020 00000000 		.4byte	.LFB2
 648 0024 38000000 		.4byte	.LFE2-.LFB2
ARM GAS  C:\Users\csap2972\AppData\Local\Temp\ccjbqf3J.s 			page 15


 649 0028 00000000 		.4byte	.LFB3
 650 002c 28000000 		.4byte	.LFE3-.LFB3
 651 0030 00000000 		.4byte	.LFB4
 652 0034 18000000 		.4byte	.LFE4-.LFB4
 653 0038 00000000 		.4byte	0x0
 654 003c 00000000 		.4byte	0x0
 655              		.section	.debug_ranges,"",%progbits
 656              	.Ldebug_ranges0:
 657 0000 00000000 		.4byte	.Ltext0
 658 0004 00000000 		.4byte	.Letext0
 659 0008 00000000 		.4byte	.LFB0
 660 000c 18000000 		.4byte	.LFE0
 661 0010 00000000 		.4byte	.LFB1
 662 0014 3A000000 		.4byte	.LFE1
 663 0018 00000000 		.4byte	.LFB2
 664 001c 38000000 		.4byte	.LFE2
 665 0020 00000000 		.4byte	.LFB3
 666 0024 28000000 		.4byte	.LFE3
 667 0028 00000000 		.4byte	.LFB4
 668 002c 18000000 		.4byte	.LFE4
 669 0030 00000000 		.4byte	0x0
 670 0034 00000000 		.4byte	0x0
 671              		.section	.debug_str,"MS",%progbits,1
 672              	.LASF6:
 673 0000 6C6F6E67 		.ascii	"long long int\000"
 673      206C6F6E 
 673      6720696E 
 673      7400
 674              	.LASF8:
 675 000e 756E7369 		.ascii	"unsigned int\000"
 675      676E6564 
 675      20696E74 
 675      00
 676              	.LASF18:
 677 001b 4A3A5C63 		.ascii	"J:\\c704\\C704224\\Cypress\\CY8C5868\\Laser_Schutzs"
 677      3730345C 
 677      43373034 
 677      3232345C 
 677      43797072 
 678 0049 6368616C 		.ascii	"chaltung\\Design01\\Design02.cydsn\000"
 678      74756E67 
 678      5C446573 
 678      69676E30 
 678      315C4465 
 679              	.LASF19:
 680 006a 75696E74 		.ascii	"uint8\000"
 680      3800
 681              	.LASF5:
 682 0070 6C6F6E67 		.ascii	"long unsigned int\000"
 682      20756E73 
 682      69676E65 
 682      6420696E 
 682      7400
 683              	.LASF7:
 684 0082 6C6F6E67 		.ascii	"long long unsigned int\000"
 684      206C6F6E 
 684      6720756E 
ARM GAS  C:\Users\csap2972\AppData\Local\Temp\ccjbqf3J.s 			page 16


 684      7369676E 
 684      65642069 
 685              	.LASF15:
 686 0099 53746174 		.ascii	"Status_Reg_ReadMask\000"
 686      75735F52 
 686      65675F52 
 686      6561644D 
 686      61736B00 
 687              	.LASF11:
 688 00ad 53746174 		.ascii	"Status_Reg_InterruptDisable\000"
 688      75735F52 
 688      65675F49 
 688      6E746572 
 688      72757074 
 689              	.LASF20:
 690 00c9 6D61736B 		.ascii	"mask\000"
 690      00
 691              	.LASF16:
 692 00ce 474E5520 		.ascii	"GNU C 4.4.1\000"
 692      4320342E 
 692      342E3100 
 693              	.LASF1:
 694 00da 756E7369 		.ascii	"unsigned char\000"
 694      676E6564 
 694      20636861 
 694      7200
 695              	.LASF9:
 696 00e8 63686172 		.ascii	"char\000"
 696      00
 697              	.LASF4:
 698 00ed 6C6F6E67 		.ascii	"long int\000"
 698      20696E74 
 698      00
 699              	.LASF17:
 700 00f6 2E5C4765 		.ascii	".\\Generated_Source\\PSoC5\\Status_Reg.c\000"
 700      6E657261 
 700      7465645F 
 700      536F7572 
 700      63655C50 
 701              	.LASF14:
 702 011c 53746174 		.ascii	"Status_Reg_Read\000"
 702      75735F52 
 702      65675F52 
 702      65616400 
 703              	.LASF3:
 704 012c 73686F72 		.ascii	"short unsigned int\000"
 704      7420756E 
 704      7369676E 
 704      65642069 
 704      6E7400
 705              	.LASF0:
 706 013f 7369676E 		.ascii	"signed char\000"
 706      65642063 
 706      68617200 
 707              	.LASF10:
 708 014b 53746174 		.ascii	"Status_Reg_InterruptEnable\000"
 708      75735F52 
ARM GAS  C:\Users\csap2972\AppData\Local\Temp\ccjbqf3J.s 			page 17


 708      65675F49 
 708      6E746572 
 708      72757074 
 709              	.LASF2:
 710 0166 73686F72 		.ascii	"short int\000"
 710      7420696E 
 710      7400
 711              	.LASF13:
 712 0170 53746174 		.ascii	"Status_Reg_WriteMask\000"
 712      75735F52 
 712      65675F57 
 712      72697465 
 712      4D61736B 
 713              	.LASF12:
 714 0185 696E7465 		.ascii	"interruptState\000"
 714      72727570 
 714      74537461 
 714      746500
 715              		.ident	"GCC: (Sourcery G++ Lite 2010q1-188) 4.4.1"
