ARM GAS  C:\Users\Luggi\AppData\Local\Temp\ccHLxAKB.s 			page 1


   1              		.syntax unified
   2              		.cpu cortex-m3
   3              		.fpu softvfp
   4              		.eabi_attribute 20, 1
   5              		.eabi_attribute 21, 1
   6              		.eabi_attribute 23, 3
   7              		.eabi_attribute 24, 1
   8              		.eabi_attribute 25, 1
   9              		.eabi_attribute 26, 1
  10              		.eabi_attribute 30, 1
  11              		.eabi_attribute 34, 1
  12              		.eabi_attribute 18, 4
  13              		.thumb
  14              		.file	"ADC_SAR_Seq_2_SAR_INT.c"
  15              		.text
  16              	.Ltext0:
  17              		.section	.gnu.lto_.profile.d237327,"",%progbits
  18 0000 789C6366 		.ascii	"x\234cf```d\200\002\000\000=\000\005"
  18      60606064 
  18      80020000 
  18      3D0005
  19              		.text
  20              		.section	.gnu.lto_.inline.d237327,"",%progbits
  21 0000 789C6366 		.ascii	"x\234cf\300\016\230\340,\000\000\234\000\006"
  21      C00E98E0 
  21      2C00009C 
  21      0006
  22              		.text
  23              		.section	.gnu.lto_.pureconst.d237327,"",%progbits
  24 0000 789C6366 		.ascii	"x\234cf```d\200\002\000\000=\000\005"
  24      60606064 
  24      80020000 
  24      3D0005
  25              		.text
  26              		.section	.gnu.lto_.symbol_nodes.d237327,"",%progbits
  27 0000 789C6366 		.ascii	"x\234cf```b\200\001\000\000L\000\006"
  27      60606062 
  27      80010000 
  27      4C0006
  28              		.text
  29              		.section	.gnu.lto_.refs.d237327,"",%progbits
  30 0000 789C6366 		.ascii	"x\234cf```d\200\002\000\000=\000\005"
  30      60606064 
  30      80020000 
  30      3D0005
  31              		.text
  32              		.section	.gnu.lto_.decls.d237327,"",%progbits
  33 0000 789C6366 		.ascii	"x\234cf``P\001\342\377@\000\244\030\030\2418\200\201"
  33      60605001 
  33      E2FF4000 
  33      A41818A1 
  33      388081
  34 0013 000000D0 		.ascii	"\000\000\000\3208\004v"
  34      380476
  35              		.text
  36              		.section	.gnu.lto_.symtab.d237327,"",%progbits
  37              		.text
ARM GAS  C:\Users\Luggi\AppData\Local\Temp\ccHLxAKB.s 			page 2


  38              		.section	.gnu.lto_.opts,"",%progbits
  39 0000 272D666E 		.ascii	"'-fno-trapv' '-fno-strict-overflow' '-mcpu=cortex-m"
  39      6F2D7472 
  39      61707627 
  39      20272D66 
  39      6E6F2D73 
  40 0033 33272027 		.ascii	"3' '-mthumb' '-g' '-Og' '-ffunction-sections' '-flt"
  40      2D6D7468 
  40      756D6227 
  40      20272D67 
  40      2720272D 
  41 0066 6F272027 		.ascii	"o' '-ffat-lto-objects'\000"
  41      2D666661 
  41      742D6C74 
  41      6F2D6F62 
  41      6A656374 
  42              		.text
  43              		.cfi_sections	.debug_frame
  44              	.Letext0:
  45              		.section	.debug_info,"",%progbits
  46              	.Ldebug_info0:
  47 0000 75000000 		.4byte	0x75
  48 0004 0400     		.2byte	0x4
  49 0006 00000000 		.4byte	.Ldebug_abbrev0
  50 000a 04       		.byte	0x4
  51 000b 01       		.uleb128 0x1
  52 000c 06000000 		.4byte	.LASF12
  53 0010 01       		.byte	0x1
  54 0011 D4000000 		.4byte	.LASF13
  55 0015 3A010000 		.4byte	.LASF14
  56 0019 00000000 		.4byte	.Ldebug_line0
  57 001d 02       		.uleb128 0x2
  58 001e 01       		.byte	0x1
  59 001f 06       		.byte	0x6
  60 0020 CF010000 		.4byte	.LASF0
  61 0024 02       		.uleb128 0x2
  62 0025 01       		.byte	0x1
  63 0026 08       		.byte	0x8
  64 0027 BF000000 		.4byte	.LASF1
  65 002b 02       		.uleb128 0x2
  66 002c 02       		.byte	0x2
  67 002d 05       		.byte	0x5
  68 002e BC010000 		.4byte	.LASF2
  69 0032 02       		.uleb128 0x2
  70 0033 02       		.byte	0x2
  71 0034 07       		.byte	0x7
  72 0035 AC000000 		.4byte	.LASF3
  73 0039 02       		.uleb128 0x2
  74 003a 04       		.byte	0x4
  75 003b 05       		.byte	0x5
  76 003c C6010000 		.4byte	.LASF4
  77 0040 02       		.uleb128 0x2
  78 0041 04       		.byte	0x4
  79 0042 07       		.byte	0x7
  80 0043 9A000000 		.4byte	.LASF5
  81 0047 02       		.uleb128 0x2
  82 0048 08       		.byte	0x8
ARM GAS  C:\Users\Luggi\AppData\Local\Temp\ccHLxAKB.s 			page 3


  83 0049 05       		.byte	0x5
  84 004a 27010000 		.4byte	.LASF6
  85 004e 02       		.uleb128 0x2
  86 004f 08       		.byte	0x8
  87 0050 07       		.byte	0x7
  88 0051 10010000 		.4byte	.LASF7
  89 0055 03       		.uleb128 0x3
  90 0056 04       		.byte	0x4
  91 0057 05       		.byte	0x5
  92 0058 696E7400 		.ascii	"int\000"
  93 005c 02       		.uleb128 0x2
  94 005d 04       		.byte	0x4
  95 005e 07       		.byte	0x7
  96 005f 03010000 		.4byte	.LASF8
  97 0063 02       		.uleb128 0x2
  98 0064 04       		.byte	0x4
  99 0065 04       		.byte	0x4
 100 0066 00000000 		.4byte	.LASF9
 101 006a 02       		.uleb128 0x2
 102 006b 08       		.byte	0x8
 103 006c 04       		.byte	0x4
 104 006d CD000000 		.4byte	.LASF10
 105 0071 02       		.uleb128 0x2
 106 0072 01       		.byte	0x1
 107 0073 08       		.byte	0x8
 108 0074 35010000 		.4byte	.LASF11
 109 0078 00       		.byte	0
 110              		.section	.debug_abbrev,"",%progbits
 111              	.Ldebug_abbrev0:
 112 0000 01       		.uleb128 0x1
 113 0001 11       		.uleb128 0x11
 114 0002 01       		.byte	0x1
 115 0003 25       		.uleb128 0x25
 116 0004 0E       		.uleb128 0xe
 117 0005 13       		.uleb128 0x13
 118 0006 0B       		.uleb128 0xb
 119 0007 03       		.uleb128 0x3
 120 0008 0E       		.uleb128 0xe
 121 0009 1B       		.uleb128 0x1b
 122 000a 0E       		.uleb128 0xe
 123 000b 10       		.uleb128 0x10
 124 000c 17       		.uleb128 0x17
 125 000d 00       		.byte	0
 126 000e 00       		.byte	0
 127 000f 02       		.uleb128 0x2
 128 0010 24       		.uleb128 0x24
 129 0011 00       		.byte	0
 130 0012 0B       		.uleb128 0xb
 131 0013 0B       		.uleb128 0xb
 132 0014 3E       		.uleb128 0x3e
 133 0015 0B       		.uleb128 0xb
 134 0016 03       		.uleb128 0x3
 135 0017 0E       		.uleb128 0xe
 136 0018 00       		.byte	0
 137 0019 00       		.byte	0
 138 001a 03       		.uleb128 0x3
 139 001b 24       		.uleb128 0x24
ARM GAS  C:\Users\Luggi\AppData\Local\Temp\ccHLxAKB.s 			page 4


 140 001c 00       		.byte	0
 141 001d 0B       		.uleb128 0xb
 142 001e 0B       		.uleb128 0xb
 143 001f 3E       		.uleb128 0x3e
 144 0020 0B       		.uleb128 0xb
 145 0021 03       		.uleb128 0x3
 146 0022 08       		.uleb128 0x8
 147 0023 00       		.byte	0
 148 0024 00       		.byte	0
 149 0025 00       		.byte	0
 150              		.section	.debug_aranges,"",%progbits
 151 0000 14000000 		.4byte	0x14
 152 0004 0200     		.2byte	0x2
 153 0006 00000000 		.4byte	.Ldebug_info0
 154 000a 04       		.byte	0x4
 155 000b 00       		.byte	0
 156 000c 0000     		.2byte	0
 157 000e 0000     		.2byte	0
 158 0010 00000000 		.4byte	0
 159 0014 00000000 		.4byte	0
 160              		.section	.debug_line,"",%progbits
 161              	.Ldebug_line0:
 162 0000 19000000 		.section	.debug_str,"MS",%progbits,1
 162      02001300 
 162      00000201 
 162      FB0E0D00 
 162      01010101 
 163              	.LASF9:
 164 0000 666C6F61 		.ascii	"float\000"
 164      7400
 165              	.LASF12:
 166 0006 474E5520 		.ascii	"GNU C 4.9.3 20150303 (release) [ARM/embedded-4_9-br"
 166      4320342E 
 166      392E3320 
 166      32303135 
 166      30333033 
 167 0039 616E6368 		.ascii	"anch revision 221220] -mcpu=cortex-m3 -mthumb -g -O"
 167      20726576 
 167      6973696F 
 167      6E203232 
 167      31323230 
 168 006c 67202D66 		.ascii	"g -ffunction-sections -flto -ffat-lto-objects\000"
 168      66756E63 
 168      74696F6E 
 168      2D736563 
 168      74696F6E 
 169              	.LASF5:
 170 009a 6C6F6E67 		.ascii	"long unsigned int\000"
 170      20756E73 
 170      69676E65 
 170      6420696E 
 170      7400
 171              	.LASF3:
 172 00ac 73686F72 		.ascii	"short unsigned int\000"
 172      7420756E 
 172      7369676E 
 172      65642069 
ARM GAS  C:\Users\Luggi\AppData\Local\Temp\ccHLxAKB.s 			page 5


 172      6E7400
 173              	.LASF1:
 174 00bf 756E7369 		.ascii	"unsigned char\000"
 174      676E6564 
 174      20636861 
 174      7200
 175              	.LASF10:
 176 00cd 646F7562 		.ascii	"double\000"
 176      6C6500
 177              	.LASF13:
 178 00d4 47656E65 		.ascii	"Generated_Source\\PSoC5\\ADC_SAR_Seq_2_SAR_INT.c\000"
 178      72617465 
 178      645F536F 
 178      75726365 
 178      5C50536F 
 179              	.LASF8:
 180 0103 756E7369 		.ascii	"unsigned int\000"
 180      676E6564 
 180      20696E74 
 180      00
 181              	.LASF7:
 182 0110 6C6F6E67 		.ascii	"long long unsigned int\000"
 182      206C6F6E 
 182      6720756E 
 182      7369676E 
 182      65642069 
 183              	.LASF6:
 184 0127 6C6F6E67 		.ascii	"long long int\000"
 184      206C6F6E 
 184      6720696E 
 184      7400
 185              	.LASF11:
 186 0135 63686172 		.ascii	"char\000"
 186      00
 187              	.LASF14:
 188 013a 433A5C55 		.ascii	"C:\\Users\\Luggi\\Desktop\\Aktuelles Projekt Laser_"
 188      73657273 
 188      5C4C7567 
 188      67695C44 
 188      65736B74 
 189 0169 73636875 		.ascii	"schutzschaltung\\Aktuelles Projekt Laser_schutzscha"
 189      747A7363 
 189      68616C74 
 189      756E675C 
 189      416B7475 
 190 019b 6C74756E 		.ascii	"ltung\\Laserschutzschaltung.cydsn\000"
 190      675C4C61 
 190      73657273 
 190      63687574 
 190      7A736368 
 191              	.LASF2:
 192 01bc 73686F72 		.ascii	"short int\000"
 192      7420696E 
 192      7400
 193              	.LASF4:
 194 01c6 6C6F6E67 		.ascii	"long int\000"
 194      20696E74 
ARM GAS  C:\Users\Luggi\AppData\Local\Temp\ccHLxAKB.s 			page 6


 194      00
 195              	.LASF0:
 196 01cf 7369676E 		.ascii	"signed char\000"
 196      65642063 
 196      68617200 
 197              		.comm	__gnu_lto_v1,1,1
 198              		.ident	"GCC: (GNU Tools for ARM Embedded Processors) 4.9.3 20150303 (release) [ARM/embedded-4_9-br
