ARM GAS  C:\Users\Luggi\AppData\Local\Temp\ccB0XnPu.s 			page 1


   1              		.syntax unified
   2              		.cpu cortex-m3
   3              		.fpu softvfp
   4              		.eabi_attribute 20, 1
   5              		.eabi_attribute 21, 1
   6              		.eabi_attribute 23, 3
   7              		.eabi_attribute 24, 1
   8              		.eabi_attribute 25, 1
   9              		.eabi_attribute 26, 1
  10              		.eabi_attribute 30, 1
  11              		.eabi_attribute 34, 1
  12              		.eabi_attribute 18, 4
  13              		.thumb
  14              		.file	"ADC_SAR_1_INT.c"
  15              		.text
  16              	.Ltext0:
  17              		.section	.gnu.lto_.profile.53c7ac6a,"",%progbits
  18 0000 789C6366 		.ascii	"x\234cf```a\200\000F\006&F\000\000y\000\014"
  18      60606061 
  18      80004606 
  18      26460000 
  18      79000C
  19              		.text
  20              		.section	.gnu.lto_.inline.53c7ac6a,"",%progbits
  21 0000 789C6366 		.ascii	"x\234cf\300\016D\2404#\003\0033\023#\003\023\220\311"
  21      C00E44A0 
  21      34230303 
  21      33132303 
  21      1390C9
  22 0013 B6409E09 		.ascii	"\266@\236\011,\006\000\011\253\000\350"
  22      2C060009 
  22      AB00E8
  23              		.text
  24              		.section	.gnu.lto_.jmpfuncs.53c7ac6a,"",%progbits
  25 0000 789C6366 		.ascii	"x\234cf\300\016X\2414#\210\000\000\000\332\000\012"
  25      C00E58A1 
  25      34238800 
  25      0000DA00 
  25      0A
  26              		.text
  27              		.section	.gnu.lto_.pureconst.53c7ac6a,"",%progbits
  28 0000 789C6366 		.ascii	"x\234cf```f\200\000F\006\006\000\000`\000\010"
  28      60606066 
  28      80004606 
  28      06000060 
  28      0008
  29              		.text
  30              		.section	.gnu.lto_ADC_SAR_1_ISR.53c7ac6a,"",%progbits
  31 0000 789C6366 		.ascii	"x\234cf\300\004R@\\\002\304\232@\314\310\314\300\310"
  31      C0045240 
  31      5C02C49A 
  31      40CCC8CC 
  31      C0C8
  32 0012 34E11C03 		.ascii	"4\341\034\003C#\007\023##\210\301\300\310P\317\304X"
  32      43230713 
  32      232388C1 
  32      C0C850CF 
ARM GAS  C:\Users\Luggi\AppData\Local\Temp\ccB0XnPu.s 			page 2


  32      C458
  33 0024 CFF892E9 		.ascii	"\317\370\222\351#\023\343\204\003\253gp\253/mhh\370"
  33      2313E384 
  33      03AB6770 
  33      AB2F6D68 
  33      68F8
  34 0036 B0696D63 		.ascii	"\260imc\300\001\306\237L\014\014\237\231 \3460.gTg\000"
  34      C001C69F 
  34      4C0C0C9F 
  34      9920E630 
  34      2E675467 
  35 004b 2AFAD8F2 		.ascii	"*\372\330\362\367:7[\013P\221\000D\216q\005#\033#\220"
  35      F73A375B 
  35      0B509100 
  35      448E7105 
  35      231B2390 
  36 005f 5E2F74A0 		.ascii	"^/t\240\341\377\377\311\333\246\030\002E\237\0001\310"
  36      E1FFFFC9 
  36      DBA61802 
  36      459F0031 
  36      C8
  37 0070 FCA74C4C 		.ascii	"\374\247LL \232\371\036##H\035\310\240'L\214 !\240\002"
  37      209AF91E 
  37      2323481D 
  37      C8A0274C 
  37      8C2021A0 
  38 0085 75F7D4BC 		.ascii	"u\367\324\274\324\242\304\222\324\224\370\340\374\322"
  38      D4A2C492 
  38      D494F8E0 
  38      FCD2
  39 0093 A2E4D498 		.ascii	"\242\344\324\230\200\340|g\323\030G\027\347\370`\307"
  39      80E07C67 
  39      D3184717 
  39      E7F860C7 
  40 00a3 A078C378 		.ascii	"\240x\303xO\277\020\275d\006\000\214064"
  40      4FBF10BD 
  40      6406008C 
  40      303634
  41              		.text
  42              		.section	.gnu.lto_.symbol_nodes.53c7ac6a,"",%progbits
  43 0000 789C6366 		.ascii	"x\234cf``\020b\200\002&\206z\006\206\011\347\030\030"
  43      60601062 
  43      80022686 
  43      7A068609 
  43      E71818
  44 0013 EAEB19A6 		.ascii	"\352\353\031\246-\340``\000\000&p\0041"
  44      2DE06060 
  44      00002670 
  44      0431
  45              		.text
  46              		.section	.gnu.lto_.refs.53c7ac6a,"",%progbits
  47 0000 789C6366 		.ascii	"x\234cf```d\200\002\000\000=\000\005"
  47      60606064 
  47      80020000 
  47      3D0005
  48              		.text
  49              		.section	.gnu.lto_.decls.53c7ac6a,"",%progbits
ARM GAS  C:\Users\Luggi\AppData\Local\Temp\ccB0XnPu.s 			page 3


  50 0000 789C6366 		.ascii	"x\234cf``\010\000\342\377@\260\014H\333\0011\023T\014"
  50      60600800 
  50      E2FF40B0 
  50      0C48DB01 
  50      3113540C 
  51 0014 06188178 		.ascii	"\006\030\201x\015\003&X\003\225\013 \240\356#\023\343"
  51      0D032658 
  51      03950B20 
  51      A0EE2313 
  51      E3
  52 0025 CE755FCE 		.ascii	"\316u_\316r\277`b\344\343R\000qwM:1\203\015\310\345"
  52      72BF6062 
  52      E4E35200 
  52      71774D3A 
  52      31830DC8 
  53 003a E1620171 		.ascii	"\341b\001qw\377~t\205E|j\003\020Lhn\020`a\014\020c\\"
  53      77FF7E74 
  53      85457C6A 
  53      03104C68 
  53      6E106061 
  54 0052 CE28C5B8 		.ascii	"\316(\305\270\202Q\012h\352JFq \031\315\0021i\372\316"
  54      82510A68 
  54      EA4A4671 
  54      2019CD02 
  54      3169FACE 
  55 0066 9B1D9CCC 		.ascii	"\233\035\234\314L\214 \366\342\031\017\257p\351\254"
  55      4C8C20F6 
  55      E2190FAF 
  55      70E9AC
  56 0075 026AEB68 		.ascii	"\002j\353h8p\200\011a\335\355\211\337\357\261*\314k"
  56      38708009 
  56      61DDED89 
  56      DFEFB12A 
  56      CC6B
  57 0087 D8B0E1C3 		.ascii	"\330\260\341\303\372kWy\032N4\034\370\377\337\036l\024"
  57      FA6B5779 
  57      1A4E341C 
  57      F8FFDF1E 
  57      6C14
  58 0099 E32A4666 		.ascii	"\343*Ff\306\325\214:`\007\003\331\020\227\257aT`\340"
  58      C6D58C3A 
  58      600703D9 
  58      1097AF61 
  58      5460E0
  59 00ac 7574718E 		.ascii	"utq\216\017v\014\2127\214\367\014\016bs\367\013UpfP"
  59      0F760C8A 
  59      378CF70C 
  59      0E6273F7 
  59      0B557066 
  60 00c1 774FCD4B 		.ascii	"wO\315K-J,IM\211\017\316/-JN\215\011\010\316w6\215A"
  60      2D4A2C49 
  60      4D890FCE 
  60      2F2D4A4E 
  60      8D0908CE 
  61 00d9 52EB17A2 		.ascii	"R\353\027\242\227\314\000\000o\313O_"
  61      97CC0000 
  61      6FCB4F5F 
ARM GAS  C:\Users\Luggi\AppData\Local\Temp\ccB0XnPu.s 			page 4


  62              		.text
  63              		.section	.gnu.lto_.symtab.53c7ac6a,"",%progbits
  64 0000 4144435F 		.ascii	"ADC_SAR_1_ISR\000\000\000\000\000\000\000\000\000\000"
  64      5341525F 
  64      315F4953 
  64      52000000 
  64      00000000 
  65 0017 0000AC00 		.ascii	"\000\000\254\000\000\000"
  65      0000
  66              		.text
  67              		.section	.gnu.lto_.opts,"",%progbits
  68 0000 272D666E 		.ascii	"'-fno-trapv' '-fno-strict-overflow' '-mcpu=cortex-m"
  68      6F2D7472 
  68      61707627 
  68      20272D66 
  68      6E6F2D73 
  69 0033 33272027 		.ascii	"3' '-mthumb' '-g' '-Og' '-ffunction-sections' '-flt"
  69      2D6D7468 
  69      756D6227 
  69      20272D67 
  69      2720272D 
  70 0066 6F272027 		.ascii	"o' '-ffat-lto-objects'\000"
  70      2D666661 
  70      742D6C74 
  70      6F2D6F62 
  70      6A656374 
  71              		.text
  72              		.cfi_sections	.debug_frame
  73              		.section	.text.ADC_SAR_1_ISR,"ax",%progbits
  74              		.align	2
  75              		.global	ADC_SAR_1_ISR
  76              		.thumb
  77              		.thumb_func
  78              		.type	ADC_SAR_1_ISR, %function
  79              	ADC_SAR_1_ISR:
  80              	.LFB0:
  81              		.file 1 "Generated_Source\\PSoC5\\ADC_SAR_1_INT.c"
   1:Generated_Source\PSoC5/ADC_SAR_1_INT.c **** /*******************************************************************************
   2:Generated_Source\PSoC5/ADC_SAR_1_INT.c **** * File Name: ADC_SAR_1_INT.c
   3:Generated_Source\PSoC5/ADC_SAR_1_INT.c **** * Version 3.0
   4:Generated_Source\PSoC5/ADC_SAR_1_INT.c **** *
   5:Generated_Source\PSoC5/ADC_SAR_1_INT.c **** *  Description:
   6:Generated_Source\PSoC5/ADC_SAR_1_INT.c **** *    This file contains the code that operates during the ADC_SAR interrupt
   7:Generated_Source\PSoC5/ADC_SAR_1_INT.c **** *    service routine.
   8:Generated_Source\PSoC5/ADC_SAR_1_INT.c **** *
   9:Generated_Source\PSoC5/ADC_SAR_1_INT.c **** *   Note:
  10:Generated_Source\PSoC5/ADC_SAR_1_INT.c **** *
  11:Generated_Source\PSoC5/ADC_SAR_1_INT.c **** ********************************************************************************
  12:Generated_Source\PSoC5/ADC_SAR_1_INT.c **** * Copyright 2008-2015, Cypress Semiconductor Corporation.  All rights reserved.
  13:Generated_Source\PSoC5/ADC_SAR_1_INT.c **** * You may use this file only in accordance with the license, terms, conditions,
  14:Generated_Source\PSoC5/ADC_SAR_1_INT.c **** * disclaimers, and limitations in the end user license agreement accompanying
  15:Generated_Source\PSoC5/ADC_SAR_1_INT.c **** * the software package with which this file was provided.
  16:Generated_Source\PSoC5/ADC_SAR_1_INT.c **** *******************************************************************************/
  17:Generated_Source\PSoC5/ADC_SAR_1_INT.c **** 
  18:Generated_Source\PSoC5/ADC_SAR_1_INT.c **** #include "ADC_SAR_1.h"
  19:Generated_Source\PSoC5/ADC_SAR_1_INT.c **** 
  20:Generated_Source\PSoC5/ADC_SAR_1_INT.c **** 
ARM GAS  C:\Users\Luggi\AppData\Local\Temp\ccB0XnPu.s 			page 5


  21:Generated_Source\PSoC5/ADC_SAR_1_INT.c **** 
  22:Generated_Source\PSoC5/ADC_SAR_1_INT.c **** /******************************************************************************
  23:Generated_Source\PSoC5/ADC_SAR_1_INT.c **** * Custom Declarations and Variables
  24:Generated_Source\PSoC5/ADC_SAR_1_INT.c **** * - add user inlcude files, prototypes and variables between the following
  25:Generated_Source\PSoC5/ADC_SAR_1_INT.c **** *   #START and #END tags
  26:Generated_Source\PSoC5/ADC_SAR_1_INT.c **** ******************************************************************************/
  27:Generated_Source\PSoC5/ADC_SAR_1_INT.c **** /* `#START ADC_SYS_VAR`  */
  28:Generated_Source\PSoC5/ADC_SAR_1_INT.c **** 
  29:Generated_Source\PSoC5/ADC_SAR_1_INT.c **** /* `#END`  */
  30:Generated_Source\PSoC5/ADC_SAR_1_INT.c **** 
  31:Generated_Source\PSoC5/ADC_SAR_1_INT.c **** #if(ADC_SAR_1_IRQ_REMOVE == 0u)
  32:Generated_Source\PSoC5/ADC_SAR_1_INT.c **** 
  33:Generated_Source\PSoC5/ADC_SAR_1_INT.c **** 
  34:Generated_Source\PSoC5/ADC_SAR_1_INT.c ****     /******************************************************************************
  35:Generated_Source\PSoC5/ADC_SAR_1_INT.c ****     * Function Name: ADC_SAR_1_ISR
  36:Generated_Source\PSoC5/ADC_SAR_1_INT.c ****     *******************************************************************************
  37:Generated_Source\PSoC5/ADC_SAR_1_INT.c ****     *
  38:Generated_Source\PSoC5/ADC_SAR_1_INT.c ****     * Summary:
  39:Generated_Source\PSoC5/ADC_SAR_1_INT.c ****     *  Handle Interrupt Service Routine.
  40:Generated_Source\PSoC5/ADC_SAR_1_INT.c ****     *
  41:Generated_Source\PSoC5/ADC_SAR_1_INT.c ****     * Parameters:
  42:Generated_Source\PSoC5/ADC_SAR_1_INT.c ****     *  None.
  43:Generated_Source\PSoC5/ADC_SAR_1_INT.c ****     *
  44:Generated_Source\PSoC5/ADC_SAR_1_INT.c ****     * Return:
  45:Generated_Source\PSoC5/ADC_SAR_1_INT.c ****     *  None.
  46:Generated_Source\PSoC5/ADC_SAR_1_INT.c ****     *
  47:Generated_Source\PSoC5/ADC_SAR_1_INT.c ****     * Reentrant:
  48:Generated_Source\PSoC5/ADC_SAR_1_INT.c ****     *  No.
  49:Generated_Source\PSoC5/ADC_SAR_1_INT.c ****     *
  50:Generated_Source\PSoC5/ADC_SAR_1_INT.c ****     ******************************************************************************/
  51:Generated_Source\PSoC5/ADC_SAR_1_INT.c ****     CY_ISR( ADC_SAR_1_ISR )
  52:Generated_Source\PSoC5/ADC_SAR_1_INT.c ****     {
  82              		.loc 1 52 0
  83              		.cfi_startproc
  84              		@ args = 0, pretend = 0, frame = 0
  85              		@ frame_needed = 0, uses_anonymous_args = 0
  86              		@ link register save eliminated.
  87 0000 7047     		bx	lr
  88              		.cfi_endproc
  89              	.LFE0:
  90              		.size	ADC_SAR_1_ISR, .-ADC_SAR_1_ISR
  91 0002 00BF     		.text
  92              	.Letext0:
  93              		.section	.debug_info,"",%progbits
  94              	.Ldebug_info0:
  95 0000 8E000000 		.4byte	0x8e
  96 0004 0400     		.2byte	0x4
  97 0006 00000000 		.4byte	.Ldebug_abbrev0
  98 000a 04       		.byte	0x4
  99 000b 01       		.uleb128 0x1
 100 000c 56000000 		.4byte	.LASF12
 101 0010 01       		.byte	0x1
 102 0011 5B010000 		.4byte	.LASF13
 103 0015 06000000 		.4byte	.LASF14
 104 0019 00000000 		.4byte	.Ldebug_ranges0+0
 105 001d 00000000 		.4byte	0
 106 0021 00000000 		.4byte	.Ldebug_line0
ARM GAS  C:\Users\Luggi\AppData\Local\Temp\ccB0XnPu.s 			page 6


 107 0025 02       		.uleb128 0x2
 108 0026 01       		.byte	0x1
 109 0027 06       		.byte	0x6
 110 0028 95010000 		.4byte	.LASF0
 111 002c 02       		.uleb128 0x2
 112 002d 01       		.byte	0x1
 113 002e 08       		.byte	0x8
 114 002f 0F010000 		.4byte	.LASF1
 115 0033 02       		.uleb128 0x2
 116 0034 02       		.byte	0x2
 117 0035 05       		.byte	0x5
 118 0036 82010000 		.4byte	.LASF2
 119 003a 02       		.uleb128 0x2
 120 003b 02       		.byte	0x2
 121 003c 07       		.byte	0x7
 122 003d FC000000 		.4byte	.LASF3
 123 0041 02       		.uleb128 0x2
 124 0042 04       		.byte	0x4
 125 0043 05       		.byte	0x5
 126 0044 8C010000 		.4byte	.LASF4
 127 0048 02       		.uleb128 0x2
 128 0049 04       		.byte	0x4
 129 004a 07       		.byte	0x7
 130 004b EA000000 		.4byte	.LASF5
 131 004f 02       		.uleb128 0x2
 132 0050 08       		.byte	0x8
 133 0051 05       		.byte	0x5
 134 0052 48010000 		.4byte	.LASF6
 135 0056 02       		.uleb128 0x2
 136 0057 08       		.byte	0x8
 137 0058 07       		.byte	0x7
 138 0059 31010000 		.4byte	.LASF7
 139 005d 03       		.uleb128 0x3
 140 005e 04       		.byte	0x4
 141 005f 05       		.byte	0x5
 142 0060 696E7400 		.ascii	"int\000"
 143 0064 02       		.uleb128 0x2
 144 0065 04       		.byte	0x4
 145 0066 07       		.byte	0x7
 146 0067 24010000 		.4byte	.LASF8
 147 006b 02       		.uleb128 0x2
 148 006c 04       		.byte	0x4
 149 006d 04       		.byte	0x4
 150 006e 00000000 		.4byte	.LASF9
 151 0072 02       		.uleb128 0x2
 152 0073 08       		.byte	0x8
 153 0074 04       		.byte	0x4
 154 0075 1D010000 		.4byte	.LASF10
 155 0079 02       		.uleb128 0x2
 156 007a 01       		.byte	0x1
 157 007b 08       		.byte	0x8
 158 007c 56010000 		.4byte	.LASF11
 159 0080 04       		.uleb128 0x4
 160 0081 A1010000 		.4byte	.LASF15
 161 0085 01       		.byte	0x1
 162 0086 33       		.byte	0x33
 163 0087 00000000 		.4byte	.LFB0
ARM GAS  C:\Users\Luggi\AppData\Local\Temp\ccB0XnPu.s 			page 7


 164 008b 02000000 		.4byte	.LFE0-.LFB0
 165 008f 01       		.uleb128 0x1
 166 0090 9C       		.byte	0x9c
 167 0091 00       		.byte	0
 168              		.section	.debug_abbrev,"",%progbits
 169              	.Ldebug_abbrev0:
 170 0000 01       		.uleb128 0x1
 171 0001 11       		.uleb128 0x11
 172 0002 01       		.byte	0x1
 173 0003 25       		.uleb128 0x25
 174 0004 0E       		.uleb128 0xe
 175 0005 13       		.uleb128 0x13
 176 0006 0B       		.uleb128 0xb
 177 0007 03       		.uleb128 0x3
 178 0008 0E       		.uleb128 0xe
 179 0009 1B       		.uleb128 0x1b
 180 000a 0E       		.uleb128 0xe
 181 000b 55       		.uleb128 0x55
 182 000c 17       		.uleb128 0x17
 183 000d 11       		.uleb128 0x11
 184 000e 01       		.uleb128 0x1
 185 000f 10       		.uleb128 0x10
 186 0010 17       		.uleb128 0x17
 187 0011 00       		.byte	0
 188 0012 00       		.byte	0
 189 0013 02       		.uleb128 0x2
 190 0014 24       		.uleb128 0x24
 191 0015 00       		.byte	0
 192 0016 0B       		.uleb128 0xb
 193 0017 0B       		.uleb128 0xb
 194 0018 3E       		.uleb128 0x3e
 195 0019 0B       		.uleb128 0xb
 196 001a 03       		.uleb128 0x3
 197 001b 0E       		.uleb128 0xe
 198 001c 00       		.byte	0
 199 001d 00       		.byte	0
 200 001e 03       		.uleb128 0x3
 201 001f 24       		.uleb128 0x24
 202 0020 00       		.byte	0
 203 0021 0B       		.uleb128 0xb
 204 0022 0B       		.uleb128 0xb
 205 0023 3E       		.uleb128 0x3e
 206 0024 0B       		.uleb128 0xb
 207 0025 03       		.uleb128 0x3
 208 0026 08       		.uleb128 0x8
 209 0027 00       		.byte	0
 210 0028 00       		.byte	0
 211 0029 04       		.uleb128 0x4
 212 002a 2E       		.uleb128 0x2e
 213 002b 00       		.byte	0
 214 002c 3F       		.uleb128 0x3f
 215 002d 19       		.uleb128 0x19
 216 002e 03       		.uleb128 0x3
 217 002f 0E       		.uleb128 0xe
 218 0030 3A       		.uleb128 0x3a
 219 0031 0B       		.uleb128 0xb
 220 0032 3B       		.uleb128 0x3b
ARM GAS  C:\Users\Luggi\AppData\Local\Temp\ccB0XnPu.s 			page 8


 221 0033 0B       		.uleb128 0xb
 222 0034 27       		.uleb128 0x27
 223 0035 19       		.uleb128 0x19
 224 0036 11       		.uleb128 0x11
 225 0037 01       		.uleb128 0x1
 226 0038 12       		.uleb128 0x12
 227 0039 06       		.uleb128 0x6
 228 003a 40       		.uleb128 0x40
 229 003b 18       		.uleb128 0x18
 230 003c 9742     		.uleb128 0x2117
 231 003e 19       		.uleb128 0x19
 232 003f 00       		.byte	0
 233 0040 00       		.byte	0
 234 0041 00       		.byte	0
 235              		.section	.debug_aranges,"",%progbits
 236 0000 1C000000 		.4byte	0x1c
 237 0004 0200     		.2byte	0x2
 238 0006 00000000 		.4byte	.Ldebug_info0
 239 000a 04       		.byte	0x4
 240 000b 00       		.byte	0
 241 000c 0000     		.2byte	0
 242 000e 0000     		.2byte	0
 243 0010 00000000 		.4byte	.LFB0
 244 0014 02000000 		.4byte	.LFE0-.LFB0
 245 0018 00000000 		.4byte	0
 246 001c 00000000 		.4byte	0
 247              		.section	.debug_ranges,"",%progbits
 248              	.Ldebug_ranges0:
 249 0000 00000000 		.4byte	.LFB0
 250 0004 02000000 		.4byte	.LFE0
 251 0008 00000000 		.4byte	0
 252 000c 00000000 		.4byte	0
 253              		.section	.debug_line,"",%progbits
 254              	.Ldebug_line0:
 255 0000 52000000 		.section	.debug_str,"MS",%progbits,1
 255      02003D00 
 255      00000201 
 255      FB0E0D00 
 255      01010101 
 256              	.LASF9:
 257 0000 666C6F61 		.ascii	"float\000"
 257      7400
 258              	.LASF14:
 259 0006 433A5C55 		.ascii	"C:\\Users\\Luggi\\Documents\\GitHub\\laserschutzsch"
 259      73657273 
 259      5C4C7567 
 259      67695C44 
 259      6F63756D 
 260 0034 616C7475 		.ascii	"altung\\Laserschutzschaltung.cydsn\000"
 260      6E675C4C 
 260      61736572 
 260      73636875 
 260      747A7363 
 261              	.LASF12:
 262 0056 474E5520 		.ascii	"GNU C 4.9.3 20150303 (release) [ARM/embedded-4_9-br"
 262      4320342E 
 262      392E3320 
ARM GAS  C:\Users\Luggi\AppData\Local\Temp\ccB0XnPu.s 			page 9


 262      32303135 
 262      30333033 
 263 0089 616E6368 		.ascii	"anch revision 221220] -mcpu=cortex-m3 -mthumb -g -O"
 263      20726576 
 263      6973696F 
 263      6E203232 
 263      31323230 
 264 00bc 67202D66 		.ascii	"g -ffunction-sections -flto -ffat-lto-objects\000"
 264      66756E63 
 264      74696F6E 
 264      2D736563 
 264      74696F6E 
 265              	.LASF5:
 266 00ea 6C6F6E67 		.ascii	"long unsigned int\000"
 266      20756E73 
 266      69676E65 
 266      6420696E 
 266      7400
 267              	.LASF3:
 268 00fc 73686F72 		.ascii	"short unsigned int\000"
 268      7420756E 
 268      7369676E 
 268      65642069 
 268      6E7400
 269              	.LASF1:
 270 010f 756E7369 		.ascii	"unsigned char\000"
 270      676E6564 
 270      20636861 
 270      7200
 271              	.LASF10:
 272 011d 646F7562 		.ascii	"double\000"
 272      6C6500
 273              	.LASF8:
 274 0124 756E7369 		.ascii	"unsigned int\000"
 274      676E6564 
 274      20696E74 
 274      00
 275              	.LASF7:
 276 0131 6C6F6E67 		.ascii	"long long unsigned int\000"
 276      206C6F6E 
 276      6720756E 
 276      7369676E 
 276      65642069 
 277              	.LASF6:
 278 0148 6C6F6E67 		.ascii	"long long int\000"
 278      206C6F6E 
 278      6720696E 
 278      7400
 279              	.LASF11:
 280 0156 63686172 		.ascii	"char\000"
 280      00
 281              	.LASF13:
 282 015b 47656E65 		.ascii	"Generated_Source\\PSoC5\\ADC_SAR_1_INT.c\000"
 282      72617465 
 282      645F536F 
 282      75726365 
 282      5C50536F 
ARM GAS  C:\Users\Luggi\AppData\Local\Temp\ccB0XnPu.s 			page 10


 283              	.LASF2:
 284 0182 73686F72 		.ascii	"short int\000"
 284      7420696E 
 284      7400
 285              	.LASF4:
 286 018c 6C6F6E67 		.ascii	"long int\000"
 286      20696E74 
 286      00
 287              	.LASF0:
 288 0195 7369676E 		.ascii	"signed char\000"
 288      65642063 
 288      68617200 
 289              	.LASF15:
 290 01a1 4144435F 		.ascii	"ADC_SAR_1_ISR\000"
 290      5341525F 
 290      315F4953 
 290      5200
 291              		.comm	__gnu_lto_v1,1,1
 292              		.ident	"GCC: (GNU Tools for ARM Embedded Processors) 4.9.3 20150303 (release) [ARM/embedded-4_9-br
