ARM GAS  C:\Users\Luggi\AppData\Local\Temp\cc9EugfH.s 			page 1


   1              		.syntax unified
   2              		.cpu cortex-m3
   3              		.fpu softvfp
   4              		.eabi_attribute 20, 1
   5              		.eabi_attribute 21, 1
   6              		.eabi_attribute 23, 3
   7              		.eabi_attribute 24, 1
   8              		.eabi_attribute 25, 1
   9              		.eabi_attribute 26, 1
  10              		.eabi_attribute 30, 1
  11              		.eabi_attribute 34, 1
  12              		.eabi_attribute 18, 4
  13              		.thumb
  14              		.file	"ADC_SAR_Seq_2_INT.c"
  15              		.text
  16              	.Ltext0:
  17              		.section	.gnu.lto_.profile.304b6a19,"",%progbits
  18 0000 789C6366 		.ascii	"x\234cf```a\200\000F\006&F\000\000y\000\014"
  18      60606061 
  18      80004606 
  18      26460000 
  18      79000C
  19              		.text
  20              		.section	.gnu.lto_.inline.304b6a19,"",%progbits
  21 0000 789C6366 		.ascii	"x\234cf\300\016D\2404#\003\0033\023#\003\023\220\311"
  21      C00E44A0 
  21      34230303 
  21      33132303 
  21      1390C9
  22 0013 B6409E09 		.ascii	"\266@\236\011,\006\000\011\253\000\350"
  22      2C060009 
  22      AB00E8
  23              		.text
  24              		.section	.gnu.lto_.jmpfuncs.304b6a19,"",%progbits
  25 0000 789C6366 		.ascii	"x\234cf\300\016X\2414#\210\000\000\000\332\000\012"
  25      C00E58A1 
  25      34238800 
  25      0000DA00 
  25      0A
  26              		.text
  27              		.section	.gnu.lto_.pureconst.304b6a19,"",%progbits
  28 0000 789C6366 		.ascii	"x\234cf```f\200\000F\006\006\000\000`\000\010"
  28      60606066 
  28      80004606 
  28      06000060 
  28      0008
  29              		.text
  30              		.section	.gnu.lto_ADC_SAR_Seq_2_ISR.304b6a19,"",%progbits
  31 0000 789C6366 		.ascii	"x\234cf\300\004R@\\\002\304\272@\314\310\314\300\310"
  31      C0045240 
  31      5C02C4BA 
  31      40CCC8CC 
  31      C0C8
  32 0012 34E11C03 		.ascii	"4\341\034\003C#\007\023##\210\301\300\310P\317\304X"
  32      43230713 
  32      232388C1 
  32      C0C850CF 
ARM GAS  C:\Users\Luggi\AppData\Local\Temp\cc9EugfH.s 			page 2


  32      C458
  33 0024 CFF892E9 		.ascii	"\317\370\222\351#\023\343\204\003\253gp\253/mhh\370"
  33      2313E384 
  33      03AB6770 
  33      AB2F6D68 
  33      68F8
  34 0036 B0696D63 		.ascii	"\260imc\300\001\306\237L\014\014\237\231 \3460.gTg\000"
  34      C001C69F 
  34      4C0C0C9F 
  34      9920E630 
  34      2E675467 
  35 004b 2AFAD8F2 		.ascii	"*\372\330\362\367:7[\013P\221\000D\216q\005#\033#\220"
  35      F73A375B 
  35      0B509100 
  35      448E7105 
  35      231B2390 
  36 005f 5E2F74A0 		.ascii	"^/t\240\341\377\377\311\333\246\030\002E\237\0001\310"
  36      E1FFFFC9 
  36      DBA61802 
  36      459F0031 
  36      C8
  37 0070 FCA74C4C 		.ascii	"\374\247LL \232\371\036##H\035\310\240'L\214 !\240\002"
  37      209AF91E 
  37      2323481D 
  37      C8A0274C 
  37      8C2021A0 
  38 0085 6DF7D4BC 		.ascii	"m\367\324\274\324\242\304\222\324\224\370\340\374\322"
  38      D4A2C492 
  38      D494F8E0 
  38      FCD2
  39 0093 A2E4D498 		.ascii	"\242\344\324\230\200\340|g\323\030G\027\347\370`\307"
  39      80E07C67 
  39      D3184717 
  39      E7F860C7 
  40 00a3 A0F8E0D4 		.ascii	"\240\370\340\324\302x\243xO\277\020\275d\006\000p\217"
  40      C278A378 
  40      4FBF10BD 
  40      64060070 
  40      8F
  41 00b4 37C5     		.ascii	"7\305"
  42              		.text
  43              		.section	.gnu.lto_.symbol_nodes.304b6a19,"",%progbits
  44 0000 789C6366 		.ascii	"x\234cf``\020b\200\002&\206z\006\206\011\347\030\030"
  44      60601062 
  44      80022686 
  44      7A068609 
  44      E71818
  45 0013 EAEB19A6 		.ascii	"\352\353\031\246-\340``\000\000&p\0041"
  45      2DE06060 
  45      00002670 
  45      0431
  46              		.text
  47              		.section	.gnu.lto_.refs.304b6a19,"",%progbits
  48 0000 789C6366 		.ascii	"x\234cf```d\200\002\000\000=\000\005"
  48      60606064 
  48      80020000 
  48      3D0005
ARM GAS  C:\Users\Luggi\AppData\Local\Temp\cc9EugfH.s 			page 3


  49              		.text
  50              		.section	.gnu.lto_.decls.304b6a19,"",%progbits
  51 0000 789C6366 		.ascii	"x\234cf``\010\000\342\377@\260\014H\273\0011\023T\014"
  51      60600800 
  51      E2FF40B0 
  51      0C48BB01 
  51      3113540C 
  52 0014 06188178 		.ascii	"\006\030\201x\015\003&X\003\225\013 \240\356#\023\343"
  52      0D032658 
  52      03950B20 
  52      A0EE2313 
  52      E3
  53 0025 CE755FCE 		.ascii	"\316u_\316r\277`b\344\343R\000qwM:1\203\015\310\345"
  53      72BF6062 
  53      E4E35200 
  53      71774D3A 
  53      31830DC8 
  54 003a E1620171 		.ascii	"\341b\001qw\377~t\205E|j\003\020Lhn\020`a\014\020c\\"
  54      77FF7E74 
  54      85457C6A 
  54      03104C68 
  54      6E106061 
  55 0052 CE28C5B8 		.ascii	"\316(\305\270\202Q\012h\352JFq \031\315\0021\351\343"
  55      82510A68 
  55      EA4A4671 
  55      2019CD02 
  55      31E9E3
  56 0065 CC955FF8 		.ascii	"\314\225_\370\231\231\030A\354\3053\036^\341\322Y\005"
  56      99991841 
  56      ECC5331E 
  56      5EE1D259 
  56      05
  57 0076 D4D6D170 		.ascii	"\324\326\321p\340\001\023\302\272\367\177f\355aU\230"
  57      E00113C2 
  57      BAF77F66 
  57      ED615598 
  58 0086 D7B061C3 		.ascii	"\327\260a\303\207\335\327\256\3624\234h8\360\377\277"
  58      87DDD7AE 
  58      F2349C68 
  58      38F0FFBF 
  59 0096 3DD828C6 		.ascii	"=\330(\306U\214\314\214\253\031u\300\016\006\262!._"
  59      558CCC8C 
  59      AB1975C0 
  59      0E06B221 
  59      2E5F
  60 00a8 C3A8C020 		.ascii	"\303\250\300 \350\350\342\034\037\354\030\024\037\234"
  60      E8E8E21C 
  60      1FEC1814 
  60      1F9C
  61 00b6 5A186F14 		.ascii	"Z\030o\024\357\031\034\304\346\356\027\252\340\314\240"
  61      EF191CC4 
  61      E6EE17AA 
  61      E0CCA0
  62 00c5 ED9E9A97 		.ascii	"\355\236\232\227Z\224X\222\232\022\037\234_Z\224\234"
  62      5A945892 
  62      9A121F9C 
  62      5F5A949C 
ARM GAS  C:\Users\Luggi\AppData\Local\Temp\cc9EugfH.s 			page 4


  63 00d5 1A13109C 		.ascii	"\032\023\020\234\357l\032\203\246\336/D/\231\001\000"
  63      EF6C1A83 
  63      A6DE2F44 
  63      2F990100 
  64 00e5 7AC95329 		.ascii	"z\311S)"
  65              		.text
  66              		.section	.gnu.lto_.symtab.304b6a19,"",%progbits
  67 0000 4144435F 		.ascii	"ADC_SAR_Seq_2_ISR\000\000\000\000\000\000\000\000\000"
  67      5341525F 
  67      5365715F 
  67      325F4953 
  67      52000000 
  68 001a 000000AC 		.ascii	"\000\000\000\254\000\000\000"
  68      000000
  69              		.text
  70              		.section	.gnu.lto_.opts,"",%progbits
  71 0000 272D666E 		.ascii	"'-fno-trapv' '-fno-strict-overflow' '-mcpu=cortex-m"
  71      6F2D7472 
  71      61707627 
  71      20272D66 
  71      6E6F2D73 
  72 0033 33272027 		.ascii	"3' '-mthumb' '-g' '-Og' '-ffunction-sections' '-flt"
  72      2D6D7468 
  72      756D6227 
  72      20272D67 
  72      2720272D 
  73 0066 6F272027 		.ascii	"o' '-ffat-lto-objects'\000"
  73      2D666661 
  73      742D6C74 
  73      6F2D6F62 
  73      6A656374 
  74              		.text
  75              		.cfi_sections	.debug_frame
  76              		.section	.text.ADC_SAR_Seq_2_ISR,"ax",%progbits
  77              		.align	2
  78              		.global	ADC_SAR_Seq_2_ISR
  79              		.thumb
  80              		.thumb_func
  81              		.type	ADC_SAR_Seq_2_ISR, %function
  82              	ADC_SAR_Seq_2_ISR:
  83              	.LFB0:
  84              		.file 1 "Generated_Source\\PSoC5\\ADC_SAR_Seq_2_INT.c"
   1:Generated_Source\PSoC5/ADC_SAR_Seq_2_INT.c **** /*******************************************************************************
   2:Generated_Source\PSoC5/ADC_SAR_Seq_2_INT.c **** * File Name: ADC_SAR_Seq_2_INT.c
   3:Generated_Source\PSoC5/ADC_SAR_Seq_2_INT.c **** * Version 2.0
   4:Generated_Source\PSoC5/ADC_SAR_Seq_2_INT.c **** *
   5:Generated_Source\PSoC5/ADC_SAR_Seq_2_INT.c **** *  Description:
   6:Generated_Source\PSoC5/ADC_SAR_Seq_2_INT.c **** *    This file contains the code that operates during the interrupt
   7:Generated_Source\PSoC5/ADC_SAR_Seq_2_INT.c **** *    service routine.
   8:Generated_Source\PSoC5/ADC_SAR_Seq_2_INT.c **** *
   9:Generated_Source\PSoC5/ADC_SAR_Seq_2_INT.c **** *   Note:
  10:Generated_Source\PSoC5/ADC_SAR_Seq_2_INT.c **** *
  11:Generated_Source\PSoC5/ADC_SAR_Seq_2_INT.c **** ********************************************************************************
  12:Generated_Source\PSoC5/ADC_SAR_Seq_2_INT.c **** * Copyright 2012-2015, Cypress Semiconductor Corporation.  All rights reserved.
  13:Generated_Source\PSoC5/ADC_SAR_Seq_2_INT.c **** * You may use this file only in accordance with the license, terms, conditions,
  14:Generated_Source\PSoC5/ADC_SAR_Seq_2_INT.c **** * disclaimers, and limitations in the end user license agreement accompanying
  15:Generated_Source\PSoC5/ADC_SAR_Seq_2_INT.c **** * the software package with which this file was provided.
ARM GAS  C:\Users\Luggi\AppData\Local\Temp\cc9EugfH.s 			page 5


  16:Generated_Source\PSoC5/ADC_SAR_Seq_2_INT.c **** *******************************************************************************/
  17:Generated_Source\PSoC5/ADC_SAR_Seq_2_INT.c **** 
  18:Generated_Source\PSoC5/ADC_SAR_Seq_2_INT.c **** #include "ADC_SAR_Seq_2.h"
  19:Generated_Source\PSoC5/ADC_SAR_Seq_2_INT.c **** 
  20:Generated_Source\PSoC5/ADC_SAR_Seq_2_INT.c **** 
  21:Generated_Source\PSoC5/ADC_SAR_Seq_2_INT.c **** 
  22:Generated_Source\PSoC5/ADC_SAR_Seq_2_INT.c **** /******************************************************************************
  23:Generated_Source\PSoC5/ADC_SAR_Seq_2_INT.c **** * Custom Declarations and Variables
  24:Generated_Source\PSoC5/ADC_SAR_Seq_2_INT.c **** * - add user inlcude files, prototypes and variables between the following
  25:Generated_Source\PSoC5/ADC_SAR_Seq_2_INT.c **** *   #START and #END tags
  26:Generated_Source\PSoC5/ADC_SAR_Seq_2_INT.c **** ******************************************************************************/
  27:Generated_Source\PSoC5/ADC_SAR_Seq_2_INT.c **** /* `#START SEQ_ADC_SYS_VAR`  */
  28:Generated_Source\PSoC5/ADC_SAR_Seq_2_INT.c **** 
  29:Generated_Source\PSoC5/ADC_SAR_Seq_2_INT.c **** /* `#END`  */
  30:Generated_Source\PSoC5/ADC_SAR_Seq_2_INT.c **** 
  31:Generated_Source\PSoC5/ADC_SAR_Seq_2_INT.c **** #if(ADC_SAR_Seq_2_IRQ_REMOVE == 0u)
  32:Generated_Source\PSoC5/ADC_SAR_Seq_2_INT.c **** 
  33:Generated_Source\PSoC5/ADC_SAR_Seq_2_INT.c **** 
  34:Generated_Source\PSoC5/ADC_SAR_Seq_2_INT.c ****     /******************************************************************************
  35:Generated_Source\PSoC5/ADC_SAR_Seq_2_INT.c ****     * Function Name: ADC_SAR_Seq_2_ISR
  36:Generated_Source\PSoC5/ADC_SAR_Seq_2_INT.c ****     *******************************************************************************
  37:Generated_Source\PSoC5/ADC_SAR_Seq_2_INT.c ****     *
  38:Generated_Source\PSoC5/ADC_SAR_Seq_2_INT.c ****     * Summary:
  39:Generated_Source\PSoC5/ADC_SAR_Seq_2_INT.c ****     *  Handle Interrupt Service Routine.
  40:Generated_Source\PSoC5/ADC_SAR_Seq_2_INT.c ****     *
  41:Generated_Source\PSoC5/ADC_SAR_Seq_2_INT.c ****     * Parameters:
  42:Generated_Source\PSoC5/ADC_SAR_Seq_2_INT.c ****     *  None.
  43:Generated_Source\PSoC5/ADC_SAR_Seq_2_INT.c ****     *
  44:Generated_Source\PSoC5/ADC_SAR_Seq_2_INT.c ****     * Return:
  45:Generated_Source\PSoC5/ADC_SAR_Seq_2_INT.c ****     *  None.
  46:Generated_Source\PSoC5/ADC_SAR_Seq_2_INT.c ****     *
  47:Generated_Source\PSoC5/ADC_SAR_Seq_2_INT.c ****     * Reentrant:
  48:Generated_Source\PSoC5/ADC_SAR_Seq_2_INT.c ****     *  No.
  49:Generated_Source\PSoC5/ADC_SAR_Seq_2_INT.c ****     *
  50:Generated_Source\PSoC5/ADC_SAR_Seq_2_INT.c ****     ******************************************************************************/
  51:Generated_Source\PSoC5/ADC_SAR_Seq_2_INT.c ****     CY_ISR( ADC_SAR_Seq_2_ISR )
  52:Generated_Source\PSoC5/ADC_SAR_Seq_2_INT.c ****     {
  85              		.loc 1 52 0
  86              		.cfi_startproc
  87              		@ args = 0, pretend = 0, frame = 0
  88              		@ frame_needed = 0, uses_anonymous_args = 0
  89              		@ link register save eliminated.
  90 0000 7047     		bx	lr
  91              		.cfi_endproc
  92              	.LFE0:
  93              		.size	ADC_SAR_Seq_2_ISR, .-ADC_SAR_Seq_2_ISR
  94 0002 00BF     		.text
  95              	.Letext0:
  96              		.section	.debug_info,"",%progbits
  97              	.Ldebug_info0:
  98 0000 95000000 		.4byte	0x95
  99 0004 0400     		.2byte	0x4
 100 0006 00000000 		.4byte	.Ldebug_abbrev0
 101 000a 04       		.byte	0x4
 102 000b 01       		.uleb128 0x1
 103 000c 2C010000 		.4byte	.LASF13
 104 0010 01       		.byte	0x1
ARM GAS  C:\Users\Luggi\AppData\Local\Temp\cc9EugfH.s 			page 6


 105 0011 1B000000 		.4byte	.LASF14
 106 0015 81000000 		.4byte	.LASF15
 107 0019 00000000 		.4byte	.Ldebug_ranges0+0
 108 001d 00000000 		.4byte	0
 109 0021 00000000 		.4byte	.Ldebug_line0
 110 0025 02       		.uleb128 0x2
 111 0026 01       		.byte	0x1
 112 0027 06       		.byte	0x6
 113 0028 07010000 		.4byte	.LASF0
 114 002c 02       		.uleb128 0x2
 115 002d 01       		.byte	0x1
 116 002e 08       		.byte	0x8
 117 002f D1000000 		.4byte	.LASF1
 118 0033 02       		.uleb128 0x2
 119 0034 02       		.byte	0x2
 120 0035 05       		.byte	0x5
 121 0036 19010000 		.4byte	.LASF2
 122 003a 02       		.uleb128 0x2
 123 003b 02       		.byte	0x2
 124 003c 07       		.byte	0x7
 125 003d F4000000 		.4byte	.LASF3
 126 0041 02       		.uleb128 0x2
 127 0042 04       		.byte	0x4
 128 0043 05       		.byte	0x5
 129 0044 E4000000 		.4byte	.LASF4
 130 0048 02       		.uleb128 0x2
 131 0049 04       		.byte	0x4
 132 004a 07       		.byte	0x7
 133 004b 46000000 		.4byte	.LASF5
 134 004f 02       		.uleb128 0x2
 135 0050 08       		.byte	0x8
 136 0051 05       		.byte	0x5
 137 0052 00000000 		.4byte	.LASF6
 138 0056 02       		.uleb128 0x2
 139 0057 08       		.byte	0x8
 140 0058 07       		.byte	0x7
 141 0059 58000000 		.4byte	.LASF7
 142 005d 03       		.uleb128 0x3
 143 005e 04       		.byte	0x4
 144 005f 05       		.byte	0x5
 145 0060 696E7400 		.ascii	"int\000"
 146 0064 02       		.uleb128 0x2
 147 0065 04       		.byte	0x4
 148 0066 07       		.byte	0x7
 149 0067 0E000000 		.4byte	.LASF8
 150 006b 02       		.uleb128 0x2
 151 006c 04       		.byte	0x4
 152 006d 04       		.byte	0x4
 153 006e 13010000 		.4byte	.LASF9
 154 0072 02       		.uleb128 0x2
 155 0073 08       		.byte	0x8
 156 0074 04       		.byte	0x4
 157 0075 ED000000 		.4byte	.LASF10
 158 0079 02       		.uleb128 0x2
 159 007a 01       		.byte	0x1
 160 007b 08       		.byte	0x8
 161 007c DF000000 		.4byte	.LASF11
ARM GAS  C:\Users\Luggi\AppData\Local\Temp\cc9EugfH.s 			page 7


 162 0080 02       		.uleb128 0x2
 163 0081 04       		.byte	0x4
 164 0082 07       		.byte	0x7
 165 0083 23010000 		.4byte	.LASF12
 166 0087 04       		.uleb128 0x4
 167 0088 6F000000 		.4byte	.LASF16
 168 008c 01       		.byte	0x1
 169 008d 33       		.byte	0x33
 170 008e 00000000 		.4byte	.LFB0
 171 0092 02000000 		.4byte	.LFE0-.LFB0
 172 0096 01       		.uleb128 0x1
 173 0097 9C       		.byte	0x9c
 174 0098 00       		.byte	0
 175              		.section	.debug_abbrev,"",%progbits
 176              	.Ldebug_abbrev0:
 177 0000 01       		.uleb128 0x1
 178 0001 11       		.uleb128 0x11
 179 0002 01       		.byte	0x1
 180 0003 25       		.uleb128 0x25
 181 0004 0E       		.uleb128 0xe
 182 0005 13       		.uleb128 0x13
 183 0006 0B       		.uleb128 0xb
 184 0007 03       		.uleb128 0x3
 185 0008 0E       		.uleb128 0xe
 186 0009 1B       		.uleb128 0x1b
 187 000a 0E       		.uleb128 0xe
 188 000b 55       		.uleb128 0x55
 189 000c 17       		.uleb128 0x17
 190 000d 11       		.uleb128 0x11
 191 000e 01       		.uleb128 0x1
 192 000f 10       		.uleb128 0x10
 193 0010 17       		.uleb128 0x17
 194 0011 00       		.byte	0
 195 0012 00       		.byte	0
 196 0013 02       		.uleb128 0x2
 197 0014 24       		.uleb128 0x24
 198 0015 00       		.byte	0
 199 0016 0B       		.uleb128 0xb
 200 0017 0B       		.uleb128 0xb
 201 0018 3E       		.uleb128 0x3e
 202 0019 0B       		.uleb128 0xb
 203 001a 03       		.uleb128 0x3
 204 001b 0E       		.uleb128 0xe
 205 001c 00       		.byte	0
 206 001d 00       		.byte	0
 207 001e 03       		.uleb128 0x3
 208 001f 24       		.uleb128 0x24
 209 0020 00       		.byte	0
 210 0021 0B       		.uleb128 0xb
 211 0022 0B       		.uleb128 0xb
 212 0023 3E       		.uleb128 0x3e
 213 0024 0B       		.uleb128 0xb
 214 0025 03       		.uleb128 0x3
 215 0026 08       		.uleb128 0x8
 216 0027 00       		.byte	0
 217 0028 00       		.byte	0
 218 0029 04       		.uleb128 0x4
ARM GAS  C:\Users\Luggi\AppData\Local\Temp\cc9EugfH.s 			page 8


 219 002a 2E       		.uleb128 0x2e
 220 002b 00       		.byte	0
 221 002c 3F       		.uleb128 0x3f
 222 002d 19       		.uleb128 0x19
 223 002e 03       		.uleb128 0x3
 224 002f 0E       		.uleb128 0xe
 225 0030 3A       		.uleb128 0x3a
 226 0031 0B       		.uleb128 0xb
 227 0032 3B       		.uleb128 0x3b
 228 0033 0B       		.uleb128 0xb
 229 0034 27       		.uleb128 0x27
 230 0035 19       		.uleb128 0x19
 231 0036 11       		.uleb128 0x11
 232 0037 01       		.uleb128 0x1
 233 0038 12       		.uleb128 0x12
 234 0039 06       		.uleb128 0x6
 235 003a 40       		.uleb128 0x40
 236 003b 18       		.uleb128 0x18
 237 003c 9742     		.uleb128 0x2117
 238 003e 19       		.uleb128 0x19
 239 003f 00       		.byte	0
 240 0040 00       		.byte	0
 241 0041 00       		.byte	0
 242              		.section	.debug_aranges,"",%progbits
 243 0000 1C000000 		.4byte	0x1c
 244 0004 0200     		.2byte	0x2
 245 0006 00000000 		.4byte	.Ldebug_info0
 246 000a 04       		.byte	0x4
 247 000b 00       		.byte	0
 248 000c 0000     		.2byte	0
 249 000e 0000     		.2byte	0
 250 0010 00000000 		.4byte	.LFB0
 251 0014 02000000 		.4byte	.LFE0-.LFB0
 252 0018 00000000 		.4byte	0
 253 001c 00000000 		.4byte	0
 254              		.section	.debug_ranges,"",%progbits
 255              	.Ldebug_ranges0:
 256 0000 00000000 		.4byte	.LFB0
 257 0004 02000000 		.4byte	.LFE0
 258 0008 00000000 		.4byte	0
 259 000c 00000000 		.4byte	0
 260              		.section	.debug_line,"",%progbits
 261              	.Ldebug_line0:
 262 0000 56000000 		.section	.debug_str,"MS",%progbits,1
 262      02004100 
 262      00000201 
 262      FB0E0D00 
 262      01010101 
 263              	.LASF6:
 264 0000 6C6F6E67 		.ascii	"long long int\000"
 264      206C6F6E 
 264      6720696E 
 264      7400
 265              	.LASF8:
 266 000e 756E7369 		.ascii	"unsigned int\000"
 266      676E6564 
 266      20696E74 
ARM GAS  C:\Users\Luggi\AppData\Local\Temp\cc9EugfH.s 			page 9


 266      00
 267              	.LASF14:
 268 001b 47656E65 		.ascii	"Generated_Source\\PSoC5\\ADC_SAR_Seq_2_INT.c\000"
 268      72617465 
 268      645F536F 
 268      75726365 
 268      5C50536F 
 269              	.LASF5:
 270 0046 6C6F6E67 		.ascii	"long unsigned int\000"
 270      20756E73 
 270      69676E65 
 270      6420696E 
 270      7400
 271              	.LASF7:
 272 0058 6C6F6E67 		.ascii	"long long unsigned int\000"
 272      206C6F6E 
 272      6720756E 
 272      7369676E 
 272      65642069 
 273              	.LASF16:
 274 006f 4144435F 		.ascii	"ADC_SAR_Seq_2_ISR\000"
 274      5341525F 
 274      5365715F 
 274      325F4953 
 274      5200
 275              	.LASF15:
 276 0081 433A5C55 		.ascii	"C:\\Users\\Luggi\\Documents\\GitHub\\laserschutzsch"
 276      73657273 
 276      5C4C7567 
 276      67695C44 
 276      6F63756D 
 277 00af 616C7475 		.ascii	"altung\\Laserschutzschaltung.cydsn\000"
 277      6E675C4C 
 277      61736572 
 277      73636875 
 277      747A7363 
 278              	.LASF1:
 279 00d1 756E7369 		.ascii	"unsigned char\000"
 279      676E6564 
 279      20636861 
 279      7200
 280              	.LASF11:
 281 00df 63686172 		.ascii	"char\000"
 281      00
 282              	.LASF4:
 283 00e4 6C6F6E67 		.ascii	"long int\000"
 283      20696E74 
 283      00
 284              	.LASF10:
 285 00ed 646F7562 		.ascii	"double\000"
 285      6C6500
 286              	.LASF3:
 287 00f4 73686F72 		.ascii	"short unsigned int\000"
 287      7420756E 
 287      7369676E 
 287      65642069 
 287      6E7400
ARM GAS  C:\Users\Luggi\AppData\Local\Temp\cc9EugfH.s 			page 10


 288              	.LASF0:
 289 0107 7369676E 		.ascii	"signed char\000"
 289      65642063 
 289      68617200 
 290              	.LASF9:
 291 0113 666C6F61 		.ascii	"float\000"
 291      7400
 292              	.LASF2:
 293 0119 73686F72 		.ascii	"short int\000"
 293      7420696E 
 293      7400
 294              	.LASF12:
 295 0123 73697A65 		.ascii	"sizetype\000"
 295      74797065 
 295      00
 296              	.LASF13:
 297 012c 474E5520 		.ascii	"GNU C 4.9.3 20150303 (release) [ARM/embedded-4_9-br"
 297      4320342E 
 297      392E3320 
 297      32303135 
 297      30333033 
 298 015f 616E6368 		.ascii	"anch revision 221220] -mcpu=cortex-m3 -mthumb -g -O"
 298      20726576 
 298      6973696F 
 298      6E203232 
 298      31323230 
 299 0192 67202D66 		.ascii	"g -ffunction-sections -flto -ffat-lto-objects\000"
 299      66756E63 
 299      74696F6E 
 299      2D736563 
 299      74696F6E 
 300              		.comm	__gnu_lto_v1,1,1
 301              		.ident	"GCC: (GNU Tools for ARM Embedded Processors) 4.9.3 20150303 (release) [ARM/embedded-4_9-br
