ARM GAS  C:\Users\Luggi\AppData\Local\Temp\cci56XQv.s 			page 1


   1              		.syntax unified
   2              		.cpu cortex-m3
   3              		.fpu softvfp
   4              		.eabi_attribute 20, 1
   5              		.eabi_attribute 21, 1
   6              		.eabi_attribute 23, 3
   7              		.eabi_attribute 24, 1
   8              		.eabi_attribute 25, 1
   9              		.eabi_attribute 26, 1
  10              		.eabi_attribute 30, 1
  11              		.eabi_attribute 34, 1
  12              		.eabi_attribute 18, 4
  13              		.thumb
  14              		.file	"Buzzer.c"
  15              		.text
  16              	.Ltext0:
  17              		.section	.gnu.lto_.profile.53c7b675,"",%progbits
  18 0000 789C6366 		.ascii	"x\234cf```a\200\000F\0061!\000\000\262\0001"
  18      60606061 
  18      80004606 
  18      31210000 
  18      B20031
  19              		.text
  20              		.section	.gnu.lto_.inline.53c7b675,"",%progbits
  21 0000 789C6366 		.ascii	"x\234cf\300\016\022\2404\013\003\003\007;##\003#\003"
  21      C00E12A0 
  21      340B0303 
  21      073B2323 
  21      032303
  22 0013 0333C701 		.ascii	"\0033\307\001;\006\266\005\362L\014L\027\370Y@\222\214"
  22      3B06B605 
  22      F24C0C4C 
  22      17F85940 
  22      928C
  23 0025 78E49818 		.ascii	"x\344\230\030XY\030\031\230X\026\310C\304\201\200\031"
  23      58591819 
  23      985816C8 
  23      43C48180 
  23      19
  24 0036 53880100 		.ascii	"S\210\001\000\322\320\011("
  24      D2D00928 
  25              		.text
  26              		.section	.gnu.lto_.jmpfuncs.53c7b675,"",%progbits
  27 0000 789C6366 		.ascii	"x\234cf\300\016\204\2404\013\003##c=#\210`b``\006\212"
  27      C00E84A0 
  27      340B0323 
  27      23633D23 
  27      88606260 
  28 0017 00000DC0 		.ascii	"\000\000\015\300\001$"
  28      0124
  29              		.text
  30              		.section	.gnu.lto_.pureconst.53c7b675,"",%progbits
  31 0000 789C6366 		.ascii	"x\234cf``\340d\200\000\026\006)F)&)f)\000\002\305\000"
  31      6060E064 
  31      80001606 
  31      29462926 
  31      29662900 
ARM GAS  C:\Users\Luggi\AppData\Local\Temp\cci56XQv.s 			page 2


  32 0017 7F       		.ascii	"\177"
  33              		.text
  34              		.section	.gnu.lto_Buzzer_Write.53c7b675,"",%progbits
  35 0000 789C6551 		.ascii	"x\234eQKH\033Q\024\275\347\275\231$\304.\244\313\254"
  35      4B481B51 
  35      14BDE7BD 
  35      9924C42E 
  35      A4CBAC
  36 0013 0A218850 		.ascii	"\012!\210P\334H\367E\027n\005\267\001\011\351,\204R"
  36      DC48F745 
  36      176E05B7 
  36      0109E92C 
  36      8452
  37 0025 219F2EDC 		.ascii	"!\237.\334\344\215\206,\012\005\021\241\202\004\177"
  37      E48D862C 
  37      0A0511A1 
  37      82047F
  38 0034 94368D9F 		.ascii	"\2246\215\237\324\202\320E\3514\270+U\334X\020\361\003"
  38      D482D045 
  38      E934B82B 
  38      55DC5810 
  38      F103
  39 0046 F147370D 		.ascii	"\361G7\015\212\361\323f\274o\306\205\342\2037\357\275"
  39      8AF1D366 
  39      BC6FC685 
  39      E28337EF 
  39      BD
  40 0057 C339E79E 		.ascii	"\3039\347\236{G\322\303\025\341\355\202\250\223OH\202"
  40      7B47D2C3 
  40      15E1ED82 
  40      A8934F48 
  40      82
  41 0068 185D23B2 		.ascii	"\030]#\262C\002\320\027\002\345\004r8\021u\201Q\247"
  41      4302D017 
  41      02E50472 
  41      38117581 
  41      51A7
  42 007a 3CD1D2F6 		.ascii	"<\321\322\366^)\365wl\335\356up)\210N\205\357\203\017"
  42      5E29F577 
  42      6CDDEE75 
  42      7029884E 
  42      85EF830F 
  43 008e 6863CE69 		.ascii	"hc\316iY\215K\031\005\361\275\262\361\253\031\214\315"
  43      598D4B19 
  43      05F1BDB2 
  43      F1AB198C 
  43      CD
  44 009f 2935EC7C 		.ascii	")5\354|]T\317\231\016|\204d\005\236F\320\036!\006\010"
  44      5D54CF99 
  44      0E7C8464 
  44      059E46D0 
  44      1E210608 
  45 00b3 25C43479 		.ascii	"%\3044y\371\355\352\212\220\355\236p\346\347\376\352"
  45      F9EDEA8A 
  45      90ED9E70 
  45      E6E7FEEA 
  46 00c3 A3E80C0B 		.ascii	"\243\350\014\013\367\256W\342\216=\255\232\256\353\311"
ARM GAS  C:\Users\Luggi\AppData\Local\Temp\cci56XQv.s 			page 3


  46      F7AE57E2 
  46      8E3DAD9A 
  46      AEEBC9
  47 00d2 3FDD95FB 		.ascii	"?\335\225\373\213\371\365\374\377\337-\201<\007kE\031"
  47      8BF9F5FC 
  47      FFDF2D81 
  47      3C076B45 
  47      19
  48 00e3 513F13E6 		.ascii	"Q?\023\346\021\340\276\240\221\245\307\216r\335/\337"
  48      11E0BEA0 
  48      91A5C78E 
  48      72DD2FDF 
  49 00f3 7E5C2124 		.ascii	"~\\!$\270\254\340F\0316\240\253\233\032\010\350\017"
  49      B8ACE046 
  49      1936A0AB 
  49      9B1A08E8 
  49      0F
  50 0104 518DB7EE 		.ascii	"Q\215\267\356\373\200\037|\312-T\317\337\354\274\013"
  50      FB801F7C 
  50      CA2D54CF 
  50      DFECBC0B 
  51 0114 6AB386D0 		.ascii	"j\263\206\320C\250\037~/\312cq)de\326V\206.\277[[\337"
  51      43A81F7E 
  51      2FCA6371 
  51      296465D6 
  51      56862EBF 
  52 012b 08799097 		.ascii	"\010y\220\227\346\250Z,\205\213\230\264\363\034\331"
  52      E6A85A2C 
  52      858B98B4 
  52      F31CD9
  53 013a C0022258 		.ascii	"\300\002\"X\004\247\305\022\212\240-\214\\\024\266\341"
  53      04A7C512 
  53      8AA02D8C 
  53      5C14B6E1 
  54 014a 1B4ADF73 		.ascii	"\033J\337s\352\244ylh\003\344\010\025\346nBx\3619#\223"
  54      EAA4796C 
  54      6803E408 
  54      15E66E42 
  54      78F13923 
  55 015f B466BB70 		.ascii	"\264f\273p\330\270Ma6\204\301\242\306\334\336\037h\221"
  55      D8B84D61 
  55      3684C1A2 
  55      C6DCDE1F 
  55      6891
  56 0171 08123EB3 		.ascii	"\010\022>\263\210Yg\205\177\267\316>OK\253c\036t/\230"
  56      88596785 
  56      7FB7CE3E 
  56      4F4BAB63 
  56      1E742F98 
  57 0185 ED98F7A3 		.ascii	"\355\230\367\243-s4\026\321\016l\347\332\324|=\332\032"
  57      2D733416 
  57      D10E6CE7 
  57      DAD47C3D 
  57      DA1A
  58 0197 FF1F9E02 		.ascii	"\377\037\236\002\317\344I\217\365\312J%2\326\213\376"
  58      CFE4498F 
  58      F5CA4A25 
ARM GAS  C:\Users\Luggi\AppData\Local\Temp\cci56XQv.s 			page 4


  58      32D68BFE 
  59 01a7 BEC16C2A 		.ascii	"\276\301l*i\305{\373\006\273\237\305\273\262CCV\252"
  59      69C57BFB 
  59      06BB9FC5 
  59      BBB24343 
  59      56AA
  60 01b9 2349E6EB 		.ascii	"#I\346\353\304\313\254\025Ng\022\231\201d\327@&}\003"
  60      C4CBAC15 
  60      4E671299 
  60      8164D740 
  60      267D03
  61 01cc C405C2C1 		.ascii	"\304\005\302\301"
  62              		.text
  63              		.section	.gnu.lto_Buzzer_SetDriveMode.53c7b675,"",%progbits
  64 0000 789C7D51 		.ascii	"x\234}QM(DQ\030\375\316\275o~4HV\232\225\222&%V\366"
  64      4D284451 
  64      18FDCEBD 
  64      6F7E3448 
  64      569A9592 
  65 0018 A2D82A5B 		.ascii	"\242\330*[%\361\226LMll\274al\254\260\"\211H\376\177"
  65      25F1964C 
  65      4D6C6CBC 
  65      616CACB0 
  65      228948FE 
  66 002d CAC27692 		.ascii	"\312\302v\222\242\024\261\231La3~\213f\"c\222\306\271"
  66      A214B199 
  66      4C61337E 
  66      8B662263 
  66      92C6B9
  67 0040 6F2CA694 		.ascii	"o,\246\224\333\273\337\375\316\351;\347}\367\273Z\376"
  67      DBBBDFFD 
  67      CEE93BE7 
  67      7DF7BB5A 
  67      FE
  68 0051 AE20F733 		.ascii	"\256 \3673DB<\241\005j\362L$\352W\200I\0042\2420\202"
  68      44423CA1 
  68      056AF24C 
  68      24EA5780 
  68      490432A2 
  69 0067 27955198 		.ascii	"'\225Q\230\214o\316\004B+\216\343\244\227\016\252\306"
  69      8C6FCE04 
  69      422B8EE3 
  69      A4970EAA 
  69      C6
  70 0078 AB724AE4 		.ascii	"\253rJ\344M\025l\260\212\020K\036rO\253e\272\006\302"
  70      4D156CB0 
  70      8A104B1E 
  70      724FAB65 
  70      BA06C2
  71 008b FC7B2A71 		.ascii	"\374{*q\251j\227\035g4~\262\3434#G\3175h*P\037D]PH\010"
  71      A96A971D 
  71      67347EB2 
  71      E3342347 
  71      CF35682A 
  72 00a6 D6516B8A 		.ascii	"\326Qk\2123\261\357D\300\033\243wE\301\023\033\360\262"
  72      33B1EF44 
  72      C01BA377 
ARM GAS  C:\Users\Luggi\AppData\Local\Temp\cci56XQv.s 			page 5


  72      45C1131B 
  72      F0B2
  73 00b8 2DD9AD8C 		.ascii	"-\331\255\214;\371\374\333\365\324Z#\002\212\032\245"
  73      3BF9FCDB 
  73      F5D45A23 
  73      028A1AA5 
  74 00c8 19B46582 		.ascii	"\031\264e\202\007F\3565\251\317\004\277\011%\246F$\305"
  74      0746EE35 
  74      A9CF04BF 
  74      0925A646 
  74      24C5
  75 00da 6D6E7047 		.ascii	"mnpG\300S'q\3701q?g\031\337\2542\327\311\036'\266J\037"
  75      C0532771 
  75      F831713F 
  75      6719DFAC 
  75      32D7C91E 
  76 00f2 554E590B 		.ascii	"UNY\013\213Q\3072]\334\246\316/\374.%\006f\323\263I"
  76      8B51C732 
  76      5DDCA6CE 
  76      2FFC2E25 
  76      0666D3B3 
  77 0107 CC632E1A 		.ascii	"\314c.\032c\363\036l\"\210-p`\330&+I\214\336\370\012"
  77      63F31E6C 
  77      22882D70 
  77      60D8262B 
  77      498CDEF8 
  78 011c 769A8EC4 		.ascii	"v\232\216\304c\237\336\002\266HQ\177\365\232>u\355t"
  78      639FDE02 
  78      B648517F 
  78      F59A3E75 
  78      ED74
  79 012e 26FFBB38 		.ascii	"&\377\2738\313\035Z\024i\371y\212\265>R\324^\354\277"
  79      CB1D5A14 
  79      69F9798A 
  79      B53E52D4 
  79      5EECBF
  80 0141 1C795C6D 		.ascii	"\034y\\m\271`\327\225\214\275\377\226\370\335?\370\212"
  80      B960D795 
  80      8CBDFF96 
  80      F8DD3FF8 
  80      8A
  81 0152 5D4AC812 		.ascii	"]J\310\022\037N\303\340\377z\337#\313z\271A4\376\325"
  81      1F4EC3E0 
  81      FF7ADF23 
  81      CB7AB941 
  81      34FED5
  82 0165 66AACDFB 		.ascii	"f\252\315\373\245\370\026\034\023\207V\335n\017\330"
  82      A5F8161C 
  82      138756DD 
  82      6E0FD8
  83 0174 919E41BB 		.ascii	"\221\236A\273\257\2733<\024\351\265\273::\303\255M]"
  83      AFBB333C 
  83      14E9B5BB 
  83      3A3AC3AD 
  83      4D5D
  84 0186 2D43C3C3 		.ascii	"-C\303\303v\244\241W\254\376p\237\375\003\013\301\270"
  84      76A4A157 
ARM GAS  C:\Users\Luggi\AppData\Local\Temp\cci56XQv.s 			page 6


  84      ACFE709F 
  84      FD030BC1 
  84      B8
  85 0197 DB       		.ascii	"\333"
  86              		.text
  87              		.section	.gnu.lto_Buzzer_Read.53c7b675,"",%progbits
  88 0000 789C6366 		.ascii	"x\234cf\300\004R@\374\033\210\225\200\230\221\231\201"
  88      C0045240 
  88      FC1B8895 
  88      80989199 
  88      81
  89 0011 9169C239 		.ascii	"\221i\3029\006\206F\016&FF\020\203\201\221\241\236\211"
  89      0686460E 
  89      26464610 
  89      838191A1 
  89      9E89
  90 0023 B19EF125 		.ascii	"\261\236\361%\323G&\3063;\377]fT_\332\320\320\364a\322"
  90      D34726C6 
  90      333BFF5D 
  90      66545FDA 
  90      D0D0F461 
  91 0038 DE3BDCAD 		.ascii	"\336;\334\255\022?\231\030\030>310\352H1j\202\314a\\"
  91      123F9918 
  91      183E3331 
  91      30EA4831 
  91      6A82CC61 
  92 004d CEA8CE00 		.ascii	"\316\250\316\000T\370\261\345\357un\266\226\206\206"
  92      54F8B1E5 
  92      EF756EB6 
  92      968686
  93 005c 0601903C 		.ascii	"\006\001\220<Pb\005#\033#\220^/t\240\341\377\377\315"
  93      50620523 
  93      1B23905E 
  93      2F74A0E1 
  93      FFFFCD
  94 006f 5F277658 		.ascii	"_'vX3\26201\374d\002\332\0102\204\341\011\220\000\331"
  94      33B23031 
  94      FC6402DA 
  94      083284E1 
  94      099000D9 
  95 0083 F7948909 		.ascii	"\367\224\211\011D3\337b<\364\255\353\336<+\220\306\357"
  95      4433DF62 
  95      3CF4ADEB 
  95      DE3C2B90 
  95      C6EF
  96 0095 4C20CBCF 		.ascii	"L \313\317\355\177\275\201\347\005\323O&\246\215\213"
  96      ED7FBD81 
  96      E705D34F 
  96      26A68D8B 
  97 00a5 1A1B5840 		.ascii	"\032\033X@\326\334\177r\376\"\007X\210\001\304\355}"
  97      D6DC7F72 
  97      FE220758 
  97      8801C4ED 
  97      7D
  98 00b6 DB283C97 		.ascii	"\333(<\227qvc\013\343O&f\306\225\214R\214\253\030\201"
  98      7176630B 
  98      E34F2666 
ARM GAS  C:\Users\Luggi\AppData\Local\Temp\cci56XQv.s 			page 7


  98      C6958C52 
  98      8CAB1881 
  99 00ca AE625CCD 		.ascii	"\256b\\\3158\227\221\341\026c\363\2756\035\210q\314"
  99      389791E1 
  99      1663F3BD 
  99      361D8871 
  99      CC
 100 00db 1013BF2F 		.ascii	"\020\023\277/~\360\232\021\244\235\205\235\201q\015"
 100      7EF09A11 
 100      A49D859D 
 100      81710D
 101 00ea 50E93D46 		.ascii	"P\351=FF\250\002\260\213\030A.\001\032\255\340\236\232"
 101      46A802B0 
 101      8B18412E 
 101      011AADE0 
 101      9E9A
 102 00fc 975A9458 		.ascii	"\227Z\224X\222\232\022\037\234_Z\224\234\032\023\020"
 102      929A121F 
 102      9C5F5A94 
 102      9C1A1310 
 103 010c 9CEF6C1A 		.ascii	"\234\357l\032\343TZU\225Z\244\227\314\000\000\265?e"
 103      E3545A55 
 103      955AA497 
 103      CC0000B5 
 103      3F65
 104 011e 40       		.ascii	"@"
 105              		.text
 106              		.section	.gnu.lto_Buzzer_ReadDataReg.53c7b675,"",%progbits
 107 0000 789C6366 		.ascii	"x\234cf\300\004R@\374\007\210\225\200\230\221\231\201"
 107      C0045240 
 107      FC078895 
 107      80989199 
 107      81
 108 0011 9169C239 		.ascii	"\221i\3029\006\206F\016&FF\020\203\201\221\241\236\211"
 108      0686460E 
 108      26464610 
 108      838191A1 
 108      9E89
 109 0023 B19EF125 		.ascii	"\261\236\361%\323G&\3063;\377]fT_\332\320\320\364\341"
 109      D34726C6 
 109      333BFF5D 
 109      66545FDA 
 109      D0D0F4E1 
 110 0037 D2E53BDC 		.ascii	"\322\345;\334\255\022?\231\030\030>310\352H1j\202\314"
 110      AD123F99 
 110      18183E33 
 110      3130EA48 
 110      316A82CC 
 111 004b 615CCEA8 		.ascii	"a\\\316\250\316\000T\370\261\345\357un\266\226\206\206"
 111      CE0054F8 
 111      B1E5EF75 
 111      6EB69686 
 111      86
 112 005c 0601903C 		.ascii	"\006\001\220<Pb\005#\033#\220^/t\240\341\377\377\315"
 112      50620523 
 112      1B23905E 
 112      2F74A0E1 
ARM GAS  C:\Users\Luggi\AppData\Local\Temp\cci56XQv.s 			page 8


 112      FFFFCD
 113 006f E7277568 		.ascii	"\347'uh1\26101\374d\002\332\0102\204\341\011\220\000"
 113      31B13031 
 113      FC6402DA 
 113      083284E1 
 113      099000
 114 0082 D9F79489 		.ascii	"\331\367\224\211\011D3\337b<\364\255\353\337J+\220\306"
 114      094433DF 
 114      623CF4AD 
 114      EBDF4A2B 
 114      90C6
 115 0094 EF4C20CB 		.ascii	"\357L \313?>\333?\227\371\005\323O&\246\015\213\032"
 115      3F3EDB3F 
 115      97F905D3 
 115      4F26A60D 
 115      8B1A
 116 00a6 1B5840D6 		.ascii	"\033X@\326\334\177r\376\"\007X\210\001\304}~h\356J\256"
 116      DC7F72FE 
 116      22075888 
 116      01C47D7E 
 116      68EE4AAE 
 117 00ba B98CB31B 		.ascii	"\271\214\263\033[\030\177213\256d\224b\\\305\010t\026"
 117      5B187F32 
 117      3133AE64 
 117      94625CC5 
 117      087416
 118 00cd E36AC6B9 		.ascii	"\343j\306\271\214\014\267\030\233\357\265\351@\314c"
 118      8C0CB718 
 118      9BEFB5E9 
 118      40CC63
 119 00dc 8618F97D 		.ascii	"\206\030\371}\361\203\327\214 \375,\354\014\214k\200"
 119      F183D78C 
 119      20FD2CEC 
 119      0C8C6B80 
 120 00ec 4AEF3132 		.ascii	"J\35712B\025\200\235\304\010r\012\320l\005\367\324\274"
 120      4215809D 
 120      C408720A 
 120      D06C05F7 
 120      D4BC
 121 00fe D4A2C492 		.ascii	"\324\242\304\222\324\224\370\340\374\322\242\344\324"
 121      D494F8E0 
 121      FCD2A2E4 
 121      D4
 122 010b 9880E07C 		.ascii	"\230\200\340|g\323\030\247\322\252\252\324\"\275d\006"
 122      67D318A7 
 122      D2AAAAD4 
 122      22BD6406 
 123 011b 00B3BC66 		.ascii	"\000\263\274fy"
 123      79
 124              		.text
 125              		.section	.gnu.lto_.symbol_nodes.53c7b675,"",%progbits
 126 0000 789C6366 		.ascii	"x\234cf``pb\200\002&\206z\006\206\011\347\030\030\352"
 126      60607062 
 126      80022686 
 126      7A068609 
 126      E71818EA 
 127 0014 EB19A62D 		.ascii	"\353\031\246-\340``b\254gD\3413\3253\241\360\231\353"
ARM GAS  C:\Users\Luggi\AppData\Local\Temp\cci56XQv.s 			page 9


 127      E0606062 
 127      AC6744E1 
 127      33D533A1 
 127      F099EB
 128 0027 9991F90C 		.ascii	"\231\221\371\014\0000N\020\276"
 128      00304E10 
 128      BE
 129              		.text
 130              		.section	.gnu.lto_.refs.53c7b675,"",%progbits
 131 0000 789C6366 		.ascii	"x\234cf```d\200\002\000\000=\000\005"
 131      60606064 
 131      80020000 
 131      3D0005
 132              		.text
 133              		.section	.gnu.lto_.decls.53c7b675,"",%progbits
 134 0000 789C8D92 		.ascii	"x\234\215\222_H\323Q\024\307\357\371\335\237S\177.\211"
 134      5F48D351 
 134      14C7EFF9 
 134      DD9F537F 
 134      2E89
 135 0012 029511B4 		.ascii	"\002\225\021\264^\204@\204\240\300\247\212\024\224\240"
 135      5E844084 
 135      A0C0A78A 
 135      1494A0
 136 0021 10257A50 		.ascii	"\020%zP\220\241\027\363Ec\316@_\274Mc\246Q\"\375\221"
 136      90A117F3 
 136      4563CE40 
 136      5FBC4D63 
 136      A65122FD 
 137 0036 4813D42C 		.ascii	"H\023\324,M\2639\235Ss\333\233d\012\321\220L\010\305"
 137      4DB3399D 
 137      5373DB9B 
 137      640AD190 
 137      4C08C5
 138 0049 177D9B61 		.ascii	"\027}\233abQ\375:\277\373\333\332\2175\301\003g\273"
 138      6251FD3A 
 138      BFFBDBDA 
 138      8F35C103 
 138      67BB
 139 005b E7FECEE7 		.ascii	"\347\376\316\347{\316\275\367PBH\026\020\242\242\235"
 139      7BCEBDF7 
 139      50424816 
 139      10A2A29D 
 140 006b A7843CC6 		.ascii	"\247\204<\3068\011\275\230\304LFw\243{\320\275\350>"
 140      3809BD98 
 140      C44C4677 
 140      A37BD0BD 
 140      E83E
 141 007d F2BFB90D 		.ascii	"\362\277\271\015\334(z\006\372<\372\\\344;Dr\342M\323"
 141      DC287A06 
 141      FA3CFA5C 
 141      E43B4472 
 141      E24DD3
 142 0090 34C571C1 		.ascii	"4\305q\301\004\254'\001\353\215\324\214\257w\331\300"
 142      04AC2701 
 142      EB8DD48C 
 142      AF77D9C0 
ARM GAS  C:\Users\Luggi\AppData\Local\Temp\cci56XQv.s 			page 10


 143 00a0 791370BE 		.ascii	"y\023p\276Cp\211\316\270#\201olw)mK\202t\305\252\205"
 143      437089CE 
 143      B823816F 
 143      6C77296D 
 143      4B8274C5 
 144 00b6 335D0BDD 		.ascii	"3]\013\335&\014\315\212\254\205+~\227+\205J\240\255"
 144      260CCD8A 
 144      AC852B7E 
 144      972B854A 
 144      A0AD
 145 00c8 FBBB3742 		.ascii	"\373\2737BJ\3160\347\274\215\007\002\020\223\270\375"
 145      4ACE30E7 
 145      BC8D0702 
 145      1093B8FD 
 146 00d8 62F65E32 		.ascii	"b\366^22\031\212\010\357/>\015R\021\252\032'\255\256"
 146      32198A08 
 146      EF2F3E0D 
 146      5211AA1A 
 146      27ADAE
 147 00eb 3EFC4141 		.ascii	">\374AA\311n\343\334\311\303]\234f\021\310\261\300i"
 147      C96EE3DC 
 147      C9C35D9C 
 147      6611C8B1 
 147      C069
 148 00fd 0B8131C8 		.ascii	"\013\2011\310\3064\030\206\034\002#`\201\327`!\003X"
 148      C6341886 
 148      1C022360 
 148      81D76021 
 148      0358
 149 010f 20FC3CF4 		.ascii	" \374<\364\345\004\3472\214\202\002\257\200\212\014"
 149      E504E732 
 149      8C8202AF 
 149      808A0C
 150 011e 3C865621 		.ascii	"<\206V!R\264\363N\260S\226%\334\324r\312D\267\337\325"
 150      52B4F34E 
 150      B0539625 
 150      DCD472CA 
 150      44B7DFD5 
 151 0132 8D4129F3 		.ascii	"\215A)\363\021\012\360\316\026~T\206\342\014\030B\331"
 151      110AF0CE 
 151      167E5486 
 151      E20C1842 
 151      D9
 152 0143 97284B60 		.ascii	"\227(K`\0342\361\367\015\310\272\300n\307\347O&zF\034"
 152      1C32F1F7 
 152      0DC8BAC0 
 152      6EC7E74F 
 152      267A461C 
 153 0157 CD3DB2FC 		.ascii	"\315=\262\374;\315\332\313\373\306\303\177\276\255\232"
 153      3BCDDACB 
 153      FBC6C37F 
 153      BEAD9A
 154 0166 F9020FA8 		.ascii	"\371\002\017\250\352\005\201\300\333\177\345\211\266"
 154      EA0581C0 
 154      DB7FE589 
 154      B6
 155 0173 D6EFD30D 		.ascii	"\326\357\323\015V\304\246\276:GdZ!$z\270\347\254P\350"
ARM GAS  C:\Users\Luggi\AppData\Local\Temp\cci56XQv.s 			page 11


 155      56C4A6BE 
 155      3A47645A 
 155      21247AB8 
 155      E7AC50E8 
 156 0187 9BE937E9 		.ascii	"\233\3517\351\274\300'\014\370D\024\367\010\374n\353"
 156      BCC0270C 
 156      F84414F7 
 156      08FC6EEB 
 157 0197 383576AB 		.ascii	"85v\253\035$\326\356\244h\267,\322\355\372\007\227;"
 157      1D24D6EE 
 157      A468B72C 
 157      D2EDFA07 
 157      973B
 158 01a9 9DD68B52 		.ascii	"\235\326\213R\317\326v\177&\211Z\353\333\233,\320\312"
 158      CFD6767F 
 158      26895AEB 
 158      DB9B2CD0 
 158      CA
 159 01ba 7FA92A15 		.ascii	"\177\251*\025\000L\031\252ME\253yE5\327\220\272Mi\263"
 159      004C19AA 
 159      4D45AB79 
 159      4535D790 
 159      BA4D69B3 
 160 01ce 50D87BEF 		.ascii	"P\330{\357_R\364n{\006\243\335j\374\264\201\237\216"
 160      5F52F46E 
 160      7B06A3DD 
 160      6AFCB481 
 160      9F8E
 161 01e0 F23EC1F3 		.ascii	"\362>\301\363'\035\003)\264\013\204\300\344^\273\357"
 161      271D0329 
 161      B40B84C0 
 161      E45EBBEF 
 162 01f0 88822FDA 		.ascii	"\210\202/\332r\210\027\305\031\010-\267\257\244\352"
 162      728817C5 
 162      19082DB7 
 162      AFA4EA
 163 01ff 33104FBC 		.ascii	"3\020O\274;p\006\3667\213Z\371E\230\303k\231\211\315"
 163      3B7006F6 
 163      378B5AF9 
 163      4598C36B 
 163      9989CD
 164 0212 C02CC486 		.ascii	"\300,\304\206 \264\350\\\243\346vm\260\360\012S\213"
 164      20B4E85C 
 164      A3E6766D 
 164      B0F00A53 
 164      8B
 165 0223 446EEC0A 		.ascii	"Dn\354\012\347\301,\016\200\377;\022\035\373\350\357"
 165      E7C12C0E 
 165      80FF3B12 
 165      1DFBE8EF 
 166 0233 95C06251 		.ascii	"\225\300bQ\272q\200\367OB\020\205\264e`KU\233U\335\036"
 166      BA7180F7 
 166      4F421085 
 166      B465604B 
 166      559B55DD 
 167 0248 248BED36 		.ascii	"$\213\3556\355Q\302NC\233D\354\023\010\240\270\037\305"
 167      ED51C24E 
ARM GAS  C:\Users\Luggi\AppData\Local\Temp\cci56XQv.s 			page 12


 167      439B44EC 
 167      1308A0B8 
 167      1FC5
 168 025a 4598D450 		.ascii	"E\230\324PS\353\3103\025^\275f\315'\247\012Y-\263\333"
 168      53EBC833 
 168      155EBD66 
 168      CD27A70A 
 168      592DB3DB 
 169 026e 1CACAAA2 		.ascii	"\034\254\252\242\264\256\301^\311\312\213K\353\362\317"
 169      B4AEC15E 
 169      C9CA8B4B 
 169      EBF2CF
 170 027d 9557363A 		.ascii	"\225W6:\032o\262\372\334\033\304|\251\241\251\211\331"
 170      1A6FB2FA 
 170      DC1BC47C 
 170      A9A1A989 
 170      D9
 171 028e 2BAEDB6B 		.ascii	"+\256\333k\034\314z@\272\236\223[I\216G\262K\231\243"
 171      1CCC7A40 
 171      BA9E935B 
 171      498E47B2 
 171      4B99A3
 172 02a1 C05E738B 		.ascii	"\300^s\213]\251\253bi\221\275\022f\253:fX\027\330\034"
 172      5DA9AB62 
 172      6991BD12 
 172      66AB3A66 
 172      5817D81C 
 173 02b5 B612562D 		.ascii	"\266\022V-\333Yu\336_\257]JS"
 173      DB5975DE 
 173      5FAF5D4A 
 173      53
 174              		.text
 175              		.section	.gnu.lto_.symtab.53c7b675,"",%progbits
 176 0000 42757A7A 		.ascii	"Buzzer_Write\000\000\000\000\000\000\000\000\000\000"
 176      65725F57 
 176      72697465 
 176      00000000 
 176      00000000 
 177 0016 0000B200 		.ascii	"\000\000\262\000\000\000Buzzer_SetDriveMode\000\000"
 177      00004275 
 177      7A7A6572 
 177      5F536574 
 177      44726976 
 178 0031 00000000 		.ascii	"\000\000\000\000\000\000\000\000\000\000\264\000\000"
 178      00000000 
 178      0000B400 
 178      00
 179 003e 0042757A 		.ascii	"\000Buzzer_Read\000\000\000\000\000\000\000\000\000"
 179      7A65725F 
 179      52656164 
 179      00000000 
 179      00000000 
 180 0053 000000B7 		.ascii	"\000\000\000\267\000\000\000Buzzer_ReadDataReg\000\000"
 180      00000042 
 180      757A7A65 
 180      725F5265 
 180      61644461 
ARM GAS  C:\Users\Luggi\AppData\Local\Temp\cci56XQv.s 			page 13


 181 006e 00000000 		.ascii	"\000\000\000\000\000\000\000\000\000\000\271\000\000"
 181      00000000 
 181      0000B900 
 181      00
 182 007b 00       		.ascii	"\000"
 183              		.text
 184              		.section	.gnu.lto_.opts,"",%progbits
 185 0000 272D666E 		.ascii	"'-fno-trapv' '-fno-strict-overflow' '-mcpu=cortex-m"
 185      6F2D7472 
 185      61707627 
 185      20272D66 
 185      6E6F2D73 
 186 0033 33272027 		.ascii	"3' '-mthumb' '-g' '-Og' '-ffunction-sections' '-flt"
 186      2D6D7468 
 186      756D6227 
 186      20272D67 
 186      2720272D 
 187 0066 6F272027 		.ascii	"o' '-ffat-lto-objects'\000"
 187      2D666661 
 187      742D6C74 
 187      6F2D6F62 
 187      6A656374 
 188              		.text
 189              		.cfi_sections	.debug_frame
 190              		.section	.text.Buzzer_Write,"ax",%progbits
 191              		.align	2
 192              		.global	Buzzer_Write
 193              		.thumb
 194              		.thumb_func
 195              		.type	Buzzer_Write, %function
 196              	Buzzer_Write:
 197              	.LFB0:
 198              		.file 1 "Generated_Source\\PSoC5\\Buzzer.c"
   1:Generated_Source\PSoC5/Buzzer.c **** /*******************************************************************************
   2:Generated_Source\PSoC5/Buzzer.c **** * File Name: Buzzer.c  
   3:Generated_Source\PSoC5/Buzzer.c **** * Version 2.20
   4:Generated_Source\PSoC5/Buzzer.c **** *
   5:Generated_Source\PSoC5/Buzzer.c **** * Description:
   6:Generated_Source\PSoC5/Buzzer.c **** *  This file contains API to enable firmware control of a Pins component.
   7:Generated_Source\PSoC5/Buzzer.c **** *
   8:Generated_Source\PSoC5/Buzzer.c **** * Note:
   9:Generated_Source\PSoC5/Buzzer.c **** *
  10:Generated_Source\PSoC5/Buzzer.c **** ********************************************************************************
  11:Generated_Source\PSoC5/Buzzer.c **** * Copyright 2008-2015, Cypress Semiconductor Corporation.  All rights reserved.
  12:Generated_Source\PSoC5/Buzzer.c **** * You may use this file only in accordance with the license, terms, conditions, 
  13:Generated_Source\PSoC5/Buzzer.c **** * disclaimers, and limitations in the end user license agreement accompanying 
  14:Generated_Source\PSoC5/Buzzer.c **** * the software package with which this file was provided.
  15:Generated_Source\PSoC5/Buzzer.c **** *******************************************************************************/
  16:Generated_Source\PSoC5/Buzzer.c **** 
  17:Generated_Source\PSoC5/Buzzer.c **** #include "cytypes.h"
  18:Generated_Source\PSoC5/Buzzer.c **** #include "Buzzer.h"
  19:Generated_Source\PSoC5/Buzzer.c **** 
  20:Generated_Source\PSoC5/Buzzer.c **** /* APIs are not generated for P15[7:6] on PSoC 5 */
  21:Generated_Source\PSoC5/Buzzer.c **** #if !(CY_PSOC5A &&\
  22:Generated_Source\PSoC5/Buzzer.c **** 	 Buzzer__PORT == 15 && ((Buzzer__MASK & 0xC0) != 0))
  23:Generated_Source\PSoC5/Buzzer.c **** 
  24:Generated_Source\PSoC5/Buzzer.c **** 
ARM GAS  C:\Users\Luggi\AppData\Local\Temp\cci56XQv.s 			page 14


  25:Generated_Source\PSoC5/Buzzer.c **** /*******************************************************************************
  26:Generated_Source\PSoC5/Buzzer.c **** * Function Name: Buzzer_Write
  27:Generated_Source\PSoC5/Buzzer.c **** ****************************************************************************//**
  28:Generated_Source\PSoC5/Buzzer.c **** *
  29:Generated_Source\PSoC5/Buzzer.c **** * \brief Writes the value to the physical port (data output register), masking
  30:Generated_Source\PSoC5/Buzzer.c **** *  and shifting the bits appropriately. 
  31:Generated_Source\PSoC5/Buzzer.c **** *
  32:Generated_Source\PSoC5/Buzzer.c **** * The data output register controls the signal applied to the physical pin in 
  33:Generated_Source\PSoC5/Buzzer.c **** * conjunction with the drive mode parameter. This function avoids changing 
  34:Generated_Source\PSoC5/Buzzer.c **** * other bits in the port by using the appropriate method (read-modify-write or
  35:Generated_Source\PSoC5/Buzzer.c **** * bit banding).
  36:Generated_Source\PSoC5/Buzzer.c **** *
  37:Generated_Source\PSoC5/Buzzer.c **** * <b>Note</b> This function should not be used on a hardware digital output pin 
  38:Generated_Source\PSoC5/Buzzer.c **** * as it is driven by the hardware signal attached to it.
  39:Generated_Source\PSoC5/Buzzer.c **** *
  40:Generated_Source\PSoC5/Buzzer.c **** * \param value
  41:Generated_Source\PSoC5/Buzzer.c **** *  Value to write to the component instance.
  42:Generated_Source\PSoC5/Buzzer.c **** *
  43:Generated_Source\PSoC5/Buzzer.c **** * \return 
  44:Generated_Source\PSoC5/Buzzer.c **** *  None 
  45:Generated_Source\PSoC5/Buzzer.c **** *
  46:Generated_Source\PSoC5/Buzzer.c **** * \sideeffect
  47:Generated_Source\PSoC5/Buzzer.c **** *  If you use read-modify-write operations that are not atomic; the Interrupt 
  48:Generated_Source\PSoC5/Buzzer.c **** *  Service Routines (ISR) can cause corruption of this function. An ISR that 
  49:Generated_Source\PSoC5/Buzzer.c **** *  interrupts this function and performs writes to the Pins component data 
  50:Generated_Source\PSoC5/Buzzer.c **** *  register can cause corrupted port data. To avoid this issue, you should 
  51:Generated_Source\PSoC5/Buzzer.c **** *  either use the Per-Pin APIs (primary method) or disable interrupts around 
  52:Generated_Source\PSoC5/Buzzer.c **** *  this function.
  53:Generated_Source\PSoC5/Buzzer.c **** *
  54:Generated_Source\PSoC5/Buzzer.c **** * \funcusage
  55:Generated_Source\PSoC5/Buzzer.c **** *  \snippet Buzzer_SUT.c usage_Buzzer_Write
  56:Generated_Source\PSoC5/Buzzer.c **** *******************************************************************************/
  57:Generated_Source\PSoC5/Buzzer.c **** void Buzzer_Write(uint8 value)
  58:Generated_Source\PSoC5/Buzzer.c **** {
 199              		.loc 1 58 0
 200              		.cfi_startproc
 201              		@ args = 0, pretend = 0, frame = 0
 202              		@ frame_needed = 0, uses_anonymous_args = 0
 203              		@ link register save eliminated.
 204              	.LVL0:
  59:Generated_Source\PSoC5/Buzzer.c ****     uint8 staticBits = (Buzzer_DR & (uint8)(~Buzzer_MASK));
 205              		.loc 1 59 0
 206 0000 044A     		ldr	r2, .L2
 207 0002 1378     		ldrb	r3, [r2]	@ zero_extendqisi2
 208 0004 03F07F03 		and	r3, r3, #127
 209              	.LVL1:
  60:Generated_Source\PSoC5/Buzzer.c ****     Buzzer_DR = staticBits | ((uint8)(value << Buzzer_SHIFT) & Buzzer_MASK);
 210              		.loc 1 60 0
 211 0008 C001     		lsls	r0, r0, #7
 212              	.LVL2:
 213 000a C0B2     		uxtb	r0, r0
 214 000c 0343     		orrs	r3, r3, r0
 215              	.LVL3:
 216 000e 1370     		strb	r3, [r2]
 217 0010 7047     		bx	lr
 218              	.L3:
 219 0012 00BF     		.align	2
ARM GAS  C:\Users\Luggi\AppData\Local\Temp\cci56XQv.s 			page 15


 220              	.L2:
 221 0014 30510040 		.word	1073762608
 222              		.cfi_endproc
 223              	.LFE0:
 224              		.size	Buzzer_Write, .-Buzzer_Write
 225              		.section	.text.Buzzer_SetDriveMode,"ax",%progbits
 226              		.align	2
 227              		.global	Buzzer_SetDriveMode
 228              		.thumb
 229              		.thumb_func
 230              		.type	Buzzer_SetDriveMode, %function
 231              	Buzzer_SetDriveMode:
 232              	.LFB1:
  61:Generated_Source\PSoC5/Buzzer.c **** }
  62:Generated_Source\PSoC5/Buzzer.c **** 
  63:Generated_Source\PSoC5/Buzzer.c **** 
  64:Generated_Source\PSoC5/Buzzer.c **** /*******************************************************************************
  65:Generated_Source\PSoC5/Buzzer.c **** * Function Name: Buzzer_SetDriveMode
  66:Generated_Source\PSoC5/Buzzer.c **** ****************************************************************************//**
  67:Generated_Source\PSoC5/Buzzer.c **** *
  68:Generated_Source\PSoC5/Buzzer.c **** * \brief Sets the drive mode for each of the Pins component's pins.
  69:Generated_Source\PSoC5/Buzzer.c **** * 
  70:Generated_Source\PSoC5/Buzzer.c **** * <b>Note</b> This affects all pins in the Pins component instance. Use the
  71:Generated_Source\PSoC5/Buzzer.c **** * Per-Pin APIs if you wish to control individual pin's drive modes.
  72:Generated_Source\PSoC5/Buzzer.c **** *
  73:Generated_Source\PSoC5/Buzzer.c **** * \param mode
  74:Generated_Source\PSoC5/Buzzer.c **** *  Mode for the selected signals. Valid options are documented in 
  75:Generated_Source\PSoC5/Buzzer.c **** *  \ref driveMode.
  76:Generated_Source\PSoC5/Buzzer.c **** *
  77:Generated_Source\PSoC5/Buzzer.c **** * \return
  78:Generated_Source\PSoC5/Buzzer.c **** *  None
  79:Generated_Source\PSoC5/Buzzer.c **** *
  80:Generated_Source\PSoC5/Buzzer.c **** * \sideeffect
  81:Generated_Source\PSoC5/Buzzer.c **** *  If you use read-modify-write operations that are not atomic, the ISR can
  82:Generated_Source\PSoC5/Buzzer.c **** *  cause corruption of this function. An ISR that interrupts this function 
  83:Generated_Source\PSoC5/Buzzer.c **** *  and performs writes to the Pins component Drive Mode registers can cause 
  84:Generated_Source\PSoC5/Buzzer.c **** *  corrupted port data. To avoid this issue, you should either use the Per-Pin
  85:Generated_Source\PSoC5/Buzzer.c **** *  APIs (primary method) or disable interrupts around this function.
  86:Generated_Source\PSoC5/Buzzer.c **** *
  87:Generated_Source\PSoC5/Buzzer.c **** * \funcusage
  88:Generated_Source\PSoC5/Buzzer.c **** *  \snippet Buzzer_SUT.c usage_Buzzer_SetDriveMode
  89:Generated_Source\PSoC5/Buzzer.c **** *******************************************************************************/
  90:Generated_Source\PSoC5/Buzzer.c **** void Buzzer_SetDriveMode(uint8 mode)
  91:Generated_Source\PSoC5/Buzzer.c **** {
 233              		.loc 1 91 0
 234              		.cfi_startproc
 235              		@ args = 0, pretend = 0, frame = 0
 236              		@ frame_needed = 0, uses_anonymous_args = 0
 237              		@ link register save eliminated.
 238              	.LVL4:
  92:Generated_Source\PSoC5/Buzzer.c **** 	CyPins_SetPinDriveMode(Buzzer_0, mode);
 239              		.loc 1 92 0
 240 0000 044A     		ldr	r2, .L5
 241 0002 1378     		ldrb	r3, [r2]	@ zero_extendqisi2
 242 0004 03F0F103 		and	r3, r3, #241
 243 0008 00F00E00 		and	r0, r0, #14
 244              	.LVL5:
ARM GAS  C:\Users\Luggi\AppData\Local\Temp\cci56XQv.s 			page 16


 245 000c 1843     		orrs	r0, r0, r3
 246 000e 1070     		strb	r0, [r2]
 247 0010 7047     		bx	lr
 248              	.L6:
 249 0012 00BF     		.align	2
 250              	.L5:
 251 0014 1F500040 		.word	1073762335
 252              		.cfi_endproc
 253              	.LFE1:
 254              		.size	Buzzer_SetDriveMode, .-Buzzer_SetDriveMode
 255              		.section	.text.Buzzer_Read,"ax",%progbits
 256              		.align	2
 257              		.global	Buzzer_Read
 258              		.thumb
 259              		.thumb_func
 260              		.type	Buzzer_Read, %function
 261              	Buzzer_Read:
 262              	.LFB2:
  93:Generated_Source\PSoC5/Buzzer.c **** }
  94:Generated_Source\PSoC5/Buzzer.c **** 
  95:Generated_Source\PSoC5/Buzzer.c **** 
  96:Generated_Source\PSoC5/Buzzer.c **** /*******************************************************************************
  97:Generated_Source\PSoC5/Buzzer.c **** * Function Name: Buzzer_Read
  98:Generated_Source\PSoC5/Buzzer.c **** ****************************************************************************//**
  99:Generated_Source\PSoC5/Buzzer.c **** *
 100:Generated_Source\PSoC5/Buzzer.c **** * \brief Reads the associated physical port (pin status register) and masks 
 101:Generated_Source\PSoC5/Buzzer.c **** *  the required bits according to the width and bit position of the component
 102:Generated_Source\PSoC5/Buzzer.c **** *  instance. 
 103:Generated_Source\PSoC5/Buzzer.c **** *
 104:Generated_Source\PSoC5/Buzzer.c **** * The pin's status register returns the current logic level present on the 
 105:Generated_Source\PSoC5/Buzzer.c **** * physical pin.
 106:Generated_Source\PSoC5/Buzzer.c **** *
 107:Generated_Source\PSoC5/Buzzer.c **** * \return 
 108:Generated_Source\PSoC5/Buzzer.c **** *  The current value for the pins in the component as a right justified number.
 109:Generated_Source\PSoC5/Buzzer.c **** *
 110:Generated_Source\PSoC5/Buzzer.c **** * \funcusage
 111:Generated_Source\PSoC5/Buzzer.c **** *  \snippet Buzzer_SUT.c usage_Buzzer_Read  
 112:Generated_Source\PSoC5/Buzzer.c **** *******************************************************************************/
 113:Generated_Source\PSoC5/Buzzer.c **** uint8 Buzzer_Read(void)
 114:Generated_Source\PSoC5/Buzzer.c **** {
 263              		.loc 1 114 0
 264              		.cfi_startproc
 265              		@ args = 0, pretend = 0, frame = 0
 266              		@ frame_needed = 0, uses_anonymous_args = 0
 267              		@ link register save eliminated.
 115:Generated_Source\PSoC5/Buzzer.c ****     return (Buzzer_PS & Buzzer_MASK) >> Buzzer_SHIFT;
 268              		.loc 1 115 0
 269 0000 014B     		ldr	r3, .L8
 270 0002 1878     		ldrb	r0, [r3]	@ zero_extendqisi2
 116:Generated_Source\PSoC5/Buzzer.c **** }
 271              		.loc 1 116 0
 272 0004 C009     		lsrs	r0, r0, #7
 273 0006 7047     		bx	lr
 274              	.L9:
 275              		.align	2
 276              	.L8:
 277 0008 31510040 		.word	1073762609
ARM GAS  C:\Users\Luggi\AppData\Local\Temp\cci56XQv.s 			page 17


 278              		.cfi_endproc
 279              	.LFE2:
 280              		.size	Buzzer_Read, .-Buzzer_Read
 281              		.section	.text.Buzzer_ReadDataReg,"ax",%progbits
 282              		.align	2
 283              		.global	Buzzer_ReadDataReg
 284              		.thumb
 285              		.thumb_func
 286              		.type	Buzzer_ReadDataReg, %function
 287              	Buzzer_ReadDataReg:
 288              	.LFB3:
 117:Generated_Source\PSoC5/Buzzer.c **** 
 118:Generated_Source\PSoC5/Buzzer.c **** 
 119:Generated_Source\PSoC5/Buzzer.c **** /*******************************************************************************
 120:Generated_Source\PSoC5/Buzzer.c **** * Function Name: Buzzer_ReadDataReg
 121:Generated_Source\PSoC5/Buzzer.c **** ****************************************************************************//**
 122:Generated_Source\PSoC5/Buzzer.c **** *
 123:Generated_Source\PSoC5/Buzzer.c **** * \brief Reads the associated physical port's data output register and masks 
 124:Generated_Source\PSoC5/Buzzer.c **** *  the correct bits according to the width and bit position of the component 
 125:Generated_Source\PSoC5/Buzzer.c **** *  instance. 
 126:Generated_Source\PSoC5/Buzzer.c **** *
 127:Generated_Source\PSoC5/Buzzer.c **** * The data output register controls the signal applied to the physical pin in 
 128:Generated_Source\PSoC5/Buzzer.c **** * conjunction with the drive mode parameter. This is not the same as the 
 129:Generated_Source\PSoC5/Buzzer.c **** * preferred Buzzer_Read() API because the 
 130:Generated_Source\PSoC5/Buzzer.c **** * Buzzer_ReadDataReg() reads the data register instead of the status 
 131:Generated_Source\PSoC5/Buzzer.c **** * register. For output pins this is a useful function to determine the value 
 132:Generated_Source\PSoC5/Buzzer.c **** * just written to the pin.
 133:Generated_Source\PSoC5/Buzzer.c **** *
 134:Generated_Source\PSoC5/Buzzer.c **** * \return 
 135:Generated_Source\PSoC5/Buzzer.c **** *  The current value of the data register masked and shifted into a right 
 136:Generated_Source\PSoC5/Buzzer.c **** *  justified number for the component instance.
 137:Generated_Source\PSoC5/Buzzer.c **** *
 138:Generated_Source\PSoC5/Buzzer.c **** * \funcusage
 139:Generated_Source\PSoC5/Buzzer.c **** *  \snippet Buzzer_SUT.c usage_Buzzer_ReadDataReg 
 140:Generated_Source\PSoC5/Buzzer.c **** *******************************************************************************/
 141:Generated_Source\PSoC5/Buzzer.c **** uint8 Buzzer_ReadDataReg(void)
 142:Generated_Source\PSoC5/Buzzer.c **** {
 289              		.loc 1 142 0
 290              		.cfi_startproc
 291              		@ args = 0, pretend = 0, frame = 0
 292              		@ frame_needed = 0, uses_anonymous_args = 0
 293              		@ link register save eliminated.
 143:Generated_Source\PSoC5/Buzzer.c ****     return (Buzzer_DR & Buzzer_MASK) >> Buzzer_SHIFT;
 294              		.loc 1 143 0
 295 0000 014B     		ldr	r3, .L11
 296 0002 1878     		ldrb	r0, [r3]	@ zero_extendqisi2
 144:Generated_Source\PSoC5/Buzzer.c **** }
 297              		.loc 1 144 0
 298 0004 C009     		lsrs	r0, r0, #7
 299 0006 7047     		bx	lr
 300              	.L12:
 301              		.align	2
 302              	.L11:
 303 0008 30510040 		.word	1073762608
 304              		.cfi_endproc
 305              	.LFE3:
 306              		.size	Buzzer_ReadDataReg, .-Buzzer_ReadDataReg
ARM GAS  C:\Users\Luggi\AppData\Local\Temp\cci56XQv.s 			page 18


 307              		.text
 308              	.Letext0:
 309              		.file 2 "Generated_Source\\PSoC5\\cytypes.h"
 310              		.section	.debug_info,"",%progbits
 311              	.Ldebug_info0:
 312 0000 1D010000 		.4byte	0x11d
 313 0004 0400     		.2byte	0x4
 314 0006 00000000 		.4byte	.Ldebug_abbrev0
 315 000a 04       		.byte	0x4
 316 000b 01       		.uleb128 0x1
 317 000c 94000000 		.4byte	.LASF20
 318 0010 01       		.byte	0x1
 319 0011 1E000000 		.4byte	.LASF21
 320 0015 44000000 		.4byte	.LASF22
 321 0019 00000000 		.4byte	.Ldebug_ranges0+0
 322 001d 00000000 		.4byte	0
 323 0021 00000000 		.4byte	.Ldebug_line0
 324 0025 02       		.uleb128 0x2
 325 0026 01       		.byte	0x1
 326 0027 06       		.byte	0x6
 327 0028 EF010000 		.4byte	.LASF0
 328 002c 02       		.uleb128 0x2
 329 002d 01       		.byte	0x1
 330 002e 08       		.byte	0x8
 331 002f 5E010000 		.4byte	.LASF1
 332 0033 02       		.uleb128 0x2
 333 0034 02       		.byte	0x2
 334 0035 05       		.byte	0x5
 335 0036 D6010000 		.4byte	.LASF2
 336 003a 02       		.uleb128 0x2
 337 003b 02       		.byte	0x2
 338 003c 07       		.byte	0x7
 339 003d 4B010000 		.4byte	.LASF3
 340 0041 02       		.uleb128 0x2
 341 0042 04       		.byte	0x4
 342 0043 05       		.byte	0x5
 343 0044 E6010000 		.4byte	.LASF4
 344 0048 02       		.uleb128 0x2
 345 0049 04       		.byte	0x4
 346 004a 07       		.byte	0x7
 347 004b 39010000 		.4byte	.LASF5
 348 004f 02       		.uleb128 0x2
 349 0050 08       		.byte	0x8
 350 0051 05       		.byte	0x5
 351 0052 C3010000 		.4byte	.LASF6
 352 0056 02       		.uleb128 0x2
 353 0057 08       		.byte	0x8
 354 0058 07       		.byte	0x7
 355 0059 93010000 		.4byte	.LASF7
 356 005d 03       		.uleb128 0x3
 357 005e 04       		.byte	0x4
 358 005f 05       		.byte	0x5
 359 0060 696E7400 		.ascii	"int\000"
 360 0064 02       		.uleb128 0x2
 361 0065 04       		.byte	0x4
 362 0066 07       		.byte	0x7
 363 0067 86010000 		.4byte	.LASF8
ARM GAS  C:\Users\Luggi\AppData\Local\Temp\cci56XQv.s 			page 19


 364 006b 04       		.uleb128 0x4
 365 006c E0010000 		.4byte	.LASF12
 366 0070 02       		.byte	0x2
 367 0071 9201     		.2byte	0x192
 368 0073 2C000000 		.4byte	0x2c
 369 0077 02       		.uleb128 0x2
 370 0078 04       		.byte	0x4
 371 0079 04       		.byte	0x4
 372 007a 3E000000 		.4byte	.LASF9
 373 007e 02       		.uleb128 0x2
 374 007f 08       		.byte	0x8
 375 0080 04       		.byte	0x4
 376 0081 6C010000 		.4byte	.LASF10
 377 0085 02       		.uleb128 0x2
 378 0086 01       		.byte	0x1
 379 0087 08       		.byte	0x8
 380 0088 D1010000 		.4byte	.LASF11
 381 008c 04       		.uleb128 0x4
 382 008d 34010000 		.4byte	.LASF13
 383 0091 02       		.byte	0x2
 384 0092 3C02     		.2byte	0x23c
 385 0094 98000000 		.4byte	0x98
 386 0098 05       		.uleb128 0x5
 387 0099 6B000000 		.4byte	0x6b
 388 009d 06       		.uleb128 0x6
 389 009e 00000000 		.4byte	.LASF14
 390 00a2 01       		.byte	0x1
 391 00a3 39       		.byte	0x39
 392 00a4 00000000 		.4byte	.LFB0
 393 00a8 18000000 		.4byte	.LFE0-.LFB0
 394 00ac 01       		.uleb128 0x1
 395 00ad 9C       		.byte	0x9c
 396 00ae D1000000 		.4byte	0xd1
 397 00b2 07       		.uleb128 0x7
 398 00b3 0D000000 		.4byte	.LASF16
 399 00b7 01       		.byte	0x1
 400 00b8 39       		.byte	0x39
 401 00b9 6B000000 		.4byte	0x6b
 402 00bd 00000000 		.4byte	.LLST0
 403 00c1 08       		.uleb128 0x8
 404 00c2 13000000 		.4byte	.LASF23
 405 00c6 01       		.byte	0x1
 406 00c7 3B       		.byte	0x3b
 407 00c8 6B000000 		.4byte	0x6b
 408 00cc 21000000 		.4byte	.LLST1
 409 00d0 00       		.byte	0
 410 00d1 06       		.uleb128 0x6
 411 00d2 AF010000 		.4byte	.LASF15
 412 00d6 01       		.byte	0x1
 413 00d7 5A       		.byte	0x5a
 414 00d8 00000000 		.4byte	.LFB1
 415 00dc 18000000 		.4byte	.LFE1-.LFB1
 416 00e0 01       		.uleb128 0x1
 417 00e1 9C       		.byte	0x9c
 418 00e2 F6000000 		.4byte	0xf6
 419 00e6 07       		.uleb128 0x7
 420 00e7 AA010000 		.4byte	.LASF17
ARM GAS  C:\Users\Luggi\AppData\Local\Temp\cci56XQv.s 			page 20


 421 00eb 01       		.byte	0x1
 422 00ec 5A       		.byte	0x5a
 423 00ed 6B000000 		.4byte	0x6b
 424 00f1 34000000 		.4byte	.LLST2
 425 00f5 00       		.byte	0
 426 00f6 09       		.uleb128 0x9
 427 00f7 28010000 		.4byte	.LASF18
 428 00fb 01       		.byte	0x1
 429 00fc 71       		.byte	0x71
 430 00fd 6B000000 		.4byte	0x6b
 431 0101 00000000 		.4byte	.LFB2
 432 0105 0C000000 		.4byte	.LFE2-.LFB2
 433 0109 01       		.uleb128 0x1
 434 010a 9C       		.byte	0x9c
 435 010b 09       		.uleb128 0x9
 436 010c 73010000 		.4byte	.LASF19
 437 0110 01       		.byte	0x1
 438 0111 8D       		.byte	0x8d
 439 0112 6B000000 		.4byte	0x6b
 440 0116 00000000 		.4byte	.LFB3
 441 011a 0C000000 		.4byte	.LFE3-.LFB3
 442 011e 01       		.uleb128 0x1
 443 011f 9C       		.byte	0x9c
 444 0120 00       		.byte	0
 445              		.section	.debug_abbrev,"",%progbits
 446              	.Ldebug_abbrev0:
 447 0000 01       		.uleb128 0x1
 448 0001 11       		.uleb128 0x11
 449 0002 01       		.byte	0x1
 450 0003 25       		.uleb128 0x25
 451 0004 0E       		.uleb128 0xe
 452 0005 13       		.uleb128 0x13
 453 0006 0B       		.uleb128 0xb
 454 0007 03       		.uleb128 0x3
 455 0008 0E       		.uleb128 0xe
 456 0009 1B       		.uleb128 0x1b
 457 000a 0E       		.uleb128 0xe
 458 000b 55       		.uleb128 0x55
 459 000c 17       		.uleb128 0x17
 460 000d 11       		.uleb128 0x11
 461 000e 01       		.uleb128 0x1
 462 000f 10       		.uleb128 0x10
 463 0010 17       		.uleb128 0x17
 464 0011 00       		.byte	0
 465 0012 00       		.byte	0
 466 0013 02       		.uleb128 0x2
 467 0014 24       		.uleb128 0x24
 468 0015 00       		.byte	0
 469 0016 0B       		.uleb128 0xb
 470 0017 0B       		.uleb128 0xb
 471 0018 3E       		.uleb128 0x3e
 472 0019 0B       		.uleb128 0xb
 473 001a 03       		.uleb128 0x3
 474 001b 0E       		.uleb128 0xe
 475 001c 00       		.byte	0
 476 001d 00       		.byte	0
 477 001e 03       		.uleb128 0x3
ARM GAS  C:\Users\Luggi\AppData\Local\Temp\cci56XQv.s 			page 21


 478 001f 24       		.uleb128 0x24
 479 0020 00       		.byte	0
 480 0021 0B       		.uleb128 0xb
 481 0022 0B       		.uleb128 0xb
 482 0023 3E       		.uleb128 0x3e
 483 0024 0B       		.uleb128 0xb
 484 0025 03       		.uleb128 0x3
 485 0026 08       		.uleb128 0x8
 486 0027 00       		.byte	0
 487 0028 00       		.byte	0
 488 0029 04       		.uleb128 0x4
 489 002a 16       		.uleb128 0x16
 490 002b 00       		.byte	0
 491 002c 03       		.uleb128 0x3
 492 002d 0E       		.uleb128 0xe
 493 002e 3A       		.uleb128 0x3a
 494 002f 0B       		.uleb128 0xb
 495 0030 3B       		.uleb128 0x3b
 496 0031 05       		.uleb128 0x5
 497 0032 49       		.uleb128 0x49
 498 0033 13       		.uleb128 0x13
 499 0034 00       		.byte	0
 500 0035 00       		.byte	0
 501 0036 05       		.uleb128 0x5
 502 0037 35       		.uleb128 0x35
 503 0038 00       		.byte	0
 504 0039 49       		.uleb128 0x49
 505 003a 13       		.uleb128 0x13
 506 003b 00       		.byte	0
 507 003c 00       		.byte	0
 508 003d 06       		.uleb128 0x6
 509 003e 2E       		.uleb128 0x2e
 510 003f 01       		.byte	0x1
 511 0040 3F       		.uleb128 0x3f
 512 0041 19       		.uleb128 0x19
 513 0042 03       		.uleb128 0x3
 514 0043 0E       		.uleb128 0xe
 515 0044 3A       		.uleb128 0x3a
 516 0045 0B       		.uleb128 0xb
 517 0046 3B       		.uleb128 0x3b
 518 0047 0B       		.uleb128 0xb
 519 0048 27       		.uleb128 0x27
 520 0049 19       		.uleb128 0x19
 521 004a 11       		.uleb128 0x11
 522 004b 01       		.uleb128 0x1
 523 004c 12       		.uleb128 0x12
 524 004d 06       		.uleb128 0x6
 525 004e 40       		.uleb128 0x40
 526 004f 18       		.uleb128 0x18
 527 0050 9742     		.uleb128 0x2117
 528 0052 19       		.uleb128 0x19
 529 0053 01       		.uleb128 0x1
 530 0054 13       		.uleb128 0x13
 531 0055 00       		.byte	0
 532 0056 00       		.byte	0
 533 0057 07       		.uleb128 0x7
 534 0058 05       		.uleb128 0x5
ARM GAS  C:\Users\Luggi\AppData\Local\Temp\cci56XQv.s 			page 22


 535 0059 00       		.byte	0
 536 005a 03       		.uleb128 0x3
 537 005b 0E       		.uleb128 0xe
 538 005c 3A       		.uleb128 0x3a
 539 005d 0B       		.uleb128 0xb
 540 005e 3B       		.uleb128 0x3b
 541 005f 0B       		.uleb128 0xb
 542 0060 49       		.uleb128 0x49
 543 0061 13       		.uleb128 0x13
 544 0062 02       		.uleb128 0x2
 545 0063 17       		.uleb128 0x17
 546 0064 00       		.byte	0
 547 0065 00       		.byte	0
 548 0066 08       		.uleb128 0x8
 549 0067 34       		.uleb128 0x34
 550 0068 00       		.byte	0
 551 0069 03       		.uleb128 0x3
 552 006a 0E       		.uleb128 0xe
 553 006b 3A       		.uleb128 0x3a
 554 006c 0B       		.uleb128 0xb
 555 006d 3B       		.uleb128 0x3b
 556 006e 0B       		.uleb128 0xb
 557 006f 49       		.uleb128 0x49
 558 0070 13       		.uleb128 0x13
 559 0071 02       		.uleb128 0x2
 560 0072 17       		.uleb128 0x17
 561 0073 00       		.byte	0
 562 0074 00       		.byte	0
 563 0075 09       		.uleb128 0x9
 564 0076 2E       		.uleb128 0x2e
 565 0077 00       		.byte	0
 566 0078 3F       		.uleb128 0x3f
 567 0079 19       		.uleb128 0x19
 568 007a 03       		.uleb128 0x3
 569 007b 0E       		.uleb128 0xe
 570 007c 3A       		.uleb128 0x3a
 571 007d 0B       		.uleb128 0xb
 572 007e 3B       		.uleb128 0x3b
 573 007f 0B       		.uleb128 0xb
 574 0080 27       		.uleb128 0x27
 575 0081 19       		.uleb128 0x19
 576 0082 49       		.uleb128 0x49
 577 0083 13       		.uleb128 0x13
 578 0084 11       		.uleb128 0x11
 579 0085 01       		.uleb128 0x1
 580 0086 12       		.uleb128 0x12
 581 0087 06       		.uleb128 0x6
 582 0088 40       		.uleb128 0x40
 583 0089 18       		.uleb128 0x18
 584 008a 9742     		.uleb128 0x2117
 585 008c 19       		.uleb128 0x19
 586 008d 00       		.byte	0
 587 008e 00       		.byte	0
 588 008f 00       		.byte	0
 589              		.section	.debug_loc,"",%progbits
 590              	.Ldebug_loc0:
 591              	.LLST0:
ARM GAS  C:\Users\Luggi\AppData\Local\Temp\cci56XQv.s 			page 23


 592 0000 00000000 		.4byte	.LVL0
 593 0004 0A000000 		.4byte	.LVL2
 594 0008 0100     		.2byte	0x1
 595 000a 50       		.byte	0x50
 596 000b 0A000000 		.4byte	.LVL2
 597 000f 18000000 		.4byte	.LFE0
 598 0013 0400     		.2byte	0x4
 599 0015 F3       		.byte	0xf3
 600 0016 01       		.uleb128 0x1
 601 0017 50       		.byte	0x50
 602 0018 9F       		.byte	0x9f
 603 0019 00000000 		.4byte	0
 604 001d 00000000 		.4byte	0
 605              	.LLST1:
 606 0021 08000000 		.4byte	.LVL1
 607 0025 0E000000 		.4byte	.LVL3
 608 0029 0100     		.2byte	0x1
 609 002b 53       		.byte	0x53
 610 002c 00000000 		.4byte	0
 611 0030 00000000 		.4byte	0
 612              	.LLST2:
 613 0034 00000000 		.4byte	.LVL4
 614 0038 0C000000 		.4byte	.LVL5
 615 003c 0100     		.2byte	0x1
 616 003e 50       		.byte	0x50
 617 003f 0C000000 		.4byte	.LVL5
 618 0043 18000000 		.4byte	.LFE1
 619 0047 0400     		.2byte	0x4
 620 0049 F3       		.byte	0xf3
 621 004a 01       		.uleb128 0x1
 622 004b 50       		.byte	0x50
 623 004c 9F       		.byte	0x9f
 624 004d 00000000 		.4byte	0
 625 0051 00000000 		.4byte	0
 626              		.section	.debug_aranges,"",%progbits
 627 0000 34000000 		.4byte	0x34
 628 0004 0200     		.2byte	0x2
 629 0006 00000000 		.4byte	.Ldebug_info0
 630 000a 04       		.byte	0x4
 631 000b 00       		.byte	0
 632 000c 0000     		.2byte	0
 633 000e 0000     		.2byte	0
 634 0010 00000000 		.4byte	.LFB0
 635 0014 18000000 		.4byte	.LFE0-.LFB0
 636 0018 00000000 		.4byte	.LFB1
 637 001c 18000000 		.4byte	.LFE1-.LFB1
 638 0020 00000000 		.4byte	.LFB2
 639 0024 0C000000 		.4byte	.LFE2-.LFB2
 640 0028 00000000 		.4byte	.LFB3
 641 002c 0C000000 		.4byte	.LFE3-.LFB3
 642 0030 00000000 		.4byte	0
 643 0034 00000000 		.4byte	0
 644              		.section	.debug_ranges,"",%progbits
 645              	.Ldebug_ranges0:
 646 0000 00000000 		.4byte	.LFB0
 647 0004 18000000 		.4byte	.LFE0
 648 0008 00000000 		.4byte	.LFB1
ARM GAS  C:\Users\Luggi\AppData\Local\Temp\cci56XQv.s 			page 24


 649 000c 18000000 		.4byte	.LFE1
 650 0010 00000000 		.4byte	.LFB2
 651 0014 0C000000 		.4byte	.LFE2
 652 0018 00000000 		.4byte	.LFB3
 653 001c 0C000000 		.4byte	.LFE3
 654 0020 00000000 		.4byte	0
 655 0024 00000000 		.4byte	0
 656              		.section	.debug_line,"",%progbits
 657              	.Ldebug_line0:
 658 0000 8F000000 		.section	.debug_str,"MS",%progbits,1
 658      02004300 
 658      00000201 
 658      FB0E0D00 
 658      01010101 
 659              	.LASF14:
 660 0000 42757A7A 		.ascii	"Buzzer_Write\000"
 660      65725F57 
 660      72697465 
 660      00
 661              	.LASF16:
 662 000d 76616C75 		.ascii	"value\000"
 662      6500
 663              	.LASF23:
 664 0013 73746174 		.ascii	"staticBits\000"
 664      69634269 
 664      747300
 665              	.LASF21:
 666 001e 47656E65 		.ascii	"Generated_Source\\PSoC5\\Buzzer.c\000"
 666      72617465 
 666      645F536F 
 666      75726365 
 666      5C50536F 
 667              	.LASF9:
 668 003e 666C6F61 		.ascii	"float\000"
 668      7400
 669              	.LASF22:
 670 0044 433A5C55 		.ascii	"C:\\Users\\Luggi\\Documents\\GitHub\\laserschutzsch"
 670      73657273 
 670      5C4C7567 
 670      67695C44 
 670      6F63756D 
 671 0072 616C7475 		.ascii	"altung\\Laserschutzschaltung.cydsn\000"
 671      6E675C4C 
 671      61736572 
 671      73636875 
 671      747A7363 
 672              	.LASF20:
 673 0094 474E5520 		.ascii	"GNU C 4.9.3 20150303 (release) [ARM/embedded-4_9-br"
 673      4320342E 
 673      392E3320 
 673      32303135 
 673      30333033 
 674 00c7 616E6368 		.ascii	"anch revision 221220] -mcpu=cortex-m3 -mthumb -g -O"
 674      20726576 
 674      6973696F 
 674      6E203232 
 674      31323230 
ARM GAS  C:\Users\Luggi\AppData\Local\Temp\cci56XQv.s 			page 25


 675 00fa 67202D66 		.ascii	"g -ffunction-sections -flto -ffat-lto-objects\000"
 675      66756E63 
 675      74696F6E 
 675      2D736563 
 675      74696F6E 
 676              	.LASF18:
 677 0128 42757A7A 		.ascii	"Buzzer_Read\000"
 677      65725F52 
 677      65616400 
 678              	.LASF13:
 679 0134 72656738 		.ascii	"reg8\000"
 679      00
 680              	.LASF5:
 681 0139 6C6F6E67 		.ascii	"long unsigned int\000"
 681      20756E73 
 681      69676E65 
 681      6420696E 
 681      7400
 682              	.LASF3:
 683 014b 73686F72 		.ascii	"short unsigned int\000"
 683      7420756E 
 683      7369676E 
 683      65642069 
 683      6E7400
 684              	.LASF1:
 685 015e 756E7369 		.ascii	"unsigned char\000"
 685      676E6564 
 685      20636861 
 685      7200
 686              	.LASF10:
 687 016c 646F7562 		.ascii	"double\000"
 687      6C6500
 688              	.LASF19:
 689 0173 42757A7A 		.ascii	"Buzzer_ReadDataReg\000"
 689      65725F52 
 689      65616444 
 689      61746152 
 689      656700
 690              	.LASF8:
 691 0186 756E7369 		.ascii	"unsigned int\000"
 691      676E6564 
 691      20696E74 
 691      00
 692              	.LASF7:
 693 0193 6C6F6E67 		.ascii	"long long unsigned int\000"
 693      206C6F6E 
 693      6720756E 
 693      7369676E 
 693      65642069 
 694              	.LASF17:
 695 01aa 6D6F6465 		.ascii	"mode\000"
 695      00
 696              	.LASF15:
 697 01af 42757A7A 		.ascii	"Buzzer_SetDriveMode\000"
 697      65725F53 
 697      65744472 
 697      6976654D 
ARM GAS  C:\Users\Luggi\AppData\Local\Temp\cci56XQv.s 			page 26


 697      6F646500 
 698              	.LASF6:
 699 01c3 6C6F6E67 		.ascii	"long long int\000"
 699      206C6F6E 
 699      6720696E 
 699      7400
 700              	.LASF11:
 701 01d1 63686172 		.ascii	"char\000"
 701      00
 702              	.LASF2:
 703 01d6 73686F72 		.ascii	"short int\000"
 703      7420696E 
 703      7400
 704              	.LASF12:
 705 01e0 75696E74 		.ascii	"uint8\000"
 705      3800
 706              	.LASF4:
 707 01e6 6C6F6E67 		.ascii	"long int\000"
 707      20696E74 
 707      00
 708              	.LASF0:
 709 01ef 7369676E 		.ascii	"signed char\000"
 709      65642063 
 709      68617200 
 710              		.comm	__gnu_lto_v1,1,1
 711              		.ident	"GCC: (GNU Tools for ARM Embedded Processors) 4.9.3 20150303 (release) [ARM/embedded-4_9-br
