ARM GAS  C:\Users\Luggi\AppData\Local\Temp\cczTh9rV.s 			page 1


   1              		.syntax unified
   2              		.cpu cortex-m3
   3              		.fpu softvfp
   4              		.eabi_attribute 20, 1
   5              		.eabi_attribute 21, 1
   6              		.eabi_attribute 23, 3
   7              		.eabi_attribute 24, 1
   8              		.eabi_attribute 25, 1
   9              		.eabi_attribute 26, 1
  10              		.eabi_attribute 30, 1
  11              		.eabi_attribute 34, 1
  12              		.eabi_attribute 18, 4
  13              		.thumb
  14              		.file	"Comp_1_PM.c"
  15              		.text
  16              	.Ltext0:
  17              		.section	.gnu.lto_.profile.d23432b,"",%progbits
  18 0000 789C6366 		.ascii	"x\234cf```a\200\000F\006U~\000\000\315\000="
  18      60606061 
  18      80004606 
  18      557E0000 
  18      CD003D
  19              		.text
  20              		.section	.gnu.lto_.inline.d23432b,"",%progbits
  21 0000 789C6366 		.ascii	"x\234cf\300\016\302\2404\013\003\0033\023#\003\023\220"
  21      C00EC2A0 
  21      340B0303 
  21      33132303 
  21      1390
  22 0012 C9B6401E 		.ascii	"\311\266@\036D10b\21001p\011\002Ex&\370!\024q\2015\263"
  22      44313062 
  22      88303170 
  22      09024578 
  22      26F82114 
  23 002a B303C5D9 		.ascii	"\263\003\305\331>\350\241\2123\000\000\364\226\005\344"
  23      3EE8A18A 
  23      330000F4 
  23      9605E4
  24              		.text
  25              		.section	.gnu.lto_.jmpfuncs.d23432b,"",%progbits
  26 0000 789C6366 		.ascii	"x\234cf\300\016\004\2404\013\0203200A\231\014\000\002"
  26      C00E04A0 
  26      340B1033 
  26      32303041 
  26      990C0002 
  27 0014 B2001F   		.ascii	"\262\000\037"
  28              		.text
  29              		.section	.gnu.lto_.pureconst.d23432b,"",%progbits
  30 0000 789C6366 		.ascii	"x\234cf``\340d\200\000\026\006\006F\006&)\026\011\000"
  30      6060E064 
  30      80001606 
  30      06460626 
  30      29160900 
  31 0014 018D004A 		.ascii	"\001\215\000J"
  32              		.text
  33              		.section	.gnu.lto_Comp_1_SaveConfig.d23432b,"",%progbits
  34 0000 789C6366 		.ascii	"x\234cf\300\004R@\\\012\304\252@\314\310\314\300\310"
ARM GAS  C:\Users\Luggi\AppData\Local\Temp\cczTh9rV.s 			page 2


  34      C0045240 
  34      5C0AC4AA 
  34      40CCC8CC 
  34      C0C8
  35 0012 34E11C03 		.ascii	"4\341\034\003C#\007\023##\210\301\300\310P\317\304X"
  35      43230713 
  35      232388C1 
  35      C0C850CF 
  35      C458
  36 0024 CFF892E9 		.ascii	"\317\370\222\351#\023\343\204\003\253gp\253/mhh\370"
  36      2313E384 
  36      03AB6770 
  36      AB2F6D68 
  36      68F8
  37 0036 F0E86463 		.ascii	"\360\350dc\300\001\306\237L\014\014\237\231 \3460.g"
  37      C001C69F 
  37      4C0C0C9F 
  37      9920E630 
  37      2E67
  38 0048 5467002A 		.ascii	"Tg\000*\372\330\362\367:7[\013P\221\000D\216q\005#\033"
  38      FAD8F2F7 
  38      3A375B0B 
  38      50910044 
  38      8E710523 
  39 005d 23905E2F 		.ascii	"#\220^/t\240\341\377\377\317\313\017nb\004\012?\001"
  39      74A0E1FF 
  39      FFCFCB0F 
  39      6E62040A 
  39      3F01
  40 006f 6290054F 		.ascii	"b\220\005O\231\230@4\363=FF\220B\220IO\230\030AB@\005"
  40      99984034 
  40      F33D4646 
  40      90429049 
  40      4F981841 
  41 0086 CAEEA979 		.ascii	"\312\356\251y\251E\211%\251)\361\301\371\245E\311\251"
  41      A9458925 
  41      A929F1C1 
  41      F9A545C9 
  41      A9
  42 0097 3101C1F9 		.ascii	"1\001\301\371\316\2461\316\371\271\005\361\206\361\001"
  42      CEA631CE 
  42      F9B905F1 
  42      86F101
  43 00a6 BE7AC90C 		.ascii	"\276z\311\014\000N\0336\255"
  43      004E1B36 
  43      AD
  44              		.text
  45              		.section	.gnu.lto_Comp_1_RestoreConfig.d23432b,"",%progbits
  46 0000 789C6366 		.ascii	"x\234cf\300\004R@\\\012\304\252@\314\310\314\300\310"
  46      C0045240 
  46      5C0AC4AA 
  46      40CCC8CC 
  46      C0C8
  47 0012 34E11C03 		.ascii	"4\341\034\003C#\007\023##\210\301\300\310P\317\304X"
  47      43230713 
  47      232388C1 
  47      C0C850CF 
ARM GAS  C:\Users\Luggi\AppData\Local\Temp\cczTh9rV.s 			page 3


  47      C458
  48 0024 CFF892E9 		.ascii	"\317\370\222\351#\023\343\204\003\253gp\253/mhh\370"
  48      2313E384 
  48      03AB6770 
  48      AB2F6D68 
  48      68F8
  49 0036 B0E87C63 		.ascii	"\260\350|c\300\001\306\237L\014\014\237\231 \3460.g"
  49      C001C69F 
  49      4C0C0C9F 
  49      9920E630 
  49      2E67
  50 0048 5467002A 		.ascii	"Tg\000*\372\330\362\367:7[\013P\221\000D\216q\005#\033"
  50      FAD8F2F7 
  50      3A375B0B 
  50      50910044 
  50      8E710523 
  51 005d 23905E2F 		.ascii	"#\220^/t\240\341\377\377\317{\017\376b\004\012?\001"
  51      74A0E1FF 
  51      FFCF7B0F 
  51      FE62040A 
  51      3F01
  52 006f 6290054F 		.ascii	"b\220\005O\231\230@4\363=FF\220B\220IO\230\030AB@\005"
  52      99984034 
  52      F33D4646 
  52      90429049 
  52      4F981841 
  53 0086 CAEEA979 		.ascii	"\312\356\251y\251E\211%\251)\361\301\371\245E\311\251"
  53      A9458925 
  53      A929F1C1 
  53      F9A545C9 
  53      A9
  54 0097 3101C1F9 		.ascii	"1\001\301\371\316\2461\316\371\271\005\361\206\361\001"
  54      CEA631CE 
  54      F9B905F1 
  54      86F101
  55 00a6 BE7AC90C 		.ascii	"\276z\311\014\000K\2416\321"
  55      004BA136 
  55      D1
  56              		.text
  57              		.section	.gnu.lto_Comp_1_Sleep.d23432b,"",%progbits
  58 0000 789C8591 		.ascii	"x\234\205\221MH\024a\030\307\237\3773\357\214S\012E"
  58      4D481461 
  58      18C79FFF 
  58      33EF8C53 
  58      0A45
  59 0012 27F1B097 		.ascii	"'\361\260\227\010O*\005\035;y\360\024\010^:\010K\330"
  59      084F2A05 
  59      1D3B79F0 
  59      14085E3A 
  59      084BD8
  60 0025 1E6B43EA 		.ascii	"\036kC\352\326\342;\356\364I\324*\010b\331!\310\265"
  60      D6E23BEE 
  60      F449D42A 
  60      0862D921 
  60      C8B5
  61 0037 D6FC2A0B 		.ascii	"\326\374*\013\312\303\320%\273\024\222\022\211l\020"
  61      CAC3D025 
ARM GAS  C:\Users\Luggi\AppData\Local\Temp\cczTh9rV.s 			page 4


  61      BB149212 
  61      896C10
  62 0046 2BD425D6 		.ascii	"+\324%\326\026\252A\314\236\367\035\373\300\240\006"
  62      16AA41CC 
  62      9EF71DFB 
  62      C0A006
  63 0055 669EF7E3 		.ascii	"f\236\367\3437\377\377\377}^\207\376~\216\310{\214\211"
  63      37FFFFFF 
  63      7D5E87FE 
  63      7E8EC87B 
  63      8C89
  64 0067 0E488547 		.ascii	"\016H\205G\340\302K\242\300gv\346S\244w\253\2456\322"
  64      E0C24BA2 
  64      C06776E6 
  64      53A477AB 
  64      A536D2
  65 007a 0D0EDC64 		.ascii	"\015\016\334dY\375\034\270\200\031\020\250\217\035\345"
  65      59FD1CB8 
  65      801910A8 
  65      8F1DE5
  66 0089 A20F1F79 		.ascii	"\242\017\037y\235Q\210J\303\365\315w\264\326\325\333"
  66      9D51884A 
  66      C3F5CD77 
  66      B4D6D5DB 
  67 0099 738DE71B 		.ascii	"s\215\347\033cQ\256q\342\204\"\232I\230\365p\363M\275"
  67      6351AE71 
  67      E284229A 
  67      4998F570 
  67      F34DBD
  68 00ac 170AB337 		.ascii	"\027\012\2637\331\3038<H\235\332\027\351\255\255\332"
  68      D9C3383C 
  68      489DDA17 
  68      E9ADADDA 
  69 00bc F2C0C221 		.ascii	"\362\300\302!\370L1C\231\017QE(\343\266\306l\252\263"
  69      F84C3143 
  69      990F5145 
  69      28E3B6C6 
  69      6CAAB3
  70 00cf 82675FAE 		.ascii	"\202g_\256|\0329g~\374\312J47.\227\337\253\017\0343"
  70      7C1A3967 
  70      7EFCCA4A 
  70      34372E97 
  70      DFAB0F1C 
  71 00e4 172F065A 		.ascii	"\027/\006Z\031\233w\225W\213\276]\"3-\274(\3667\214"
  71      199B7795 
  71      578BBE5D 
  71      22332DBC 
  71      28F6378C 
  72 00f8 E2461022 		.ascii	"\342F\020\"f\007w\321\204{h\022\363\022FA+\310\177\273"
  72      660777D1 
  72      847B6812 
  72      F3124641 
  72      2BC87FBB 
  73 010c 50711341 		.ascii	"Pq\023AN4\237\014.\014{F@b`B\330e\204o\363\251mF\200"
  73      4E349F0C 
  73      2E0C7B46 
  73      40626042 
ARM GAS  C:\Users\Luggi\AppData\Local\Temp\cczTh9rV.s 			page 5


  73      D865846F 
  74 0125 60ECE9D5 		.ascii	"`\354\351\325:\013\210\314}#F&\243C\363)\211\330_\235"
  74      3A0B88CC 
  74      7D234626 
  74      A343F329 
  74      89D85F9D 
  75 0139 5E9DD965 		.ascii	"^\235\331ehAo\275\2766\311\271\015}I\3731\253Ms\352"
  75      68416FBD 
  75      BE36C9B9 
  75      0D7D49FB 
  75      31AB4D73 
  76 014e 3F232A3B 		.ascii	"?#*;\035\017\302\2330\021\265\241\\L\"\207)#+{\337'"
  76      1D0FC29B 
  76      3011B5A1 
  76      5C4C2287 
  76      29232B7B 
  77 0164 AECF7A2D 		.ascii	"\256\317z-%iZ\324\032\263\207i\001?\333\306b\006-\002"
  77      25695AD4 
  77      1AB38769 
  77      013FDBC6 
  77      62062D02 
  78 0178 2C8E8CE5 		.ascii	",\216\214\345\367\030-i%fm\2305\321]j\263Q\252\345\377"
  78      F7182D69 
  78      25666D98 
  78      35D15D6A 
  78      B351AAE5 
  79 018d 44D9E9FD 		.ascii	"D\331\351\375\340\037\336\017\177{\317Y\357_\347\360"
  79      E01FDE0F 
  79      7F7BCF59 
  79      EF5FE7F0 
  80 019d 64E9D1B6 		.ascii	"d\351\321\266\267k\257j\025\371h\3409\033o\332i^W\263"
  80      B76BAF6A 
  80      15F968E0 
  80      391B6FDA 
  80      695E57B3 
  81 01b1 9D7B8C9C 		.ascii	"\235{\214\234\\\263Oe\004\321P\207%\311\3349\214\200"
  81      5CB34F65 
  81      04D15087 
  81      25C9DC39 
  81      8C80
  82 01c3 D8ECEFC8 		.ascii	"\330\354\357\310\234\312\364\036?\2239\221\356\312\236"
  82      9CCAF41E 
  82      3F933991 
  82      EECA9E
  83 01d2 EDEDC974 		.ascii	"\355\355\311twve\333\017w\267gO\236N\037Lw\036m\355"
  83      777665DB 
  83      0F77B767 
  83      4F9E4E1F 
  83      4C771E6D 
  84 01e7 A11F5AED 		.ascii	"\241\037Z\355\344\255"
  84      E4AD
  85              		.text
  86              		.section	.gnu.lto_Comp_1_Wakeup.d23432b,"",%progbits
  87 0000 789C654F 		.ascii	"x\234eO1HBQ\024\275\347\276\257H\012FS44\024\341\020"
  87      31484251 
  87      14BDE7BE 
  87      AF480A46 
ARM GAS  C:\Users\Luggi\AppData\Local\Temp\cczTh9rV.s 			page 6


  87      53343414 
  88 0016 0611AD2D 		.ascii	"\006\021\255-\016A\021\010\256\202\2049\226!5\212\317"
  88      0E411108 
  88      AE828439 
  88      9621358A 
  88      CF
  89 0027 34682AA3 		.ascii	"4h*\243%(\333\"K30h\013\234\024\032\012\211(\"j1\260"
  89      2528DB22 
  89      4B333068 
  89      0B9C141A 
  89      0A892822 
  90 003e 2D750829 		.ascii	"-u\010)\263\367\276CP\017\036\367\275s\3179\367\036"
  90      B3F7BE43 
  90      500F1EF7 
  90      BD73CF39 
  90      F71E
  91 0050 41FFCF84 		.ascii	"A\377\317\204\272\263 \032Q\025\026\002\247\256\211"
  91      BAB3201A 
  91      51151602 
  91      A7AE89
  92 005f E2366651 		.ascii	"\3426fQr\222\3541\256\246H:\004\214.l\000\372A\240\030"
  92      7292EC31 
  92      AEA6483A 
  92      048C2E6C 
  92      00FA41A0 
  93 0074 0B0331BC 		.ascii	"\013\0031\274q\235\221*fw\355\256C)\345{\343\262\177"
  93      719D912A 
  93      6677EDAE 
  93      4329E57B 
  93      E3B27F
  94 0087 BDBFC544 		.ascii	"\275\277\305DM\356\372\343\010.R\234z\262}o\267&\025"
  94      4DEEFAE3 
  94      082E529C 
  94      7AB27D6F 
  94      B72615
  95 009a A7B7DB43 		.ascii	"\247\267\333C\006V5\227\316\372\212\262\3239\377\332"
  95      06563597 
  95      CEFA8AB2 
  95      D339FFDA 
  96 00aa CE0CB145 		.ascii	"\316\014\261EP\213\025XU\004=\347\225YW\361\210\265"
  96      508B1558 
  96      55043DE7 
  96      955957F1 
  96      88B5
  97 00bc 8B7ABB62 		.ascii	"\213z\273b\321\232\017\026\312\356\340v3\317\321O\271"
  97      D19A0F16 
  97      CAEEE076 
  97      33CFD14F 
  97      B9
  98 00cd 216D2DE6 		.ascii	"!m-\346\2666T\350K\365\246b\253\261B\314o&\236\334G"
  98      B63654E8 
  98      4BF5A662 
  98      ABB142CC 
  98      6F269EDC 
  99 00e2 1A7B71A9 		.ascii	"\032{q\251Y\002\307\210\342\004\003f\357;\267U\260\272"
  99      5902C788 
  99      E2040366 
ARM GAS  C:\Users\Luggi\AppData\Local\Temp\cczTh9rV.s 			page 7


  99      EF3BB755 
  99      B0BA
 100 00f4 475B6C20 		.ascii	"G[l \2538\015s]\344\340\246;$\037\022\203\277\243\312"
 100      AB380D73 
 100      5DE4E0A6 
 100      3B241F12 
 100      83BFA3CA 
 101 0108 E95AC1D0 		.ascii	"\351Z\301\320\246\000\341T\313Io&\250\344\024OH\024"
 101      A600E154 
 101      CB496F26 
 101      A8E4144F 
 101      4814
 102 011a DB658726 		.ascii	"\333e\207&\323\337\255,M\035\005yDU(\253\2511\3144\317"
 102      D3DFAD2C 
 102      4D1D0579 
 102      445528AB 
 102      A931CC34 
 103 012f 88177766 		.ascii	"\210\027wfL\015\351\254\320\250\232?<\035Z\012E\346"
 103      4C0DE9AC 
 103      D0A89A3F 
 103      3C1D5A0A 
 103      45E6
 104 0141 57420B01 		.ascii	"WB\013\001_x5\022\014\371\275\276\260g\322\357\011/"
 104      5F783512 
 104      0CF9BDBE 
 104      B067D2EF 
 104      092F
 105 0153 2E07C603 		.ascii	".\007\306\003\336\271\261 \375\0006\370\203-"
 105      DEB9B120 
 105      FD0036F8 
 105      832D
 106              		.text
 107              		.section	.gnu.lto_.symbol_nodes.d23432b,"",%progbits
 108 0000 789C55C8 		.ascii	"x\234U\310\261\015\2000\014\005\321\213\035G\014\301"
 108      B10D8030 
 108      0C05D18B 
 108      1D470CC1 
 109 0010 9CB43F23 		.ascii	"\234\264?#PQg\020Jjv@b\016\004\022\024\341\272w\016"
 109      50516710 
 109      4A6A7640 
 109      620E0412 
 109      14E1BA77 
 110 0025 4C7C5912 		.ascii	"L|Y\022\314;H,m\300L\351g\227\365\016h&\267,\357w\012"
 110      CC3B482C 
 110      6DC04CE9 
 110      6797F50E 
 110      6826B72C 
 111 003c E5D7D4FA 		.ascii	"\345\327\324\372\260(:\272\005\333q%\317\205s\035\271"
 111      B0283ABA 
 111      05DB7125 
 111      CF85731D 
 111      B9
 112 004d 01DAB81D 		.ascii	"\001\332\270\035t"
 112      74
 113              		.text
 114              		.section	.gnu.lto_.refs.d23432b,"",%progbits
 115 0000 789C6366 		.ascii	"x\234cf``\340c\200\000&&Ff\026FfVF\026\006fF\006\000"
ARM GAS  C:\Users\Luggi\AppData\Local\Temp\cczTh9rV.s 			page 8


 115      6060E063 
 115      80002626 
 115      46661646 
 115      66564616 
 116 0019 02900030 		.ascii	"\002\220\0000"
 117              		.text
 118              		.section	.gnu.lto_.decls.d23432b,"",%progbits
 119 0000 789C8D94 		.ascii	"x\234\215\224kh\023Y\024\307\357\311\035\323t\222\356"
 119      6B681359 
 119      14C7EFC9 
 119      1DD37492 
 119      EE
 120 0011 AE54AAF4 		.ascii	"\256T\252\364\213Y\013e\225\"*\010~S(\242 +\305(~P("
 120      8B590B65 
 120      95222A08 
 120      7E5328A2 
 120      202BC528 
 121 0028 31CEAAE8 		.ascii	"1\316\252\3506!&\202\337n\033\261\222\206bEm\225\"\221"
 121      36212682 
 121      DF6E1BB1 
 121      92866245 
 121      6D952291 
 122 003c 16B5D99A 		.ascii	"\026\265\331\232\326\364\241m\326\246\317m\323`\361"
 122      D6F4A16D 
 122      D6A6CF6D 
 122      D360F1
 123 004b 510AF545 		.ascii	"Q\012\365E|\342\027q\324\242\324\012\361\314\235\031"
 123      7CE21771 
 123      D4A2D40A 
 123      F1CC9D19 
 124 005b 93BAAD7A 		.ascii	"\223\272\255z\341L\346\316\234\377\357\234{\316\311"
 124      E14CE6CE 
 124      9CFFEF9C 
 124      7BCEC9
 125 006a 5042C82A 		.ascii	"PB\310* $\205kH D\300\373\005\370\254\204\244\227\021"
 125      2024856B 
 125      482044C0 
 125      FB05F8AC 
 125      84A49711 
 126 007e AD192D8C 		.ascii	"\255\031-\214\326\212\026AkG\353DCw2Hf\257f\355\271"
 126      D68A1641 
 126      6B47EB44 
 126      43773248 
 126      66AF66ED 
 127 0093 CE00EDD9 		.ascii	"\316\000\355\331\267+<\207_x\016?%f\266\346\227\207"
 127      B72B3C87 
 127      5F780E3F 
 127      2566B6E6 
 127      9787
 128 00a5 16471B46 		.ascii	"\026G\033F\033E\353G\213\242%\320\2324F\017\232A\323"
 128      1B45EB47 
 128      8BA225D0 
 128      9A34460F 
 128      9A41D3
 129 00b8 B5CF93A3 		.ascii	"\265\317\223\243r\206\254\014\346\217X\221\357\234\367"
 129      7286AC0C 
 129      E68F5891 
ARM GAS  C:\Users\Luggi\AppData\Local\Temp\cczTh9rV.s 			page 9


 129      EF9CF7
 130 00c7 AD01BAC2 		.ascii	"\255\001\272\302S\267\314\257\014\360\213hU\266\335"
 130      53B7CCAF 
 130      0CF08B68 
 130      55B6DD
 131 00d6 A746EA8C 		.ascii	"\247F\352\214\270\265\210\202\262\215\316<\035\027\026"
 131      B8B58882 
 131      B28DCE3C 
 131      1D1716
 132 00e5 9F61B84E 		.ascii	"\237a\270N\372\330o\002\224\344\301e\310\207+\220\217"
 132      FAD86F02 
 132      94E4C165 
 132      C8872B90 
 132      8F
 133 00f6 C426588C 		.ascii	"\304&X\214\327]\202J\032:[u\316D\015\240\3347\324=\031"
 133      D75D824A 
 133      1A3A5B75 
 133      CE440DA0 
 133      DC37D43D 
 134 010b 178B4228 		.ascii	"\027\213B(;\301z\223\206t\270\360\343&?\265^`r\253\034"
 134      3BC17A93 
 134      8674B8F0 
 134      E3263FB5 
 134      5E6072AB 
 135 0120 AD9FB4B0 		.ascii	"\255\237\264\260\021\326\233J\255\347(\010\001\205\177"
 135      11D69B4A 
 135      ADE72808 
 135      01857F
 136 012f A0881714 		.ascii	"\240\210\027\024\357\325\3126\203\025e7\032.\004\004"
 136      EFD5CA36 
 136      83156537 
 136      1A2E0404 
 137 013f BA9EB3AB 		.ascii	"\272\236\263\253:\342#f\216\010~\212\260\015\307\330"
 137      3AE22366 
 137      8E087E8A 
 137      B00DC7D8 
 138 014f E7548A72 		.ascii	"\347T\212r\300\325\014\300U\035\020\346\200\026\177"
 138      C0D50CC0 
 138      551D10E6 
 138      80167F
 139 015e 5F228B6E 		.ascii	"_\"\213n\347\200\232\300\364\035@@\2605\030j0\252\031"
 139      E7809AC0 
 139      F41D4040 
 139      B035186A 
 139      30AA19
 140 0171 707D4B86 		.ascii	"p}K\206\276E\327\267r}\371]\371r\026\265s\375\353\207"
 140      BE45D7B7 
 140      727DF95D 
 140      F97216B5 
 140      73FDEB87 
 141 0185 C7FA8DAA 		.ascii	"\307\372\215\252\376\315,\375\265\014\3755]\037\341"
 141      FECD2CFD 
 141      B50CFD35 
 141      5D1FE1
 142 0194 FA9AE7BE 		.ascii	"\372\232\347\276\363\026\352\344\372x\367\2131\001\365"
 142      F316EAE4 
 142      FA78F78B 
ARM GAS  C:\Users\Luggi\AppData\Local\Temp\cczTh9rV.s 			page 10


 142      3101F5
 143 01a3 4926CFF8 		.ascii	"I&\317\370\236n\256\361\235ld\311Tj\251Z\205\266\014"
 143      9E6EAEF1 
 143      9D6C64C9 
 143      546AA95A 
 143      85B60C
 144 01b6 489B0E69 		.ascii	"H\233\016i\347\220Xg\240^\244\365\300)\247\307\246>"
 144      E7905867 
 144      A05EA4F5 
 144      C029A7C7 
 144      A63E
 145 01c8 AA9464F5 		.ascii	"\252\224d\365\200\324\257\226AEtd :tD'G\214\036\037"
 145      80D4AF96 
 145      41457464 
 145      203A7444 
 145      27478C1E 
 146 01dd 0C8934A4 		.ascii	"\014\2114\244\"&b\225\225&\332\243n\312/E\003Y\330\371"
 146      22266295 
 146      9526DAA3 
 146      6ECA2F45 
 146      0359D8F9 
 147 01f1 3C9137AA 		.ascii	"<\2217\252:q\276\217\362mJym\230\234<=MA,<\301X\005"
 147      3A71BE8F 
 147      F26D4A79 
 147      6D989C3C 
 147      3D4D412C 
 148 0209 934F31BA 		.ascii	"\223O1\272\204@Q>,\317'\360/\024\242\033\217\010]8\034"
 148      8440513E 
 148      2CCF27F0 
 148      2F14A21B 
 148      8F085D38 
 149 021e DD381C8D 		.ascii	"\3358\034\215\330z90\034\332\342c\033 \012\"\334\370"
 149      D87A3930 
 149      1CDAE263 
 149      1B200A22 
 149      DCF8
 150 0230 9A138FA0 		.ascii	"\232\023\217\240\215C,|\257\316D_\362\014h\365\373\362"
 150      8D432C7C 
 150      AFCE445F 
 150      F20C68F5 
 150      FBF2
 151 0242 A15F6159 		.ascii	"\241_aYna\020c\3103\317&rjY\262\027\270\374&\312c\220"
 151      6E611063 
 151      C833CF26 
 151      726A59B2 
 151      17B8FC26 
 152 0259 AB87FC43 		.ascii	"\253\207\374C\031\277\025x!5\312l\312\025\030E\317\207"
 152      19BF1578 
 152      2135CA6C 
 152      CA151845 
 152      CF87
 153 026b 70478C05 		.ascii	"pG\214\005\275\230X\017,\343\301\224\204\222\223kL\312"
 153      BD98580F 
 153      2CE3C194 
 153      8492936B 
 153      4CCA
 154 027d 4BA25747 		.ascii	"K\242WG\317\303\020\232j\017gCa.\367z$\000\364#\342"
ARM GAS  C:\Users\Luggi\AppData\Local\Temp\cczTh9rV.s 			page 11


 154      CFC3109A 
 154      6A0F6743 
 154      612EF77A 
 154      2400F423 
 155 0292 7A3A6545 		.ascii	"z:eE\304\327\377\303A\037F\231+\"\036o\372\372\331O"
 155      C4D7FFC3 
 155      411F4699 
 155      2B221E6F 
 155      FAFAD94F 
 156 02a6 027DA716 		.ascii	"\002}\247\0268\322\365\271\016\012.2\026\224\243\367"
 156      38D2F5B9 
 156      0E0A2E32 
 156      1694A3F7 
 157 02b6 65A865C1 		.ascii	"e\250e\301\012\306\224\321\341\301\006\324`_\3170\240"
 157      0AC694D1 
 157      E1C106D4 
 157      605FCF30 
 157      A0
 158 02c7 F60D06A1 		.ascii	"\366\015\006\241\000\265\254\266\252\321D\231\372\347"
 158      00B5ACB6 
 158      AAD14499 
 158      FAE7
 159 02d5 EAF8E0EF 		.ascii	"\352\370\340\357\312\021\261\021\276\237h\004\036n|"
 159      CA11B111 
 159      BE9F6804 
 159      1E6E7C
 160 02e4 CC3F91AD 		.ascii	"\314?\221\255\266\356[\305\310\274\255\253\214Y\342"
 160      B6EE5BC5 
 160      C8BCADAB 
 160      8C59E2
 161 02f3 8C996018 		.ascii	"\214\231`\030\213?\224.\304\177\220n\336x\242\342\001"
 161      8B3F942E 
 161      C47F906E 
 161      DE78A2E2 
 161      01
 162 0304 B5F89581 		.ascii	"\265\370\225\201\300\217C\366f\356\233\376:\304\301"
 162      C08F43F6 
 162      66EE9BFE 
 162      3AC4C1
 163 0313 C24F80BF 		.ascii	"\302O\200\277\312\227\344^S\233\220\351\254\034:\355"
 163      CA97E45E 
 163      539B90E9 
 163      AC1C3AED 
 164 0323 3CAA398F 		.ascii	"<\2529\217r\347\226\017\267C\346Lge\252\323\316\011"
 164      72E7960F 
 164      B743E64C 
 164      6765AAD3 
 164      CE09
 165 0335 B0E8F9E0 		.ascii	"\260\350\371\340-YX\354\374\333U\272\272\324f?\"\025"
 165      2D5958EC 
 165      FCDB55BA 
 165      BAD4663F 
 165      2215
 166 0347 3BCBFE3A 		.ascii	";\313\376:\260\317\270i\353\016k1)\330$\225In\273G\332"
 166      B0CFB869 
 166      EB0E6B31 
 166      29D82495 
ARM GAS  C:\Users\Luggi\AppData\Local\Temp\cczTh9rV.s 			page 12


 166      496EBB47 
 167 035c 5B6A737A 		.ascii	"[jsz\335\016iw\211\315Y\274v\267\346_\362\347J\007Y"
 167      DD0E6977 
 167      89CD59BC 
 167      76B7E65F 
 167      F2E74A07 
 168 0371 A46DB649 		.ascii	"\244m\266I\207=N\267\246\267\350\304C\222\344\312\321"
 168      873D4EB7 
 168      A6B7E8C4 
 168      4392E4CA 
 168      D1
 169 0382 363BED07 		.ascii	"6;\355\007%\257\313\254\277\3628]\326\357\362W\356'"
 169      25AFCBAC 
 169      BFF2385D 
 169      D6EFF257 
 169      EE27
 170 0394 BA746399 		.ascii	"\272tc\231}\317!)W\333\355\261;\016z]6\217\333\353\360"
 170      7DCF2129 
 170      57DBEDB1 
 170      3B0E7A5D 
 170      368FDBEB 
 171 03a9 2CF01E28 		.ascii	",\360\036(\363\254\373}\036\220\343\250\347\250K:\214"
 171      F3ACFB7D 
 171      1E90E3A8 
 171      E7A84B3A 
 171      8C
 172 03ba 24B3C411 		.ascii	"$\263\304\0216\017:\345\314\342\010ni\337\272/B&\344"
 172      360F3AE5 
 172      CCE2086E 
 172      69DFBA2F 
 172      4226E4
 173 03cd 3E       		.ascii	">"
 174              		.text
 175              		.section	.gnu.lto_.symtab.d23432b,"",%progbits
 176 0000 436F6D70 		.ascii	"Comp_1_SaveConfig\000\000\000\000\000\000\000\000\000"
 176      5F315F53 
 176      61766543 
 176      6F6E6669 
 176      67000000 
 177 001a 000000AC 		.ascii	"\000\000\000\254\000\000\000Comp_1_RestoreConfig\000"
 177      00000043 
 177      6F6D705F 
 177      315F5265 
 177      73746F72 
 178 0036 00000000 		.ascii	"\000\000\000\000\000\000\000\000\000\000\000\256\000"
 178      00000000 
 178      000000AE 
 178      00
 179 0043 0000436F 		.ascii	"\000\000Comp_1_Sleep\000\000\000\000\000\000\000\000"
 179      6D705F31 
 179      5F536C65 
 179      65700000 
 179      00000000 
 180 0059 00000000 		.ascii	"\000\000\000\000\260\000\000\000Comp_1_Wakeup\000\000"
 180      B0000000 
 180      436F6D70 
 180      5F315F57 
ARM GAS  C:\Users\Luggi\AppData\Local\Temp\cczTh9rV.s 			page 13


 180      616B6575 
 181 0070 00000000 		.ascii	"\000\000\000\000\000\000\000\000\000\000\262\000\000"
 181      00000000 
 181      0000B200 
 181      00
 182 007d 00436F6D 		.ascii	"\000Comp_1_Stop\000\000\002\000\000\000\000\000\000"
 182      705F315F 
 182      53746F70 
 182      00000200 
 182      00000000 
 183 0092 000000B4 		.ascii	"\000\000\000\264\000\000\000Comp_1_Enable\000\000\002"
 183      00000043 
 183      6F6D705F 
 183      315F456E 
 183      61626C65 
 184 00a9 00000000 		.ascii	"\000\000\000\000\000\000\000\000\000\266\000\000\000"
 184      00000000 
 184      00B60000 
 184      00
 185              		.text
 186              		.section	.gnu.lto_.opts,"",%progbits
 187 0000 272D666E 		.ascii	"'-fno-trapv' '-fno-strict-overflow' '-mcpu=cortex-m"
 187      6F2D7472 
 187      61707627 
 187      20272D66 
 187      6E6F2D73 
 188 0033 33272027 		.ascii	"3' '-mthumb' '-g' '-Og' '-ffunction-sections' '-flt"
 188      2D6D7468 
 188      756D6227 
 188      20272D67 
 188      2720272D 
 189 0066 6F272027 		.ascii	"o' '-ffat-lto-objects'\000"
 189      2D666661 
 189      742D6C74 
 189      6F2D6F62 
 189      6A656374 
 190              		.text
 191              		.cfi_sections	.debug_frame
 192              		.section	.text.Comp_1_SaveConfig,"ax",%progbits
 193              		.align	2
 194              		.global	Comp_1_SaveConfig
 195              		.thumb
 196              		.thumb_func
 197              		.type	Comp_1_SaveConfig, %function
 198              	Comp_1_SaveConfig:
 199              	.LFB0:
 200              		.file 1 "Generated_Source\\PSoC5\\Comp_1_PM.c"
   1:Generated_Source\PSoC5/Comp_1_PM.c **** /*******************************************************************************
   2:Generated_Source\PSoC5/Comp_1_PM.c **** * File Name: Comp_1.c
   3:Generated_Source\PSoC5/Comp_1_PM.c **** * Version 2.0
   4:Generated_Source\PSoC5/Comp_1_PM.c **** *
   5:Generated_Source\PSoC5/Comp_1_PM.c **** * Description:
   6:Generated_Source\PSoC5/Comp_1_PM.c **** *  This file provides the power management source code APIs for the
   7:Generated_Source\PSoC5/Comp_1_PM.c **** *  Comparator.
   8:Generated_Source\PSoC5/Comp_1_PM.c **** *
   9:Generated_Source\PSoC5/Comp_1_PM.c **** * Note:
  10:Generated_Source\PSoC5/Comp_1_PM.c **** *  None
ARM GAS  C:\Users\Luggi\AppData\Local\Temp\cczTh9rV.s 			page 14


  11:Generated_Source\PSoC5/Comp_1_PM.c **** *
  12:Generated_Source\PSoC5/Comp_1_PM.c **** ********************************************************************************
  13:Generated_Source\PSoC5/Comp_1_PM.c **** * Copyright 2008-2012, Cypress Semiconductor Corporation.  All rights reserved.
  14:Generated_Source\PSoC5/Comp_1_PM.c **** * You may use this file only in accordance with the license, terms, conditions, 
  15:Generated_Source\PSoC5/Comp_1_PM.c **** * disclaimers, and limitations in the end user license agreement accompanying 
  16:Generated_Source\PSoC5/Comp_1_PM.c **** * the software package with which this file was provided.
  17:Generated_Source\PSoC5/Comp_1_PM.c **** *******************************************************************************/
  18:Generated_Source\PSoC5/Comp_1_PM.c **** 
  19:Generated_Source\PSoC5/Comp_1_PM.c **** #include "Comp_1.h"
  20:Generated_Source\PSoC5/Comp_1_PM.c **** 
  21:Generated_Source\PSoC5/Comp_1_PM.c **** static Comp_1_backupStruct Comp_1_backup;
  22:Generated_Source\PSoC5/Comp_1_PM.c **** 
  23:Generated_Source\PSoC5/Comp_1_PM.c **** 
  24:Generated_Source\PSoC5/Comp_1_PM.c **** /*******************************************************************************
  25:Generated_Source\PSoC5/Comp_1_PM.c **** * Function Name: Comp_1_SaveConfig
  26:Generated_Source\PSoC5/Comp_1_PM.c **** ********************************************************************************
  27:Generated_Source\PSoC5/Comp_1_PM.c **** *
  28:Generated_Source\PSoC5/Comp_1_PM.c **** * Summary:
  29:Generated_Source\PSoC5/Comp_1_PM.c **** *  Save the current user configuration
  30:Generated_Source\PSoC5/Comp_1_PM.c **** *
  31:Generated_Source\PSoC5/Comp_1_PM.c **** * Parameters:
  32:Generated_Source\PSoC5/Comp_1_PM.c **** *  void:
  33:Generated_Source\PSoC5/Comp_1_PM.c **** *
  34:Generated_Source\PSoC5/Comp_1_PM.c **** * Return:
  35:Generated_Source\PSoC5/Comp_1_PM.c **** *  void
  36:Generated_Source\PSoC5/Comp_1_PM.c **** *
  37:Generated_Source\PSoC5/Comp_1_PM.c **** *******************************************************************************/
  38:Generated_Source\PSoC5/Comp_1_PM.c **** void Comp_1_SaveConfig(void) 
  39:Generated_Source\PSoC5/Comp_1_PM.c **** {
 201              		.loc 1 39 0
 202              		.cfi_startproc
 203              		@ args = 0, pretend = 0, frame = 0
 204              		@ frame_needed = 0, uses_anonymous_args = 0
 205              		@ link register save eliminated.
 206 0000 7047     		bx	lr
 207              		.cfi_endproc
 208              	.LFE0:
 209              		.size	Comp_1_SaveConfig, .-Comp_1_SaveConfig
 210 0002 00BF     		.section	.text.Comp_1_RestoreConfig,"ax",%progbits
 211              		.align	2
 212              		.global	Comp_1_RestoreConfig
 213              		.thumb
 214              		.thumb_func
 215              		.type	Comp_1_RestoreConfig, %function
 216              	Comp_1_RestoreConfig:
 217              	.LFB1:
  40:Generated_Source\PSoC5/Comp_1_PM.c ****     /* Empty since all are system reset for retention flops */
  41:Generated_Source\PSoC5/Comp_1_PM.c **** }
  42:Generated_Source\PSoC5/Comp_1_PM.c **** 
  43:Generated_Source\PSoC5/Comp_1_PM.c **** 
  44:Generated_Source\PSoC5/Comp_1_PM.c **** /*******************************************************************************
  45:Generated_Source\PSoC5/Comp_1_PM.c **** * Function Name: Comp_1_RestoreConfig
  46:Generated_Source\PSoC5/Comp_1_PM.c **** ********************************************************************************
  47:Generated_Source\PSoC5/Comp_1_PM.c **** *
  48:Generated_Source\PSoC5/Comp_1_PM.c **** * Summary:
  49:Generated_Source\PSoC5/Comp_1_PM.c **** *  Restores the current user configuration.
  50:Generated_Source\PSoC5/Comp_1_PM.c **** *
ARM GAS  C:\Users\Luggi\AppData\Local\Temp\cczTh9rV.s 			page 15


  51:Generated_Source\PSoC5/Comp_1_PM.c **** * Parameters:
  52:Generated_Source\PSoC5/Comp_1_PM.c **** *  void
  53:Generated_Source\PSoC5/Comp_1_PM.c **** *
  54:Generated_Source\PSoC5/Comp_1_PM.c **** * Return:
  55:Generated_Source\PSoC5/Comp_1_PM.c **** *  void
  56:Generated_Source\PSoC5/Comp_1_PM.c **** *
  57:Generated_Source\PSoC5/Comp_1_PM.c **** ********************************************************************************/
  58:Generated_Source\PSoC5/Comp_1_PM.c **** void Comp_1_RestoreConfig(void) 
  59:Generated_Source\PSoC5/Comp_1_PM.c **** {
 218              		.loc 1 59 0
 219              		.cfi_startproc
 220              		@ args = 0, pretend = 0, frame = 0
 221              		@ frame_needed = 0, uses_anonymous_args = 0
 222              		@ link register save eliminated.
 223 0000 7047     		bx	lr
 224              		.cfi_endproc
 225              	.LFE1:
 226              		.size	Comp_1_RestoreConfig, .-Comp_1_RestoreConfig
 227 0002 00BF     		.section	.text.Comp_1_Sleep,"ax",%progbits
 228              		.align	2
 229              		.global	Comp_1_Sleep
 230              		.thumb
 231              		.thumb_func
 232              		.type	Comp_1_Sleep, %function
 233              	Comp_1_Sleep:
 234              	.LFB2:
  60:Generated_Source\PSoC5/Comp_1_PM.c ****     /* Empty since all are system reset for retention flops */    
  61:Generated_Source\PSoC5/Comp_1_PM.c **** }
  62:Generated_Source\PSoC5/Comp_1_PM.c **** 
  63:Generated_Source\PSoC5/Comp_1_PM.c **** 
  64:Generated_Source\PSoC5/Comp_1_PM.c **** /*******************************************************************************
  65:Generated_Source\PSoC5/Comp_1_PM.c **** * Function Name: Comp_1_Sleep
  66:Generated_Source\PSoC5/Comp_1_PM.c **** ********************************************************************************
  67:Generated_Source\PSoC5/Comp_1_PM.c **** *
  68:Generated_Source\PSoC5/Comp_1_PM.c **** * Summary:
  69:Generated_Source\PSoC5/Comp_1_PM.c **** *  Stop and Save the user configuration
  70:Generated_Source\PSoC5/Comp_1_PM.c **** *
  71:Generated_Source\PSoC5/Comp_1_PM.c **** * Parameters:
  72:Generated_Source\PSoC5/Comp_1_PM.c **** *  void:
  73:Generated_Source\PSoC5/Comp_1_PM.c **** *
  74:Generated_Source\PSoC5/Comp_1_PM.c **** * Return:
  75:Generated_Source\PSoC5/Comp_1_PM.c **** *  void
  76:Generated_Source\PSoC5/Comp_1_PM.c **** *
  77:Generated_Source\PSoC5/Comp_1_PM.c **** * Global variables:
  78:Generated_Source\PSoC5/Comp_1_PM.c **** *  Comp_1_backup.enableState:  Is modified depending on the enable 
  79:Generated_Source\PSoC5/Comp_1_PM.c **** *   state of the block before entering sleep mode.
  80:Generated_Source\PSoC5/Comp_1_PM.c **** *
  81:Generated_Source\PSoC5/Comp_1_PM.c **** *******************************************************************************/
  82:Generated_Source\PSoC5/Comp_1_PM.c **** void Comp_1_Sleep(void) 
  83:Generated_Source\PSoC5/Comp_1_PM.c **** {
 235              		.loc 1 83 0
 236              		.cfi_startproc
 237              		@ args = 0, pretend = 0, frame = 0
 238              		@ frame_needed = 0, uses_anonymous_args = 0
 239              		.loc 1 83 0
 240 0000 08B5     		push	{r3, lr}
 241              		.cfi_def_cfa_offset 8
ARM GAS  C:\Users\Luggi\AppData\Local\Temp\cczTh9rV.s 			page 16


 242              		.cfi_offset 3, -8
 243              		.cfi_offset 14, -4
  84:Generated_Source\PSoC5/Comp_1_PM.c ****     /* Save Comp's enable state */    
  85:Generated_Source\PSoC5/Comp_1_PM.c ****     if(Comp_1_ACT_PWR_EN == (Comp_1_PWRMGR & Comp_1_ACT_PWR_EN))
 244              		.loc 1 85 0
 245 0002 074B     		ldr	r3, .L7
 246 0004 1B78     		ldrb	r3, [r3]	@ zero_extendqisi2
 247 0006 13F0040F 		tst	r3, #4
 248 000a 03D0     		beq	.L4
  86:Generated_Source\PSoC5/Comp_1_PM.c ****     {
  87:Generated_Source\PSoC5/Comp_1_PM.c ****         /* Comp is enabled */
  88:Generated_Source\PSoC5/Comp_1_PM.c ****         Comp_1_backup.enableState = 1u;
 249              		.loc 1 88 0
 250 000c 0122     		movs	r2, #1
 251 000e 054B     		ldr	r3, .L7+4
 252 0010 1A70     		strb	r2, [r3]
 253 0012 02E0     		b	.L5
 254              	.L4:
  89:Generated_Source\PSoC5/Comp_1_PM.c ****     }
  90:Generated_Source\PSoC5/Comp_1_PM.c ****     else
  91:Generated_Source\PSoC5/Comp_1_PM.c ****     {
  92:Generated_Source\PSoC5/Comp_1_PM.c ****         /* Comp is disabled */
  93:Generated_Source\PSoC5/Comp_1_PM.c ****         Comp_1_backup.enableState = 0u;
 255              		.loc 1 93 0
 256 0014 0022     		movs	r2, #0
 257 0016 034B     		ldr	r3, .L7+4
 258 0018 1A70     		strb	r2, [r3]
 259              	.L5:
  94:Generated_Source\PSoC5/Comp_1_PM.c ****     }    
  95:Generated_Source\PSoC5/Comp_1_PM.c ****     
  96:Generated_Source\PSoC5/Comp_1_PM.c ****     Comp_1_Stop();
 260              		.loc 1 96 0
 261 001a FFF7FEFF 		bl	Comp_1_Stop
 262              	.LVL0:
 263 001e 08BD     		pop	{r3, pc}
 264              	.L8:
 265              		.align	2
 266              	.L7:
 267 0020 A7430040 		.word	1073759143
 268 0024 00000000 		.word	.LANCHOR0
 269              		.cfi_endproc
 270              	.LFE2:
 271              		.size	Comp_1_Sleep, .-Comp_1_Sleep
 272              		.section	.text.Comp_1_Wakeup,"ax",%progbits
 273              		.align	2
 274              		.global	Comp_1_Wakeup
 275              		.thumb
 276              		.thumb_func
 277              		.type	Comp_1_Wakeup, %function
 278              	Comp_1_Wakeup:
 279              	.LFB3:
  97:Generated_Source\PSoC5/Comp_1_PM.c ****     Comp_1_SaveConfig();
  98:Generated_Source\PSoC5/Comp_1_PM.c **** }
  99:Generated_Source\PSoC5/Comp_1_PM.c **** 
 100:Generated_Source\PSoC5/Comp_1_PM.c **** 
 101:Generated_Source\PSoC5/Comp_1_PM.c **** /*******************************************************************************
 102:Generated_Source\PSoC5/Comp_1_PM.c **** * Function Name: Comp_1_Wakeup
ARM GAS  C:\Users\Luggi\AppData\Local\Temp\cczTh9rV.s 			page 17


 103:Generated_Source\PSoC5/Comp_1_PM.c **** ********************************************************************************
 104:Generated_Source\PSoC5/Comp_1_PM.c **** *
 105:Generated_Source\PSoC5/Comp_1_PM.c **** * Summary:
 106:Generated_Source\PSoC5/Comp_1_PM.c **** *  Restores and enables the user configuration
 107:Generated_Source\PSoC5/Comp_1_PM.c **** *  
 108:Generated_Source\PSoC5/Comp_1_PM.c **** * Parameters:
 109:Generated_Source\PSoC5/Comp_1_PM.c **** *  void
 110:Generated_Source\PSoC5/Comp_1_PM.c **** *
 111:Generated_Source\PSoC5/Comp_1_PM.c **** * Return:
 112:Generated_Source\PSoC5/Comp_1_PM.c **** *  void
 113:Generated_Source\PSoC5/Comp_1_PM.c **** *
 114:Generated_Source\PSoC5/Comp_1_PM.c **** * Global variables:
 115:Generated_Source\PSoC5/Comp_1_PM.c **** *  Comp_1_backup.enableState:  Is used to restore the enable state of 
 116:Generated_Source\PSoC5/Comp_1_PM.c **** *  block on wakeup from sleep mode.
 117:Generated_Source\PSoC5/Comp_1_PM.c **** *
 118:Generated_Source\PSoC5/Comp_1_PM.c **** *******************************************************************************/
 119:Generated_Source\PSoC5/Comp_1_PM.c **** void Comp_1_Wakeup(void) 
 120:Generated_Source\PSoC5/Comp_1_PM.c **** {
 280              		.loc 1 120 0
 281              		.cfi_startproc
 282              		@ args = 0, pretend = 0, frame = 0
 283              		@ frame_needed = 0, uses_anonymous_args = 0
 284 0000 08B5     		push	{r3, lr}
 285              		.cfi_def_cfa_offset 8
 286              		.cfi_offset 3, -8
 287              		.cfi_offset 14, -4
 121:Generated_Source\PSoC5/Comp_1_PM.c ****     Comp_1_RestoreConfig();
 122:Generated_Source\PSoC5/Comp_1_PM.c ****     
 123:Generated_Source\PSoC5/Comp_1_PM.c ****     if(Comp_1_backup.enableState == 1u)
 288              		.loc 1 123 0
 289 0002 034B     		ldr	r3, .L12
 290 0004 1B78     		ldrb	r3, [r3]	@ zero_extendqisi2
 291 0006 012B     		cmp	r3, #1
 292 0008 01D1     		bne	.L9
 124:Generated_Source\PSoC5/Comp_1_PM.c ****     {
 125:Generated_Source\PSoC5/Comp_1_PM.c ****         /* Enable Comp's operation */
 126:Generated_Source\PSoC5/Comp_1_PM.c ****         Comp_1_Enable();
 293              		.loc 1 126 0
 294 000a FFF7FEFF 		bl	Comp_1_Enable
 295              	.LVL1:
 296              	.L9:
 297 000e 08BD     		pop	{r3, pc}
 298              	.L13:
 299              		.align	2
 300              	.L12:
 301 0010 00000000 		.word	.LANCHOR0
 302              		.cfi_endproc
 303              	.LFE3:
 304              		.size	Comp_1_Wakeup, .-Comp_1_Wakeup
 305              		.bss
 306              		.align	2
 307              		.set	.LANCHOR0,. + 0
 308              		.type	Comp_1_backup, %object
 309              		.size	Comp_1_backup, 1
 310              	Comp_1_backup:
 311 0000 00       		.space	1
 312 0001 000000   		.text
ARM GAS  C:\Users\Luggi\AppData\Local\Temp\cczTh9rV.s 			page 18


 313              	.Letext0:
 314              		.file 2 "Generated_Source\\PSoC5\\cytypes.h"
 315              		.file 3 "Generated_Source\\PSoC5\\Comp_1.h"
 316              		.section	.debug_info,"",%progbits
 317              	.Ldebug_info0:
 318 0000 40010000 		.4byte	0x140
 319 0004 0400     		.2byte	0x4
 320 0006 00000000 		.4byte	.Ldebug_abbrev0
 321 000a 04       		.byte	0x4
 322 000b 01       		.uleb128 0x1
 323 000c D9010000 		.4byte	.LASF22
 324 0010 01       		.byte	0x1
 325 0011 6C010000 		.4byte	.LASF23
 326 0015 27000000 		.4byte	.LASF24
 327 0019 00000000 		.4byte	.Ldebug_ranges0+0
 328 001d 00000000 		.4byte	0
 329 0021 00000000 		.4byte	.Ldebug_line0
 330 0025 02       		.uleb128 0x2
 331 0026 01       		.byte	0x1
 332 0027 06       		.byte	0x6
 333 0028 AF010000 		.4byte	.LASF0
 334 002c 02       		.uleb128 0x2
 335 002d 01       		.byte	0x1
 336 002e 08       		.byte	0x8
 337 002f 29010000 		.4byte	.LASF1
 338 0033 02       		.uleb128 0x2
 339 0034 02       		.byte	0x2
 340 0035 05       		.byte	0x5
 341 0036 C1010000 		.4byte	.LASF2
 342 003a 02       		.uleb128 0x2
 343 003b 02       		.byte	0x2
 344 003c 07       		.byte	0x7
 345 003d 9C010000 		.4byte	.LASF3
 346 0041 02       		.uleb128 0x2
 347 0042 04       		.byte	0x4
 348 0043 05       		.byte	0x5
 349 0044 5C010000 		.4byte	.LASF4
 350 0048 02       		.uleb128 0x2
 351 0049 04       		.byte	0x4
 352 004a 07       		.byte	0x7
 353 004b D2000000 		.4byte	.LASF5
 354 004f 02       		.uleb128 0x2
 355 0050 08       		.byte	0x8
 356 0051 05       		.byte	0x5
 357 0052 00000000 		.4byte	.LASF6
 358 0056 02       		.uleb128 0x2
 359 0057 08       		.byte	0x8
 360 0058 07       		.byte	0x7
 361 0059 E4000000 		.4byte	.LASF7
 362 005d 03       		.uleb128 0x3
 363 005e 04       		.byte	0x4
 364 005f 05       		.byte	0x5
 365 0060 696E7400 		.ascii	"int\000"
 366 0064 02       		.uleb128 0x2
 367 0065 04       		.byte	0x4
 368 0066 07       		.byte	0x7
 369 0067 1A000000 		.4byte	.LASF8
ARM GAS  C:\Users\Luggi\AppData\Local\Temp\cczTh9rV.s 			page 19


 370 006b 04       		.uleb128 0x4
 371 006c CC000000 		.4byte	.LASF12
 372 0070 02       		.byte	0x2
 373 0071 9201     		.2byte	0x192
 374 0073 2C000000 		.4byte	0x2c
 375 0077 02       		.uleb128 0x2
 376 0078 04       		.byte	0x4
 377 0079 04       		.byte	0x4
 378 007a BB010000 		.4byte	.LASF9
 379 007e 02       		.uleb128 0x2
 380 007f 08       		.byte	0x8
 381 0080 04       		.byte	0x4
 382 0081 65010000 		.4byte	.LASF10
 383 0085 02       		.uleb128 0x2
 384 0086 01       		.byte	0x1
 385 0087 08       		.byte	0x8
 386 0088 45010000 		.4byte	.LASF11
 387 008c 04       		.uleb128 0x4
 388 008d CB010000 		.4byte	.LASF13
 389 0091 02       		.byte	0x2
 390 0092 3C02     		.2byte	0x23c
 391 0094 98000000 		.4byte	0x98
 392 0098 05       		.uleb128 0x5
 393 0099 6B000000 		.4byte	0x6b
 394 009d 02       		.uleb128 0x2
 395 009e 04       		.byte	0x4
 396 009f 07       		.byte	0x7
 397 00a0 D0010000 		.4byte	.LASF14
 398 00a4 06       		.uleb128 0x6
 399 00a5 01       		.byte	0x1
 400 00a6 03       		.byte	0x3
 401 00a7 29       		.byte	0x29
 402 00a8 B9000000 		.4byte	0xb9
 403 00ac 07       		.uleb128 0x7
 404 00ad 0E000000 		.4byte	.LASF25
 405 00b1 03       		.byte	0x3
 406 00b2 2B       		.byte	0x2b
 407 00b3 6B000000 		.4byte	0x6b
 408 00b7 00       		.byte	0
 409 00b8 00       		.byte	0
 410 00b9 08       		.uleb128 0x8
 411 00ba FB000000 		.4byte	.LASF15
 412 00be 03       		.byte	0x3
 413 00bf 2D       		.byte	0x2d
 414 00c0 A4000000 		.4byte	0xa4
 415 00c4 09       		.uleb128 0x9
 416 00c5 4A010000 		.4byte	.LASF16
 417 00c9 01       		.byte	0x1
 418 00ca 26       		.byte	0x26
 419 00cb 00000000 		.4byte	.LFB0
 420 00cf 02000000 		.4byte	.LFE0-.LFB0
 421 00d3 01       		.uleb128 0x1
 422 00d4 9C       		.byte	0x9c
 423 00d5 09       		.uleb128 0x9
 424 00d6 A9000000 		.4byte	.LASF17
 425 00da 01       		.byte	0x1
 426 00db 3A       		.byte	0x3a
ARM GAS  C:\Users\Luggi\AppData\Local\Temp\cczTh9rV.s 			page 20


 427 00dc 00000000 		.4byte	.LFB1
 428 00e0 02000000 		.4byte	.LFE1-.LFB1
 429 00e4 01       		.uleb128 0x1
 430 00e5 9C       		.byte	0x9c
 431 00e6 0A       		.uleb128 0xa
 432 00e7 8F010000 		.4byte	.LASF18
 433 00eb 01       		.byte	0x1
 434 00ec 52       		.byte	0x52
 435 00ed 00000000 		.4byte	.LFB2
 436 00f1 28000000 		.4byte	.LFE2-.LFB2
 437 00f5 01       		.uleb128 0x1
 438 00f6 9C       		.byte	0x9c
 439 00f7 05010000 		.4byte	0x105
 440 00fb 0B       		.uleb128 0xb
 441 00fc 1E000000 		.4byte	.LVL0
 442 0100 35010000 		.4byte	0x135
 443 0104 00       		.byte	0
 444 0105 0A       		.uleb128 0xa
 445 0106 0F010000 		.4byte	.LASF19
 446 010a 01       		.byte	0x1
 447 010b 77       		.byte	0x77
 448 010c 00000000 		.4byte	.LFB3
 449 0110 14000000 		.4byte	.LFE3-.LFB3
 450 0114 01       		.uleb128 0x1
 451 0115 9C       		.byte	0x9c
 452 0116 24010000 		.4byte	0x124
 453 011a 0B       		.uleb128 0xb
 454 011b 0E000000 		.4byte	.LVL1
 455 011f 3C010000 		.4byte	0x13c
 456 0123 00       		.byte	0
 457 0124 0C       		.uleb128 0xc
 458 0125 BE000000 		.4byte	.LASF26
 459 0129 01       		.byte	0x1
 460 012a 15       		.byte	0x15
 461 012b B9000000 		.4byte	0xb9
 462 012f 05       		.uleb128 0x5
 463 0130 03       		.byte	0x3
 464 0131 00000000 		.4byte	Comp_1_backup
 465 0135 0D       		.uleb128 0xd
 466 0136 1D010000 		.4byte	.LASF20
 467 013a 03       		.byte	0x3
 468 013b 40       		.byte	0x40
 469 013c 0D       		.uleb128 0xd
 470 013d 37010000 		.4byte	.LASF21
 471 0141 03       		.byte	0x3
 472 0142 46       		.byte	0x46
 473 0143 00       		.byte	0
 474              		.section	.debug_abbrev,"",%progbits
 475              	.Ldebug_abbrev0:
 476 0000 01       		.uleb128 0x1
 477 0001 11       		.uleb128 0x11
 478 0002 01       		.byte	0x1
 479 0003 25       		.uleb128 0x25
 480 0004 0E       		.uleb128 0xe
 481 0005 13       		.uleb128 0x13
 482 0006 0B       		.uleb128 0xb
 483 0007 03       		.uleb128 0x3
ARM GAS  C:\Users\Luggi\AppData\Local\Temp\cczTh9rV.s 			page 21


 484 0008 0E       		.uleb128 0xe
 485 0009 1B       		.uleb128 0x1b
 486 000a 0E       		.uleb128 0xe
 487 000b 55       		.uleb128 0x55
 488 000c 17       		.uleb128 0x17
 489 000d 11       		.uleb128 0x11
 490 000e 01       		.uleb128 0x1
 491 000f 10       		.uleb128 0x10
 492 0010 17       		.uleb128 0x17
 493 0011 00       		.byte	0
 494 0012 00       		.byte	0
 495 0013 02       		.uleb128 0x2
 496 0014 24       		.uleb128 0x24
 497 0015 00       		.byte	0
 498 0016 0B       		.uleb128 0xb
 499 0017 0B       		.uleb128 0xb
 500 0018 3E       		.uleb128 0x3e
 501 0019 0B       		.uleb128 0xb
 502 001a 03       		.uleb128 0x3
 503 001b 0E       		.uleb128 0xe
 504 001c 00       		.byte	0
 505 001d 00       		.byte	0
 506 001e 03       		.uleb128 0x3
 507 001f 24       		.uleb128 0x24
 508 0020 00       		.byte	0
 509 0021 0B       		.uleb128 0xb
 510 0022 0B       		.uleb128 0xb
 511 0023 3E       		.uleb128 0x3e
 512 0024 0B       		.uleb128 0xb
 513 0025 03       		.uleb128 0x3
 514 0026 08       		.uleb128 0x8
 515 0027 00       		.byte	0
 516 0028 00       		.byte	0
 517 0029 04       		.uleb128 0x4
 518 002a 16       		.uleb128 0x16
 519 002b 00       		.byte	0
 520 002c 03       		.uleb128 0x3
 521 002d 0E       		.uleb128 0xe
 522 002e 3A       		.uleb128 0x3a
 523 002f 0B       		.uleb128 0xb
 524 0030 3B       		.uleb128 0x3b
 525 0031 05       		.uleb128 0x5
 526 0032 49       		.uleb128 0x49
 527 0033 13       		.uleb128 0x13
 528 0034 00       		.byte	0
 529 0035 00       		.byte	0
 530 0036 05       		.uleb128 0x5
 531 0037 35       		.uleb128 0x35
 532 0038 00       		.byte	0
 533 0039 49       		.uleb128 0x49
 534 003a 13       		.uleb128 0x13
 535 003b 00       		.byte	0
 536 003c 00       		.byte	0
 537 003d 06       		.uleb128 0x6
 538 003e 13       		.uleb128 0x13
 539 003f 01       		.byte	0x1
 540 0040 0B       		.uleb128 0xb
ARM GAS  C:\Users\Luggi\AppData\Local\Temp\cczTh9rV.s 			page 22


 541 0041 0B       		.uleb128 0xb
 542 0042 3A       		.uleb128 0x3a
 543 0043 0B       		.uleb128 0xb
 544 0044 3B       		.uleb128 0x3b
 545 0045 0B       		.uleb128 0xb
 546 0046 01       		.uleb128 0x1
 547 0047 13       		.uleb128 0x13
 548 0048 00       		.byte	0
 549 0049 00       		.byte	0
 550 004a 07       		.uleb128 0x7
 551 004b 0D       		.uleb128 0xd
 552 004c 00       		.byte	0
 553 004d 03       		.uleb128 0x3
 554 004e 0E       		.uleb128 0xe
 555 004f 3A       		.uleb128 0x3a
 556 0050 0B       		.uleb128 0xb
 557 0051 3B       		.uleb128 0x3b
 558 0052 0B       		.uleb128 0xb
 559 0053 49       		.uleb128 0x49
 560 0054 13       		.uleb128 0x13
 561 0055 38       		.uleb128 0x38
 562 0056 0B       		.uleb128 0xb
 563 0057 00       		.byte	0
 564 0058 00       		.byte	0
 565 0059 08       		.uleb128 0x8
 566 005a 16       		.uleb128 0x16
 567 005b 00       		.byte	0
 568 005c 03       		.uleb128 0x3
 569 005d 0E       		.uleb128 0xe
 570 005e 3A       		.uleb128 0x3a
 571 005f 0B       		.uleb128 0xb
 572 0060 3B       		.uleb128 0x3b
 573 0061 0B       		.uleb128 0xb
 574 0062 49       		.uleb128 0x49
 575 0063 13       		.uleb128 0x13
 576 0064 00       		.byte	0
 577 0065 00       		.byte	0
 578 0066 09       		.uleb128 0x9
 579 0067 2E       		.uleb128 0x2e
 580 0068 00       		.byte	0
 581 0069 3F       		.uleb128 0x3f
 582 006a 19       		.uleb128 0x19
 583 006b 03       		.uleb128 0x3
 584 006c 0E       		.uleb128 0xe
 585 006d 3A       		.uleb128 0x3a
 586 006e 0B       		.uleb128 0xb
 587 006f 3B       		.uleb128 0x3b
 588 0070 0B       		.uleb128 0xb
 589 0071 27       		.uleb128 0x27
 590 0072 19       		.uleb128 0x19
 591 0073 11       		.uleb128 0x11
 592 0074 01       		.uleb128 0x1
 593 0075 12       		.uleb128 0x12
 594 0076 06       		.uleb128 0x6
 595 0077 40       		.uleb128 0x40
 596 0078 18       		.uleb128 0x18
 597 0079 9742     		.uleb128 0x2117
ARM GAS  C:\Users\Luggi\AppData\Local\Temp\cczTh9rV.s 			page 23


 598 007b 19       		.uleb128 0x19
 599 007c 00       		.byte	0
 600 007d 00       		.byte	0
 601 007e 0A       		.uleb128 0xa
 602 007f 2E       		.uleb128 0x2e
 603 0080 01       		.byte	0x1
 604 0081 3F       		.uleb128 0x3f
 605 0082 19       		.uleb128 0x19
 606 0083 03       		.uleb128 0x3
 607 0084 0E       		.uleb128 0xe
 608 0085 3A       		.uleb128 0x3a
 609 0086 0B       		.uleb128 0xb
 610 0087 3B       		.uleb128 0x3b
 611 0088 0B       		.uleb128 0xb
 612 0089 27       		.uleb128 0x27
 613 008a 19       		.uleb128 0x19
 614 008b 11       		.uleb128 0x11
 615 008c 01       		.uleb128 0x1
 616 008d 12       		.uleb128 0x12
 617 008e 06       		.uleb128 0x6
 618 008f 40       		.uleb128 0x40
 619 0090 18       		.uleb128 0x18
 620 0091 9742     		.uleb128 0x2117
 621 0093 19       		.uleb128 0x19
 622 0094 01       		.uleb128 0x1
 623 0095 13       		.uleb128 0x13
 624 0096 00       		.byte	0
 625 0097 00       		.byte	0
 626 0098 0B       		.uleb128 0xb
 627 0099 898201   		.uleb128 0x4109
 628 009c 00       		.byte	0
 629 009d 11       		.uleb128 0x11
 630 009e 01       		.uleb128 0x1
 631 009f 31       		.uleb128 0x31
 632 00a0 13       		.uleb128 0x13
 633 00a1 00       		.byte	0
 634 00a2 00       		.byte	0
 635 00a3 0C       		.uleb128 0xc
 636 00a4 34       		.uleb128 0x34
 637 00a5 00       		.byte	0
 638 00a6 03       		.uleb128 0x3
 639 00a7 0E       		.uleb128 0xe
 640 00a8 3A       		.uleb128 0x3a
 641 00a9 0B       		.uleb128 0xb
 642 00aa 3B       		.uleb128 0x3b
 643 00ab 0B       		.uleb128 0xb
 644 00ac 49       		.uleb128 0x49
 645 00ad 13       		.uleb128 0x13
 646 00ae 02       		.uleb128 0x2
 647 00af 18       		.uleb128 0x18
 648 00b0 00       		.byte	0
 649 00b1 00       		.byte	0
 650 00b2 0D       		.uleb128 0xd
 651 00b3 2E       		.uleb128 0x2e
 652 00b4 00       		.byte	0
 653 00b5 3F       		.uleb128 0x3f
 654 00b6 19       		.uleb128 0x19
ARM GAS  C:\Users\Luggi\AppData\Local\Temp\cczTh9rV.s 			page 24


 655 00b7 03       		.uleb128 0x3
 656 00b8 0E       		.uleb128 0xe
 657 00b9 3A       		.uleb128 0x3a
 658 00ba 0B       		.uleb128 0xb
 659 00bb 3B       		.uleb128 0x3b
 660 00bc 0B       		.uleb128 0xb
 661 00bd 27       		.uleb128 0x27
 662 00be 19       		.uleb128 0x19
 663 00bf 3C       		.uleb128 0x3c
 664 00c0 19       		.uleb128 0x19
 665 00c1 00       		.byte	0
 666 00c2 00       		.byte	0
 667 00c3 00       		.byte	0
 668              		.section	.debug_aranges,"",%progbits
 669 0000 34000000 		.4byte	0x34
 670 0004 0200     		.2byte	0x2
 671 0006 00000000 		.4byte	.Ldebug_info0
 672 000a 04       		.byte	0x4
 673 000b 00       		.byte	0
 674 000c 0000     		.2byte	0
 675 000e 0000     		.2byte	0
 676 0010 00000000 		.4byte	.LFB0
 677 0014 02000000 		.4byte	.LFE0-.LFB0
 678 0018 00000000 		.4byte	.LFB1
 679 001c 02000000 		.4byte	.LFE1-.LFB1
 680 0020 00000000 		.4byte	.LFB2
 681 0024 28000000 		.4byte	.LFE2-.LFB2
 682 0028 00000000 		.4byte	.LFB3
 683 002c 14000000 		.4byte	.LFE3-.LFB3
 684 0030 00000000 		.4byte	0
 685 0034 00000000 		.4byte	0
 686              		.section	.debug_ranges,"",%progbits
 687              	.Ldebug_ranges0:
 688 0000 00000000 		.4byte	.LFB0
 689 0004 02000000 		.4byte	.LFE0
 690 0008 00000000 		.4byte	.LFB1
 691 000c 02000000 		.4byte	.LFE1
 692 0010 00000000 		.4byte	.LFB2
 693 0014 28000000 		.4byte	.LFE2
 694 0018 00000000 		.4byte	.LFB3
 695 001c 14000000 		.4byte	.LFE3
 696 0020 00000000 		.4byte	0
 697 0024 00000000 		.4byte	0
 698              		.section	.debug_line,"",%progbits
 699              	.Ldebug_line0:
 700 0000 9D000000 		.section	.debug_str,"MS",%progbits,1
 700      02005200 
 700      00000201 
 700      FB0E0D00 
 700      01010101 
 701              	.LASF6:
 702 0000 6C6F6E67 		.ascii	"long long int\000"
 702      206C6F6E 
 702      6720696E 
 702      7400
 703              	.LASF25:
 704 000e 656E6162 		.ascii	"enableState\000"
ARM GAS  C:\Users\Luggi\AppData\Local\Temp\cczTh9rV.s 			page 25


 704      6C655374 
 704      61746500 
 705              	.LASF8:
 706 001a 756E7369 		.ascii	"unsigned int\000"
 706      676E6564 
 706      20696E74 
 706      00
 707              	.LASF24:
 708 0027 433A5C55 		.ascii	"C:\\Users\\Luggi\\Desktop\\Aktuelles Projekt Laser_"
 708      73657273 
 708      5C4C7567 
 708      67695C44 
 708      65736B74 
 709 0056 73636875 		.ascii	"schutzschaltung\\Aktuelles Projekt Laser_schutzscha"
 709      747A7363 
 709      68616C74 
 709      756E675C 
 709      416B7475 
 710 0088 6C74756E 		.ascii	"ltung\\Laserschutzschaltung.cydsn\000"
 710      675C4C61 
 710      73657273 
 710      63687574 
 710      7A736368 
 711              	.LASF17:
 712 00a9 436F6D70 		.ascii	"Comp_1_RestoreConfig\000"
 712      5F315F52 
 712      6573746F 
 712      7265436F 
 712      6E666967 
 713              	.LASF26:
 714 00be 436F6D70 		.ascii	"Comp_1_backup\000"
 714      5F315F62 
 714      61636B75 
 714      7000
 715              	.LASF12:
 716 00cc 75696E74 		.ascii	"uint8\000"
 716      3800
 717              	.LASF5:
 718 00d2 6C6F6E67 		.ascii	"long unsigned int\000"
 718      20756E73 
 718      69676E65 
 718      6420696E 
 718      7400
 719              	.LASF7:
 720 00e4 6C6F6E67 		.ascii	"long long unsigned int\000"
 720      206C6F6E 
 720      6720756E 
 720      7369676E 
 720      65642069 
 721              	.LASF15:
 722 00fb 436F6D70 		.ascii	"Comp_1_backupStruct\000"
 722      5F315F62 
 722      61636B75 
 722      70537472 
 722      75637400 
 723              	.LASF19:
 724 010f 436F6D70 		.ascii	"Comp_1_Wakeup\000"
ARM GAS  C:\Users\Luggi\AppData\Local\Temp\cczTh9rV.s 			page 26


 724      5F315F57 
 724      616B6575 
 724      7000
 725              	.LASF20:
 726 011d 436F6D70 		.ascii	"Comp_1_Stop\000"
 726      5F315F53 
 726      746F7000 
 727              	.LASF1:
 728 0129 756E7369 		.ascii	"unsigned char\000"
 728      676E6564 
 728      20636861 
 728      7200
 729              	.LASF21:
 730 0137 436F6D70 		.ascii	"Comp_1_Enable\000"
 730      5F315F45 
 730      6E61626C 
 730      6500
 731              	.LASF11:
 732 0145 63686172 		.ascii	"char\000"
 732      00
 733              	.LASF16:
 734 014a 436F6D70 		.ascii	"Comp_1_SaveConfig\000"
 734      5F315F53 
 734      61766543 
 734      6F6E6669 
 734      6700
 735              	.LASF4:
 736 015c 6C6F6E67 		.ascii	"long int\000"
 736      20696E74 
 736      00
 737              	.LASF10:
 738 0165 646F7562 		.ascii	"double\000"
 738      6C6500
 739              	.LASF23:
 740 016c 47656E65 		.ascii	"Generated_Source\\PSoC5\\Comp_1_PM.c\000"
 740      72617465 
 740      645F536F 
 740      75726365 
 740      5C50536F 
 741              	.LASF18:
 742 018f 436F6D70 		.ascii	"Comp_1_Sleep\000"
 742      5F315F53 
 742      6C656570 
 742      00
 743              	.LASF3:
 744 019c 73686F72 		.ascii	"short unsigned int\000"
 744      7420756E 
 744      7369676E 
 744      65642069 
 744      6E7400
 745              	.LASF0:
 746 01af 7369676E 		.ascii	"signed char\000"
 746      65642063 
 746      68617200 
 747              	.LASF9:
 748 01bb 666C6F61 		.ascii	"float\000"
 748      7400
ARM GAS  C:\Users\Luggi\AppData\Local\Temp\cczTh9rV.s 			page 27


 749              	.LASF2:
 750 01c1 73686F72 		.ascii	"short int\000"
 750      7420696E 
 750      7400
 751              	.LASF13:
 752 01cb 72656738 		.ascii	"reg8\000"
 752      00
 753              	.LASF14:
 754 01d0 73697A65 		.ascii	"sizetype\000"
 754      74797065 
 754      00
 755              	.LASF22:
 756 01d9 474E5520 		.ascii	"GNU C 4.9.3 20150303 (release) [ARM/embedded-4_9-br"
 756      4320342E 
 756      392E3320 
 756      32303135 
 756      30333033 
 757 020c 616E6368 		.ascii	"anch revision 221220] -mcpu=cortex-m3 -mthumb -g -O"
 757      20726576 
 757      6973696F 
 757      6E203232 
 757      31323230 
 758 023f 67202D66 		.ascii	"g -ffunction-sections -flto -ffat-lto-objects\000"
 758      66756E63 
 758      74696F6E 
 758      2D736563 
 758      74696F6E 
 759              		.comm	__gnu_lto_v1,1,1
 760              		.ident	"GCC: (GNU Tools for ARM Embedded Processors) 4.9.3 20150303 (release) [ARM/embedded-4_9-br
