ARM GAS  C:\Users\Luggi\AppData\Local\Temp\ccwCZK0H.s 			page 1


   1              		.syntax unified
   2              		.cpu cortex-m3
   3              		.fpu softvfp
   4              		.eabi_attribute 20, 1
   5              		.eabi_attribute 21, 1
   6              		.eabi_attribute 23, 3
   7              		.eabi_attribute 24, 1
   8              		.eabi_attribute 25, 1
   9              		.eabi_attribute 26, 1
  10              		.eabi_attribute 30, 1
  11              		.eabi_attribute 34, 1
  12              		.eabi_attribute 18, 4
  13              		.thumb
  14              		.file	"Comp_3_PM.c"
  15              		.text
  16              	.Ltext0:
  17              		.section	.gnu.lto_.profile.d235daf,"",%progbits
  18 0000 789C6366 		.ascii	"x\234cf```a\200\000F\006U~\000\000\315\000="
  18      60606061 
  18      80004606 
  18      557E0000 
  18      CD003D
  19              		.text
  20              		.section	.gnu.lto_.inline.d235daf,"",%progbits
  21 0000 789C6366 		.ascii	"x\234cf\300\016\302\2404\013\003\0033\023#\003\023\220"
  21      C00EC2A0 
  21      340B0303 
  21      33132303 
  21      1390
  22 0012 C9B6401E 		.ascii	"\311\266@\036D10b\21001p\011\002Ex&\370!\024q\2015\263"
  22      44313062 
  22      88303170 
  22      09024578 
  22      26F82114 
  23 002a B303C5D9 		.ascii	"\263\003\305\331>\350\241\2123\000\000\364\226\005\344"
  23      3EE8A18A 
  23      330000F4 
  23      9605E4
  24              		.text
  25              		.section	.gnu.lto_.jmpfuncs.d235daf,"",%progbits
  26 0000 789C6366 		.ascii	"x\234cf\300\016\004\2404\013\0203200A\231\014\000\002"
  26      C00E04A0 
  26      340B1033 
  26      32303041 
  26      990C0002 
  27 0014 B2001F   		.ascii	"\262\000\037"
  28              		.text
  29              		.section	.gnu.lto_.pureconst.d235daf,"",%progbits
  30 0000 789C6366 		.ascii	"x\234cf``\340d\200\000\026\006\006F\006&)\026\011\000"
  30      6060E064 
  30      80001606 
  30      06460626 
  30      29160900 
  31 0014 018D004A 		.ascii	"\001\215\000J"
  32              		.text
  33              		.section	.gnu.lto_Comp_3_SaveConfig.d235daf,"",%progbits
  34 0000 789C6366 		.ascii	"x\234cf\300\004R@\\\012\304\252@\314\310\314\300\310"
ARM GAS  C:\Users\Luggi\AppData\Local\Temp\ccwCZK0H.s 			page 2


  34      C0045240 
  34      5C0AC4AA 
  34      40CCC8CC 
  34      C0C8
  35 0012 34E11C03 		.ascii	"4\341\034\003C#\007\023##\210\301\300\310P\317\304X"
  35      43230713 
  35      232388C1 
  35      C0C850CF 
  35      C458
  36 0024 CFF892E9 		.ascii	"\317\370\222\351#\023\343\204\003\253gp\253/mhh\370"
  36      2313E384 
  36      03AB6770 
  36      AB2F6D68 
  36      68F8
  37 0036 F0E86463 		.ascii	"\360\350dc\300\001\306\237L\014\014\237\231 \3460.g"
  37      C001C69F 
  37      4C0C0C9F 
  37      9920E630 
  37      2E67
  38 0048 5467002A 		.ascii	"Tg\000*\372\330\362\367:7[\013P\221\000D\216q\005#\033"
  38      FAD8F2F7 
  38      3A375B0B 
  38      50910044 
  38      8E710523 
  39 005d 23905E2F 		.ascii	"#\220^/t\240\341\377\377\317\313\017nb\004\012?\001"
  39      74A0E1FF 
  39      FFCFCB0F 
  39      6E62040A 
  39      3F01
  40 006f 6290054F 		.ascii	"b\220\005O\231\230@4\363=FF\220B\220IO\230\030AB@\005"
  40      99984034 
  40      F33D4646 
  40      90429049 
  40      4F981841 
  41 0086 CAEEA979 		.ascii	"\312\356\251y\251E\211%\251)\361\301\371\245E\311\251"
  41      A9458925 
  41      A929F1C1 
  41      F9A545C9 
  41      A9
  42 0097 3101C1F9 		.ascii	"1\001\301\371\316\2461\316\371\271\005\361\306\361\001"
  42      CEA631CE 
  42      F9B905F1 
  42      C6F101
  43 00a6 BE7AC90C 		.ascii	"\276z\311\014\000N)6\257"
  43      004E2936 
  43      AF
  44              		.text
  45              		.section	.gnu.lto_Comp_3_RestoreConfig.d235daf,"",%progbits
  46 0000 789C6366 		.ascii	"x\234cf\300\004R@\\\012\304\252@\314\310\314\300\310"
  46      C0045240 
  46      5C0AC4AA 
  46      40CCC8CC 
  46      C0C8
  47 0012 34E11C03 		.ascii	"4\341\034\003C#\007\023##\210\301\300\310P\317\304X"
  47      43230713 
  47      232388C1 
  47      C0C850CF 
ARM GAS  C:\Users\Luggi\AppData\Local\Temp\ccwCZK0H.s 			page 3


  47      C458
  48 0024 CFF892E9 		.ascii	"\317\370\222\351#\023\343\204\003\253gp\253/mhh\370"
  48      2313E384 
  48      03AB6770 
  48      AB2F6D68 
  48      68F8
  49 0036 B0E87C63 		.ascii	"\260\350|c\300\001\306\237L\014\014\237\231 \3460.g"
  49      C001C69F 
  49      4C0C0C9F 
  49      9920E630 
  49      2E67
  50 0048 5467002A 		.ascii	"Tg\000*\372\330\362\367:7[\013P\221\000D\216q\005#\033"
  50      FAD8F2F7 
  50      3A375B0B 
  50      50910044 
  50      8E710523 
  51 005d 23905E2F 		.ascii	"#\220^/t\240\341\377\377\317{\017\376b\004\012?\001"
  51      74A0E1FF 
  51      FFCF7B0F 
  51      FE62040A 
  51      3F01
  52 006f 6290054F 		.ascii	"b\220\005O\231\230@4\363=FF\220B\220IO\230\030AB@\005"
  52      99984034 
  52      F33D4646 
  52      90429049 
  52      4F981841 
  53 0086 CAEEA979 		.ascii	"\312\356\251y\251E\211%\251)\361\301\371\245E\311\251"
  53      A9458925 
  53      A929F1C1 
  53      F9A545C9 
  53      A9
  54 0097 3101C1F9 		.ascii	"1\001\301\371\316\2461\316\371\271\005\361\306\361\001"
  54      CEA631CE 
  54      F9B905F1 
  54      C6F101
  55 00a6 BE7AC90C 		.ascii	"\276z\311\014\000K\2576\323"
  55      004BAF36 
  55      D3
  56              		.text
  57              		.section	.gnu.lto_Comp_3_Sleep.d235daf,"",%progbits
  58 0000 789C8591 		.ascii	"x\234\205\221;h\024Q\024\206\317\177\346\316d4\001\305"
  58      3B681451 
  58      1486CF7F 
  58      E6CE6434 
  58      01C5
  59 0012 2AA4D846 		.ascii	"*\244\330F$U\022P,\255R\244\022\002i,\002\213\304-u"
  59      24551250 
  59      2CAD52A4 
  59      1202692C 
  59      028BC42D 
  60 0027 2568E792 		.ascii	"%h\347\222;\331\361\211\350\246\020$\272\026\202\331"
  60      3BD9F189 
  60      E8A61024 
  60      BA1682D9 
  61 0037 E8C63C56 		.ascii	"\350\306<V\243\205)\006\233h\243\004\023\304\020V\220"
  61      A3852906 
  61      9B68A304 
ARM GAS  C:\Users\Luggi\AppData\Local\Temp\ccwCZK0H.s 			page 4


  61      13C41056 
  61      90
  62 0048 0DC44636 		.ascii	"\015\304F6.\250C\210\361\334;\361A\004\035\2309\367"
  62      2EA84388 
  62      F1DC3BF1 
  62      41041D98 
  62      39F7
  63 005a F1CDFFFF 		.ascii	"\361\315\377\377\367\\\207\376~\216\310{\214\211\016"
  63      F75C87FE 
  63      7E8EC87B 
  63      8C890E
  64 0069 488547E0 		.ascii	"H\205G\340\302+\242\300gv\346R\244w\253\305.\322-\016"
  64      C22BA2C0 
  64      6776E652 
  64      A477ABC5 
  64      2ED22D0E 
  65 007d DC6459FD 		.ascii	"\334dY\375\034\270\200\031\020h\210\035\345b\010\037"
  65      1CB88019 
  65      1068881D 
  65      E562081F 
  66 008d 799D5188 		.ascii	"y\235Q\210\3127\233\333\357i\255\353wg[\317\267\306"
  66      CA379BDB 
  66      EF69ADEB 
  66      77675BCF 
  66      B7C6
  67 009f A2DCE0C4 		.ascii	"\242\334\340\304\011%\264\2230\353\341\346\333f/\024"
  67      0925B493 
  67      30EBE1E6 
  67      DB662F14 
  68 00af 666FB287 		.ascii	"fo\262\207qx\220:\265/\322[[\215\245\221\027\007\341"
  68      7178903A 
  68      B52FD25B 
  68      5B8DA591 
  68      1707E1
  69 00c2 33C50C65 		.ascii	"3\305\014e>D5\241\214\333*\263\251\3162\236\177\271"
  69      3E4435A1 
  69      8CDB2AB3 
  69      A9CE329E 
  69      7FB9
  70 00d4 F269F49C 		.ascii	"\362i\364\234\371\361++\321\334\270\\\375\240\3268f"
  70      F9F12B2B 
  70      D1DCB85C 
  70      FDA0D638 
  70      66
  71 00e5 2E5D0CB4 		.ascii	".]\014\26426\357k\257\027|\273DfZxY\032n)\342V\020\""
  71      3236EF6B 
  71      AF177CBB 
  71      44665A78 
  71      591A6E29 
  72 00fd 6607F7D1 		.ascii	"f\007\367\321\206\007h\023\3632\212\240e\344\277]\250"
  72      86076813 
  72      F3328AA0 
  72      65E4BF5D 
  72      A8
  73 010e B9892027 		.ascii	"\271\211 '\232\363\305\265\212\325\004\010\023\302."
  73      9AF3C5B5 
  73      8AD50408 
ARM GAS  C:\Users\Luggi\AppData\Local\Temp\ccwCZK0H.s 			page 5


  73      13C22E
  74 011d 217C974F 		.ascii	"!|\227Om3\002\004c\317\2566Y@d\036\03212\031\035\232"
  74      6D330204 
  74      63CFAE36 
  74      5940641E 
  74      1A313219 
  75 0133 4B49C4E1 		.ascii	"KI\304\341\372\364\312\314.C\013z\347\315\265I\316m"
  75      FAF4CACC 
  75      2E430B7A 
  75      E7CDB549 
  75      CE6D
  76 0145 E84BDA8F 		.ascii	"\350K\332\217Ym\232S\377\031Q\331\351x\020\336\206\211"
  76      596D9A53 
  76      FF1951D9 
  76      E97810DE 
  76      8689
  77 0157 A80DE562 		.ascii	"\250\015\345b\0229L\031Y\331\373>q\275\342u\224\245"
  77      12394C19 
  77      59D9FB3E 
  77      71BDE275 
  77      94A5
  78 0169 695167CC 		.ascii	"iQg\314\036\246\005\374l\033\213\031t\010\2600:\226"
  78      1EA605FC 
  78      6C1B8B19 
  78      7408B030 
  78      3A96
  79 017b DF63B4A4 		.ascii	"\337c\264\244\225\250\3300\253\242\273\330e\243\324"
  79      95A8D830 
  79      ABA2BBD8 
  79      65A3D4
  80 018a ABFF89B2 		.ascii	"\253\377\211\262\323\373\321?\274\037\377\366\236\265"
  80      D3FBD13F 
  80      BC1FFFF6 
  80      9EB5
  81 0198 DEBFCEE1 		.ascii	"\336\277\316\341\311\322\223mo\327^\325\012\362\321"
  81      C9D2936D 
  81      6FD75ED5 
  81      0AF2D1
  82 01a7 C83C1B6F 		.ascii	"\310<\033o\332i\336\324\260\235{\212\234\\\263OU\004"
  82      DA69DED4 
  82      B09D7B8A 
  82      9C5CB34F 
  82      5504
  83 01b9 D18D1E4B 		.ascii	"\321\215\036K\222\271s\030\001\261\331\337\2239\225"
  83      92B97318 
  83      01B1D9DF 
  83      933995
  84 01c8 193C7E26 		.ascii	"\031<~&s\"\335\227=;8\220\351\357\355\313v\037\356\357"
  84      7322DD97 
  84      3D3B3890 
  84      E9EFEDCB 
  84      761FEEEF 
  85 01dc CE9E3C9D 		.ascii	"\316\236<\235>\224\356=\3329@?\000\333D\344\374"
  85      3E94EE3D 
  85      DA39403F 
  85      00DB44E4 
  85      FC
ARM GAS  C:\Users\Luggi\AppData\Local\Temp\ccwCZK0H.s 			page 6


  86              		.text
  87              		.section	.gnu.lto_Comp_3_Wakeup.d235daf,"",%progbits
  88 0000 789C654F 		.ascii	"x\234eO1HBQ\024\275\347\276\257H\012FS44\024\341\020"
  88      31484251 
  88      14BDE7BE 
  88      AF480A46 
  88      53343414 
  89 0016 B6486B8B 		.ascii	"\266Hk\213CP\004\202\253 a\216eH\215\3423\015\232\312"
  89      43500482 
  89      AB20618E 
  89      65488DE2 
  89      330D9ACA 
  90 002a 6809CAB6 		.ascii	"h\011\312\266\310\322\014\014\332\002'\205\206B\"\212"
  90      C8D20C0C 
  90      DA022785 
  90      8642228A 
  91 003a 885A0C6C 		.ascii	"\210Z\014lK\035B\312\354\275\357\020\324\203\307}\357"
  91      4B1D42CA 
  91      ECBDEF10 
  91      D483C77D 
  91      EF
  92 004b DC73CEBD 		.ascii	"\334s\316\275G\320\377\343Qw\026Dc\252\302B\340\364"
  92      47D0FFE3 
  92      51771644 
  92      63AAC242 
  92      E0F4
  93 005d 3551C2C6 		.ascii	"5Q\302\306,\312N\222}\306\325\024I\207\200\321\203\015"
  93      2CCA4E92 
  93      7DC6D514 
  93      498780D1 
  93      830D
  94 006f 403F0814 		.ascii	"@?\010\024ga \2167n0\322\245\334\256\335u(\245|o^\016"
  94      6761208E 
  94      376E30D2 
  94      A5DCAEDD 
  94      7528A57C 
  95 0086 AE0FB699 		.ascii	"\256\017\266\231\250\305=\177\034\301E\212\323Hu\356"
  95      A8C53D7F 
  95      1CC1458A 
  95      D34875EE 
  96 0096 EDD694E2 		.ascii	"\355\326\224\342\364\367z\310\302\252\346\322\331@I"
  96      F4F77AC8 
  96      C2AAE6D2 
  96      D94049
  97 00a5 76BBE75F 		.ascii	"v\273\347_\333\331\021\266\010j\263\002k\212\240\347"
  97      DBD911B6 
  97      086AB302 
  97      6B8AA0E7 
  98 00b5 BC32EB2A 		.ascii	"\2742\353*\036\261v\321\350T-Z\363\301B\331\035\334"
  98      1EB176D1 
  98      E8542D5A 
  98      F3C142D9 
  98      1DDC
  99 00c7 6E1638F6 		.ascii	"n\0268\366)7\244\255\315\334\321\206\012}\251\335Tm"
  99      2937A4AD 
  99      CDDCD186 
  99      0A7DA9DD 
ARM GAS  C:\Users\Luggi\AppData\Local\Temp\ccwCZK0H.s 			page 7


  99      546D
 100 00d9 755688F9 		.ascii	"uV\210\371\315&R\373\310`/!5K\340\0301\234`\310\354"
 100      CD2652FB 
 100      C8602F21 
 100      354BE018 
 100      319C60C8 
 101 00ee 7DE7B78A 		.ascii	"}\347\267\212V\367x\233\015\344\024\247i\256\213<\334"
 101      56F7789B 
 101      0DE414A7 
 101      69AE8B3C 
 101      DC
 102 00ff 7487D443 		.ascii	"t\207\324Cr\370wT%S/\032\332\024 \234j9\351\315\004"
 102      72F87754 
 102      25532F1A 
 102      DA14209C 
 102      6A39E9CD 
 103 0114 959DE209 		.ascii	"\225\235\342\011\311R\247\342\320d\372\273\225\245\245"
 103      C952A7E2 
 103      D064FABB 
 103      95A5A5
 104 0123 A3A08098 		.ascii	"\243\240\200\230\012e55\206\231\346\031\211\322\316"
 104      0A653535 
 104      8699E619 
 104      89D2CE
 105 0132 8CA9219D 		.ascii	"\214\251!\235\025\032U\363G\247\303K\341\350\374Jx!"
 105      151A55F3 
 105      47A7C34B 
 105      E1E8FC4A 
 105      7821
 106 0144 E88FAC46 		.ascii	"\350\217\254FC\341\200\317\037\361N\006\274\221\305"
 106      43E180CF 
 106      1FF14E06 
 106      BC91C5
 107 0153 E5A027E8 		.ascii	"\345\240'\350\233\233\010\321\0177\006\203/"
 107      9B9B08D1 
 107      0F370683 
 107      2F
 108              		.text
 109              		.section	.gnu.lto_.symbol_nodes.d235daf,"",%progbits
 110 0000 789C55C8 		.ascii	"x\234U\310\261\015\2000\014\005\321\213\035G\014\301"
 110      B10D8030 
 110      0C05D18B 
 110      1D470CC1 
 111 0010 9CB43F23 		.ascii	"\234\264?#PQg\020Jjv@b\016\004\022\024\341\272w\016"
 111      50516710 
 111      4A6A7640 
 111      620E0412 
 111      14E1BA77 
 112 0025 4C7C5912 		.ascii	"L|Y\022\314;H,m\300L\351g\227\365\016h&\267,\357w\012"
 112      CC3B482C 
 112      6DC04CE9 
 112      6797F50E 
 112      6826B72C 
 113 003c E5D7D4FA 		.ascii	"\345\327\324\372\260(:\272\005\333q%\317\205s\035\271"
 113      B0283ABA 
 113      05DB7125 
 113      CF85731D 
ARM GAS  C:\Users\Luggi\AppData\Local\Temp\ccwCZK0H.s 			page 8


 113      B9
 114 004d 01DAB81D 		.ascii	"\001\332\270\035t"
 114      74
 115              		.text
 116              		.section	.gnu.lto_.refs.d235daf,"",%progbits
 117 0000 789C6366 		.ascii	"x\234cf``\340c\200\000&&Ff\026FfVF\026\006fF\006\000"
 117      6060E063 
 117      80002626 
 117      46661646 
 117      66564616 
 118 0019 02900030 		.ascii	"\002\220\0000"
 119              		.text
 120              		.section	.gnu.lto_.decls.d235daf,"",%progbits
 121 0000 789C8D94 		.ascii	"x\234\215\224\177hSW\024\307\357y7\255i~\250\243RG\377"
 121      7F685357 
 121      14C7EF79 
 121      37AD697E 
 121      A8A35247 
 122 0015 5966A138 		.ascii	"Yf\2418)\"\023\301\377\024\212(\214IY6\366\307\204\022"
 122      292213C1 
 122      FF148A28 
 122      8C495936 
 122      F6C78412 
 123 0029 E3D389DA 		.ascii	"\343\323\211\332\204\230\010\376w\333\010-\265+Q7ZE"
 123      849808FE 
 123      77DB082D 
 123      B52B5137 
 123      5A45
 124 003b 464A8BCE 		.ascii	"FJ\213\316\264Mkl\2355\332\264\266\265?\202?\330bG\347"
 124      B44D6B6C 
 124      9D35DAB4 
 124      B6B53F82 
 124      3FD86247 
 125 0050 0FB20EC6 		.ascii	"\017\262\016\306\020\264\317j\005\227\261\347\271\367"
 125      10B4CF6A 
 125      0597B1E7 
 125      B9F7
 126 005e BD67D2AE 		.ascii	"\275g\322\256U/\234\227{\337=\337\3179\347\236\233G"
 126      552F9C97 
 126      7BDF3DDF 
 126      CF39E79E 
 126      9B47
 127 0070 09211B80 		.ascii	"\011!\033\200\020\025\307\220\211\020\023\316\363\360"
 127      1015C790 
 127      891013CE 
 127      F3F0
 128 007e 5D05C98E 		.ascii	"]\005\311\216|\264\016\264(Z7Z\014\255\007\3552\032"
 128      7CB40EB4 
 128      285A375A 
 128      0CAD07ED 
 128      321A
 129 0090 BA936132 		.ascii	"\272\223a2\177t\350\357\015\006\350\357\026\216\350"
 129      7F74E8EF 
 129      0D06E8EF 
 129      168EE8
 130 009f 227ED145 		.ascii	"\"~\321E\374x\314\002\335\257\010m\034m\024m\002m\020"
 130      FC78CC02 
ARM GAS  C:\Users\Luggi\AppData\Local\Temp\ccwCZK0H.s 			page 9


 130      DDAF086D 
 130      1C6D146D 
 130      026D10
 131 00b2 2D8E9644 		.ascii	"-\216\226D\273\2403\372\321$]\327\263D\216\274\206e"
 131      BBA033FA 
 131      D1245DD7 
 131      B3448EBC 
 131      8665
 132 00c4 39CC77B1 		.ascii	"9\314w\261bo\251\367\231\004}\321\027\267\254\177K\260"
 132      626FA9F7 
 132      99047DD1 
 132      17B7AC7F 
 132      4BB0
 133 00d6 DCE2E0CB 		.ascii	"\334\342\340\313\253'\307\232\363qi\263\230\3702\236"
 133      AB27C79A 
 133      F37169B3 
 133      98F8329E 
 134 00e6 994E9956 		.ascii	"\231N\231V\377\300p\204\202l\245\011*\212\340<\024\303"
 134      FFC07084 
 134      826CA509 
 134      2A8AE03C 
 134      14C3
 135 00f8 4F508CC4 		.ascii	"OP\214\304\013\260\032\237\337\2304R\347w\327\334T\002"
 135      0BB01A9F 
 135      DF983452 
 135      E777D7DC 
 135      5402
 136 010a 3E6D6DFE 		.ascii	">mm\376#e)\213\240\252\216\015\244\245l\264sO\332U\253"
 136      2365298B 
 136      A0AA8E0D 
 136      A4A56CB4 
 136      734FDA55 
 137 011f E347A674 		.ascii	"\343G\246t+\361\263S66\306\006Tu\213 A\004(\264C\231"
 137      2BF1B353 
 137      3636C606 
 137      54758B20 
 137      410428B4 
 138 0135 384F9C6B 		.ascii	"8O\234k\007\333\001\016\224\265\315>\214\231\351\026"
 138      07DB010E 
 138      94B5CD3E 
 138      8C99E916 
 139 0145 C16E6849 		.ascii	"\301nhI\314-\027\210\360?1\266\365\030\373WU\251\000"
 139      CC2D1788 
 139      F03F31B6 
 139      F518FB57 
 139      55A900
 140 0158 74E6003A 		.ascii	"t\346\000:\015@T\000\252\247\373B\224~)\000\247'\206"
 140      0D405400 
 140      AAA7FB42 
 140      947E2900 
 140      A72786
 141 016b 33050808 		.ascii	"3\005\010\010w\207#\255\371Z\006B\337\225\243\3572\364"
 141      778723AD 
 141      F95A0642 
 141      DF95A3EF 
 141      32F4
 142 017d DD423F33 		.ascii	"\335B?3>\363\330L]B?\373\264~\316\242\351g\346\351/"
ARM GAS  C:\Users\Luggi\AppData\Local\Temp\ccwCZK0H.s 			page 10


 142      3EF3D84C 
 142      5D423FFB 
 142      B47ECEA2 
 142      E967E6E9 
 143 0192 E6E82F1A 		.ascii	"\346\350/\032\372\230\320\367\374\327\336\"Q\217\320"
 143      FA98D0F7 
 143      FCD7DE22 
 143      518FD0
 144 01a1 27EF45C7 		.ascii	"'\357E\307x\001i\246d\202\323;N\004Cm,\255\252\037i"
 144      780169A6 
 144      6482D33B 
 144      4E04436D 
 144      2CADAA1F 
 145 01b6 A7702907 		.ascii	"\247p)\007r\311\200\364\010\310`\362\267;@\317\202\240"
 145      72C980F4 
 145      08C860F2 
 145      B73B40CF 
 145      82A0
 146 01c8 74CC8536 		.ascii	"t\314\2056\012H\272qH\276\241\235\202F\350\315!\364"
 146      0A48BA71 
 146      48BEA19D 
 146      8246E8CD 
 146      21F4
 147 01da 1A84CB82 		.ascii	"\032\204\313\202\320t>\225\261\323\210F\230L\324\326"
 147      D0743E95 
 147      B1D38846 
 147      984CD4D6 
 148 01ea 9A69BFB6 		.ascii	"\232i\277\266\250>\027oX\206}/\262\210>5&\317\014R\261"
 148      A83E176F 
 148      58867D2F 
 148      B2883E35 
 148      26CF0C52 
 149 01ff 54F9B634 		.ascii	"T\371\26645\365\375+\012\226\322:\306j\230r\222\321"
 149      35F5FD2B 
 149      0A96D23A 
 149      C66A9872 
 149      92D1
 150 0211 0F099415 		.ascii	"\017\011\224\025\303'\305\004\256A)\272\211\210\320"
 150      C327C504 
 150      AE4129BA 
 150      8988D0
 151 0220 8757E32A 		.ascii	"\207W\343*^\2156\354\274\3220\032\371,\310\266B\034"
 151      5E8D36EC 
 151      BCD2301A 
 151      F92CC8B6 
 151      421C
 152 0232 2C70E54D 		.ascii	",p\345MN\"\202~\033\022\321_\233\315\364/\221\001m|"
 152      4E22827E 
 152      1B12D15F 
 152      9BCDF42F 
 152      91016D7C 
 153 0246 5E3DB202 		.ascii	"^=\262\002\326\024\226\2061\206\222\371s\322\336\304"
 153      D6149686 
 153      318692F9 
 153      73D2DEC4 
 154 0256 D20320E4 		.ascii	"\322\003 \344\327Q\236\200B#\344Z~\371\326\341\203\234"
 154      D7519E80 
ARM GAS  C:\Users\Luggi\AppData\Local\Temp\ccwCZK0H.s 			page 11


 154      4223E45A 
 154      7EF9D6E1 
 154      839C
 155 0268 E03753A9 		.ascii	"\3407S\251\301(F>D8b,\030\300\304\372a\215\010\306\023"
 155      C128463E 
 155      4438622C 
 155      18C0C4FA 
 155      618D08C6 
 156 027d 4A4F7D6A 		.ascii	"JO}j\346\233\3048\035#\017\351\227\340\243\020\205\302"
 156      E69BC438 
 156      1D230FE9 
 156      97E0A310 
 156      85C2
 157 028f D2FFD3E0 		.ascii	"\322\377\323\340\006B\226\004>4\001\014\342\346\317"
 157      06429604 
 157      3E34010C 
 157      E2E6CF
 158 029e D9EA38DF 		.ascii	"\331\3528\337(\357U\353\251\221<:\253\035\360\275\271"
 158      28EF55EB 
 158      A9913C3A 
 158      AB1DF0BD 
 158      B9
 159 02af CC035B49 		.ascii	"\314\003[I\013ca%\376\273\002M,\\\303\030\2779\2020"
 159      0B636125 
 159      FEBB024D 
 159      2C5CC318 
 159      BF398230 
 160 02c3 A411DED4 		.ascii	"\244\021\336\3240\244\365\015\206\241\004\265\254\351"
 160      30A4F50D 
 160      86A104B5 
 160      ACE9
 161 02d1 789B9932 		.ascii	"x\233\2312\355\277\325\373\262\276\317n\301F\004\337"
 161      EDBFD5FB 
 161      B2BECF6E 
 161      C14604DF 
 162 02e1 A311585C 		.ascii	"\243\021X\\\352v\375d\201\326\272\205\212\261%[W\233"
 162      EA76FD64 
 162      81D6BA85 
 162      8AB1255B 
 162      579B
 163 02f3 B08D3366 		.ascii	"\260\2153f\206Q<\374\221lu7!\333\274T\262\346>\265\325"
 163      86513CFC 
 163      916C7537 
 163      21DBBC54 
 163      B2E63EB5 
 164 0308 F30B819F 		.ascii	"\363\013\201\237\206\202\035\3027\373m\030\007\233\250"
 164      86821DC2 
 164      37FB6D18 
 164      079BA8
 165 0317 007F79D2 		.ascii	"\000\177y\322#\217\352\244\\g^t\326yBw\236\020\316]"
 165      238FEAA4 
 165      5C675E74 
 165      D6794277 
 165      9E10CE5D 
 166 032b 2FEF46AC 		.ascii	"/\357F\254\271\316\374Vg\235\223`3\362\301)\371\240"
 166      B9CEFC56 
 166      679D9360 
ARM GAS  C:\Users\Luggi\AppData\Local\Temp\ccwCZK0H.s 			page 12


 166      33F2C129 
 166      F9A0
 167 033d DC73C85B 		.ascii	"\334s\310[\271\261\322\351:\"\227{\252\366\356\337\227"
 167      B9B1D2E9 
 167      3A22977B 
 167      AAF6EEDF 
 167      97
 168 034e BF7DE757 		.ascii	"\277}\347W\216rR\262]\256\222}.\277\274\247\322\351"
 168      8E7252B2 
 168      5DAE927D 
 168      2EBFBCA7 
 168      D2E9
 169 0360 09F8DCF2 		.ascii	"\011\370\334\362\256\012\247\247|\323.\335\277\342\363"
 169      AE0AA7A7 
 169      7CD32EDD 
 169      BFE2F3
 170 036f F56EB24A 		.ascii	"\365n\262J_|!\037\366{|\272\336f\020\017\312\262\327"
 170      5F7C211F 
 170      F67B7CBA 
 170      DE66100F 
 170      CAB2D7
 171 0382 AE2FBE76 		.ascii	"\256/\276v\035\220\003^\253\261\345\367x\035o\345\257"
 171      1D90035E 
 171      ABB1E5F7 
 171      781D6FE5 
 171      AF
 172 0393 FF9618D2 		.ascii	"\377\226\030\322mU\256\335\007\345B}\265\333\345>\020"
 172      6D55AEDD 
 172      07E5427D 
 172      B5DBE53E 
 172      10
 173 03a4 F03AFDBE 		.ascii	"\360:\375\276\200\333\237\027\330_\345\337\374\361\022"
 173      80DB9F17 
 173      D85FE5DF 
 173      FCF112
 174 03b3 20F751FF 		.ascii	" \367Q\377Q\257|\030IVY \234~t\262\317\343\230|\362"
 174      51AF7C18 
 174      49565920 
 174      9C7E74B2 
 174      CFE3987C 
 175 03c8 BECDAF01 		.ascii	"\276\315\257\001#\330\346\315"
 175      23D8E6CD 
 176              		.text
 177              		.section	.gnu.lto_.symtab.d235daf,"",%progbits
 178 0000 436F6D70 		.ascii	"Comp_3_SaveConfig\000\000\000\000\000\000\000\000\000"
 178      5F335F53 
 178      61766543 
 178      6F6E6669 
 178      67000000 
 179 001a 000000AC 		.ascii	"\000\000\000\254\000\000\000Comp_3_RestoreConfig\000"
 179      00000043 
 179      6F6D705F 
 179      335F5265 
 179      73746F72 
 180 0036 00000000 		.ascii	"\000\000\000\000\000\000\000\000\000\000\000\256\000"
 180      00000000 
 180      000000AE 
ARM GAS  C:\Users\Luggi\AppData\Local\Temp\ccwCZK0H.s 			page 13


 180      00
 181 0043 0000436F 		.ascii	"\000\000Comp_3_Sleep\000\000\000\000\000\000\000\000"
 181      6D705F33 
 181      5F536C65 
 181      65700000 
 181      00000000 
 182 0059 00000000 		.ascii	"\000\000\000\000\260\000\000\000Comp_3_Wakeup\000\000"
 182      B0000000 
 182      436F6D70 
 182      5F335F57 
 182      616B6575 
 183 0070 00000000 		.ascii	"\000\000\000\000\000\000\000\000\000\000\262\000\000"
 183      00000000 
 183      0000B200 
 183      00
 184 007d 00436F6D 		.ascii	"\000Comp_3_Stop\000\000\002\000\000\000\000\000\000"
 184      705F335F 
 184      53746F70 
 184      00000200 
 184      00000000 
 185 0092 000000B4 		.ascii	"\000\000\000\264\000\000\000Comp_3_Enable\000\000\002"
 185      00000043 
 185      6F6D705F 
 185      335F456E 
 185      61626C65 
 186 00a9 00000000 		.ascii	"\000\000\000\000\000\000\000\000\000\266\000\000\000"
 186      00000000 
 186      00B60000 
 186      00
 187              		.text
 188              		.section	.gnu.lto_.opts,"",%progbits
 189 0000 272D666E 		.ascii	"'-fno-trapv' '-fno-strict-overflow' '-mcpu=cortex-m"
 189      6F2D7472 
 189      61707627 
 189      20272D66 
 189      6E6F2D73 
 190 0033 33272027 		.ascii	"3' '-mthumb' '-g' '-Og' '-ffunction-sections' '-flt"
 190      2D6D7468 
 190      756D6227 
 190      20272D67 
 190      2720272D 
 191 0066 6F272027 		.ascii	"o' '-ffat-lto-objects'\000"
 191      2D666661 
 191      742D6C74 
 191      6F2D6F62 
 191      6A656374 
 192              		.text
 193              		.cfi_sections	.debug_frame
 194              		.section	.text.Comp_3_SaveConfig,"ax",%progbits
 195              		.align	2
 196              		.global	Comp_3_SaveConfig
 197              		.thumb
 198              		.thumb_func
 199              		.type	Comp_3_SaveConfig, %function
 200              	Comp_3_SaveConfig:
 201              	.LFB0:
 202              		.file 1 "Generated_Source\\PSoC5\\Comp_3_PM.c"
ARM GAS  C:\Users\Luggi\AppData\Local\Temp\ccwCZK0H.s 			page 14


   1:Generated_Source\PSoC5/Comp_3_PM.c **** /*******************************************************************************
   2:Generated_Source\PSoC5/Comp_3_PM.c **** * File Name: Comp_3.c
   3:Generated_Source\PSoC5/Comp_3_PM.c **** * Version 2.0
   4:Generated_Source\PSoC5/Comp_3_PM.c **** *
   5:Generated_Source\PSoC5/Comp_3_PM.c **** * Description:
   6:Generated_Source\PSoC5/Comp_3_PM.c **** *  This file provides the power management source code APIs for the
   7:Generated_Source\PSoC5/Comp_3_PM.c **** *  Comparator.
   8:Generated_Source\PSoC5/Comp_3_PM.c **** *
   9:Generated_Source\PSoC5/Comp_3_PM.c **** * Note:
  10:Generated_Source\PSoC5/Comp_3_PM.c **** *  None
  11:Generated_Source\PSoC5/Comp_3_PM.c **** *
  12:Generated_Source\PSoC5/Comp_3_PM.c **** ********************************************************************************
  13:Generated_Source\PSoC5/Comp_3_PM.c **** * Copyright 2008-2012, Cypress Semiconductor Corporation.  All rights reserved.
  14:Generated_Source\PSoC5/Comp_3_PM.c **** * You may use this file only in accordance with the license, terms, conditions, 
  15:Generated_Source\PSoC5/Comp_3_PM.c **** * disclaimers, and limitations in the end user license agreement accompanying 
  16:Generated_Source\PSoC5/Comp_3_PM.c **** * the software package with which this file was provided.
  17:Generated_Source\PSoC5/Comp_3_PM.c **** *******************************************************************************/
  18:Generated_Source\PSoC5/Comp_3_PM.c **** 
  19:Generated_Source\PSoC5/Comp_3_PM.c **** #include "Comp_3.h"
  20:Generated_Source\PSoC5/Comp_3_PM.c **** 
  21:Generated_Source\PSoC5/Comp_3_PM.c **** static Comp_3_backupStruct Comp_3_backup;
  22:Generated_Source\PSoC5/Comp_3_PM.c **** 
  23:Generated_Source\PSoC5/Comp_3_PM.c **** 
  24:Generated_Source\PSoC5/Comp_3_PM.c **** /*******************************************************************************
  25:Generated_Source\PSoC5/Comp_3_PM.c **** * Function Name: Comp_3_SaveConfig
  26:Generated_Source\PSoC5/Comp_3_PM.c **** ********************************************************************************
  27:Generated_Source\PSoC5/Comp_3_PM.c **** *
  28:Generated_Source\PSoC5/Comp_3_PM.c **** * Summary:
  29:Generated_Source\PSoC5/Comp_3_PM.c **** *  Save the current user configuration
  30:Generated_Source\PSoC5/Comp_3_PM.c **** *
  31:Generated_Source\PSoC5/Comp_3_PM.c **** * Parameters:
  32:Generated_Source\PSoC5/Comp_3_PM.c **** *  void:
  33:Generated_Source\PSoC5/Comp_3_PM.c **** *
  34:Generated_Source\PSoC5/Comp_3_PM.c **** * Return:
  35:Generated_Source\PSoC5/Comp_3_PM.c **** *  void
  36:Generated_Source\PSoC5/Comp_3_PM.c **** *
  37:Generated_Source\PSoC5/Comp_3_PM.c **** *******************************************************************************/
  38:Generated_Source\PSoC5/Comp_3_PM.c **** void Comp_3_SaveConfig(void) 
  39:Generated_Source\PSoC5/Comp_3_PM.c **** {
 203              		.loc 1 39 0
 204              		.cfi_startproc
 205              		@ args = 0, pretend = 0, frame = 0
 206              		@ frame_needed = 0, uses_anonymous_args = 0
 207              		@ link register save eliminated.
 208 0000 7047     		bx	lr
 209              		.cfi_endproc
 210              	.LFE0:
 211              		.size	Comp_3_SaveConfig, .-Comp_3_SaveConfig
 212 0002 00BF     		.section	.text.Comp_3_RestoreConfig,"ax",%progbits
 213              		.align	2
 214              		.global	Comp_3_RestoreConfig
 215              		.thumb
 216              		.thumb_func
 217              		.type	Comp_3_RestoreConfig, %function
 218              	Comp_3_RestoreConfig:
 219              	.LFB1:
  40:Generated_Source\PSoC5/Comp_3_PM.c ****     /* Empty since all are system reset for retention flops */
ARM GAS  C:\Users\Luggi\AppData\Local\Temp\ccwCZK0H.s 			page 15


  41:Generated_Source\PSoC5/Comp_3_PM.c **** }
  42:Generated_Source\PSoC5/Comp_3_PM.c **** 
  43:Generated_Source\PSoC5/Comp_3_PM.c **** 
  44:Generated_Source\PSoC5/Comp_3_PM.c **** /*******************************************************************************
  45:Generated_Source\PSoC5/Comp_3_PM.c **** * Function Name: Comp_3_RestoreConfig
  46:Generated_Source\PSoC5/Comp_3_PM.c **** ********************************************************************************
  47:Generated_Source\PSoC5/Comp_3_PM.c **** *
  48:Generated_Source\PSoC5/Comp_3_PM.c **** * Summary:
  49:Generated_Source\PSoC5/Comp_3_PM.c **** *  Restores the current user configuration.
  50:Generated_Source\PSoC5/Comp_3_PM.c **** *
  51:Generated_Source\PSoC5/Comp_3_PM.c **** * Parameters:
  52:Generated_Source\PSoC5/Comp_3_PM.c **** *  void
  53:Generated_Source\PSoC5/Comp_3_PM.c **** *
  54:Generated_Source\PSoC5/Comp_3_PM.c **** * Return:
  55:Generated_Source\PSoC5/Comp_3_PM.c **** *  void
  56:Generated_Source\PSoC5/Comp_3_PM.c **** *
  57:Generated_Source\PSoC5/Comp_3_PM.c **** ********************************************************************************/
  58:Generated_Source\PSoC5/Comp_3_PM.c **** void Comp_3_RestoreConfig(void) 
  59:Generated_Source\PSoC5/Comp_3_PM.c **** {
 220              		.loc 1 59 0
 221              		.cfi_startproc
 222              		@ args = 0, pretend = 0, frame = 0
 223              		@ frame_needed = 0, uses_anonymous_args = 0
 224              		@ link register save eliminated.
 225 0000 7047     		bx	lr
 226              		.cfi_endproc
 227              	.LFE1:
 228              		.size	Comp_3_RestoreConfig, .-Comp_3_RestoreConfig
 229 0002 00BF     		.section	.text.Comp_3_Sleep,"ax",%progbits
 230              		.align	2
 231              		.global	Comp_3_Sleep
 232              		.thumb
 233              		.thumb_func
 234              		.type	Comp_3_Sleep, %function
 235              	Comp_3_Sleep:
 236              	.LFB2:
  60:Generated_Source\PSoC5/Comp_3_PM.c ****     /* Empty since all are system reset for retention flops */    
  61:Generated_Source\PSoC5/Comp_3_PM.c **** }
  62:Generated_Source\PSoC5/Comp_3_PM.c **** 
  63:Generated_Source\PSoC5/Comp_3_PM.c **** 
  64:Generated_Source\PSoC5/Comp_3_PM.c **** /*******************************************************************************
  65:Generated_Source\PSoC5/Comp_3_PM.c **** * Function Name: Comp_3_Sleep
  66:Generated_Source\PSoC5/Comp_3_PM.c **** ********************************************************************************
  67:Generated_Source\PSoC5/Comp_3_PM.c **** *
  68:Generated_Source\PSoC5/Comp_3_PM.c **** * Summary:
  69:Generated_Source\PSoC5/Comp_3_PM.c **** *  Stop and Save the user configuration
  70:Generated_Source\PSoC5/Comp_3_PM.c **** *
  71:Generated_Source\PSoC5/Comp_3_PM.c **** * Parameters:
  72:Generated_Source\PSoC5/Comp_3_PM.c **** *  void:
  73:Generated_Source\PSoC5/Comp_3_PM.c **** *
  74:Generated_Source\PSoC5/Comp_3_PM.c **** * Return:
  75:Generated_Source\PSoC5/Comp_3_PM.c **** *  void
  76:Generated_Source\PSoC5/Comp_3_PM.c **** *
  77:Generated_Source\PSoC5/Comp_3_PM.c **** * Global variables:
  78:Generated_Source\PSoC5/Comp_3_PM.c **** *  Comp_3_backup.enableState:  Is modified depending on the enable 
  79:Generated_Source\PSoC5/Comp_3_PM.c **** *   state of the block before entering sleep mode.
  80:Generated_Source\PSoC5/Comp_3_PM.c **** *
ARM GAS  C:\Users\Luggi\AppData\Local\Temp\ccwCZK0H.s 			page 16


  81:Generated_Source\PSoC5/Comp_3_PM.c **** *******************************************************************************/
  82:Generated_Source\PSoC5/Comp_3_PM.c **** void Comp_3_Sleep(void) 
  83:Generated_Source\PSoC5/Comp_3_PM.c **** {
 237              		.loc 1 83 0
 238              		.cfi_startproc
 239              		@ args = 0, pretend = 0, frame = 0
 240              		@ frame_needed = 0, uses_anonymous_args = 0
 241              		.loc 1 83 0
 242 0000 08B5     		push	{r3, lr}
 243              		.cfi_def_cfa_offset 8
 244              		.cfi_offset 3, -8
 245              		.cfi_offset 14, -4
  84:Generated_Source\PSoC5/Comp_3_PM.c ****     /* Save Comp's enable state */    
  85:Generated_Source\PSoC5/Comp_3_PM.c ****     if(Comp_3_ACT_PWR_EN == (Comp_3_PWRMGR & Comp_3_ACT_PWR_EN))
 246              		.loc 1 85 0
 247 0002 074B     		ldr	r3, .L7
 248 0004 1B78     		ldrb	r3, [r3]	@ zero_extendqisi2
 249 0006 13F0010F 		tst	r3, #1
 250 000a 03D0     		beq	.L4
  86:Generated_Source\PSoC5/Comp_3_PM.c ****     {
  87:Generated_Source\PSoC5/Comp_3_PM.c ****         /* Comp is enabled */
  88:Generated_Source\PSoC5/Comp_3_PM.c ****         Comp_3_backup.enableState = 1u;
 251              		.loc 1 88 0
 252 000c 0122     		movs	r2, #1
 253 000e 054B     		ldr	r3, .L7+4
 254 0010 1A70     		strb	r2, [r3]
 255 0012 02E0     		b	.L5
 256              	.L4:
  89:Generated_Source\PSoC5/Comp_3_PM.c ****     }
  90:Generated_Source\PSoC5/Comp_3_PM.c ****     else
  91:Generated_Source\PSoC5/Comp_3_PM.c ****     {
  92:Generated_Source\PSoC5/Comp_3_PM.c ****         /* Comp is disabled */
  93:Generated_Source\PSoC5/Comp_3_PM.c ****         Comp_3_backup.enableState = 0u;
 257              		.loc 1 93 0
 258 0014 0022     		movs	r2, #0
 259 0016 034B     		ldr	r3, .L7+4
 260 0018 1A70     		strb	r2, [r3]
 261              	.L5:
  94:Generated_Source\PSoC5/Comp_3_PM.c ****     }    
  95:Generated_Source\PSoC5/Comp_3_PM.c ****     
  96:Generated_Source\PSoC5/Comp_3_PM.c ****     Comp_3_Stop();
 262              		.loc 1 96 0
 263 001a FFF7FEFF 		bl	Comp_3_Stop
 264              	.LVL0:
 265 001e 08BD     		pop	{r3, pc}
 266              	.L8:
 267              		.align	2
 268              	.L7:
 269 0020 A7430040 		.word	1073759143
 270 0024 00000000 		.word	.LANCHOR0
 271              		.cfi_endproc
 272              	.LFE2:
 273              		.size	Comp_3_Sleep, .-Comp_3_Sleep
 274              		.section	.text.Comp_3_Wakeup,"ax",%progbits
 275              		.align	2
 276              		.global	Comp_3_Wakeup
 277              		.thumb
ARM GAS  C:\Users\Luggi\AppData\Local\Temp\ccwCZK0H.s 			page 17


 278              		.thumb_func
 279              		.type	Comp_3_Wakeup, %function
 280              	Comp_3_Wakeup:
 281              	.LFB3:
  97:Generated_Source\PSoC5/Comp_3_PM.c ****     Comp_3_SaveConfig();
  98:Generated_Source\PSoC5/Comp_3_PM.c **** }
  99:Generated_Source\PSoC5/Comp_3_PM.c **** 
 100:Generated_Source\PSoC5/Comp_3_PM.c **** 
 101:Generated_Source\PSoC5/Comp_3_PM.c **** /*******************************************************************************
 102:Generated_Source\PSoC5/Comp_3_PM.c **** * Function Name: Comp_3_Wakeup
 103:Generated_Source\PSoC5/Comp_3_PM.c **** ********************************************************************************
 104:Generated_Source\PSoC5/Comp_3_PM.c **** *
 105:Generated_Source\PSoC5/Comp_3_PM.c **** * Summary:
 106:Generated_Source\PSoC5/Comp_3_PM.c **** *  Restores and enables the user configuration
 107:Generated_Source\PSoC5/Comp_3_PM.c **** *  
 108:Generated_Source\PSoC5/Comp_3_PM.c **** * Parameters:
 109:Generated_Source\PSoC5/Comp_3_PM.c **** *  void
 110:Generated_Source\PSoC5/Comp_3_PM.c **** *
 111:Generated_Source\PSoC5/Comp_3_PM.c **** * Return:
 112:Generated_Source\PSoC5/Comp_3_PM.c **** *  void
 113:Generated_Source\PSoC5/Comp_3_PM.c **** *
 114:Generated_Source\PSoC5/Comp_3_PM.c **** * Global variables:
 115:Generated_Source\PSoC5/Comp_3_PM.c **** *  Comp_3_backup.enableState:  Is used to restore the enable state of 
 116:Generated_Source\PSoC5/Comp_3_PM.c **** *  block on wakeup from sleep mode.
 117:Generated_Source\PSoC5/Comp_3_PM.c **** *
 118:Generated_Source\PSoC5/Comp_3_PM.c **** *******************************************************************************/
 119:Generated_Source\PSoC5/Comp_3_PM.c **** void Comp_3_Wakeup(void) 
 120:Generated_Source\PSoC5/Comp_3_PM.c **** {
 282              		.loc 1 120 0
 283              		.cfi_startproc
 284              		@ args = 0, pretend = 0, frame = 0
 285              		@ frame_needed = 0, uses_anonymous_args = 0
 286 0000 08B5     		push	{r3, lr}
 287              		.cfi_def_cfa_offset 8
 288              		.cfi_offset 3, -8
 289              		.cfi_offset 14, -4
 121:Generated_Source\PSoC5/Comp_3_PM.c ****     Comp_3_RestoreConfig();
 122:Generated_Source\PSoC5/Comp_3_PM.c ****     
 123:Generated_Source\PSoC5/Comp_3_PM.c ****     if(Comp_3_backup.enableState == 1u)
 290              		.loc 1 123 0
 291 0002 034B     		ldr	r3, .L12
 292 0004 1B78     		ldrb	r3, [r3]	@ zero_extendqisi2
 293 0006 012B     		cmp	r3, #1
 294 0008 01D1     		bne	.L9
 124:Generated_Source\PSoC5/Comp_3_PM.c ****     {
 125:Generated_Source\PSoC5/Comp_3_PM.c ****         /* Enable Comp's operation */
 126:Generated_Source\PSoC5/Comp_3_PM.c ****         Comp_3_Enable();
 295              		.loc 1 126 0
 296 000a FFF7FEFF 		bl	Comp_3_Enable
 297              	.LVL1:
 298              	.L9:
 299 000e 08BD     		pop	{r3, pc}
 300              	.L13:
 301              		.align	2
 302              	.L12:
 303 0010 00000000 		.word	.LANCHOR0
 304              		.cfi_endproc
ARM GAS  C:\Users\Luggi\AppData\Local\Temp\ccwCZK0H.s 			page 18


 305              	.LFE3:
 306              		.size	Comp_3_Wakeup, .-Comp_3_Wakeup
 307              		.bss
 308              		.align	2
 309              		.set	.LANCHOR0,. + 0
 310              		.type	Comp_3_backup, %object
 311              		.size	Comp_3_backup, 1
 312              	Comp_3_backup:
 313 0000 00       		.space	1
 314 0001 000000   		.text
 315              	.Letext0:
 316              		.file 2 "Generated_Source\\PSoC5\\cytypes.h"
 317              		.file 3 "Generated_Source\\PSoC5\\Comp_3.h"
 318              		.section	.debug_info,"",%progbits
 319              	.Ldebug_info0:
 320 0000 40010000 		.4byte	0x140
 321 0004 0400     		.2byte	0x4
 322 0006 00000000 		.4byte	.Ldebug_abbrev0
 323 000a 04       		.byte	0x4
 324 000b 01       		.uleb128 0x1
 325 000c D9010000 		.4byte	.LASF22
 326 0010 01       		.byte	0x1
 327 0011 4E010000 		.4byte	.LASF23
 328 0015 3A000000 		.4byte	.LASF24
 329 0019 00000000 		.4byte	.Ldebug_ranges0+0
 330 001d 00000000 		.4byte	0
 331 0021 00000000 		.4byte	.Ldebug_line0
 332 0025 02       		.uleb128 0x2
 333 0026 01       		.byte	0x1
 334 0027 06       		.byte	0x6
 335 0028 8D010000 		.4byte	.LASF0
 336 002c 02       		.uleb128 0x2
 337 002d 01       		.byte	0x1
 338 002e 08       		.byte	0x8
 339 002f 32010000 		.4byte	.LASF1
 340 0033 02       		.uleb128 0x2
 341 0034 02       		.byte	0x2
 342 0035 05       		.byte	0x5
 343 0036 C1010000 		.4byte	.LASF2
 344 003a 02       		.uleb128 0x2
 345 003b 02       		.byte	0x2
 346 003c 07       		.byte	0x7
 347 003d 0E000000 		.4byte	.LASF3
 348 0041 02       		.uleb128 0x2
 349 0042 04       		.byte	0x4
 350 0043 05       		.byte	0x5
 351 0044 45010000 		.4byte	.LASF4
 352 0048 02       		.uleb128 0x2
 353 0049 04       		.byte	0x4
 354 004a 07       		.byte	0x7
 355 004b D0000000 		.4byte	.LASF5
 356 004f 02       		.uleb128 0x2
 357 0050 08       		.byte	0x8
 358 0051 05       		.byte	0x5
 359 0052 00000000 		.4byte	.LASF6
 360 0056 02       		.uleb128 0x2
 361 0057 08       		.byte	0x8
ARM GAS  C:\Users\Luggi\AppData\Local\Temp\ccwCZK0H.s 			page 19


 362 0058 07       		.byte	0x7
 363 0059 F4000000 		.4byte	.LASF7
 364 005d 03       		.uleb128 0x3
 365 005e 04       		.byte	0x4
 366 005f 05       		.byte	0x5
 367 0060 696E7400 		.ascii	"int\000"
 368 0064 02       		.uleb128 0x2
 369 0065 04       		.byte	0x4
 370 0066 07       		.byte	0x7
 371 0067 2D000000 		.4byte	.LASF8
 372 006b 04       		.uleb128 0x4
 373 006c CA000000 		.4byte	.LASF12
 374 0070 02       		.byte	0x2
 375 0071 9201     		.2byte	0x192
 376 0073 2C000000 		.4byte	0x2c
 377 0077 02       		.uleb128 0x2
 378 0078 04       		.byte	0x4
 379 0079 04       		.byte	0x4
 380 007a BB010000 		.4byte	.LASF9
 381 007e 02       		.uleb128 0x2
 382 007f 08       		.byte	0x8
 383 0080 04       		.byte	0x4
 384 0081 71010000 		.4byte	.LASF10
 385 0085 02       		.uleb128 0x2
 386 0086 01       		.byte	0x1
 387 0087 08       		.byte	0x8
 388 0088 40010000 		.4byte	.LASF11
 389 008c 04       		.uleb128 0x4
 390 008d CB010000 		.4byte	.LASF13
 391 0091 02       		.byte	0x2
 392 0092 3C02     		.2byte	0x23c
 393 0094 98000000 		.4byte	0x98
 394 0098 05       		.uleb128 0x5
 395 0099 6B000000 		.4byte	0x6b
 396 009d 02       		.uleb128 0x2
 397 009e 04       		.byte	0x4
 398 009f 07       		.byte	0x7
 399 00a0 D0010000 		.4byte	.LASF14
 400 00a4 06       		.uleb128 0x6
 401 00a5 01       		.byte	0x1
 402 00a6 03       		.byte	0x3
 403 00a7 29       		.byte	0x29
 404 00a8 B9000000 		.4byte	0xb9
 405 00ac 07       		.uleb128 0x7
 406 00ad 21000000 		.4byte	.LASF25
 407 00b1 03       		.byte	0x3
 408 00b2 2B       		.byte	0x2b
 409 00b3 6B000000 		.4byte	0x6b
 410 00b7 00       		.byte	0
 411 00b8 00       		.byte	0
 412 00b9 08       		.uleb128 0x8
 413 00ba 99010000 		.4byte	.LASF15
 414 00be 03       		.byte	0x3
 415 00bf 2D       		.byte	0x2d
 416 00c0 A4000000 		.4byte	0xa4
 417 00c4 09       		.uleb128 0x9
 418 00c5 E2000000 		.4byte	.LASF16
ARM GAS  C:\Users\Luggi\AppData\Local\Temp\ccwCZK0H.s 			page 20


 419 00c9 01       		.byte	0x1
 420 00ca 26       		.byte	0x26
 421 00cb 00000000 		.4byte	.LFB0
 422 00cf 02000000 		.4byte	.LFE0-.LFB0
 423 00d3 01       		.uleb128 0x1
 424 00d4 9C       		.byte	0x9c
 425 00d5 09       		.uleb128 0x9
 426 00d6 78010000 		.4byte	.LASF17
 427 00da 01       		.byte	0x1
 428 00db 3A       		.byte	0x3a
 429 00dc 00000000 		.4byte	.LFB1
 430 00e0 02000000 		.4byte	.LFE1-.LFB1
 431 00e4 01       		.uleb128 0x1
 432 00e5 9C       		.byte	0x9c
 433 00e6 0A       		.uleb128 0xa
 434 00e7 19010000 		.4byte	.LASF18
 435 00eb 01       		.byte	0x1
 436 00ec 52       		.byte	0x52
 437 00ed 00000000 		.4byte	.LFB2
 438 00f1 28000000 		.4byte	.LFE2-.LFB2
 439 00f5 01       		.uleb128 0x1
 440 00f6 9C       		.byte	0x9c
 441 00f7 05010000 		.4byte	0x105
 442 00fb 0B       		.uleb128 0xb
 443 00fc 1E000000 		.4byte	.LVL0
 444 0100 35010000 		.4byte	0x135
 445 0104 00       		.byte	0
 446 0105 0A       		.uleb128 0xa
 447 0106 BC000000 		.4byte	.LASF19
 448 010a 01       		.byte	0x1
 449 010b 77       		.byte	0x77
 450 010c 00000000 		.4byte	.LFB3
 451 0110 14000000 		.4byte	.LFE3-.LFB3
 452 0114 01       		.uleb128 0x1
 453 0115 9C       		.byte	0x9c
 454 0116 24010000 		.4byte	0x124
 455 011a 0B       		.uleb128 0xb
 456 011b 0E000000 		.4byte	.LVL1
 457 011f 3C010000 		.4byte	0x13c
 458 0123 00       		.byte	0
 459 0124 0C       		.uleb128 0xc
 460 0125 0B010000 		.4byte	.LASF26
 461 0129 01       		.byte	0x1
 462 012a 15       		.byte	0x15
 463 012b B9000000 		.4byte	0xb9
 464 012f 05       		.uleb128 0x5
 465 0130 03       		.byte	0x3
 466 0131 00000000 		.4byte	Comp_3_backup
 467 0135 0D       		.uleb128 0xd
 468 0136 26010000 		.4byte	.LASF20
 469 013a 03       		.byte	0x3
 470 013b 40       		.byte	0x40
 471 013c 0D       		.uleb128 0xd
 472 013d AD010000 		.4byte	.LASF21
 473 0141 03       		.byte	0x3
 474 0142 46       		.byte	0x46
 475 0143 00       		.byte	0
ARM GAS  C:\Users\Luggi\AppData\Local\Temp\ccwCZK0H.s 			page 21


 476              		.section	.debug_abbrev,"",%progbits
 477              	.Ldebug_abbrev0:
 478 0000 01       		.uleb128 0x1
 479 0001 11       		.uleb128 0x11
 480 0002 01       		.byte	0x1
 481 0003 25       		.uleb128 0x25
 482 0004 0E       		.uleb128 0xe
 483 0005 13       		.uleb128 0x13
 484 0006 0B       		.uleb128 0xb
 485 0007 03       		.uleb128 0x3
 486 0008 0E       		.uleb128 0xe
 487 0009 1B       		.uleb128 0x1b
 488 000a 0E       		.uleb128 0xe
 489 000b 55       		.uleb128 0x55
 490 000c 17       		.uleb128 0x17
 491 000d 11       		.uleb128 0x11
 492 000e 01       		.uleb128 0x1
 493 000f 10       		.uleb128 0x10
 494 0010 17       		.uleb128 0x17
 495 0011 00       		.byte	0
 496 0012 00       		.byte	0
 497 0013 02       		.uleb128 0x2
 498 0014 24       		.uleb128 0x24
 499 0015 00       		.byte	0
 500 0016 0B       		.uleb128 0xb
 501 0017 0B       		.uleb128 0xb
 502 0018 3E       		.uleb128 0x3e
 503 0019 0B       		.uleb128 0xb
 504 001a 03       		.uleb128 0x3
 505 001b 0E       		.uleb128 0xe
 506 001c 00       		.byte	0
 507 001d 00       		.byte	0
 508 001e 03       		.uleb128 0x3
 509 001f 24       		.uleb128 0x24
 510 0020 00       		.byte	0
 511 0021 0B       		.uleb128 0xb
 512 0022 0B       		.uleb128 0xb
 513 0023 3E       		.uleb128 0x3e
 514 0024 0B       		.uleb128 0xb
 515 0025 03       		.uleb128 0x3
 516 0026 08       		.uleb128 0x8
 517 0027 00       		.byte	0
 518 0028 00       		.byte	0
 519 0029 04       		.uleb128 0x4
 520 002a 16       		.uleb128 0x16
 521 002b 00       		.byte	0
 522 002c 03       		.uleb128 0x3
 523 002d 0E       		.uleb128 0xe
 524 002e 3A       		.uleb128 0x3a
 525 002f 0B       		.uleb128 0xb
 526 0030 3B       		.uleb128 0x3b
 527 0031 05       		.uleb128 0x5
 528 0032 49       		.uleb128 0x49
 529 0033 13       		.uleb128 0x13
 530 0034 00       		.byte	0
 531 0035 00       		.byte	0
 532 0036 05       		.uleb128 0x5
ARM GAS  C:\Users\Luggi\AppData\Local\Temp\ccwCZK0H.s 			page 22


 533 0037 35       		.uleb128 0x35
 534 0038 00       		.byte	0
 535 0039 49       		.uleb128 0x49
 536 003a 13       		.uleb128 0x13
 537 003b 00       		.byte	0
 538 003c 00       		.byte	0
 539 003d 06       		.uleb128 0x6
 540 003e 13       		.uleb128 0x13
 541 003f 01       		.byte	0x1
 542 0040 0B       		.uleb128 0xb
 543 0041 0B       		.uleb128 0xb
 544 0042 3A       		.uleb128 0x3a
 545 0043 0B       		.uleb128 0xb
 546 0044 3B       		.uleb128 0x3b
 547 0045 0B       		.uleb128 0xb
 548 0046 01       		.uleb128 0x1
 549 0047 13       		.uleb128 0x13
 550 0048 00       		.byte	0
 551 0049 00       		.byte	0
 552 004a 07       		.uleb128 0x7
 553 004b 0D       		.uleb128 0xd
 554 004c 00       		.byte	0
 555 004d 03       		.uleb128 0x3
 556 004e 0E       		.uleb128 0xe
 557 004f 3A       		.uleb128 0x3a
 558 0050 0B       		.uleb128 0xb
 559 0051 3B       		.uleb128 0x3b
 560 0052 0B       		.uleb128 0xb
 561 0053 49       		.uleb128 0x49
 562 0054 13       		.uleb128 0x13
 563 0055 38       		.uleb128 0x38
 564 0056 0B       		.uleb128 0xb
 565 0057 00       		.byte	0
 566 0058 00       		.byte	0
 567 0059 08       		.uleb128 0x8
 568 005a 16       		.uleb128 0x16
 569 005b 00       		.byte	0
 570 005c 03       		.uleb128 0x3
 571 005d 0E       		.uleb128 0xe
 572 005e 3A       		.uleb128 0x3a
 573 005f 0B       		.uleb128 0xb
 574 0060 3B       		.uleb128 0x3b
 575 0061 0B       		.uleb128 0xb
 576 0062 49       		.uleb128 0x49
 577 0063 13       		.uleb128 0x13
 578 0064 00       		.byte	0
 579 0065 00       		.byte	0
 580 0066 09       		.uleb128 0x9
 581 0067 2E       		.uleb128 0x2e
 582 0068 00       		.byte	0
 583 0069 3F       		.uleb128 0x3f
 584 006a 19       		.uleb128 0x19
 585 006b 03       		.uleb128 0x3
 586 006c 0E       		.uleb128 0xe
 587 006d 3A       		.uleb128 0x3a
 588 006e 0B       		.uleb128 0xb
 589 006f 3B       		.uleb128 0x3b
ARM GAS  C:\Users\Luggi\AppData\Local\Temp\ccwCZK0H.s 			page 23


 590 0070 0B       		.uleb128 0xb
 591 0071 27       		.uleb128 0x27
 592 0072 19       		.uleb128 0x19
 593 0073 11       		.uleb128 0x11
 594 0074 01       		.uleb128 0x1
 595 0075 12       		.uleb128 0x12
 596 0076 06       		.uleb128 0x6
 597 0077 40       		.uleb128 0x40
 598 0078 18       		.uleb128 0x18
 599 0079 9742     		.uleb128 0x2117
 600 007b 19       		.uleb128 0x19
 601 007c 00       		.byte	0
 602 007d 00       		.byte	0
 603 007e 0A       		.uleb128 0xa
 604 007f 2E       		.uleb128 0x2e
 605 0080 01       		.byte	0x1
 606 0081 3F       		.uleb128 0x3f
 607 0082 19       		.uleb128 0x19
 608 0083 03       		.uleb128 0x3
 609 0084 0E       		.uleb128 0xe
 610 0085 3A       		.uleb128 0x3a
 611 0086 0B       		.uleb128 0xb
 612 0087 3B       		.uleb128 0x3b
 613 0088 0B       		.uleb128 0xb
 614 0089 27       		.uleb128 0x27
 615 008a 19       		.uleb128 0x19
 616 008b 11       		.uleb128 0x11
 617 008c 01       		.uleb128 0x1
 618 008d 12       		.uleb128 0x12
 619 008e 06       		.uleb128 0x6
 620 008f 40       		.uleb128 0x40
 621 0090 18       		.uleb128 0x18
 622 0091 9742     		.uleb128 0x2117
 623 0093 19       		.uleb128 0x19
 624 0094 01       		.uleb128 0x1
 625 0095 13       		.uleb128 0x13
 626 0096 00       		.byte	0
 627 0097 00       		.byte	0
 628 0098 0B       		.uleb128 0xb
 629 0099 898201   		.uleb128 0x4109
 630 009c 00       		.byte	0
 631 009d 11       		.uleb128 0x11
 632 009e 01       		.uleb128 0x1
 633 009f 31       		.uleb128 0x31
 634 00a0 13       		.uleb128 0x13
 635 00a1 00       		.byte	0
 636 00a2 00       		.byte	0
 637 00a3 0C       		.uleb128 0xc
 638 00a4 34       		.uleb128 0x34
 639 00a5 00       		.byte	0
 640 00a6 03       		.uleb128 0x3
 641 00a7 0E       		.uleb128 0xe
 642 00a8 3A       		.uleb128 0x3a
 643 00a9 0B       		.uleb128 0xb
 644 00aa 3B       		.uleb128 0x3b
 645 00ab 0B       		.uleb128 0xb
 646 00ac 49       		.uleb128 0x49
ARM GAS  C:\Users\Luggi\AppData\Local\Temp\ccwCZK0H.s 			page 24


 647 00ad 13       		.uleb128 0x13
 648 00ae 02       		.uleb128 0x2
 649 00af 18       		.uleb128 0x18
 650 00b0 00       		.byte	0
 651 00b1 00       		.byte	0
 652 00b2 0D       		.uleb128 0xd
 653 00b3 2E       		.uleb128 0x2e
 654 00b4 00       		.byte	0
 655 00b5 3F       		.uleb128 0x3f
 656 00b6 19       		.uleb128 0x19
 657 00b7 03       		.uleb128 0x3
 658 00b8 0E       		.uleb128 0xe
 659 00b9 3A       		.uleb128 0x3a
 660 00ba 0B       		.uleb128 0xb
 661 00bb 3B       		.uleb128 0x3b
 662 00bc 0B       		.uleb128 0xb
 663 00bd 27       		.uleb128 0x27
 664 00be 19       		.uleb128 0x19
 665 00bf 3C       		.uleb128 0x3c
 666 00c0 19       		.uleb128 0x19
 667 00c1 00       		.byte	0
 668 00c2 00       		.byte	0
 669 00c3 00       		.byte	0
 670              		.section	.debug_aranges,"",%progbits
 671 0000 34000000 		.4byte	0x34
 672 0004 0200     		.2byte	0x2
 673 0006 00000000 		.4byte	.Ldebug_info0
 674 000a 04       		.byte	0x4
 675 000b 00       		.byte	0
 676 000c 0000     		.2byte	0
 677 000e 0000     		.2byte	0
 678 0010 00000000 		.4byte	.LFB0
 679 0014 02000000 		.4byte	.LFE0-.LFB0
 680 0018 00000000 		.4byte	.LFB1
 681 001c 02000000 		.4byte	.LFE1-.LFB1
 682 0020 00000000 		.4byte	.LFB2
 683 0024 28000000 		.4byte	.LFE2-.LFB2
 684 0028 00000000 		.4byte	.LFB3
 685 002c 14000000 		.4byte	.LFE3-.LFB3
 686 0030 00000000 		.4byte	0
 687 0034 00000000 		.4byte	0
 688              		.section	.debug_ranges,"",%progbits
 689              	.Ldebug_ranges0:
 690 0000 00000000 		.4byte	.LFB0
 691 0004 02000000 		.4byte	.LFE0
 692 0008 00000000 		.4byte	.LFB1
 693 000c 02000000 		.4byte	.LFE1
 694 0010 00000000 		.4byte	.LFB2
 695 0014 28000000 		.4byte	.LFE2
 696 0018 00000000 		.4byte	.LFB3
 697 001c 14000000 		.4byte	.LFE3
 698 0020 00000000 		.4byte	0
 699 0024 00000000 		.4byte	0
 700              		.section	.debug_line,"",%progbits
 701              	.Ldebug_line0:
 702 0000 9D000000 		.section	.debug_str,"MS",%progbits,1
 702      02005200 
ARM GAS  C:\Users\Luggi\AppData\Local\Temp\ccwCZK0H.s 			page 25


 702      00000201 
 702      FB0E0D00 
 702      01010101 
 703              	.LASF6:
 704 0000 6C6F6E67 		.ascii	"long long int\000"
 704      206C6F6E 
 704      6720696E 
 704      7400
 705              	.LASF3:
 706 000e 73686F72 		.ascii	"short unsigned int\000"
 706      7420756E 
 706      7369676E 
 706      65642069 
 706      6E7400
 707              	.LASF25:
 708 0021 656E6162 		.ascii	"enableState\000"
 708      6C655374 
 708      61746500 
 709              	.LASF8:
 710 002d 756E7369 		.ascii	"unsigned int\000"
 710      676E6564 
 710      20696E74 
 710      00
 711              	.LASF24:
 712 003a 433A5C55 		.ascii	"C:\\Users\\Luggi\\Desktop\\Aktuelles Projekt Laser_"
 712      73657273 
 712      5C4C7567 
 712      67695C44 
 712      65736B74 
 713 0069 73636875 		.ascii	"schutzschaltung\\Aktuelles Projekt Laser_schutzscha"
 713      747A7363 
 713      68616C74 
 713      756E675C 
 713      416B7475 
 714 009b 6C74756E 		.ascii	"ltung\\Laserschutzschaltung.cydsn\000"
 714      675C4C61 
 714      73657273 
 714      63687574 
 714      7A736368 
 715              	.LASF19:
 716 00bc 436F6D70 		.ascii	"Comp_3_Wakeup\000"
 716      5F335F57 
 716      616B6575 
 716      7000
 717              	.LASF12:
 718 00ca 75696E74 		.ascii	"uint8\000"
 718      3800
 719              	.LASF5:
 720 00d0 6C6F6E67 		.ascii	"long unsigned int\000"
 720      20756E73 
 720      69676E65 
 720      6420696E 
 720      7400
 721              	.LASF16:
 722 00e2 436F6D70 		.ascii	"Comp_3_SaveConfig\000"
 722      5F335F53 
 722      61766543 
ARM GAS  C:\Users\Luggi\AppData\Local\Temp\ccwCZK0H.s 			page 26


 722      6F6E6669 
 722      6700
 723              	.LASF7:
 724 00f4 6C6F6E67 		.ascii	"long long unsigned int\000"
 724      206C6F6E 
 724      6720756E 
 724      7369676E 
 724      65642069 
 725              	.LASF26:
 726 010b 436F6D70 		.ascii	"Comp_3_backup\000"
 726      5F335F62 
 726      61636B75 
 726      7000
 727              	.LASF18:
 728 0119 436F6D70 		.ascii	"Comp_3_Sleep\000"
 728      5F335F53 
 728      6C656570 
 728      00
 729              	.LASF20:
 730 0126 436F6D70 		.ascii	"Comp_3_Stop\000"
 730      5F335F53 
 730      746F7000 
 731              	.LASF1:
 732 0132 756E7369 		.ascii	"unsigned char\000"
 732      676E6564 
 732      20636861 
 732      7200
 733              	.LASF11:
 734 0140 63686172 		.ascii	"char\000"
 734      00
 735              	.LASF4:
 736 0145 6C6F6E67 		.ascii	"long int\000"
 736      20696E74 
 736      00
 737              	.LASF23:
 738 014e 47656E65 		.ascii	"Generated_Source\\PSoC5\\Comp_3_PM.c\000"
 738      72617465 
 738      645F536F 
 738      75726365 
 738      5C50536F 
 739              	.LASF10:
 740 0171 646F7562 		.ascii	"double\000"
 740      6C6500
 741              	.LASF17:
 742 0178 436F6D70 		.ascii	"Comp_3_RestoreConfig\000"
 742      5F335F52 
 742      6573746F 
 742      7265436F 
 742      6E666967 
 743              	.LASF0:
 744 018d 7369676E 		.ascii	"signed char\000"
 744      65642063 
 744      68617200 
 745              	.LASF15:
 746 0199 436F6D70 		.ascii	"Comp_3_backupStruct\000"
 746      5F335F62 
 746      61636B75 
ARM GAS  C:\Users\Luggi\AppData\Local\Temp\ccwCZK0H.s 			page 27


 746      70537472 
 746      75637400 
 747              	.LASF21:
 748 01ad 436F6D70 		.ascii	"Comp_3_Enable\000"
 748      5F335F45 
 748      6E61626C 
 748      6500
 749              	.LASF9:
 750 01bb 666C6F61 		.ascii	"float\000"
 750      7400
 751              	.LASF2:
 752 01c1 73686F72 		.ascii	"short int\000"
 752      7420696E 
 752      7400
 753              	.LASF13:
 754 01cb 72656738 		.ascii	"reg8\000"
 754      00
 755              	.LASF14:
 756 01d0 73697A65 		.ascii	"sizetype\000"
 756      74797065 
 756      00
 757              	.LASF22:
 758 01d9 474E5520 		.ascii	"GNU C 4.9.3 20150303 (release) [ARM/embedded-4_9-br"
 758      4320342E 
 758      392E3320 
 758      32303135 
 758      30333033 
 759 020c 616E6368 		.ascii	"anch revision 221220] -mcpu=cortex-m3 -mthumb -g -O"
 759      20726576 
 759      6973696F 
 759      6E203232 
 759      31323230 
 760 023f 67202D66 		.ascii	"g -ffunction-sections -flto -ffat-lto-objects\000"
 760      66756E63 
 760      74696F6E 
 760      2D736563 
 760      74696F6E 
 761              		.comm	__gnu_lto_v1,1,1
 762              		.ident	"GCC: (GNU Tools for ARM Embedded Processors) 4.9.3 20150303 (release) [ARM/embedded-4_9-br
