ARM GAS  C:\Users\Luggi\AppData\Local\Temp\cc0zARd7.s 			page 1


   1              		.syntax unified
   2              		.cpu cortex-m3
   3              		.fpu softvfp
   4              		.eabi_attribute 20, 1
   5              		.eabi_attribute 21, 1
   6              		.eabi_attribute 23, 3
   7              		.eabi_attribute 24, 1
   8              		.eabi_attribute 25, 1
   9              		.eabi_attribute 26, 1
  10              		.eabi_attribute 30, 1
  11              		.eabi_attribute 34, 1
  12              		.eabi_attribute 18, 4
  13              		.thumb
  14              		.file	"Control_RS.c"
  15              		.text
  16              	.Ltext0:
  17              		.section	.gnu.lto_.profile.d236f20,"",%progbits
  18 0000 789C6366 		.ascii	"x\234cf```a\200\000F\0066\026\000\000\204\000\023"
  18      60606061 
  18      80004606 
  18      36160000 
  18      840013
  19              		.text
  20              		.section	.gnu.lto_.inline.d236f20,"",%progbits
  21 0000 789C6366 		.ascii	"x\234cf\300\0164\2404\023\003\003\0133#\003\023\323"
  21      C00E34A0 
  21      34130303 
  21      0B332303 
  21      13D3
  22 0012 057E06B6 		.ascii	"\005~\006\266\005\362L 1FL!\006\000K\274\003\223"
  22      05F24C20 
  22      31464C21 
  22      06004BBC 
  22      0393
  23              		.text
  24              		.section	.gnu.lto_.jmpfuncs.d236f20,"",%progbits
  25 0000 789C6366 		.ascii	"x\234cf\300\016\270\2404\023\003##c=#\220\005\000\004"
  25      C00EB8A0 
  25      34130323 
  25      23633D23 
  25      90050004 
  26 0014 040093   		.ascii	"\004\000\223"
  27              		.text
  28              		.section	.gnu.lto_.pureconst.d236f20,"",%progbits
  29 0000 789C6366 		.ascii	"x\234cf```e\200\000&\006)F)\000\000\371\000@"
  29      60606065 
  29      80002606 
  29      29462900 
  29      00F90040 
  30              		.text
  31              		.section	.gnu.lto_Control_RS_Write.d236f20,"",%progbits
  32 0000 789C6590 		.ascii	"x\234e\220\275K\003A\020\305\347\315%1\022\004\261\274"
  32      BD4B0341 
  32      10C5E7CD 
  32      25311204 
  32      B1BC
  33 0012 DA100449 		.ascii	"\332\020\004I'X\012)l\203i\003A\316\353$\007G\254\263"
ARM GAS  C:\Users\Luggi\AppData\Local\Temp\cc0zARd7.s 			page 2


  33      27580A29 
  33      6C836903 
  33      41CEEB24 
  33      0747ACB3 
  34 0026 27F90382 		.ascii	"'\371\003\202\210\010\"\026\242\247\306Ob%\010\247\210"
  34      88082216 
  34      A2A7C64F 
  34      622508A7 
  34      88
  35 0037 A062C434 		.ascii	"\240b\3044\202\2056'hgP\220\010\022g\275\322\205e>x"
  35      82853627 
  35      68675090 
  35      081267BD 
  35      D285653E 
  36 004c EF37B36B 		.ascii	"\3577\263k\320\377c\312M\202(+\021\006\201\353-\"/\311"
  36      D0FF63CA 
  36      4D82282B 
  36      110681EB 
  36      2D222FC9 
  37 0060 804E0854 		.ascii	"\200N\010TeT\361\306\035F=h,\2472\033J\251\367\366\225"
  37      6554F1C6 
  37      1D463D68 
  37      2CA7321B 
  37      4AA9F7F6 
  38 0075 970FD065 		.ascii	"\227\017\320e\242\017\2168\360\221\021\315\346\305\245"
  38      A20F8E38 
  38      F09111CD 
  38      E6C5A5
  39 0084 69644092 		.ascii	"id@\222~7\027\032\375\351u\245\346\203\323}5!j`\013"
  39      7E37171A 
  39      FDE975A5 
  39      E683D37D 
  39      35216A60 
  40 0099 8618306A 		.ascii	"\206\0300jb\304$i\020\266\221\326\342N\355\347!\225"
  40      62C42469 
  40      10B691D6 
  40      E24EEDE7 
  40      2195
  41 00ab A8097B30 		.ascii	"\250\011{0Bb\007\011Y\213\016\206\002\325\3535\375\263"
  41      42620709 
  41      598B0E86 
  41      02D5EB35 
  41      FDB3
  42 00bd 43C404A0 		.ascii	"C\304\004\240\345\024\212@o\367\302\254\243\361\210"
  42      E5148A40 
  42      6FF7C2AC 
  42      A3F188
  43 00cc F3A58E3F 		.ascii	"\363\245\216?\256-\202:Y<n\015\274r\227\371\363\332"
  43      AE2D823A 
  43      593C6E0D 
  43      BC7297F9 
  43      F3DA
  44 00de 53314D7F 		.ascii	"S1M\177\016\357\356\223\177-\322\345\355M{\015\253X"
  44      0EEFEE93 
  44      7F2DD2E5 
  44      ED4D7B0D 
  44      AB58
ARM GAS  C:\Users\Luggi\AppData\Local\Temp\cc0zARd7.s 			page 3


  45 00f0 F16A5E10 		.ascii	"\361j^\020\357\262\201\006L\354B\276\002{\322\377\022"
  45      EFB28106 
  45      4CEC42BE 
  45      027BD2FF 
  45      12
  46 0101 D913BCE0 		.ascii	"\331\023\274\340(\256\211\372q\241l*\203\304=<i\227"
  46      28AE89FA 
  46      71A16C2A 
  46      83C43D3C 
  46      6997
  47 0113 6D77BA62 		.ascii	"mw\272b\317\224\012\316\234k\331\305|\301\311\215\025"
  47      CF940ACE 
  47      9C6BD9C5 
  47      7CC1C98D 
  47      15
  48 0124 734EB9E2 		.ascii	"sN\271\342:\263\245\251B\326\242>+\252~\001\334Tm\342"
  48      3AB3A5A9 
  48      42D6A23E 
  48      2BAA7E01 
  48      DC546DE2 
  49              		.text
  50              		.section	.gnu.lto_Control_RS_Read.d236f20,"",%progbits
  51 0000 789C6366 		.ascii	"x\234cf\300\004R@|\025\210\325\200\230\221\231\201\221"
  51      C0045240 
  51      7C1588D5 
  51      80989199 
  51      8191
  52 0012 69C23906 		.ascii	"i\3029\006\206F\016&FF\020\203\201\221\241\236\211\261"
  52      86460E26 
  52      46461083 
  52      8191A19E 
  52      89B1
  53 0024 9EF125D3 		.ascii	"\236\361%\323G&\3063;\377]fT_\332\320\320\364a\322\373"
  53      4726C633 
  53      3BFF5D66 
  53      545FDAD0 
  53      D0F461D2 
  54 0039 BB010718 		.ascii	"\273\001\007\030\177210|fb`\324\221b\324\004\231\303"
  54      7F323130 
  54      7C666260 
  54      D49162D4 
  54      0499C3
  55 004c B89C519D 		.ascii	"\270\234Q\235\001\250\360c\313\337\353\334l-\015\015"
  55      01A8F063 
  55      CBDFEBDC 
  55      6C2D0D0D 
  56 005c 0D022079 		.ascii	"\015\002 y\240\304\012F6F \275^\350@\303\377\377\233"
  56      A0C40A46 
  56      364620BD 
  56      5EE840C3 
  56      FFFF9B
  57 006f F71EFCC1 		.ascii	"\367\036\374\301\310\314\304\000\322\316\360\004H\200"
  57      C8CCC400 
  57      D2CEF004 
  57      4880
  58 007d 6C7ACAC4 		.ascii	"lz\312\304\004\242\231o1\036\372\326u/\034\244\343;"
  58      04A2996F 
ARM GAS  C:\Users\Luggi\AppData\Local\Temp\cc0zARd7.s 			page 4


  58      311EFAD6 
  58      752F1CA4 
  58      E33B
  59 008f 13C8D65D 		.ascii	"\023\310\326]S\266\234\343}\301\364\223\211\361\313"
  59      53B69CE3 
  59      7DC1F493 
  59      89F1CB
  60 009e A9C60616 		.ascii	"\251\306\006\026\220\371\367\237\234\277\310\001\026"
  60      90F9F79F 
  60      9CBFC801 
  60      16
  61 00ab 620071CF 		.ascii	"b\000q\317\236\2764\237q.\343\354\306\226\306\0032?"
  61      9EBE349F 
  61      712EE3EC 
  61      C696C603 
  61      323F
  62 00bd 99981857 		.ascii	"\231\230\030W2J1\256b\004\272\210q5P\234\341\036cc\003"
  62      324A31AE 
  62      6204BA88 
  62      7135509C 
  62      E11E6363 
  63 00d2 37D440B0 		.ascii	"7\324@\260\215\214 \233\200L\025\367\324\274\324\242"
  63      8D8C209B 
  63      804C15F7 
  63      D4BCD4A2 
  64 00e2 C492D494 		.ascii	"\304\222\324\224\370\340\374\322\242\344\324\230\200"
  64      F8E0FCD2 
  64      A2E4D498 
  64      80
  65 00ef E07C67D3 		.ascii	"\340|g\323\030\347\374\274\222\242\374\234\370\240`"
  65      18E7FCBC 
  65      92A2FC9C 
  65      F8A060
  66 00fe BD640600 		.ascii	"\275d\006\0001&\\\231"
  66      31265C99 
  67              		.text
  68              		.section	.gnu.lto_.symbol_nodes.d236f20,"",%progbits
  69 0000 789C6366 		.ascii	"x\234cf``Pb\200\002&\206z\006\206\011\347\030\030\352"
  69      60605062 
  69      80022686 
  69      7A068609 
  69      E71818EA 
  70 0014 EB19A62D 		.ascii	"\353\031\246-\340``b\254gD\3463\000\000\220b\010^"
  70      E0606062 
  70      AC6744E6 
  70      33000090 
  70      62085E
  71              		.text
  72              		.section	.gnu.lto_.refs.d236f20,"",%progbits
  73 0000 789C6366 		.ascii	"x\234cf```d\200\002\000\000=\000\005"
  73      60606064 
  73      80020000 
  73      3D0005
  74              		.text
  75              		.section	.gnu.lto_.decls.d236f20,"",%progbits
  76 0000 789C6366 		.ascii	"x\234cf``\230\000\304\377\201 \213\211\201\241\032\310"
  76      60609800 
ARM GAS  C:\Users\Luggi\AppData\Local\Temp\cc0zARd7.s 			page 5


  76      C4FF8120 
  76      8B8981A1 
  76      1AC8
  77 0012 6606E200 		.ascii	"f\006\342\000\006\004\000\0123l\002\342\255\014\230"
  77      0604000A 
  77      336C02E2 
  77      AD0C98
  78 0021 0024CE02 		.ascii	"\000$\316\002U\277\026\210w\001\361\016\250\034#T\036"
  78      55BF1688 
  78      7701F10E 
  78      A81C2354 
  78      1E
  79 0032 1D6C85DA 		.ascii	"\035l\205\332\201M=6;>21\356\\\367\345,\367\013&F>."
  79      814D3D36 
  79      3B3E3231 
  79      EE5CF7E5 
  79      2CF70B26 
  80 0049 051077D7 		.ascii	"\005\020w\327\244\0233\330\200\\\036.\026\020\367\332"
  80      A41333D8 
  80      805C1E2E 
  80      1610F7DA 
  81 0059 FEF6760E 		.ascii	"\376\366v\016f&F\020{\361\214\207W\270tV544t4\0348\300"
  81      66264610 
  81      7BF18C87 
  81      57B87456 
  81      35343474 
  82 0071 8830A271 		.ascii	"\2100\242q\331\356\036v\240\0361.0\267\357\364\254\203"
  82      D9EE1E76 
  82      A01E312E 
  82      30B7EFF4 
  82      AC83
  83 0083 CC60EE7F 		.ascii	"\314`\356\177\220>\246\2337\247\374df\344R\353hhhj\370"
  83      903EA69B 
  83      37A7FC64 
  83      66E452EB 
  83      6868686A 
  84 0098 30A98159 		.ascii	"0\251\201Y\202\201QG\212QS\212\201q\035\243\032P\031"
  84      82815147 
  84      8A51538A 
  84      81711DA3 
  84      1A5019
  85 00ab E32A461D 		.ascii	"\343*F\035\006\306\325\214R\214k\030\245\030\226\000"
  85      06C6D58C 
  85      528C6B18 
  85      A5189600 
  86 00bb 2DF830FF 		.ascii	"-\3700\377\312-\231\206\006\026\306\265\214\\\214+\031"
  86      CA2D9986 
  86      0616C6B5 
  86      8C5C8C2B 
  86      19
  87 00cc 99C12A80 		.ascii	"\231\301*\200\336\000\331\000\265tB\353\301\011,,\300"
  87      DE00D900 
  87      B57442EB 
  87      C1092C2C 
  87      C0
  88 00dd 0004AB89 		.ascii	"\000\004\253\211\006\273\366\353\377\207K\231\304\247"
  88      06BBF6EB 
ARM GAS  C:\Users\Luggi\AppData\Local\Temp\cc0zARd7.s 			page 6


  88      FF874B99 
  88      C4A7
  89 00eb 020D6898 		.ascii	"\002\015h\230\320\334 \300\302\030 \306\270\034h\354"
  89      D0DC20C0 
  89      C21820C6 
  89      B81C68EC 
  90 00fb 0AA0B10C 		.ascii	"\012\240\261\014\214\033\030\305\201\344zF\026\210\001"
  90      8C1B18C5 
  90      81E47A46 
  90      168801
  91 010a BFFBD74D 		.ascii	"\277\373\327M\347c6\004{m\347\316\346\027\214\012\363"
  91      E7633604 
  91      7B6DE7CE 
  91      E6178C0A 
  91      F3
  92 011b 1A166CF8 		.ascii	"\032\026l\370\320\265x2\363\314\206\005M\015\377\376"
  92      D0B57832 
  92      F3CC8605 
  92      4D0DFFFE 
  93 012b 039D0FD2 		.ascii	"\003\235\017\322\304\270\021\356\000\006\020\033\022"
  93      C4B811EE 
  93      0006101B 
  93      12
  94 0138 A29B1815 		.ascii	"\242\233\030\025\200\032;[60#[\010r\013\302\306\315"
  94      801A3B5B 
  94      3630235B 
  94      08720BC2 
  94      C6CD
  95 014a 601BA3A1 		.ascii	"`\033\243\241\026>\334~\256\213\2279\035l\341\261\015"
  95      163EDC7E 
  95      AE8B9739 
  95      1D6CE1B1 
  95      0D
  96 015b 9F27B183 		.ascii	"\237'\261\203-|\360s\035\333\211\206\003\377\377\333"
  96      2D7CF073 
  96      1DDB8986 
  96      03FFFFDB 
  97 016b 8394336E 		.ascii	"\203\2243nA\262k\013\314\256\255`\273\032\246w/\341"
  97      41B26B0B 
  97      CCAEAD60 
  97      BB1AA677 
  97      2FE1
  98 017d 602E07EB 		.ascii	"`.\007\353\337\372\255k'/\0270D\233\211\010Q`\034\\"
  98      DFFAAD6B 
  98      272F1730 
  98      449B8908 
  98      51601C5C 
  99 0191 39D7758D 		.ascii	"9\327u\215\023\022\007\350:v\342\214\203\037\217=Z\032"
  99      131207E8 
  99      3A76E28C 
  99      831F8F3D 
  99      5A1A
 100 01a3 1C187700 		.ascii	"\034\030w\000\375\264\015\021\007\333\031\021\221p\345"
 100      FDB40D11 
 100      07DB1911 
 100      9170E5
 101 01b2 74D36D66 		.ascii	"t\323mf\236.P\304\002\375\317\351\001V\213\360\377."
ARM GAS  C:\Users\Luggi\AppData\Local\Temp\cc0zARd7.s 			page 7


 101      9E2E50C4 
 101      02FDCFE9 
 101      01568BF0 
 101      FF2E
 102 01c4 461EB0FB 		.ascii	"F\036\260\373A4kif^\211\005\233\273_\250\2023\203\242"
 102      41346B69 
 102      665E8905 
 102      9BBB5FA8 
 102      823383A2 
 103 01d8 7B6A5E6A 		.ascii	"{j^jQbIjJ|p~iQrjL@p\276\263iLreIeAj\261^\006\203\200"
 103      5162496A 
 103      4A7C707E 
 103      6951726A 
 103      4C4070BE 
 104 01fa 737E5E49 		.ascii	"s~^IQ~N|Pp|xQfI\252\012\016-\010uz\311\014\374H\272"
 104      517E4E7C 
 104      50707C78 
 104      516649AA 
 104      0A0E2D08 
 105 0215 82521353 		.ascii	"\202R\023SX\212R\323-\000\262\312\352\240"
 105      588A52D3 
 105      2D00B2CA 
 105      EAA0
 106              		.text
 107              		.section	.gnu.lto_.symtab.d236f20,"",%progbits
 108 0000 436F6E74 		.ascii	"Control_RS_Write\000\000\000\000\000\000\000\000\000"
 108      726F6C5F 
 108      52535F57 
 108      72697465 
 108      00000000 
 109 0019 000000B2 		.ascii	"\000\000\000\262\000\000\000Control_RS_Read\000\000"
 109      00000043 
 109      6F6E7472 
 109      6F6C5F52 
 109      535F5265 
 110 0031 00000000 		.ascii	"\000\000\000\000\000\000\000\000\000\000\265\000\000"
 110      00000000 
 110      0000B500 
 110      00
 111 003e 00       		.ascii	"\000"
 112              		.text
 113              		.section	.gnu.lto_.opts,"",%progbits
 114 0000 272D666E 		.ascii	"'-fno-trapv' '-fno-strict-overflow' '-mcpu=cortex-m"
 114      6F2D7472 
 114      61707627 
 114      20272D66 
 114      6E6F2D73 
 115 0033 33272027 		.ascii	"3' '-mthumb' '-g' '-Og' '-ffunction-sections' '-flt"
 115      2D6D7468 
 115      756D6227 
 115      20272D67 
 115      2720272D 
 116 0066 6F272027 		.ascii	"o' '-ffat-lto-objects'\000"
 116      2D666661 
 116      742D6C74 
 116      6F2D6F62 
 116      6A656374 
ARM GAS  C:\Users\Luggi\AppData\Local\Temp\cc0zARd7.s 			page 8


 117              		.text
 118              		.cfi_sections	.debug_frame
 119              		.section	.text.Control_RS_Write,"ax",%progbits
 120              		.align	2
 121              		.global	Control_RS_Write
 122              		.thumb
 123              		.thumb_func
 124              		.type	Control_RS_Write, %function
 125              	Control_RS_Write:
 126              	.LFB0:
 127              		.file 1 "Generated_Source\\PSoC5\\Control_RS.c"
   1:Generated_Source\PSoC5/Control_RS.c **** /*******************************************************************************
   2:Generated_Source\PSoC5/Control_RS.c **** * File Name: Control_RS.c  
   3:Generated_Source\PSoC5/Control_RS.c **** * Version 1.80
   4:Generated_Source\PSoC5/Control_RS.c **** *
   5:Generated_Source\PSoC5/Control_RS.c **** * Description:
   6:Generated_Source\PSoC5/Control_RS.c **** *  This file contains API to enable firmware control of a Control Register.
   7:Generated_Source\PSoC5/Control_RS.c **** *
   8:Generated_Source\PSoC5/Control_RS.c **** * Note:
   9:Generated_Source\PSoC5/Control_RS.c **** *
  10:Generated_Source\PSoC5/Control_RS.c **** ********************************************************************************
  11:Generated_Source\PSoC5/Control_RS.c **** * Copyright 2008-2015, Cypress Semiconductor Corporation.  All rights reserved.
  12:Generated_Source\PSoC5/Control_RS.c **** * You may use this file only in accordance with the license, terms, conditions, 
  13:Generated_Source\PSoC5/Control_RS.c **** * disclaimers, and limitations in the end user license agreement accompanying 
  14:Generated_Source\PSoC5/Control_RS.c **** * the software package with which this file was provided.
  15:Generated_Source\PSoC5/Control_RS.c **** *******************************************************************************/
  16:Generated_Source\PSoC5/Control_RS.c **** 
  17:Generated_Source\PSoC5/Control_RS.c **** #include "Control_RS.h"
  18:Generated_Source\PSoC5/Control_RS.c **** 
  19:Generated_Source\PSoC5/Control_RS.c **** /* Check for removal by optimization */
  20:Generated_Source\PSoC5/Control_RS.c **** #if !defined(Control_RS_Sync_ctrl_reg__REMOVED)
  21:Generated_Source\PSoC5/Control_RS.c **** 
  22:Generated_Source\PSoC5/Control_RS.c ****     
  23:Generated_Source\PSoC5/Control_RS.c **** /*******************************************************************************
  24:Generated_Source\PSoC5/Control_RS.c **** * Function Name: Control_RS_Write
  25:Generated_Source\PSoC5/Control_RS.c **** ********************************************************************************
  26:Generated_Source\PSoC5/Control_RS.c **** *
  27:Generated_Source\PSoC5/Control_RS.c **** * Summary:
  28:Generated_Source\PSoC5/Control_RS.c **** *  Write a byte to the Control Register.
  29:Generated_Source\PSoC5/Control_RS.c **** *
  30:Generated_Source\PSoC5/Control_RS.c **** * Parameters:
  31:Generated_Source\PSoC5/Control_RS.c **** *  control:  The value to be assigned to the Control Register.
  32:Generated_Source\PSoC5/Control_RS.c **** *
  33:Generated_Source\PSoC5/Control_RS.c **** * Return:
  34:Generated_Source\PSoC5/Control_RS.c **** *  None.
  35:Generated_Source\PSoC5/Control_RS.c **** *
  36:Generated_Source\PSoC5/Control_RS.c **** *******************************************************************************/
  37:Generated_Source\PSoC5/Control_RS.c **** void Control_RS_Write(uint8 control) 
  38:Generated_Source\PSoC5/Control_RS.c **** {
 128              		.loc 1 38 0
 129              		.cfi_startproc
 130              		@ args = 0, pretend = 0, frame = 0
 131              		@ frame_needed = 0, uses_anonymous_args = 0
 132              		@ link register save eliminated.
 133              	.LVL0:
  39:Generated_Source\PSoC5/Control_RS.c ****     Control_RS_Control = control;
 134              		.loc 1 39 0
ARM GAS  C:\Users\Luggi\AppData\Local\Temp\cc0zARd7.s 			page 9


 135 0000 014B     		ldr	r3, .L2
 136 0002 1870     		strb	r0, [r3]
 137 0004 7047     		bx	lr
 138              	.L3:
 139 0006 00BF     		.align	2
 140              	.L2:
 141 0008 74650040 		.word	1073767796
 142              		.cfi_endproc
 143              	.LFE0:
 144              		.size	Control_RS_Write, .-Control_RS_Write
 145              		.section	.text.Control_RS_Read,"ax",%progbits
 146              		.align	2
 147              		.global	Control_RS_Read
 148              		.thumb
 149              		.thumb_func
 150              		.type	Control_RS_Read, %function
 151              	Control_RS_Read:
 152              	.LFB1:
  40:Generated_Source\PSoC5/Control_RS.c **** }
  41:Generated_Source\PSoC5/Control_RS.c **** 
  42:Generated_Source\PSoC5/Control_RS.c **** 
  43:Generated_Source\PSoC5/Control_RS.c **** /*******************************************************************************
  44:Generated_Source\PSoC5/Control_RS.c **** * Function Name: Control_RS_Read
  45:Generated_Source\PSoC5/Control_RS.c **** ********************************************************************************
  46:Generated_Source\PSoC5/Control_RS.c **** *
  47:Generated_Source\PSoC5/Control_RS.c **** * Summary:
  48:Generated_Source\PSoC5/Control_RS.c **** *  Reads the current value assigned to the Control Register.
  49:Generated_Source\PSoC5/Control_RS.c **** *
  50:Generated_Source\PSoC5/Control_RS.c **** * Parameters:
  51:Generated_Source\PSoC5/Control_RS.c **** *  None.
  52:Generated_Source\PSoC5/Control_RS.c **** *
  53:Generated_Source\PSoC5/Control_RS.c **** * Return:
  54:Generated_Source\PSoC5/Control_RS.c **** *  Returns the current value in the Control Register.
  55:Generated_Source\PSoC5/Control_RS.c **** *
  56:Generated_Source\PSoC5/Control_RS.c **** *******************************************************************************/
  57:Generated_Source\PSoC5/Control_RS.c **** uint8 Control_RS_Read(void) 
  58:Generated_Source\PSoC5/Control_RS.c **** {
 153              		.loc 1 58 0
 154              		.cfi_startproc
 155              		@ args = 0, pretend = 0, frame = 0
 156              		@ frame_needed = 0, uses_anonymous_args = 0
 157              		@ link register save eliminated.
  59:Generated_Source\PSoC5/Control_RS.c ****     return Control_RS_Control;
 158              		.loc 1 59 0
 159 0000 014B     		ldr	r3, .L5
 160 0002 1878     		ldrb	r0, [r3]	@ zero_extendqisi2
  60:Generated_Source\PSoC5/Control_RS.c **** }
 161              		.loc 1 60 0
 162 0004 7047     		bx	lr
 163              	.L6:
 164 0006 00BF     		.align	2
 165              	.L5:
 166 0008 74650040 		.word	1073767796
 167              		.cfi_endproc
 168              	.LFE1:
 169              		.size	Control_RS_Read, .-Control_RS_Read
 170              		.text
ARM GAS  C:\Users\Luggi\AppData\Local\Temp\cc0zARd7.s 			page 10


 171              	.Letext0:
 172              		.file 2 "Generated_Source\\PSoC5\\cytypes.h"
 173              		.section	.debug_info,"",%progbits
 174              	.Ldebug_info0:
 175 0000 D2000000 		.4byte	0xd2
 176 0004 0400     		.2byte	0x4
 177 0006 00000000 		.4byte	.Ldebug_abbrev0
 178 000a 04       		.byte	0x4
 179 000b 01       		.uleb128 0x1
 180 000c 2A000000 		.4byte	.LASF14
 181 0010 01       		.byte	0x1
 182 0011 00000000 		.4byte	.LASF15
 183 0015 4D010000 		.4byte	.LASF16
 184 0019 00000000 		.4byte	.Ldebug_ranges0+0
 185 001d 00000000 		.4byte	0
 186 0021 00000000 		.4byte	.Ldebug_line0
 187 0025 02       		.uleb128 0x2
 188 0026 01       		.byte	0x1
 189 0027 06       		.byte	0x6
 190 0028 F8010000 		.4byte	.LASF0
 191 002c 02       		.uleb128 0x2
 192 002d 01       		.byte	0x1
 193 002e 08       		.byte	0x8
 194 002f F0000000 		.4byte	.LASF1
 195 0033 02       		.uleb128 0x2
 196 0034 02       		.byte	0x2
 197 0035 05       		.byte	0x5
 198 0036 DF010000 		.4byte	.LASF2
 199 003a 02       		.uleb128 0x2
 200 003b 02       		.byte	0x2
 201 003c 07       		.byte	0x7
 202 003d D5000000 		.4byte	.LASF3
 203 0041 02       		.uleb128 0x2
 204 0042 04       		.byte	0x4
 205 0043 05       		.byte	0x5
 206 0044 EF010000 		.4byte	.LASF4
 207 0048 02       		.uleb128 0x2
 208 0049 04       		.byte	0x4
 209 004a 07       		.byte	0x7
 210 004b C3000000 		.4byte	.LASF5
 211 004f 02       		.uleb128 0x2
 212 0050 08       		.byte	0x8
 213 0051 05       		.byte	0x5
 214 0052 3A010000 		.4byte	.LASF6
 215 0056 02       		.uleb128 0x2
 216 0057 08       		.byte	0x8
 217 0058 07       		.byte	0x7
 218 0059 12010000 		.4byte	.LASF7
 219 005d 03       		.uleb128 0x3
 220 005e 04       		.byte	0x4
 221 005f 05       		.byte	0x5
 222 0060 696E7400 		.ascii	"int\000"
 223 0064 02       		.uleb128 0x2
 224 0065 04       		.byte	0x4
 225 0066 07       		.byte	0x7
 226 0067 05010000 		.4byte	.LASF8
 227 006b 04       		.uleb128 0x4
ARM GAS  C:\Users\Luggi\AppData\Local\Temp\cc0zARd7.s 			page 11


 228 006c E9010000 		.4byte	.LASF12
 229 0070 02       		.byte	0x2
 230 0071 9201     		.2byte	0x192
 231 0073 2C000000 		.4byte	0x2c
 232 0077 02       		.uleb128 0x2
 233 0078 04       		.byte	0x4
 234 0079 04       		.byte	0x4
 235 007a 24000000 		.4byte	.LASF9
 236 007e 02       		.uleb128 0x2
 237 007f 08       		.byte	0x8
 238 0080 04       		.byte	0x4
 239 0081 FE000000 		.4byte	.LASF10
 240 0085 02       		.uleb128 0x2
 241 0086 01       		.byte	0x1
 242 0087 08       		.byte	0x8
 243 0088 48010000 		.4byte	.LASF11
 244 008c 04       		.uleb128 0x4
 245 008d BE000000 		.4byte	.LASF13
 246 0091 02       		.byte	0x2
 247 0092 3C02     		.2byte	0x23c
 248 0094 98000000 		.4byte	0x98
 249 0098 05       		.uleb128 0x5
 250 0099 6B000000 		.4byte	0x6b
 251 009d 06       		.uleb128 0x6
 252 009e 29010000 		.4byte	.LASF17
 253 00a2 01       		.byte	0x1
 254 00a3 25       		.byte	0x25
 255 00a4 00000000 		.4byte	.LFB0
 256 00a8 0C000000 		.4byte	.LFE0-.LFB0
 257 00ac 01       		.uleb128 0x1
 258 00ad 9C       		.byte	0x9c
 259 00ae C0000000 		.4byte	0xc0
 260 00b2 07       		.uleb128 0x7
 261 00b3 E8000000 		.4byte	.LASF18
 262 00b7 01       		.byte	0x1
 263 00b8 25       		.byte	0x25
 264 00b9 6B000000 		.4byte	0x6b
 265 00bd 01       		.uleb128 0x1
 266 00be 50       		.byte	0x50
 267 00bf 00       		.byte	0
 268 00c0 08       		.uleb128 0x8
 269 00c1 CF010000 		.4byte	.LASF19
 270 00c5 01       		.byte	0x1
 271 00c6 39       		.byte	0x39
 272 00c7 6B000000 		.4byte	0x6b
 273 00cb 00000000 		.4byte	.LFB1
 274 00cf 0C000000 		.4byte	.LFE1-.LFB1
 275 00d3 01       		.uleb128 0x1
 276 00d4 9C       		.byte	0x9c
 277 00d5 00       		.byte	0
 278              		.section	.debug_abbrev,"",%progbits
 279              	.Ldebug_abbrev0:
 280 0000 01       		.uleb128 0x1
 281 0001 11       		.uleb128 0x11
 282 0002 01       		.byte	0x1
 283 0003 25       		.uleb128 0x25
 284 0004 0E       		.uleb128 0xe
ARM GAS  C:\Users\Luggi\AppData\Local\Temp\cc0zARd7.s 			page 12


 285 0005 13       		.uleb128 0x13
 286 0006 0B       		.uleb128 0xb
 287 0007 03       		.uleb128 0x3
 288 0008 0E       		.uleb128 0xe
 289 0009 1B       		.uleb128 0x1b
 290 000a 0E       		.uleb128 0xe
 291 000b 55       		.uleb128 0x55
 292 000c 17       		.uleb128 0x17
 293 000d 11       		.uleb128 0x11
 294 000e 01       		.uleb128 0x1
 295 000f 10       		.uleb128 0x10
 296 0010 17       		.uleb128 0x17
 297 0011 00       		.byte	0
 298 0012 00       		.byte	0
 299 0013 02       		.uleb128 0x2
 300 0014 24       		.uleb128 0x24
 301 0015 00       		.byte	0
 302 0016 0B       		.uleb128 0xb
 303 0017 0B       		.uleb128 0xb
 304 0018 3E       		.uleb128 0x3e
 305 0019 0B       		.uleb128 0xb
 306 001a 03       		.uleb128 0x3
 307 001b 0E       		.uleb128 0xe
 308 001c 00       		.byte	0
 309 001d 00       		.byte	0
 310 001e 03       		.uleb128 0x3
 311 001f 24       		.uleb128 0x24
 312 0020 00       		.byte	0
 313 0021 0B       		.uleb128 0xb
 314 0022 0B       		.uleb128 0xb
 315 0023 3E       		.uleb128 0x3e
 316 0024 0B       		.uleb128 0xb
 317 0025 03       		.uleb128 0x3
 318 0026 08       		.uleb128 0x8
 319 0027 00       		.byte	0
 320 0028 00       		.byte	0
 321 0029 04       		.uleb128 0x4
 322 002a 16       		.uleb128 0x16
 323 002b 00       		.byte	0
 324 002c 03       		.uleb128 0x3
 325 002d 0E       		.uleb128 0xe
 326 002e 3A       		.uleb128 0x3a
 327 002f 0B       		.uleb128 0xb
 328 0030 3B       		.uleb128 0x3b
 329 0031 05       		.uleb128 0x5
 330 0032 49       		.uleb128 0x49
 331 0033 13       		.uleb128 0x13
 332 0034 00       		.byte	0
 333 0035 00       		.byte	0
 334 0036 05       		.uleb128 0x5
 335 0037 35       		.uleb128 0x35
 336 0038 00       		.byte	0
 337 0039 49       		.uleb128 0x49
 338 003a 13       		.uleb128 0x13
 339 003b 00       		.byte	0
 340 003c 00       		.byte	0
 341 003d 06       		.uleb128 0x6
ARM GAS  C:\Users\Luggi\AppData\Local\Temp\cc0zARd7.s 			page 13


 342 003e 2E       		.uleb128 0x2e
 343 003f 01       		.byte	0x1
 344 0040 3F       		.uleb128 0x3f
 345 0041 19       		.uleb128 0x19
 346 0042 03       		.uleb128 0x3
 347 0043 0E       		.uleb128 0xe
 348 0044 3A       		.uleb128 0x3a
 349 0045 0B       		.uleb128 0xb
 350 0046 3B       		.uleb128 0x3b
 351 0047 0B       		.uleb128 0xb
 352 0048 27       		.uleb128 0x27
 353 0049 19       		.uleb128 0x19
 354 004a 11       		.uleb128 0x11
 355 004b 01       		.uleb128 0x1
 356 004c 12       		.uleb128 0x12
 357 004d 06       		.uleb128 0x6
 358 004e 40       		.uleb128 0x40
 359 004f 18       		.uleb128 0x18
 360 0050 9742     		.uleb128 0x2117
 361 0052 19       		.uleb128 0x19
 362 0053 01       		.uleb128 0x1
 363 0054 13       		.uleb128 0x13
 364 0055 00       		.byte	0
 365 0056 00       		.byte	0
 366 0057 07       		.uleb128 0x7
 367 0058 05       		.uleb128 0x5
 368 0059 00       		.byte	0
 369 005a 03       		.uleb128 0x3
 370 005b 0E       		.uleb128 0xe
 371 005c 3A       		.uleb128 0x3a
 372 005d 0B       		.uleb128 0xb
 373 005e 3B       		.uleb128 0x3b
 374 005f 0B       		.uleb128 0xb
 375 0060 49       		.uleb128 0x49
 376 0061 13       		.uleb128 0x13
 377 0062 02       		.uleb128 0x2
 378 0063 18       		.uleb128 0x18
 379 0064 00       		.byte	0
 380 0065 00       		.byte	0
 381 0066 08       		.uleb128 0x8
 382 0067 2E       		.uleb128 0x2e
 383 0068 00       		.byte	0
 384 0069 3F       		.uleb128 0x3f
 385 006a 19       		.uleb128 0x19
 386 006b 03       		.uleb128 0x3
 387 006c 0E       		.uleb128 0xe
 388 006d 3A       		.uleb128 0x3a
 389 006e 0B       		.uleb128 0xb
 390 006f 3B       		.uleb128 0x3b
 391 0070 0B       		.uleb128 0xb
 392 0071 27       		.uleb128 0x27
 393 0072 19       		.uleb128 0x19
 394 0073 49       		.uleb128 0x49
 395 0074 13       		.uleb128 0x13
 396 0075 11       		.uleb128 0x11
 397 0076 01       		.uleb128 0x1
 398 0077 12       		.uleb128 0x12
ARM GAS  C:\Users\Luggi\AppData\Local\Temp\cc0zARd7.s 			page 14


 399 0078 06       		.uleb128 0x6
 400 0079 40       		.uleb128 0x40
 401 007a 18       		.uleb128 0x18
 402 007b 9742     		.uleb128 0x2117
 403 007d 19       		.uleb128 0x19
 404 007e 00       		.byte	0
 405 007f 00       		.byte	0
 406 0080 00       		.byte	0
 407              		.section	.debug_aranges,"",%progbits
 408 0000 24000000 		.4byte	0x24
 409 0004 0200     		.2byte	0x2
 410 0006 00000000 		.4byte	.Ldebug_info0
 411 000a 04       		.byte	0x4
 412 000b 00       		.byte	0
 413 000c 0000     		.2byte	0
 414 000e 0000     		.2byte	0
 415 0010 00000000 		.4byte	.LFB0
 416 0014 0C000000 		.4byte	.LFE0-.LFB0
 417 0018 00000000 		.4byte	.LFB1
 418 001c 0C000000 		.4byte	.LFE1-.LFB1
 419 0020 00000000 		.4byte	0
 420 0024 00000000 		.4byte	0
 421              		.section	.debug_ranges,"",%progbits
 422              	.Ldebug_ranges0:
 423 0000 00000000 		.4byte	.LFB0
 424 0004 0C000000 		.4byte	.LFE0
 425 0008 00000000 		.4byte	.LFB1
 426 000c 0C000000 		.4byte	.LFE1
 427 0010 00000000 		.4byte	0
 428 0014 00000000 		.4byte	0
 429              		.section	.debug_line,"",%progbits
 430              	.Ldebug_line0:
 431 0000 6E000000 		.section	.debug_str,"MS",%progbits,1
 431      02004700 
 431      00000201 
 431      FB0E0D00 
 431      01010101 
 432              	.LASF15:
 433 0000 47656E65 		.ascii	"Generated_Source\\PSoC5\\Control_RS.c\000"
 433      72617465 
 433      645F536F 
 433      75726365 
 433      5C50536F 
 434              	.LASF9:
 435 0024 666C6F61 		.ascii	"float\000"
 435      7400
 436              	.LASF14:
 437 002a 474E5520 		.ascii	"GNU C 4.9.3 20150303 (release) [ARM/embedded-4_9-br"
 437      4320342E 
 437      392E3320 
 437      32303135 
 437      30333033 
 438 005d 616E6368 		.ascii	"anch revision 221220] -mcpu=cortex-m3 -mthumb -g -O"
 438      20726576 
 438      6973696F 
 438      6E203232 
 438      31323230 
ARM GAS  C:\Users\Luggi\AppData\Local\Temp\cc0zARd7.s 			page 15


 439 0090 67202D66 		.ascii	"g -ffunction-sections -flto -ffat-lto-objects\000"
 439      66756E63 
 439      74696F6E 
 439      2D736563 
 439      74696F6E 
 440              	.LASF13:
 441 00be 72656738 		.ascii	"reg8\000"
 441      00
 442              	.LASF5:
 443 00c3 6C6F6E67 		.ascii	"long unsigned int\000"
 443      20756E73 
 443      69676E65 
 443      6420696E 
 443      7400
 444              	.LASF3:
 445 00d5 73686F72 		.ascii	"short unsigned int\000"
 445      7420756E 
 445      7369676E 
 445      65642069 
 445      6E7400
 446              	.LASF18:
 447 00e8 636F6E74 		.ascii	"control\000"
 447      726F6C00 
 448              	.LASF1:
 449 00f0 756E7369 		.ascii	"unsigned char\000"
 449      676E6564 
 449      20636861 
 449      7200
 450              	.LASF10:
 451 00fe 646F7562 		.ascii	"double\000"
 451      6C6500
 452              	.LASF8:
 453 0105 756E7369 		.ascii	"unsigned int\000"
 453      676E6564 
 453      20696E74 
 453      00
 454              	.LASF7:
 455 0112 6C6F6E67 		.ascii	"long long unsigned int\000"
 455      206C6F6E 
 455      6720756E 
 455      7369676E 
 455      65642069 
 456              	.LASF17:
 457 0129 436F6E74 		.ascii	"Control_RS_Write\000"
 457      726F6C5F 
 457      52535F57 
 457      72697465 
 457      00
 458              	.LASF6:
 459 013a 6C6F6E67 		.ascii	"long long int\000"
 459      206C6F6E 
 459      6720696E 
 459      7400
 460              	.LASF11:
 461 0148 63686172 		.ascii	"char\000"
 461      00
 462              	.LASF16:
ARM GAS  C:\Users\Luggi\AppData\Local\Temp\cc0zARd7.s 			page 16


 463 014d 433A5C55 		.ascii	"C:\\Users\\Luggi\\Desktop\\Aktuelles Projekt Laser_"
 463      73657273 
 463      5C4C7567 
 463      67695C44 
 463      65736B74 
 464 017c 73636875 		.ascii	"schutzschaltung\\Aktuelles Projekt Laser_schutzscha"
 464      747A7363 
 464      68616C74 
 464      756E675C 
 464      416B7475 
 465 01ae 6C74756E 		.ascii	"ltung\\Laserschutzschaltung.cydsn\000"
 465      675C4C61 
 465      73657273 
 465      63687574 
 465      7A736368 
 466              	.LASF19:
 467 01cf 436F6E74 		.ascii	"Control_RS_Read\000"
 467      726F6C5F 
 467      52535F52 
 467      65616400 
 468              	.LASF2:
 469 01df 73686F72 		.ascii	"short int\000"
 469      7420696E 
 469      7400
 470              	.LASF12:
 471 01e9 75696E74 		.ascii	"uint8\000"
 471      3800
 472              	.LASF4:
 473 01ef 6C6F6E67 		.ascii	"long int\000"
 473      20696E74 
 473      00
 474              	.LASF0:
 475 01f8 7369676E 		.ascii	"signed char\000"
 475      65642063 
 475      68617200 
 476              		.comm	__gnu_lto_v1,1,1
 477              		.ident	"GCC: (GNU Tools for ARM Embedded Processors) 4.9.3 20150303 (release) [ARM/embedded-4_9-br
