ARM GAS  C:\Users\Luggi\AppData\Local\Temp\cczh8Abh.s 			page 1


   1              		.syntax unified
   2              		.cpu cortex-m3
   3              		.fpu softvfp
   4              		.eabi_attribute 20, 1
   5              		.eabi_attribute 21, 1
   6              		.eabi_attribute 23, 3
   7              		.eabi_attribute 24, 1
   8              		.eabi_attribute 25, 1
   9              		.eabi_attribute 26, 1
  10              		.eabi_attribute 30, 1
  11              		.eabi_attribute 34, 1
  12              		.eabi_attribute 18, 4
  13              		.thumb
  14              		.file	"DAC_Current_Control_PM.c"
  15              		.text
  16              	.Ltext0:
  17              		.section	.gnu.lto_.profile.d2365be,"",%progbits
  18 0000 789C6366 		.ascii	"x\234cf```a\200\000F\206X\035\000\001Z\000\222"
  18      60606061 
  18      80004686 
  18      581D0001 
  18      5A0092
  19              		.text
  20              		.section	.gnu.lto_.inline.d2365be,"",%progbits
  21 0000 789C6366 		.ascii	"x\234cf\300\016\262\2404\013\003\003';#\003\023\317"
  21      C00EB2A0 
  21      340B0303 
  21      273B2303 
  21      13CF
  22 0012 894006B6 		.ascii	"\211@\006\266\005\362L 1&\006Qn\240\220\312\207^F\270"
  22      05F24C20 
  22      31260651 
  22      6EA090CA 
  22      875E46B8 
  23 0026 183303B7 		.ascii	"\0303\003\2674H\331\004?\270\020#\027\214`a\340\026"
  23      3448D904 
  23      3FB81023 
  23      178C6061 
  23      E016
  24 0038 064A72FC 		.ascii	"\006Jr\3743D\230\301\015\224\233\340\207P\303\000\000"
  24      334498C1 
  24      0D949BE0 
  24      8750C300 
  24      00
  25 0049 6A730A17 		.ascii	"js\012\027"
  26              		.text
  27              		.section	.gnu.lto_.jmpfuncs.d2365be,"",%progbits
  28 0000 789C6366 		.ascii	"x\234cf\300\016D\2414\013\0203100C\331\214`A\000\003"
  28      C00E44A1 
  28      340B1033 
  28      31303043 
  28      D98C6041 
  29 0016 FF0027   		.ascii	"\377\000'"
  30              		.text
  31              		.section	.gnu.lto_.pureconst.d2365be,"",%progbits
  32 0000 789C6366 		.ascii	"x\234cf``\340d\200\000\026\006)&)f)\026)\000\002\321"
  32      6060E064 
ARM GAS  C:\Users\Luggi\AppData\Local\Temp\cczh8Abh.s 			page 2


  32      80001606 
  32      29262966 
  32      29162900 
  33 0016 0082     		.ascii	"\000\202"
  34              		.text
  35              		.section	.gnu.lto_DAC_Current_Control_SaveConfig.d2365be,"",%progbits
  36 0000 789C6591 		.ascii	"x\234e\221\321K\024Q\024\306\317w\356\235uq\025\242"
  36      D14B1451 
  36      14C6CF77 
  36      EE9D7571 
  36      15A2
  37 0012 471FA237 		.ascii	"G\037\2427\237l\243\350\017\210\015z\010a\301Wa)\233"
  37      9F6CA3E8 
  37      0F880D7A 
  37      0861C157 
  37      61299B
  38 0025 B7D88561 		.ascii	"\267\330\205a}\024\357\350\020\021Q\"D\201)\364P\253"
  38      7D14EFE8 
  38      10115122 
  38      448129F4 
  38      50AB
  39 0037 ADED9A42 		.ascii	"\255\355\232B\"\025L\321\213\017\031\225\221\011\031"
  39      22154CD1 
  39      8B0F1995 
  39      910919
  40 0046 C246F610 		.ascii	"\302F\366\020dE5\225\332\2713K\006\015\314\275s\317"
  40      64453595 
  40      DAB9334B 
  40      060DCCBD 
  40      73CF
  41 0058 F9CD77BE 		.ascii	"\371\315w\276s\256\242\377\237\303\362\276\007\321!"
  41      73AEA2FF 
  41      9FC3F2BE 
  41      07D121
  42 0067 D9E11078 		.ascii	"\331\341\020xd\211\310O3\253\345,\231V}\177\037\231"
  42      6489C84F 
  42      33ABE52C 
  42      99567D7F 
  42      1F99
  43 0079 36059D84 		.ascii	"6\005\235\2045`?\0104\310Jc\020\037x\2231\022V\257f"
  43      35603F08 
  43      34C84A63 
  43      101F7893 
  43      311256AF 
  44 008e 3A6F1863 		.ascii	":o\030c>=_\364\363!\"&\372\302I\001T\320I\002m\006["
  44      3E3D5FF4 
  44      F3212226 
  44      FAC24901 
  44      54D04902 
  45 00a5 AF32A940 		.ascii	"\2572\251@\240=I\016\223HIa\252\357\015\315\316\316"
  45      A03D490E 
  45      93484961 
  45      AAEF0DCD 
  45      CECE
  46 00b7 5CE5E15D 		.ascii	"\\\345\341]\264(\212\030\332.\216]\210\032B\332\212"
  46      B4288A18 
  46      DA2E8E5D 
ARM GAS  C:\Users\Luggi\AppData\Local\Temp\cczh8Abh.s 			page 3


  46      881A42DA 
  46      8A
  47 00c8 EF98EDAE 		.ascii	"\357\230\355\256V\361\350\333\371\355\307\312\376\374"
  47      56F1E8DB 
  47      F9EDC7CA 
  47      FEFC
  48 00d6 9D95E84E 		.ascii	"\235\225\350N-~|\226\336\340\210\371\372\214o\264-\365"
  48      2D7E7C96 
  48      DEE088F9 
  48      FA8C6FB4 
  48      2DF5
  49 00e8 B6F1B419 		.ascii	"\266\361\264\031\"{\254_Y\373\215q\214\371\201\030S"
  49      227BAC5F 
  49      59FB8D71 
  49      8CF98118 
  49      53
  50 00f9 9842076E 		.ascii	"\230B\007n\241C\014T%J\253\030\376q\266\241\023A\235"
  50      A1430C54 
  50      254AAB18 
  50      FE71B6A1 
  50      13419D
  51 010c 682ED4BE 		.ascii	"h.\324\276>\311X\001\354'L\013\373\022\301\312\360\251"
  51      3EC95801 
  51      EC274C0B 
  51      FB12C1CA 
  51      F0A9
  52 011e 2623807F 		.ascii	"&#\200\177\363\336\205\226\030\020\231\333V\214\254"
  52      F3DE8596 
  52      181099DB 
  52      568CAC
  53 012d 4745CBD9 		.ascii	"GE\313\331\304\342\322\345\366\204v\204\256\274~\360"
  53      C4E2D2E5 
  53      F6847684 
  53      AEBC7EF0 
  54 013d A63DF663 		.ascii	"\246=\366c\346\233\026\327+?7\332v=\325\376z\252'\236"
  54      E69B16D7 
  54      2B3F37DA 
  54      763DD5FE 
  54      7AAA279E 
  55 0151 8646D7B3 		.ascii	"\206F\327\263V@\320\211\027\027k<\360\313\2343\351\210"
  55      5640D089 
  55      17176B3C 
  55      F0CB9C33 
  55      E988
  56 0163 F5961DDD 		.ascii	"\365\226\035\335\277=\352\3708\351\007\327\342\036\215"
  56      BF3DEAF8 
  56      38E907D7 
  56      E21E8D
  57 0172 A51CCC60 		.ascii	"\245\034\314`\000w\254\240\344\266\247/\315\246\272"
  57      0077ACA0 
  57      E4B6A72F 
  57      CDA6BA
  58 0181 AA32F9F0 		.ascii	"\2522\371\360D\304)\314\012\3709\276\035\314\241K,\306"
  58      44C429CC 
  58      0AF839BE 
  58      1DCCA14B 
  58      2CC6
ARM GAS  C:\Users\Luggi\AppData\Local\Temp\cczh8Abh.s 			page 4


  59 0193 DE753CDF 		.ascii	"\336u<\3375\370\341\274c+\333|C\372\223\250\260\007"
  59      35F8E1BC 
  59      632BDB7C 
  59      43FA93A8 
  59      B007
  60 01a5 8FBB45D7 		.ascii	"\217\273E\327;YvO\027zJ\375^\237\333\233\357)\345\216"
  60      3B59764F 
  60      177A4AFD 
  60      5E9FDB9B 
  60      EF29E58E 
  61 01b9 F41E3B9A 		.ascii	"\364\036;\232+\344\372=\317-\226\013\271R\261\354\225"
  61      2BE4FA3D 
  61      CF2D960B 
  61      B952B1EC 
  61      95
  62 01ca CE14F2DD 		.ascii	"\316\024\362\335\007\372\350\017\014~\303\024"
  62      07FAE80F 
  62      0C7EC314 
  63              		.text
  64              		.section	.gnu.lto_DAC_Current_Control_RestoreConfig.d2365be,"",%progbits
  65 0000 789C8D93 		.ascii	"x\234\215\223_HSQ\034\307\177\277s\357=\233n\271\362"
  65      5F485351 
  65      1CC77FBF 
  65      73EF3D9B 
  65      6EB9F2
  66 0013 A107C1E8 		.ascii	"\241\007\301\350\315\2070+\350\245\207 \026\365R \370"
  66      CD87302B 
  66      E8A58720 
  66      16F55220 
  66      F8
  67 0024 2A8CB2BD 		.ascii	"*\214\262\275\305\006C\037\305{s\364\217\376HP\015\372"
  67      C506431F 
  67      C57B73F4 
  67      8FFE4850 
  67      0DFA
  68 0036 03836A9A 		.ascii	"\003\203j\232kSK\227\371\247%VD\177$\262?\012)\301\012"
  68      6B534B97 
  68      F9A72556 
  68      447F24B2 
  68      3F0A29C1 
  69 004b 7B089A8A 		.ascii	"{\010\232\212\266\312\354\374\316\271N\261\032]\330"
  69      B6CAECFC 
  69      CEB94EB1 
  69      1A5DD8
  70 005a EFDC7BCE 		.ascii	"\357\334{\316\367~\177\237\373=g\032\374y\355\023\277"
  70      F77E7F9F 
  70      FB3D671A 
  70      FC79ED13 
  70      BF
  71 006b F53AC036 		.ascii	"\365:\30061\242\003\220\265\274\000\260\234\214i\243"
  71      31A20390 
  71      B5BC00B0 
  71      9C8C69A3 
  72 007b 556016F3 		.ascii	"U`\026\363\376\015`\2725\246\323Xl\320\234[G\256D\306"
  72      FE0D60BA 
  72      35A6D358 
  72      6CD09C5B 
ARM GAS  C:\Users\Luggi\AppData\Local\Temp\cczh8Abh.s 			page 5


  72      47AE44C6 
  73 008f D20D47A4 		.ascii	"\322\015G\244\033@hb\232npl\302\317,\313\260%\335\036"
  73      1B406862 
  73      9A6E706C 
  73      C2CF2CCB 
  73      B025DD1E 
  74 00a3 71555C37 		.ascii	"qU\\7M\363\353\320\210U\235\306\034\003\230a\2523\306"
  74      4DF3EBD0 
  74      88559DC6 
  74      1C039861 
  74      AA33C6
  75 00b6 B0028428 		.ascii	"\260\002\204(\033^x\353\342a!Z\253\326\260\0259\212"
  75      1B5E78EB 
  75      E261215A 
  75      ABD6B015 
  75      398A
  76 00c8 31599A36 		.ascii	"1Y\2326\027\027g\006\037\364\360u\032\344\030\352T\014"
  76      17176706 
  76      1FF4F075 
  76      1AE418EA 
  76      540C
  77 00da 2A9C8A83 		.ascii	"*\234\212\203J\021\025\027\0257\225\022*\036*\000\031"
  77      4A111517 
  77      15379512 
  77      2A1E2A00 
  77      19
  78 00eb 6146581F 		.ascii	"aFX\037\031\243Q\033\307\241\271\223s\2175\362\237g"
  78      19A3511B 
  78      C7A1B993 
  78      738F35F2 
  78      9F67
  79 00fd 9A68DDF6 		.ascii	"\232h\335\366\344\313K\347\024\3131\026\355\260L\235"
  79      E4CB4BE7 
  79      14CB3116 
  79      EDB04C9D 
  80 010d 68263323 		.ascii	"h&3#\366\024\320c\362\342\304O\274\202\227\254\260`"
  80      F614D063 
  80      F2E2C44F 
  80      BC8297AC 
  80      B060
  81 011f D7B00DCB 		.ascii	"\327\260\015\313\360&\226\011\306v1\013\343\330\374"
  81      F0269609 
  81      C676310B 
  81      E3D8FC
  82 012e ED684657 		.ascii	"\355hFW\206%\312\26371\373\334E\006\270\0210.\264\257"
  82      8625CAB3 
  82      3731FBDC 
  82      4506B811 
  82      302EB4AF 
  83 0142 31FCAEF9 		.ascii	"1\374\256\371\240\255\021\002\353F\337)\207\024\010"
  83      A0AD1102 
  83      EB46DF29 
  83      871408
  84 0151 9B5B6406 		.ascii	"\233[d\006\304\250\301h\225B|\024\331\241\324\206P\307"
  84      C4A8C168 
  84      95427C14 
  84      D9A1D486 
ARM GAS  C:\Users\Luggi\AppData\Local\Temp\cczh8Abh.s 			page 6


  84      50C7
  85 0163 274FEF94 		.ascii	"'O\357\2248\307\272m\302\336h&\305\226\221\022y\244"
  85      38C7BA6D 
  85      C2DE6826 
  85      C5969112 
  85      79A4
  86 0175 641E69D8 		.ascii	"d\036i\330P\006\272\362\270v\376B\334\220\035\235\200"
  86      5006BAF2 
  86      B876FE42 
  86      DC901D9D 
  86      80
  87 0186 1D0A69AC 		.ascii	"\035\012i\2549`kV0\350\360\264T1\274\211t\240Z\347\205"
  87      39606B56 
  87      30E8F0B4 
  87      5431BC89 
  87      74A05AE7 
  88 019b 5A762EB5 		.ascii	"Zv.\265\344J\354P\372\344t|\230SCm\036\001\273\204T"
  88      E44AEC50 
  88      FAE4747C 
  88      9853436D 
  88      1E01BB84 
  89 01b0 989E9386 		.ascii	"\230\236\223\206\205\334n\0137\341!\304Gz\262\017\243"
  89      85DC6E0B 
  89      37E121C4 
  89      477AB20F 
  89      A3
  90 01c1 5B956791 		.ascii	"[\225g\221x\345\352\2533\011\326\370\303<n:sL_\240S"
  90      78E5EAAB 
  90      3309D6F8 
  90      C33C6E3A 
  90      734C5FA0 
  91 01d6 B272AF74 		.ascii	"\262r\257t\371\330j\205/\313\2752Ie\340\035l\304n2\026"
  91      F9D86A85 
  91      2FCBBD32 
  91      4965E01D 
  91      6CC46E32 
  92 01eb 6BBFE267 		.ascii	"k\277\342g\273x\345\246\034\343\330#4\323\362\014b\012"
  92      BB78E5A6 
  92      1CE3D823 
  92      34D3F20C 
  92      620A
  93 01fd 2B2559B4 		.ascii	"+%Y\264\302F\213\215\015\274_#\3436Sv\334\037b\337\247"
  93      C2468B8D 
  93      0DBC5F23 
  93      E3365376 
  93      DC1F62DF 
  94 0212 DC92D64A 		.ascii	"\334\222\326J\227\023\357\335<o\257\344-\002\231\330"
  94      9713EFDD 
  94      3C6FAFE4 
  94      2D0299D8 
  95 0222 A77C62AE 		.ascii	"\247|b\256B\337x\317Nl\326N\314-\364rO\376+\241>\331"
  95      42DF78CF 
  95      4E6CD64E 
  95      CC2DF472 
  95      4FFE2BA1 
  96 0238 D12D37CB 		.ascii	"\321-7\313\200\023\345\032E\325\371l)*\317?\243Z\235"
  96      8013E51A 
ARM GAS  C:\Users\Luggi\AppData\Local\Temp\cczh8Abh.s 			page 7


  96      45D5F96C 
  96      292ACF3F 
  96      A35A9D
  97 024b 4DFFDFB3 		.ascii	"M\377\337\263\031X\316fpu6\005\202\270/\261<\022\213"
  97      1958CE66 
  97      70753605 
  97      82B82FB1 
  97      3C128B
  98 025e CBFFDA04 		.ascii	"\313\377\332\004Z\351\324\036z\223\3142\342\254\213"
  98      5AE9D41E 
  98      7A93CC32 
  98      E2AC8B
  99 026d 5961BC65 		.ascii	"Ya\274e\257?\340\017\035\250\367\037\362\325\004\033"
  99      AF3FE00F 
  99      1DA8F71F 
  99      F2D5041B 
 100 027d 4275FEDA 		.ascii	"Bu\376\332\352\232\240w{\355\356]^\237\267!\024\362"
 100      EA9AA077 
 100      7BEDEE5D 
 100      5E9FB721 
 100      14F2
 101 028f 07EA7DDE 		.ascii	"\007\352}\336`\240>\024<\354\253\336\277\271\016~\003"
 101      60A03E14 
 101      3CECABDE 
 101      BFB90E7E 
 101      03
 102 02a0 2C367CAB 		.ascii	",6|\253"
 103              		.text
 104              		.section	.gnu.lto_DAC_Current_Control_Sleep.d2365be,"",%progbits
 105 0000 789C8592 		.ascii	"x\234\205\222Kh\023Q\024\206\317\177\346\221h-\212\253"
 105      4B681351 
 105      1486CF7F 
 105      E691682D 
 105      8AAB
 106 0012 D045B65D 		.ascii	"\320E\266]\325\212 \256\\H\204.D(t[\010Rg'\011\014\351"
 106      D58A20AE 
 106      5C48842E 
 106      4428745B 
 106      08526727 
 107 0029 3274C619 		.ascii	"2t\306\031\037\210h\305\215h\343\2565\232\332\326D["
 107      1F8868C5 
 107      8D68E3AE 
 107      359ADAD6 
 107      445B
 108 003b A1010737 		.ascii	"\241\001\0077\335)\305\252XE]\244\022\027\205\264\225"
 108      DD29C5AA 
 108      58455DA4 
 108      121785B4 
 108      95
 109 004c EA20359E 		.ascii	"\352 5\236;\211\017*\352\300\314}}\363\377\377=\367"
 109      3B890F2A 
 109      EAC0CC7D 
 109      7DF3FFFF 
 109      3DF7
 110 005e 6AF4E773 		.ascii	"j\364\347sX^\217\211\016H\013\223\300\243O\210\3348"
 110      585E8F89 
 110      0E480B93 
ARM GAS  C:\Users\Luggi\AppData\Local\Temp\cczh8Abh.s 			page 8


 110      C0A34F88 
 110      DC38
 111 0070 B3564D92 		.ascii	"\263VM\222\263S_\352%g\227\006\2435\255\377\350\030"
 111      B3535FEA 
 111      25679706 
 111      A335ADFF 
 111      E818
 112 0082 80EA1068 		.ascii	"\200\352\020h\2045\335\300\010>\362\032c4(]\353\350"
 112      8435DDC0 
 112      083EF21A 
 112      6334285D 
 112      EBE8
 113 0094 1E771CA7 		.ascii	"\036w\034\247\261>\2278\223\010Ey\203[N\270\205n\022"
 113      B13E9738 
 113      93084579 
 113      835B4EB8 
 113      856E12
 114 00a7 66CDDF7A 		.ascii	"f\315\337z\331a\372\302\354i\255\241\010\023\322N\357"
 114      D961FAC2 
 114      EC69ADA1 
 114      0813D24E 
 114      EF
 115 00b8 0D9C66B3 		.ascii	"\015\234f\263R\273R?\204\035L!CW\037\242\232P\312m\205"
 115      52BB523F 
 115      841D4C21 
 115      43571FA2 
 115      9A50CA6D 
 116 00cd 59B5DA32 		.ascii	"Y\265\3322\036o^x16\013\365\347g\326E\364\352\353JS"
 116      1E6F5E78 
 116      31360BF5 
 116      E767D645 
 116      F4EAEB4A 
 117 00e2 AB73C85C 		.ascii	"\253s\310\\<\347:\272\362yW{\272\030\217\246H\015W\307"
 117      3CE73ABA 
 117      F279577B 
 117      BA188FA6 
 117      480D57C7 
 118 00f6 37DF7716 		.ascii	"7\337w\026p\303\365\021\262\206\333\350\302\035t\211"
 118      70C3F511 
 118      B286DBE8 
 118      C21D7489 
 119 0106 7B0905D0 		.ascii	"{\011\005\3202\274/g?%Z\202\334\322\\(\324\313\272\022"
 119      32BC2F67 
 119      3F255A82 
 119      DCD25C28 
 119      D4CBBA12 
 120 011a 000893C2 		.ascii	"\000\010\223\302>\207\377\312K\266\031\001\334\211\371"
 120      3E87FFCA 
 120      4BB61901 
 120      DC89F9
 121 0129 8BB10810 		.ascii	"\213\261\010\020\231\273J\214TH\215\252I\311x\272\321"
 121      99BB4A8C 
 121      54488DAA 
 121      49C978BA 
 121      D1
 122 013a F8E0762A 		.ascii	"\370\340v*Z\320\233\317.Mq\376\253s\336\211\207\254"
 122      5AD09BCF 
ARM GAS  C:\Users\Luggi\AppData\Local\Temp\cczh8Abh.s 			page 9


 122      2E4D71FE 
 122      AB73DE89 
 122      87AC
 123 014c 6FA96DFF 		.ascii	"o\251m\377\036Q\217\206E\327\037\203\212\350(\312\300"
 123      1E518F86 
 123      45D71F83 
 123      8AE828CA 
 123      C0
 124 015d 14F29856 		.ascii	"\024\362\230V\262\262\366m\362r\331\354)I\325\202c!"
 124      B2B2F66D 
 124      F272D9EC 
 124      2949D582 
 124      6321
 125 016f 9B981170 		.ascii	"\233\230\021p=\252,\356\241G\200\305\353\023\336n\245"
 125      3DAA2CEE 
 125      A14780C5 
 125      EB13DE6E 
 125      A5
 126 0180 25B54439 		.ascii	"%\265D9\012\263\"\272K\275Q\224\231\325\377D\331\356"
 126      0AB322BA 
 126      4BBD5194 
 126      99D5FF44 
 126      D9EE
 127 0192 5DF987F7 		.ascii	"]\371\207\367\375_\336\017\"\357\237\3730ej\266\355"
 127      FD5FDE0F 
 127      22EF9FFB 
 127      30656AB6 
 127      ED
 128 01a3 6D4467F5 		.ascii	"mDg\365\006^0\277\300\312\233\266\233\3076\242\312\315"
 128      065E30BF 
 128      C0CA9BB6 
 128      9BC736A2 
 128      CACD
 129 01b5 212FE71C 		.ascii	"!/\347\034'\205Vc\177#\305\017\017\333\344[\270\301"
 129      27855663 
 129      7F23C50F 
 129      0FDBE45B 
 129      B8C1
 130 01c7 A3BE8824 		.ascii	"\243\276\210$u=\240\254\004\330\337ge,\373D\316:\231"
 130      753DA0AC 
 130      04D8DF67 
 130      652CFB44 
 130      CE3A99
 131 01da 1EC80EDB 		.ascii	"\036\310\016\333C\326`\377@6up\360\350\221T:5l\333V"
 131      43D660FF 
 131      40367570 
 131      F0E89154 
 131      3A356CDB 
 132 01ef 26974E65 		.ascii	"&\227Ne39;{*\335\177|\337\020}\007\237x\372|"
 132      33393B7B 
 132      2ADD7F7C 
 132      DF107D07 
 132      9F78FA7C 
 133              		.text
 134              		.section	.gnu.lto_DAC_Current_Control_Wakeup.d2365be,"",%progbits
 135 0000 789C7551 		.ascii	"x\234uQMH\024a\030~\237w>\307Q7\224N\342\241\253T\030"
 135      4D481461 
ARM GAS  C:\Users\Luggi\AppData\Local\Temp\cczh8Abh.s 			page 10


 135      187E9F77 
 135      3EC75137 
 135      944EE2A1 
 136 0017 52740D62 		.ascii	"Rt\015b\203@\010\004\257\302\02267\331\205a=.~\223\023"
 136      83400804 
 136      AFC21236 
 136      37D98561 
 136      3D2E7E93 
 137 002c 4887124F 		.ascii	"H\207\022OAn\207 V\32347\310S\260x\330`\221d\221\350"
 137      416E8720 
 137      56D33437 
 137      C853B078 
 137      D8609164 
 138 0042 072B0283 		.ascii	"\007+\002\203\365\226.\030S\230\275\357,\024\375\015"
 138      F5962E18 
 138      5398BDEF 
 138      2C14FD0D 
 139 0052 CC7C33EF 		.ascii	"\314|3\357\367\374\316\347\320\337\3279\271\017@tVV"
 139      F7FCCEE7 
 139      D0DFD739 
 139      B90F4074 
 139      5656
 140 0064 B41178E6 		.ascii	"\264\021x\346\005Q\3501;\325n\262\235\246v\201l\312"
 140      0551E831 
 140      3BD56EB2 
 140      9DA67681 
 140      6CCA
 141 0076 81698D0D 		.ascii	"\201i\215\015\240/\004\232d\307`\022\273\274\307\230"
 141      A02F049A 
 141      64C76012 
 141      BBBCC798 
 142 0086 A92CDEE9 		.ascii	"\251,\336\351\352\177`\255\375\274^\357\275\321\033"
 142      EA7F60AD 
 142      FDBC5EEF 
 142      BDD11B
 143 0095 3351935B 		.ascii	"3Q\223[\372(\241\237\004\263\027\035\276\352r#\301\364"
 143      FA28A19F 
 143      04B3171D 
 143      BEEA7223 
 143      C1F4
 144 00a7 B4F6300F 		.ascii	"\264\3660\017W|i\345x\305\036\0355\253\263\323\247\330"
 144      577C69E5 
 144      78C51E1D 
 144      35ABB3D3 
 144      A7D8
 145 00b9 3314335C 		.ascii	"3\0243\\}\020\355\010J\315>1\353\352lc\252R\254\261"
 145      7D10ED08 
 145      4ACD3E31 
 145      EBEA6C63 
 145      AA52ACB1 
 146 00cd F254F0DE 		.ascii	"\362T\360\336\326\255e.|\263\323\326\213\231\233\312"
 146      D6AD652E 
 146      7CB3D3D6 
 146      8B999BCA 
 147 00dd C0020AC2 		.ascii	"\300\002\012\302u\350-\256?]\335\270\337\241\330/l\376"
 147      75E82DAE 
 147      3F5DDDB8 
ARM GAS  C:\Users\Luggi\AppData\Local\Temp\cczh8Abh.s 			page 11


 147      DFA1D82F 
 147      6CFE
 148 00ef 449B430D 		.ascii	"D\233C\015 \323\017;\233u\257\3012I>\347\303h\016E\334"
 148      20D30F3B 
 148      9B75AFC1 
 148      32493EE7 
 148      C3680E45 
 149 0104 0DADA2DA 		.ascii	"\015\255\242\332\360\020\005,\242/\331\373\276t\273"
 149      F010052C 
 149      A22FD9FB 
 149      BE74BB
 150 0113 EC0E9C8E 		.ascii	"\354\016\234\216\331\305\222`\366\223zx\204\001z\211"
 150      D9C59260 
 150      F6937A78 
 150      84017A89 
 151 0123 E8F5D489 		.ascii	"\350\365\324\211_V\317\213\215\262QQ\200\260\254t\322"
 151      5F56CF8B 
 151      8DB25151 
 151      80B0AC74 
 151      D2
 152 0134 120E55BB 		.ascii	"\022\016U\273\223\016k\265\324\377:\210(V~vX?\270\271"
 152      930E6BB5 
 152      D4FF3A88 
 152      28567E76 
 152      583FB8B9 
 153 0148 7FB2A5EB 		.ascii	"\177\262\245\353\012\270\364\346\331\273c\252\333n\327"
 153      0AB8F4E6 
 153      D9BB63AA 
 153      DB6ED7
 154 0157 426B7ECB 		.ascii	"Bk~\313\337\236d\374X\372\332Hi\376\0101{x\214>\254"
 154      DF9E64FC 
 154      58FADA48 
 154      69FE0831 
 154      7B788C3E 
 155 016c AA3FCA92 		.ascii	"\252?\312\222\230\266a\376\351\333\321\0247\302\023"
 155      98B661FE 
 155      E9DBD114 
 155      37C213
 156 017b F115A398 		.ascii	"\361\025\243\230;\223\270&\371\347\357\021V\352C\011"
 156      3B93B826 
 156      F9E7EF11 
 156      56EA4309 
 157 018b 8DF444A0 		.ascii	"\215\364D\240SI9x\331\317\372\301\325\274\177-3\222"
 157      53493978 
 157      D9CFFAC1 
 157      D5BC7F2D 
 157      3392
 158 019d 9B08C6FC 		.ascii	"\233\010\306\374\321\341\221\\\372\374\350\245\213\351"
 158      D1E1915C 
 158      FAFCE8A5 
 158      8BE9
 159 01ab 4C7A2208 		.ascii	"Lz\"\010\374l>\223\316e\363An<3|\345\314\030\375\000"
 159      FC6C3E93 
 159      CE65F341 
 159      6E3C337C 
 159      E5CC18FD 
 160 01c0 B9E9C4DB 		.ascii	"\271\351\304\333"
ARM GAS  C:\Users\Luggi\AppData\Local\Temp\cczh8Abh.s 			page 12


 161              		.text
 162              		.section	.gnu.lto_.symbol_nodes.d2365be,"",%progbits
 163 0000 789C55C8 		.ascii	"x\234U\310\261\021\202@\030D\341w\377\336\035\024A\257"
 163      B1118240 
 163      1844E177 
 163      FFDE1D14 
 163      41AF
 164 0012 4B600146 		.ascii	"K`\001FF\006\014}\220\021S\003P\210\243\214\006\347"
 164      46060C7D 
 164      90115303 
 164      5088A38C 
 164      06E7
 165 0024 266FBE15 		.ascii	"&o\276\025\360\344\267H\206\373\0066\217\251\247\300"
 165      F0E4B748 
 165      86FB0636 
 165      8FA9A7C0 
 166 0034 14568453 		.ascii	"\024V\204S{\207\034\177\316V\353T\234\277f\034?\354"
 166      7B871C7F 
 166      CE56EB54 
 166      9CBF661C 
 166      3FEC
 167 0046 5C5A56D7 		.ascii	"\\ZV\327\206Ra=^I\202\363j\016\346\375j\307m\031\224"
 167      8652613D 
 167      5E4982F3 
 167      6A0EE6FD 
 167      6AC76D19 
 168 005b 2BEB32F0 		.ascii	"+\3532\360\006\3675'\253"
 168      06F73527 
 168      AB
 169              		.text
 170              		.section	.gnu.lto_.refs.d2365be,"",%progbits
 171 0000 789C25C7 		.ascii	"x\234%\307\261\015\000 \014\004\261\273Ohh2\000\373"
 171      B10D0020 
 171      0C04B1BB 
 171      4F686832 
 171      00FB
 172 0012 EF0912EE 		.ascii	"\357\011\022\356\\\300\341\023]\011n\234\224\366\273"
 172      5CC0E113 
 172      5D096E9C 
 172      94F6BB
 173 0021 8DE10207 		.ascii	"\215\341\002\007\361\000`"
 173      F10060
 174              		.text
 175              		.section	.gnu.lto_.decls.d2365be,"",%progbits
 176 0000 789C9593 		.ascii	"x\234\225\223kH\034W\024\307\347\354\035_\343\266\011"
 176      6B481C57 
 176      14C7E7EC 
 176      1D5FE3B6 
 176      09
 177 0011 08265D4A 		.ascii	"\010&]JQ\003\322\024\033J\241\220o\265\265%\205\322"
 177      5103D214 
 177      1B4AA190 
 177      6FB5B525 
 177      85D2
 178 0023 2295B694 		.ascii	"\"\225\266\224\010\2621\3234D\\\331\314\006B\277\\\037"
 178      08B231D3 
 178      34445CD9 
ARM GAS  C:\Users\Luggi\AppData\Local\Temp\cczh8Abh.s 			page 13


 178      CC0642BF 
 178      5C1F
 179 0035 C560F330 		.ascii	"\305`\3630\022\211\032I'\321<\\u\263>\222\306\347jl"
 179      12891A49 
 179      27D13C5C 
 179      75B33E92 
 179      C6E76A6C 
 180 0049 A2891A5F 		.ascii	"\242\211\032_\213\217X\212\212\222\366C\351\226X\223"
 180      8B8F588A 
 180      8A92F643 
 180      E9965893 
 181 0059 9A98EDB9 		.ascii	"\232\230\355\271wf\272\223\262\333\246\003\307\231\353"
 181      7766BA93 
 181      B2DBA603 
 181      C799EB
 182 0068 FDFF7FE7 		.ascii	"\375\377\177\347\336s\316\022A\020\312A\020\202\370"
 182      DE73CE12 
 182      4110CA41 
 182      1082F8
 183 0077 CC440982 		.ascii	"\314D\011\202\007\277\361%d\012\241'\006\243\011\303"
 183      07BFF125 
 183      640AA127 
 183      06A309C3 
 184 0087 83E1C568 		.ascii	"\203\341\305h\305h\307\350\301\360a\240E\030\021\236"
 184      C568C7E8 
 184      C1F061A0 
 184      4518119E 
 185 0097 7D9A741F 		.ascii	"}\232t\037\343$bL`\214aLb\334\301\270\256\373\006\365"
 185      E324624C 
 185      608C614C 
 185      62DCC1B8 
 185      AEFB06F5 
 186 00ab 7753048E 		.ascii	"wS\004\216\347\177r<\0218\354\334q\377\301\231\302h"
 186      E77F723C 
 186      1138ECDC 
 186      71FFC199 
 186      C268
 187 00bd D0FDB730 		.ascii	"\320\375\2670\210\356k\377\227\363\261Z\304\233\270"
 187      88EE6BFF 
 187      97F3B15A 
 187      C49BB8
 188 00cc 06C3CC35 		.ascii	"\006\303\3145r\3711\272L|Q\367{\364:\366D\310\361\273"
 188      72F931BA 
 188      4C7C51F7 
 188      7BF43AF6 
 188      44C8F1BB 
 189 00e0 053A3CAB 		.ascii	"\005:<\253\243\361?[\340E)\211-;+\206\252\242qi\225"
 189      A3F13F5B 
 189      E0452989 
 189      2D3B2B86 
 189      AAA27169 
 190 00f5 44B6EC7A 		.ascii	"D\266\354z\274\344\027\267TR|\312\213\351f\0212\023"
 190      BCE417B7 
 190      54527CCA 
 190      8BE96611 
 190      3213
 191 0107 E112D8E0 		.ascii	"\341\022\330\3402\330\220\330\000[\360\357nQ#=\374\305"
ARM GAS  C:\Users\Luggi\AppData\Local\Temp\cczh8Abh.s 			page 14


 191      32D890D8 
 191      005BF0EF 
 191      6E51233D 
 191      FCC5
 192 0119 7F432416 		.ascii	"\177C$\026`\337uU\213~)\315\215\266#\264oH\014\245["
 192      60DF7555 
 192      8B7E29CD 
 192      8DB623B4 
 192      6F480CA5 
 193 012e 5BF2F78A 		.ascii	"[\362\367\212Ig\351\20270[3g\245C\264/\030|\233\243"
 193      4967E982 
 193      37305B33 
 193      67A543B4 
 193      2F187C9B 
 194 0143 C00D041A 		.ascii	"\300\015\004\032!\215)\3317\267@\023$\241\255\261m\244"
 194      218D29D9 
 194      37B74013 
 194      24A1ADB1 
 194      6DA4
 195 0155 5F225F70 		.ascii	"_\"_p\366\300\306\261\3528\216P\237\264\322\364\022"
 195      F6C0C6B1 
 195      EA388E50 
 195      9FB4D2F4 
 195      12
 196 0166 FA241824 		.ascii	"\372$\030$\034\320l\0024\033\000\017\007t\237l\\\217"
 196      1CD06C02 
 196      341B000F 
 196      07749F6C 
 196      5C8F
 197 0178 235F7340 		.ascii	"#_s@\373\245\247TB\200\352U}u\321\332\011\270\377\212"
 197      FBA5A754 
 197      4280EA55 
 197      7D75D1DA 
 197      09B8FF8A 
 198 018c C97FC5F0 		.ascii	"\311\177\305\360{\271\277\232\236_\211\"\225\300\001"
 198      7BB9BF9A 
 198      9E5F8922 
 198      95C001
 199 019b 3FFE5AB9 		.ascii	"?\376Z\271\016\032\340\350\0053\240\305\004h1\000\255"
 199      0E1AE0E8 
 199      0533A0C5 
 199      04683100 
 199      AD
 200 01ac 1C70F9FE 		.ascii	"\034p\371\376\364\203h\342\325\000\247&\312G\371\025"
 200      F48368E2 
 200      D500A726 
 200      CA47F915 
 201 01bc A8B7BA74 		.ascii	"\250\267\272t\336\252\232\253\320fb\264\031\214v\316"
 201      DEAA9AAB 
 201      D06662B4 
 201      198C76CE 
 202 01cc 98F69596 		.ascii	"\230\366\225\226\306\222\207\032\243\360b\327\321\030"
 202      C692871A 
 202      A3F062D7 
 202      D118
 203 01da EC54A2C4 		.ascii	"\354T\242\304\013{|\270\246\237\360e\220m[\346\346N"
 203      0B7B7CB8 
ARM GAS  C:\Users\Luggi\AppData\Local\Temp\cczh8Abh.s 			page 15


 203      A69FF065 
 203      906D5BE6 
 203      E64E
 204 01ec FD49404A 		.ascii	"\375I@J=Bi\021\015TP\262U\2004\033l\267\011\320\001"
 204      3D426911 
 204      0D5450B2 
 204      5580341B 
 204      6CB709D0 
 205 0201 A928E349 		.ascii	"\251(\343I\340\0326\363{lf=\266*\2601\350\376\260\230"
 205      E01A36F3 
 205      7B6C663D 
 205      B62AB031 
 205      E8FEB098 
 206 0215 A6C37590 		.ascii	"\246\303u\220\340\352\337\307\340\031\364\366\225\177"
 206      E0EADFC7 
 206      E019F4F6 
 206      957F
 207 0223 D35F2E8A 		.ascii	"\323_.\212\026\374'\323\354\3463\362Gp\361\202%\342"
 207      16FC27D3 
 207      ECE633F2 
 207      4770F182 
 207      25E2
 208 0235 8C74F119 		.ascii	"\214t\361\031\351\004}H\324\237.\026[\311w\332\224T"
 208      E9047D48 
 208      D49F2E16 
 208      5BC977DA 
 208      9454
 209 0247 549D381F 		.ascii	"T\2358\037\303\313\020\250\276\177\206T\323sE\364i\020"
 209      C3CB10A8 
 209      BE7F8654 
 209      D37345F4 
 209      6910
 210 0259 CFCF5CD0 		.ascii	"\317\317\\\320m*D\267Q\210\036^\010\365\370\370\261"
 210      6D2A44B7 
 210      51881E5E 
 210      08F5F8F8 
 210      B1
 211 026a 28D2AD51 		.ascii	"(\322\255QV\037w\267l\342\024u\275\225\276k\232\207"
 211      561F77B7 
 211      6CE21475 
 211      BD95BE6B 
 211      9A87
 212 027c 5E13A1D7 		.ascii	"^\023\241\327 \3708ax\351\321\003+\037\373\315\214Q"
 212      20F83861 
 212      78E9D103 
 212      2B1FFBCD 
 212      8C51
 213 028e 33B3B24A 		.ascii	"3\263\262J\370\330[\330r\243a\271\326Jf4\276\3173U\025"
 213      F8D85BD8 
 213      72A361B9 
 213      D64A6634 
 213      BECF3355 
 214 02a3 4B1E690B 		.ascii	"K\036i\013w\315\315\371M\244\204\260\205x\246\266s@"
 214      77CDCDF9 
 214      4DA484B0 
 214      8578A6B6 
 214      7340
ARM GAS  C:\Users\Luggi\AppData\Local\Temp\cczh8Abh.s 			page 16


 215 02b5 82849494 		.ascii	"\202\204\224\224\324\223\374\366*\326N\200>\274{?\277"
 215      D493FCF6 
 215      2AD64E80 
 215      3EBC7B3F 
 215      BF
 216 02c6 FB4D4860 		.ascii	"\373MH`\371a\010\013~\013R`\020R\370\031T\354\311\302"
 216      F961080B 
 216      7E0B5260 
 216      1052F819 
 216      54ECC9C2 
 217 02da D8B5ECBE 		.ascii	"\330\265\354\276B\302\3538\200\347dZ\275?\2572\357k"
 217      42C2EB38 
 217      80E7645A 
 217      BD3FAF32 
 217      EF6B
 218 02ec 365DA8CE 		.ascii	"6]\250\316zh\272.\374!\2140\215\011Y\373\026F\337\214"
 218      7A68BA2E 
 218      FC218C30 
 218      8D0959FB 
 218      1646DF8C 
 219 0300 65BB8271 		.ascii	"e\273\202qg\243k\226\306\306\346:\002\251\011\\5'\002"
 219      67A36B96 
 219      C6C6E63A 
 219      02A9095C 
 219      352702
 220 0313 DC41C68D 		.ascii	"\334A\306\215P\203\231\211?\341\256\001\267\361\364"
 220      50839989 
 220      3FE1AE01 
 220      B7F1F4
 221 0322 916EC206 		.ascii	"\221n\302\006\357\267\332\251(r\202W\004\026\003\365"
 221      EFB7DAA9 
 221      28728257 
 221      041603F5 
 222 0332 25966DE7 		.ascii	"%\226m\347(U\003\263\367\226-\205T-\242\224\375:x\312"
 222      285503B3 
 222      F7962D85 
 222      542DA294 
 222      FD3A78CA 
 223 0346 612DA5A9 		.ascii	"a-\245\251B\303ZW`\004\266\241\233\236\376\266>\226"
 223      42C35A57 
 223      6004B6A1 
 223      9B9EFEB6 
 223      3E96
 224 0358 B835D4D5 		.ascii	"\2705\324\325\265\262\216\027$\034\337\342\347\030_"
 224      B5B28E17 
 224      241CDFE2 
 224      E7185F
 225 0367 BCA4FF6E 		.ascii	"\274\244\377n\331t\2346\360\377t\214G\034\370R\237\365"
 225      D9749C36 
 225      F0FF748C 
 225      471CF852 
 225      9FF5
 226 0379 36A5B130 		.ascii	"6\245\2610\206\305\035\015\025\344.\204F\336?\\4O\254"
 226      86C51D0D 
 226      15E42E84 
 226      46DE3F5C 
 226      344FAC
ARM GAS  C:\Users\Luggi\AppData\Local\Temp\cczh8Abh.s 			page 17


 227 038c 65EC6784 		.ascii	"e\354g\204\343\035\367\001\327\206\346{\002\254\374"
 227      E31DF701 
 227      D786E67B 
 227      02ACFC
 228 039b 06F846F1 		.ascii	"\006\370F\361\312\351\321e\321,f\327\016\211'u\361$"
 228      CAE9D165 
 228      D12C66D7 
 228      0E892775 
 228      F124
 229 03ad 175F591B 		.ascii	"\027_Y\033w\307\233\305lfC\342)\260\032\347\231\342"
 229      77C79BC5 
 229      6C6643E2 
 229      29B01AE7 
 229      99E2
 230 03bf FAB3DE7B 		.ascii	"\372\263\336{\311fy\3273r\277\316f\357W\336{'#'\303"
 230      C96679D7 
 230      3372BFCE 
 230      66EF57DE 
 230      7B272327 
 231 03d4 E574CAF9 		.ascii	"\345t\312\371JN\206#_q:\362r\262\354\207d\374\376r\377"
 231      4A4E8623 
 231      5F713AF2 
 231      72B2EC87 
 231      64FCFE72 
 232 03e9 BEE85D1F 		.ascii	"\276\350]\037\177\232\224!\274\261K\316\227\235vE\336"
 232      7F9A9421 
 232      BCB14BCE 
 232      979D7645 
 232      DE
 233 03fa 9B93E570 		.ascii	"\233\223\345p9s\345\354\314,G\306[\331\341\314\231\037"
 233      3973E5EC 
 233      CC2C47C6 
 233      5BD9E1CC 
 233      991F
 234 040c EDC81592 		.ascii	"\355\310\025\222\303\355|\"\037T\034N\235\374R\330\304"
 234      C3ED7C22 
 234      1F541C4E 
 234      9DFC52D8 
 234      C4
 235 041d 79B25C60 		.ascii	"y\262\\`\013\267\363\271\375\200\354*\330\032\326\244"
 235      0BB7F3B9 
 235      FD80EC2A 
 235      D81AD6A4 
 236 042d 380A5E7F 		.ascii	"8\012^\177\376\003\356\370J\210r\355\317Wv&G\360\344"
 236      FE03EEF8 
 236      4A8872ED 
 236      CF577626 
 236      47F0E4
 237 0440 1E560E17 		.ascii	"\036V\016\027\310\007Q\367r\330t\262\362\231=\317%\207"
 237      C80751F7 
 237      72D874B2 
 237      F2993DCF 
 237      2587
 238 0452 3DE6FBF9 		.ascii	"=\346\373\371\366=yrR\270\255=\366\334\003\256\202,"
 238      F63D7972 
 238      52B8AD3D 
 238      F6DC03AE 
ARM GAS  C:\Users\Luggi\AppData\Local\Temp\cczh8Abh.s 			page 18


 238      822C
 239 0464 C5E9CA55 		.ascii	"\305\351\312U\342e\256\313R0\273\264\327\256\330s\016"
 239      E265AECB 
 239      5230BBB4 
 239      D7AED873 
 239      0E
 240 0475 45446A3E 		.ascii	"EDj>\321)\357\333\371\027\347\352\213\364"
 240      D129EFDB 
 240      F917E7EA 
 240      8BF4
 241              		.text
 242              		.section	.gnu.lto_.symtab.d2365be,"",%progbits
 243 0000 4441435F 		.ascii	"DAC_Current_Control_SaveConfig\000\000\000\000\000\000"
 243      43757272 
 243      656E745F 
 243      436F6E74 
 243      726F6C5F 
 244 0024 00000000 		.ascii	"\000\000\000\000\000\000\254\000\000\000DAC_Current"
 244      0000AC00 
 244      00004441 
 244      435F4375 
 244      7272656E 
 245 0039 5F436F6E 		.ascii	"_Control_RestoreConfig\000\000\000\000\000\000\000\000"
 245      74726F6C 
 245      5F526573 
 245      746F7265 
 245      436F6E66 
 246 0057 00000000 		.ascii	"\000\000\000\000\256\000\000\000DAC_Current_Control"
 246      AE000000 
 246      4441435F 
 246      43757272 
 246      656E745F 
 247 0072 5F536C65 		.ascii	"_Sleep\000\000\000\000\000\000\000\000\000\000\000\000"
 247      65700000 
 247      00000000 
 247      00000000 
 247      0000
 248 0084 B0000000 		.ascii	"\260\000\000\000DAC_Current_Control_Wakeup\000\000\000"
 248      4441435F 
 248      43757272 
 248      656E745F 
 248      436F6E74 
 249 00a5 00000000 		.ascii	"\000\000\000\000\000\000\000\000\000\262\000\000\000"
 249      00000000 
 249      00B20000 
 249      00
 250 00b2 4441435F 		.ascii	"DAC_Current_Control_Stop\000\000\002\000\000\000\000"
 250      43757272 
 250      656E745F 
 250      436F6E74 
 250      726F6C5F 
 251 00d1 00000000 		.ascii	"\000\000\000\000\000\264\000\000\000DAC_Current_Con"
 251      00B40000 
 251      00444143 
 251      5F437572 
 251      72656E74 
 252 00e9 74726F6C 		.ascii	"trol_SetValue\000\000\002\000\000\000\000\000\000\000"
ARM GAS  C:\Users\Luggi\AppData\Local\Temp\cczh8Abh.s 			page 19


 252      5F536574 
 252      56616C75 
 252      65000002 
 252      00000000 
 253 0100 0000BD00 		.ascii	"\000\000\275\000\000\000DAC_Current_Control_Enable\000"
 253      00004441 
 253      435F4375 
 253      7272656E 
 253      745F436F 
 254 0121 00020000 		.ascii	"\000\002\000\000\000\000\000\000\000\000\000\277\000"
 254      00000000 
 254      000000BF 
 254      00
 255 012e 0000     		.ascii	"\000\000"
 256              		.text
 257              		.section	.gnu.lto_.opts,"",%progbits
 258 0000 272D666E 		.ascii	"'-fno-trapv' '-fno-strict-overflow' '-mcpu=cortex-m"
 258      6F2D7472 
 258      61707627 
 258      20272D66 
 258      6E6F2D73 
 259 0033 33272027 		.ascii	"3' '-mthumb' '-g' '-Og' '-ffunction-sections' '-flt"
 259      2D6D7468 
 259      756D6227 
 259      20272D67 
 259      2720272D 
 260 0066 6F272027 		.ascii	"o' '-ffat-lto-objects'\000"
 260      2D666661 
 260      742D6C74 
 260      6F2D6F62 
 260      6A656374 
 261              		.text
 262              		.cfi_sections	.debug_frame
 263              		.section	.text.DAC_Current_Control_SaveConfig,"ax",%progbits
 264              		.align	2
 265              		.global	DAC_Current_Control_SaveConfig
 266              		.thumb
 267              		.thumb_func
 268              		.type	DAC_Current_Control_SaveConfig, %function
 269              	DAC_Current_Control_SaveConfig:
 270              	.LFB0:
 271              		.file 1 "Generated_Source\\PSoC5\\DAC_Current_Control_PM.c"
   1:Generated_Source\PSoC5/DAC_Current_Control_PM.c **** /*******************************************************************************
   2:Generated_Source\PSoC5/DAC_Current_Control_PM.c **** * File Name: DAC_Current_Control_PM.c  
   3:Generated_Source\PSoC5/DAC_Current_Control_PM.c **** * Version 1.90
   4:Generated_Source\PSoC5/DAC_Current_Control_PM.c **** *
   5:Generated_Source\PSoC5/DAC_Current_Control_PM.c **** * Description:
   6:Generated_Source\PSoC5/DAC_Current_Control_PM.c **** *  This file provides the power management source code to API for the
   7:Generated_Source\PSoC5/DAC_Current_Control_PM.c **** *  VDAC8.  
   8:Generated_Source\PSoC5/DAC_Current_Control_PM.c **** *
   9:Generated_Source\PSoC5/DAC_Current_Control_PM.c **** * Note:
  10:Generated_Source\PSoC5/DAC_Current_Control_PM.c **** *  None
  11:Generated_Source\PSoC5/DAC_Current_Control_PM.c **** *
  12:Generated_Source\PSoC5/DAC_Current_Control_PM.c **** ********************************************************************************
  13:Generated_Source\PSoC5/DAC_Current_Control_PM.c **** * Copyright 2008-2012, Cypress Semiconductor Corporation.  All rights reserved.
  14:Generated_Source\PSoC5/DAC_Current_Control_PM.c **** * You may use this file only in accordance with the license, terms, conditions, 
  15:Generated_Source\PSoC5/DAC_Current_Control_PM.c **** * disclaimers, and limitations in the end user license agreement accompanying 
ARM GAS  C:\Users\Luggi\AppData\Local\Temp\cczh8Abh.s 			page 20


  16:Generated_Source\PSoC5/DAC_Current_Control_PM.c **** * the software package with which this file was provided.
  17:Generated_Source\PSoC5/DAC_Current_Control_PM.c **** *******************************************************************************/
  18:Generated_Source\PSoC5/DAC_Current_Control_PM.c **** 
  19:Generated_Source\PSoC5/DAC_Current_Control_PM.c **** #include "DAC_Current_Control.h"
  20:Generated_Source\PSoC5/DAC_Current_Control_PM.c **** 
  21:Generated_Source\PSoC5/DAC_Current_Control_PM.c **** static DAC_Current_Control_backupStruct DAC_Current_Control_backup;
  22:Generated_Source\PSoC5/DAC_Current_Control_PM.c **** 
  23:Generated_Source\PSoC5/DAC_Current_Control_PM.c **** 
  24:Generated_Source\PSoC5/DAC_Current_Control_PM.c **** /*******************************************************************************
  25:Generated_Source\PSoC5/DAC_Current_Control_PM.c **** * Function Name: DAC_Current_Control_SaveConfig
  26:Generated_Source\PSoC5/DAC_Current_Control_PM.c **** ********************************************************************************
  27:Generated_Source\PSoC5/DAC_Current_Control_PM.c **** * Summary:
  28:Generated_Source\PSoC5/DAC_Current_Control_PM.c **** *  Save the current user configuration
  29:Generated_Source\PSoC5/DAC_Current_Control_PM.c **** *
  30:Generated_Source\PSoC5/DAC_Current_Control_PM.c **** * Parameters:  
  31:Generated_Source\PSoC5/DAC_Current_Control_PM.c **** *  void  
  32:Generated_Source\PSoC5/DAC_Current_Control_PM.c **** *
  33:Generated_Source\PSoC5/DAC_Current_Control_PM.c **** * Return: 
  34:Generated_Source\PSoC5/DAC_Current_Control_PM.c **** *  void
  35:Generated_Source\PSoC5/DAC_Current_Control_PM.c **** *
  36:Generated_Source\PSoC5/DAC_Current_Control_PM.c **** *******************************************************************************/
  37:Generated_Source\PSoC5/DAC_Current_Control_PM.c **** void DAC_Current_Control_SaveConfig(void) 
  38:Generated_Source\PSoC5/DAC_Current_Control_PM.c **** {
 272              		.loc 1 38 0
 273              		.cfi_startproc
 274              		@ args = 0, pretend = 0, frame = 0
 275              		@ frame_needed = 0, uses_anonymous_args = 0
 276              		@ link register save eliminated.
  39:Generated_Source\PSoC5/DAC_Current_Control_PM.c ****     if (!((DAC_Current_Control_CR1 & DAC_Current_Control_SRC_MASK) == DAC_Current_Control_SRC_UDB))
 277              		.loc 1 39 0
 278 0000 044B     		ldr	r3, .L3
 279 0002 1B78     		ldrb	r3, [r3]	@ zero_extendqisi2
 280 0004 13F0200F 		tst	r3, #32
 281 0008 03D1     		bne	.L1
  40:Generated_Source\PSoC5/DAC_Current_Control_PM.c ****     {
  41:Generated_Source\PSoC5/DAC_Current_Control_PM.c ****         DAC_Current_Control_backup.data_value = DAC_Current_Control_Data;
 282              		.loc 1 41 0
 283 000a 034B     		ldr	r3, .L3+4
 284 000c 1A78     		ldrb	r2, [r3]	@ zero_extendqisi2
 285 000e 034B     		ldr	r3, .L3+8
 286 0010 5A70     		strb	r2, [r3, #1]
 287              	.L1:
 288 0012 7047     		bx	lr
 289              	.L4:
 290              		.align	2
 291              	.L3:
 292 0014 21580040 		.word	1073764385
 293 0018 805B0040 		.word	1073765248
 294 001c 00000000 		.word	.LANCHOR0
 295              		.cfi_endproc
 296              	.LFE0:
 297              		.size	DAC_Current_Control_SaveConfig, .-DAC_Current_Control_SaveConfig
 298              		.section	.text.DAC_Current_Control_RestoreConfig,"ax",%progbits
 299              		.align	2
 300              		.global	DAC_Current_Control_RestoreConfig
 301              		.thumb
 302              		.thumb_func
ARM GAS  C:\Users\Luggi\AppData\Local\Temp\cczh8Abh.s 			page 21


 303              		.type	DAC_Current_Control_RestoreConfig, %function
 304              	DAC_Current_Control_RestoreConfig:
 305              	.LFB1:
  42:Generated_Source\PSoC5/DAC_Current_Control_PM.c ****     }
  43:Generated_Source\PSoC5/DAC_Current_Control_PM.c **** }
  44:Generated_Source\PSoC5/DAC_Current_Control_PM.c **** 
  45:Generated_Source\PSoC5/DAC_Current_Control_PM.c **** 
  46:Generated_Source\PSoC5/DAC_Current_Control_PM.c **** /*******************************************************************************
  47:Generated_Source\PSoC5/DAC_Current_Control_PM.c **** * Function Name: DAC_Current_Control_RestoreConfig
  48:Generated_Source\PSoC5/DAC_Current_Control_PM.c **** ********************************************************************************
  49:Generated_Source\PSoC5/DAC_Current_Control_PM.c **** *
  50:Generated_Source\PSoC5/DAC_Current_Control_PM.c **** * Summary:
  51:Generated_Source\PSoC5/DAC_Current_Control_PM.c **** *  Restores the current user configuration.
  52:Generated_Source\PSoC5/DAC_Current_Control_PM.c **** *
  53:Generated_Source\PSoC5/DAC_Current_Control_PM.c **** * Parameters:  
  54:Generated_Source\PSoC5/DAC_Current_Control_PM.c **** *  void
  55:Generated_Source\PSoC5/DAC_Current_Control_PM.c **** *
  56:Generated_Source\PSoC5/DAC_Current_Control_PM.c **** * Return: 
  57:Generated_Source\PSoC5/DAC_Current_Control_PM.c **** *  void
  58:Generated_Source\PSoC5/DAC_Current_Control_PM.c **** *
  59:Generated_Source\PSoC5/DAC_Current_Control_PM.c **** *******************************************************************************/
  60:Generated_Source\PSoC5/DAC_Current_Control_PM.c **** void DAC_Current_Control_RestoreConfig(void) 
  61:Generated_Source\PSoC5/DAC_Current_Control_PM.c **** {
 306              		.loc 1 61 0
 307              		.cfi_startproc
 308              		@ args = 0, pretend = 0, frame = 0
 309              		@ frame_needed = 0, uses_anonymous_args = 0
 310              		@ link register save eliminated.
  62:Generated_Source\PSoC5/DAC_Current_Control_PM.c ****     if (!((DAC_Current_Control_CR1 & DAC_Current_Control_SRC_MASK) == DAC_Current_Control_SRC_UDB))
 311              		.loc 1 62 0
 312 0000 0E4B     		ldr	r3, .L8
 313 0002 1B78     		ldrb	r3, [r3]	@ zero_extendqisi2
 314 0004 13F0200F 		tst	r3, #32
 315 0008 16D1     		bne	.L5
  63:Generated_Source\PSoC5/DAC_Current_Control_PM.c ****     {
  64:Generated_Source\PSoC5/DAC_Current_Control_PM.c ****         if((DAC_Current_Control_Strobe & DAC_Current_Control_STRB_MASK) == DAC_Current_Control_STRB
 316              		.loc 1 64 0
 317 000a 0D4B     		ldr	r3, .L8+4
 318 000c 1B78     		ldrb	r3, [r3]	@ zero_extendqisi2
 319 000e 13F0080F 		tst	r3, #8
 320 0012 0DD0     		beq	.L7
  65:Generated_Source\PSoC5/DAC_Current_Control_PM.c ****         {
  66:Generated_Source\PSoC5/DAC_Current_Control_PM.c ****             DAC_Current_Control_Strobe &= (uint8)(~DAC_Current_Control_STRB_MASK);
 321              		.loc 1 66 0
 322 0014 0A4B     		ldr	r3, .L8+4
 323 0016 1A78     		ldrb	r2, [r3]	@ zero_extendqisi2
 324 0018 02F0F702 		and	r2, r2, #247
 325 001c 1A70     		strb	r2, [r3]
  67:Generated_Source\PSoC5/DAC_Current_Control_PM.c ****             DAC_Current_Control_Data = DAC_Current_Control_backup.data_value;
 326              		.loc 1 67 0
 327 001e 094A     		ldr	r2, .L8+8
 328 0020 5178     		ldrb	r1, [r2, #1]	@ zero_extendqisi2
 329 0022 094A     		ldr	r2, .L8+12
 330 0024 1170     		strb	r1, [r2]
  68:Generated_Source\PSoC5/DAC_Current_Control_PM.c ****             DAC_Current_Control_Strobe |= DAC_Current_Control_STRB_EN;
 331              		.loc 1 68 0
 332 0026 1A78     		ldrb	r2, [r3]	@ zero_extendqisi2
ARM GAS  C:\Users\Luggi\AppData\Local\Temp\cczh8Abh.s 			page 22


 333 0028 42F00802 		orr	r2, r2, #8
 334 002c 1A70     		strb	r2, [r3]
 335 002e 7047     		bx	lr
 336              	.L7:
  69:Generated_Source\PSoC5/DAC_Current_Control_PM.c ****         }
  70:Generated_Source\PSoC5/DAC_Current_Control_PM.c ****         else
  71:Generated_Source\PSoC5/DAC_Current_Control_PM.c ****         {
  72:Generated_Source\PSoC5/DAC_Current_Control_PM.c ****             DAC_Current_Control_Data = DAC_Current_Control_backup.data_value;
 337              		.loc 1 72 0
 338 0030 044B     		ldr	r3, .L8+8
 339 0032 5A78     		ldrb	r2, [r3, #1]	@ zero_extendqisi2
 340 0034 044B     		ldr	r3, .L8+12
 341 0036 1A70     		strb	r2, [r3]
 342              	.L5:
 343 0038 7047     		bx	lr
 344              	.L9:
 345 003a 00BF     		.align	2
 346              	.L8:
 347 003c 21580040 		.word	1073764385
 348 0040 875A0040 		.word	1073764999
 349 0044 00000000 		.word	.LANCHOR0
 350 0048 805B0040 		.word	1073765248
 351              		.cfi_endproc
 352              	.LFE1:
 353              		.size	DAC_Current_Control_RestoreConfig, .-DAC_Current_Control_RestoreConfig
 354              		.section	.text.DAC_Current_Control_Sleep,"ax",%progbits
 355              		.align	2
 356              		.global	DAC_Current_Control_Sleep
 357              		.thumb
 358              		.thumb_func
 359              		.type	DAC_Current_Control_Sleep, %function
 360              	DAC_Current_Control_Sleep:
 361              	.LFB2:
  73:Generated_Source\PSoC5/DAC_Current_Control_PM.c ****         }
  74:Generated_Source\PSoC5/DAC_Current_Control_PM.c ****     }
  75:Generated_Source\PSoC5/DAC_Current_Control_PM.c **** }
  76:Generated_Source\PSoC5/DAC_Current_Control_PM.c **** 
  77:Generated_Source\PSoC5/DAC_Current_Control_PM.c **** 
  78:Generated_Source\PSoC5/DAC_Current_Control_PM.c **** /*******************************************************************************
  79:Generated_Source\PSoC5/DAC_Current_Control_PM.c **** * Function Name: DAC_Current_Control_Sleep
  80:Generated_Source\PSoC5/DAC_Current_Control_PM.c **** ********************************************************************************
  81:Generated_Source\PSoC5/DAC_Current_Control_PM.c **** * Summary:
  82:Generated_Source\PSoC5/DAC_Current_Control_PM.c **** *  Stop and Save the user configuration
  83:Generated_Source\PSoC5/DAC_Current_Control_PM.c **** *
  84:Generated_Source\PSoC5/DAC_Current_Control_PM.c **** * Parameters:  
  85:Generated_Source\PSoC5/DAC_Current_Control_PM.c **** *  void:  
  86:Generated_Source\PSoC5/DAC_Current_Control_PM.c **** *
  87:Generated_Source\PSoC5/DAC_Current_Control_PM.c **** * Return: 
  88:Generated_Source\PSoC5/DAC_Current_Control_PM.c **** *  void
  89:Generated_Source\PSoC5/DAC_Current_Control_PM.c **** *
  90:Generated_Source\PSoC5/DAC_Current_Control_PM.c **** * Global variables:
  91:Generated_Source\PSoC5/DAC_Current_Control_PM.c **** *  DAC_Current_Control_backup.enableState:  Is modified depending on the enable 
  92:Generated_Source\PSoC5/DAC_Current_Control_PM.c **** *  state  of the block before entering sleep mode.
  93:Generated_Source\PSoC5/DAC_Current_Control_PM.c **** *
  94:Generated_Source\PSoC5/DAC_Current_Control_PM.c **** *******************************************************************************/
  95:Generated_Source\PSoC5/DAC_Current_Control_PM.c **** void DAC_Current_Control_Sleep(void) 
  96:Generated_Source\PSoC5/DAC_Current_Control_PM.c **** {
ARM GAS  C:\Users\Luggi\AppData\Local\Temp\cczh8Abh.s 			page 23


 362              		.loc 1 96 0
 363              		.cfi_startproc
 364              		@ args = 0, pretend = 0, frame = 0
 365              		@ frame_needed = 0, uses_anonymous_args = 0
 366 0000 08B5     		push	{r3, lr}
 367              		.cfi_def_cfa_offset 8
 368              		.cfi_offset 3, -8
 369              		.cfi_offset 14, -4
  97:Generated_Source\PSoC5/DAC_Current_Control_PM.c ****     /* Save VDAC8's enable state */    
  98:Generated_Source\PSoC5/DAC_Current_Control_PM.c ****     if(DAC_Current_Control_ACT_PWR_EN == (DAC_Current_Control_PWRMGR & DAC_Current_Control_ACT_PWR_
 370              		.loc 1 98 0
 371 0002 084B     		ldr	r3, .L14
 372 0004 1B78     		ldrb	r3, [r3]	@ zero_extendqisi2
 373 0006 13F0010F 		tst	r3, #1
 374 000a 03D0     		beq	.L11
  99:Generated_Source\PSoC5/DAC_Current_Control_PM.c ****     {
 100:Generated_Source\PSoC5/DAC_Current_Control_PM.c ****         /* VDAC8 is enabled */
 101:Generated_Source\PSoC5/DAC_Current_Control_PM.c ****         DAC_Current_Control_backup.enableState = 1u;
 375              		.loc 1 101 0
 376 000c 0122     		movs	r2, #1
 377 000e 064B     		ldr	r3, .L14+4
 378 0010 1A70     		strb	r2, [r3]
 379 0012 02E0     		b	.L12
 380              	.L11:
 102:Generated_Source\PSoC5/DAC_Current_Control_PM.c ****     }
 103:Generated_Source\PSoC5/DAC_Current_Control_PM.c ****     else
 104:Generated_Source\PSoC5/DAC_Current_Control_PM.c ****     {
 105:Generated_Source\PSoC5/DAC_Current_Control_PM.c ****         /* VDAC8 is disabled */
 106:Generated_Source\PSoC5/DAC_Current_Control_PM.c ****         DAC_Current_Control_backup.enableState = 0u;
 381              		.loc 1 106 0
 382 0014 0022     		movs	r2, #0
 383 0016 044B     		ldr	r3, .L14+4
 384 0018 1A70     		strb	r2, [r3]
 385              	.L12:
 107:Generated_Source\PSoC5/DAC_Current_Control_PM.c ****     }
 108:Generated_Source\PSoC5/DAC_Current_Control_PM.c ****     
 109:Generated_Source\PSoC5/DAC_Current_Control_PM.c ****     DAC_Current_Control_Stop();
 386              		.loc 1 109 0
 387 001a FFF7FEFF 		bl	DAC_Current_Control_Stop
 388              	.LVL0:
 110:Generated_Source\PSoC5/DAC_Current_Control_PM.c ****     DAC_Current_Control_SaveConfig();
 389              		.loc 1 110 0
 390 001e FFF7FEFF 		bl	DAC_Current_Control_SaveConfig
 391              	.LVL1:
 392 0022 08BD     		pop	{r3, pc}
 393              	.L15:
 394              		.align	2
 395              	.L14:
 396 0024 A8430040 		.word	1073759144
 397 0028 00000000 		.word	.LANCHOR0
 398              		.cfi_endproc
 399              	.LFE2:
 400              		.size	DAC_Current_Control_Sleep, .-DAC_Current_Control_Sleep
 401              		.section	.text.DAC_Current_Control_Wakeup,"ax",%progbits
 402              		.align	2
 403              		.global	DAC_Current_Control_Wakeup
 404              		.thumb
ARM GAS  C:\Users\Luggi\AppData\Local\Temp\cczh8Abh.s 			page 24


 405              		.thumb_func
 406              		.type	DAC_Current_Control_Wakeup, %function
 407              	DAC_Current_Control_Wakeup:
 408              	.LFB3:
 111:Generated_Source\PSoC5/DAC_Current_Control_PM.c **** }
 112:Generated_Source\PSoC5/DAC_Current_Control_PM.c **** 
 113:Generated_Source\PSoC5/DAC_Current_Control_PM.c **** 
 114:Generated_Source\PSoC5/DAC_Current_Control_PM.c **** /*******************************************************************************
 115:Generated_Source\PSoC5/DAC_Current_Control_PM.c **** * Function Name: DAC_Current_Control_Wakeup
 116:Generated_Source\PSoC5/DAC_Current_Control_PM.c **** ********************************************************************************
 117:Generated_Source\PSoC5/DAC_Current_Control_PM.c **** *
 118:Generated_Source\PSoC5/DAC_Current_Control_PM.c **** * Summary:
 119:Generated_Source\PSoC5/DAC_Current_Control_PM.c **** *  Restores and enables the user configuration
 120:Generated_Source\PSoC5/DAC_Current_Control_PM.c **** *  
 121:Generated_Source\PSoC5/DAC_Current_Control_PM.c **** * Parameters:  
 122:Generated_Source\PSoC5/DAC_Current_Control_PM.c **** *  void
 123:Generated_Source\PSoC5/DAC_Current_Control_PM.c **** *
 124:Generated_Source\PSoC5/DAC_Current_Control_PM.c **** * Return: 
 125:Generated_Source\PSoC5/DAC_Current_Control_PM.c **** *  void
 126:Generated_Source\PSoC5/DAC_Current_Control_PM.c **** *
 127:Generated_Source\PSoC5/DAC_Current_Control_PM.c **** * Global variables:
 128:Generated_Source\PSoC5/DAC_Current_Control_PM.c **** *  DAC_Current_Control_backup.enableState:  Is used to restore the enable state of 
 129:Generated_Source\PSoC5/DAC_Current_Control_PM.c **** *  block on wakeup from sleep mode.
 130:Generated_Source\PSoC5/DAC_Current_Control_PM.c **** *
 131:Generated_Source\PSoC5/DAC_Current_Control_PM.c **** *******************************************************************************/
 132:Generated_Source\PSoC5/DAC_Current_Control_PM.c **** void DAC_Current_Control_Wakeup(void) 
 133:Generated_Source\PSoC5/DAC_Current_Control_PM.c **** {
 409              		.loc 1 133 0
 410              		.cfi_startproc
 411              		@ args = 0, pretend = 0, frame = 0
 412              		@ frame_needed = 0, uses_anonymous_args = 0
 413 0000 08B5     		push	{r3, lr}
 414              		.cfi_def_cfa_offset 8
 415              		.cfi_offset 3, -8
 416              		.cfi_offset 14, -4
 134:Generated_Source\PSoC5/DAC_Current_Control_PM.c ****     DAC_Current_Control_RestoreConfig();
 417              		.loc 1 134 0
 418 0002 FFF7FEFF 		bl	DAC_Current_Control_RestoreConfig
 419              	.LVL2:
 135:Generated_Source\PSoC5/DAC_Current_Control_PM.c ****     
 136:Generated_Source\PSoC5/DAC_Current_Control_PM.c ****     if(DAC_Current_Control_backup.enableState == 1u)
 420              		.loc 1 136 0
 421 0006 054B     		ldr	r3, .L19
 422 0008 1B78     		ldrb	r3, [r3]	@ zero_extendqisi2
 423 000a 012B     		cmp	r3, #1
 424 000c 05D1     		bne	.L16
 137:Generated_Source\PSoC5/DAC_Current_Control_PM.c ****     {
 138:Generated_Source\PSoC5/DAC_Current_Control_PM.c ****         /* Enable VDAC8's operation */
 139:Generated_Source\PSoC5/DAC_Current_Control_PM.c ****         DAC_Current_Control_Enable();
 425              		.loc 1 139 0
 426 000e FFF7FEFF 		bl	DAC_Current_Control_Enable
 427              	.LVL3:
 140:Generated_Source\PSoC5/DAC_Current_Control_PM.c **** 
 141:Generated_Source\PSoC5/DAC_Current_Control_PM.c ****         /* Restore the data register */
 142:Generated_Source\PSoC5/DAC_Current_Control_PM.c ****         DAC_Current_Control_SetValue(DAC_Current_Control_Data);
 428              		.loc 1 142 0
 429 0012 034B     		ldr	r3, .L19+4
ARM GAS  C:\Users\Luggi\AppData\Local\Temp\cczh8Abh.s 			page 25


 430 0014 1878     		ldrb	r0, [r3]	@ zero_extendqisi2
 431 0016 FFF7FEFF 		bl	DAC_Current_Control_SetValue
 432              	.LVL4:
 433              	.L16:
 434 001a 08BD     		pop	{r3, pc}
 435              	.L20:
 436              		.align	2
 437              	.L19:
 438 001c 00000000 		.word	.LANCHOR0
 439 0020 805B0040 		.word	1073765248
 440              		.cfi_endproc
 441              	.LFE3:
 442              		.size	DAC_Current_Control_Wakeup, .-DAC_Current_Control_Wakeup
 443              		.bss
 444              		.align	2
 445              		.set	.LANCHOR0,. + 0
 446              		.type	DAC_Current_Control_backup, %object
 447              		.size	DAC_Current_Control_backup, 2
 448              	DAC_Current_Control_backup:
 449 0000 0000     		.space	2
 450 0002 0000     		.text
 451              	.Letext0:
 452              		.file 2 "Generated_Source\\PSoC5\\cytypes.h"
 453              		.file 3 "Generated_Source\\PSoC5\\DAC_Current_Control.h"
 454              		.section	.debug_info,"",%progbits
 455              	.Ldebug_info0:
 456 0000 6D010000 		.4byte	0x16d
 457 0004 0400     		.2byte	0x4
 458 0006 00000000 		.4byte	.Ldebug_abbrev0
 459 000a 04       		.byte	0x4
 460 000b 01       		.uleb128 0x1
 461 000c C3000000 		.4byte	.LASF23
 462 0010 01       		.byte	0x1
 463 0011 96010000 		.4byte	.LASF24
 464 0015 4E020000 		.4byte	.LASF25
 465 0019 00000000 		.4byte	.Ldebug_ranges0+0
 466 001d 00000000 		.4byte	0
 467 0021 00000000 		.4byte	.Ldebug_line0
 468 0025 02       		.uleb128 0x2
 469 0026 01       		.byte	0x1
 470 0027 06       		.byte	0x6
 471 0028 F5020000 		.4byte	.LASF0
 472 002c 02       		.uleb128 0x2
 473 002d 01       		.byte	0x1
 474 002e 08       		.byte	0x8
 475 002f 81010000 		.4byte	.LASF1
 476 0033 02       		.uleb128 0x2
 477 0034 02       		.byte	0x2
 478 0035 05       		.byte	0x5
 479 0036 D0020000 		.4byte	.LASF2
 480 003a 02       		.uleb128 0x2
 481 003b 02       		.byte	0x2
 482 003c 07       		.byte	0x7
 483 003d 6E010000 		.4byte	.LASF3
 484 0041 02       		.uleb128 0x2
 485 0042 04       		.byte	0x4
 486 0043 05       		.byte	0x5
ARM GAS  C:\Users\Luggi\AppData\Local\Temp\cczh8Abh.s 			page 26


 487 0044 E0020000 		.4byte	.LASF4
 488 0048 02       		.uleb128 0x2
 489 0049 04       		.byte	0x4
 490 004a 07       		.byte	0x7
 491 004b 5C010000 		.4byte	.LASF5
 492 004f 02       		.uleb128 0x2
 493 0050 08       		.byte	0x8
 494 0051 05       		.byte	0x5
 495 0052 20020000 		.4byte	.LASF6
 496 0056 02       		.uleb128 0x2
 497 0057 08       		.byte	0x8
 498 0058 07       		.byte	0x7
 499 0059 EC010000 		.4byte	.LASF7
 500 005d 03       		.uleb128 0x3
 501 005e 04       		.byte	0x4
 502 005f 05       		.byte	0x5
 503 0060 696E7400 		.ascii	"int\000"
 504 0064 02       		.uleb128 0x2
 505 0065 04       		.byte	0x4
 506 0066 07       		.byte	0x7
 507 0067 C6010000 		.4byte	.LASF8
 508 006b 04       		.uleb128 0x4
 509 006c DA020000 		.4byte	.LASF12
 510 0070 02       		.byte	0x2
 511 0071 9201     		.2byte	0x192
 512 0073 2C000000 		.4byte	0x2c
 513 0077 02       		.uleb128 0x2
 514 0078 04       		.byte	0x4
 515 0079 04       		.byte	0x4
 516 007a BD000000 		.4byte	.LASF9
 517 007e 02       		.uleb128 0x2
 518 007f 08       		.byte	0x8
 519 0080 04       		.byte	0x4
 520 0081 8F010000 		.4byte	.LASF10
 521 0085 02       		.uleb128 0x2
 522 0086 01       		.byte	0x1
 523 0087 08       		.byte	0x8
 524 0088 49020000 		.4byte	.LASF11
 525 008c 04       		.uleb128 0x4
 526 008d 57010000 		.4byte	.LASF13
 527 0091 02       		.byte	0x2
 528 0092 3C02     		.2byte	0x23c
 529 0094 98000000 		.4byte	0x98
 530 0098 05       		.uleb128 0x5
 531 0099 6B000000 		.4byte	0x6b
 532 009d 06       		.uleb128 0x6
 533 009e 02       		.byte	0x2
 534 009f 03       		.byte	0x3
 535 00a0 25       		.byte	0x25
 536 00a1 BE000000 		.4byte	0xbe
 537 00a5 07       		.uleb128 0x7
 538 00a6 E9020000 		.4byte	.LASF14
 539 00aa 03       		.byte	0x3
 540 00ab 27       		.byte	0x27
 541 00ac 6B000000 		.4byte	0x6b
 542 00b0 00       		.byte	0
 543 00b1 07       		.uleb128 0x7
ARM GAS  C:\Users\Luggi\AppData\Local\Temp\cczh8Abh.s 			page 27


 544 00b2 B2000000 		.4byte	.LASF15
 545 00b6 03       		.byte	0x3
 546 00b7 28       		.byte	0x28
 547 00b8 6B000000 		.4byte	0x6b
 548 00bc 01       		.byte	0x1
 549 00bd 00       		.byte	0
 550 00be 08       		.uleb128 0x8
 551 00bf 22000000 		.4byte	.LASF16
 552 00c3 03       		.byte	0x3
 553 00c4 29       		.byte	0x29
 554 00c5 9D000000 		.4byte	0x9d
 555 00c9 09       		.uleb128 0x9
 556 00ca 79000000 		.4byte	.LASF17
 557 00ce 01       		.byte	0x1
 558 00cf 25       		.byte	0x25
 559 00d0 00000000 		.4byte	.LFB0
 560 00d4 20000000 		.4byte	.LFE0-.LFB0
 561 00d8 01       		.uleb128 0x1
 562 00d9 9C       		.byte	0x9c
 563 00da 09       		.uleb128 0x9
 564 00db 00000000 		.4byte	.LASF18
 565 00df 01       		.byte	0x1
 566 00e0 3C       		.byte	0x3c
 567 00e1 00000000 		.4byte	.LFB1
 568 00e5 4C000000 		.4byte	.LFE1-.LFB1
 569 00e9 01       		.uleb128 0x1
 570 00ea 9C       		.byte	0x9c
 571 00eb 0A       		.uleb128 0xa
 572 00ec 98000000 		.4byte	.LASF19
 573 00f0 01       		.byte	0x1
 574 00f1 5F       		.byte	0x5f
 575 00f2 00000000 		.4byte	.LFB2
 576 00f6 2C000000 		.4byte	.LFE2-.LFB2
 577 00fa 01       		.uleb128 0x1
 578 00fb 9C       		.byte	0x9c
 579 00fc 13010000 		.4byte	0x113
 580 0100 0B       		.uleb128 0xb
 581 0101 1E000000 		.4byte	.LVL0
 582 0105 55010000 		.4byte	0x155
 583 0109 0B       		.uleb128 0xb
 584 010a 22000000 		.4byte	.LVL1
 585 010e C9000000 		.4byte	0xc9
 586 0112 00       		.byte	0
 587 0113 0A       		.uleb128 0xa
 588 0114 5E000000 		.4byte	.LASF20
 589 0118 01       		.byte	0x1
 590 0119 84       		.byte	0x84
 591 011a 00000000 		.4byte	.LFB3
 592 011e 24000000 		.4byte	.LFE3-.LFB3
 593 0122 01       		.uleb128 0x1
 594 0123 9C       		.byte	0x9c
 595 0124 44010000 		.4byte	0x144
 596 0128 0B       		.uleb128 0xb
 597 0129 06000000 		.4byte	.LVL2
 598 012d DA000000 		.4byte	0xda
 599 0131 0B       		.uleb128 0xb
 600 0132 12000000 		.4byte	.LVL3
ARM GAS  C:\Users\Luggi\AppData\Local\Temp\cczh8Abh.s 			page 28


 601 0136 5C010000 		.4byte	0x15c
 602 013a 0B       		.uleb128 0xb
 603 013b 1A000000 		.4byte	.LVL4
 604 013f 63010000 		.4byte	0x163
 605 0143 00       		.byte	0
 606 0144 0C       		.uleb128 0xc
 607 0145 43000000 		.4byte	.LASF26
 608 0149 01       		.byte	0x1
 609 014a 15       		.byte	0x15
 610 014b BE000000 		.4byte	0xbe
 611 014f 05       		.uleb128 0x5
 612 0150 03       		.byte	0x3
 613 0151 00000000 		.4byte	DAC_Current_Control_backup
 614 0155 0D       		.uleb128 0xd
 615 0156 D3010000 		.4byte	.LASF21
 616 015a 03       		.byte	0x3
 617 015b 34       		.byte	0x34
 618 015c 0D       		.uleb128 0xd
 619 015d 2E020000 		.4byte	.LASF22
 620 0161 03       		.byte	0x3
 621 0162 3A       		.byte	0x3a
 622 0163 0E       		.uleb128 0xe
 623 0164 03020000 		.4byte	.LASF27
 624 0168 03       		.byte	0x3
 625 0169 37       		.byte	0x37
 626 016a 0F       		.uleb128 0xf
 627 016b 6B000000 		.4byte	0x6b
 628 016f 00       		.byte	0
 629 0170 00       		.byte	0
 630              		.section	.debug_abbrev,"",%progbits
 631              	.Ldebug_abbrev0:
 632 0000 01       		.uleb128 0x1
 633 0001 11       		.uleb128 0x11
 634 0002 01       		.byte	0x1
 635 0003 25       		.uleb128 0x25
 636 0004 0E       		.uleb128 0xe
 637 0005 13       		.uleb128 0x13
 638 0006 0B       		.uleb128 0xb
 639 0007 03       		.uleb128 0x3
 640 0008 0E       		.uleb128 0xe
 641 0009 1B       		.uleb128 0x1b
 642 000a 0E       		.uleb128 0xe
 643 000b 55       		.uleb128 0x55
 644 000c 17       		.uleb128 0x17
 645 000d 11       		.uleb128 0x11
 646 000e 01       		.uleb128 0x1
 647 000f 10       		.uleb128 0x10
 648 0010 17       		.uleb128 0x17
 649 0011 00       		.byte	0
 650 0012 00       		.byte	0
 651 0013 02       		.uleb128 0x2
 652 0014 24       		.uleb128 0x24
 653 0015 00       		.byte	0
 654 0016 0B       		.uleb128 0xb
 655 0017 0B       		.uleb128 0xb
 656 0018 3E       		.uleb128 0x3e
 657 0019 0B       		.uleb128 0xb
ARM GAS  C:\Users\Luggi\AppData\Local\Temp\cczh8Abh.s 			page 29


 658 001a 03       		.uleb128 0x3
 659 001b 0E       		.uleb128 0xe
 660 001c 00       		.byte	0
 661 001d 00       		.byte	0
 662 001e 03       		.uleb128 0x3
 663 001f 24       		.uleb128 0x24
 664 0020 00       		.byte	0
 665 0021 0B       		.uleb128 0xb
 666 0022 0B       		.uleb128 0xb
 667 0023 3E       		.uleb128 0x3e
 668 0024 0B       		.uleb128 0xb
 669 0025 03       		.uleb128 0x3
 670 0026 08       		.uleb128 0x8
 671 0027 00       		.byte	0
 672 0028 00       		.byte	0
 673 0029 04       		.uleb128 0x4
 674 002a 16       		.uleb128 0x16
 675 002b 00       		.byte	0
 676 002c 03       		.uleb128 0x3
 677 002d 0E       		.uleb128 0xe
 678 002e 3A       		.uleb128 0x3a
 679 002f 0B       		.uleb128 0xb
 680 0030 3B       		.uleb128 0x3b
 681 0031 05       		.uleb128 0x5
 682 0032 49       		.uleb128 0x49
 683 0033 13       		.uleb128 0x13
 684 0034 00       		.byte	0
 685 0035 00       		.byte	0
 686 0036 05       		.uleb128 0x5
 687 0037 35       		.uleb128 0x35
 688 0038 00       		.byte	0
 689 0039 49       		.uleb128 0x49
 690 003a 13       		.uleb128 0x13
 691 003b 00       		.byte	0
 692 003c 00       		.byte	0
 693 003d 06       		.uleb128 0x6
 694 003e 13       		.uleb128 0x13
 695 003f 01       		.byte	0x1
 696 0040 0B       		.uleb128 0xb
 697 0041 0B       		.uleb128 0xb
 698 0042 3A       		.uleb128 0x3a
 699 0043 0B       		.uleb128 0xb
 700 0044 3B       		.uleb128 0x3b
 701 0045 0B       		.uleb128 0xb
 702 0046 01       		.uleb128 0x1
 703 0047 13       		.uleb128 0x13
 704 0048 00       		.byte	0
 705 0049 00       		.byte	0
 706 004a 07       		.uleb128 0x7
 707 004b 0D       		.uleb128 0xd
 708 004c 00       		.byte	0
 709 004d 03       		.uleb128 0x3
 710 004e 0E       		.uleb128 0xe
 711 004f 3A       		.uleb128 0x3a
 712 0050 0B       		.uleb128 0xb
 713 0051 3B       		.uleb128 0x3b
 714 0052 0B       		.uleb128 0xb
ARM GAS  C:\Users\Luggi\AppData\Local\Temp\cczh8Abh.s 			page 30


 715 0053 49       		.uleb128 0x49
 716 0054 13       		.uleb128 0x13
 717 0055 38       		.uleb128 0x38
 718 0056 0B       		.uleb128 0xb
 719 0057 00       		.byte	0
 720 0058 00       		.byte	0
 721 0059 08       		.uleb128 0x8
 722 005a 16       		.uleb128 0x16
 723 005b 00       		.byte	0
 724 005c 03       		.uleb128 0x3
 725 005d 0E       		.uleb128 0xe
 726 005e 3A       		.uleb128 0x3a
 727 005f 0B       		.uleb128 0xb
 728 0060 3B       		.uleb128 0x3b
 729 0061 0B       		.uleb128 0xb
 730 0062 49       		.uleb128 0x49
 731 0063 13       		.uleb128 0x13
 732 0064 00       		.byte	0
 733 0065 00       		.byte	0
 734 0066 09       		.uleb128 0x9
 735 0067 2E       		.uleb128 0x2e
 736 0068 00       		.byte	0
 737 0069 3F       		.uleb128 0x3f
 738 006a 19       		.uleb128 0x19
 739 006b 03       		.uleb128 0x3
 740 006c 0E       		.uleb128 0xe
 741 006d 3A       		.uleb128 0x3a
 742 006e 0B       		.uleb128 0xb
 743 006f 3B       		.uleb128 0x3b
 744 0070 0B       		.uleb128 0xb
 745 0071 27       		.uleb128 0x27
 746 0072 19       		.uleb128 0x19
 747 0073 11       		.uleb128 0x11
 748 0074 01       		.uleb128 0x1
 749 0075 12       		.uleb128 0x12
 750 0076 06       		.uleb128 0x6
 751 0077 40       		.uleb128 0x40
 752 0078 18       		.uleb128 0x18
 753 0079 9742     		.uleb128 0x2117
 754 007b 19       		.uleb128 0x19
 755 007c 00       		.byte	0
 756 007d 00       		.byte	0
 757 007e 0A       		.uleb128 0xa
 758 007f 2E       		.uleb128 0x2e
 759 0080 01       		.byte	0x1
 760 0081 3F       		.uleb128 0x3f
 761 0082 19       		.uleb128 0x19
 762 0083 03       		.uleb128 0x3
 763 0084 0E       		.uleb128 0xe
 764 0085 3A       		.uleb128 0x3a
 765 0086 0B       		.uleb128 0xb
 766 0087 3B       		.uleb128 0x3b
 767 0088 0B       		.uleb128 0xb
 768 0089 27       		.uleb128 0x27
 769 008a 19       		.uleb128 0x19
 770 008b 11       		.uleb128 0x11
 771 008c 01       		.uleb128 0x1
ARM GAS  C:\Users\Luggi\AppData\Local\Temp\cczh8Abh.s 			page 31


 772 008d 12       		.uleb128 0x12
 773 008e 06       		.uleb128 0x6
 774 008f 40       		.uleb128 0x40
 775 0090 18       		.uleb128 0x18
 776 0091 9742     		.uleb128 0x2117
 777 0093 19       		.uleb128 0x19
 778 0094 01       		.uleb128 0x1
 779 0095 13       		.uleb128 0x13
 780 0096 00       		.byte	0
 781 0097 00       		.byte	0
 782 0098 0B       		.uleb128 0xb
 783 0099 898201   		.uleb128 0x4109
 784 009c 00       		.byte	0
 785 009d 11       		.uleb128 0x11
 786 009e 01       		.uleb128 0x1
 787 009f 31       		.uleb128 0x31
 788 00a0 13       		.uleb128 0x13
 789 00a1 00       		.byte	0
 790 00a2 00       		.byte	0
 791 00a3 0C       		.uleb128 0xc
 792 00a4 34       		.uleb128 0x34
 793 00a5 00       		.byte	0
 794 00a6 03       		.uleb128 0x3
 795 00a7 0E       		.uleb128 0xe
 796 00a8 3A       		.uleb128 0x3a
 797 00a9 0B       		.uleb128 0xb
 798 00aa 3B       		.uleb128 0x3b
 799 00ab 0B       		.uleb128 0xb
 800 00ac 49       		.uleb128 0x49
 801 00ad 13       		.uleb128 0x13
 802 00ae 02       		.uleb128 0x2
 803 00af 18       		.uleb128 0x18
 804 00b0 00       		.byte	0
 805 00b1 00       		.byte	0
 806 00b2 0D       		.uleb128 0xd
 807 00b3 2E       		.uleb128 0x2e
 808 00b4 00       		.byte	0
 809 00b5 3F       		.uleb128 0x3f
 810 00b6 19       		.uleb128 0x19
 811 00b7 03       		.uleb128 0x3
 812 00b8 0E       		.uleb128 0xe
 813 00b9 3A       		.uleb128 0x3a
 814 00ba 0B       		.uleb128 0xb
 815 00bb 3B       		.uleb128 0x3b
 816 00bc 0B       		.uleb128 0xb
 817 00bd 27       		.uleb128 0x27
 818 00be 19       		.uleb128 0x19
 819 00bf 3C       		.uleb128 0x3c
 820 00c0 19       		.uleb128 0x19
 821 00c1 00       		.byte	0
 822 00c2 00       		.byte	0
 823 00c3 0E       		.uleb128 0xe
 824 00c4 2E       		.uleb128 0x2e
 825 00c5 01       		.byte	0x1
 826 00c6 3F       		.uleb128 0x3f
 827 00c7 19       		.uleb128 0x19
 828 00c8 03       		.uleb128 0x3
ARM GAS  C:\Users\Luggi\AppData\Local\Temp\cczh8Abh.s 			page 32


 829 00c9 0E       		.uleb128 0xe
 830 00ca 3A       		.uleb128 0x3a
 831 00cb 0B       		.uleb128 0xb
 832 00cc 3B       		.uleb128 0x3b
 833 00cd 0B       		.uleb128 0xb
 834 00ce 27       		.uleb128 0x27
 835 00cf 19       		.uleb128 0x19
 836 00d0 3C       		.uleb128 0x3c
 837 00d1 19       		.uleb128 0x19
 838 00d2 00       		.byte	0
 839 00d3 00       		.byte	0
 840 00d4 0F       		.uleb128 0xf
 841 00d5 05       		.uleb128 0x5
 842 00d6 00       		.byte	0
 843 00d7 49       		.uleb128 0x49
 844 00d8 13       		.uleb128 0x13
 845 00d9 00       		.byte	0
 846 00da 00       		.byte	0
 847 00db 00       		.byte	0
 848              		.section	.debug_aranges,"",%progbits
 849 0000 34000000 		.4byte	0x34
 850 0004 0200     		.2byte	0x2
 851 0006 00000000 		.4byte	.Ldebug_info0
 852 000a 04       		.byte	0x4
 853 000b 00       		.byte	0
 854 000c 0000     		.2byte	0
 855 000e 0000     		.2byte	0
 856 0010 00000000 		.4byte	.LFB0
 857 0014 20000000 		.4byte	.LFE0-.LFB0
 858 0018 00000000 		.4byte	.LFB1
 859 001c 4C000000 		.4byte	.LFE1-.LFB1
 860 0020 00000000 		.4byte	.LFB2
 861 0024 2C000000 		.4byte	.LFE2-.LFB2
 862 0028 00000000 		.4byte	.LFB3
 863 002c 24000000 		.4byte	.LFE3-.LFB3
 864 0030 00000000 		.4byte	0
 865 0034 00000000 		.4byte	0
 866              		.section	.debug_ranges,"",%progbits
 867              	.Ldebug_ranges0:
 868 0000 00000000 		.4byte	.LFB0
 869 0004 20000000 		.4byte	.LFE0
 870 0008 00000000 		.4byte	.LFB1
 871 000c 4C000000 		.4byte	.LFE1
 872 0010 00000000 		.4byte	.LFB2
 873 0014 2C000000 		.4byte	.LFE2
 874 0018 00000000 		.4byte	.LFB3
 875 001c 24000000 		.4byte	.LFE3
 876 0020 00000000 		.4byte	0
 877 0024 00000000 		.4byte	0
 878              		.section	.debug_line,"",%progbits
 879              	.Ldebug_line0:
 880 0000 C1000000 		.section	.debug_str,"MS",%progbits,1
 880      02006C00 
 880      00000201 
 880      FB0E0D00 
 880      01010101 
 881              	.LASF18:
ARM GAS  C:\Users\Luggi\AppData\Local\Temp\cczh8Abh.s 			page 33


 882 0000 4441435F 		.ascii	"DAC_Current_Control_RestoreConfig\000"
 882      43757272 
 882      656E745F 
 882      436F6E74 
 882      726F6C5F 
 883              	.LASF16:
 884 0022 4441435F 		.ascii	"DAC_Current_Control_backupStruct\000"
 884      43757272 
 884      656E745F 
 884      436F6E74 
 884      726F6C5F 
 885              	.LASF26:
 886 0043 4441435F 		.ascii	"DAC_Current_Control_backup\000"
 886      43757272 
 886      656E745F 
 886      436F6E74 
 886      726F6C5F 
 887              	.LASF20:
 888 005e 4441435F 		.ascii	"DAC_Current_Control_Wakeup\000"
 888      43757272 
 888      656E745F 
 888      436F6E74 
 888      726F6C5F 
 889              	.LASF17:
 890 0079 4441435F 		.ascii	"DAC_Current_Control_SaveConfig\000"
 890      43757272 
 890      656E745F 
 890      436F6E74 
 890      726F6C5F 
 891              	.LASF19:
 892 0098 4441435F 		.ascii	"DAC_Current_Control_Sleep\000"
 892      43757272 
 892      656E745F 
 892      436F6E74 
 892      726F6C5F 
 893              	.LASF15:
 894 00b2 64617461 		.ascii	"data_value\000"
 894      5F76616C 
 894      756500
 895              	.LASF9:
 896 00bd 666C6F61 		.ascii	"float\000"
 896      7400
 897              	.LASF23:
 898 00c3 474E5520 		.ascii	"GNU C 4.9.3 20150303 (release) [ARM/embedded-4_9-br"
 898      4320342E 
 898      392E3320 
 898      32303135 
 898      30333033 
 899 00f6 616E6368 		.ascii	"anch revision 221220] -mcpu=cortex-m3 -mthumb -g -O"
 899      20726576 
 899      6973696F 
 899      6E203232 
 899      31323230 
 900 0129 67202D66 		.ascii	"g -ffunction-sections -flto -ffat-lto-objects\000"
 900      66756E63 
 900      74696F6E 
 900      2D736563 
ARM GAS  C:\Users\Luggi\AppData\Local\Temp\cczh8Abh.s 			page 34


 900      74696F6E 
 901              	.LASF13:
 902 0157 72656738 		.ascii	"reg8\000"
 902      00
 903              	.LASF5:
 904 015c 6C6F6E67 		.ascii	"long unsigned int\000"
 904      20756E73 
 904      69676E65 
 904      6420696E 
 904      7400
 905              	.LASF3:
 906 016e 73686F72 		.ascii	"short unsigned int\000"
 906      7420756E 
 906      7369676E 
 906      65642069 
 906      6E7400
 907              	.LASF1:
 908 0181 756E7369 		.ascii	"unsigned char\000"
 908      676E6564 
 908      20636861 
 908      7200
 909              	.LASF10:
 910 018f 646F7562 		.ascii	"double\000"
 910      6C6500
 911              	.LASF24:
 912 0196 47656E65 		.ascii	"Generated_Source\\PSoC5\\DAC_Current_Control_PM.c\000"
 912      72617465 
 912      645F536F 
 912      75726365 
 912      5C50536F 
 913              	.LASF8:
 914 01c6 756E7369 		.ascii	"unsigned int\000"
 914      676E6564 
 914      20696E74 
 914      00
 915              	.LASF21:
 916 01d3 4441435F 		.ascii	"DAC_Current_Control_Stop\000"
 916      43757272 
 916      656E745F 
 916      436F6E74 
 916      726F6C5F 
 917              	.LASF7:
 918 01ec 6C6F6E67 		.ascii	"long long unsigned int\000"
 918      206C6F6E 
 918      6720756E 
 918      7369676E 
 918      65642069 
 919              	.LASF27:
 920 0203 4441435F 		.ascii	"DAC_Current_Control_SetValue\000"
 920      43757272 
 920      656E745F 
 920      436F6E74 
 920      726F6C5F 
 921              	.LASF6:
 922 0220 6C6F6E67 		.ascii	"long long int\000"
 922      206C6F6E 
 922      6720696E 
ARM GAS  C:\Users\Luggi\AppData\Local\Temp\cczh8Abh.s 			page 35


 922      7400
 923              	.LASF22:
 924 022e 4441435F 		.ascii	"DAC_Current_Control_Enable\000"
 924      43757272 
 924      656E745F 
 924      436F6E74 
 924      726F6C5F 
 925              	.LASF11:
 926 0249 63686172 		.ascii	"char\000"
 926      00
 927              	.LASF25:
 928 024e 433A5C55 		.ascii	"C:\\Users\\Luggi\\Desktop\\Aktuelles Projekt Laser_"
 928      73657273 
 928      5C4C7567 
 928      67695C44 
 928      65736B74 
 929 027d 73636875 		.ascii	"schutzschaltung\\Aktuelles Projekt Laser_schutzscha"
 929      747A7363 
 929      68616C74 
 929      756E675C 
 929      416B7475 
 930 02af 6C74756E 		.ascii	"ltung\\Laserschutzschaltung.cydsn\000"
 930      675C4C61 
 930      73657273 
 930      63687574 
 930      7A736368 
 931              	.LASF2:
 932 02d0 73686F72 		.ascii	"short int\000"
 932      7420696E 
 932      7400
 933              	.LASF12:
 934 02da 75696E74 		.ascii	"uint8\000"
 934      3800
 935              	.LASF4:
 936 02e0 6C6F6E67 		.ascii	"long int\000"
 936      20696E74 
 936      00
 937              	.LASF14:
 938 02e9 656E6162 		.ascii	"enableState\000"
 938      6C655374 
 938      61746500 
 939              	.LASF0:
 940 02f5 7369676E 		.ascii	"signed char\000"
 940      65642063 
 940      68617200 
 941              		.comm	__gnu_lto_v1,1,1
 942              		.ident	"GCC: (GNU Tools for ARM Embedded Processors) 4.9.3 20150303 (release) [ARM/embedded-4_9-br
