ARM GAS  C:\Users\Luggi\AppData\Local\Temp\ccuqjiEf.s 			page 1


   1              		.syntax unified
   2              		.cpu cortex-m3
   3              		.fpu softvfp
   4              		.eabi_attribute 20, 1
   5              		.eabi_attribute 21, 1
   6              		.eabi_attribute 23, 3
   7              		.eabi_attribute 24, 1
   8              		.eabi_attribute 25, 1
   9              		.eabi_attribute 26, 1
  10              		.eabi_attribute 30, 1
  11              		.eabi_attribute 34, 1
  12              		.eabi_attribute 18, 4
  13              		.thumb
  14              		.file	"DAC_Current.c"
  15              		.text
  16              	.Ltext0:
  17              		.section	.gnu.lto_.profile.d2356dc,"",%progbits
  18 0000 789C6366 		.ascii	"x\234cf```a\200\000F\0061!\000\000\262\0001"
  18      60606061 
  18      80004606 
  18      31210000 
  18      B20031
  19              		.text
  20              		.section	.gnu.lto_.inline.d2356dc,"",%progbits
  21 0000 789C6366 		.ascii	"x\234cf\300\016\022\2404\013\003\003\007;##\003#\003"
  21      C00E12A0 
  21      340B0303 
  21      073B2323 
  21      032303
  22 0013 0333C701 		.ascii	"\0033\307\001;\006\266\005\362L\014L\027\370Y@\222\214"
  22      3B06B605 
  22      F24C0C4C 
  22      17F85940 
  22      928C
  23 0025 78E49818 		.ascii	"x\344\230\030XY\030\031\230X\026\310C\304\201\200\031"
  23      58591819 
  23      985816C8 
  23      43C48180 
  23      19
  24 0036 53880100 		.ascii	"S\210\001\000\322\320\011("
  24      D2D00928 
  25              		.text
  26              		.section	.gnu.lto_.jmpfuncs.d2356dc,"",%progbits
  27 0000 789C6366 		.ascii	"x\234cf\300\016\204\2404\013\003##c=#\210`b``\006\212"
  27      C00E84A0 
  27      340B0323 
  27      23633D23 
  27      88606260 
  28 0017 00000DC0 		.ascii	"\000\000\015\300\001$"
  28      0124
  29              		.text
  30              		.section	.gnu.lto_.pureconst.d2356dc,"",%progbits
  31 0000 789C6366 		.ascii	"x\234cf``\340d\200\000\026\006)F)&)f)\000\002\305\000"
  31      6060E064 
  31      80001606 
  31      29462926 
  31      29662900 
ARM GAS  C:\Users\Luggi\AppData\Local\Temp\ccuqjiEf.s 			page 2


  32 0017 7F       		.ascii	"\177"
  33              		.text
  34              		.section	.gnu.lto_DAC_Current_Write.d2356dc,"",%progbits
  35 0000 789C6591 		.ascii	"x\234e\221OH\033A\024\306\3377\263\033C,\265\364\230"
  35      4F481B41 
  35      14C6DF37 
  35      B31B432C 
  35      B5F498
  36 0013 6B08B650 		.ascii	"k\010\266P\274\025<\332\246\340U\360\032\220\020\367"
  36      BC153CDA 
  36      A6E055F0 
  36      1A9010F7 
  37 0023 20888164 		.ascii	" \210\201d\323\253\263\032z(\024T\012-\225Hm\351\237"
  37      D3ABB31A 
  37      7A281454 
  37      0A2D9548 
  37      6DE99F
  38 0036 3456532D 		.ascii	"4VS-\271i\267A\350\241T\311EA\304VHm{kPj\2554\351\233"
  38      B969B741 
  38      E8A154C9 
  38      4541C456 
  38      486D7B6B 
  39 0050 9D4BC581 		.ascii	"\235K\305\201\331\231}|\277\367\276\367F\322\371\025"
  39      D9997D7C 
  39      BFF7BEF7 
  39      46D2F915 
  40 0060 E5DD0251 		.ascii	"\345\335\002Q/\237\220\0041\265A\344\205\005\240/\004"
  40      2F9F9004 
  40      31B541E4 
  40      8505A02F 
  40      04
  41 0071 1A1718C7 		.ascii	"\032\027\030\307\017\321\024\230\362\313\017;\273\237"
  41      0FD11498 
  41      F2CB0F3B 
  41      BB9F
  42 007f 29A57ECE 		.ascii	")\245~\316lz\003>N\004\321\2410y\360\002\335\2549,\253"
  42      6C7A033E 
  42      4E04D1A1 
  42      3079F002 
  42      DDAC392C 
  43 0094 FB525E01 		.ascii	"\373R^\001\361\275R\377\324\352\210?Uj\302_[T},\007"
  43      F1BD52FF 
  43      D4EA883F 
  43      556AC25F 
  43      5B547D2C 
  44 00a9 5E423281 		.ascii	"^B2\201kQ\\\215\022\007\010%\304\265x\371\336zU\310"
  44      6B515C8D 
  44      12070825 
  44      C4B578F9 
  44      DE7A55C8 
  45 00bd 9E009CFF 		.ascii	"\236\000\234\377\270\277~!6\317\340\227\323j\322\367"
  45      B8BF7E21 
  45      36CFE097 
  45      D36AD2F7 
  46 00cd 1EAB56BB 		.ascii	"\036\253V\273\035\340\257\376\307\315b}\263\360w\273"
  46      1DE0AFFE 
  46      C7CD627D 
ARM GAS  C:\Users\Luggi\AppData\Local\Temp\ccuqjiEf.s 			page 3


  46      B3F077BB 
  47 00dd 33546063 		.ascii	"3T`c\227PF\314x\302\002B\334\027td\351\262\257\332\355"
  47      975046CC 
  47      78C20242 
  47      DC177464 
  47      E9B2AFDA 
  48 00f2 95D5F77F 		.ascii	"\225\325\367\177\020\026\\Vp\243\034\266\240\253\333"
  48      10165C56 
  48      70A31CB6 
  48      A0ABDB
  49 0101 3A10D21F 		.ascii	":\020\322\037\242\006o\335\367W\376\341S\356\240\366"
  49      A2066FDD 
  49      F757FEE1 
  49      53EEA0F6 
  50 0111 EBEEDE83 		.ascii	"\353\356\336\203\016\235\354X\350!4\017\336\025\345"
  50      0E9DEC58 
  50      E821340F 
  50      DE15E5
  51 0120 77712264 		.ascii	"wq\"d\345\211\247,]\376sc\263\036\016B\201\233o\265"
  51      E589A72C 
  51      5DFE7363 
  51      B31E0E42 
  51      819B6FB5 
  52 0134 622952C4 		.ascii	"b)R\304\254W`\313\026^#\212E\260[,\241\010\332\301\344"
  52      AC5760CB 
  52      165E238A 
  52      45B05B2C 
  52      A108DAC1 
  53 0149 EF3BBB30 		.ascii	"\357;\2730\011\245\3119=\375v\356\242N\000~\011TX\274"
  53      09A5C939 
  53      3DFD76EE 
  53      A24E007E 
  53      095458BC 
  54 015d 0511F867 		.ascii	"\005\021\370g\223\2542\320\301\007\333P\366\261\260"
  54      93AC32D0 
  54      C107DB50 
  54      F6B1B0
  55 016c 98AA3F7A 		.ascii	"\230\252?z>\331\245)\213\2417\014\261\352(d$F\245\301"
  55      3ED9A529 
  55      8BA1370C 
  55      B1EA2864 
  55      2446A5C1 
  56 0180 DA4C50EB 		.ascii	"\332LP\353\214/\317\267\317:[fg\014\321\036<\3774\250"
  56      8C2FCFB7 
  56      CF3A5B66 
  56      670CD11E 
  56      3CFF34A8 
  57 0194 A227DBE0 		.ascii	"\242'\333\340\347\341!\360H\342\375\316\230\223M\271"
  57      E7E121F0 
  57      48E2FDCE 
  57      98934DB9 
  58 01a4 CEF0D060 		.ascii	"\316\360\320`&\237M;\311\201\301L\342z\362\326\215\304"
  58      269F4D3B 
  58      C981C14C 
  58      E27AF2D6 
  58      8DC4
  59 01b6 50229FCD 		.ascii	"P\"\237\315:cnO\232\354\333\251\321\274\023\311\271"
ARM GAS  C:\Users\Luggi\AppData\Local\Temp\ccuqjiEf.s 			page 4


  59      3A636E4F 
  59      9AECDBA9 
  59      D1BC13C9 
  59      B9
  60 01c7 2977247D 		.ascii	")w$}s\304\315\375\003J\255\301\227"
  60      73C4CDFD 
  60      034AADC1 
  60      97
  61              		.text
  62              		.section	.gnu.lto_DAC_Current_SetDriveMode.d2356dc,"",%progbits
  63 0000 789C7D51 		.ascii	"x\234}QKHBA\024\275g\346\351\263\244\210V\341^,\220"
  63      4B484241 
  63      14BD67E6 
  63      E9B3A488 
  63      56E15E2C 
  64 0015 5AB52F8C 		.ascii	"Z\265/\214\332\006n\205\210z\313\024D\327>?mZU+\241"
  64      DA066E85 
  64      887ACB14 
  64      44D73E3F 
  64      6D5A552B 
  65 002a 823E44FF 		.ascii	"\202>D\377\017\264h+\325.*j#\011\331\306\354\003E\242"
  65      0FB4682B 
  65      D52E2A6A 
  65      2309D9C6 
  65      EC0345A2 
  66 003e 54126277 		.ascii	"T\022bw\236-\204\240\341\315\235{.\347\234w\347\216"
  66      9E2D84A0 
  66      E1CD9D7B 
  66      2EE79C77 
  66      E78E
  67 0050 A4BFCBC5 		.ascii	"\244\277\313\305\373\005D^>!\011b\366\222(\356\020\200"
  67      FB05445E 
  67      3E210962 
  67      F69228EE 
  67      1080
  68 0062 4A081413 		.ascii	"J\010\024\023\210\341Y\224\004f3;i\247g\3354\315\367"
  68      88E15994 
  68      0466333B 
  68      69A767DD 
  68      34CDF7
  69 0075 D5E3AEE9 		.ascii	"\325\343\256\351\256\252 *\213\206\0156\340a\312c\365"
  69      AEAA202A 
  69      8B860D36 
  69      E061CA63 
  69      F5
  70 0086 79A34D76 		.ascii	"y\243Mv\2038\257\315eo\204{\3154\023\231\213}s\000U"
  70      8338AFCD 
  70      656F847B 
  70      CD341399 
  70      8B7D7300 
  71 009b F6DC8464 		.ascii	"\366\334\204d\005\274.\364\270\210\013\204-\270\025"
  71      05BC2EF4 
  71      B8880B84 
  71      2DB815
  72 00aa B994AA65 		.ascii	"\271\224\252e\235\366\024{w4<\261\015;\267E\007\235"
  72      9DF6147B 
  72      77343CB1 
ARM GAS  C:\Users\Luggi\AppData\Local\Temp\ccuqjiEf.s 			page 5


  72      0D3BB745 
  72      079D
  73 00bc 19B35E2F 		.ascii	"\031\263^/\337\315m\366\301)X#$\007\251\251`\203\222"
  73      DFCD6DF6 
  73      C1295823 
  73      2407A9A9 
  73      608392
  74 00cf DB55AAAB 		.ascii	"\333U\252\253\340P\241Eq\210\012\274\325\015\036\030"
  74      E050A145 
  74      71880ABC 
  74      D50D1E18 
  75 00df F0297338 		.ascii	"\360)s8\371\230).h\312\367S\250\353$R\311\225\326'Q"
  75      F998292E 
  75      68CAF753 
  75      A8EB2452 
  75      C995D627 
  76 00f4 155A7A39 		.ascii	"\025Zz9nj\252\213\373\302\325\265\303*\221\202\213\225"
  76      6E6AAA8B 
  76      FBC2D5B5 
  76      C32A9182 
  76      8B95
  77 0106 D3A2BE84 		.ascii	"\323\242\276\204\205x\212\233\267a\007.\354\202\007"
  77      85788A9B 
  77      B761072E 
  77      EC8207
  78 0115 863D2C81 		.ascii	"\206=,\201rH\344\365\206\235dG\306\311/{\003k\\b\375"
  78      7248E4F5 
  78      869D6447 
  78      C6C92F7B 
  78      036B5C62 
  79 012a EDDBFBB9 		.ascii	"\355\333\373\271e'K\365\337\305\263\334g\213&-\177\266"
  79      65274BF5 
  79      DFC5B3DC 
  79      678B262D 
  79      7FB6
  80 013c 66ADCE25 		.ascii	"f\255\316%\326^\037\275\236\331,m;\341\300\222$+\277"
  80      D65E1FBD 
  80      9ED92C6D 
  80      3BE1C092 
  80      242BBF
  81 014f 1487F507 		.ascii	"\024\207\365\007\275\331\245\205\253\214O\346\241\360"
  81      BDD9A585 
  81      AB8C4FE6 
  81      A1F0
  82 015d 7FBD1F72 		.ascii	"\177\275\037r\357\314\247<\342\231\357a\305V\357W\340"
  82      EFCCA73C 
  82      E299EF61 
  82      C556EF57 
  82      E0
  83 016e B7E031F1 		.ascii	"\267\3401\361\320\334#F\320\010\217G\214\3111\177(\032"
  83      D0DC2346 
  83      D0088F47 
  83      8CC9317F 
  83      281A
  84 0180 9E3002A3 		.ascii	"\2360\002\243\376\220\257?04\350\033\363E\303a#\030"
  84      FE90AF3F 
  84      3034E81B 
ARM GAS  C:\Users\Luggi\AppData\Local\Temp\ccuqjiEf.s 			page 6


  84      F345C361 
  84      2318
  85 0192 E99D206D 		.ascii	"\351\235 m*4i\374\0005\314\271!"
  85      2A3469FC 
  85      0035CCB9 
  85      21
  86              		.text
  87              		.section	.gnu.lto_DAC_Current_Read.d2356dc,"",%progbits
  88 0000 789C6366 		.ascii	"x\234cf\300\004R@\374\033\210\325\201\230\221\231\201"
  88      C0045240 
  88      FC1B88D5 
  88      81989199 
  88      81
  89 0011 9169C239 		.ascii	"\221i\3029\006\206F\016&FF\020\203\201\221\241\236\211"
  89      0686460E 
  89      26464610 
  89      838191A1 
  89      9E89
  90 0023 B19EF125 		.ascii	"\261\236\361%\323G&\3063;\377]fT_\332\320\320\364a\322"
  90      D34726C6 
  90      333BFF5D 
  90      66545FDA 
  90      D0D0F461 
  91 0038 DE3BDCAD 		.ascii	"\336;\334\255\022?\231\030\030>310\352H1j\202\314a\\"
  91      123F9918 
  91      183E3331 
  91      30EA4831 
  91      6A82CC61 
  92 004d CEA8CE00 		.ascii	"\316\250\316\000T\370\261\345\357un\266\226\206\206"
  92      54F8B1E5 
  92      EF756EB6 
  92      968686
  93 005c 0601903C 		.ascii	"\006\001\220<Pb\005#\033#\220^/t\240\341\377\377\315"
  93      50620523 
  93      1B23905E 
  93      2F74A0E1 
  93      FFFFCD
  94 006f 5F277658 		.ascii	"_'vX3\26201\374d\002\332\0102\204\341\011\220\000\331"
  94      33B23031 
  94      FC6402DA 
  94      083284E1 
  94      099000D9 
  95 0083 F7948909 		.ascii	"\367\224\211\011D3\337b<\364\255\353\336<+\220\306\357"
  95      4433DF62 
  95      3CF4ADEB 
  95      DE3C2B90 
  95      C6EF
  96 0095 4C20CBCF 		.ascii	"L \313\317\355\177\275\201\347\005\323O&\246\215\213"
  96      ED7FBD81 
  96      E705D34F 
  96      26A68D8B 
  97 00a5 1A1B5840 		.ascii	"\032\033X@\326\334\177r\376\"\007X\210\001\304\355}"
  97      D6DC7F72 
  97      FE220758 
  97      8801C4ED 
  97      7D
  98 00b6 DB283C97 		.ascii	"\333(<\227qvc\013\343O&f\306\225\214R\214\253\030\201"
ARM GAS  C:\Users\Luggi\AppData\Local\Temp\ccuqjiEf.s 			page 7


  98      7176630B 
  98      E34F2666 
  98      C6958C52 
  98      8CAB1881 
  99 00ca AE625CCD 		.ascii	"\256b\\\3158\227\221\341\026c\363\2176\035\210q\314"
  99      389791E1 
  99      1663F38F 
  99      361D8871 
  99      CC
 100 00db 10132FCE 		.ascii	"\020\023/\316Z\326\314\017\322\016\364$\343\032\240"
 100      5AD6CC0F 
 100      D20EF424 
 100      E31AA0
 101 00ea D27B8C8C 		.ascii	"\322{\214\214P\005`\0271\202\\\0024Z\325=5/\265(\261"
 101      50056017 
 101      31825C02 
 101      345AD53D 
 101      352FB528 
 102 00ff 2435253E 		.ascii	"$5%>8\277\264(95& 8\337\3314\306\305\3219\336\271\264"
 102      38BFB428 
 102      39352620 
 102      38DFD934 
 102      C6C5D139 
 103 0116 A82835AF 		.ascii	"\250(5\257D/\231\001\000\206=f\037"
 103      442F9901 
 103      00863D66 
 103      1F
 104              		.text
 105              		.section	.gnu.lto_DAC_Current_ReadDataReg.d2356dc,"",%progbits
 106 0000 789C6366 		.ascii	"x\234cf\300\004R@\374\007\210\325\201\230\221\231\201"
 106      C0045240 
 106      FC0788D5 
 106      81989199 
 106      81
 107 0011 9169C239 		.ascii	"\221i\3029\006\206F\016&FF\020\203\201\221\241\236\211"
 107      0686460E 
 107      26464610 
 107      838191A1 
 107      9E89
 108 0023 B19EF125 		.ascii	"\261\236\361%\323G&\3063;\377]fT_\332\320\320\364\341"
 108      D34726C6 
 108      333BFF5D 
 108      66545FDA 
 108      D0D0F4E1 
 109 0037 D2E53BDC 		.ascii	"\322\345;\334\255\022?\231\030\030>310\352H1j\202\314"
 109      AD123F99 
 109      18183E33 
 109      3130EA48 
 109      316A82CC 
 110 004b 615CCEA8 		.ascii	"a\\\316\250\316\000T\370\261\345\357un\266\226\206\206"
 110      CE0054F8 
 110      B1E5EF75 
 110      6EB69686 
 110      86
 111 005c 0601903C 		.ascii	"\006\001\220<Pb\005#\033#\220^/t\240\341\377\377\315"
 111      50620523 
 111      1B23905E 
ARM GAS  C:\Users\Luggi\AppData\Local\Temp\ccuqjiEf.s 			page 8


 111      2F74A0E1 
 111      FFFFCD
 112 006f E7277568 		.ascii	"\347'uh1\26101\374d\002\332\0102\204\341\011\220\000"
 112      31B13031 
 112      FC6402DA 
 112      083284E1 
 112      099000
 113 0082 D9F79489 		.ascii	"\331\367\224\211\011D3\337b<\364\255\353\337J+\220\306"
 113      094433DF 
 113      623CF4AD 
 113      EBDF4A2B 
 113      90C6
 114 0094 EF4C20CB 		.ascii	"\357L \313?>\333?\227\371\005\323O&\246\015\213\032"
 114      3F3EDB3F 
 114      97F905D3 
 114      4F26A60D 
 114      8B1A
 115 00a6 1B5840D6 		.ascii	"\033X@\326\334\177r\376\"\007X\210\001\304}~h\356J\256"
 115      DC7F72FE 
 115      22075888 
 115      01C47D7E 
 115      68EE4AAE 
 116 00ba B98CB31B 		.ascii	"\271\214\263\033[\030\177213\256d\224b\\\305\010t\026"
 116      5B187F32 
 116      3133AE64 
 116      94625CC5 
 116      087416
 117 00cd E36AC6B9 		.ascii	"\343j\306\271\214\014\267\030\233\177\264\351@\314c"
 117      8C0CB718 
 117      9B7FB4E9 
 117      40CC63
 118 00dc 86187971 		.ascii	"\206\030yq\326\262f~\220~\240/\031\327\000\225\336c"
 118      D6B2667E 
 118      907EA02F 
 118      19D70095 
 118      DE63
 119 00ee 64842A00 		.ascii	"d\204*\000;\211\021\344\024\240\331\252\356\251y\251"
 119      3B8911E4 
 119      14A0D9AA 
 119      EEA979A9 
 120 00fe 458925A9 		.ascii	"E\211%\251)\361\301\371\245E\311\2511\001\301\371\316"
 120      29F1C1F9 
 120      A545C9A9 
 120      3101C1F9 
 120      CE
 121 010f A6312E8E 		.ascii	"\2461.\216\316\361\316\245EE\251y%z\311\014\000\212"
 121      CEF1CEA5 
 121      4545A979 
 121      257AC90C 
 121      008A
 122 0121 DC6758   		.ascii	"\334gX"
 123              		.text
 124              		.section	.gnu.lto_.symbol_nodes.d2356dc,"",%progbits
 125 0000 789C6366 		.ascii	"x\234cf``pb\200\002&\206z\006\206\011\347\030\030\352"
 125      60607062 
 125      80022686 
 125      7A068609 
ARM GAS  C:\Users\Luggi\AppData\Local\Temp\ccuqjiEf.s 			page 9


 125      E71818EA 
 126 0014 EB19A62D 		.ascii	"\353\031\246-\340``b\254gD\3413\3253\241\360\231\353"
 126      E0606062 
 126      AC6744E1 
 126      33D533A1 
 126      F099EB
 127 0027 9991F90C 		.ascii	"\231\221\371\014\0000N\020\276"
 127      00304E10 
 127      BE
 128              		.text
 129              		.section	.gnu.lto_.refs.d2356dc,"",%progbits
 130 0000 789C6366 		.ascii	"x\234cf```d\200\002\000\000=\000\005"
 130      60606064 
 130      80020000 
 130      3D0005
 131              		.text
 132              		.section	.gnu.lto_.decls.d2356dc,"",%progbits
 133 0000 789C8D52 		.ascii	"x\234\215R_HSQ\030?\337=\327\251\267Y\366\2422\202\326"
 133      5F485351 
 133      183FDF3D 
 133      D7A9B759 
 133      F6A23282 
 134 0015 43422042 		.ascii	"CB B\017\201o\025\023\364\245\020%zP\220\241\027\333"
 134      0F816F15 
 134      13F4A510 
 134      257A5090 
 134      A117DB
 135 0028 8BC66D06 		.ascii	"\213\306m\006>u\232\326\326\014\023+\262?\256\201Z\376"
 135      3E759AD6 
 135      D60C132B 
 135      B23FAE81 
 135      5AFE
 136 003a 9D4BA773 		.ascii	"\235K\247sj\272\275\011\366\207`\010\026\201\342\213"
 136      6ABABD09 
 136      F6876008 
 136      1681E28B 
 137 004a 51C1040D 		.ascii	"Q\301\004\015\203\360\366\335\263\255]\326\244>\370"
 137      83F0F6DD 
 137      B3AD5DD6 
 137      A43EF8
 138 0059 EE3DDF39 		.ascii	"\356=\3379\337\357\367\375\276s>J\010\311\007BT4\013"
 138      DFEFF7FD 
 138      BE733E4A 
 138      08C90742 
 138      54340B
 139 006c 256402E3 		.ascii	"%d\002\343,\364*\2222\021}\022=\200\036D\017\221\277"
 139      2CF42A92 
 139      32117D12 
 139      3D801E44 
 139      0F91BF
 140 007f 6D52871B 		.ascii	"mR\207\033G/@_D_H\234C\"'\3354NC\032.\222\001\033\310"
 140      472F405F 
 140      445F489C 
 140      432227DD 
 140      344E431A 
 141 0098 800D26B4 		.ascii	"\200\015&\264\035T/\230\001\023\372\007&So\333\002\204"
 141      1D542F98 
ARM GAS  C:\Users\Luggi\AppData\Local\Temp\ccuqjiEf.s 			page 10


 141      0113FA07 
 141      26536FDB 
 141      0284
 142 00aa 7C3B6F0F 		.ascii	"|;o\017m\011pX2k\341\\\317r\257\001C\243$j\341\352\222"
 142      6D097058 
 142      326BE15C 
 142      CF72AF01 
 142      43A3246A 
 143 00c1 D3994305 		.ascii	"\323\231C\005\320\326\375\275\033Q\251d\2041\346b\341"
 143      D0D6FDBD 
 143      1B51A964 
 143      8431E662 
 143      E1
 144 00d2 30A4286E 		.ascii	"0\244(n\276\230\277\233\215\230\002\211\207]+O\"\224"
 144      BE98BF9B 
 144      8D980289 
 144      875D2B4F 
 144      2294
 145 00e4 87AA8613 		.ascii	"\207\252\206\023\326\326\036\374\244 \025\273\030s\260"
 145      D6D61EFC 
 145      A42015BB 
 145      1873B0
 146 00f3 580FA345 		.ascii	"X\017\243E\004JLp\312D\300\007\305\230\006#PB`\024L"
 146      044A4C70 
 146      CA44C007 
 146      C5980623 
 146      50426014 
 147 0108 30062632 		.ascii	"0\006&2\200\005b\317\243\037\2171&\3028H0\014\224g`"
 147      800562CF 
 147      A31F8F31 
 147      26C23848 
 147      300C9467 
 148 011d 1B5A8544 		.ascii	"\033Z\205D\321\356[\221nQ\024pS\313\251\345jw\325\215"
 148      D1EE5B91 
 148      6E511470 
 148      53CBA9E5 
 148      6A77D58D 
 149 0131 41A1F021 		.ascii	"A\241\360!\022\260\356v\226/BU\001\274D\332!\244%\340"
 149      12B0EE76 
 149      962F4255 
 149      01BC44DA 
 149      21A425E0 
 150 0145 8742FC4E 		.ascii	"\207B\374N\200\030'x\026u\355\002=\315[\363\367\271"
 150      80182778 
 150      1675ED02 
 150      3DCD5BF3 
 150      F7B9
 151 0157 6FE79A3D 		.ascii	"o\347\232=\314\353\217u\366{\350c\346u\260}\025\345"
 151      CCEB8F75 
 151      F67BE863 
 151      E675B07D 
 151      15E5
 152 0169 6B2078F5 		.ascii	"k x\365G\000\321\326\361\033\235\0043\002?\357x\234"
 152      4700D1D6 
 152      F11B9D04 
 152      33023FEF 
 152      789C
ARM GAS  C:\Users\Luggi\AppData\Local\Temp\ccuqjiEf.s 			page 11


 153 017b 79D4C649 		.ascii	"y\324\306I\336\004\206\336\347q\022\357\\\277a\231\205"
 153      DE0486DE 
 153      E77112EF 
 153      5CBF6199 
 153      85
 154 018c 55F52CC7 		.ascii	"U\365,\307O\351\360SI|\200\343\357t\370\251^\260\326"
 154      4FE9F053 
 154      497C80E3 
 154      EF74F8A9 
 154      5EB0D6
 155 019f 4B4AF134 		.ascii	"KJ\3614W\\\233\020\354\375\272\277E\251\003x\261!\337"
 155      575C9B10 
 155      ECFDBABF 
 155      45A90378 
 155      B121DF
 156 01b2 D8B72C5E 		.ascii	"\330\267,^l\375\313\246\034\356`\277T\225r\004\314\350"
 156      6CFDCBA6 
 156      1CEE60BF 
 156      54957204 
 156      CCE8
 157 01c4 CACD24CB 		.ascii	"\312\315$\313\005y\271\357]O\231\221\336\217S\270\326"
 157      0579B9EF 
 157      5D4F9991 
 157      DE8F53B8 
 157      D6
 158 01d5 878347E2 		.ascii	"\207\203G\342z\373\006\223z5\202Y\035\301l\222 \304"
 158      7AFB0693 
 158      7A358259 
 158      1DC16C92 
 158      20C4
 159 01e7 09D8A3CE 		.ascii	"\011\330\243\316\201\034:\032'\230\376\341\016\345I"
 159      811C3A1A 
 159      2798FEE1 
 159      0EE549
 160 01f6 F8ACEDFF 		.ascii	"\370\254\355\377\361\2548\010\321w\356\325\334\370 "
 160      F1AC3808 
 160      D177EED5 
 160      DCF820
 161 0205 A4235E1F 		.ascii	"\244#^\0378\010{\233\225\035\354\034,\340\305\314\245"
 161      38087B9B 
 161      951DEC1C 
 161      2CE0C5CC 
 161      A5
 162 0216 06611E52 		.ascii	"\006a\036R\223\020]q|\242F\2676]x\211\271\225<7u\211"
 162      93105D71 
 162      7CA246B7 
 162      365D7889 
 162      B9953C37 
 163 022c 8B60E40D 		.ascii	"\213`\344\015\340\177[\240\276\017K\036\001L&\251\027"
 163      E07F5BA0 
 163      BE0F4B1E 
 163      014C26A9 
 163      17
 164 023d A778EF38 		.ascii	"\247x\3578D\220H[\206\267T\365\206\032\267{\331|\333"
 164      4490485B 
 164      86B754F5 
 164      861AB77B 
ARM GAS  C:\Users\Luggi\AppData\Local\Temp\ccuqjiEf.s 			page 12


 164      D97CDB
 165 0250 A53D4BCC 		.ascii	"\245=K\314\241\223I\370>\2010\222/!9\017\263Zm\315\366"
 165      A19349F8 
 165      3E813092 
 165      2F21390F 
 165      B35A6DCD 
 166 0265 3243C5C5 		.ascii	"2C\305\305Kf\0139Q!7\313\212\325.7\326\327\264\264*"
 166      4B660B39 
 166      512137CB 
 166      8AD52E37 
 166      D6D7B4B4 
 167 027a 0D725D55 		.ascii	"\015r]UM\213\345L]C\233\275\355\252|\255\364\0129Z~"
 167      4D8BE54C 
 167      5D439BBD 
 167      EDAA7CAD 
 167      F40A395A 
 168 028f DE526F69 		.ascii	"\336RoiU\024\271\331^\177Y\261\331\345\223\007`t\211"
 168      5514B9D9 
 168      5E7F59B1 
 168      D9E59307 
 168      607489
 169 02a2 A50DA448 		.ascii	"\245\015\244H\217\253\221\355\345\212\355\272|\241\245"
 169      8FAB91ED 
 169      E58AEDBA 
 169      7CA1A5
 170 02b1 51CED71F 		.ascii	"Q\316\327\037T\313\326\306\302\364\215r\253\335Z-7\211"
 170      54CBD6C6 
 170      C2F48D72 
 170      ABDD5A2D 
 170      3789
 171 02c3 8ADC54F6 		.ascii	"\212\334T\366\033\274_Q\013"
 171      1BBC5F51 
 171      0B
 172              		.text
 173              		.section	.gnu.lto_.symtab.d2356dc,"",%progbits
 174 0000 4441435F 		.ascii	"DAC_Current_Write\000\000\000\000\000\000\000\000\000"
 174      43757272 
 174      656E745F 
 174      57726974 
 174      65000000 
 175 001a 000000B2 		.ascii	"\000\000\000\262\000\000\000DAC_Current_SetDriveMod"
 175      00000044 
 175      41435F43 
 175      75727265 
 175      6E745F53 
 176 0038 65000000 		.ascii	"e\000\000\000\000\000\000\000\000\000\000\000\000\264"
 176      00000000 
 176      00000000 
 176      00B4
 177 0046 00000044 		.ascii	"\000\000\000DAC_Current_Read\000\000\000\000\000\000"
 177      41435F43 
 177      75727265 
 177      6E745F52 
 177      65616400 
 178 005f 00000000 		.ascii	"\000\000\000\000\000\000\267\000\000\000DAC_Current"
 178      0000B700 
 178      00004441 
ARM GAS  C:\Users\Luggi\AppData\Local\Temp\ccuqjiEf.s 			page 13


 178      435F4375 
 178      7272656E 
 179 0074 5F526561 		.ascii	"_ReadDataReg\000\000\000\000\000\000\000\000\000\000"
 179      64446174 
 179      61526567 
 179      00000000 
 179      00000000 
 180 008a 0000B900 		.ascii	"\000\000\271\000\000\000"
 180      0000
 181              		.text
 182              		.section	.gnu.lto_.opts,"",%progbits
 183 0000 272D666E 		.ascii	"'-fno-trapv' '-fno-strict-overflow' '-mcpu=cortex-m"
 183      6F2D7472 
 183      61707627 
 183      20272D66 
 183      6E6F2D73 
 184 0033 33272027 		.ascii	"3' '-mthumb' '-g' '-Og' '-ffunction-sections' '-flt"
 184      2D6D7468 
 184      756D6227 
 184      20272D67 
 184      2720272D 
 185 0066 6F272027 		.ascii	"o' '-ffat-lto-objects'\000"
 185      2D666661 
 185      742D6C74 
 185      6F2D6F62 
 185      6A656374 
 186              		.text
 187              		.cfi_sections	.debug_frame
 188              		.section	.text.DAC_Current_Write,"ax",%progbits
 189              		.align	2
 190              		.global	DAC_Current_Write
 191              		.thumb
 192              		.thumb_func
 193              		.type	DAC_Current_Write, %function
 194              	DAC_Current_Write:
 195              	.LFB0:
 196              		.file 1 "Generated_Source\\PSoC5\\DAC_Current.c"
   1:Generated_Source\PSoC5/DAC_Current.c **** /*******************************************************************************
   2:Generated_Source\PSoC5/DAC_Current.c **** * File Name: DAC_Current.c  
   3:Generated_Source\PSoC5/DAC_Current.c **** * Version 2.20
   4:Generated_Source\PSoC5/DAC_Current.c **** *
   5:Generated_Source\PSoC5/DAC_Current.c **** * Description:
   6:Generated_Source\PSoC5/DAC_Current.c **** *  This file contains API to enable firmware control of a Pins component.
   7:Generated_Source\PSoC5/DAC_Current.c **** *
   8:Generated_Source\PSoC5/DAC_Current.c **** * Note:
   9:Generated_Source\PSoC5/DAC_Current.c **** *
  10:Generated_Source\PSoC5/DAC_Current.c **** ********************************************************************************
  11:Generated_Source\PSoC5/DAC_Current.c **** * Copyright 2008-2015, Cypress Semiconductor Corporation.  All rights reserved.
  12:Generated_Source\PSoC5/DAC_Current.c **** * You may use this file only in accordance with the license, terms, conditions, 
  13:Generated_Source\PSoC5/DAC_Current.c **** * disclaimers, and limitations in the end user license agreement accompanying 
  14:Generated_Source\PSoC5/DAC_Current.c **** * the software package with which this file was provided.
  15:Generated_Source\PSoC5/DAC_Current.c **** *******************************************************************************/
  16:Generated_Source\PSoC5/DAC_Current.c **** 
  17:Generated_Source\PSoC5/DAC_Current.c **** #include "cytypes.h"
  18:Generated_Source\PSoC5/DAC_Current.c **** #include "DAC_Current.h"
  19:Generated_Source\PSoC5/DAC_Current.c **** 
  20:Generated_Source\PSoC5/DAC_Current.c **** /* APIs are not generated for P15[7:6] on PSoC 5 */
ARM GAS  C:\Users\Luggi\AppData\Local\Temp\ccuqjiEf.s 			page 14


  21:Generated_Source\PSoC5/DAC_Current.c **** #if !(CY_PSOC5A &&\
  22:Generated_Source\PSoC5/DAC_Current.c **** 	 DAC_Current__PORT == 15 && ((DAC_Current__MASK & 0xC0) != 0))
  23:Generated_Source\PSoC5/DAC_Current.c **** 
  24:Generated_Source\PSoC5/DAC_Current.c **** 
  25:Generated_Source\PSoC5/DAC_Current.c **** /*******************************************************************************
  26:Generated_Source\PSoC5/DAC_Current.c **** * Function Name: DAC_Current_Write
  27:Generated_Source\PSoC5/DAC_Current.c **** ****************************************************************************//**
  28:Generated_Source\PSoC5/DAC_Current.c **** *
  29:Generated_Source\PSoC5/DAC_Current.c **** * \brief Writes the value to the physical port (data output register), masking
  30:Generated_Source\PSoC5/DAC_Current.c **** *  and shifting the bits appropriately. 
  31:Generated_Source\PSoC5/DAC_Current.c **** *
  32:Generated_Source\PSoC5/DAC_Current.c **** * The data output register controls the signal applied to the physical pin in 
  33:Generated_Source\PSoC5/DAC_Current.c **** * conjunction with the drive mode parameter. This function avoids changing 
  34:Generated_Source\PSoC5/DAC_Current.c **** * other bits in the port by using the appropriate method (read-modify-write or
  35:Generated_Source\PSoC5/DAC_Current.c **** * bit banding).
  36:Generated_Source\PSoC5/DAC_Current.c **** *
  37:Generated_Source\PSoC5/DAC_Current.c **** * <b>Note</b> This function should not be used on a hardware digital output pin 
  38:Generated_Source\PSoC5/DAC_Current.c **** * as it is driven by the hardware signal attached to it.
  39:Generated_Source\PSoC5/DAC_Current.c **** *
  40:Generated_Source\PSoC5/DAC_Current.c **** * \param value
  41:Generated_Source\PSoC5/DAC_Current.c **** *  Value to write to the component instance.
  42:Generated_Source\PSoC5/DAC_Current.c **** *
  43:Generated_Source\PSoC5/DAC_Current.c **** * \return 
  44:Generated_Source\PSoC5/DAC_Current.c **** *  None 
  45:Generated_Source\PSoC5/DAC_Current.c **** *
  46:Generated_Source\PSoC5/DAC_Current.c **** * \sideeffect
  47:Generated_Source\PSoC5/DAC_Current.c **** *  If you use read-modify-write operations that are not atomic; the Interrupt 
  48:Generated_Source\PSoC5/DAC_Current.c **** *  Service Routines (ISR) can cause corruption of this function. An ISR that 
  49:Generated_Source\PSoC5/DAC_Current.c **** *  interrupts this function and performs writes to the Pins component data 
  50:Generated_Source\PSoC5/DAC_Current.c **** *  register can cause corrupted port data. To avoid this issue, you should 
  51:Generated_Source\PSoC5/DAC_Current.c **** *  either use the Per-Pin APIs (primary method) or disable interrupts around 
  52:Generated_Source\PSoC5/DAC_Current.c **** *  this function.
  53:Generated_Source\PSoC5/DAC_Current.c **** *
  54:Generated_Source\PSoC5/DAC_Current.c **** * \funcusage
  55:Generated_Source\PSoC5/DAC_Current.c **** *  \snippet DAC_Current_SUT.c usage_DAC_Current_Write
  56:Generated_Source\PSoC5/DAC_Current.c **** *******************************************************************************/
  57:Generated_Source\PSoC5/DAC_Current.c **** void DAC_Current_Write(uint8 value)
  58:Generated_Source\PSoC5/DAC_Current.c **** {
 197              		.loc 1 58 0
 198              		.cfi_startproc
 199              		@ args = 0, pretend = 0, frame = 0
 200              		@ frame_needed = 0, uses_anonymous_args = 0
 201              		@ link register save eliminated.
 202              	.LVL0:
  59:Generated_Source\PSoC5/DAC_Current.c ****     uint8 staticBits = (DAC_Current_DR & (uint8)(~DAC_Current_MASK));
 203              		.loc 1 59 0
 204 0000 044A     		ldr	r2, .L2
 205 0002 1378     		ldrb	r3, [r2]	@ zero_extendqisi2
 206 0004 03F0FE03 		and	r3, r3, #254
 207              	.LVL1:
  60:Generated_Source\PSoC5/DAC_Current.c ****     DAC_Current_DR = staticBits | ((uint8)(value << DAC_Current_SHIFT) & DAC_Current_MASK);
 208              		.loc 1 60 0
 209 0008 00F00100 		and	r0, r0, #1
 210              	.LVL2:
 211 000c 1843     		orrs	r0, r0, r3
 212 000e 1070     		strb	r0, [r2]
 213 0010 7047     		bx	lr
ARM GAS  C:\Users\Luggi\AppData\Local\Temp\ccuqjiEf.s 			page 15


 214              	.L3:
 215 0012 00BF     		.align	2
 216              	.L2:
 217 0014 30510040 		.word	1073762608
 218              		.cfi_endproc
 219              	.LFE0:
 220              		.size	DAC_Current_Write, .-DAC_Current_Write
 221              		.section	.text.DAC_Current_SetDriveMode,"ax",%progbits
 222              		.align	2
 223              		.global	DAC_Current_SetDriveMode
 224              		.thumb
 225              		.thumb_func
 226              		.type	DAC_Current_SetDriveMode, %function
 227              	DAC_Current_SetDriveMode:
 228              	.LFB1:
  61:Generated_Source\PSoC5/DAC_Current.c **** }
  62:Generated_Source\PSoC5/DAC_Current.c **** 
  63:Generated_Source\PSoC5/DAC_Current.c **** 
  64:Generated_Source\PSoC5/DAC_Current.c **** /*******************************************************************************
  65:Generated_Source\PSoC5/DAC_Current.c **** * Function Name: DAC_Current_SetDriveMode
  66:Generated_Source\PSoC5/DAC_Current.c **** ****************************************************************************//**
  67:Generated_Source\PSoC5/DAC_Current.c **** *
  68:Generated_Source\PSoC5/DAC_Current.c **** * \brief Sets the drive mode for each of the Pins component's pins.
  69:Generated_Source\PSoC5/DAC_Current.c **** * 
  70:Generated_Source\PSoC5/DAC_Current.c **** * <b>Note</b> This affects all pins in the Pins component instance. Use the
  71:Generated_Source\PSoC5/DAC_Current.c **** * Per-Pin APIs if you wish to control individual pin's drive modes.
  72:Generated_Source\PSoC5/DAC_Current.c **** *
  73:Generated_Source\PSoC5/DAC_Current.c **** * \param mode
  74:Generated_Source\PSoC5/DAC_Current.c **** *  Mode for the selected signals. Valid options are documented in 
  75:Generated_Source\PSoC5/DAC_Current.c **** *  \ref driveMode.
  76:Generated_Source\PSoC5/DAC_Current.c **** *
  77:Generated_Source\PSoC5/DAC_Current.c **** * \return
  78:Generated_Source\PSoC5/DAC_Current.c **** *  None
  79:Generated_Source\PSoC5/DAC_Current.c **** *
  80:Generated_Source\PSoC5/DAC_Current.c **** * \sideeffect
  81:Generated_Source\PSoC5/DAC_Current.c **** *  If you use read-modify-write operations that are not atomic, the ISR can
  82:Generated_Source\PSoC5/DAC_Current.c **** *  cause corruption of this function. An ISR that interrupts this function 
  83:Generated_Source\PSoC5/DAC_Current.c **** *  and performs writes to the Pins component Drive Mode registers can cause 
  84:Generated_Source\PSoC5/DAC_Current.c **** *  corrupted port data. To avoid this issue, you should either use the Per-Pin
  85:Generated_Source\PSoC5/DAC_Current.c **** *  APIs (primary method) or disable interrupts around this function.
  86:Generated_Source\PSoC5/DAC_Current.c **** *
  87:Generated_Source\PSoC5/DAC_Current.c **** * \funcusage
  88:Generated_Source\PSoC5/DAC_Current.c **** *  \snippet DAC_Current_SUT.c usage_DAC_Current_SetDriveMode
  89:Generated_Source\PSoC5/DAC_Current.c **** *******************************************************************************/
  90:Generated_Source\PSoC5/DAC_Current.c **** void DAC_Current_SetDriveMode(uint8 mode)
  91:Generated_Source\PSoC5/DAC_Current.c **** {
 229              		.loc 1 91 0
 230              		.cfi_startproc
 231              		@ args = 0, pretend = 0, frame = 0
 232              		@ frame_needed = 0, uses_anonymous_args = 0
 233              		@ link register save eliminated.
 234              	.LVL3:
  92:Generated_Source\PSoC5/DAC_Current.c **** 	CyPins_SetPinDriveMode(DAC_Current_0, mode);
 235              		.loc 1 92 0
 236 0000 044A     		ldr	r2, .L5
 237 0002 1378     		ldrb	r3, [r2]	@ zero_extendqisi2
 238 0004 03F0F103 		and	r3, r3, #241
ARM GAS  C:\Users\Luggi\AppData\Local\Temp\ccuqjiEf.s 			page 16


 239 0008 00F00E00 		and	r0, r0, #14
 240              	.LVL4:
 241 000c 1843     		orrs	r0, r0, r3
 242 000e 1070     		strb	r0, [r2]
 243 0010 7047     		bx	lr
 244              	.L6:
 245 0012 00BF     		.align	2
 246              	.L5:
 247 0014 18500040 		.word	1073762328
 248              		.cfi_endproc
 249              	.LFE1:
 250              		.size	DAC_Current_SetDriveMode, .-DAC_Current_SetDriveMode
 251              		.section	.text.DAC_Current_Read,"ax",%progbits
 252              		.align	2
 253              		.global	DAC_Current_Read
 254              		.thumb
 255              		.thumb_func
 256              		.type	DAC_Current_Read, %function
 257              	DAC_Current_Read:
 258              	.LFB2:
  93:Generated_Source\PSoC5/DAC_Current.c **** }
  94:Generated_Source\PSoC5/DAC_Current.c **** 
  95:Generated_Source\PSoC5/DAC_Current.c **** 
  96:Generated_Source\PSoC5/DAC_Current.c **** /*******************************************************************************
  97:Generated_Source\PSoC5/DAC_Current.c **** * Function Name: DAC_Current_Read
  98:Generated_Source\PSoC5/DAC_Current.c **** ****************************************************************************//**
  99:Generated_Source\PSoC5/DAC_Current.c **** *
 100:Generated_Source\PSoC5/DAC_Current.c **** * \brief Reads the associated physical port (pin status register) and masks 
 101:Generated_Source\PSoC5/DAC_Current.c **** *  the required bits according to the width and bit position of the component
 102:Generated_Source\PSoC5/DAC_Current.c **** *  instance. 
 103:Generated_Source\PSoC5/DAC_Current.c **** *
 104:Generated_Source\PSoC5/DAC_Current.c **** * The pin's status register returns the current logic level present on the 
 105:Generated_Source\PSoC5/DAC_Current.c **** * physical pin.
 106:Generated_Source\PSoC5/DAC_Current.c **** *
 107:Generated_Source\PSoC5/DAC_Current.c **** * \return 
 108:Generated_Source\PSoC5/DAC_Current.c **** *  The current value for the pins in the component as a right justified number.
 109:Generated_Source\PSoC5/DAC_Current.c **** *
 110:Generated_Source\PSoC5/DAC_Current.c **** * \funcusage
 111:Generated_Source\PSoC5/DAC_Current.c **** *  \snippet DAC_Current_SUT.c usage_DAC_Current_Read  
 112:Generated_Source\PSoC5/DAC_Current.c **** *******************************************************************************/
 113:Generated_Source\PSoC5/DAC_Current.c **** uint8 DAC_Current_Read(void)
 114:Generated_Source\PSoC5/DAC_Current.c **** {
 259              		.loc 1 114 0
 260              		.cfi_startproc
 261              		@ args = 0, pretend = 0, frame = 0
 262              		@ frame_needed = 0, uses_anonymous_args = 0
 263              		@ link register save eliminated.
 115:Generated_Source\PSoC5/DAC_Current.c ****     return (DAC_Current_PS & DAC_Current_MASK) >> DAC_Current_SHIFT;
 264              		.loc 1 115 0
 265 0000 024B     		ldr	r3, .L8
 266 0002 1878     		ldrb	r0, [r3]	@ zero_extendqisi2
 116:Generated_Source\PSoC5/DAC_Current.c **** }
 267              		.loc 1 116 0
 268 0004 00F00100 		and	r0, r0, #1
 269 0008 7047     		bx	lr
 270              	.L9:
 271 000a 00BF     		.align	2
ARM GAS  C:\Users\Luggi\AppData\Local\Temp\ccuqjiEf.s 			page 17


 272              	.L8:
 273 000c 31510040 		.word	1073762609
 274              		.cfi_endproc
 275              	.LFE2:
 276              		.size	DAC_Current_Read, .-DAC_Current_Read
 277              		.section	.text.DAC_Current_ReadDataReg,"ax",%progbits
 278              		.align	2
 279              		.global	DAC_Current_ReadDataReg
 280              		.thumb
 281              		.thumb_func
 282              		.type	DAC_Current_ReadDataReg, %function
 283              	DAC_Current_ReadDataReg:
 284              	.LFB3:
 117:Generated_Source\PSoC5/DAC_Current.c **** 
 118:Generated_Source\PSoC5/DAC_Current.c **** 
 119:Generated_Source\PSoC5/DAC_Current.c **** /*******************************************************************************
 120:Generated_Source\PSoC5/DAC_Current.c **** * Function Name: DAC_Current_ReadDataReg
 121:Generated_Source\PSoC5/DAC_Current.c **** ****************************************************************************//**
 122:Generated_Source\PSoC5/DAC_Current.c **** *
 123:Generated_Source\PSoC5/DAC_Current.c **** * \brief Reads the associated physical port's data output register and masks 
 124:Generated_Source\PSoC5/DAC_Current.c **** *  the correct bits according to the width and bit position of the component 
 125:Generated_Source\PSoC5/DAC_Current.c **** *  instance. 
 126:Generated_Source\PSoC5/DAC_Current.c **** *
 127:Generated_Source\PSoC5/DAC_Current.c **** * The data output register controls the signal applied to the physical pin in 
 128:Generated_Source\PSoC5/DAC_Current.c **** * conjunction with the drive mode parameter. This is not the same as the 
 129:Generated_Source\PSoC5/DAC_Current.c **** * preferred DAC_Current_Read() API because the 
 130:Generated_Source\PSoC5/DAC_Current.c **** * DAC_Current_ReadDataReg() reads the data register instead of the status 
 131:Generated_Source\PSoC5/DAC_Current.c **** * register. For output pins this is a useful function to determine the value 
 132:Generated_Source\PSoC5/DAC_Current.c **** * just written to the pin.
 133:Generated_Source\PSoC5/DAC_Current.c **** *
 134:Generated_Source\PSoC5/DAC_Current.c **** * \return 
 135:Generated_Source\PSoC5/DAC_Current.c **** *  The current value of the data register masked and shifted into a right 
 136:Generated_Source\PSoC5/DAC_Current.c **** *  justified number for the component instance.
 137:Generated_Source\PSoC5/DAC_Current.c **** *
 138:Generated_Source\PSoC5/DAC_Current.c **** * \funcusage
 139:Generated_Source\PSoC5/DAC_Current.c **** *  \snippet DAC_Current_SUT.c usage_DAC_Current_ReadDataReg 
 140:Generated_Source\PSoC5/DAC_Current.c **** *******************************************************************************/
 141:Generated_Source\PSoC5/DAC_Current.c **** uint8 DAC_Current_ReadDataReg(void)
 142:Generated_Source\PSoC5/DAC_Current.c **** {
 285              		.loc 1 142 0
 286              		.cfi_startproc
 287              		@ args = 0, pretend = 0, frame = 0
 288              		@ frame_needed = 0, uses_anonymous_args = 0
 289              		@ link register save eliminated.
 143:Generated_Source\PSoC5/DAC_Current.c ****     return (DAC_Current_DR & DAC_Current_MASK) >> DAC_Current_SHIFT;
 290              		.loc 1 143 0
 291 0000 024B     		ldr	r3, .L11
 292 0002 1878     		ldrb	r0, [r3]	@ zero_extendqisi2
 144:Generated_Source\PSoC5/DAC_Current.c **** }
 293              		.loc 1 144 0
 294 0004 00F00100 		and	r0, r0, #1
 295 0008 7047     		bx	lr
 296              	.L12:
 297 000a 00BF     		.align	2
 298              	.L11:
 299 000c 30510040 		.word	1073762608
 300              		.cfi_endproc
ARM GAS  C:\Users\Luggi\AppData\Local\Temp\ccuqjiEf.s 			page 18


 301              	.LFE3:
 302              		.size	DAC_Current_ReadDataReg, .-DAC_Current_ReadDataReg
 303              		.text
 304              	.Letext0:
 305              		.file 2 "Generated_Source\\PSoC5\\cytypes.h"
 306              		.section	.debug_info,"",%progbits
 307              	.Ldebug_info0:
 308 0000 1B010000 		.4byte	0x11b
 309 0004 0400     		.2byte	0x4
 310 0006 00000000 		.4byte	.Ldebug_abbrev0
 311 000a 04       		.byte	0x4
 312 000b 01       		.uleb128 0x1
 313 000c 2F000000 		.4byte	.LASF20
 314 0010 01       		.byte	0x1
 315 0011 21020000 		.4byte	.LASF21
 316 0015 50010000 		.4byte	.LASF22
 317 0019 00000000 		.4byte	.Ldebug_ranges0+0
 318 001d 00000000 		.4byte	0
 319 0021 00000000 		.4byte	.Ldebug_line0
 320 0025 02       		.uleb128 0x2
 321 0026 01       		.byte	0x1
 322 0027 06       		.byte	0x6
 323 0028 15020000 		.4byte	.LASF0
 324 002c 02       		.uleb128 0x2
 325 002d 01       		.byte	0x1
 326 002e 08       		.byte	0x8
 327 002f ED000000 		.4byte	.LASF1
 328 0033 02       		.uleb128 0x2
 329 0034 02       		.byte	0x2
 330 0035 05       		.byte	0x5
 331 0036 D2010000 		.4byte	.LASF2
 332 003a 02       		.uleb128 0x2
 333 003b 02       		.byte	0x2
 334 003c 07       		.byte	0x7
 335 003d DA000000 		.4byte	.LASF3
 336 0041 02       		.uleb128 0x2
 337 0042 04       		.byte	0x4
 338 0043 05       		.byte	0x5
 339 0044 0C020000 		.4byte	.LASF4
 340 0048 02       		.uleb128 0x2
 341 0049 04       		.byte	0x4
 342 004a 07       		.byte	0x7
 343 004b C8000000 		.4byte	.LASF5
 344 004f 02       		.uleb128 0x2
 345 0050 08       		.byte	0x8
 346 0051 05       		.byte	0x5
 347 0052 3D010000 		.4byte	.LASF6
 348 0056 02       		.uleb128 0x2
 349 0057 08       		.byte	0x8
 350 0058 07       		.byte	0x7
 351 0059 0F010000 		.4byte	.LASF7
 352 005d 03       		.uleb128 0x3
 353 005e 04       		.byte	0x4
 354 005f 05       		.byte	0x5
 355 0060 696E7400 		.ascii	"int\000"
 356 0064 02       		.uleb128 0x2
 357 0065 04       		.byte	0x4
ARM GAS  C:\Users\Luggi\AppData\Local\Temp\ccuqjiEf.s 			page 19


 358 0066 07       		.byte	0x7
 359 0067 02010000 		.4byte	.LASF8
 360 006b 04       		.uleb128 0x4
 361 006c F5010000 		.4byte	.LASF12
 362 0070 02       		.byte	0x2
 363 0071 9201     		.2byte	0x192
 364 0073 2C000000 		.4byte	0x2c
 365 0077 02       		.uleb128 0x2
 366 0078 04       		.byte	0x4
 367 0079 04       		.byte	0x4
 368 007a 29000000 		.4byte	.LASF9
 369 007e 02       		.uleb128 0x2
 370 007f 08       		.byte	0x8
 371 0080 04       		.byte	0x4
 372 0081 FB000000 		.4byte	.LASF10
 373 0085 02       		.uleb128 0x2
 374 0086 01       		.byte	0x1
 375 0087 08       		.byte	0x8
 376 0088 4B010000 		.4byte	.LASF11
 377 008c 04       		.uleb128 0x4
 378 008d C3000000 		.4byte	.LASF13
 379 0091 02       		.byte	0x2
 380 0092 3C02     		.2byte	0x23c
 381 0094 98000000 		.4byte	0x98
 382 0098 05       		.uleb128 0x5
 383 0099 6B000000 		.4byte	0x6b
 384 009d 06       		.uleb128 0x6
 385 009e 2B010000 		.4byte	.LASF14
 386 00a2 01       		.byte	0x1
 387 00a3 39       		.byte	0x39
 388 00a4 00000000 		.4byte	.LFB0
 389 00a8 18000000 		.4byte	.LFE0-.LFB0
 390 00ac 01       		.uleb128 0x1
 391 00ad 9C       		.byte	0x9c
 392 00ae CF000000 		.4byte	0xcf
 393 00b2 07       		.uleb128 0x7
 394 00b3 18000000 		.4byte	.LASF16
 395 00b7 01       		.byte	0x1
 396 00b8 39       		.byte	0x39
 397 00b9 6B000000 		.4byte	0x6b
 398 00bd 00000000 		.4byte	.LLST0
 399 00c1 08       		.uleb128 0x8
 400 00c2 1E000000 		.4byte	.LASF23
 401 00c6 01       		.byte	0x1
 402 00c7 3B       		.byte	0x3b
 403 00c8 6B000000 		.4byte	0x6b
 404 00cc 01       		.uleb128 0x1
 405 00cd 53       		.byte	0x53
 406 00ce 00       		.byte	0
 407 00cf 06       		.uleb128 0x6
 408 00d0 DC010000 		.4byte	.LASF15
 409 00d4 01       		.byte	0x1
 410 00d5 5A       		.byte	0x5a
 411 00d6 00000000 		.4byte	.LFB1
 412 00da 18000000 		.4byte	.LFE1-.LFB1
 413 00de 01       		.uleb128 0x1
 414 00df 9C       		.byte	0x9c
ARM GAS  C:\Users\Luggi\AppData\Local\Temp\ccuqjiEf.s 			page 20


 415 00e0 F4000000 		.4byte	0xf4
 416 00e4 07       		.uleb128 0x7
 417 00e5 26010000 		.4byte	.LASF17
 418 00e9 01       		.byte	0x1
 419 00ea 5A       		.byte	0x5a
 420 00eb 6B000000 		.4byte	0x6b
 421 00ef 21000000 		.4byte	.LLST1
 422 00f3 00       		.byte	0
 423 00f4 09       		.uleb128 0x9
 424 00f5 FB010000 		.4byte	.LASF18
 425 00f9 01       		.byte	0x1
 426 00fa 71       		.byte	0x71
 427 00fb 6B000000 		.4byte	0x6b
 428 00ff 00000000 		.4byte	.LFB2
 429 0103 10000000 		.4byte	.LFE2-.LFB2
 430 0107 01       		.uleb128 0x1
 431 0108 9C       		.byte	0x9c
 432 0109 09       		.uleb128 0x9
 433 010a 00000000 		.4byte	.LASF19
 434 010e 01       		.byte	0x1
 435 010f 8D       		.byte	0x8d
 436 0110 6B000000 		.4byte	0x6b
 437 0114 00000000 		.4byte	.LFB3
 438 0118 10000000 		.4byte	.LFE3-.LFB3
 439 011c 01       		.uleb128 0x1
 440 011d 9C       		.byte	0x9c
 441 011e 00       		.byte	0
 442              		.section	.debug_abbrev,"",%progbits
 443              	.Ldebug_abbrev0:
 444 0000 01       		.uleb128 0x1
 445 0001 11       		.uleb128 0x11
 446 0002 01       		.byte	0x1
 447 0003 25       		.uleb128 0x25
 448 0004 0E       		.uleb128 0xe
 449 0005 13       		.uleb128 0x13
 450 0006 0B       		.uleb128 0xb
 451 0007 03       		.uleb128 0x3
 452 0008 0E       		.uleb128 0xe
 453 0009 1B       		.uleb128 0x1b
 454 000a 0E       		.uleb128 0xe
 455 000b 55       		.uleb128 0x55
 456 000c 17       		.uleb128 0x17
 457 000d 11       		.uleb128 0x11
 458 000e 01       		.uleb128 0x1
 459 000f 10       		.uleb128 0x10
 460 0010 17       		.uleb128 0x17
 461 0011 00       		.byte	0
 462 0012 00       		.byte	0
 463 0013 02       		.uleb128 0x2
 464 0014 24       		.uleb128 0x24
 465 0015 00       		.byte	0
 466 0016 0B       		.uleb128 0xb
 467 0017 0B       		.uleb128 0xb
 468 0018 3E       		.uleb128 0x3e
 469 0019 0B       		.uleb128 0xb
 470 001a 03       		.uleb128 0x3
 471 001b 0E       		.uleb128 0xe
ARM GAS  C:\Users\Luggi\AppData\Local\Temp\ccuqjiEf.s 			page 21


 472 001c 00       		.byte	0
 473 001d 00       		.byte	0
 474 001e 03       		.uleb128 0x3
 475 001f 24       		.uleb128 0x24
 476 0020 00       		.byte	0
 477 0021 0B       		.uleb128 0xb
 478 0022 0B       		.uleb128 0xb
 479 0023 3E       		.uleb128 0x3e
 480 0024 0B       		.uleb128 0xb
 481 0025 03       		.uleb128 0x3
 482 0026 08       		.uleb128 0x8
 483 0027 00       		.byte	0
 484 0028 00       		.byte	0
 485 0029 04       		.uleb128 0x4
 486 002a 16       		.uleb128 0x16
 487 002b 00       		.byte	0
 488 002c 03       		.uleb128 0x3
 489 002d 0E       		.uleb128 0xe
 490 002e 3A       		.uleb128 0x3a
 491 002f 0B       		.uleb128 0xb
 492 0030 3B       		.uleb128 0x3b
 493 0031 05       		.uleb128 0x5
 494 0032 49       		.uleb128 0x49
 495 0033 13       		.uleb128 0x13
 496 0034 00       		.byte	0
 497 0035 00       		.byte	0
 498 0036 05       		.uleb128 0x5
 499 0037 35       		.uleb128 0x35
 500 0038 00       		.byte	0
 501 0039 49       		.uleb128 0x49
 502 003a 13       		.uleb128 0x13
 503 003b 00       		.byte	0
 504 003c 00       		.byte	0
 505 003d 06       		.uleb128 0x6
 506 003e 2E       		.uleb128 0x2e
 507 003f 01       		.byte	0x1
 508 0040 3F       		.uleb128 0x3f
 509 0041 19       		.uleb128 0x19
 510 0042 03       		.uleb128 0x3
 511 0043 0E       		.uleb128 0xe
 512 0044 3A       		.uleb128 0x3a
 513 0045 0B       		.uleb128 0xb
 514 0046 3B       		.uleb128 0x3b
 515 0047 0B       		.uleb128 0xb
 516 0048 27       		.uleb128 0x27
 517 0049 19       		.uleb128 0x19
 518 004a 11       		.uleb128 0x11
 519 004b 01       		.uleb128 0x1
 520 004c 12       		.uleb128 0x12
 521 004d 06       		.uleb128 0x6
 522 004e 40       		.uleb128 0x40
 523 004f 18       		.uleb128 0x18
 524 0050 9742     		.uleb128 0x2117
 525 0052 19       		.uleb128 0x19
 526 0053 01       		.uleb128 0x1
 527 0054 13       		.uleb128 0x13
 528 0055 00       		.byte	0
ARM GAS  C:\Users\Luggi\AppData\Local\Temp\ccuqjiEf.s 			page 22


 529 0056 00       		.byte	0
 530 0057 07       		.uleb128 0x7
 531 0058 05       		.uleb128 0x5
 532 0059 00       		.byte	0
 533 005a 03       		.uleb128 0x3
 534 005b 0E       		.uleb128 0xe
 535 005c 3A       		.uleb128 0x3a
 536 005d 0B       		.uleb128 0xb
 537 005e 3B       		.uleb128 0x3b
 538 005f 0B       		.uleb128 0xb
 539 0060 49       		.uleb128 0x49
 540 0061 13       		.uleb128 0x13
 541 0062 02       		.uleb128 0x2
 542 0063 17       		.uleb128 0x17
 543 0064 00       		.byte	0
 544 0065 00       		.byte	0
 545 0066 08       		.uleb128 0x8
 546 0067 34       		.uleb128 0x34
 547 0068 00       		.byte	0
 548 0069 03       		.uleb128 0x3
 549 006a 0E       		.uleb128 0xe
 550 006b 3A       		.uleb128 0x3a
 551 006c 0B       		.uleb128 0xb
 552 006d 3B       		.uleb128 0x3b
 553 006e 0B       		.uleb128 0xb
 554 006f 49       		.uleb128 0x49
 555 0070 13       		.uleb128 0x13
 556 0071 02       		.uleb128 0x2
 557 0072 18       		.uleb128 0x18
 558 0073 00       		.byte	0
 559 0074 00       		.byte	0
 560 0075 09       		.uleb128 0x9
 561 0076 2E       		.uleb128 0x2e
 562 0077 00       		.byte	0
 563 0078 3F       		.uleb128 0x3f
 564 0079 19       		.uleb128 0x19
 565 007a 03       		.uleb128 0x3
 566 007b 0E       		.uleb128 0xe
 567 007c 3A       		.uleb128 0x3a
 568 007d 0B       		.uleb128 0xb
 569 007e 3B       		.uleb128 0x3b
 570 007f 0B       		.uleb128 0xb
 571 0080 27       		.uleb128 0x27
 572 0081 19       		.uleb128 0x19
 573 0082 49       		.uleb128 0x49
 574 0083 13       		.uleb128 0x13
 575 0084 11       		.uleb128 0x11
 576 0085 01       		.uleb128 0x1
 577 0086 12       		.uleb128 0x12
 578 0087 06       		.uleb128 0x6
 579 0088 40       		.uleb128 0x40
 580 0089 18       		.uleb128 0x18
 581 008a 9742     		.uleb128 0x2117
 582 008c 19       		.uleb128 0x19
 583 008d 00       		.byte	0
 584 008e 00       		.byte	0
 585 008f 00       		.byte	0
ARM GAS  C:\Users\Luggi\AppData\Local\Temp\ccuqjiEf.s 			page 23


 586              		.section	.debug_loc,"",%progbits
 587              	.Ldebug_loc0:
 588              	.LLST0:
 589 0000 00000000 		.4byte	.LVL0
 590 0004 0C000000 		.4byte	.LVL2
 591 0008 0100     		.2byte	0x1
 592 000a 50       		.byte	0x50
 593 000b 0C000000 		.4byte	.LVL2
 594 000f 18000000 		.4byte	.LFE0
 595 0013 0400     		.2byte	0x4
 596 0015 F3       		.byte	0xf3
 597 0016 01       		.uleb128 0x1
 598 0017 50       		.byte	0x50
 599 0018 9F       		.byte	0x9f
 600 0019 00000000 		.4byte	0
 601 001d 00000000 		.4byte	0
 602              	.LLST1:
 603 0021 00000000 		.4byte	.LVL3
 604 0025 0C000000 		.4byte	.LVL4
 605 0029 0100     		.2byte	0x1
 606 002b 50       		.byte	0x50
 607 002c 0C000000 		.4byte	.LVL4
 608 0030 18000000 		.4byte	.LFE1
 609 0034 0400     		.2byte	0x4
 610 0036 F3       		.byte	0xf3
 611 0037 01       		.uleb128 0x1
 612 0038 50       		.byte	0x50
 613 0039 9F       		.byte	0x9f
 614 003a 00000000 		.4byte	0
 615 003e 00000000 		.4byte	0
 616              		.section	.debug_aranges,"",%progbits
 617 0000 34000000 		.4byte	0x34
 618 0004 0200     		.2byte	0x2
 619 0006 00000000 		.4byte	.Ldebug_info0
 620 000a 04       		.byte	0x4
 621 000b 00       		.byte	0
 622 000c 0000     		.2byte	0
 623 000e 0000     		.2byte	0
 624 0010 00000000 		.4byte	.LFB0
 625 0014 18000000 		.4byte	.LFE0-.LFB0
 626 0018 00000000 		.4byte	.LFB1
 627 001c 18000000 		.4byte	.LFE1-.LFB1
 628 0020 00000000 		.4byte	.LFB2
 629 0024 10000000 		.4byte	.LFE2-.LFB2
 630 0028 00000000 		.4byte	.LFB3
 631 002c 10000000 		.4byte	.LFE3-.LFB3
 632 0030 00000000 		.4byte	0
 633 0034 00000000 		.4byte	0
 634              		.section	.debug_ranges,"",%progbits
 635              	.Ldebug_ranges0:
 636 0000 00000000 		.4byte	.LFB0
 637 0004 18000000 		.4byte	.LFE0
 638 0008 00000000 		.4byte	.LFB1
 639 000c 18000000 		.4byte	.LFE1
 640 0010 00000000 		.4byte	.LFB2
 641 0014 10000000 		.4byte	.LFE2
 642 0018 00000000 		.4byte	.LFB3
ARM GAS  C:\Users\Luggi\AppData\Local\Temp\ccuqjiEf.s 			page 24


 643 001c 10000000 		.4byte	.LFE3
 644 0020 00000000 		.4byte	0
 645 0024 00000000 		.4byte	0
 646              		.section	.debug_line,"",%progbits
 647              	.Ldebug_line0:
 648 0000 94000000 		.section	.debug_str,"MS",%progbits,1
 648      02004800 
 648      00000201 
 648      FB0E0D00 
 648      01010101 
 649              	.LASF19:
 650 0000 4441435F 		.ascii	"DAC_Current_ReadDataReg\000"
 650      43757272 
 650      656E745F 
 650      52656164 
 650      44617461 
 651              	.LASF16:
 652 0018 76616C75 		.ascii	"value\000"
 652      6500
 653              	.LASF23:
 654 001e 73746174 		.ascii	"staticBits\000"
 654      69634269 
 654      747300
 655              	.LASF9:
 656 0029 666C6F61 		.ascii	"float\000"
 656      7400
 657              	.LASF20:
 658 002f 474E5520 		.ascii	"GNU C 4.9.3 20150303 (release) [ARM/embedded-4_9-br"
 658      4320342E 
 658      392E3320 
 658      32303135 
 658      30333033 
 659 0062 616E6368 		.ascii	"anch revision 221220] -mcpu=cortex-m3 -mthumb -g -O"
 659      20726576 
 659      6973696F 
 659      6E203232 
 659      31323230 
 660 0095 67202D66 		.ascii	"g -ffunction-sections -flto -ffat-lto-objects\000"
 660      66756E63 
 660      74696F6E 
 660      2D736563 
 660      74696F6E 
 661              	.LASF13:
 662 00c3 72656738 		.ascii	"reg8\000"
 662      00
 663              	.LASF5:
 664 00c8 6C6F6E67 		.ascii	"long unsigned int\000"
 664      20756E73 
 664      69676E65 
 664      6420696E 
 664      7400
 665              	.LASF3:
 666 00da 73686F72 		.ascii	"short unsigned int\000"
 666      7420756E 
 666      7369676E 
 666      65642069 
 666      6E7400
ARM GAS  C:\Users\Luggi\AppData\Local\Temp\ccuqjiEf.s 			page 25


 667              	.LASF1:
 668 00ed 756E7369 		.ascii	"unsigned char\000"
 668      676E6564 
 668      20636861 
 668      7200
 669              	.LASF10:
 670 00fb 646F7562 		.ascii	"double\000"
 670      6C6500
 671              	.LASF8:
 672 0102 756E7369 		.ascii	"unsigned int\000"
 672      676E6564 
 672      20696E74 
 672      00
 673              	.LASF7:
 674 010f 6C6F6E67 		.ascii	"long long unsigned int\000"
 674      206C6F6E 
 674      6720756E 
 674      7369676E 
 674      65642069 
 675              	.LASF17:
 676 0126 6D6F6465 		.ascii	"mode\000"
 676      00
 677              	.LASF14:
 678 012b 4441435F 		.ascii	"DAC_Current_Write\000"
 678      43757272 
 678      656E745F 
 678      57726974 
 678      6500
 679              	.LASF6:
 680 013d 6C6F6E67 		.ascii	"long long int\000"
 680      206C6F6E 
 680      6720696E 
 680      7400
 681              	.LASF11:
 682 014b 63686172 		.ascii	"char\000"
 682      00
 683              	.LASF22:
 684 0150 433A5C55 		.ascii	"C:\\Users\\Luggi\\Desktop\\Aktuelles Projekt Laser_"
 684      73657273 
 684      5C4C7567 
 684      67695C44 
 684      65736B74 
 685 017f 73636875 		.ascii	"schutzschaltung\\Aktuelles Projekt Laser_schutzscha"
 685      747A7363 
 685      68616C74 
 685      756E675C 
 685      416B7475 
 686 01b1 6C74756E 		.ascii	"ltung\\Laserschutzschaltung.cydsn\000"
 686      675C4C61 
 686      73657273 
 686      63687574 
 686      7A736368 
 687              	.LASF2:
 688 01d2 73686F72 		.ascii	"short int\000"
 688      7420696E 
 688      7400
 689              	.LASF15:
ARM GAS  C:\Users\Luggi\AppData\Local\Temp\ccuqjiEf.s 			page 26


 690 01dc 4441435F 		.ascii	"DAC_Current_SetDriveMode\000"
 690      43757272 
 690      656E745F 
 690      53657444 
 690      72697665 
 691              	.LASF12:
 692 01f5 75696E74 		.ascii	"uint8\000"
 692      3800
 693              	.LASF18:
 694 01fb 4441435F 		.ascii	"DAC_Current_Read\000"
 694      43757272 
 694      656E745F 
 694      52656164 
 694      00
 695              	.LASF4:
 696 020c 6C6F6E67 		.ascii	"long int\000"
 696      20696E74 
 696      00
 697              	.LASF0:
 698 0215 7369676E 		.ascii	"signed char\000"
 698      65642063 
 698      68617200 
 699              	.LASF21:
 700 0221 47656E65 		.ascii	"Generated_Source\\PSoC5\\DAC_Current.c\000"
 700      72617465 
 700      645F536F 
 700      75726365 
 700      5C50536F 
 701              		.comm	__gnu_lto_v1,1,1
 702              		.ident	"GCC: (GNU Tools for ARM Embedded Processors) 4.9.3 20150303 (release) [ARM/embedded-4_9-br
