ARM GAS  C:\Users\Luggi\AppData\Local\Temp\cc0sjs0u.s 			page 1


   1              		.syntax unified
   2              		.cpu cortex-m3
   3              		.fpu softvfp
   4              		.eabi_attribute 20, 1
   5              		.eabi_attribute 21, 1
   6              		.eabi_attribute 23, 3
   7              		.eabi_attribute 24, 1
   8              		.eabi_attribute 25, 1
   9              		.eabi_attribute 26, 1
  10              		.eabi_attribute 30, 1
  11              		.eabi_attribute 34, 1
  12              		.eabi_attribute 18, 4
  13              		.thumb
  14              		.file	"DAC_PGA_OUT.c"
  15              		.text
  16              	.Ltext0:
  17              		.section	.gnu.lto_.profile.53c7a825,"",%progbits
  18 0000 789C6366 		.ascii	"x\234cf```a\200\000F\006IQ\000\000\273\0007"
  18      60606061 
  18      80004606 
  18      49510000 
  18      BB0037
  19              		.text
  20              		.section	.gnu.lto_.inline.53c7a825,"",%progbits
  21 0000 789C6366 		.ascii	"x\234cf\300\016\022\2404\013\003\003'\007##\003#\003"
  21      C00E12A0 
  21      340B0303 
  21      27072323 
  21      032303
  22 0013 0333C701 		.ascii	"\0033\307\001;\006\266\005\362L\014,\013\344Y@\222\214"
  22      3B06B605 
  22      F24C0C2C 
  22      0BE45940 
  22      928C
  23 0025 0C1CECE8 		.ascii	"\014\034\354\350rL\027\370\301rL\014l\254\214\014Ll"
  23      724C17F8 
  23      C1724C0C 
  23      6CAC8C0C 
  23      4C6C
  24 0037 1FF420E2 		.ascii	"\037\364 \342@\300\214)\304\000\000\333l\011\322"
  24      40C08C29 
  24      C40000DB 
  24      6C09D2
  25              		.text
  26              		.section	.gnu.lto_.jmpfuncs.53c7a825,"",%progbits
  27 0000 789C6366 		.ascii	"x\234cf\300\016\204\2404\013\003##c=#\210`b``\006\212"
  27      C00E84A0 
  27      340B0323 
  27      23633D23 
  27      88606260 
  28 0017 00000DC0 		.ascii	"\000\000\015\300\001$"
  28      0124
  29              		.text
  30              		.section	.gnu.lto_.pureconst.53c7a825,"",%progbits
  31 0000 789C6366 		.ascii	"x\234cf``\340d\200\000\026\006)F)&)f)\000\002\305\000"
  31      6060E064 
  31      80001606 
ARM GAS  C:\Users\Luggi\AppData\Local\Temp\cc0sjs0u.s 			page 2


  31      29462926 
  31      29662900 
  32 0017 7F       		.ascii	"\177"
  33              		.text
  34              		.section	.gnu.lto_DAC_PGA_OUT_Write.53c7a825,"",%progbits
  35 0000 789C6591 		.ascii	"x\234e\221OHTQ\024\306\317w\357{3\376)\010\227\263\225"
  35      4F485451 
  35      14C6CF77 
  35      EF7B33FE 
  35      290897B3 
  36 0015 41837017 		.ascii	"A\203p\027\264\314\014\\6`\355\006\206az\013!\022tl"
  36      B4CC0C5C 
  36      3660ED06 
  36      86617A0B 
  36      2112746C 
  37 0029 EB7D35B8 		.ascii	"\353}5\270\010\002\221\240(\006\262?\230M\351\244\340"
  37      080291A0 
  37      2806B23F 
  37      984DE9A4 
  37      E0
  38 003a AE7A0E46 		.ascii	"\256z\016F\213(\231M\202\210\026\214Z\273\006%\263!"
  38      8B28994D 
  38      8288168C 
  38      5ABB0625 
  38      B321
  39 004c A773EEDD 		.ascii	"\247s\356\335(]\270\177\336\341\367}\367\273\347i\372"
  39      285DB87F 
  39      DEE1F77D 
  39      F7BBE769 
  39      FA
  40 005d 7F247876 		.ascii	"\177$xv+\242s\274C\023\324\304g\242\260E\001r \320\230"
  40      2BA273BC 
  40      4313D4C4 
  40      67A2B045 
  40      017220D0 
  41 0072 C2187EA8 		.ascii	"\302\030~\250\272\302DT\272\337\336\365\314\030\363"
  41      BAC24454 
  41      BADFDEF5 
  41      CC18F3
  42 0081 7372254C 		.ascii	"sr%LE8`\335\256r>\230F\0273\273%sW\353n\020\237\313"
  42      453860DD 
  42      AE723E98 
  42      461733BB 
  42      257357EB 
  43 0099 D54F87F1 		.ascii	"\325O\207\361\344\023cnFog\315y\306\201\347\320\254"
  43      E413636E 
  43      466F67CD 
  43      79C681E7 
  43      D0AC
  44 00ab C099044E 		.ascii	"\300\231\004N'\210\013\204\031$\005\236\277\263\274"
  44      27880B84 
  44      1924059E 
  44      BFB3BC
  45 00ba A8748F15 		.ascii	"\250t\217\025N}\374\266|\242s\212\205_\033\213\351("
  45      4E7DFCB6 
  45      7CA2738A 
  45      855F1B8B 
ARM GAS  C:\Users\Luggi\AppData\Local\Temp\cc0sjs0u.s 			page 3


  45      E928
  46 00cc 7C640E9B 		.ascii	"|d\016\233M+\177qT\356\006\363\365\302\337\325\366X"
  46      4D2B7F71 
  46      54EE06F3 
  46      F5C2DFD5 
  46      F658
  47 00de 81839D42 		.ascii	"\201\203\235B\011\235.\023^\"\006\336\2442\327\021\231"
  47      099D2E13 
  47      5E2206DE 
  47      A432D711 
  47      99
  48 00ef 6673E1CD 		.ascii	"fs\341\315\322\037\264*\276V\361C\271\354An\367\245"
  48      D21FB42A 
  48      BE56F143 
  48      B9EC416E 
  48      F7A5
  49 0101 1093252E 		.ascii	"\020\223%.\013Q\215\247<~\213?x\327k\250\374\272\275"
  49      0B518DA7 
  49      3C7E8B3F 
  49      78D76BA8 
  49      FCBABD
  50 0114 712F2E8E 		.ascii	"q/.\216\373J:Q\337~W\324\337\325\201\322\345\307\241"
  50      FB4A3A51 
  50      DF7E57D4 
  50      DFD581D2 
  50      E5C7A1
  51 0127 F124C366 		.ascii	"\361$\303fm\245\332bK6\322N\2458\323V\304\303\260\300"
  51      6DA5DA62 
  51      4B36D24E 
  51      A538D356 
  51      C4C3B0C0 
  52 013b B93DBC42 		.ascii	"\271=\274B\002\263\340\310\230C\021\264\206[\277\307"
  52      02B3E0C8 
  52      984311B4 
  52      865BBFC7 
  53 014b D7E10CB5 		.ascii	"\327\341\014\265\363\234~\277\263tR\014\320\340\256"
  53      F39C7EBF 
  53      B374520C 
  53      D0E0AE
  54 015a 9419FE02 		.ascii	"\224\031\376\002e\037\301I\231\022\321\372\370\366\207"
  54      651FC149 
  54      9912D1FA 
  54      F8F687
  55 0169 56A7F2F7 		.ascii	"V\247\362\367\225\307\252\007\253[{6\011g\305k\026Y"
  55      95C7AA07 
  55      AB5B7B36 
  55      0967C56B 
  55      1659
  56 017b EB9A7290 		.ascii	"\353\232r\220p\014=\255nV-\344y\204y\007\355\305\034"
  56      700C3DAD 
  56      6E562DE4 
  56      79847907 
  56      EDC51C
  57 018e 12B794B8 		.ascii	"\022\267\224\270W&m\240c\341\303\310?\036\177\201\343"
  57      57266DA0 
  57      63E1C3C8 
  57      3F1E7F81 
ARM GAS  C:\Users\Luggi\AppData\Local\Temp\cc0sjs0u.s 			page 4


  57      E3
  58 019f B3883610 		.ascii	"\263\2106\020F\015_x\371\007|\237t\212\373\226\354\017"
  58      460D5F78 
  58      F9077C9F 
  58      748AFB96 
  58      EC0F
  59 01b1 AE07C3D9 		.ascii	"\256\007\303\331|p5304:\234\013\322\251\201\241\276"
  59      7C703533 
  59      30343A9C 
  59      0BD2A981 
  59      A1BE
  60 01c3 B3E98BBD 		.ascii	"\263\351\213\275}\231T\177o\346\322\225\313=9\362od"
  60      7D99547F 
  60      6FE6D295 
  60      CB3D39F2 
  60      6F64
  61 01d5 AF8D066D 		.ascii	"\257\215\006m#\371l~0wa0?\362\017\030P\317\216"
  61      23F96C7E 
  61      30776130 
  61      3FF20F18 
  61      50CF8E
  62              		.text
  63              		.section	.gnu.lto_DAC_PGA_OUT_SetDriveMode.53c7a825,"",%progbits
  64 0000 789C7D51 		.ascii	"x\234}Q=HBQ\024>\337\275\357\251!I4\205\273X\0205\265"
  64      3D484251 
  64      143EDFBD 
  64      EFA92149 
  64      3485BB58 
  65 0017 27468D05 		.ascii	"'F\215\005\326&H\324\033K\210\232{\232A4UK\221\004Q"
  65      D62648D4 
  65      1B4B889A 
  65      7B9A4134 
  65      554B9104 
  66 002c 88A6A541 		.ascii	"\210\246\245AC\253D[T\324\022\005\325b\177B\221\030"
  66      43AB445B 
  66      54D41205 
  66      D5627F42 
  66      9118
  67 003e 9544D8B9 		.ascii	"\225D\330\271\317\006!\350\362\356\271\347;|\337\367"
  67      CF0621E8 
  67      F2EEB9E7 
  67      3B7CDFF7 
  68 004e CE3D57D2 		.ascii	"\316=W\322\337\345\346]\004Q;\237\220\004\261pB\024"
  68      DFE5E65D 
  68      04513B9F 
  68      9004B170 
  68      4214
  69 0060 71084025 		.ascii	"q\010@%\004\232\026\230\306\223(\011,\3443+No\3024\315"
  69      049A1698 
  69      C6932809 
  69      2CE4332B 
  69      4E6FC234 
  70 0075 D78DFD96 		.ascii	"\327\215\375\226\331\226\212 *\213\232\015\222\3602"
  70      D9968A20 
  70      2A8B9A0D 
  70      92F032
  71 0084 E5A1F294 		.ascii	"\345\241\362\224l\224\255 \316\277\027/\316\205g\323"
ARM GAS  C:\Users\Luggi\AppData\Local\Temp\cc0sjs0u.s 			page 5


  71      6C94AD20 
  71      CEBF172F 
  71      CE8567D3 
  72 0094 34A3F9E3 		.ascii	"4\243\371\343\254\331\215\012{\246 Y\201v7\332\334\304"
  72      ACD98D0A 
  72      7BA62059 
  72      817637DA 
  72      DCC4
  73 00a6 05C2163C 		.ascii	"\005\302\026<\212\\\212}_8m1\366n\252y\"\015\033\267"
  73      8A5C8A7D 
  73      5F386D31 
  73      F66EAA79 
  73      220D1BB7 
  74 00ba 45B9E6BC 		.ascii	"E\271\346\274Y\255\226\257\027S\235p\012\326\010\311"
  74      59AD96AF 
  74      17539D70 
  74      0AD608C9 
  75 00ca 416A2AE8 		.ascii	"Aj*\350Pr\233J\355*8ThP\034\242\002ou\203;\006|\312"
  75      50729B4A 
  75      ED2A3854 
  75      68501CA2 
  75      026F7583 
  76 00e2 2B1CBCCF 		.ascii	"+\034\274\317\337\3075\345\373!\324u\322\361\345\242"
  76      DFC735E5 
  76      FB21D475 
  76      D2F1E5A2 
  77 00f2 EB515484 		.ascii	"\353QT\204\266\272\03615\325\305m\341\364\314a\225H"
  77      B6BA1E31 
  77      35D5C56D 
  77      E1F4CC61 
  77      9548
  78 0104 C144696E 		.ascii	"\301DinS_C<\022\343\346ud\340\3066x`\330\301\032\350"
  78      535F433C 
  78      12E3E675 
  78      64E0C636 
  78      7860D8C1 
  79 011a 0AD11B7B 		.ascii	"\012\321\033{\315N\262#\343\231O[\015k\\b\375\345\313"
  79      CD4EB223 
  79      E3994F5B 
  79      0D6B5C62 
  79      FDE5CB
  80 012d EB916527 		.ascii	"\353\221e'K\325\337\305\263\314\262E\235\226?\275^k"
  80      4BD5DFC5 
  80      B3CCB245 
  80      9D963FBD 
  80      5E6B
  81 013f E7126BCF 		.ascii	"\347\022k\317\366\236\017uK\353\"\344,\311\314\333/"
  81      F69E0F75 
  81      4BEB22E4 
  81      2CC9CCDB 
  81      2F
  82 0150 C561FDC1 		.ascii	"\305a\375\301^\357\322\300U\306\007KP\370\277\336w\271"
  82      5EEFD2C0 
  82      55C6074B 
  82      50F8BFDE 
  82      77B9
  83 0162 77E6D30D 		.ascii	"w\346\323\015\"\371\257^\305V\357W\340\267\3401\361"
ARM GAS  C:\Users\Luggi\AppData\Local\Temp\cc0sjs0u.s 			page 6


  83      22F9AF5E 
  83      C556EF57 
  83      E0B7E031 
  83      F1
  84 0173 D03C7DC6 		.ascii	"\320<}\306\27011<i\214\206\002\341\251\211\021#8\020"
  84      B831313C 
  84      698C8602 
  84      E1A98911 
  84      233810
  85 0186 08FBBB82 		.ascii	"\010\373\273\202=>\177h\240\317\027\352\037\032\354"
  85      3D3E7F68 
  85      A0CF17EA 
  85      1F1AEC
  86 0195 18216D2C 		.ascii	"\030!m,<j\374\000A\320\270\033"
  86      3C6AFC00 
  86      41D0B81B 
  87              		.text
  88              		.section	.gnu.lto_DAC_PGA_OUT_Read.53c7a825,"",%progbits
  89 0000 789C6550 		.ascii	"x\234eP=HBQ\024>\337}\317\247`C\324\022\356!\201\264"
  89      3D484251 
  89      143EDF7D 
  89      CFA76043 
  89      D412EE21 
  90 0016 B5D42406 		.ascii	"\265\324$\006\216\031\326&H\330[\023\244f\3373\263\010"
  90      8E19D626 
  90      48D85B13 
  90      A466DF33 
  90      B308
  91 0028 82728A42 		.ascii	"\202r\212B\207 \372\247\242\251 \212hh\010#\032\014"
  91      8720FAA7 
  91      A2A9208A 
  91      68680823 
  91      1A0C
  92 003a 89D7A250 		.ascii	"\211\327\242PD\220\364\373\206\262s}m]\270\347\336s"
  92      4490F4FB 
  92      86B2737D 
  92      6D5DB8E7 
  92      DE73
  93 004c EEF773CE 		.ascii	"\356\367s\316U\350\377\362\361\036\004\221\237O(\004"
  93      55E8FFF2 
  93      F11E0491 
  93      9F4F2804 
  94 005c 315F2232 		.ascii	"1_\"2=\002\220\027\002\245\005\322x\024u\201\313\303"
  94      3D029017 
  94      02A505D2 
  94      78147581 
  94      CBC3
  95 006e 9F1BF857 		.ascii	"\237\033\370W\015#\363\222?\276\363Nu\330\202\350U\020"
  95      0D23F392 
  95      3FBEF34E 
  95      75D882E8 
  95      5510
  96 0080 023E7449 		.ascii	"\002>tI\035\254\301O\014\254g\277\313^-k\030F\253|\347"
  96      1DACC14F 
  96      0CAC67BF 
  96      CB5E2D6B 
  96      1846AB7C 
ARM GAS  C:\Users\Luggi\AppData\Local\Temp\cc0sjs0u.s 			page 7


  97 0095 877568EC 		.ascii	"\207uh\354A\273m\247F\243q\360\2760\323\0077\310\026"
  97      41BB6DA7 
  97      46A371F0 
  97      BE30D307 
  97      37C816
  98 00a8 ECC841E5 		.ascii	"\354\310A\345 \\2h$5\251\312A\332\327\204\220\247R\301"
  98      205C3268 
  98      2435A9CA 
  98      41DAD784 
  98      90A752C1 
  99 00bc D9C7AC55 		.ascii	"\331\307\254U\354\225:\237Ba\213\322\311\323^\313\203"
  99      EC953A9F 
  99      42618BD2 
  99      C9D35ECB 
  99      83
 100 00cd B085B2BF 		.ascii	"\260\205\262\277b\032\252t\275\257^]{\232%\222\351\334"
 100      621AAA74 
 100      BDAF5E5D 
 100      7B9A2592 
 100      E9DC
 101 00df B3D95EC0 		.ascii	"\263\331^\300\262\231\205-Tl\300\207Mp\223\330B\001"
 101      B299852D 
 101      546CC087 
 101      4D7093D8 
 101      4201
 102 00f1 54C1E457 		.ascii	"T\301\344W\256\2528zp$\217\362\027\213\232\344s?\330"
 102      AEAA387A 
 102      70248FF2 
 102      178B9AE4 
 102      733FD8
 103 0104 666C0519 		.ascii	"fl\005\031\313\355@TFI\222\225;\327\234\212\213\213"
 103      CBED4054 
 103      46499295 
 103      3BD79C8A 
 103      8B8B
 104 0116 4C5A2AD7 		.ascii	"LZ*\327\336\024Ir\361?\3548\244\333\351\200\203\221"
 104      DE144972 
 104      F13FEC38 
 104      A4DBE980 
 104      8391
 105 0128 30B280BF 		.ascii	"0\262\200\277\2549\030\344@<^gX\037\323S#\343\372h<"
 105      AC3918E4 
 105      403C5E67 
 105      581FD353 
 105      23E3FA68 
 106 013d 9A9C4825 		.ascii	"\232\234H%\364X$\232\014\365\304\372\203\241x$\034\214"
 106      F458249A 
 106      0CF5C4FA 
 106      83A17824 
 106      1C8C
 107 014f 0F0C0F75 		.ascii	"\017\014\017u'\350\027\274*\200H"
 107      27E817BC 
 107      2A8048
 108              		.text
 109              		.section	.gnu.lto_DAC_PGA_OUT_ReadDataReg.53c7a825,"",%progbits
 110 0000 789C6550 		.ascii	"x\234eP=HBQ\024>\337y\317\247\344\022M\341\036RH[K\233"
 110      3D484251 
ARM GAS  C:\Users\Luggi\AppData\Local\Temp\cc0sjs0u.s 			page 8


 110      143EDF79 
 110      CFA7E412 
 110      4DE11E52 
 111 0018 183826FD 		.ascii	"\0308&\375l\202\204\2755Aj\366if\321\024NQ\270\004Q"
 111      6C8284BD 
 111      35416AF6 
 111      6966D114 
 111      4E51B804 
 112 002d F6434153 		.ascii	"\366CAS-\20544DR\016\206\204-\332\317\226\024\325\033"
 112      2D853434 
 112      44520E86 
 112      842DDACF 
 112      9614D51B 
 113 0041 D2CEF5B5 		.ascii	"\322\316\365\265u\341\236s\3179\337\371\276s\256F\377"
 113      75E19E73 
 113      CF39DFF9 
 113      BE73AE46 
 113      FF
 114 0052 8F4FEE04 		.ascii	"\217O\356\004\210\374\342\241\021x\355\206(\355a@=\010"
 114      88FCE2A1 
 114      1178ED86 
 114      28ED6140 
 114      3D08
 115 0064 9462A4F0 		.ascii	"\224b\244\360\312-\306\365i\273\002\377\266ee\336\356"
 115      CA2DC6F5 
 115      69BB02FF 
 115      B66565DE 
 115      EE
 116 0075 2A0FDEA5 		.ascii	"*\017\336\245~\233\211\336\231\020\360aP\361`\007~\022"
 116      7E9B89DE 
 116      9910F061 
 116      50F16007 
 116      7E12
 117 0087 602BFB53 		.ascii	"`+\373S\365\032Y\313\262zU]\012\2730D\203\216\372.\254"
 117      F51A59CB 
 117      B27A555D 
 117      0ABB3044 
 117      838EFA2E 
 118 009c 4EE7A49C 		.ascii	"N\347\244\234_\031b7\310fQ\024\243\213a\2272\006)Nj"
 118      5F196237 
 118      C8665114 
 118      A38B6197 
 118      3206294E 
 119 00b1 8851F24D 		.ascii	"\210Q\362Mf\345\265\032J\237\253\355\342\250\342\371"
 119      66E5B51A 
 119      4A9FABED 
 119      E2A8E2F9 
 120 00c1 624D493C 		.ascii	"bMI<\235\027\264\027\266Y;\336J[\272R}l\224o=\335\024"
 120      9D17B417 
 120      B6593BDE 
 120      4A5BBA52 
 120      7D6C946F 
 121 00d8 A9F0B954 		.ascii	"\251\360\271T(\366\024\260\231\316\302f\035E\370\260"
 121      28F614B0 
 121      99CEC266 
 121      1D45F8B0 
 122 00e8 079912FB 		.ascii	"\007\231\022\373(\200jX\374\31654\207\020\016\347Y\376"
ARM GAS  C:\Users\Luggi\AppData\Local\Temp\cc0sjs0u.s 			page 9


 122      28806A58 
 122      FCCE3534 
 122      87100EE7 
 122      59FE
 123 00fa 6ADD5004 		.ascii	"j\335P\0042\020\016\004[C\246\356v \272\240TS=wi8\031"
 123      32100E04 
 123      5B43A6EE 
 123      7620BAA0 
 123      54533D77 
 124 0111 9724A569 		.ascii	"\227$\245i\243\332\374\350\016\342\222\2178t\232\356"
 124      A3DAFCE8 
 124      0EE2928F 
 124      38749AEE 
 125 0121 97030E46 		.ascii	"\227\003\016F\301\250\016\374E\335\315\2406\222\375"
 125      C1A80EFC 
 125      45DDCDA0 
 125      3692FD
 126 0130 06C2E69C 		.ascii	"\006\302\346\234\231\234\2317gc\223\211\205d\334\214"
 126      999C9937 
 126      67639389 
 126      8564DC8C 
 127 0140 462613A1 		.ascii	"F&\023\241\221\350X0\024\213\204\203\261\361\351\251"
 127      91E85830 
 127      148B8483 
 127      B1F1E9A9 
 128 0150 E138FD02 		.ascii	"\3418\375\002\034\006\201\201"
 128      1C068181 
 129              		.text
 130              		.section	.gnu.lto_.symbol_nodes.53c7a825,"",%progbits
 131 0000 789C6366 		.ascii	"x\234cf``pb\200\002&\206z\006\206\011\347\030\030\352"
 131      60607062 
 131      80022686 
 131      7A068609 
 131      E71818EA 
 132 0014 EB19A62D 		.ascii	"\353\031\246-\340``b\254gD\3413\3253\241\360\231\353"
 132      E0606062 
 132      AC6744E1 
 132      33D533A1 
 132      F099EB
 133 0027 9991F90C 		.ascii	"\231\221\371\014\0000N\020\276"
 133      00304E10 
 133      BE
 134              		.text
 135              		.section	.gnu.lto_.refs.53c7a825,"",%progbits
 136 0000 789C6366 		.ascii	"x\234cf```d\200\002\000\000=\000\005"
 136      60606064 
 136      80020000 
 136      3D0005
 137              		.text
 138              		.section	.gnu.lto_.decls.53c7a825,"",%progbits
 139 0000 789C8D92 		.ascii	"x\234\215\222QH\223Q\024\307\357\371\356\347\324\257"
 139      51489351 
 139      14C7EFF9 
 139      EEE7D4AF 
 140 0010 95F6A232 		.ascii	"\225\366\2422\202\326CB B\017\201o%\023\224\240\032"
 140      82D64342 
 140      20420F81 
ARM GAS  C:\Users\Luggi\AppData\Local\Temp\cc0sjs0u.s 			page 10


 140      6F251394 
 140      A01A
 141 0022 9AF4A030 		.ascii	"\232\364\2400\206~\330^4\326\014|\3526\015M\303\304"
 141      867ED85E 
 141      34D60C7C 
 141      EA360D4D 
 141      C3C4
 142 0034 8A2C68AD 		.ascii	"\212,h\2556\3134u\351tNM\2677I*\213%X\004\211A\3726"
 142      36CB3475 
 142      E9744E4D 
 142      B737492A 
 142      8B255804 
 143 004c A1CC22FA 		.ascii	"\241\314\"\372:\337\335\326>\326\004/\234\355\236\373"
 143      3ADFDDD6 
 143      3ED6042F 
 143      9CED9EFB 
 144 005c 9DDFFF9C 		.ascii	"\235\337\377\234s\357\241\204\020#\020\242\3402QBF\321"
 144      73EFA184 
 144      102310A2 
 144      E0325142 
 144      46D1
 145 006e CF403393 		.ascii	"\317@3\223\344\022\321\306\320\374h\001\264 \371\177"
 145      E412D1C6 
 145      D0FC6801 
 145      B420F97F 
 146 007e 8D69B861 		.ascii	"\215i\270a\264<\2649\264\331\370w\210\307\244.US\227"
 146      B43CB439 
 146      B4D9F877 
 146      88C7A42E 
 146      555397
 147 0091 C285D3B0 		.ascii	"\302\205\323\260\3764l \316&\270\012\015wR\303\006\322"
 147      FE346C20 
 147      CE26B80A 
 147      0D7752C3 
 147      06D2
 148 00a3 B0C15DB2 		.ascii	"\260\301]\262\351z\335\024 8\362\355\325\236u\001\366"
 148      E97ADD14 
 148      2038F2ED 
 148      D59E7501 
 148      F6
 149 00b4 4946D59D 		.ascii	"IF\325\235\356]\350\323\241\253\227D\325]\236oo\317"
 149      EE5DE8D3 
 149      A1AB9744 
 149      D55D9E6F 
 149      6FCF
 150 00c6 A202A87B 		.ascii	"\242\002\250{O\337jD*\032d\214u\260P\010\222\022W\036"
 150      4FDF6A44 
 150      2A1A648C 
 150      75B05008 
 150      9212571E 
 151 00da CF5CCF44 		.ascii	"\317\\\317D&O\342n\367\342\2750\345\256\242r\302\312"
 151      264FE26E 
 151      F7E2BD30 
 151      E5AEA272 
 151      C2CA
 152 00ec CAAD9F14 		.ascii	"\312\255\237\024\244\302\016\306\234,\332\313h\001\201"
 152      A4C20EC6 
ARM GAS  C:\Users\Luggi\AppData\Local\Temp\cc0sjs0u.s 			page 11


 152      9C2CDACB 
 152      680181
 153 00fb 22031C31 		.ascii	"\"\003\0341\020\030\201B\014\203A(\"0\004\006x\006\006"
 153      10188142 
 153      0C834128 
 153      22300406 
 153      780606
 154 010e E2C504D1 		.ascii	"\342\305\004\321\007\221\017\007\030\023a\030$x\012"
 154      07910F07 
 154      18136118 
 154      24780A
 155 011d 9447601B 		.ascii	"\224G`\033j\206x\322\236\253\341\036Q\024\360P\215\251"
 155      6A8678D2 
 155      9EABE11E 
 155      5114F050 
 155      8DA9
 156 012f E1D57E57 		.ascii	"\341\325~WV\373\205\374\333(\300zZY\256\010\346<x\202"
 156      56FB85FC 
 156      DB28C07A 
 156      5A59AE08 
 156      E63C7882 
 157 0143 B203284B 		.ascii	"\262\003(K\300\007\371\370;\012bL@\351\376\341\322\321"
 157      C007F9F8 
 157      3B0A624C 
 157      40E9FEE1 
 157      D2D1
 158 0155 A3BCB5F7 		.ascii	"\243\274\265\367\263\277\226\005\243\213\271}\321.\217"
 158      B3BF9605 
 158      A38BB97D 
 158      D12E8F
 159 0164 8BDE656E 		.ascii	"\213\336en'\373\243`\371*\004\317\377\025@\324}\354"
 159      27FBA360 
 159      F92A04CF 
 159      FF1540D4 
 159      7DEC
 160 0176 46C7C088 		.ascii	"F\307\300\210\340\233G3\236\034j\343\"\003\237\266\276"
 160      E09B4733 
 160      9E1C6AE3 
 160      22039FB6 
 160      BE
 161 0187 E8B9887B 		.ascii	"\350\271\210{\332\243[`!E9\316\371q\015?\236\340\375"
 161      DAA35B60 
 161      214539CE 
 161      F9710D3F 
 161      9EE0FD
 162 019a 9CBFD6E6 		.ascii	"\234\277\326\346\243\332\202\325^\222\025O\360\212k"
 162      A3DA82D5 
 162      5E92154F 
 162      F08A6B
 163 01a9 E205FB5C 		.ascii	"\342\005\373\\\336%J\235\300\223y\307\375\355\022O\366"
 163      DE254A9D 
 163      C09379C7 
 163      FDED124F 
 163      F6
 164 01ba 79634D0E 		.ascii	"ycM\016\265\261\337\212B9\001\223\232t\223\211t\001"
 164      B5B1DF8A 
 164      42390193 
ARM GAS  C:\Users\Luggi\AppData\Local\Temp\cc0sjs0u.s 			page 12


 164      9A749389 
 164      7401
 165 01cc 9EEEE1C6 		.ascii	"\236\356\341\306\313\2579\364fLb)\364\2567\326\264\373"
 165      CBAF39F4 
 165      664C6229 
 165      F4AE37D6 
 165      B4FB
 166 01de 7E7FA25E 		.ascii	"~\177\242^U`J#0\225\020\010r\001v\247\313\233E\207b"
 166      55604A23 
 166      30951008 
 166      720176A7 
 166      CB9B4587 
 167 01f3 02135B9D 		.ascii	"\002\023[\235\301\275\022>k\353.\236\025\007!\362\272"
 167      C1BD123E 
 167      6BEB2E9E 
 167      150721F2 
 167      BA
 168 0204 73393B36 		.ascii	"s9;6\010\251\304\213\035\007a{\255\242\215\235\200Y"
 168      08A9C48B 
 168      1D07617B 
 168      ADA28D9D 
 168      8059
 169 0216 BC98E9E4 		.ascii	"\274\230\351\344 \314@r\022\"\213\316\217T\337\251N"
 169      20CC4072 
 169      12228BCE 
 169      8F54DFA9 
 169      4E
 170 0227 175E6276 		.ascii	"\027^bv\005\217M^\342\034\350y\003\370\277)\320\221"
 170      058F4D5E 
 170      E21CE879 
 170      03F8BF29 
 170      D091
 171 0239 B7F32E01 		.ascii	"\267\363.\001\014\006\251\017\247x\373 \204QH\335\206"
 171      0C06A90F 
 171      A778FB20 
 171      845148DD 
 171      86
 172 024a D615E5B2 		.ascii	"\326\025\345\262\022[72\371q\207\372,Q\247\246L\302"
 172      125B3732 
 172      F97187FA 
 172      2C51A7A6 
 172      4CC2
 173 025c CF098450 		.ascii	"\317\011\204P|\036\305\271\233\321lkt\224\350\312OW"
 173      7C1EC5B9 
 173      9BD16C6B 
 173      7494E8CA 
 173      4F57
 174 026e 1B4DE450 		.ascii	"\033M\344P\271\334(\333\255\016\271\336R\325\324l\257"
 174      B9DC28DB 
 174      AD0EB9DE 
 174      52D5D46C 
 174      AF
 175 027f 936BCD55 		.ascii	"\223k\315UM\246c\265u-\216\226\013\362\305\342\363d"
 175      4DA663B5 
 175      752D8E96 
 175      0BF2C5E2 
 175      F364
ARM GAS  C:\Users\Luggi\AppData\Local\Temp\cc0sjs0u.s 			page 13


 176 0291 7F59A9C9 		.ascii	"\177Y\251\311b./\265\234\251>k9g\2679\344\303;0\232"
 176      622E2FB5 
 176      9CA93E6B 
 176      3967B739 
 176      E4C33B30 
 177 02a6 C0E23A52 		.ascii	"\300\342:R\240\345\252dG\231\335vI>\325T/\347j?T\312"
 177      A0E5AA64 
 177      4799DD76 
 177      493ED554 
 177      2FE76A3F 
 178 02bc D6FAFCD4 		.ascii	"\326\372\374\324\2032\253\303Z)7\210v\271\241\344/\326"
 178      8332ABC3 
 178      5A293788 
 178      76B9A1E4 
 178      2FD6
 179 02ce 104FF9   		.ascii	"\020O\371"
 180              		.text
 181              		.section	.gnu.lto_.symtab.53c7a825,"",%progbits
 182 0000 4441435F 		.ascii	"DAC_PGA_OUT_Write\000\000\000\000\000\000\000\000\000"
 182      5047415F 
 182      4F55545F 
 182      57726974 
 182      65000000 
 183 001a 000000B2 		.ascii	"\000\000\000\262\000\000\000DAC_PGA_OUT_SetDriveMod"
 183      00000044 
 183      41435F50 
 183      47415F4F 
 183      55545F53 
 184 0038 65000000 		.ascii	"e\000\000\000\000\000\000\000\000\000\000\000\000\264"
 184      00000000 
 184      00000000 
 184      00B4
 185 0046 00000044 		.ascii	"\000\000\000DAC_PGA_OUT_Read\000\000\000\000\000\000"
 185      41435F50 
 185      47415F4F 
 185      55545F52 
 185      65616400 
 186 005f 00000000 		.ascii	"\000\000\000\000\000\000\267\000\000\000DAC_PGA_OUT"
 186      0000B700 
 186      00004441 
 186      435F5047 
 186      415F4F55 
 187 0074 5F526561 		.ascii	"_ReadDataReg\000\000\000\000\000\000\000\000\000\000"
 187      64446174 
 187      61526567 
 187      00000000 
 187      00000000 
 188 008a 0000B900 		.ascii	"\000\000\271\000\000\000"
 188      0000
 189              		.text
 190              		.section	.gnu.lto_.opts,"",%progbits
 191 0000 272D666E 		.ascii	"'-fno-trapv' '-fno-strict-overflow' '-mcpu=cortex-m"
 191      6F2D7472 
 191      61707627 
 191      20272D66 
 191      6E6F2D73 
 192 0033 33272027 		.ascii	"3' '-mthumb' '-g' '-Og' '-ffunction-sections' '-flt"
ARM GAS  C:\Users\Luggi\AppData\Local\Temp\cc0sjs0u.s 			page 14


 192      2D6D7468 
 192      756D6227 
 192      20272D67 
 192      2720272D 
 193 0066 6F272027 		.ascii	"o' '-ffat-lto-objects'\000"
 193      2D666661 
 193      742D6C74 
 193      6F2D6F62 
 193      6A656374 
 194              		.text
 195              		.cfi_sections	.debug_frame
 196              		.section	.text.DAC_PGA_OUT_Write,"ax",%progbits
 197              		.align	2
 198              		.global	DAC_PGA_OUT_Write
 199              		.thumb
 200              		.thumb_func
 201              		.type	DAC_PGA_OUT_Write, %function
 202              	DAC_PGA_OUT_Write:
 203              	.LFB0:
 204              		.file 1 "Generated_Source\\PSoC5\\DAC_PGA_OUT.c"
   1:Generated_Source\PSoC5/DAC_PGA_OUT.c **** /*******************************************************************************
   2:Generated_Source\PSoC5/DAC_PGA_OUT.c **** * File Name: DAC_PGA_OUT.c  
   3:Generated_Source\PSoC5/DAC_PGA_OUT.c **** * Version 2.20
   4:Generated_Source\PSoC5/DAC_PGA_OUT.c **** *
   5:Generated_Source\PSoC5/DAC_PGA_OUT.c **** * Description:
   6:Generated_Source\PSoC5/DAC_PGA_OUT.c **** *  This file contains API to enable firmware control of a Pins component.
   7:Generated_Source\PSoC5/DAC_PGA_OUT.c **** *
   8:Generated_Source\PSoC5/DAC_PGA_OUT.c **** * Note:
   9:Generated_Source\PSoC5/DAC_PGA_OUT.c **** *
  10:Generated_Source\PSoC5/DAC_PGA_OUT.c **** ********************************************************************************
  11:Generated_Source\PSoC5/DAC_PGA_OUT.c **** * Copyright 2008-2015, Cypress Semiconductor Corporation.  All rights reserved.
  12:Generated_Source\PSoC5/DAC_PGA_OUT.c **** * You may use this file only in accordance with the license, terms, conditions, 
  13:Generated_Source\PSoC5/DAC_PGA_OUT.c **** * disclaimers, and limitations in the end user license agreement accompanying 
  14:Generated_Source\PSoC5/DAC_PGA_OUT.c **** * the software package with which this file was provided.
  15:Generated_Source\PSoC5/DAC_PGA_OUT.c **** *******************************************************************************/
  16:Generated_Source\PSoC5/DAC_PGA_OUT.c **** 
  17:Generated_Source\PSoC5/DAC_PGA_OUT.c **** #include "cytypes.h"
  18:Generated_Source\PSoC5/DAC_PGA_OUT.c **** #include "DAC_PGA_OUT.h"
  19:Generated_Source\PSoC5/DAC_PGA_OUT.c **** 
  20:Generated_Source\PSoC5/DAC_PGA_OUT.c **** /* APIs are not generated for P15[7:6] on PSoC 5 */
  21:Generated_Source\PSoC5/DAC_PGA_OUT.c **** #if !(CY_PSOC5A &&\
  22:Generated_Source\PSoC5/DAC_PGA_OUT.c **** 	 DAC_PGA_OUT__PORT == 15 && ((DAC_PGA_OUT__MASK & 0xC0) != 0))
  23:Generated_Source\PSoC5/DAC_PGA_OUT.c **** 
  24:Generated_Source\PSoC5/DAC_PGA_OUT.c **** 
  25:Generated_Source\PSoC5/DAC_PGA_OUT.c **** /*******************************************************************************
  26:Generated_Source\PSoC5/DAC_PGA_OUT.c **** * Function Name: DAC_PGA_OUT_Write
  27:Generated_Source\PSoC5/DAC_PGA_OUT.c **** ****************************************************************************//**
  28:Generated_Source\PSoC5/DAC_PGA_OUT.c **** *
  29:Generated_Source\PSoC5/DAC_PGA_OUT.c **** * \brief Writes the value to the physical port (data output register), masking
  30:Generated_Source\PSoC5/DAC_PGA_OUT.c **** *  and shifting the bits appropriately. 
  31:Generated_Source\PSoC5/DAC_PGA_OUT.c **** *
  32:Generated_Source\PSoC5/DAC_PGA_OUT.c **** * The data output register controls the signal applied to the physical pin in 
  33:Generated_Source\PSoC5/DAC_PGA_OUT.c **** * conjunction with the drive mode parameter. This function avoids changing 
  34:Generated_Source\PSoC5/DAC_PGA_OUT.c **** * other bits in the port by using the appropriate method (read-modify-write or
  35:Generated_Source\PSoC5/DAC_PGA_OUT.c **** * bit banding).
  36:Generated_Source\PSoC5/DAC_PGA_OUT.c **** *
  37:Generated_Source\PSoC5/DAC_PGA_OUT.c **** * <b>Note</b> This function should not be used on a hardware digital output pin 
ARM GAS  C:\Users\Luggi\AppData\Local\Temp\cc0sjs0u.s 			page 15


  38:Generated_Source\PSoC5/DAC_PGA_OUT.c **** * as it is driven by the hardware signal attached to it.
  39:Generated_Source\PSoC5/DAC_PGA_OUT.c **** *
  40:Generated_Source\PSoC5/DAC_PGA_OUT.c **** * \param value
  41:Generated_Source\PSoC5/DAC_PGA_OUT.c **** *  Value to write to the component instance.
  42:Generated_Source\PSoC5/DAC_PGA_OUT.c **** *
  43:Generated_Source\PSoC5/DAC_PGA_OUT.c **** * \return 
  44:Generated_Source\PSoC5/DAC_PGA_OUT.c **** *  None 
  45:Generated_Source\PSoC5/DAC_PGA_OUT.c **** *
  46:Generated_Source\PSoC5/DAC_PGA_OUT.c **** * \sideeffect
  47:Generated_Source\PSoC5/DAC_PGA_OUT.c **** *  If you use read-modify-write operations that are not atomic; the Interrupt 
  48:Generated_Source\PSoC5/DAC_PGA_OUT.c **** *  Service Routines (ISR) can cause corruption of this function. An ISR that 
  49:Generated_Source\PSoC5/DAC_PGA_OUT.c **** *  interrupts this function and performs writes to the Pins component data 
  50:Generated_Source\PSoC5/DAC_PGA_OUT.c **** *  register can cause corrupted port data. To avoid this issue, you should 
  51:Generated_Source\PSoC5/DAC_PGA_OUT.c **** *  either use the Per-Pin APIs (primary method) or disable interrupts around 
  52:Generated_Source\PSoC5/DAC_PGA_OUT.c **** *  this function.
  53:Generated_Source\PSoC5/DAC_PGA_OUT.c **** *
  54:Generated_Source\PSoC5/DAC_PGA_OUT.c **** * \funcusage
  55:Generated_Source\PSoC5/DAC_PGA_OUT.c **** *  \snippet DAC_PGA_OUT_SUT.c usage_DAC_PGA_OUT_Write
  56:Generated_Source\PSoC5/DAC_PGA_OUT.c **** *******************************************************************************/
  57:Generated_Source\PSoC5/DAC_PGA_OUT.c **** void DAC_PGA_OUT_Write(uint8 value)
  58:Generated_Source\PSoC5/DAC_PGA_OUT.c **** {
 205              		.loc 1 58 0
 206              		.cfi_startproc
 207              		@ args = 0, pretend = 0, frame = 0
 208              		@ frame_needed = 0, uses_anonymous_args = 0
 209              		@ link register save eliminated.
 210              	.LVL0:
  59:Generated_Source\PSoC5/DAC_PGA_OUT.c ****     uint8 staticBits = (DAC_PGA_OUT_DR & (uint8)(~DAC_PGA_OUT_MASK));
 211              		.loc 1 59 0
 212 0000 044A     		ldr	r2, .L2
 213 0002 1378     		ldrb	r3, [r2]	@ zero_extendqisi2
 214 0004 03F0FB03 		and	r3, r3, #251
 215              	.LVL1:
  60:Generated_Source\PSoC5/DAC_PGA_OUT.c ****     DAC_PGA_OUT_DR = staticBits | ((uint8)(value << DAC_PGA_OUT_SHIFT) & DAC_PGA_OUT_MASK);
 216              		.loc 1 60 0
 217 0008 8000     		lsls	r0, r0, #2
 218              	.LVL2:
 219 000a 00F00400 		and	r0, r0, #4
 220 000e 1843     		orrs	r0, r0, r3
 221 0010 1070     		strb	r0, [r2]
 222 0012 7047     		bx	lr
 223              	.L3:
 224              		.align	2
 225              	.L2:
 226 0014 30510040 		.word	1073762608
 227              		.cfi_endproc
 228              	.LFE0:
 229              		.size	DAC_PGA_OUT_Write, .-DAC_PGA_OUT_Write
 230              		.section	.text.DAC_PGA_OUT_SetDriveMode,"ax",%progbits
 231              		.align	2
 232              		.global	DAC_PGA_OUT_SetDriveMode
 233              		.thumb
 234              		.thumb_func
 235              		.type	DAC_PGA_OUT_SetDriveMode, %function
 236              	DAC_PGA_OUT_SetDriveMode:
 237              	.LFB1:
  61:Generated_Source\PSoC5/DAC_PGA_OUT.c **** }
ARM GAS  C:\Users\Luggi\AppData\Local\Temp\cc0sjs0u.s 			page 16


  62:Generated_Source\PSoC5/DAC_PGA_OUT.c **** 
  63:Generated_Source\PSoC5/DAC_PGA_OUT.c **** 
  64:Generated_Source\PSoC5/DAC_PGA_OUT.c **** /*******************************************************************************
  65:Generated_Source\PSoC5/DAC_PGA_OUT.c **** * Function Name: DAC_PGA_OUT_SetDriveMode
  66:Generated_Source\PSoC5/DAC_PGA_OUT.c **** ****************************************************************************//**
  67:Generated_Source\PSoC5/DAC_PGA_OUT.c **** *
  68:Generated_Source\PSoC5/DAC_PGA_OUT.c **** * \brief Sets the drive mode for each of the Pins component's pins.
  69:Generated_Source\PSoC5/DAC_PGA_OUT.c **** * 
  70:Generated_Source\PSoC5/DAC_PGA_OUT.c **** * <b>Note</b> This affects all pins in the Pins component instance. Use the
  71:Generated_Source\PSoC5/DAC_PGA_OUT.c **** * Per-Pin APIs if you wish to control individual pin's drive modes.
  72:Generated_Source\PSoC5/DAC_PGA_OUT.c **** *
  73:Generated_Source\PSoC5/DAC_PGA_OUT.c **** * \param mode
  74:Generated_Source\PSoC5/DAC_PGA_OUT.c **** *  Mode for the selected signals. Valid options are documented in 
  75:Generated_Source\PSoC5/DAC_PGA_OUT.c **** *  \ref driveMode.
  76:Generated_Source\PSoC5/DAC_PGA_OUT.c **** *
  77:Generated_Source\PSoC5/DAC_PGA_OUT.c **** * \return
  78:Generated_Source\PSoC5/DAC_PGA_OUT.c **** *  None
  79:Generated_Source\PSoC5/DAC_PGA_OUT.c **** *
  80:Generated_Source\PSoC5/DAC_PGA_OUT.c **** * \sideeffect
  81:Generated_Source\PSoC5/DAC_PGA_OUT.c **** *  If you use read-modify-write operations that are not atomic, the ISR can
  82:Generated_Source\PSoC5/DAC_PGA_OUT.c **** *  cause corruption of this function. An ISR that interrupts this function 
  83:Generated_Source\PSoC5/DAC_PGA_OUT.c **** *  and performs writes to the Pins component Drive Mode registers can cause 
  84:Generated_Source\PSoC5/DAC_PGA_OUT.c **** *  corrupted port data. To avoid this issue, you should either use the Per-Pin
  85:Generated_Source\PSoC5/DAC_PGA_OUT.c **** *  APIs (primary method) or disable interrupts around this function.
  86:Generated_Source\PSoC5/DAC_PGA_OUT.c **** *
  87:Generated_Source\PSoC5/DAC_PGA_OUT.c **** * \funcusage
  88:Generated_Source\PSoC5/DAC_PGA_OUT.c **** *  \snippet DAC_PGA_OUT_SUT.c usage_DAC_PGA_OUT_SetDriveMode
  89:Generated_Source\PSoC5/DAC_PGA_OUT.c **** *******************************************************************************/
  90:Generated_Source\PSoC5/DAC_PGA_OUT.c **** void DAC_PGA_OUT_SetDriveMode(uint8 mode)
  91:Generated_Source\PSoC5/DAC_PGA_OUT.c **** {
 238              		.loc 1 91 0
 239              		.cfi_startproc
 240              		@ args = 0, pretend = 0, frame = 0
 241              		@ frame_needed = 0, uses_anonymous_args = 0
 242              		@ link register save eliminated.
 243              	.LVL3:
  92:Generated_Source\PSoC5/DAC_PGA_OUT.c **** 	CyPins_SetPinDriveMode(DAC_PGA_OUT_0, mode);
 244              		.loc 1 92 0
 245 0000 044A     		ldr	r2, .L5
 246 0002 1378     		ldrb	r3, [r2]	@ zero_extendqisi2
 247 0004 03F0F103 		and	r3, r3, #241
 248 0008 00F00E00 		and	r0, r0, #14
 249              	.LVL4:
 250 000c 1843     		orrs	r0, r0, r3
 251 000e 1070     		strb	r0, [r2]
 252 0010 7047     		bx	lr
 253              	.L6:
 254 0012 00BF     		.align	2
 255              	.L5:
 256 0014 1A500040 		.word	1073762330
 257              		.cfi_endproc
 258              	.LFE1:
 259              		.size	DAC_PGA_OUT_SetDriveMode, .-DAC_PGA_OUT_SetDriveMode
 260              		.section	.text.DAC_PGA_OUT_Read,"ax",%progbits
 261              		.align	2
 262              		.global	DAC_PGA_OUT_Read
 263              		.thumb
ARM GAS  C:\Users\Luggi\AppData\Local\Temp\cc0sjs0u.s 			page 17


 264              		.thumb_func
 265              		.type	DAC_PGA_OUT_Read, %function
 266              	DAC_PGA_OUT_Read:
 267              	.LFB2:
  93:Generated_Source\PSoC5/DAC_PGA_OUT.c **** }
  94:Generated_Source\PSoC5/DAC_PGA_OUT.c **** 
  95:Generated_Source\PSoC5/DAC_PGA_OUT.c **** 
  96:Generated_Source\PSoC5/DAC_PGA_OUT.c **** /*******************************************************************************
  97:Generated_Source\PSoC5/DAC_PGA_OUT.c **** * Function Name: DAC_PGA_OUT_Read
  98:Generated_Source\PSoC5/DAC_PGA_OUT.c **** ****************************************************************************//**
  99:Generated_Source\PSoC5/DAC_PGA_OUT.c **** *
 100:Generated_Source\PSoC5/DAC_PGA_OUT.c **** * \brief Reads the associated physical port (pin status register) and masks 
 101:Generated_Source\PSoC5/DAC_PGA_OUT.c **** *  the required bits according to the width and bit position of the component
 102:Generated_Source\PSoC5/DAC_PGA_OUT.c **** *  instance. 
 103:Generated_Source\PSoC5/DAC_PGA_OUT.c **** *
 104:Generated_Source\PSoC5/DAC_PGA_OUT.c **** * The pin's status register returns the current logic level present on the 
 105:Generated_Source\PSoC5/DAC_PGA_OUT.c **** * physical pin.
 106:Generated_Source\PSoC5/DAC_PGA_OUT.c **** *
 107:Generated_Source\PSoC5/DAC_PGA_OUT.c **** * \return 
 108:Generated_Source\PSoC5/DAC_PGA_OUT.c **** *  The current value for the pins in the component as a right justified number.
 109:Generated_Source\PSoC5/DAC_PGA_OUT.c **** *
 110:Generated_Source\PSoC5/DAC_PGA_OUT.c **** * \funcusage
 111:Generated_Source\PSoC5/DAC_PGA_OUT.c **** *  \snippet DAC_PGA_OUT_SUT.c usage_DAC_PGA_OUT_Read  
 112:Generated_Source\PSoC5/DAC_PGA_OUT.c **** *******************************************************************************/
 113:Generated_Source\PSoC5/DAC_PGA_OUT.c **** uint8 DAC_PGA_OUT_Read(void)
 114:Generated_Source\PSoC5/DAC_PGA_OUT.c **** {
 268              		.loc 1 114 0
 269              		.cfi_startproc
 270              		@ args = 0, pretend = 0, frame = 0
 271              		@ frame_needed = 0, uses_anonymous_args = 0
 272              		@ link register save eliminated.
 115:Generated_Source\PSoC5/DAC_PGA_OUT.c ****     return (DAC_PGA_OUT_PS & DAC_PGA_OUT_MASK) >> DAC_PGA_OUT_SHIFT;
 273              		.loc 1 115 0
 274 0000 024B     		ldr	r3, .L8
 275 0002 1878     		ldrb	r0, [r3]	@ zero_extendqisi2
 116:Generated_Source\PSoC5/DAC_PGA_OUT.c **** }
 276              		.loc 1 116 0
 277 0004 C0F38000 		ubfx	r0, r0, #2, #1
 278 0008 7047     		bx	lr
 279              	.L9:
 280 000a 00BF     		.align	2
 281              	.L8:
 282 000c 31510040 		.word	1073762609
 283              		.cfi_endproc
 284              	.LFE2:
 285              		.size	DAC_PGA_OUT_Read, .-DAC_PGA_OUT_Read
 286              		.section	.text.DAC_PGA_OUT_ReadDataReg,"ax",%progbits
 287              		.align	2
 288              		.global	DAC_PGA_OUT_ReadDataReg
 289              		.thumb
 290              		.thumb_func
 291              		.type	DAC_PGA_OUT_ReadDataReg, %function
 292              	DAC_PGA_OUT_ReadDataReg:
 293              	.LFB3:
 117:Generated_Source\PSoC5/DAC_PGA_OUT.c **** 
 118:Generated_Source\PSoC5/DAC_PGA_OUT.c **** 
 119:Generated_Source\PSoC5/DAC_PGA_OUT.c **** /*******************************************************************************
ARM GAS  C:\Users\Luggi\AppData\Local\Temp\cc0sjs0u.s 			page 18


 120:Generated_Source\PSoC5/DAC_PGA_OUT.c **** * Function Name: DAC_PGA_OUT_ReadDataReg
 121:Generated_Source\PSoC5/DAC_PGA_OUT.c **** ****************************************************************************//**
 122:Generated_Source\PSoC5/DAC_PGA_OUT.c **** *
 123:Generated_Source\PSoC5/DAC_PGA_OUT.c **** * \brief Reads the associated physical port's data output register and masks 
 124:Generated_Source\PSoC5/DAC_PGA_OUT.c **** *  the correct bits according to the width and bit position of the component 
 125:Generated_Source\PSoC5/DAC_PGA_OUT.c **** *  instance. 
 126:Generated_Source\PSoC5/DAC_PGA_OUT.c **** *
 127:Generated_Source\PSoC5/DAC_PGA_OUT.c **** * The data output register controls the signal applied to the physical pin in 
 128:Generated_Source\PSoC5/DAC_PGA_OUT.c **** * conjunction with the drive mode parameter. This is not the same as the 
 129:Generated_Source\PSoC5/DAC_PGA_OUT.c **** * preferred DAC_PGA_OUT_Read() API because the 
 130:Generated_Source\PSoC5/DAC_PGA_OUT.c **** * DAC_PGA_OUT_ReadDataReg() reads the data register instead of the status 
 131:Generated_Source\PSoC5/DAC_PGA_OUT.c **** * register. For output pins this is a useful function to determine the value 
 132:Generated_Source\PSoC5/DAC_PGA_OUT.c **** * just written to the pin.
 133:Generated_Source\PSoC5/DAC_PGA_OUT.c **** *
 134:Generated_Source\PSoC5/DAC_PGA_OUT.c **** * \return 
 135:Generated_Source\PSoC5/DAC_PGA_OUT.c **** *  The current value of the data register masked and shifted into a right 
 136:Generated_Source\PSoC5/DAC_PGA_OUT.c **** *  justified number for the component instance.
 137:Generated_Source\PSoC5/DAC_PGA_OUT.c **** *
 138:Generated_Source\PSoC5/DAC_PGA_OUT.c **** * \funcusage
 139:Generated_Source\PSoC5/DAC_PGA_OUT.c **** *  \snippet DAC_PGA_OUT_SUT.c usage_DAC_PGA_OUT_ReadDataReg 
 140:Generated_Source\PSoC5/DAC_PGA_OUT.c **** *******************************************************************************/
 141:Generated_Source\PSoC5/DAC_PGA_OUT.c **** uint8 DAC_PGA_OUT_ReadDataReg(void)
 142:Generated_Source\PSoC5/DAC_PGA_OUT.c **** {
 294              		.loc 1 142 0
 295              		.cfi_startproc
 296              		@ args = 0, pretend = 0, frame = 0
 297              		@ frame_needed = 0, uses_anonymous_args = 0
 298              		@ link register save eliminated.
 143:Generated_Source\PSoC5/DAC_PGA_OUT.c ****     return (DAC_PGA_OUT_DR & DAC_PGA_OUT_MASK) >> DAC_PGA_OUT_SHIFT;
 299              		.loc 1 143 0
 300 0000 024B     		ldr	r3, .L11
 301 0002 1878     		ldrb	r0, [r3]	@ zero_extendqisi2
 144:Generated_Source\PSoC5/DAC_PGA_OUT.c **** }
 302              		.loc 1 144 0
 303 0004 C0F38000 		ubfx	r0, r0, #2, #1
 304 0008 7047     		bx	lr
 305              	.L12:
 306 000a 00BF     		.align	2
 307              	.L11:
 308 000c 30510040 		.word	1073762608
 309              		.cfi_endproc
 310              	.LFE3:
 311              		.size	DAC_PGA_OUT_ReadDataReg, .-DAC_PGA_OUT_ReadDataReg
 312              		.text
 313              	.Letext0:
 314              		.file 2 "Generated_Source\\PSoC5\\cytypes.h"
 315              		.section	.debug_info,"",%progbits
 316              	.Ldebug_info0:
 317 0000 1B010000 		.4byte	0x11b
 318 0004 0400     		.2byte	0x4
 319 0006 00000000 		.4byte	.Ldebug_abbrev0
 320 000a 04       		.byte	0x4
 321 000b 01       		.uleb128 0x1
 322 000c 7F000000 		.4byte	.LASF20
 323 0010 01       		.byte	0x1
 324 0011 5F010000 		.4byte	.LASF21
 325 0015 2F000000 		.4byte	.LASF22
ARM GAS  C:\Users\Luggi\AppData\Local\Temp\cc0sjs0u.s 			page 19


 326 0019 00000000 		.4byte	.Ldebug_ranges0+0
 327 001d 00000000 		.4byte	0
 328 0021 00000000 		.4byte	.Ldebug_line0
 329 0025 02       		.uleb128 0x2
 330 0026 01       		.byte	0x1
 331 0027 06       		.byte	0x6
 332 0028 F6010000 		.4byte	.LASF0
 333 002c 02       		.uleb128 0x2
 334 002d 01       		.byte	0x1
 335 002e 08       		.byte	0x8
 336 002f 3D010000 		.4byte	.LASF1
 337 0033 02       		.uleb128 0x2
 338 0034 02       		.byte	0x2
 339 0035 05       		.byte	0x5
 340 0036 C4010000 		.4byte	.LASF2
 341 003a 02       		.uleb128 0x2
 342 003b 02       		.byte	0x2
 343 003c 07       		.byte	0x7
 344 003d 2A010000 		.4byte	.LASF3
 345 0041 02       		.uleb128 0x2
 346 0042 04       		.byte	0x4
 347 0043 05       		.byte	0x5
 348 0044 ED010000 		.4byte	.LASF4
 349 0048 02       		.uleb128 0x2
 350 0049 04       		.byte	0x4
 351 004a 07       		.byte	0x7
 352 004b 18010000 		.4byte	.LASF5
 353 004f 02       		.uleb128 0x2
 354 0050 08       		.byte	0x8
 355 0051 05       		.byte	0x5
 356 0052 B1010000 		.4byte	.LASF6
 357 0056 02       		.uleb128 0x2
 358 0057 08       		.byte	0x8
 359 0058 07       		.byte	0x7
 360 0059 95010000 		.4byte	.LASF7
 361 005d 03       		.uleb128 0x3
 362 005e 04       		.byte	0x4
 363 005f 05       		.byte	0x5
 364 0060 696E7400 		.ascii	"int\000"
 365 0064 02       		.uleb128 0x2
 366 0065 04       		.byte	0x4
 367 0066 07       		.byte	0x7
 368 0067 52010000 		.4byte	.LASF8
 369 006b 04       		.uleb128 0x4
 370 006c E7010000 		.4byte	.LASF12
 371 0070 02       		.byte	0x2
 372 0071 9201     		.2byte	0x192
 373 0073 2C000000 		.4byte	0x2c
 374 0077 02       		.uleb128 0x2
 375 0078 04       		.byte	0x4
 376 0079 04       		.byte	0x4
 377 007a 11000000 		.4byte	.LASF9
 378 007e 02       		.uleb128 0x2
 379 007f 08       		.byte	0x8
 380 0080 04       		.byte	0x4
 381 0081 4B010000 		.4byte	.LASF10
 382 0085 02       		.uleb128 0x2
ARM GAS  C:\Users\Luggi\AppData\Local\Temp\cc0sjs0u.s 			page 20


 383 0086 01       		.byte	0x1
 384 0087 08       		.byte	0x8
 385 0088 BF010000 		.4byte	.LASF11
 386 008c 04       		.uleb128 0x4
 387 008d 13010000 		.4byte	.LASF13
 388 0091 02       		.byte	0x2
 389 0092 3C02     		.2byte	0x23c
 390 0094 98000000 		.4byte	0x98
 391 0098 05       		.uleb128 0x5
 392 0099 6B000000 		.4byte	0x6b
 393 009d 06       		.uleb128 0x6
 394 009e 02020000 		.4byte	.LASF14
 395 00a2 01       		.byte	0x1
 396 00a3 39       		.byte	0x39
 397 00a4 00000000 		.4byte	.LFB0
 398 00a8 18000000 		.4byte	.LFE0-.LFB0
 399 00ac 01       		.uleb128 0x1
 400 00ad 9C       		.byte	0x9c
 401 00ae CF000000 		.4byte	0xcf
 402 00b2 07       		.uleb128 0x7
 403 00b3 00000000 		.4byte	.LASF16
 404 00b7 01       		.byte	0x1
 405 00b8 39       		.byte	0x39
 406 00b9 6B000000 		.4byte	0x6b
 407 00bd 00000000 		.4byte	.LLST0
 408 00c1 08       		.uleb128 0x8
 409 00c2 06000000 		.4byte	.LASF23
 410 00c6 01       		.byte	0x1
 411 00c7 3B       		.byte	0x3b
 412 00c8 6B000000 		.4byte	0x6b
 413 00cc 01       		.uleb128 0x1
 414 00cd 53       		.byte	0x53
 415 00ce 00       		.byte	0
 416 00cf 06       		.uleb128 0x6
 417 00d0 CE010000 		.4byte	.LASF15
 418 00d4 01       		.byte	0x1
 419 00d5 5A       		.byte	0x5a
 420 00d6 00000000 		.4byte	.LFB1
 421 00da 18000000 		.4byte	.LFE1-.LFB1
 422 00de 01       		.uleb128 0x1
 423 00df 9C       		.byte	0x9c
 424 00e0 F4000000 		.4byte	0xf4
 425 00e4 07       		.uleb128 0x7
 426 00e5 AC010000 		.4byte	.LASF17
 427 00e9 01       		.byte	0x1
 428 00ea 5A       		.byte	0x5a
 429 00eb 6B000000 		.4byte	0x6b
 430 00ef 21000000 		.4byte	.LLST1
 431 00f3 00       		.byte	0
 432 00f4 09       		.uleb128 0x9
 433 00f5 84010000 		.4byte	.LASF18
 434 00f9 01       		.byte	0x1
 435 00fa 71       		.byte	0x71
 436 00fb 6B000000 		.4byte	0x6b
 437 00ff 00000000 		.4byte	.LFB2
 438 0103 10000000 		.4byte	.LFE2-.LFB2
 439 0107 01       		.uleb128 0x1
ARM GAS  C:\Users\Luggi\AppData\Local\Temp\cc0sjs0u.s 			page 21


 440 0108 9C       		.byte	0x9c
 441 0109 09       		.uleb128 0x9
 442 010a 17000000 		.4byte	.LASF19
 443 010e 01       		.byte	0x1
 444 010f 8D       		.byte	0x8d
 445 0110 6B000000 		.4byte	0x6b
 446 0114 00000000 		.4byte	.LFB3
 447 0118 10000000 		.4byte	.LFE3-.LFB3
 448 011c 01       		.uleb128 0x1
 449 011d 9C       		.byte	0x9c
 450 011e 00       		.byte	0
 451              		.section	.debug_abbrev,"",%progbits
 452              	.Ldebug_abbrev0:
 453 0000 01       		.uleb128 0x1
 454 0001 11       		.uleb128 0x11
 455 0002 01       		.byte	0x1
 456 0003 25       		.uleb128 0x25
 457 0004 0E       		.uleb128 0xe
 458 0005 13       		.uleb128 0x13
 459 0006 0B       		.uleb128 0xb
 460 0007 03       		.uleb128 0x3
 461 0008 0E       		.uleb128 0xe
 462 0009 1B       		.uleb128 0x1b
 463 000a 0E       		.uleb128 0xe
 464 000b 55       		.uleb128 0x55
 465 000c 17       		.uleb128 0x17
 466 000d 11       		.uleb128 0x11
 467 000e 01       		.uleb128 0x1
 468 000f 10       		.uleb128 0x10
 469 0010 17       		.uleb128 0x17
 470 0011 00       		.byte	0
 471 0012 00       		.byte	0
 472 0013 02       		.uleb128 0x2
 473 0014 24       		.uleb128 0x24
 474 0015 00       		.byte	0
 475 0016 0B       		.uleb128 0xb
 476 0017 0B       		.uleb128 0xb
 477 0018 3E       		.uleb128 0x3e
 478 0019 0B       		.uleb128 0xb
 479 001a 03       		.uleb128 0x3
 480 001b 0E       		.uleb128 0xe
 481 001c 00       		.byte	0
 482 001d 00       		.byte	0
 483 001e 03       		.uleb128 0x3
 484 001f 24       		.uleb128 0x24
 485 0020 00       		.byte	0
 486 0021 0B       		.uleb128 0xb
 487 0022 0B       		.uleb128 0xb
 488 0023 3E       		.uleb128 0x3e
 489 0024 0B       		.uleb128 0xb
 490 0025 03       		.uleb128 0x3
 491 0026 08       		.uleb128 0x8
 492 0027 00       		.byte	0
 493 0028 00       		.byte	0
 494 0029 04       		.uleb128 0x4
 495 002a 16       		.uleb128 0x16
 496 002b 00       		.byte	0
ARM GAS  C:\Users\Luggi\AppData\Local\Temp\cc0sjs0u.s 			page 22


 497 002c 03       		.uleb128 0x3
 498 002d 0E       		.uleb128 0xe
 499 002e 3A       		.uleb128 0x3a
 500 002f 0B       		.uleb128 0xb
 501 0030 3B       		.uleb128 0x3b
 502 0031 05       		.uleb128 0x5
 503 0032 49       		.uleb128 0x49
 504 0033 13       		.uleb128 0x13
 505 0034 00       		.byte	0
 506 0035 00       		.byte	0
 507 0036 05       		.uleb128 0x5
 508 0037 35       		.uleb128 0x35
 509 0038 00       		.byte	0
 510 0039 49       		.uleb128 0x49
 511 003a 13       		.uleb128 0x13
 512 003b 00       		.byte	0
 513 003c 00       		.byte	0
 514 003d 06       		.uleb128 0x6
 515 003e 2E       		.uleb128 0x2e
 516 003f 01       		.byte	0x1
 517 0040 3F       		.uleb128 0x3f
 518 0041 19       		.uleb128 0x19
 519 0042 03       		.uleb128 0x3
 520 0043 0E       		.uleb128 0xe
 521 0044 3A       		.uleb128 0x3a
 522 0045 0B       		.uleb128 0xb
 523 0046 3B       		.uleb128 0x3b
 524 0047 0B       		.uleb128 0xb
 525 0048 27       		.uleb128 0x27
 526 0049 19       		.uleb128 0x19
 527 004a 11       		.uleb128 0x11
 528 004b 01       		.uleb128 0x1
 529 004c 12       		.uleb128 0x12
 530 004d 06       		.uleb128 0x6
 531 004e 40       		.uleb128 0x40
 532 004f 18       		.uleb128 0x18
 533 0050 9742     		.uleb128 0x2117
 534 0052 19       		.uleb128 0x19
 535 0053 01       		.uleb128 0x1
 536 0054 13       		.uleb128 0x13
 537 0055 00       		.byte	0
 538 0056 00       		.byte	0
 539 0057 07       		.uleb128 0x7
 540 0058 05       		.uleb128 0x5
 541 0059 00       		.byte	0
 542 005a 03       		.uleb128 0x3
 543 005b 0E       		.uleb128 0xe
 544 005c 3A       		.uleb128 0x3a
 545 005d 0B       		.uleb128 0xb
 546 005e 3B       		.uleb128 0x3b
 547 005f 0B       		.uleb128 0xb
 548 0060 49       		.uleb128 0x49
 549 0061 13       		.uleb128 0x13
 550 0062 02       		.uleb128 0x2
 551 0063 17       		.uleb128 0x17
 552 0064 00       		.byte	0
 553 0065 00       		.byte	0
ARM GAS  C:\Users\Luggi\AppData\Local\Temp\cc0sjs0u.s 			page 23


 554 0066 08       		.uleb128 0x8
 555 0067 34       		.uleb128 0x34
 556 0068 00       		.byte	0
 557 0069 03       		.uleb128 0x3
 558 006a 0E       		.uleb128 0xe
 559 006b 3A       		.uleb128 0x3a
 560 006c 0B       		.uleb128 0xb
 561 006d 3B       		.uleb128 0x3b
 562 006e 0B       		.uleb128 0xb
 563 006f 49       		.uleb128 0x49
 564 0070 13       		.uleb128 0x13
 565 0071 02       		.uleb128 0x2
 566 0072 18       		.uleb128 0x18
 567 0073 00       		.byte	0
 568 0074 00       		.byte	0
 569 0075 09       		.uleb128 0x9
 570 0076 2E       		.uleb128 0x2e
 571 0077 00       		.byte	0
 572 0078 3F       		.uleb128 0x3f
 573 0079 19       		.uleb128 0x19
 574 007a 03       		.uleb128 0x3
 575 007b 0E       		.uleb128 0xe
 576 007c 3A       		.uleb128 0x3a
 577 007d 0B       		.uleb128 0xb
 578 007e 3B       		.uleb128 0x3b
 579 007f 0B       		.uleb128 0xb
 580 0080 27       		.uleb128 0x27
 581 0081 19       		.uleb128 0x19
 582 0082 49       		.uleb128 0x49
 583 0083 13       		.uleb128 0x13
 584 0084 11       		.uleb128 0x11
 585 0085 01       		.uleb128 0x1
 586 0086 12       		.uleb128 0x12
 587 0087 06       		.uleb128 0x6
 588 0088 40       		.uleb128 0x40
 589 0089 18       		.uleb128 0x18
 590 008a 9742     		.uleb128 0x2117
 591 008c 19       		.uleb128 0x19
 592 008d 00       		.byte	0
 593 008e 00       		.byte	0
 594 008f 00       		.byte	0
 595              		.section	.debug_loc,"",%progbits
 596              	.Ldebug_loc0:
 597              	.LLST0:
 598 0000 00000000 		.4byte	.LVL0
 599 0004 0A000000 		.4byte	.LVL2
 600 0008 0100     		.2byte	0x1
 601 000a 50       		.byte	0x50
 602 000b 0A000000 		.4byte	.LVL2
 603 000f 18000000 		.4byte	.LFE0
 604 0013 0400     		.2byte	0x4
 605 0015 F3       		.byte	0xf3
 606 0016 01       		.uleb128 0x1
 607 0017 50       		.byte	0x50
 608 0018 9F       		.byte	0x9f
 609 0019 00000000 		.4byte	0
 610 001d 00000000 		.4byte	0
ARM GAS  C:\Users\Luggi\AppData\Local\Temp\cc0sjs0u.s 			page 24


 611              	.LLST1:
 612 0021 00000000 		.4byte	.LVL3
 613 0025 0C000000 		.4byte	.LVL4
 614 0029 0100     		.2byte	0x1
 615 002b 50       		.byte	0x50
 616 002c 0C000000 		.4byte	.LVL4
 617 0030 18000000 		.4byte	.LFE1
 618 0034 0400     		.2byte	0x4
 619 0036 F3       		.byte	0xf3
 620 0037 01       		.uleb128 0x1
 621 0038 50       		.byte	0x50
 622 0039 9F       		.byte	0x9f
 623 003a 00000000 		.4byte	0
 624 003e 00000000 		.4byte	0
 625              		.section	.debug_aranges,"",%progbits
 626 0000 34000000 		.4byte	0x34
 627 0004 0200     		.2byte	0x2
 628 0006 00000000 		.4byte	.Ldebug_info0
 629 000a 04       		.byte	0x4
 630 000b 00       		.byte	0
 631 000c 0000     		.2byte	0
 632 000e 0000     		.2byte	0
 633 0010 00000000 		.4byte	.LFB0
 634 0014 18000000 		.4byte	.LFE0-.LFB0
 635 0018 00000000 		.4byte	.LFB1
 636 001c 18000000 		.4byte	.LFE1-.LFB1
 637 0020 00000000 		.4byte	.LFB2
 638 0024 10000000 		.4byte	.LFE2-.LFB2
 639 0028 00000000 		.4byte	.LFB3
 640 002c 10000000 		.4byte	.LFE3-.LFB3
 641 0030 00000000 		.4byte	0
 642 0034 00000000 		.4byte	0
 643              		.section	.debug_ranges,"",%progbits
 644              	.Ldebug_ranges0:
 645 0000 00000000 		.4byte	.LFB0
 646 0004 18000000 		.4byte	.LFE0
 647 0008 00000000 		.4byte	.LFB1
 648 000c 18000000 		.4byte	.LFE1
 649 0010 00000000 		.4byte	.LFB2
 650 0014 10000000 		.4byte	.LFE2
 651 0018 00000000 		.4byte	.LFB3
 652 001c 10000000 		.4byte	.LFE3
 653 0020 00000000 		.4byte	0
 654 0024 00000000 		.4byte	0
 655              		.section	.debug_line,"",%progbits
 656              	.Ldebug_line0:
 657 0000 94000000 		.section	.debug_str,"MS",%progbits,1
 657      02004800 
 657      00000201 
 657      FB0E0D00 
 657      01010101 
 658              	.LASF16:
 659 0000 76616C75 		.ascii	"value\000"
 659      6500
 660              	.LASF23:
 661 0006 73746174 		.ascii	"staticBits\000"
 661      69634269 
ARM GAS  C:\Users\Luggi\AppData\Local\Temp\cc0sjs0u.s 			page 25


 661      747300
 662              	.LASF9:
 663 0011 666C6F61 		.ascii	"float\000"
 663      7400
 664              	.LASF19:
 665 0017 4441435F 		.ascii	"DAC_PGA_OUT_ReadDataReg\000"
 665      5047415F 
 665      4F55545F 
 665      52656164 
 665      44617461 
 666              	.LASF22:
 667 002f 433A5C55 		.ascii	"C:\\Users\\Luggi\\Documents\\GitHub\\laserschutzsch"
 667      73657273 
 667      5C4C7567 
 667      67695C44 
 667      6F63756D 
 668 005d 616C7475 		.ascii	"altung\\Laserschutzschaltung.cydsn\000"
 668      6E675C4C 
 668      61736572 
 668      73636875 
 668      747A7363 
 669              	.LASF20:
 670 007f 474E5520 		.ascii	"GNU C 4.9.3 20150303 (release) [ARM/embedded-4_9-br"
 670      4320342E 
 670      392E3320 
 670      32303135 
 670      30333033 
 671 00b2 616E6368 		.ascii	"anch revision 221220] -mcpu=cortex-m3 -mthumb -g -O"
 671      20726576 
 671      6973696F 
 671      6E203232 
 671      31323230 
 672 00e5 67202D66 		.ascii	"g -ffunction-sections -flto -ffat-lto-objects\000"
 672      66756E63 
 672      74696F6E 
 672      2D736563 
 672      74696F6E 
 673              	.LASF13:
 674 0113 72656738 		.ascii	"reg8\000"
 674      00
 675              	.LASF5:
 676 0118 6C6F6E67 		.ascii	"long unsigned int\000"
 676      20756E73 
 676      69676E65 
 676      6420696E 
 676      7400
 677              	.LASF3:
 678 012a 73686F72 		.ascii	"short unsigned int\000"
 678      7420756E 
 678      7369676E 
 678      65642069 
 678      6E7400
 679              	.LASF1:
 680 013d 756E7369 		.ascii	"unsigned char\000"
 680      676E6564 
 680      20636861 
 680      7200
ARM GAS  C:\Users\Luggi\AppData\Local\Temp\cc0sjs0u.s 			page 26


 681              	.LASF10:
 682 014b 646F7562 		.ascii	"double\000"
 682      6C6500
 683              	.LASF8:
 684 0152 756E7369 		.ascii	"unsigned int\000"
 684      676E6564 
 684      20696E74 
 684      00
 685              	.LASF21:
 686 015f 47656E65 		.ascii	"Generated_Source\\PSoC5\\DAC_PGA_OUT.c\000"
 686      72617465 
 686      645F536F 
 686      75726365 
 686      5C50536F 
 687              	.LASF18:
 688 0184 4441435F 		.ascii	"DAC_PGA_OUT_Read\000"
 688      5047415F 
 688      4F55545F 
 688      52656164 
 688      00
 689              	.LASF7:
 690 0195 6C6F6E67 		.ascii	"long long unsigned int\000"
 690      206C6F6E 
 690      6720756E 
 690      7369676E 
 690      65642069 
 691              	.LASF17:
 692 01ac 6D6F6465 		.ascii	"mode\000"
 692      00
 693              	.LASF6:
 694 01b1 6C6F6E67 		.ascii	"long long int\000"
 694      206C6F6E 
 694      6720696E 
 694      7400
 695              	.LASF11:
 696 01bf 63686172 		.ascii	"char\000"
 696      00
 697              	.LASF2:
 698 01c4 73686F72 		.ascii	"short int\000"
 698      7420696E 
 698      7400
 699              	.LASF15:
 700 01ce 4441435F 		.ascii	"DAC_PGA_OUT_SetDriveMode\000"
 700      5047415F 
 700      4F55545F 
 700      53657444 
 700      72697665 
 701              	.LASF12:
 702 01e7 75696E74 		.ascii	"uint8\000"
 702      3800
 703              	.LASF4:
 704 01ed 6C6F6E67 		.ascii	"long int\000"
 704      20696E74 
 704      00
 705              	.LASF0:
 706 01f6 7369676E 		.ascii	"signed char\000"
 706      65642063 
ARM GAS  C:\Users\Luggi\AppData\Local\Temp\cc0sjs0u.s 			page 27


 706      68617200 
 707              	.LASF14:
 708 0202 4441435F 		.ascii	"DAC_PGA_OUT_Write\000"
 708      5047415F 
 708      4F55545F 
 708      57726974 
 708      6500
 709              		.comm	__gnu_lto_v1,1,1
 710              		.ident	"GCC: (GNU Tools for ARM Embedded Processors) 4.9.3 20150303 (release) [ARM/embedded-4_9-br
