ARM GAS  C:\Users\Luggi\AppData\Local\Temp\ccVuXojY.s 			page 1


   1              		.syntax unified
   2              		.cpu cortex-m3
   3              		.fpu softvfp
   4              		.eabi_attribute 20, 1
   5              		.eabi_attribute 21, 1
   6              		.eabi_attribute 23, 3
   7              		.eabi_attribute 24, 1
   8              		.eabi_attribute 25, 1
   9              		.eabi_attribute 26, 1
  10              		.eabi_attribute 30, 1
  11              		.eabi_attribute 34, 1
  12              		.eabi_attribute 18, 4
  13              		.thumb
  14              		.file	"Diode_Seedseite.c"
  15              		.text
  16              	.Ltext0:
  17              		.section	.gnu.lto_.profile.304b303b,"",%progbits
  18 0000 789C6366 		.ascii	"x\234cf```a\200\000F\0061!\000\000\262\0001"
  18      60606061 
  18      80004606 
  18      31210000 
  18      B20031
  19              		.text
  20              		.section	.gnu.lto_.inline.304b303b,"",%progbits
  21 0000 789C6366 		.ascii	"x\234cf\300\016\022\2404\013\003\003\007;##\003#\003"
  21      C00E12A0 
  21      340B0303 
  21      073B2323 
  21      032303
  22 0013 0333C701 		.ascii	"\0033\307\001;\006\266\005\362L\014L\027\370Y@\222\214"
  22      3B06B605 
  22      F24C0C4C 
  22      17F85940 
  22      928C
  23 0025 78E49818 		.ascii	"x\344\230\030XY\030\031\230X\026\310C\304\201\200\031"
  23      58591819 
  23      985816C8 
  23      43C48180 
  23      19
  24 0036 53880100 		.ascii	"S\210\001\000\322\320\011("
  24      D2D00928 
  25              		.text
  26              		.section	.gnu.lto_.jmpfuncs.304b303b,"",%progbits
  27 0000 789C6366 		.ascii	"x\234cf\300\016\204\2404\013\003##c=#\210`b``\006\212"
  27      C00E84A0 
  27      340B0323 
  27      23633D23 
  27      88606260 
  28 0017 00000DC0 		.ascii	"\000\000\015\300\001$"
  28      0124
  29              		.text
  30              		.section	.gnu.lto_.pureconst.304b303b,"",%progbits
  31 0000 789C6366 		.ascii	"x\234cf``\340d\200\000\026\006)F)&)f)\000\002\305\000"
  31      6060E064 
  31      80001606 
  31      29462926 
  31      29662900 
ARM GAS  C:\Users\Luggi\AppData\Local\Temp\ccVuXojY.s 			page 2


  32 0017 7F       		.ascii	"\177"
  33              		.text
  34              		.section	.gnu.lto_Diode_Seedseite_Write.304b303b,"",%progbits
  35 0000 789C6591 		.ascii	"x\234e\221Oh\023A\024\306\3377\263\233\246\266X\361"
  35      4F681341 
  35      14C6DF37 
  35      B39BA6B6 
  35      58F1
  36 0012 986B2925 		.ascii	"\230k)%P<\010\336<\210\026\274\026r\015\224\220\314"
  36      503C08DE 
  36      3C8816BC 
  36      16720D94 
  36      90CC
  37 0024 21501A68 		.ascii	"!P\032h\266^3k\203\005Ahb\245\242\264X\245\177\243\375"
  37      B65E336B 
  37      83054168 
  37      62A5A2B4 
  37      58A57FA3 
  38 0039 93967A12 		.ascii	"\223\226z\022\326\222\223\242%\007\025\202V\013Q\364"
  38      D69293A2 
  38      25071582 
  38      560B51F4 
  39 0049 66A9586B 		.ascii	"f\251Xk0\361\315\256\007K\007fg\366\361\375\336\373"
  39      30F1CDAE 
  39      074B0766 
  39      67F6F1FD 
  39      DEFB
  40 005b DE1B4927 		.ascii	"\336\033I'W\204w\023D\027\371\204$\210\211\327DnX\000"
  40      57847713 
  40      4417F984 
  40      248889D7 
  40      446E5800 
  41 006f E642A09C 		.ascii	"\346B\240\234@\016\337\304\276\300\204W\272\333\321"
  41      400EDFC4 
  41      BEC08457 
  41      BADBD1
  42 007e 3BA7B5FE 		.ascii	";\247\265\376^\334q\007<\034\011\242\003\021\344\301"
  42      5EDC7107 
  42      3C1C09A2 
  42      0311E4C1 
  43 008e 027A5973 		.ascii	"\002zYsP\322\223R\366\201\370\276V}\325l\353y\244\365"
  43      50D29352 
  43      F681F8BE 
  43      567DD56C 
  43      EB79A4F5 
  44 00a2 75EFC58A 		.ascii	"u\357\305\212\276\304r`\021\222\011\364E\020\215\020"
  44      BEC47260 
  44      119209F4 
  44      45108D10 
  45 00b2 07084BE8 		.ascii	"\007\010K\3501\342\362\255\312\226\220\347}p\366\345"
  45      31E2F2AD 
  45      CA9690E7 
  45      7D70F6E5 
  46 00c2 5EA5B37B 		.ascii	"^\245\263{\226\301O\215\255\270\347>\320\315V\313\307"
  46      96C14F8D 
  46      ADB8E73E 
  46      D0CD56CB 
ARM GAS  C:\Users\Luggi\AppData\Local\Temp\ccVuXojY.s 			page 3


  46      C7
  47 00d3 97FFC783 		.ascii	"\227\377\307\203\305\372\375\374\237w\035\241<\033;"
  47      C5FAFDFC 
  47      9F771DA1 
  47      3C1B3B
  48 00e2 8312BA03 		.ascii	"\203\022\272\003Ox\214\020\367\005\023Y=\353\351Vk\343"
  48      4F788C10 
  48      F7051359 
  48      3DEBE956 
  48      6BE3
  49 00f4 D9F3DF08 		.ascii	"\331\363\337\010\013.+\270Q\016[0\325m\023\010\231\017"
  49      0B2E2BB8 
  49      510E5B30 
  49      D56D1308 
  49      990F
  50 0106 519DB7E9 		.ascii	"Q\235\267\351\3733\377\360)k\330\376ysw\252\315$;\024"
  50      FB33FFF0 
  50      296BD8FE 
  50      797377AA 
  50      CD243B14 
  51 011a 66086FA6 		.ascii	"f\010o\246\236\336\351\374*\216\204\364\036\272\332"
  51      9EDEE9FC 
  51      2A8E84F4 
  51      1EBADA
  52 0129 32E53FD6 		.ascii	"2\345?\326w\252a?\344\273\331\3730~\273}\032\367\335"
  52      77AA613F 
  52      E4BBD9FB 
  52      307EBB7D 
  52      1AF7DD
  53 013c 3C5BB6F0 		.ascii	"<[\266\360\004\021\254\200\335b\025\323\240\032\306"
  53      0411AC80 
  53      DD6215D3 
  53      A01AC6
  54 014b 7EDD788F 		.ascii	"~\335x\217 \241\014r\026\012\2333\247M\002\360K`\215"
  54      20A10C72 
  54      160A9B33 
  54      A74D02F0 
  54      4B608D
  55 015e C56F217C 		.ascii	"\305o!|\377l\222U\001\364e\374\237\015\373PXLU\357\315"
  55      FF6C9255 
  55      01F465FC 
  55      9F0DFB50 
  55      584C55EF 
  56 0173 8F7519CA 		.ascii	"\217u\031\312bh\235!V\375\010\005\222@e\300\355\242"
  56      62689D21 
  56      56FD0805 
  56      924065C0 
  56      EDA2
  57 0185 5FEB982F 		.ascii	"_\353\230/\327\263\217;+\2633\206h\027\256\327\260\215"
  57      D7B38F3B 
  57      2BB33386 
  57      6817AED7 
  57      B08D
  58 0197 DE4CB6CE 		.ascii	"\336L\266\316\317\303C\340\221D\257\252a5\222pTj0\226"
  58      CFC343E0 
  58      9144AFAA 
  58      61359270 
ARM GAS  C:\Users\Luggi\AppData\Local\Temp\ccVuXojY.s 			page 4


  58      546A3096 
  59 01ab 191D49AA 		.ascii	"\031\035I\252\370@,s\345B\274?\235I\251\301\230R\251"
  59      F8402C73 
  59      E542BC3F 
  59      9D49A9C1 
  59      9852A9
  60 01be AC4A3BEA 		.ascii	"\254J;\352\\\222\354k\211\241Qu*\353$\234t\362r\332"
  60      5C92EC6B 
  60      89A15175 
  60      2AEB249C 
  60      74F272DA 
  61 01d2 C9FE05CF 		.ascii	"\311\376\005\317N\302\270"
  61      4EC2B8
  62              		.text
  63              		.section	.gnu.lto_Diode_Seedseite_SetDriveMode.304b303b,"",%progbits
  64 0000 789C7D51 		.ascii	"x\234}QM(\204Q\024\275\347\275o~4HV\232\275\244\204"
  64      4D288451 
  64      14BDE7BD 
  64      6F7E3448 
  64      569ABDA4 
  65 0015 8DBD22B6 		.ascii	"\215\275\"\266j\266J2oa\301\224\237\265o\030\033\033"
  65      6AB64A32 
  65      6F61C194 
  65      9FB56F18 
  65      1B1B
  66 0027 3F0B2929 		.ascii	"?\013))\221\374\017ea;\311N\021\033Q\330\214\337\"\023"
  66      91FC0F65 
  66      613BC94E 
  66      111B51D8 
  66      8CDF2213 
  67 003b 6142E3BC 		.ascii	"aB\343\274o,\246\224\327\367\356\273\347t\317\371\356"
  67      6F2CA694 
  67      D7F7EEBB 
  67      E774CFF9 
  67      EE
  68 004c BB4FCBDF 		.ascii	"\273O\313\337\025\346~\200H=Oh\201\2328\024\211\007"
  68      15E67E80 
  68      483D4F68 
  68      819A3814 
  68      8907
  69 005e 15601381 		.ascii	"\025`\023\201\014)\014\341^e\024&R\3533\241\252%\327"
  69      0C290CE1 
  69      5E651426 
  69      52EB33A1 
  69      AA25D7
  70 0071 759F1776 		.ascii	"u\237\027v+F+\262J\344E\345m\260\214*\226\334f\357\227"
  70      2B462BB2 
  70      4AE445E5 
  70      6DB08C2A 
  70      96DC66EF 
  71 0086 4B740D84 		.ascii	"Kt\015\204\371\367\344\351\211\252\\t\335\341\324Y\322"
  71      F9F7E4E9 
  71      89AA5C74 
  71      DDE1D459 
  71      D2
  72 0097 6D44969E 		.ascii	"mD\226\236+\320T\240&\214\352\260\220\020\254\242\322"
  72      2BD054A0 
ARM GAS  C:\Users\Luggi\AppData\Local\Temp\ccVuXojY.s 			page 5


  72      268CEAB0 
  72      9010ACA2 
  72      D2
  73 00a8 166712DF 		.ascii	"\026g\022\337\247!\177\202\336eyO\254\301\317\266d\253"
  73      A7217F82 
  73      DE65794F 
  73      ACC1CFB6 
  73      64AB
  74 00ba 3CE5E672 		.ascii	"<\345\346r/\027\223+u\010)j\224f\320\216\015>X\271\337"
  74      2F17932B 
  74      7508296A 
  74      9466D08E 
  74      0D3E58B9 
  75 00cf A6011B82 		.ascii	"\246\001\033\2026\024\331\032\2214\267\275\3015\001"
  75      3614D91A 
  75      9134B7BD 
  75      C13501
  76 00de 4F7D8EBD 		.ascii	"O}\216\275\267\261\233Y\307\372\276+{\235\257\361\334"
  76      B7B19B59 
  76      C7FABE2B 
  76      7B9DAFF1 
  76      DC
  77 00ef 66F19DCA 		.ascii	"f\361\235\312*g~>\356:\266\213\253\364\321q\320\243"
  77      2A677E3E 
  77      EE3AB68B 
  77      ABF4D171 
  77      D0A3
  78 0101 C4C2E983 		.ascii	"\304\302\351\203\344\"\3460\033O\260y\037\326\021\306"
  78      E422E630 
  78      1B4FB079 
  78      1FD611C6 
  79 0111 0638306C 		.ascii	"\00680l\222\225s\014_\006\362v\232\216\304#\037\376"
  79      9295730C 
  79      5F06F276 
  79      9A8EC423 
  79      1FFE
  80 0123 3C764851 		.ascii	"<vHQ\177\366\364|\340\331\351L\356wq\226IZ\024h\371"
  80      7FF6F47C 
  80      E0D9E94C 
  80      EE777196 
  80      495A1468 
  81 0138 F90AB501 		.ascii	"\371\012\265\001R\324\036\357<\356\373<m\251`\313\223"
  81      52D41EEF 
  81      3CEEFB3C 
  81      6DA960CB 
  81      93
  82 0149 8CBCFE96 		.ascii	"\214\274\376\226\004\275?\004\012]\212\310\022\357M"
  82      04BD3F04 
  82      0A5D8AC8 
  82      12EF4D
  83 0158 C1E2FF7A 		.ascii	"\301\342\377z\337&\313z\271D<\365\331b\253\355\373\245"
  83      DF26CB7A 
  83      B9443CF5 
  83      D962ABED 
  83      FBA5
  84 016a F9161C13 		.ascii	"\371\026\034\023\207V\335jzM_\347\200\211vDb\203}]\246"
  84      8756DD6A 
ARM GAS  C:\Users\Luggi\AppData\Local\Temp\ccVuXojY.s 			page 6


  84      7A4D5FE7 
  84      80897644 
  84      62837D5D 
  85 017f BD2D126B 		.ascii	"\275-\022kjho\356\216EMG\304\230h\277\351\0360\265]"
  85      6A686FEE 
  85      8E454D47 
  85      C49868BF 
  85      E91E30B5 
  86 0194 E2F490F9 		.ascii	"\342\364\220\371\001\331\202\273\013"
  86      01D982BB 
  86      0B
  87              		.text
  88              		.section	.gnu.lto_Diode_Seedseite_Read.304b303b,"",%progbits
  89 0000 789C6366 		.ascii	"x\234cf\300\004R@\374\007\210\265\201\230\221\231\201"
  89      C0045240 
  89      FC0788B5 
  89      81989199 
  89      81
  90 0011 9169C239 		.ascii	"\221i\3029\006\206F\016&FF\020\203\201\221\241\236\211"
  90      0686460E 
  90      26464610 
  90      838191A1 
  90      9E89
  91 0023 B19EF125 		.ascii	"\261\236\361%\323G&\3063;\377]fT_\332\320\320\364a\322"
  91      D34726C6 
  91      333BFF5D 
  91      66545FDA 
  91      D0D0F461 
  92 0038 DE3BDCAD 		.ascii	"\336;\334\255\022?\231\030\030>310\352H1j\202\314a\\"
  92      123F9918 
  92      183E3331 
  92      30EA4831 
  92      6A82CC61 
  93 004d CEA8CE00 		.ascii	"\316\250\316\000T\370\261\345\357un\266\226\206\206"
  93      54F8B1E5 
  93      EF756EB6 
  93      968686
  94 005c 0601903C 		.ascii	"\006\001\220<Pb\005#\033#\220^/t\240\341\377\377\315"
  94      50620523 
  94      1B23905E 
  94      2F74A0E1 
  94      FFFFCD
  95 006f 5F277658 		.ascii	"_'vX3\26201\374d\002\332\0102\204\341\011\220\000\331"
  95      33B23031 
  95      FC6402DA 
  95      083284E1 
  95      099000D9 
  96 0083 F7948909 		.ascii	"\367\224\211\011D3\337b<\364\255\353\336<+\220\306\357"
  96      4433DF62 
  96      3CF4ADEB 
  96      DE3C2B90 
  96      C6EF
  97 0095 4C20CB3F 		.ascii	"L \313?\355=7\231\371\005\323O&\246\203\213\032\033"
  97      ED3D3799 
  97      F905D34F 
  97      26A6838B 
  97      1A1B
ARM GAS  C:\Users\Luggi\AppData\Local\Temp\ccVuXojY.s 			page 7


  98 00a7 5840D6DC 		.ascii	"X@\326\334\177r\376\"\007X\210\001\304}\272\241\265"
  98      7F72FE22 
  98      07588801 
  98      C47DBAA1 
  98      B5
  99 00b8 8D6F2EE3 		.ascii	"\215o.\343\354\306\026\306\237L\314\214+\031\245\030"
  99      ECC616C6 
  99      9F4CCC8C 
  99      2B19A518 
 100 00c8 5731029D 		.ascii	"W1\002\235\305\270\232q.#\303-\306\346\037m:\020\363"
 100      C5B89A71 
 100      2E23C32D 
 100      C6E61F6D 
 100      3A10F3
 101 00db 9821465E 		.ascii	"\230!F^\234\265\254\231\037\244\037\350K\3065@\245\367"
 101      9CB5AC99 
 101      1FA41FE8 
 101      4BC63540 
 101      A5F7
 102 00ed 1819A10A 		.ascii	"\030\031\241\012\300Nb\0049\005h\266\246{j^jQbIjJ|p"
 102      C04E6204 
 102      390568B6 
 102      A67B6A5E 
 102      6A516249 
 103 0105 7E695172 		.ascii	"~iQrjL@p\276\263i\214Kf~Jj|pjjJqjfI\252^2\003\000\270"
 103      6A4C4070 
 103      BEB3698C 
 103      4B667E4A 
 103      6A7C706A 
 104 0125 3F688C   		.ascii	"?h\214"
 105              		.text
 106              		.section	.gnu.lto_Diode_Seedseite_ReadDataReg.304b303b,"",%progbits
 107 0000 789C6366 		.ascii	"x\234cf\300\004R@\374\007\210\265\201\230\221\231\201"
 107      C0045240 
 107      FC0788B5 
 107      81989199 
 107      81
 108 0011 9169C239 		.ascii	"\221i\3029\006\206F\016&FF\020\203\201\221\241\236\211"
 108      0686460E 
 108      26464610 
 108      838191A1 
 108      9E89
 109 0023 B19EF125 		.ascii	"\261\236\361%\323G&\3063;\377]fT_\332\320\320\364\341"
 109      D34726C6 
 109      333BFF5D 
 109      66545FDA 
 109      D0D0F4E1 
 110 0037 D2E53BDC 		.ascii	"\322\345;\334\255\022?\231\030\030>310\352H1j\202\314"
 110      AD123F99 
 110      18183E33 
 110      3130EA48 
 110      316A82CC 
 111 004b 615CCEA8 		.ascii	"a\\\316\250\316\000T\370\261\345\357un\266\226\206\206"
 111      CE0054F8 
 111      B1E5EF75 
 111      6EB69686 
 111      86
ARM GAS  C:\Users\Luggi\AppData\Local\Temp\ccVuXojY.s 			page 8


 112 005c 0601903C 		.ascii	"\006\001\220<Pb\005#\033#\220^/t\240\341\377\377\315"
 112      50620523 
 112      1B23905E 
 112      2F74A0E1 
 112      FFFFCD
 113 006f E7277568 		.ascii	"\347'uh1\26101\374d\002\332\0102\204\341\011\220\000"
 113      31B13031 
 113      FC6402DA 
 113      083284E1 
 113      099000
 114 0082 D9F79489 		.ascii	"\331\367\224\211\011D3\337b<\364\255\353\337J+\220\306"
 114      094433DF 
 114      623CF4AD 
 114      EBDF4A2B 
 114      90C6
 115 0094 EF4C20CB 		.ascii	"\357L \313\257N\337>\225\347\005\323O&\246\003\213\032"
 115      AF4EDF3E 
 115      95E705D3 
 115      4F26A603 
 115      8B1A
 116 00a6 1B5840D6 		.ascii	"\033X@\326\334\177r\376\"\007X\210\001\304}x\267}2\347"
 116      DC7F72FE 
 116      22075888 
 116      01C47D78 
 116      B77D32E7 
 117 00ba 5CC6D98D 		.ascii	"\\\306\331\215-\214?\231\230\031W2J1\256b\004:\213q"
 117      2D8C3F99 
 117      98195732 
 117      4A31AE62 
 117      043A8B71 
 118 00ce 35E35C46 		.ascii	"5\343\\F\206[\214\315?\332t \3461C\214\2748kY3?H?\320"
 118      865B8CCD 
 118      3FDA7420 
 118      E631438C 
 118      BC386B59 
 119 00e7 978C6B80 		.ascii	"\227\214k\200J\35712B\025\200\235\304\010r\012\320l"
 119      4AEF3132 
 119      4215809D 
 119      C408720A 
 119      D06C
 120 00f9 4DF7D4BC 		.ascii	"M\367\324\274\324\242\304\222\324\224\370\340\374\322"
 120      D4A2C492 
 120      D494F8E0 
 120      FCD2
 121 0107 A2E4D498 		.ascii	"\242\344\324\230\200\340|g\323\030\227\314\374\224\324"
 121      80E07C67 
 121      D31897CC 
 121      FC94D4
 122 0116 F8E0D4D4 		.ascii	"\370\340\324\324\224\342\324\314\222T\275d\006\000\355"
 122      94E2D4CC 
 122      9254BD64 
 122      0600ED
 123 0125 7868BB   		.ascii	"xh\273"
 124              		.text
 125              		.section	.gnu.lto_.symbol_nodes.304b303b,"",%progbits
 126 0000 789C6366 		.ascii	"x\234cf``pb\200\002&\206z\006\206\011\347\030\030\352"
 126      60607062 
ARM GAS  C:\Users\Luggi\AppData\Local\Temp\ccVuXojY.s 			page 9


 126      80022686 
 126      7A068609 
 126      E71818EA 
 127 0014 EB19A62D 		.ascii	"\353\031\246-\340``b\254gD\3413\3253\241\360\231\353"
 127      E0606062 
 127      AC6744E1 
 127      33D533A1 
 127      F099EB
 128 0027 9991F90C 		.ascii	"\231\221\371\014\0000N\020\276"
 128      00304E10 
 128      BE
 129              		.text
 130              		.section	.gnu.lto_.refs.304b303b,"",%progbits
 131 0000 789C6366 		.ascii	"x\234cf```d\200\002\000\000=\000\005"
 131      60606064 
 131      80020000 
 131      3D0005
 132              		.text
 133              		.section	.gnu.lto_.decls.304b303b,"",%progbits
 134 0000 789C8D52 		.ascii	"x\234\215R_H\223Q\024\277\347\273\237S\347\014\037J"
 134      5F489351 
 134      14BFE7BB 
 134      9F53E70C 
 134      1F4A
 135 0012 6309AD17 		.ascii	"c\011\255\027A\220\240\207\300\267\002\005})\304\021"
 135      4190A087 
 135      C0B70205 
 135      7D29C411 
 136 0022 3D28C870 		.ascii	"=(\310p\027\333\213\326\234\201O\335\346B\263P\261\242"
 136      17DB8BD6 
 136      9C814FDD 
 136      E642B350 
 136      B1A2
 137 0034 1564C2D4 		.ascii	"\025d\302\324J\363\377\2379\377m\303\210\221\375g\011"
 137      4AF3FF9F 
 137      39FF6DC3 
 137      8891FD67 
 137      09
 138 0045 D68B2694 		.ascii	"\326\213&\224E\304\244\022\203\352\353|w[\033kR\007"
 138      45C4A412 
 138      83EAEB7C 
 138      775B1B6B 
 138      5207
 139 0057 CEF7DD73 		.ascii	"\316\367\335s\357\371\375\316\357\334{(!$\013\010Q\320"
 139      EFF9FDCE 
 139      EFDC7B28 
 139      21240B08 
 139      51D0
 140 0069 8A28218B 		.ascii	"\212(!\213\030\247\240\227\221\230\311\350c\350\023"
 140      18A7A097 
 140      9198C9E8 
 140      63E813
 141 0078 E86E740F 		.ascii	"\350nt\017\371\333\306\342p\203\350\331\350\013\350"
 141      F9DBC6E2 
 141      7083E8D9 
 141      E80BE8
 142 0087 73917388 		.ascii	"s\221s\210\344$\232\312\251I\300\371\223`'\222`\335"
ARM GAS  C:\Users\Luggi\AppData\Local\Temp\ccVuXojY.s 			page 10


 142      E4249ACA 
 142      A949C0F9 
 142      93602792 
 142      60DD
 143 0099 116D3BD5 		.ascii	"\021m;\325s'\301x\376\201I\326\333\246\004\236\241\257"
 143      7327C178 
 143      FE8149D6 
 143      DBA6049E 
 143      A1AF
 144 00ab 4F323624 		.ascii	"O26$\330\2455\250\341Lg\300\251\301P\247\225\325p\331"
 144      D8A535A8 
 144      E14C67C0 
 144      A9C150A7 
 144      95D570D9 
 145 00bf DBDC9C46 		.ascii	"\333\334\234F%P\327.\347ZP[\320\3179o\341>\037\304("
 145      2550D72E 
 145      E75A505B 
 145      D0CF396F 
 145      E13E1FC4 
 146 00d4 CEF7CD5E 		.ascii	"\316\367\315^NEL\266V\204mK7\375T\204\212\212\223VV"
 146      4E454CB6 
 146      56846D4B 
 146      37FD5484 
 146      8A8A9356 
 147 00e9 AE7EA7A0 		.ascii	"\256~\247\240\315k\341\334\316C\235\234\356%P\240\207"
 147      CD6BE1DC 
 147      CE439D9C 
 147      EE2550A0 
 147      87
 148 00fa 7C3D8121 		.ascii	"|=\201!\310\3034\350\207\002\002\003\240\207\373\240"
 148      C8C334E8 
 148      87020203 
 148      A087FBA0 
 149 010a 273D5820 		.ascii	"'=X t;\370:\227s\031\006A\013\367\200\212\014lC\255"
 149      743BF83A 
 149      97731906 
 149      410BF780 
 149      8A0C6C43 
 150 011f 1029DA71 		.ascii	"\020)\332q\301\337!\313\022n\2529\025B\3557e\255W\312"
 150      C1DF21CB 
 150      126EAA39 
 150      1542ED37 
 150      65AD57CA 
 151 0133 B98604BC 		.ascii	"\271\206\004\274\243\211g\311P\226\015w\220\366.\322"
 151      A38967C9 
 151      50960D77 
 151      90F62ED2 
 152 0143 1218811C 		.ascii	"\022\030\201\034\374\016\203\034&\010\274\015\014g\320"
 152      FC0E831C 
 152      2608BC0D 
 152      0C67D0
 153 0152 43A2B59F 		.ascii	"C\242\265\237\317?\016\200\241\213w\217\204\332]]\364"
 153      CF3F0E80 
 153      A18B778F 
 153      84DA5D5D 
 153      F4
 154 0163 06EFB6F3 		.ascii	"\006\357\266\363_\012\312WA0\372G\000Q\327\341\033\035"
ARM GAS  C:\Users\Luggi\AppData\Local\Temp\ccVuXojY.s 			page 11


 154      5F0ACA57 
 154      4130FA47 
 154      0051D7E1 
 154      1B1D
 155 0175 03030217 		.ascii	"\003\003\002\027_>\013\350\350\031A\362\352\235c5E\220"
 155      5F3E0BE8 
 155      E81941F2 
 155      EA9D6335 
 155      4590
 156 0187 74CFB834 		.ascii	"t\317\2704\001\356S\224#\002?\036\207\037\217\342'\004"
 156      01EE5394 
 156      23023F1E 
 156      871F8FE2 
 156      2704
 157 0199 FEA26384 		.ascii	"\376\242c\204\306\013V{\211)\236\024\212+\"\202\235"
 157      C60B567B 
 157      89299E14 
 157      8A2B2282 
 157      9D
 158 01aa 9F1EBDCF 		.ascii	"\237\036\275\317\244m \212]\231|\370E\022\305V?\254"
 158      A46D208A 
 158      5D997CF8 
 158      4512C556 
 158      3FAC
 159 01bc 339F83FF 		.ascii	"3\237\203\377P\024*\0200\025Wn*Z\316-\312\315\177~0"
 159      50142A10 
 159      3015576E 
 159      2A5ACE2D 
 159      CACD7F7E 
 160 01d1 9A4E5D61 		.ascii	"\232N]a\212\307s[}\251a\275\267z\243zU\202\3518\202"
 160      8AC7735B 
 160      7DA961BD 
 160      B77AA37A 
 160      5582E938 
 161 01e6 E9288147 		.ascii	"\351(\201G\020\360\353\227z\322\2507L0\271\325\352\311"
 161      10F0EB97 
 161      7AD2A837 
 161      4C30B9D5 
 161      EAC9
 162 01f8 D4E2B336 		.ascii	"\324\342\2636\375\307\263\342 \004\237\266.\247\207"
 162      FDC7B3E2 
 162      20049FB6 
 162      2EA787
 163 0207 07211131 		.ascii	"\007!\0211\277\343 l\257\227:\370Q\230\303\213\231\211"
 163      BFE3206C 
 163      AF973AF8 
 163      5198C38B 
 163      9989
 164 0219 0DC22CC4 		.ascii	"\015\302,\304&!\270d\177Cu\255\352t\341%\246\227\212"
 164      2621B864 
 164      7F4375AD 
 164      EA74E125 
 164      A6978A
 165 022c DCD8252E 		.ascii	"\334\330%.\200N4\200\377M\211\016\275\360vI\240\327"
 165      804E3480 
 165      FF4D890E 
 165      BDF07649 
ARM GAS  C:\Users\Luggi\AppData\Local\Temp\ccVuXojY.s 			page 12


 165      A0D7
 166 023e 6B9D38C5 		.ascii	"k\2358\305\333\373\301\217D\352\322\267\241(\347\224"
 166      DBFBC18F 
 166      44EAD2B7 
 166      A128E794 
 167 024e B0B5A78A 		.ascii	"\260\265\247\212\355\026\365YB\3668\231D\354\023\360"
 167      ED16F559 
 167      42F63899 
 167      44EC13F0 
 168 025e 21B917C9 		.ascii	"!\271\027\311E\230\322`\251\265\025jJ\216\2370\024\221"
 168      4598D260 
 168      A9B5156A 
 168      4A8E9F30 
 168      1491
 169 0270 0325AC96 		.ascii	"\003%\254\226YM6f\2562\3265X\253Ye\231\261\256\350p"
 169      594D3666 
 169      AE32D635 
 169      58AB5965 
 169      99B1AEE8 
 170 0285 6575A3AD 		.ascii	"eu\243\255\3614\253?x\212\354)\266\324\231Y\225\221"
 170      F134AB3F 
 170      788AEC29 
 170      B6D49959 
 170      9591
 171 0297 31733DB3 		.ascii	"1s=\263\330X\325I+~\363w\300%$\037\254&\271\211x#\263"
 171      D858D549 
 171      2B7EF377 
 171      C025241F 
 171      AC26B989 
 172 02ae 155B2D67 		.ascii	"\025[-g\3311\334\336\235xX\316L\346}\3116\213M6S9\253"
 172      D931DCDE 
 172      9D7858CE 
 172      4CE67DC9 
 172      368B4D36 
 173 02c5 91ADACA6 		.ascii	"\221\255\254\246\3607\372I\\\341"
 173      F037FA49 
 173      5CE1
 174              		.text
 175              		.section	.gnu.lto_.symtab.304b303b,"",%progbits
 176 0000 44696F64 		.ascii	"Diode_Seedseite_Write\000\000\000\000\000\000\000\000"
 176      655F5365 
 176      65647365 
 176      6974655F 
 176      57726974 
 177 001d 00000000 		.ascii	"\000\000\000\000\262\000\000\000Diode_Seedseite_Set"
 177      B2000000 
 177      44696F64 
 177      655F5365 
 177      65647365 
 178 0038 44726976 		.ascii	"DriveMode\000\000\000\000\000\000\000\000\000\000\000"
 178      654D6F64 
 178      65000000 
 178      00000000 
 178      00000000 
 179 004c 00B40000 		.ascii	"\000\264\000\000\000Diode_Seedseite_Read\000\000\000"
 179      0044696F 
 179      64655F53 
ARM GAS  C:\Users\Luggi\AppData\Local\Temp\ccVuXojY.s 			page 13


 179      65656473 
 179      65697465 
 180 0068 00000000 		.ascii	"\000\000\000\000\000\000\000\000\000\267\000\000\000"
 180      00000000 
 180      00B70000 
 180      00
 181 0075 44696F64 		.ascii	"Diode_Seedseite_ReadDataReg\000\000\000\000\000\000"
 181      655F5365 
 181      65647365 
 181      6974655F 
 181      52656164 
 182 0096 00000000 		.ascii	"\000\000\000\000\000\000\271\000\000\000"
 182      0000B900 
 182      0000
 183              		.text
 184              		.section	.gnu.lto_.opts,"",%progbits
 185 0000 272D666E 		.ascii	"'-fno-trapv' '-fno-strict-overflow' '-mcpu=cortex-m"
 185      6F2D7472 
 185      61707627 
 185      20272D66 
 185      6E6F2D73 
 186 0033 33272027 		.ascii	"3' '-mthumb' '-g' '-Og' '-ffunction-sections' '-flt"
 186      2D6D7468 
 186      756D6227 
 186      20272D67 
 186      2720272D 
 187 0066 6F272027 		.ascii	"o' '-ffat-lto-objects'\000"
 187      2D666661 
 187      742D6C74 
 187      6F2D6F62 
 187      6A656374 
 188              		.text
 189              		.cfi_sections	.debug_frame
 190              		.section	.text.Diode_Seedseite_Write,"ax",%progbits
 191              		.align	2
 192              		.global	Diode_Seedseite_Write
 193              		.thumb
 194              		.thumb_func
 195              		.type	Diode_Seedseite_Write, %function
 196              	Diode_Seedseite_Write:
 197              	.LFB0:
 198              		.file 1 "Generated_Source\\PSoC5\\Diode_Seedseite.c"
   1:Generated_Source\PSoC5/Diode_Seedseite.c **** /*******************************************************************************
   2:Generated_Source\PSoC5/Diode_Seedseite.c **** * File Name: Diode_Seedseite.c  
   3:Generated_Source\PSoC5/Diode_Seedseite.c **** * Version 2.20
   4:Generated_Source\PSoC5/Diode_Seedseite.c **** *
   5:Generated_Source\PSoC5/Diode_Seedseite.c **** * Description:
   6:Generated_Source\PSoC5/Diode_Seedseite.c **** *  This file contains API to enable firmware control of a Pins component.
   7:Generated_Source\PSoC5/Diode_Seedseite.c **** *
   8:Generated_Source\PSoC5/Diode_Seedseite.c **** * Note:
   9:Generated_Source\PSoC5/Diode_Seedseite.c **** *
  10:Generated_Source\PSoC5/Diode_Seedseite.c **** ********************************************************************************
  11:Generated_Source\PSoC5/Diode_Seedseite.c **** * Copyright 2008-2015, Cypress Semiconductor Corporation.  All rights reserved.
  12:Generated_Source\PSoC5/Diode_Seedseite.c **** * You may use this file only in accordance with the license, terms, conditions, 
  13:Generated_Source\PSoC5/Diode_Seedseite.c **** * disclaimers, and limitations in the end user license agreement accompanying 
  14:Generated_Source\PSoC5/Diode_Seedseite.c **** * the software package with which this file was provided.
  15:Generated_Source\PSoC5/Diode_Seedseite.c **** *******************************************************************************/
ARM GAS  C:\Users\Luggi\AppData\Local\Temp\ccVuXojY.s 			page 14


  16:Generated_Source\PSoC5/Diode_Seedseite.c **** 
  17:Generated_Source\PSoC5/Diode_Seedseite.c **** #include "cytypes.h"
  18:Generated_Source\PSoC5/Diode_Seedseite.c **** #include "Diode_Seedseite.h"
  19:Generated_Source\PSoC5/Diode_Seedseite.c **** 
  20:Generated_Source\PSoC5/Diode_Seedseite.c **** /* APIs are not generated for P15[7:6] on PSoC 5 */
  21:Generated_Source\PSoC5/Diode_Seedseite.c **** #if !(CY_PSOC5A &&\
  22:Generated_Source\PSoC5/Diode_Seedseite.c **** 	 Diode_Seedseite__PORT == 15 && ((Diode_Seedseite__MASK & 0xC0) != 0))
  23:Generated_Source\PSoC5/Diode_Seedseite.c **** 
  24:Generated_Source\PSoC5/Diode_Seedseite.c **** 
  25:Generated_Source\PSoC5/Diode_Seedseite.c **** /*******************************************************************************
  26:Generated_Source\PSoC5/Diode_Seedseite.c **** * Function Name: Diode_Seedseite_Write
  27:Generated_Source\PSoC5/Diode_Seedseite.c **** ****************************************************************************//**
  28:Generated_Source\PSoC5/Diode_Seedseite.c **** *
  29:Generated_Source\PSoC5/Diode_Seedseite.c **** * \brief Writes the value to the physical port (data output register), masking
  30:Generated_Source\PSoC5/Diode_Seedseite.c **** *  and shifting the bits appropriately. 
  31:Generated_Source\PSoC5/Diode_Seedseite.c **** *
  32:Generated_Source\PSoC5/Diode_Seedseite.c **** * The data output register controls the signal applied to the physical pin in 
  33:Generated_Source\PSoC5/Diode_Seedseite.c **** * conjunction with the drive mode parameter. This function avoids changing 
  34:Generated_Source\PSoC5/Diode_Seedseite.c **** * other bits in the port by using the appropriate method (read-modify-write or
  35:Generated_Source\PSoC5/Diode_Seedseite.c **** * bit banding).
  36:Generated_Source\PSoC5/Diode_Seedseite.c **** *
  37:Generated_Source\PSoC5/Diode_Seedseite.c **** * <b>Note</b> This function should not be used on a hardware digital output pin 
  38:Generated_Source\PSoC5/Diode_Seedseite.c **** * as it is driven by the hardware signal attached to it.
  39:Generated_Source\PSoC5/Diode_Seedseite.c **** *
  40:Generated_Source\PSoC5/Diode_Seedseite.c **** * \param value
  41:Generated_Source\PSoC5/Diode_Seedseite.c **** *  Value to write to the component instance.
  42:Generated_Source\PSoC5/Diode_Seedseite.c **** *
  43:Generated_Source\PSoC5/Diode_Seedseite.c **** * \return 
  44:Generated_Source\PSoC5/Diode_Seedseite.c **** *  None 
  45:Generated_Source\PSoC5/Diode_Seedseite.c **** *
  46:Generated_Source\PSoC5/Diode_Seedseite.c **** * \sideeffect
  47:Generated_Source\PSoC5/Diode_Seedseite.c **** *  If you use read-modify-write operations that are not atomic; the Interrupt 
  48:Generated_Source\PSoC5/Diode_Seedseite.c **** *  Service Routines (ISR) can cause corruption of this function. An ISR that 
  49:Generated_Source\PSoC5/Diode_Seedseite.c **** *  interrupts this function and performs writes to the Pins component data 
  50:Generated_Source\PSoC5/Diode_Seedseite.c **** *  register can cause corrupted port data. To avoid this issue, you should 
  51:Generated_Source\PSoC5/Diode_Seedseite.c **** *  either use the Per-Pin APIs (primary method) or disable interrupts around 
  52:Generated_Source\PSoC5/Diode_Seedseite.c **** *  this function.
  53:Generated_Source\PSoC5/Diode_Seedseite.c **** *
  54:Generated_Source\PSoC5/Diode_Seedseite.c **** * \funcusage
  55:Generated_Source\PSoC5/Diode_Seedseite.c **** *  \snippet Diode_Seedseite_SUT.c usage_Diode_Seedseite_Write
  56:Generated_Source\PSoC5/Diode_Seedseite.c **** *******************************************************************************/
  57:Generated_Source\PSoC5/Diode_Seedseite.c **** void Diode_Seedseite_Write(uint8 value)
  58:Generated_Source\PSoC5/Diode_Seedseite.c **** {
 199              		.loc 1 58 0
 200              		.cfi_startproc
 201              		@ args = 0, pretend = 0, frame = 0
 202              		@ frame_needed = 0, uses_anonymous_args = 0
 203              		@ link register save eliminated.
 204              	.LVL0:
  59:Generated_Source\PSoC5/Diode_Seedseite.c ****     uint8 staticBits = (Diode_Seedseite_DR & (uint8)(~Diode_Seedseite_MASK));
 205              		.loc 1 59 0
 206 0000 044A     		ldr	r2, .L2
 207 0002 1378     		ldrb	r3, [r2]	@ zero_extendqisi2
 208 0004 03F0FE03 		and	r3, r3, #254
 209              	.LVL1:
  60:Generated_Source\PSoC5/Diode_Seedseite.c ****     Diode_Seedseite_DR = staticBits | ((uint8)(value << Diode_Seedseite_SHIFT) & Diode_Seedseite_MA
 210              		.loc 1 60 0
ARM GAS  C:\Users\Luggi\AppData\Local\Temp\ccVuXojY.s 			page 15


 211 0008 00F00100 		and	r0, r0, #1
 212              	.LVL2:
 213 000c 1843     		orrs	r0, r0, r3
 214 000e 1070     		strb	r0, [r2]
 215 0010 7047     		bx	lr
 216              	.L3:
 217 0012 00BF     		.align	2
 218              	.L2:
 219 0014 40510040 		.word	1073762624
 220              		.cfi_endproc
 221              	.LFE0:
 222              		.size	Diode_Seedseite_Write, .-Diode_Seedseite_Write
 223              		.section	.text.Diode_Seedseite_SetDriveMode,"ax",%progbits
 224              		.align	2
 225              		.global	Diode_Seedseite_SetDriveMode
 226              		.thumb
 227              		.thumb_func
 228              		.type	Diode_Seedseite_SetDriveMode, %function
 229              	Diode_Seedseite_SetDriveMode:
 230              	.LFB1:
  61:Generated_Source\PSoC5/Diode_Seedseite.c **** }
  62:Generated_Source\PSoC5/Diode_Seedseite.c **** 
  63:Generated_Source\PSoC5/Diode_Seedseite.c **** 
  64:Generated_Source\PSoC5/Diode_Seedseite.c **** /*******************************************************************************
  65:Generated_Source\PSoC5/Diode_Seedseite.c **** * Function Name: Diode_Seedseite_SetDriveMode
  66:Generated_Source\PSoC5/Diode_Seedseite.c **** ****************************************************************************//**
  67:Generated_Source\PSoC5/Diode_Seedseite.c **** *
  68:Generated_Source\PSoC5/Diode_Seedseite.c **** * \brief Sets the drive mode for each of the Pins component's pins.
  69:Generated_Source\PSoC5/Diode_Seedseite.c **** * 
  70:Generated_Source\PSoC5/Diode_Seedseite.c **** * <b>Note</b> This affects all pins in the Pins component instance. Use the
  71:Generated_Source\PSoC5/Diode_Seedseite.c **** * Per-Pin APIs if you wish to control individual pin's drive modes.
  72:Generated_Source\PSoC5/Diode_Seedseite.c **** *
  73:Generated_Source\PSoC5/Diode_Seedseite.c **** * \param mode
  74:Generated_Source\PSoC5/Diode_Seedseite.c **** *  Mode for the selected signals. Valid options are documented in 
  75:Generated_Source\PSoC5/Diode_Seedseite.c **** *  \ref driveMode.
  76:Generated_Source\PSoC5/Diode_Seedseite.c **** *
  77:Generated_Source\PSoC5/Diode_Seedseite.c **** * \return
  78:Generated_Source\PSoC5/Diode_Seedseite.c **** *  None
  79:Generated_Source\PSoC5/Diode_Seedseite.c **** *
  80:Generated_Source\PSoC5/Diode_Seedseite.c **** * \sideeffect
  81:Generated_Source\PSoC5/Diode_Seedseite.c **** *  If you use read-modify-write operations that are not atomic, the ISR can
  82:Generated_Source\PSoC5/Diode_Seedseite.c **** *  cause corruption of this function. An ISR that interrupts this function 
  83:Generated_Source\PSoC5/Diode_Seedseite.c **** *  and performs writes to the Pins component Drive Mode registers can cause 
  84:Generated_Source\PSoC5/Diode_Seedseite.c **** *  corrupted port data. To avoid this issue, you should either use the Per-Pin
  85:Generated_Source\PSoC5/Diode_Seedseite.c **** *  APIs (primary method) or disable interrupts around this function.
  86:Generated_Source\PSoC5/Diode_Seedseite.c **** *
  87:Generated_Source\PSoC5/Diode_Seedseite.c **** * \funcusage
  88:Generated_Source\PSoC5/Diode_Seedseite.c **** *  \snippet Diode_Seedseite_SUT.c usage_Diode_Seedseite_SetDriveMode
  89:Generated_Source\PSoC5/Diode_Seedseite.c **** *******************************************************************************/
  90:Generated_Source\PSoC5/Diode_Seedseite.c **** void Diode_Seedseite_SetDriveMode(uint8 mode)
  91:Generated_Source\PSoC5/Diode_Seedseite.c **** {
 231              		.loc 1 91 0
 232              		.cfi_startproc
 233              		@ args = 0, pretend = 0, frame = 0
 234              		@ frame_needed = 0, uses_anonymous_args = 0
 235              		@ link register save eliminated.
 236              	.LVL3:
ARM GAS  C:\Users\Luggi\AppData\Local\Temp\ccVuXojY.s 			page 16


  92:Generated_Source\PSoC5/Diode_Seedseite.c **** 	CyPins_SetPinDriveMode(Diode_Seedseite_0, mode);
 237              		.loc 1 92 0
 238 0000 044A     		ldr	r2, .L5
 239 0002 1378     		ldrb	r3, [r2]	@ zero_extendqisi2
 240 0004 03F0F103 		and	r3, r3, #241
 241 0008 00F00E00 		and	r0, r0, #14
 242              	.LVL4:
 243 000c 1843     		orrs	r0, r0, r3
 244 000e 1070     		strb	r0, [r2]
 245 0010 7047     		bx	lr
 246              	.L6:
 247 0012 00BF     		.align	2
 248              	.L5:
 249 0014 20500040 		.word	1073762336
 250              		.cfi_endproc
 251              	.LFE1:
 252              		.size	Diode_Seedseite_SetDriveMode, .-Diode_Seedseite_SetDriveMode
 253              		.section	.text.Diode_Seedseite_Read,"ax",%progbits
 254              		.align	2
 255              		.global	Diode_Seedseite_Read
 256              		.thumb
 257              		.thumb_func
 258              		.type	Diode_Seedseite_Read, %function
 259              	Diode_Seedseite_Read:
 260              	.LFB2:
  93:Generated_Source\PSoC5/Diode_Seedseite.c **** }
  94:Generated_Source\PSoC5/Diode_Seedseite.c **** 
  95:Generated_Source\PSoC5/Diode_Seedseite.c **** 
  96:Generated_Source\PSoC5/Diode_Seedseite.c **** /*******************************************************************************
  97:Generated_Source\PSoC5/Diode_Seedseite.c **** * Function Name: Diode_Seedseite_Read
  98:Generated_Source\PSoC5/Diode_Seedseite.c **** ****************************************************************************//**
  99:Generated_Source\PSoC5/Diode_Seedseite.c **** *
 100:Generated_Source\PSoC5/Diode_Seedseite.c **** * \brief Reads the associated physical port (pin status register) and masks 
 101:Generated_Source\PSoC5/Diode_Seedseite.c **** *  the required bits according to the width and bit position of the component
 102:Generated_Source\PSoC5/Diode_Seedseite.c **** *  instance. 
 103:Generated_Source\PSoC5/Diode_Seedseite.c **** *
 104:Generated_Source\PSoC5/Diode_Seedseite.c **** * The pin's status register returns the current logic level present on the 
 105:Generated_Source\PSoC5/Diode_Seedseite.c **** * physical pin.
 106:Generated_Source\PSoC5/Diode_Seedseite.c **** *
 107:Generated_Source\PSoC5/Diode_Seedseite.c **** * \return 
 108:Generated_Source\PSoC5/Diode_Seedseite.c **** *  The current value for the pins in the component as a right justified number.
 109:Generated_Source\PSoC5/Diode_Seedseite.c **** *
 110:Generated_Source\PSoC5/Diode_Seedseite.c **** * \funcusage
 111:Generated_Source\PSoC5/Diode_Seedseite.c **** *  \snippet Diode_Seedseite_SUT.c usage_Diode_Seedseite_Read  
 112:Generated_Source\PSoC5/Diode_Seedseite.c **** *******************************************************************************/
 113:Generated_Source\PSoC5/Diode_Seedseite.c **** uint8 Diode_Seedseite_Read(void)
 114:Generated_Source\PSoC5/Diode_Seedseite.c **** {
 261              		.loc 1 114 0
 262              		.cfi_startproc
 263              		@ args = 0, pretend = 0, frame = 0
 264              		@ frame_needed = 0, uses_anonymous_args = 0
 265              		@ link register save eliminated.
 115:Generated_Source\PSoC5/Diode_Seedseite.c ****     return (Diode_Seedseite_PS & Diode_Seedseite_MASK) >> Diode_Seedseite_SHIFT;
 266              		.loc 1 115 0
 267 0000 024B     		ldr	r3, .L8
 268 0002 1878     		ldrb	r0, [r3]	@ zero_extendqisi2
 116:Generated_Source\PSoC5/Diode_Seedseite.c **** }
ARM GAS  C:\Users\Luggi\AppData\Local\Temp\ccVuXojY.s 			page 17


 269              		.loc 1 116 0
 270 0004 00F00100 		and	r0, r0, #1
 271 0008 7047     		bx	lr
 272              	.L9:
 273 000a 00BF     		.align	2
 274              	.L8:
 275 000c 41510040 		.word	1073762625
 276              		.cfi_endproc
 277              	.LFE2:
 278              		.size	Diode_Seedseite_Read, .-Diode_Seedseite_Read
 279              		.section	.text.Diode_Seedseite_ReadDataReg,"ax",%progbits
 280              		.align	2
 281              		.global	Diode_Seedseite_ReadDataReg
 282              		.thumb
 283              		.thumb_func
 284              		.type	Diode_Seedseite_ReadDataReg, %function
 285              	Diode_Seedseite_ReadDataReg:
 286              	.LFB3:
 117:Generated_Source\PSoC5/Diode_Seedseite.c **** 
 118:Generated_Source\PSoC5/Diode_Seedseite.c **** 
 119:Generated_Source\PSoC5/Diode_Seedseite.c **** /*******************************************************************************
 120:Generated_Source\PSoC5/Diode_Seedseite.c **** * Function Name: Diode_Seedseite_ReadDataReg
 121:Generated_Source\PSoC5/Diode_Seedseite.c **** ****************************************************************************//**
 122:Generated_Source\PSoC5/Diode_Seedseite.c **** *
 123:Generated_Source\PSoC5/Diode_Seedseite.c **** * \brief Reads the associated physical port's data output register and masks 
 124:Generated_Source\PSoC5/Diode_Seedseite.c **** *  the correct bits according to the width and bit position of the component 
 125:Generated_Source\PSoC5/Diode_Seedseite.c **** *  instance. 
 126:Generated_Source\PSoC5/Diode_Seedseite.c **** *
 127:Generated_Source\PSoC5/Diode_Seedseite.c **** * The data output register controls the signal applied to the physical pin in 
 128:Generated_Source\PSoC5/Diode_Seedseite.c **** * conjunction with the drive mode parameter. This is not the same as the 
 129:Generated_Source\PSoC5/Diode_Seedseite.c **** * preferred Diode_Seedseite_Read() API because the 
 130:Generated_Source\PSoC5/Diode_Seedseite.c **** * Diode_Seedseite_ReadDataReg() reads the data register instead of the status 
 131:Generated_Source\PSoC5/Diode_Seedseite.c **** * register. For output pins this is a useful function to determine the value 
 132:Generated_Source\PSoC5/Diode_Seedseite.c **** * just written to the pin.
 133:Generated_Source\PSoC5/Diode_Seedseite.c **** *
 134:Generated_Source\PSoC5/Diode_Seedseite.c **** * \return 
 135:Generated_Source\PSoC5/Diode_Seedseite.c **** *  The current value of the data register masked and shifted into a right 
 136:Generated_Source\PSoC5/Diode_Seedseite.c **** *  justified number for the component instance.
 137:Generated_Source\PSoC5/Diode_Seedseite.c **** *
 138:Generated_Source\PSoC5/Diode_Seedseite.c **** * \funcusage
 139:Generated_Source\PSoC5/Diode_Seedseite.c **** *  \snippet Diode_Seedseite_SUT.c usage_Diode_Seedseite_ReadDataReg 
 140:Generated_Source\PSoC5/Diode_Seedseite.c **** *******************************************************************************/
 141:Generated_Source\PSoC5/Diode_Seedseite.c **** uint8 Diode_Seedseite_ReadDataReg(void)
 142:Generated_Source\PSoC5/Diode_Seedseite.c **** {
 287              		.loc 1 142 0
 288              		.cfi_startproc
 289              		@ args = 0, pretend = 0, frame = 0
 290              		@ frame_needed = 0, uses_anonymous_args = 0
 291              		@ link register save eliminated.
 143:Generated_Source\PSoC5/Diode_Seedseite.c ****     return (Diode_Seedseite_DR & Diode_Seedseite_MASK) >> Diode_Seedseite_SHIFT;
 292              		.loc 1 143 0
 293 0000 024B     		ldr	r3, .L11
 294 0002 1878     		ldrb	r0, [r3]	@ zero_extendqisi2
 144:Generated_Source\PSoC5/Diode_Seedseite.c **** }
 295              		.loc 1 144 0
 296 0004 00F00100 		and	r0, r0, #1
 297 0008 7047     		bx	lr
ARM GAS  C:\Users\Luggi\AppData\Local\Temp\ccVuXojY.s 			page 18


 298              	.L12:
 299 000a 00BF     		.align	2
 300              	.L11:
 301 000c 40510040 		.word	1073762624
 302              		.cfi_endproc
 303              	.LFE3:
 304              		.size	Diode_Seedseite_ReadDataReg, .-Diode_Seedseite_ReadDataReg
 305              		.text
 306              	.Letext0:
 307              		.file 2 "Generated_Source\\PSoC5\\cytypes.h"
 308              		.section	.debug_info,"",%progbits
 309              	.Ldebug_info0:
 310 0000 1B010000 		.4byte	0x11b
 311 0004 0400     		.2byte	0x4
 312 0006 00000000 		.4byte	.Ldebug_abbrev0
 313 000a 04       		.byte	0x4
 314 000b 01       		.uleb128 0x1
 315 000c 83000000 		.4byte	.LASF20
 316 0010 01       		.byte	0x1
 317 0011 FF010000 		.4byte	.LASF21
 318 0015 33000000 		.4byte	.LASF22
 319 0019 00000000 		.4byte	.Ldebug_ranges0+0
 320 001d 00000000 		.4byte	0
 321 0021 00000000 		.4byte	.Ldebug_line0
 322 0025 02       		.uleb128 0x2
 323 0026 01       		.byte	0x1
 324 0027 06       		.byte	0x6
 325 0028 F3010000 		.4byte	.LASF0
 326 002c 02       		.uleb128 0x2
 327 002d 01       		.byte	0x1
 328 002e 08       		.byte	0x8
 329 002f 56010000 		.4byte	.LASF1
 330 0033 02       		.uleb128 0x2
 331 0034 02       		.byte	0x2
 332 0035 05       		.byte	0x5
 333 0036 DA010000 		.4byte	.LASF2
 334 003a 02       		.uleb128 0x2
 335 003b 02       		.byte	0x2
 336 003c 07       		.byte	0x7
 337 003d 2E010000 		.4byte	.LASF3
 338 0041 02       		.uleb128 0x2
 339 0042 04       		.byte	0x4
 340 0043 05       		.byte	0x5
 341 0044 EA010000 		.4byte	.LASF4
 342 0048 02       		.uleb128 0x2
 343 0049 04       		.byte	0x4
 344 004a 07       		.byte	0x7
 345 004b 1C010000 		.4byte	.LASF5
 346 004f 02       		.uleb128 0x2
 347 0050 08       		.byte	0x8
 348 0051 05       		.byte	0x5
 349 0052 B1010000 		.4byte	.LASF6
 350 0056 02       		.uleb128 0x2
 351 0057 08       		.byte	0x8
 352 0058 07       		.byte	0x7
 353 0059 95010000 		.4byte	.LASF7
 354 005d 03       		.uleb128 0x3
ARM GAS  C:\Users\Luggi\AppData\Local\Temp\ccVuXojY.s 			page 19


 355 005e 04       		.byte	0x4
 356 005f 05       		.byte	0x5
 357 0060 696E7400 		.ascii	"int\000"
 358 0064 02       		.uleb128 0x2
 359 0065 04       		.byte	0x4
 360 0066 07       		.byte	0x7
 361 0067 88010000 		.4byte	.LASF8
 362 006b 04       		.uleb128 0x4
 363 006c E4010000 		.4byte	.LASF12
 364 0070 02       		.byte	0x2
 365 0071 9201     		.2byte	0x192
 366 0073 2C000000 		.4byte	0x2c
 367 0077 02       		.uleb128 0x2
 368 0078 04       		.byte	0x4
 369 0079 04       		.byte	0x4
 370 007a 2D000000 		.4byte	.LASF9
 371 007e 02       		.uleb128 0x2
 372 007f 08       		.byte	0x8
 373 0080 04       		.byte	0x4
 374 0081 81010000 		.4byte	.LASF10
 375 0085 02       		.uleb128 0x2
 376 0086 01       		.byte	0x1
 377 0087 08       		.byte	0x8
 378 0088 BF010000 		.4byte	.LASF11
 379 008c 04       		.uleb128 0x4
 380 008d 17010000 		.4byte	.LASF13
 381 0091 02       		.byte	0x2
 382 0092 3C02     		.2byte	0x23c
 383 0094 98000000 		.4byte	0x98
 384 0098 05       		.uleb128 0x5
 385 0099 6B000000 		.4byte	0x6b
 386 009d 06       		.uleb128 0x6
 387 009e C4010000 		.4byte	.LASF14
 388 00a2 01       		.byte	0x1
 389 00a3 39       		.byte	0x39
 390 00a4 00000000 		.4byte	.LFB0
 391 00a8 18000000 		.4byte	.LFE0-.LFB0
 392 00ac 01       		.uleb128 0x1
 393 00ad 9C       		.byte	0x9c
 394 00ae CF000000 		.4byte	0xcf
 395 00b2 07       		.uleb128 0x7
 396 00b3 00000000 		.4byte	.LASF16
 397 00b7 01       		.byte	0x1
 398 00b8 39       		.byte	0x39
 399 00b9 6B000000 		.4byte	0x6b
 400 00bd 00000000 		.4byte	.LLST0
 401 00c1 08       		.uleb128 0x8
 402 00c2 06000000 		.4byte	.LASF23
 403 00c6 01       		.byte	0x1
 404 00c7 3B       		.byte	0x3b
 405 00c8 6B000000 		.4byte	0x6b
 406 00cc 01       		.uleb128 0x1
 407 00cd 53       		.byte	0x53
 408 00ce 00       		.byte	0
 409 00cf 06       		.uleb128 0x6
 410 00d0 64010000 		.4byte	.LASF15
 411 00d4 01       		.byte	0x1
ARM GAS  C:\Users\Luggi\AppData\Local\Temp\ccVuXojY.s 			page 20


 412 00d5 5A       		.byte	0x5a
 413 00d6 00000000 		.4byte	.LFB1
 414 00da 18000000 		.4byte	.LFE1-.LFB1
 415 00de 01       		.uleb128 0x1
 416 00df 9C       		.byte	0x9c
 417 00e0 F4000000 		.4byte	0xf4
 418 00e4 07       		.uleb128 0x7
 419 00e5 AC010000 		.4byte	.LASF17
 420 00e9 01       		.byte	0x1
 421 00ea 5A       		.byte	0x5a
 422 00eb 6B000000 		.4byte	0x6b
 423 00ef 21000000 		.4byte	.LLST1
 424 00f3 00       		.byte	0
 425 00f4 09       		.uleb128 0x9
 426 00f5 41010000 		.4byte	.LASF18
 427 00f9 01       		.byte	0x1
 428 00fa 71       		.byte	0x71
 429 00fb 6B000000 		.4byte	0x6b
 430 00ff 00000000 		.4byte	.LFB2
 431 0103 10000000 		.4byte	.LFE2-.LFB2
 432 0107 01       		.uleb128 0x1
 433 0108 9C       		.byte	0x9c
 434 0109 09       		.uleb128 0x9
 435 010a 11000000 		.4byte	.LASF19
 436 010e 01       		.byte	0x1
 437 010f 8D       		.byte	0x8d
 438 0110 6B000000 		.4byte	0x6b
 439 0114 00000000 		.4byte	.LFB3
 440 0118 10000000 		.4byte	.LFE3-.LFB3
 441 011c 01       		.uleb128 0x1
 442 011d 9C       		.byte	0x9c
 443 011e 00       		.byte	0
 444              		.section	.debug_abbrev,"",%progbits
 445              	.Ldebug_abbrev0:
 446 0000 01       		.uleb128 0x1
 447 0001 11       		.uleb128 0x11
 448 0002 01       		.byte	0x1
 449 0003 25       		.uleb128 0x25
 450 0004 0E       		.uleb128 0xe
 451 0005 13       		.uleb128 0x13
 452 0006 0B       		.uleb128 0xb
 453 0007 03       		.uleb128 0x3
 454 0008 0E       		.uleb128 0xe
 455 0009 1B       		.uleb128 0x1b
 456 000a 0E       		.uleb128 0xe
 457 000b 55       		.uleb128 0x55
 458 000c 17       		.uleb128 0x17
 459 000d 11       		.uleb128 0x11
 460 000e 01       		.uleb128 0x1
 461 000f 10       		.uleb128 0x10
 462 0010 17       		.uleb128 0x17
 463 0011 00       		.byte	0
 464 0012 00       		.byte	0
 465 0013 02       		.uleb128 0x2
 466 0014 24       		.uleb128 0x24
 467 0015 00       		.byte	0
 468 0016 0B       		.uleb128 0xb
ARM GAS  C:\Users\Luggi\AppData\Local\Temp\ccVuXojY.s 			page 21


 469 0017 0B       		.uleb128 0xb
 470 0018 3E       		.uleb128 0x3e
 471 0019 0B       		.uleb128 0xb
 472 001a 03       		.uleb128 0x3
 473 001b 0E       		.uleb128 0xe
 474 001c 00       		.byte	0
 475 001d 00       		.byte	0
 476 001e 03       		.uleb128 0x3
 477 001f 24       		.uleb128 0x24
 478 0020 00       		.byte	0
 479 0021 0B       		.uleb128 0xb
 480 0022 0B       		.uleb128 0xb
 481 0023 3E       		.uleb128 0x3e
 482 0024 0B       		.uleb128 0xb
 483 0025 03       		.uleb128 0x3
 484 0026 08       		.uleb128 0x8
 485 0027 00       		.byte	0
 486 0028 00       		.byte	0
 487 0029 04       		.uleb128 0x4
 488 002a 16       		.uleb128 0x16
 489 002b 00       		.byte	0
 490 002c 03       		.uleb128 0x3
 491 002d 0E       		.uleb128 0xe
 492 002e 3A       		.uleb128 0x3a
 493 002f 0B       		.uleb128 0xb
 494 0030 3B       		.uleb128 0x3b
 495 0031 05       		.uleb128 0x5
 496 0032 49       		.uleb128 0x49
 497 0033 13       		.uleb128 0x13
 498 0034 00       		.byte	0
 499 0035 00       		.byte	0
 500 0036 05       		.uleb128 0x5
 501 0037 35       		.uleb128 0x35
 502 0038 00       		.byte	0
 503 0039 49       		.uleb128 0x49
 504 003a 13       		.uleb128 0x13
 505 003b 00       		.byte	0
 506 003c 00       		.byte	0
 507 003d 06       		.uleb128 0x6
 508 003e 2E       		.uleb128 0x2e
 509 003f 01       		.byte	0x1
 510 0040 3F       		.uleb128 0x3f
 511 0041 19       		.uleb128 0x19
 512 0042 03       		.uleb128 0x3
 513 0043 0E       		.uleb128 0xe
 514 0044 3A       		.uleb128 0x3a
 515 0045 0B       		.uleb128 0xb
 516 0046 3B       		.uleb128 0x3b
 517 0047 0B       		.uleb128 0xb
 518 0048 27       		.uleb128 0x27
 519 0049 19       		.uleb128 0x19
 520 004a 11       		.uleb128 0x11
 521 004b 01       		.uleb128 0x1
 522 004c 12       		.uleb128 0x12
 523 004d 06       		.uleb128 0x6
 524 004e 40       		.uleb128 0x40
 525 004f 18       		.uleb128 0x18
ARM GAS  C:\Users\Luggi\AppData\Local\Temp\ccVuXojY.s 			page 22


 526 0050 9742     		.uleb128 0x2117
 527 0052 19       		.uleb128 0x19
 528 0053 01       		.uleb128 0x1
 529 0054 13       		.uleb128 0x13
 530 0055 00       		.byte	0
 531 0056 00       		.byte	0
 532 0057 07       		.uleb128 0x7
 533 0058 05       		.uleb128 0x5
 534 0059 00       		.byte	0
 535 005a 03       		.uleb128 0x3
 536 005b 0E       		.uleb128 0xe
 537 005c 3A       		.uleb128 0x3a
 538 005d 0B       		.uleb128 0xb
 539 005e 3B       		.uleb128 0x3b
 540 005f 0B       		.uleb128 0xb
 541 0060 49       		.uleb128 0x49
 542 0061 13       		.uleb128 0x13
 543 0062 02       		.uleb128 0x2
 544 0063 17       		.uleb128 0x17
 545 0064 00       		.byte	0
 546 0065 00       		.byte	0
 547 0066 08       		.uleb128 0x8
 548 0067 34       		.uleb128 0x34
 549 0068 00       		.byte	0
 550 0069 03       		.uleb128 0x3
 551 006a 0E       		.uleb128 0xe
 552 006b 3A       		.uleb128 0x3a
 553 006c 0B       		.uleb128 0xb
 554 006d 3B       		.uleb128 0x3b
 555 006e 0B       		.uleb128 0xb
 556 006f 49       		.uleb128 0x49
 557 0070 13       		.uleb128 0x13
 558 0071 02       		.uleb128 0x2
 559 0072 18       		.uleb128 0x18
 560 0073 00       		.byte	0
 561 0074 00       		.byte	0
 562 0075 09       		.uleb128 0x9
 563 0076 2E       		.uleb128 0x2e
 564 0077 00       		.byte	0
 565 0078 3F       		.uleb128 0x3f
 566 0079 19       		.uleb128 0x19
 567 007a 03       		.uleb128 0x3
 568 007b 0E       		.uleb128 0xe
 569 007c 3A       		.uleb128 0x3a
 570 007d 0B       		.uleb128 0xb
 571 007e 3B       		.uleb128 0x3b
 572 007f 0B       		.uleb128 0xb
 573 0080 27       		.uleb128 0x27
 574 0081 19       		.uleb128 0x19
 575 0082 49       		.uleb128 0x49
 576 0083 13       		.uleb128 0x13
 577 0084 11       		.uleb128 0x11
 578 0085 01       		.uleb128 0x1
 579 0086 12       		.uleb128 0x12
 580 0087 06       		.uleb128 0x6
 581 0088 40       		.uleb128 0x40
 582 0089 18       		.uleb128 0x18
ARM GAS  C:\Users\Luggi\AppData\Local\Temp\ccVuXojY.s 			page 23


 583 008a 9742     		.uleb128 0x2117
 584 008c 19       		.uleb128 0x19
 585 008d 00       		.byte	0
 586 008e 00       		.byte	0
 587 008f 00       		.byte	0
 588              		.section	.debug_loc,"",%progbits
 589              	.Ldebug_loc0:
 590              	.LLST0:
 591 0000 00000000 		.4byte	.LVL0
 592 0004 0C000000 		.4byte	.LVL2
 593 0008 0100     		.2byte	0x1
 594 000a 50       		.byte	0x50
 595 000b 0C000000 		.4byte	.LVL2
 596 000f 18000000 		.4byte	.LFE0
 597 0013 0400     		.2byte	0x4
 598 0015 F3       		.byte	0xf3
 599 0016 01       		.uleb128 0x1
 600 0017 50       		.byte	0x50
 601 0018 9F       		.byte	0x9f
 602 0019 00000000 		.4byte	0
 603 001d 00000000 		.4byte	0
 604              	.LLST1:
 605 0021 00000000 		.4byte	.LVL3
 606 0025 0C000000 		.4byte	.LVL4
 607 0029 0100     		.2byte	0x1
 608 002b 50       		.byte	0x50
 609 002c 0C000000 		.4byte	.LVL4
 610 0030 18000000 		.4byte	.LFE1
 611 0034 0400     		.2byte	0x4
 612 0036 F3       		.byte	0xf3
 613 0037 01       		.uleb128 0x1
 614 0038 50       		.byte	0x50
 615 0039 9F       		.byte	0x9f
 616 003a 00000000 		.4byte	0
 617 003e 00000000 		.4byte	0
 618              		.section	.debug_aranges,"",%progbits
 619 0000 34000000 		.4byte	0x34
 620 0004 0200     		.2byte	0x2
 621 0006 00000000 		.4byte	.Ldebug_info0
 622 000a 04       		.byte	0x4
 623 000b 00       		.byte	0
 624 000c 0000     		.2byte	0
 625 000e 0000     		.2byte	0
 626 0010 00000000 		.4byte	.LFB0
 627 0014 18000000 		.4byte	.LFE0-.LFB0
 628 0018 00000000 		.4byte	.LFB1
 629 001c 18000000 		.4byte	.LFE1-.LFB1
 630 0020 00000000 		.4byte	.LFB2
 631 0024 10000000 		.4byte	.LFE2-.LFB2
 632 0028 00000000 		.4byte	.LFB3
 633 002c 10000000 		.4byte	.LFE3-.LFB3
 634 0030 00000000 		.4byte	0
 635 0034 00000000 		.4byte	0
 636              		.section	.debug_ranges,"",%progbits
 637              	.Ldebug_ranges0:
 638 0000 00000000 		.4byte	.LFB0
 639 0004 18000000 		.4byte	.LFE0
ARM GAS  C:\Users\Luggi\AppData\Local\Temp\ccVuXojY.s 			page 24


 640 0008 00000000 		.4byte	.LFB1
 641 000c 18000000 		.4byte	.LFE1
 642 0010 00000000 		.4byte	.LFB2
 643 0014 10000000 		.4byte	.LFE2
 644 0018 00000000 		.4byte	.LFB3
 645 001c 10000000 		.4byte	.LFE3
 646 0020 00000000 		.4byte	0
 647 0024 00000000 		.4byte	0
 648              		.section	.debug_line,"",%progbits
 649              	.Ldebug_line0:
 650 0000 98000000 		.section	.debug_str,"MS",%progbits,1
 650      02004C00 
 650      00000201 
 650      FB0E0D00 
 650      01010101 
 651              	.LASF16:
 652 0000 76616C75 		.ascii	"value\000"
 652      6500
 653              	.LASF23:
 654 0006 73746174 		.ascii	"staticBits\000"
 654      69634269 
 654      747300
 655              	.LASF19:
 656 0011 44696F64 		.ascii	"Diode_Seedseite_ReadDataReg\000"
 656      655F5365 
 656      65647365 
 656      6974655F 
 656      52656164 
 657              	.LASF9:
 658 002d 666C6F61 		.ascii	"float\000"
 658      7400
 659              	.LASF22:
 660 0033 433A5C55 		.ascii	"C:\\Users\\Luggi\\Documents\\GitHub\\laserschutzsch"
 660      73657273 
 660      5C4C7567 
 660      67695C44 
 660      6F63756D 
 661 0061 616C7475 		.ascii	"altung\\Laserschutzschaltung.cydsn\000"
 661      6E675C4C 
 661      61736572 
 661      73636875 
 661      747A7363 
 662              	.LASF20:
 663 0083 474E5520 		.ascii	"GNU C 4.9.3 20150303 (release) [ARM/embedded-4_9-br"
 663      4320342E 
 663      392E3320 
 663      32303135 
 663      30333033 
 664 00b6 616E6368 		.ascii	"anch revision 221220] -mcpu=cortex-m3 -mthumb -g -O"
 664      20726576 
 664      6973696F 
 664      6E203232 
 664      31323230 
 665 00e9 67202D66 		.ascii	"g -ffunction-sections -flto -ffat-lto-objects\000"
 665      66756E63 
 665      74696F6E 
 665      2D736563 
ARM GAS  C:\Users\Luggi\AppData\Local\Temp\ccVuXojY.s 			page 25


 665      74696F6E 
 666              	.LASF13:
 667 0117 72656738 		.ascii	"reg8\000"
 667      00
 668              	.LASF5:
 669 011c 6C6F6E67 		.ascii	"long unsigned int\000"
 669      20756E73 
 669      69676E65 
 669      6420696E 
 669      7400
 670              	.LASF3:
 671 012e 73686F72 		.ascii	"short unsigned int\000"
 671      7420756E 
 671      7369676E 
 671      65642069 
 671      6E7400
 672              	.LASF18:
 673 0141 44696F64 		.ascii	"Diode_Seedseite_Read\000"
 673      655F5365 
 673      65647365 
 673      6974655F 
 673      52656164 
 674              	.LASF1:
 675 0156 756E7369 		.ascii	"unsigned char\000"
 675      676E6564 
 675      20636861 
 675      7200
 676              	.LASF15:
 677 0164 44696F64 		.ascii	"Diode_Seedseite_SetDriveMode\000"
 677      655F5365 
 677      65647365 
 677      6974655F 
 677      53657444 
 678              	.LASF10:
 679 0181 646F7562 		.ascii	"double\000"
 679      6C6500
 680              	.LASF8:
 681 0188 756E7369 		.ascii	"unsigned int\000"
 681      676E6564 
 681      20696E74 
 681      00
 682              	.LASF7:
 683 0195 6C6F6E67 		.ascii	"long long unsigned int\000"
 683      206C6F6E 
 683      6720756E 
 683      7369676E 
 683      65642069 
 684              	.LASF17:
 685 01ac 6D6F6465 		.ascii	"mode\000"
 685      00
 686              	.LASF6:
 687 01b1 6C6F6E67 		.ascii	"long long int\000"
 687      206C6F6E 
 687      6720696E 
 687      7400
 688              	.LASF11:
 689 01bf 63686172 		.ascii	"char\000"
ARM GAS  C:\Users\Luggi\AppData\Local\Temp\ccVuXojY.s 			page 26


 689      00
 690              	.LASF14:
 691 01c4 44696F64 		.ascii	"Diode_Seedseite_Write\000"
 691      655F5365 
 691      65647365 
 691      6974655F 
 691      57726974 
 692              	.LASF2:
 693 01da 73686F72 		.ascii	"short int\000"
 693      7420696E 
 693      7400
 694              	.LASF12:
 695 01e4 75696E74 		.ascii	"uint8\000"
 695      3800
 696              	.LASF4:
 697 01ea 6C6F6E67 		.ascii	"long int\000"
 697      20696E74 
 697      00
 698              	.LASF0:
 699 01f3 7369676E 		.ascii	"signed char\000"
 699      65642063 
 699      68617200 
 700              	.LASF21:
 701 01ff 47656E65 		.ascii	"Generated_Source\\PSoC5\\Diode_Seedseite.c\000"
 701      72617465 
 701      645F536F 
 701      75726365 
 701      5C50536F 
 702              		.comm	__gnu_lto_v1,1,1
 703              		.ident	"GCC: (GNU Tools for ARM Embedded Processors) 4.9.3 20150303 (release) [ARM/embedded-4_9-br
