ARM GAS  C:\Users\Luggi\AppData\Local\Temp\cckNYdyk.s 			page 1


   1              		.syntax unified
   2              		.cpu cortex-m3
   3              		.fpu softvfp
   4              		.eabi_attribute 20, 1
   5              		.eabi_attribute 21, 1
   6              		.eabi_attribute 23, 3
   7              		.eabi_attribute 24, 1
   8              		.eabi_attribute 25, 1
   9              		.eabi_attribute 26, 1
  10              		.eabi_attribute 30, 1
  11              		.eabi_attribute 34, 1
  12              		.eabi_attribute 18, 4
  13              		.thumb
  14              		.file	"Filter_Coefficients.c"
  15              		.text
  16              	.Ltext0:
  17              		.section	.gnu.lto_.profile.d2341a6,"",%progbits
  18 0000 789C6366 		.ascii	"x\234cf```d\200\002\000\000=\000\005"
  18      60606064 
  18      80020000 
  18      3D0005
  19              		.text
  20              		.section	.gnu.lto_.inline.d2341a6,"",%progbits
  21 0000 789C6366 		.ascii	"x\234cf\300\016\230\340,\000\000\234\000\006"
  21      C00E98E0 
  21      2C00009C 
  21      0006
  22              		.text
  23              		.section	.gnu.lto_.pureconst.d2341a6,"",%progbits
  24 0000 789C6366 		.ascii	"x\234cf```d\200\002\000\000=\000\005"
  24      60606064 
  24      80020000 
  24      3D0005
  25              		.text
  26              		.section	.gnu.lto_.symbol_nodes.d2341a6,"",%progbits
  27 0000 789C6366 		.ascii	"x\234cf``\340d\200\002V\006\206\205L\365\014\014\000"
  27      6060E064 
  27      80025606 
  27      86854CF5 
  27      0C0C00
  28 0013 05BF0134 		.ascii	"\005\277\0014"
  29              		.text
  30              		.section	.gnu.lto_.refs.d2341a6,"",%progbits
  31 0000 789C6366 		.ascii	"x\234cf```d\200\002\000\000=\000\005"
  31      60606064 
  31      80020000 
  31      3D0005
  32              		.text
  33              		.section	.gnu.lto_.decls.d2341a6,"",%progbits
  34 0000 789C855B 		.ascii	"x\234\205[gx\253Yq\266\256\365yw/\313\007,D\201\033"
  34      6778AB59 
  34      71B6AEF5 
  34      79772FCB 
  34      072C4481 
  35 0015 2094B0B4 		.ascii	" \224\260\264e\023\222P\322 d\023 \005\002!\204\224"
  35      65139250 
  35      D2206413 
ARM GAS  C:\Users\Luggi\AppData\Local\Temp\cckNYdyk.s 			page 2


  35      20050221 
  35      8494
  36 0027 0D1BB25C 		.ascii	"\015\033\262\\\340&p\227,\227$\220@\344\336m\311\275"
  36      E0267097 
  36      2C972490 
  36      40E4DE6D 
  36      C9BD
  37 0039 57B9C85D 		.ascii	"W\271\310]\356U\256r\223{\357r\267\334\273-[.9\337\274"
  37      EE55AE72 
  37      937BEF72 
  37      B7DCBB2D 
  37      5B2E39DF 
  38 004e A327F28F 		.ascii	"\243'\362\217$<\3170\373\236W\247\315\231\2313\347["
  38      243CCF30 
  38      FB9E57A7 
  38      CD999933 
  38      E75B
  39 0060 AFA78787 		.ascii	"\257\247\207\207\307\207\204\334\212\377\275\365S\036"
  39      C78784DC 
  39      8AFFBDF5 
  39      531E
  40 006e 1E3F13FF 		.ascii	"\036?\023\377\254\022\362\025\217\273\377S\3324\236"
  40      AC12F215 
  40      8FBBFF53 
  40      DA349E
  41 007d 77DB0EEF 		.ascii	"w\333\016\357\251\262\023\226\306\356\277P\240\325j"
  41      A9B21396 
  41      C6EEBF50 
  41      A0D56A
  42 008c 83B42D6F 		.ascii	"\203\264-o\376\237v\357\334\206\260\247\354\367T\232"
  42      FE9F76EF 
  42      DC86B0A7 
  42      ECF7549A 
  43 009c FB0423AC 		.ascii	"\373\004#\254I\255\236\004oU\012\236h\016\014|\332\363"
  43      49AD9E04 
  43      6F550A9E 
  43      680E0C7C 
  43      DAF3
  44 00ae 19E59FEF 		.ascii	"\031\345\237\357MO\307\\x\252\356?\037\244\325\372h"
  44      4D4FC75C 
  44      78AAEE3F 
  44      1FA4D5FA 
  44      68
  45 00bf 0FA2B49E 		.ascii	"\017\242\264\236o\367P\275\360@\365\341\007\036\252"
  45      6FF750BD 
  45      F040F5E1 
  45      071EAA
  46 00ce 22D5F3A2 		.ascii	"\"\325\363\242\213*O\365\202\207*_\365@eT=\3600\210"
  46      8B2A4FF5 
  46      82872A5F 
  46      F5406554 
  46      3DF03088 
  47 00e2 B90ED2C7 		.ascii	"\271\016\322\307f\336\251\325\252U\205\252\373\252\002"
  47      66DEA9D5 
  47      AA5585AA 
  47      FBAA02
  48 00f1 9527FD42 		.ascii	"\225'\375B\254Q\231\215\0270\220\024tr\377>\217\031"
ARM GAS  C:\Users\Luggi\AppData\Local\Temp\cckNYdyk.s 			page 3


  48      AC51998D 
  48      17309014 
  48      7472FF3E 
  48      8F19
  49 0103 F4FF8CA9 		.ascii	"\364\377\214\251\254\250\177k\375i\261B\371\276\366"
  49      ACA87F6B 
  49      FD69B142 
  49      F9BEF6
  50 0112 3D0A8E3C 		.ascii	"=\012\216<\030\016\177F\340g\357k\325\012\256+9\351"
  50      180E7F46 
  50      E067EF6B 
  50      D50AAE2B 
  50      39E9
  51 0124 7F03F144 		.ascii	"\177\003\361D\327Gu'x\021Ml\324tm\323S\004o=\025\034"
  51      D7477527 
  51      78114D6C 
  51      D4746DD3 
  51      53046F3D 
  52 013a 3460387C 		.ascii	"4`8|Z\231]\253\325\371j\237\371\242 Teb2\223\230\314"
  52      5A995DAB 
  52      D5F96A9F 
  52      F9A22054 
  52      65623293 
  53 0150 4355A112 		.ascii	"CU\241\022\353T}\350\201\252\034s\347\347\214\315K\317"
  53      EB547DE8 
  53      81AA1C73 
  53      E7E78CCD 
  53      4BCF
  54 0162 E9E8D75A 		.ascii	"\351\350\327Z\355{T\264\255\022\361\363R\372y\245\352"
  54      ED7B54B4 
  54      AD12F1F3 
  54      52FA79A5 
  54      EA
  55 0173 395727B2 		.ascii	"9W'\262\345\351\3227\334\177\\\374\177\375x\377*\304"
  55      E5E9D237 
  55      DC7F5CFC 
  55      7FFD78FF 
  55      2AC4
  56 0185 4FE5F971 		.ascii	"O\345\371q2z\304HN\222\212\016\341\214\360M\316\200"
  56      327AC448 
  56      4E928A0E 
  56      E18CF04D 
  56      CE80
  57 0197 E159C2A7 		.ascii	"\341Y\302\247\204\223&\327N<i\213\367\350\347%\206\343"
  57      849326D7 
  57      4E3C698B 
  57      F7E8E725 
  57      86E3
  58 01a9 3711F474 		.ascii	"7\021\364t\337\261\214\035\257\016\216\233q\300\237"
  58      DFB18C1D 
  58      AF0E8E9B 
  58      71C09F
  59 01b8 55E0CE68 		.ascii	"U\340\316hr\375\263\304Jd\017\377\332Z\231\240\227\002"
  59      72FDB3C4 
  59      4A640FFF 
  59      DA5A99A0 
  59      9702
ARM GAS  C:\Users\Luggi\AppData\Local\Temp\cckNYdyk.s 			page 4


  60 01ca CFB317B7 		.ascii	"\317\263\027\267U\004\237R\240\266\371\266\032\336\360"
  60      55049F52 
  60      A0B6F9B6 
  60      1ADEF0
  61 01d9 6F0A9CEA 		.ascii	"o\012\234\352\216\377\004\221\317((\374\362\260\037"
  61      8EFF0491 
  61      CF2828FC 
  61      F2B01F
  62 01e8 5DEF2B70 		.ascii	"]\357+pC\227_\212\201\337@#\371\037\004\337'\370\254"
  62      43975F8A 
  62      81DF4023 
  62      F91F04DF 
  62      27F8AC
  63 01fb 02CF328B 		.ascii	"\002\3172\213\342\357\323H9\264\205\235\362\214N\234"
  63      E2EFD348 
  63      39B4859D 
  63      F28C4E9C 
  64 020b E21B1568 		.ascii	"\342\033\025h\312\234=\307\216d\232h\321\247\027g\370"
  64      CA9C3DC7 
  64      8E649A68 
  64      D1A71767 
  64      F8
  65 021c 26055A97 		.ascii	"&\005Z\227\035\307\030\372\315\012\0343\255\323\006"
  65      1DC718FA 
  65      CD0A1C33 
  65      ADD306
  66 022b 35F78769 		.ascii	"5\367\207i,\307\362Q?:\277\205\216t71\022\235\237S`"
  66      2CC7F251 
  66      3F3ABF85 
  66      8E743731 
  66      129D9F53 
  67 0240 A2359E97 		.ascii	"\2425\236\227\371V\005\306Zk\347\261\256\267\271\333"
  67      F95605C6 
  67      5A6BE7B1 
  67      AEB7B9DB 
  68 0250 4E03DB35 		.ascii	"N\003\3335'\356\247c\246_P\340pBU\325\033\210=\247\231"
  68      27EEA763 
  68      A65F50E0 
  68      704255D5 
  68      1B883DA7 
  69 0265 E65BDB67 		.ascii	"\346[\333g\236\"Z\243\300\271\241\361B\014\375\2134"
  69      9E225AA3 
  69      C0B9A1F1 
  69      420CFD8B 
  69      34
  70 0276 D3795F27 		.ascii	"\323y_'\316\341\355\012lL5\265J\324\371\217\350\034"
  70      CEE1ED0A 
  70      6C4C35B5 
  70      4AD4F98F 
  70      E81C
  71 0288 8CFA5BAC 		.ascii	"\214\372[\254\362\035t\246\246\346s\314D\236\325{\261"
  71      F21D74A6 
  71      A6E673CC 
  71      449ED57B 
  71      B1
  72 0299 B22111FC 		.ascii	"\262!\021\374%\005\2267\332O1\324;\025hK/*\3079d\321"
  72      25059637 
ARM GAS  C:\Users\Luggi\AppData\Local\Temp\cckNYdyk.s 			page 5


  72      DA4F31D4 
  72      3B15684B 
  72      2F2AC739 
  73 02af 3A92D327 		.ascii	":\222\323'\367\336H\364\273(\004\242\257+\356\021|7"
  73      F7DE48F4 
  73      BB2804A2 
  73      AF2BEE11 
  73      7C37
  74 02c1 4D1C1969 		.ascii	"M\034\031i\301*\177Y\201\025-\205\332{\324\371\203\012"
  74      C12A7F59 
  74      81152D85 
  74      DA7BD4F9 
  74      830A
  75 02d3 1C398EC9 		.ascii	"\0349\216\311\207y\336\253\300`?\303*\266\350\300\026"
  75      8779DEAB 
  75      C0603FC3 
  75      2AB6E8C0 
  75      16
  76 02e4 3BEBBBD5 		.ascii	";\353\273\325D\277O\201\207\371\343\037 \364~\005e\256"
  76      44BF4F81 
  76      87F9E31F 
  76      20F47E05 
  76      65AE
  77 02f6 F45AD1F7 		.ascii	"\364Z\321\367W\024\030\022`\232\202k-P_\373Ai5<\357"
  77      57141812 
  77      609A826B 
  77      2D505FFB 
  77      4169353C 
  78 030b 030A5CF1 		.ascii	"\003\012\\\361\313\011}\206\340\363\356\353\220\261"
  78      CB097D86 
  78      E0F3EEEB 
  78      90B1
  79 0319 8EFCE581 		.ascii	"\216\374\345\201(\354\341C\0124\353cG1\326\004\215u"
  79      28ECE143 
  79      0A34EB63 
  79      4731D604 
  79      8D75
  80 032b D43C3987 		.ascii	"\324<9\207u|\230\014r]\026\215e^\020}2Y\231\206\301"
  80      757C980C 
  80      725D168D 
  80      655E107D 
  80      32599986 
  81 0340 3E420B6B 		.ascii	">B\013k\030h\206;}T\2013\203\246%\034\314\013\356\346"
  81      1868863B 
  81      7D548133 
  81      83A6251C 
  81      CC0BEEE6 
  82 0354 D2C05C19 		.ascii	"\322\300\\\031+\033\3430\356\307\310\311O\034;\260\217"
  82      2B1BE330 
  82      EEC7C8C9 
  82      4F1C3BB0 
  82      8F
  83 0365 13296FAE 		.ascii	"\023)o\2564\010\273xQ\201\323\2335+\230\351W\351(\316"
  83      3408BB78 
  83      5181D39B 
  83      352B98E9 
  83      57E928CE 
ARM GAS  C:\Users\Luggi\AppData\Local\Temp\cckNYdyk.s 			page 6


  84 0379 6D6D30EE 		.ascii	"mm0\356\257)\260/4=\021\235[p2%\015f\214\375qrMKZ\004"
  84      AF29B02F 
  84      343D119D 
  84      5B703225 
  84      0D668CFD 
  85 0393 5CF58AE8 		.ascii	"\\\365\212\350\274\232\325\011\304\327\257+\360t\266"
  85      BC9AD509 
  85      C4D7AF2B 
  85      F074B6
  86 03a2 62164EF0 		.ascii	"b\026N\360\033\012\274\255\236\\\002\373\233\012\264"
  86      1B0ABCAD 
  86      9E5C02FB 
  86      9B0AB4
  87 03b1 F869DF4E 		.ascii	"\370i\337N}\373\221\025\256w\375\260\307O\220\261\215"
  87      7DFB9115 
  87      AE77FDB0 
  87      C74F90B1 
  87      8D
  88 03c2 997188A8 		.ascii	"\231q\210\250\033\242\033\266\256\307\341\330\237\244"
  88      1BA21BB6 
  88      AEC7E1D8 
  88      9FA4
  89 03d0 5D5DC605 		.ascii	"]]\306\005\303\370\237\2424\337R<\212e\177\232\302>"
  89      C3F89FA2 
  89      34DF523C 
  89      8A657F9A 
  89      C23E
  90 03e2 BFE50CCB 		.ascii	"\277\345\014\313\376\232\002\327\213\266\254\230\370"
  90      FE9A02D7 
  90      8BB6AC98 
  90      F8
  91 03ef B714D895 		.ascii	"\267\024\330\225j/W\023K#\327\345N7\340(~[\201k\211"
  91      6A2F5713 
  91      4B23D7E5 
  91      4E37E028 
  91      7E5B816B 
  92 0404 A79370E4 		.ascii	"\247\223p\344\337\241-j\035\335X\326\357*\260\254\271"
  92      DFA12D6A 
  92      1DDD58D6 
  92      EF2AB0AC 
  92      B9
  93 0415 90E6D5DC 		.ascii	"\220\346\325\334\377\007\332\222\251m\036#\377\236{"
  93      FF07DA92 
  93      A96D1E23 
  93      FF9E7B
  94 0424 6ED2706E 		.ascii	"n\322pnZ9J\200\265>\343\236\252d\244\252\362\354\234"
  94      5A394A80 
  94      B53EE39E 
  94      AA64A4AA 
  94      F2EC9C
  95 0437 6A6CE1F7 		.ascii	"jl\341\367\025h86\024\001~\216`l\\\021\302\353iZF\234"
  95      15683836 
  95      14017E8E 
  95      606C5C11 
  95      C2EB695A 
  96 044d A916A6FC 		.ascii	"\251\026\246\374\003\012\257\216\306Nx\352K\012,\250"
  96      030AAF8E 
ARM GAS  C:\Users\Luggi\AppData\Local\Temp\cckNYdyk.s 			page 7


  96      C64E78EA 
  96      4B0A2CA8 
  97 045d 0D716291 		.ascii	"\015qb\221\177H\266s6\277\217\272\376\261{\240\312\010"
  97      7F48B673 
  97      36BF8FBA 
  97      FEB17BA0 
  97      CA08
  98 046f 5457E6D2 		.ascii	"TW\346\322 s\315l\247N\201\375<\2459\277\220=\354\376"
  98      2073CD6C 
  98      A74E81FD 
  98      3CA539BF 
  98      903DECFE 
  99 0483 0B641B93 		.ascii	"\013d\033\223\356\002\236\366E\367\015i\260!\236G\306"
  99      EE029EF6 
  99      45F70D69 
  99      B0219E47 
  99      C6
 100 0494 3CAE3CA5 		.ascii	"<\256<\245A\236J\034\263G`\244?\241\337\266\372\372"
 100      419E4A1C 
 100      B34760A4 
 100      3FA1DFB6 
 100      FAFA
 101 04a6 C3EDFE94 		.ascii	"\303\355\376\2242\221\277~\010F\3773\005\366'.V\312"
 101      3291BF7E 
 101      0846FF33 
 101      05F6272E 
 101      56CA
 102 04b8 D4F780CE 		.ascii	"\324\367\200\316dlb\315\206\375}\311=1i\220\230\226"
 102      646C62CD 
 102      86FD7DC9 
 102      3D316990 
 102      9896
 103 04ca 7BAF07C1 		.ascii	"{\257\007\301~Y\201m\272\2454\014\375\347\264\005\363"
 103      7E59816D 
 103      BAA5340C 
 103      FDE7B405 
 103      F3
 104 04db 0E07E257 		.ascii	"\016\007\342W\010\006\207\326?M}\377I\201U}\0263N\354"
 104      080687D6 
 104      3F4D7DFF 
 104      4981557D 
 104      16334EEC 
 105 04ef ABE456D9 		.ascii	"\253\344V\331\201\345\260\372_\270;\216\014\307\231"
 105      81E5B0FA 
 105      5FB83B8E 
 105      0CC799
 106 04fe 8E28DE80 		.ascii	"\216(\336\200\323\375\245\002Sc}v1T\025\255R\277\177"
 106      D3FDA502 
 106      53637D76 
 106      315415AD 
 106      52BF7F
 107 0511 D986757C 		.ascii	"\331\206u|\335=}h\220>\316\214\207s\260\354_)p\264\256"
 107      DD3D7D68 
 107      903ECE8C 
 107      8773B0EC 
 107      5F2970B4 
 108 0526 3613437F 		.ascii	"6\023C\177\203\322xcL.&\376k\202\3255i\270\003\347i"
ARM GAS  C:\Users\Luggi\AppData\Local\Temp\cckNYdyk.s 			page 8


 108      83D27863 
 108      4C2E26FE 
 108      6B82D535 
 108      69B803E7 
 109 053b E8DB8D8C 		.ascii	"\350\333\215\214f\030\376o\334#^\203\210O\250/\015\201"
 109      6618FE6F 
 109      DC235E83 
 109      884FA82F 
 109      0D81
 110 054d 27FD2DDD 		.ascii	"'\375-\3356\306\211+\030\363\357\024\030\037\263\265"
 110      36C6892B 
 110      18F3EF14 
 110      181FB3B5 
 111 055d 8265BD4C 		.ascii	"\202e\275L\356\276<\377a\352\272A#\207^\033\346\341"
 111      EEBE3CFF 
 111      61EABA41 
 111      23875E1B 
 111      E6E1
 112 056f 947FEF1E 		.ascii	"\224\177\357\036v\032\204\235\363\350\272\003\313\372"
 112      761A849D 
 112      F3E8BA03 
 112      CBFA
 113 057d A6021757 		.ascii	"\246\002\027W\232o1\324+\356\336/\303\373C\016\002F"
 113      9A6F31D4 
 113      2BEEDE2F 
 113      C3FB430E 
 113      0246
 114 058f 702CB334 		.ascii	"p,\2634\364\264\371b\020n\370-\352\274h\336E\347\177"
 114      F4B4F962 
 114      106EF82D 
 114      EABC68DE 
 114      45E77F
 115 05a2 A465754C 		.ascii	"\244euL\264\300\362\257R\372\264\304Na\035\337\246\015"
 115      B4C0F2AF 
 115      52FAB4C4 
 115      4E611DDF 
 115      A60D
 116 05b4 5F5B1C08 		.ascii	"_[\034\010\254&\024\001\026g\005\306z\350\356M\032x"
 116      AC261401 
 116      166705C6 
 116      7AE8EE4D 
 116      1A78
 117 05c6 5380B3D0 		.ascii	"S\200\263\320\000\347\372\016\035\304P\033[\353\273"
 117      00E7FA0E 
 117      1DC4501B 
 117      5BEBBB
 118 05d5 94A57423 		.ascii	"\224\245t#\211\010\226\357\321\320\007\371\327\330\242"
 118      890896EF 
 118      D1D007F9 
 118      D7D8A2
 119 05e4 9E86CE37 		.ascii	"\236\206\3167\267;\321\371\221\3739ipN.\177\221\341"
 119      B73BD1F9 
 119      91FB3969 
 119      704E2E7F 
 119      91E1
 120 05f6 2F6D4D4B 		.ascii	"/mMK\257\020\372g\005\005^\344\257a\017\337w?D\015\016"
 120      AF10FA67 
ARM GAS  C:\Users\Luggi\AppData\Local\Temp\cckNYdyk.s 			page 9


 120      05055EE4 
 120      AF610FDF 
 120      773F440D 
 121 060b 71F72226 		.ascii	"q\367\"&\014[\372\201\373\2065\330px\332\344\014\234"
 121      0C5BFA81 
 121      FB8635D8 
 121      7078DAE4 
 121      0C9C
 122 061d E9B102C7 		.ascii	"\351\261\002\307\017\3438\261\274\246\300\364\210\362"
 122      0FE338B1 
 122      BCA6C0F4 
 122      88F2
 123 062b 0B38F10F 		.ascii	"\0138\361\017\025\350\252\0114\250\011\012\327\016\354"
 123      15E8AA09 
 123      34A8090A 
 123      D70EEC
 124 063a 18F95FDC 		.ascii	"\030\371_\334\241\00604\305\320\202\375\276N\213\214"
 124      A1063034 
 124      C5D082FD 
 124      BE4E8B8C 
 125 064a DA4D85DD 		.ascii	"\332M\205\335\177\244@\377\255\376m\260O\2105\007\350"
 125      7FA440FF 
 125      ADFE6DB0 
 125      4F883507 
 125      E8
 126 065b 10FF3564 		.ascii	"\020\3775d\215\363\361\246w\021\373c\362\322\233\201"
 126      8DF3F1A6 
 126      7711FB63 
 126      F2D29B81 
 127 066b 76ACF9BF 		.ascii	"v\254\371\277h\367g\226*\254\352_)\353r\301$\243`2\215"
 127      68F76796 
 127      2AACEA5F 
 127      29EB72C1 
 127      24A36032 
 128 0680 DB27B1A3 		.ascii	"\333'\261\243\177'7\314\315[\305D?!\317\012\364\233"
 128      7F2737CC 
 128      CD5BC544 
 128      3F21CF0A 
 128      F49B
 129 0692 473844D2 		.ascii	"G8D\322Dk\345\263\345\350\374S:\177\347 {\351\177\220"
 129      446BE5B3 
 129      E5E8FC53 
 129      3A7FE720 
 129      7BE97F90 
 130 06a6 39F6A7CC 		.ascii	"9\366\247\314\030\353?\351\002\034\311\3722\241\237"
 130      18EB3FE9 
 130      021CC9FA 
 130      32A19F
 131 06b5 51DED12F 		.ascii	"Q\336\321/\236\341\004\323i\250\232\241\372\015\330"
 131      9EE104D3 
 131      69A89AA1 
 131      FA0DD8
 132 06c4 EEE7EE8B 		.ascii	"\356\347\356\213\226\261\350\330\306\224(x\251\226~"
 132      96B1E8D8 
 132      C6942878 
 132      A9967E
 133 06d3 6D0CD485 		.ascii	"m\014\324\205cho\302E:\335.|\311D\370\"e6\002\233\364"
ARM GAS  C:\Users\Luggi\AppData\Local\Temp\cckNYdyk.s 			page 10


 133      63686FC2 
 133      453ADD2E 
 133      7CC944F8 
 133      22653602 
 134 06e9 213C109C 		.ascii	"!<\020\234\3015\244/\341\332\271\344s\360~*\367kM\203"
 134      C135A42F 
 134      E1DAB9E4 
 134      73F07E2A 
 134      F76B4D83 
 135 06fd 6B6DD77A 		.ascii	"km\327z\353\217\305\370\023]8\356\030\307\345\323\216"
 135      EB8FC5F8 
 135      135D38EE 
 135      18C7E5D3 
 135      8E
 136 070e E1AA5B96 		.ascii	"\341\252[\226\320=\200p\302M\360\014\3162\220pes\305"
 136      D03D8070 
 136      C24DF00C 
 136      CE329070 
 136      6573C5
 137 0721 11A60B22 		.ascii	"\021\246\013\"\354\252\2444\250\244:\213\313\352\320"
 137      ECAAA434 
 137      A8A43A8B 
 137      CBEAD0
 138 0730 3D18F764 		.ascii	"=\030\367d@\300\363\004C`\325R\373\010\262L(\341\336"
 138      40C0F304 
 138      4360D552 
 138      FB08B24C 
 138      28E1DE
 139 0743 DB686FE0 		.ascii	"\333ho\3400\302\321\207#6\270h\005\341\230\376\366\005"
 139      30C2D187 
 139      2336B868 
 139      05E198FE 
 139      F605
 140 0755 0C178E4C 		.ascii	"\014\027\216L\253\277\306]\261Ip\371\254\365\213\304"
 140      ABBFC65D 
 140      B14970F9 
 140      ACF58BC4 
 141 0765 46A8DCCF 		.ascii	"F\250\334\317P\3463,\267\244\355\343\014u\204\315i\235"
 141      50E6332C 
 141      B7A4EDE3 
 141      0C7584CD 
 141      699D
 142 0777 0B283D8E 		.ascii	"\013(=\216T\356\241&s\250\205T\367\305`/\327\204gs{"
 142      54EEA126 
 142      73A88554 
 142      F7C5602F 
 142      D7846773 
 143 078c BC511545 		.ascii	"\274Q\025E\021\256\266\331\270\230\215\206\251\007\262"
 143      11AEB6D9 
 143      B8988D86 
 143      A907B2
 144 079b CCC031B0 		.ascii	"\314\3001\260\345D\356%L\335\206\214{\340<\305I\307"
 144      E544EE25 
 144      4CDD868C 
 144      7BE03CC5 
 144      49C7
 145 07ad 127615C3 		.ascii	"\022v\025\303\032\024\3037a\267K0m\034\022RvJ\005\246"
ARM GAS  C:\Users\Luggi\AppData\Local\Temp\cckNYdyk.s 			page 11


 145      1A14C337 
 145      61B74B30 
 145      6D1C1252 
 145      764A05A6 
 146 07c1 8B4711B1 		.ascii	"\213G\021\261xT\206\274\231@\330U\210kP"
 146      785486BC 
 146      9940D855 
 146      886B50
 147 07d0 88072744 		.ascii	"\210\007'D\345\302Q\022\221(\270\206\323\240\206\313"
 147      E5C25112 
 147      9128B886 
 147      D3A086CB 
 148 07e0 B10D6661 		.ascii	"\261\015fa\363IDWE\224\3320Z2aC\345\3466fO!\234\336"
 148      F3494457 
 148      4594DA30 
 148      5A326143 
 148      E5E63666 
 149 07f8 D5D10547 		.ascii	"\325\321\005G\350\000?\321\264\203\033 \025\306\342"
 149      E8003FD1 
 149      B4831B20 
 149      15C6E2
 150 0807 E24183E2 		.ascii	"\342A\203\342!u\3144\200\275\247\251\334\235^f\247\357"
 150      2175CC34 
 150      80BDA7A9 
 150      DC9D5E66 
 150      A7EF
 151 0819 189E2DC4 		.ascii	"\030\236-\304\311e\020\366\211\274\346b\243\207p\247"
 151      C96510F6 
 151      89BCE662 
 151      A38770A7 
 152 0829 DDB68BE1 		.ascii	"\335\266\213\3413\011\273\252j\231\253j\323\351\262"
 152      3309BBAA 
 152      6A99AB6A 
 152      D3E9B2
 153 0838 1DBBCB86 		.ascii	"\035\273\313\206\355\233\353\327aK\003a\327[I\203\267"
 153      ED9BEBD7 
 153      614B0361 
 153      D75B4983 
 153      B7
 154 0849 92EB4923 		.ascii	"\222\353I#\363\223f\275\270\371-\004s\341\265\243c\015"
 154      F39366BD 
 154      B8F92D04 
 154      73E1B5A3 
 154      630D
 155 085b E89D87CD 		.ascii	"\350\235\207\315Yu\211\300\371\010\222\012K\017vcT\271"
 155      597589C0 
 155      F908920A 
 155      4B0F7663 
 155      54B9
 156 086d 07A58683 		.ascii	"\007\245\206\203\362\\k\033\301n\012\200\253\2127\260"
 156      F25C6B1B 
 156      C16E0A80 
 156      AB8A37B0 
 157 087d FA42C205 		.ascii	"\372B\302\005K'}0n\021\341v\373Y*V\327H\270\330R\031"
 157      4B277D30 
 157      6E11E176 
 157      FB592A56 
ARM GAS  C:\Users\Luggi\AppData\Local\Temp\cckNYdyk.s 			page 12


 157      D748B8D8 
 158 0893 83DD15AB 		.ascii	"\203\335\025\253\334\217^\303G\037\262m\263\342N,!\334"
 158      DC8F5EC3 
 158      471FB26D 
 158      B3E24E2C 
 158      21DC
 159 08a5 127B68C0 		.ascii	"\022{h\300vJQ\200\327F&\343\312(\273\223\024dN\012\256"
 159      764A5180 
 159      D74626E3 
 159      CA28BB93 
 159      14644E0A 
 160 08ba F1353C7E 		.ascii	"\3615<~\315\266\357\022\222J\371\235\270\2229\256\002"
 160      CDB6EF12 
 160      924AF99D 
 160      B89239AE 
 160      02
 161 08cb 676F8D38 		.ascii	"go\2158\255JX\233\237|\032<\371\\\245\203\314\245\203"
 161      AD4A589B 
 161      9F7C1A3C 
 161      F95CA583 
 161      CCA583
 162 08de 3578210F 		.ascii	"5x!\017\333\255V\271ge\231\263rj\351\251\003\303\327"
 162      DBAD56B9 
 162      676599B3 
 162      726AE9A9 
 162      03C3D7
 163 08f1 627B3559 		.ascii	"b{5YS\310\200V\344\254\014#?\250\352\020X\301z_\230"
 163      53C88056 
 163      E4AC0C23 
 163      3FA8EA10 
 163      58C17A5F 
 164 0906 670A9578 		.ascii	"g\012\225x~\314<\266_\217\007\305y\017\007n\303\035"
 164      7ECC3CB6 
 164      5F8F07C5 
 164      790F076E 
 164      C31D
 165 0918 73CA6C4E 		.ascii	"s\312lN\327\365+\363\365\333\271\321\224\203\371\366"
 165      D7F52BF3 
 165      F5DBB9D1 
 165      9483F9F6 
 166 0928 D03FBBB4 		.ascii	"\320?\273\264\016\3535\023n\325\357\227!\262\232\011"
 166      0EEB3513 
 166      6ED5EF97 
 166      21B29A09 
 167 0938 BB1E0A32 		.ascii	"\273\036\0122?\024\346\346G\034(\015\346\220W6\003\272"
 167      3F14E6E6 
 167      471C280D 
 167      E6905736 
 167      03BA
 168 094a E01EAD77 		.ascii	"\340\036\255w\336\370\032\274\361]q.s\234\273r\250\314"
 168      DEF81ABC 
 168      F15D712E 
 168      739CBB72 
 168      A8CC
 169 095c 39D4154A 		.ascii	"9\324\025J2\207\222\275\264%\006\333\263\020\036\251"
 169      328792BD 
 169      B42506DB 
ARM GAS  C:\Users\Luggi\AppData\Local\Temp\cckNYdyk.s 			page 13


 169      B3101EA9 
 170 096c DF3AC676 		.ascii	"\337:\306v:\011oEV\315\303\273\272\010\227\016f:\021"
 170      3A096F45 
 170      56CDC3BB 
 170      BA08970E 
 170      663A11
 171 097f 9ADD77EA 		.ascii	"\232\335w\352K\015\352KW(\311\034J\256\347\227\006\317"
 171      4B0DEA4B 
 171      5728C91C 
 171      4AAEE797 
 171      06CF
 172 0991 AFAD868A 		.ascii	"\257\255\206\212\015\320\275w\016C\346\303\210\361]"
 172      0DD0BD77 
 172      0E43E6C3 
 172      88F15D
 173 09a0 76C2187D 		.ascii	"v\302\030}\204\371e#\363\313\306\365\204\320\340\011"
 173      84F96523 
 173      F3CBC6F5 
 173      84D0E009 
 174 09b0 717D9035 		.ascii	"q}\2205\006S\014\300\323G\366\0160\372 \2166\272\273"
 174      06530CC0 
 174      D347F60E 
 174      30FA208E 
 174      36BABB
 175 09c3 10B61842 		.ascii	"\020\266\030Bd\361\303@\203\207\201\353\363\200\314"
 175      64F1C340 
 175      838781EB 
 175      F380CC
 176 09d2 9F075CC5 		.ascii	"\237\007\\\305\260\006\305\260\365\242i\032\2164\002"
 176      B006C5B0 
 176      F5A2691A 
 176      8E3402
 177 09e1 479A3B2D 		.ascii	"G\232;-\303\301\216b\355\025\215\374\375h\354N\334i"
 177      C3C18E62 
 177      ED158DFC 
 177      FD68EC4E 
 177      DC69
 178 09f3 38EED2AE 		.ascii	"8\356\322\256'\373\261\267q\302\256\202P\203\202\320"
 178      27FBB1B7 
 178      71C2AE82 
 178      508382D0 
 179 0a03 F58E95F9 		.ascii	"\365\216\225\371\035;\024\225\254\303j&\357\370\241"
 179      1D3B1495 
 179      ACC36A26 
 179      EFF8A1
 180 0a12 CC7ED853 		.ascii	"\314~\330Sz8\204\356[\204\317\032L\235\370\3754aW\311"
 180      7A3884EE 
 180      5B84CF1A 
 180      4C9DF8FD 
 180      346157C9 
 181 0a26 A441C964 		.ascii	"\244A\311d\014\216p`\366\031D1W\2302W\230.\267\222\331"
 181      0C8E7060 
 181      F6194431 
 181      57983257 
 181      982EB792 
 182 0a3b AD5C65B3 		.ascii	"\255\\e\263\314e\263\253\250\320\240\250p\275\340e~"
 182      CC65B3AB 
ARM GAS  C:\Users\Luggi\AppData\Local\Temp\cckNYdyk.s 			page 14


 182      A8D0A0A8 
 182      70BDE065 
 182      7E
 183 0a4c C1D778CF 		.ascii	"\301\327x\317f\341\3476\334\007\216\352<\254v\361\316"
 183      66E1E736 
 183      DC078EEA 
 183      3CAC76F1 
 183      CE
 184 0a5d E5A8E1CB 		.ascii	"\345\250\341\313\361\326\274e\201\333,\335\271\2525"
 184      F1D6BC65 
 184      81DB2CDD 
 184      B9AA35
 185 0a6c 7C55CF1C 		.ascii	"|U\317\034\014\216\303\015\227\261\333\226\2414,\177"
 185      0C8EC30D 
 185      97B1DB96 
 185      A1342C7F 
 186 0a7c 057E9462 		.ascii	"\005~\224b\360\306\370\253*wG\322\260#]\336\354Y1\376"
 186      F0C6F8AB 
 186      2A7747D2 
 186      B0235DDE 
 186      EC5931FE 
 187 0a90 DA9DEB50 		.ascii	"\332\235\353P\303\327aRY\304\317\211^'\310\225\274\314"
 187      C3D76152 
 187      59C4CF89 
 187      5E27C895 
 187      BCCC
 188 0aa2 957CC064 		.ascii	"\225|\300d\000\277T\355\356W\271\314W\271\353\272\321"
 188      00BF54ED 
 188      EE57B9CC 
 188      57B9EBBA 
 188      D1
 189 0ab3 F075E33A 		.ascii	"\360u\343:\012\231\217\242\362|)\006\306\331\306fb{"
 189      0A998FA2 
 189      F27C2906 
 189      C6D9C666 
 189      627B
 190 0ac5 F611633B 		.ascii	"\366\021c;wbJ\3031\265;5\027\002\317\332\275\223\"d"
 190      77624AC3 
 190      31B53B35 
 190      1702CFDA 
 190      BD932264 
 191 0ad9 4E117E93 		.ascii	"N\021~\223A\203\030o\237\260\353M'\363\233nu:<\010\313"
 191      4183186F 
 191      9FB0EB4D 
 191      27F39B6E 
 191      753A3C08 
 192 0aee 3DBC93E1 		.ascii	"=\274\223\3415\234\341]\265\204\314\265\204.y\277\001"
 192      359CE15D 
 192      B584CCB5 
 192      842E79BF 
 192      01
 193 0aff FD8F090F 		.ascii	"\375\217\011\017G\345o\203?\201'\363gC\231?\033\272"
 193      47E56F83 
 193      3F8127F3 
 193      6743993F 
 193      1BBA
 194 0b11 3E2BCAFC 		.ascii	">+\312\374Y\321\365uK\346\257[\256OA2\177\012r}s\221"
ARM GAS  C:\Users\Luggi\AppData\Local\Temp\cckNYdyk.s 			page 15


 194      59D1F575 
 194      4BE6AF5B 
 194      AE4F4132 
 194      7F0A727D 
 195 0b27 F99B8B2B 		.ascii	"\371\233\213+\203k8\203\217w$\015b\277\227\204]\037"
 195      836B3883 
 195      8F77240D 
 195      62BF9784 
 195      5D1F
 196 0b39 5264FE90 		.ascii	"Rd\376\220\342\372\370!\363\307\017W\371\253A\371\353"
 196      E2FAF821 
 196      F3C70F57 
 196      F9AB41F9 
 196      EB
 197 0b4a 2A7D642E 		.ascii	"*}d.}\\\031_\303\031\337\365\201C\346\017\034\256O\323"
 197      7D5C195F 
 197      C319DFF5 
 197      8143E60F 
 197      1CAE4FD3 
 198 0b5e 327F9A6E 		.ascii	"2\177\232n\3503\226b:-\245\310\223\\m-\226\353Mx/\241"
 198      E8339662 
 198      3A2DA5C8 
 198      935C6D2D 
 198      96EB4D78 
 199 0b74 6F08BC0F 		.ascii	"o\010\274\017\341\371\326\251Y\370\222/\341\264\240"
 199      E1F9D6A9 
 199      59F8922F 
 199      E1B4A0
 200 0b83 86251C8F 		.ascii	"\206%\034\217\037\341\332\254P=\314\345O\3702\261~\027"
 200      1FE1DAAC 
 200      503DCCE5 
 200      4FF832B1 
 200      7E17
 201 0b95 E60D20DC 		.ascii	"\346\015 \334\237\3360\204\371\003\011\237\335.&\243"
 201      9FDE3084 
 201      F903099F 
 201      DD2E26A3 
 202 0ba5 7F10E192 		.ascii	"\177\020\341\222\233\270q\360\301\300\247\332(l?\204"
 202      9BB871F0 
 202      C1C0A7DA 
 202      286C3F84 
 203 0bb5 70FBE1A9 		.ascii	"p\373\341\251\035\353\011%\354\210\266\214\240\177\030"
 203      1DEB0925 
 203      EC88B68C 
 203      A07F18
 204 0bc4 F89A313D 		.ascii	"\370\2321=\326\037N\370\374\346x\021\307\031A\2708\251"
 204      D61F4EF8 
 204      FCE67811 
 204      C71941B8 
 204      38A9
 205 0bd6 3D1EE345 		.ascii	"=\036\343E\022n\331\277\264\302>:\302\307\211'\354\236"
 205      126ED9BF 
 205      B4C23E3A 
 205      C2C78927 
 205      EC9E
 206 0be8 7AC2CE88 		.ascii	"z\302\316\210\313\317\020\214\"\330\352\314\353\201"
 206      CBCF108C 
ARM GAS  C:\Users\Luggi\AppData\Local\Temp\cckNYdyk.s 			page 16


 206      22D8EACC 
 206      EB81
 207 0bf6 774763BB 		.ascii	"wGc\273\371Q\351\350\036\003\3638\322\270\250\217%\034"
 207      F951E9E8 
 207      1E03F338 
 207      D2B8A88F 
 207      251C
 208 0c08 B3A83BC5 		.ascii	"\263\250;\305\005\032G8al\227/\250x\302C\266\036\316"
 208      051A4738 
 208      616C972F 
 208      A878C243 
 208      B61ECE
 209 0c1b 2C098413 		.ascii	",\011\204\023+L\213\030?\221\360\370\241i\027\277O\""
 209      2B4C8B18 
 209      3F91F0F8 
 209      A16917BF 
 209      4F22
 210 0c2d BC95B9FA 		.ascii	"\274\225\271\372\230`2v\273b1a\367)\204\217\252\255"
 210      98603276 
 210      BB623161 
 210      F729848F 
 210      AAAD
 211 0c3f C5982E95 		.ascii	"\305\230.\225\260\255\333\266\216\345\245\021\016\357"
 211      B0ADDBB6 
 211      8EE5A511 
 211      0EEF
 212 0c4d AB4F47F0 		.ascii	"\253OG\360\244\023\356\354\037^\305\360\031\204/\274"
 212      A413EEEC 
 212      1F5EC5F0 
 212      19842FBC 
 213 0c5d 373270BA 		.ascii	"72p\272\231\204W\317\332\227a\215,\302U\333\266\016"
 213      998457CF 
 213      DA97618D 
 213      2CC255DB 
 213      B60E
 214 0c6f F4CF265C 		.ascii	"\364\317&\\j\010\270\301i\031\010o^7\352\221\251r\010"
 214      6A08B8C1 
 214      6919086F 
 214      5E37EA91 
 214      A97208
 215 0c82 2FE62D3D 		.ascii	"/\346-=\"\230K\320\256O\263b\271y\204\327\314\231\274"
 215      22984BD0 
 215      AE4FB362 
 215      B97984D7 
 215      CC99BC
 216 0c95 FB7CC283 		.ascii	"\373|\302\203smyX\256\221poc\005\277)\013\010\317T\352"
 216      736D7958 
 216      AE91706F 
 216      6305BF29 
 216      0B08CF54 
 217 0caa 33609D42 		.ascii	"3`\235B\302}\301\223M\340\2130\336B*;{1\341\374\326"
 217      C27DC193 
 217      4DE08B30 
 217      DE422A3B 
 217      7B31E1FC 
 218 0cbf 86446CA7 		.ascii	"\206Dl\247\004\2777\217\315quF\330\234<\030\217\345"
 218      04BF378F 
ARM GAS  C:\Users\Luggi\AppData\Local\Temp\cckNYdyk.s 			page 17


 218      CD717546 
 218      D89C3C18 
 218      8FE5
 219 0cd1 97E1F0AD 		.ascii	"\227\341\360\255\306Kl\317Dx\243\275\"\030\270\234\360"
 219      C64B6CCF 
 219      4478A3BD 
 219      2218B89C 
 219      F0
 220 0ce2 C079B71D 		.ascii	"\300y\267\035\363U\020\236\325\367\266\303\331*\011"
 220      F355109E 
 220      D5F7B6C3 
 220      D92A09
 221 0cf1 57962F72 		.ascii	"W\226/r\356\250\"\274\234\333\371M\202\325\360\275\234"
 221      EEA822BC 
 221      9CDBF94D 
 221      82D5F0BD 
 221      9C
 222 0d02 CD012CBF 		.ascii	"\315\001,\277\206p\360pa\024\246\257\305\360aQ\374\301"
 222      8670F070 
 222      6114A6AF 
 222      C5F06151 
 222      FCC1
 223 0d14 BE8E7056 		.ascii	"\276\216pVb_2\226[O\270\255\3626\023|\003\341\355\263"
 223      625F3296 
 223      5B4FB8AD 
 223      F236137C 
 223      03E1EDB3 
 224 0d28 CB32F46F 		.ascii	"\3132\364o\004\277\237\032\207\3556\021>m\351\350\302"
 224      04BF9F1A 
 224      87ED3611 
 224      3E6DE9E8 
 224      C2
 225 0d39 F2CD8443 		.ascii	"\362\315\204C\363\303\341\372\315\010M\377\321\000."
 225      F3C3E1FA 
 225      CD084DFF 
 225      D1002E
 226 0d48 A6084F26 		.ascii	"\246\010O&\370\265!T[\021\232\311\276|K\266\021\276"
 226      F8B52154 
 226      5B119AC9 
 226      BE7C4BB6 
 226      11BE
 227 0d5a AA0FACC7 		.ascii	"\252\017\254\307t\355\230\276\316p\005g\353 \034;\274"
 227      74ED98BE 
 227      CE700567 
 227      EB201C3B 
 227      BC
 228 0d6b D789ED59 		.ascii	"\327\211\355Y\010\373v{O\302\032\235p\256\335\353#\256"
 228      08FB767B 
 228      4FC21A9D 
 228      70AEDDEB 
 228      23AE
 229 0d7d 96086796 		.ascii	"\226\010g\226L\305`{\335\010uC\325w\011\366 \224\332"
 229      4CC5607B 
 229      DD087543 
 229      D57709F6 
 229      2094DA
 230 0d90 466AB0BC 		.ascii	"Fj\260\274^\254~~M\017l%\234Z7\\\007\337\355#\\P\244"
ARM GAS  C:\Users\Luggi\AppData\Local\Temp\cckNYdyk.s 			page 18


 230      5EAC7E7E 
 230      4D0F6C25 
 230      9C5A375C 
 230      07DFED23 
 231 0da7 3362BA7E 		.ascii	"3b\272~\302\243kG\374\357;\006\010\247Dy;\261\274A\302"
 231      C2A36B47 
 231      FCEF3B06 
 231      08A74479 
 231      3BB1BC41 
 232 0dbc 4B05FE87 		.ascii	"K\005\376\207X\316\020\246O\271:\203\265\206\011W_\345"
 232      58CE10A6 
 232      4FB93A83 
 232      B5860957 
 232      5FE5
 233 0dce 15C09A23 		.ascii	"\025\300\232#|\230\233\205\340G\011w-V\360\307\3031"
 233      7C989B85 
 233      E0470977 
 233      2D56F0C7 
 233      C331
 234 0de0 C239B665 		.ascii	"\3029\266e\035\3267N\270,\263,\006\346\233@*H\327ec"
 234      1DD6374E 
 234      B82CB32C 
 234      06E69B40 
 234      2A48D765 
 235 0df5 BC49C241 		.ascii	"\274I\302A\226\376@\230o\212\360\215\331\306\305\351"
 235      96FE4098 
 235      6F8AF08D 
 235      D9C6C5E9 
 236 0e05 34614B9D 		.ascii	"4aK\235\217\021\2614C8>\317/\016\346\237\205\263\305"
 236      8F11B134 
 236      43383ECF 
 236      2F0EE69F 
 236      85B3C5
 237 0e18 DE5C63BE 		.ascii	"\336\\c\2769\302\303\273g7\\\244\020\216\3646\005a\276"
 237      39C2C3BB 
 237      67375CA4 
 237      108EF436 
 237      0561BE
 238 0e2b 05C24557 		.ascii	"\005\302EW+6\364\267!wtg\316b\376E\034\307M\316;\010"
 238      2B36F4B7 
 238      21777467 
 238      CE62FE45 
 238      1CC74DCE 
 239 0e41 2E114C9F 		.ascii	".\021L\237\261\365\241\3732N\333\350\303\037CV\220\310"
 239      B1F5A1FB 
 239      324EDBE8 
 239      C31F4356 
 239      90C8
 240 0e53 43768A30 		.ascii	"Cv\2120\375*b\257d\370K\004\327\010\206Y/,\260\366:"
 240      FD2A62AF 
 240      64F84B04 
 240      D7088659 
 240      2F2CB0F6 
 241 0e68 E7D9AD09 		.ascii	"\347\331\255\011X{\203p^\321\205\005\326\263\303\032"
 241      587B8370 
 241      5ED18505 
 241      D6B3C31A 
ARM GAS  C:\Users\Luggi\AppData\Local\Temp\cckNYdyk.s 			page 19


 242 0e78 BD85AB18 		.ascii	"\275\205\253\030~\023\316\347\037\345\304\360[\010\345"
 242      7E13CEE7 
 242      1FE5C4F0 
 242      5B08E5
 243 0e87 CCCE6E38 		.ascii	"\314\316n8\3476R\311Bf'Nc\207\360\301Y\3361N\177\227"
 243      E73652C9 
 243      4266274E 
 243      6387F0C1 
 243      59DE314E 
 244 0e9d B035B7AE 		.ascii	"\2605\267\256\015\313\337\2037$\330N`\235}\234F\345"
 244      0DCBDF83 
 244      3724D84E 
 244      609D7D9C 
 244      46E5
 245 0eaf 661EAC71 		.ascii	"f\036\254q@xw\2407\005\336t\210D\335\234\327\200\365"
 245      407877A0 
 245      3705DE74 
 245      8844DD9C 
 245      D780F5
 246 0ec2 1DE1F7DA 		.ascii	"\035\341\367\332\344X\354\347\230\260\351\244)\020\343"
 246      E458ECE7 
 246      98B0E9A4 
 246      2910E3
 247 0ed1 9F10EE1E 		.ascii	"\237\020\356\036^\177B\360\024\2113\377*\023\323\235"
 247      5E7F42F0 
 247      148933FF 
 247      2A13D39D 
 248 0ee1 21D1469A 		.ascii	"!\321F\232\263\260\274s$\352\314##\214\357@j\360\037"
 248      B3B0BC73 
 248      24EACC23 
 248      238CEF40 
 248      6AF01F
 249 0ef4 1BC37017 		.ascii	"\033\303p\027H\234\025\323\303X\316%R\201_\351%\314"
 249      489C15D3 
 249      C358CE25 
 249      52815FE9 
 249      25CC
 250 0f06 E7246C9C 		.ascii	"\347$l\234\030=C\377+8s\360V6\226{\215\320_/\337\204"
 250      183D43FF 
 250      2B3873F0 
 250      5636967B 
 250      8DD05F2F 
 251 0f1c F3DC10CE 		.ascii	"\363\334\020\316\015\312\352A\254\335\"\026\243\203"
 251      0DCAEA41 
 251      ACDD2216 
 251      A383
 252 0f2a 63319E96 		.ascii	"c1\236\226\376\225]B\374\310$\314\353Mx\322\020s\216"
 252      FE955D42 
 252      FCC824CC 
 252      EB4D78D2 
 252      10738E
 253 0f3d F17C081B 		.ascii	"\361|\010\033\332\273MX\217/\341S\357\346\005\374\336"
 253      DABB4D58 
 253      8F2FE153 
 253      EFE605FC 
 253      DE
 254 0f4e 8FF06195 		.ascii	"\217\360a\225a\000\307\341\017\274W\033\311_\243\010"
ARM GAS  C:\Users\Luggi\AppData\Local\Temp\cckNYdyk.s 			page 20


 254      6100C7E1 
 254      0FBC571B 
 254      C95FA308 
 255 0f5e 5FF82F84 		.ascii	"_\370/\204\343x\003\011k\327Wwa\316 O\004S\013\177\023"
 255      E3780309 
 255      6BD75777 
 255      61CE204F 
 255      04530B7F 
 256 0f73 09267C5C 		.ascii	"\011&|\\\267g\305\370!\204\023\367nK`\237P\302\025]"
 256      B767C5F8 
 256      218413F7 
 256      6E4B609F 
 256      50C2155D 
 257 0f87 41F5708F 		.ascii	"A\365p\2170\302yyC/\342\326'\230\034Y\324\217\341#\010"
 257      30C27979 
 257      432FE2D6 
 257      27981C59 
 257      D48FE123 
 258 0f9c DB9BD25A 		.ascii	"\333\233\322Z"
 259 0fa0 F8031386 		.ascii	"\370\003\023\206O>n\302p:`KG\030\216G\217\341\373\247"
 259      4F3E6EC2 
 259      703A604B 
 259      47188E47 
 259      8FE1FBA7 
 260 0fb4 FDF80312 		.ascii	"\375\370\003\022\266\037fpb;\321\370\275>'\236? \021"
 260      B61F6670 
 260      623BD1F8 
 260      BD3E279E 
 260      3F2011
 261 0fc7 8E586A8E 		.ascii	"\216Xj\216\302rb\011\207O\015\031\361\3738\302ae\205"
 261      C2726209 
 261      874F0D19 
 261      F1FB38C2 
 261      616585
 262 0fda 9C7BE261 		.ascii	"\234{\342a>\307\006\027\215\011\204\255'Y\2250o\"\341"
 262      3EC70617 
 262      8D0984AD 
 262      27599530 
 262      6F22E1
 263 0fed AD98AB63 		.ascii	"\255\230\253c\230+\211\360\250\263c\032\375\223\011"
 263      982B89F0 
 263      A8B3631A 
 263      FD9309
 264 0ffc EF9C34BC 		.ascii	"\357\2344\274"
 265 1000 0DD73EC1 		.ascii	"\015\327>\301bS\016\247\302T\302\331y\027\201\230>\215"
 265      62530EA7 
 265      C254C2D9 
 265      79178198 
 265      3E8D
 266 1012 F06E7325 		.ascii	"\360ns%\007C:\341\276D\003\327\264\031\204\257\234\027"
 266      07433AE1 
 266      BE4403D7 
 266      B41984AF 
 266      9C17
 267 1024 C5584E26 		.ascii	"\305XN&\246/w\\b\274,\234\336\2053\035\247\221M8.x8"
 267      A62F775C 
 267      62BC2C9C 
ARM GAS  C:\Users\Luggi\AppData\Local\Temp\cckNYdyk.s 			page 21


 267      DE85331D 
 267      A7914D38 
 268 103b 17E63110 		.ascii	"\027\3461\020\3566\004\324\201\317!\034\255?J\207\367"
 268      EE3604D4 
 268      81CF211C 
 268      AD3F4A87 
 268      F7
 269 104c E5126EEA 		.ascii	"\345\022n\352\211\341*)\017\346\351\320\363\267\311"
 269      89E12A29 
 269      0FE6E9D0 
 269      F3B7C9
 270 105b 7CC24389 		.ascii	"|\302C\211\211W\330\256\021\363\015,\362EX@xx\317u3"
 270      8957D8AE 
 270      11F30D2C 
 270      F2455840 
 270      7878CF75 
 271 1070 1512F6BD 		.ascii	"\025\022\366\275\330\370*\256}\234\366\211_\025\226"
 271      D8F82AAE 
 271      7D9CF689 
 271      5F1596
 272 107f 534CB866 		.ascii	"SL\270f\354<\037\333+\301r[g\266\020,\245\204\315\011"
 272      EC3C1FDB 
 272      2BC1725B 
 272      67B6102C 
 272      A584CD09 
 273 1093 0595584E 		.ascii	"\005\225XN\031\341\310\313A\376Ja\"<UP\346\217\355\227"
 273      19E1C8CB 
 273      41FE4A61 
 273      223C5550 
 273      E68FED97 
 274 10a7 13F65F6E 		.ascii	"\023\366_n\251\344k\237\260w\266\376\203\270\365\011"
 274      A9E46B9F 
 274      B077B6FE 
 274      83B8F509 
 275 10b7 6EAFA626 		.ascii	"n\257\246&`\270*\302\343\215\2269\034V5\341\033\333"
 275      60B82AC2 
 275      E38D9639 
 275      1C5635E1 
 275      1BDB
 276 10c9 8E1DC3D7 		.ascii	"\216\035\303\327\020\256j\\\356\305\356k\011\247\244"
 276      10AE6A5C 
 276      EEC5EE6B 
 276      09A7A4
 277 10d8 79C72276 		.ascii	"y\307\"v\352\340\254ay5\350_\217X\314N\345\177\307\333"
 277      EAE0AC61 
 277      7935E85F 
 277      8F58CC4E 
 277      E57FC7DB 
 278 10ec 40B8F3D0 		.ascii	"@\270\363\320a\307\3516\022\216\237\256[\304\370M\204"
 278      61C7E936 
 278      128E9FAE 
 278      5BC4F84D 
 278      84
 279 10fd 4B0F930C 		.ascii	"K\017\223\014\340\315\204gC\202\3171~3N?\316\216\217"
 279      E0CD8467 
 279      4382CF31 
 279      7E334E3F 
ARM GAS  C:\Users\Luggi\AppData\Local\Temp\cckNYdyk.s 			page 22


 279      CE8E8F
 280 1110 AF2D0443 		.ascii	"\257-\004C\272\266\2560]+|\2775\331\002_n#\034\233\276"
 280      BAB6AE30 
 280      5D2B7CBF 
 280      35D9025F 
 280      6E231C9B 
 281 1125 52CBD73E 		.ascii	"R\313\327>a\2351\207?\030v\240\377H\2777\246\263 T\333"
 281      619D3187 
 281      3F1876A0 
 281      FF48BF37 
 281      A6B32054 
 282 113a 1D67B056 		.ascii	"\035g\260V'bc\301\333\037\343u\021\036K5\037\301\272"
 282      276263C1 
 282      DB1FE375 
 282      111E4B35 
 282      1FC1BA
 283 114d DDE8EFAB 		.ascii	"\335\350\357\253K\303\370=\204S\207'\260\333^\034fV"
 283      4BC3F83D 
 283      84538727 
 283      B0DB5E1C 
 283      6656
 284 115f 611C86B3 		.ascii	"a\034\206\263\002g\034\376\024\267>A\313\340\224\017"
 284      02671CFE 
 284      14B73E41 
 284      CBE0940F 
 285 116f 36DF4F38 		.ascii	"6\337O8\264\256\"\004\306\035\300h\203\375eX\355 \""
 285      B4AE2204 
 285      C61DC068 
 285      83FD6558 
 285      ED2022
 286 1182 6FB5919F 		.ascii	"o\265\221\237SC\204\017\222\374\032qx\303\204\203/\015"
 286      5343840F 
 286      92FC1A71 
 286      78C38483 
 286      2F0D
 287 1194 FC917F84 		.ascii	"\374\221\177\204\260\255\314V\212\325\215\022\3167W"
 287      B0ADCC56 
 287      8AD58D12 
 287      CE3757
 288 11a3 4CC39863 		.ascii	"L\303\230cpUGQ=\\}\034\211\364ry\231o}\302\035K%\335"
 288      70554751 
 288      3D5C7D1C 
 288      89F47279 
 288      996F7DC2 
 289 11bb 7CEB13DE 		.ascii	"|\353\023\3360\204\246\001O!tVK\370\353\3564\341y\237"
 289      3084A601 
 289      4F217456 
 289      4BF8EBEE 
 289      34E1799F 
 290 11cf FE22EC67 		.ascii	"\376\"\354g\206p\377\2526\227?M\020N;H\363\343[\237"
 290      8670FFAA 
 290      36973F4D 
 290      104E3B48 
 290      F3E35B9F 
 291 11e3 F0A0767D 		.ascii	"\360\240v}\032\363\317\023vl\353_\306\245\017\337\353"
 291      1AF3CF13 
 291      766CEB5F 
ARM GAS  C:\Users\Luggi\AppData\Local\Temp\cckNYdyk.s 			page 23


 291      C6A50FDF 
 291      EB
 292 11f4 340DA1BB 		.ascii	"4\015\241\273\015\2762q\276\216\355,\022\236N^]\306"
 292      0DBE3271 
 292      BE8EED2C 
 292      129E4E5E 
 292      5DC6
 293 1206 744B848F 		.ascii	"tK\204\217Z\216\253`\216e,?\267\223\3778c\005\313\275"
 293      5A8EAB60 
 293      8E652C3F 
 293      B793FF38 
 293      6305CBBD 
 294 121a C8988479 		.ascii	"\310\230\204yVq\270%Z\376\267\217k\204\327\353J\266"
 294      5671B825 
 294      5AFEB78F 
 294      6B84D7EB 
 294      4AB6
 295 122c F9DA87F9 		.ascii	"\371\332\207\371\242&s\320\177\203\260>s!\011\343\333"
 295      A22673D0 
 295      7F83B03E 
 295      732109E3 
 295      DB
 296 123d 71F89BA5 		.ascii	"q\370\233\245F\230c\023\211\360:\273\035\346\333\302"
 296      46986313 
 296      89F03ABB 
 296      1DE6DBC2 
 297 124d 763A2A92 		.ascii	"v:*\222\260\335m\2547q\305\206\343\333!\274\347]\310"
 297      B0DD6DAC 
 297      3771C586 
 297      E3DB21BC 
 297      E75DC8
 298 1260 45D62E32 		.ascii	"E\326.2\317\376\3645\326\267Gxuo\375\020\343\357\303"
 298      CFFEF435 
 298      D6B74778 
 298      756FFD10 
 298      E3EFC3
 299 1273 7C57C55B 		.ascii	"|W\305[\230\377\000|n\200\015\343\037\022\366+\255\214"
 299      98FF007C 
 299      6E800DE3 
 299      1F12F62B 
 299      AD8C
 300 1285 43FF23F0 		.ascii	"C\377#\360q\0311\360\276c\304\216v0\024\374\011\356"
 300      711931F0 
 300      BE63C48E 
 300      763014FC 
 300      09EE
 301 1297 394B36FF 		.ascii	"9K6\377\355\301)\346?\267\236\301{\317\010\337\346\232"
 301      EDC129E6 
 301      3FB79EC1 
 301      7BCF08DF 
 301      E69A
 302 12a9 7E806B1F 		.ascii	"~\200k\037\177(\325n7\303<\016Lw\026\023\205\356\027"
 302      7F28D56E 
 302      37C33C0E 
 302      4C771613 
 302      85EE17
 303 12bc 381EE309 		.ascii	"8\036\343\011?\200.\011;\257\273\027\260='\226\357W"
ARM GAS  C:\Users\Luggi\AppData\Local\Temp\cckNYdyk.s 			page 24


 303      3F802E09 
 303      3BAFBB17 
 303      B03D2796 
 303      EF57
 304 12ce BA80E9AF 		.ascii	"\272\200\351\2570\2359\350\026\277\277&\334|\231\346"
 304      309D39E8 
 304      16BFBF26 
 304      DC7C99E6 
 305 12de 87E3B821 		.ascii	"\207\343\270!\354\372C-\231\377Pk>o\312\241\372d\245"
 305      ECFA432D 
 305      99FF506B 
 305      3E6FCAA1 
 305      FA64A5
 306 12f1 3628A325 		.ascii	"6(\243%\310SU\245zN\365\221\007\252\032\325\003\325"
 306      C85355A5 
 306      7A4EF591 
 306      07AA1AD5 
 306      03D5
 307 1303 471FA86A 		.ascii	"G\037\250j\205\252\303_\210\251\352\205(\177-\326 \244"
 307      85AAC35F 
 307      88A9EA85 
 307      287F2DD6 
 307      20A4
 308 1315 5148930A 		.ascii	"QH\223\012?33\337\314\374\013\017T-B\2652\335\306t;"
 308      3F3333DF 
 308      CCFC0B0F 
 308      542D42B5 
 308      32DDC674 
 309 132a D31D422C 		.ascii	"\323\035B,B:\231\357b\276\233\371\036!\275B\254\314"
 309      423A99EF 
 309      62BE9BF9 
 309      1E21BD42 
 309      ACCC
 310 133c F731DFCF 		.ascii	"\3671\337\317\374\200\220A!CB\206\205\2140?\312\374"
 310      FC809041 
 310      21434286 
 310      858C303F 
 310      CAFC
 311 134e 98907121 		.ascii	"\230\220q!\023\314O2?\305\374\264\220\031!\263\314\317"
 311      13CC4F32 
 311      3FC5FCB4 
 311      901921B3 
 311      CCCF
 312 1360 313FCFBC 		.ascii	"1?\317\274\3627j\013BlB\026\205,1\277\314\374\212\220"
 312      F2376A0B 
 312      426C4216 
 312      852C31BF 
 312      CCFC8A90 
 313 1374 55216BCC 		.ascii	"U!k\314\2573\277\301\274]\310\246\220-!\333Bv\230\337"
 313      AF33BFC1 
 313      BC5DC8A6 
 313      902D21DB 
 313      427698DF 
 314 1388 657E4FC8 		.ascii	"e~O\310\276\220\003!\207B\216\230?f\376D\310\251\220"
 314      BE900321 
 314      87428E98 
 314      3F66FE44 
ARM GAS  C:\Users\Luggi\AppData\Local\Temp\cckNYdyk.s 			page 25


 314      C8A990
 315 139b 3321E742 		.ascii	"3!\347B\034\314_0\177)\304)\344J\310\265\220\033\346"
 315      1CCC5F30 
 315      7F29C429 
 315      E44AC8B5 
 315      901BE6
 316 13ae 6F99D7DE 		.ascii	"o\231\327\336{\240\362\026\342#\304W\210\337=\264\373"
 316      7BA0F216 
 316      E223C457 
 316      88DF3DB4 
 316      FB
 317 13bf B30E103A 		.ascii	"\263\016\020:PH\220\220`!!\334\036\312:\354\036\354"
 317      50489090 
 317      602121DC 
 317      1ECA3AEC 
 317      1EEC
 318 13d1 1B2E7484 		.ascii	"\033.t\204\220Hn\327\261\326\013\035%$ZH\214\220Xn\217"
 318      90486ED7 
 318      B1D60B1D 
 318      25245A48 
 318      8C90586E 
 319 13e6 631D2F74 		.ascii	"c\035/t\202\220D!IB\222\271=\205u\252\320iB\322\205"
 319      82904421 
 319      494292B9 
 319      3D8575AA 
 319      D06942D2 
 320 13fb 6408C9E4 		.ascii	"d\010\311\344\366,\326\331B\033\204\344\334\203\235"
 320      F62CD6D9 
 320      421B84E4 
 320      DC839D
 321 140a 72B93D8F 		.ascii	"r\271=\217u\276\320F!\005B\012\205\024q{1\353\022\241"
 321      75BED046 
 321      2105420A 
 321      8514717B 
 321      31EB12A1 
 322 141e 4B859409 		.ascii	"K\205\224\0111\011)\347\366\012\326\225BW\011\251\026"
 322      310929E7 
 322      F60AD695 
 322      425709A9 
 322      16
 323 142f 5223A496 		.ascii	"R#\244\226\333\353X\327\013\335 \244\361\036\2739\267"
 323      DBEB58D7 
 323      0BDD20A4 
 323      F11EBB39 
 323      B7
 324 1440 9B59370B 		.ascii	"\233Y7\013\335\"\244UH\233\220vn\357`m\021\272SH\227"
 324      DD22A455 
 324      489B9076 
 324      6EEF606D 
 324      11BA5348 
 325 1455 906E213D 		.ascii	"\220n!=\334\336\313\332*t\237\220~!\003\212\255\271"
 325      DCDECBDA 
 325      2A749F90 
 325      7E21038A 
 325      ADB9
 326 1467 7D88F5B0 		.ascii	"}\210\365\260\320#BF\205\214\011\031\347\366\011\326"
 326      D0234246 
ARM GAS  C:\Users\Luggi\AppData\Local\Temp\cckNYdyk.s 			page 26


 326      858C0919 
 326      E7F609D6 
 327 1477 93424F09 		.ascii	"\223BO\011\231\0262#d\226\333\347X\317\363\272\026\204"
 327      99163223 
 327      6496DBE7 
 327      58CFF3BA 
 327      1684
 328 1489 D8842C72 		.ascii	"\330\204,r\373\022\353\345{\360\257\025\241W\205\254"
 328      FB12EBE5 
 328      7BF0AF15 
 328      A15785AC 
 329 1499 71FB3AEB 		.ascii	"q\373:\353\015>7\273\220M![\334\276\315zG\350]!{\312"
 329      0D3E37BB 
 329      904D215B 
 329      DCBECD7A 
 329      47E85D21 
 330 14af F90839E0 		.ascii	"\371\0109\340\366C\326GB\037\0139\271\20788\345\366"
 330      F643D647 
 330      421F0B39 
 330      B9873838 
 330      E5F6
 331 14c1 33D6E742 		.ascii	"3\326\347B;\204\\\010\271\024\342\344\366+\326\327B"
 331      3B845C08 
 331      B914E2E4 
 331      F62BD6D7 
 331      42
 332 14d2 DF08B915 		.ascii	"\337\010\271\025\242\365\024\276\354\211v\037\326\276"
 332      A2F514BE 
 332      EC89761F 
 332      D6BE
 333 14e0 42FB09F1 		.ascii	"B\373\011\361\027\022 $\320\023~\036\304|\260\320!B"
 333      17122024 
 333      D0137E1E 
 333      C47CB0D0 
 333      2142
 334 14f2 42858409 		.ascii	"B\205\204\011\011g>\202\371H\241uB\364B\242\204D3\037"
 334      09673E82 
 334      F948A175 
 334      42F442A2 
 334      8444331F 
 335 1506 C37CACD0 		.ascii	"\303|\254\320qB\342=\021G\011\314'2\237$t\262\220\024"
 335      7142E23D 
 335      114709CC 
 335      27329F24 
 335      74B29014 
 336 151a 4FF8692A 		.ascii	"O\370i*\363i\314\247{\"\2762\204\316\024\222\305|6\363"
 336      F369CCA7 
 336      7B22BE32 
 336      84CE1492 
 336      C57C36F3 
 337 152e 06A17384 		.ascii	"\006\241s\204\344\012\311S\332\23072_\300\272P\350\""
 337      E40AC953 
 337      DA983732 
 337      5FC0BA50 
 337      E822
 338 1540 21C5CC97 		.ascii	"!\305\314\227p{\251\320eBL\236\260\1779\363\025\314"
 338      707BA9D0 
ARM GAS  C:\Users\Luggi\AppData\Local\Temp\cckNYdyk.s 			page 27


 338      65424C9E 
 338      B07F39F3 
 338      15CC
 339 1552 570A5D25 		.ascii	"W\012]%\244ZH\215\220Z\346\353\230\257\367\304\3714"
 339      A45A488D 
 339      905AE6EB 
 339      98AFF7C4 
 339      F934
 340 1564 08DD28A4 		.ascii	"\010\335(\244\211y3\363\315B\267\010i\025\322&\244\235"
 340      897933F3 
 340      CD42B708 
 340      6915D226 
 340      A49D
 341 1576 7507F316 		.ascii	"u\007\363\026O\344\345NO\304o\027\363\335\314\367\010"
 341      4FE4E54E 
 341      4FC46F17 
 341      F3DDCCF7 
 341      08
 342 1587 DD2BC42A 		.ascii	"\335+\304*\244OH?\363\003\314\017\262\375\207\204\014"
 342      A44F483F 
 342      F303CC0F 
 342      B2FD8784 
 342      0C
 343 1598 0B19617E 		.ascii	"\013\031a~\224\3711\241\307\205L\010\231\0242\305\374"
 343      94F931A1 
 343      C7854C08 
 343      991432C5 
 343      FC
 344 15a9 34F33342 		.ascii	"4\3633B\317\012\231\0232/d\201y\033\363\213B/\011Y\026"
 344      CF0A9913 
 344      322F6481 
 344      791BF38B 
 344      422F0959 
 345 15be B2226495 		.ascii	"\262\"d\225\3715\346\327=\021\377\033B\333\205l2\277"
 345      F935E6D7 
 345      3D11FF1B 
 345      42DB856C 
 345      32BF
 346 15d0 C5FCB6D0 		.ascii	"\305\374\266\320;Bv\205\354)6f\376\200\371C\241\217"
 346      3B427685 
 346      EC293666 
 346      FE80F943 
 346      A18F
 347 15e2 141B0A39 		.ascii	"\024\033\0129\021r\312\374\031\363\347\334\337!\344"
 347      1172CAFC 
 347      19F3E7DC 
 347      DF21E4
 348 15f1 42C825F3 		.ascii	"B\310%\363N\346\257\204\276\026r\343\211{\360\226y\255"
 348      4EE6AF84 
 348      BE1672E3 
 348      897BF096 
 348      79AD
 349 1603 1ABCB71A 		.ascii	"\032\274\267\032~\345#\264\257\020?5x\177\346\003\324"
 349      7EE523B4 
 349      AF103F35 
 349      787FE603 
 349      D4
ARM GAS  C:\Users\Luggi\AppData\Local\Temp\cckNYdyk.s 			page 28


 350 1614 D857A01A 		.ascii	"\330W\240\032\361\031\304|0\363!j\370o\250\320aB\302"
 350      F119C47C 
 350      30F3216A 
 350      F86FA8D0 
 350      6142C2
 351 1627 998F603E 		.ascii	"\231\217`>Rh\235\020\275\220(!\321\314\3070\037\313"
 351      52689D10 
 351      BD902821 
 351      D1CCC730 
 351      1FCB
 352 1639 7C1CF3F1 		.ascii	"|\034\363\361\314'0\237\310\343'\361\370\311\314\247"
 352      CC27309F 
 352      C8E327F1 
 352      F8C9CCA7 
 353 1649 309FCAEB 		.ascii	"0\237\312\353K\343\365\2453\237\301|&\357/\213\367\227"
 353      4BE3F5A5 
 353      339FC17C 
 353      26EF2F8B 
 353      F797
 354 165b CDBC81F9 		.ascii	"\315\274\201\371\0345\354\223\253\206}\362\230\317g"
 354      1C35EC93 
 354      AB867DF2 
 354      98CF67
 355 166a DEA8867D 		.ascii	"\336\250\206}\013\324\260o!\363E\314\027\253q>%j\234"
 355      0BD4B06F 
 355      21F345CC 
 355      17AB713E 
 355      256A9C
 356 167d 4F29F365 		.ascii	"O)\363e\314\233\270\177\271\032\347[\301|%\363Uj\276"
 356      CC9BB87F 
 356      B91AE75B 
 356      C17C25F3 
 356      556ABE
 357 1690 1FD4F08F 		.ascii	"\037\324\360\217\032\346k\231\257S\303\277\352y\237"
 357      1AE66B99 
 357      AF53C3BF 
 357      EA799F
 358 169f 0DCC3732 		.ascii	"\015\31472\337\244\206\177\232\325\360\317f\346[\230"
 358      DFA4867F 
 358      9AD5F0CF 
 358      66E65B98 
 359 16af 6F55C3BF 		.ascii	"oU\303\277\333\324\360\357v\346;\230\267\250\021\037"
 359      DBD4F0EF 
 359      76E63B98 
 359      B7A8111F 
 360 16bf 9D6AC447 		.ascii	"\235j\304G\027\363\335\314\367\250\021_\275j\304\227"
 360      17F3DDCC 
 360      F7A8115F 
 360      BD6AC497 
 361 16cf 95F93EE6 		.ascii	"\225\371>\346\373\325\210\317\0015\342s\220\371!\346"
 361      FBD588CF 
 361      0135E273 
 361      90F921E6 
 362 16df 87D588EF 		.ascii	"\207\325\210\357\021n\037e=\306\374\270\032\371aB\215"
 362      116E1F65 
 362      3DC6FCB8 
 362      1AF96142 
ARM GAS  C:\Users\Luggi\AppData\Local\Temp\cckNYdyk.s 			page 29


 362      8D
 363 16f0 FC30A946 		.ascii	"\3740\251F~\230b~Z\215\3742\243F~\231e~\216\371y5\362"
 363      7E98627E 
 363      5A8DFC32 
 363      A3467E99 
 363      657E8EF9 
 364 1707 D3821AF9 		.ascii	"\323\202\032\371\311\306\374\"\363K\254\227\325\310"
 364      C9C6FC22 
 364      F34BAC97 
 364      D5C8
 365 1715 6F2BCCAF 		.ascii	"o+\314\257r\373\232\032\371q]\215\374\270\301\274\235"
 365      72FB9A1A 
 365      F9715D8D 
 365      FCB8C1BC 
 365      9D
 366 1726 F94D35F2 		.ascii	"\371M5\362\353\226\032\371u\233\371\035\346w\325\310"
 366      EB961AF9 
 366      759BF91D 
 366      E677D5C8 
 367 1736 CF7BEC67 		.ascii	"\317{\354g\373\314\0370\177\310\376{\244F~?f\376\204"
 367      FBCC1F30 
 367      7FC8FE7B 
 367      A4467E3F 
 367      66FE84
 368 1749 F953B6FF 		.ascii	"\371S\266\377\231\032\367\3039\363\016\346/\324\270"
 368      991AF7C3 
 368      39F30EE6 
 368      2FD4B8
 369 1758 5F2ED5B8 		.ascii	"_.\325\270_\234\314_1\177\255\306\375t\243\306\375t"
 369      5F9CCC5F 
 369      317FADC6 
 369      FD74A3C6 
 369      FD74
 370 176a CBBC56E2 		.ascii	"\313\274V\342\370\226p\277\371H\270\337|\271\335\217"
 370      F89670BF 
 370      F948B8DF 
 370      7CB9DD8F 
 371 177a B5BF84FB 		.ascii	"\265\277\204\3731@\302\375\030\310\355A\254\203%\234"
 371      3140C2FD 
 371      18C8ED41 
 371      AC83259C 
 372 178a 4F8884FB 		.ascii	"O\210\204\3735\224\333\303X\207K\270\237#$\330?\222"
 372      3594DBC3 
 372      58874BB8 
 372      9F2324D8 
 372      3F92
 373 179c DB75ACF5 		.ascii	"\333u\254\365\022\356\367(\011\361\031\315\3551\254"
 373      12EEF728 
 373      09F119CD 
 373      ED31AC
 374 17ab 6325D407 		.ascii	"c%\324\007q\022\352\203xnO`\235(\241\276H\222P_$s{\012"
 374      7112EA83 
 374      786E4F60 
 374      9D28A1BE 
 374      4892505F 
 375 17c3 EB5409F5 		.ascii	"\353T\011\365I\232\204\372$\235\3333X"
 375      499A84FA 
ARM GAS  C:\Users\Luggi\AppData\Local\Temp\cckNYdyk.s 			page 30


 375      249DDB33 
 375      58
 376 17d0 674AA86F 		.ascii	"gJ\250o\262$\3247\331\334n`\235#\241>\312\225P\037\345"
 376      B224D437 
 376      D9DC6E60 
 376      9D23A13E 
 376      CA95501F 
 377 17e5 717B3E6B 		.ascii	"q{>k\243\204\372\252@B}U\310\355E\254\213%\324g%\274"
 377      A384FAAA 
 377      40427D55 
 377      C8ED45AC 
 377      8B25D467 
 378 17fb CE526E2F 		.ascii	"\316Rn/cm\222P\337\225K\250\357*\270\275\222u\225\304"
 378      636D9250 
 378      DF954BA8 
 378      EF2AB8BD 
 378      927595C4 
 379 180f F12FA13E 		.ascii	"\361/\241>\254\341\366Z\326u\022\352\313z\011\365e\003"
 379      ACE1F65A 
 379      D67512EA 
 379      CB7A09F5 
 379      6503
 380 1821 B737B26E 		.ascii	"\2677\262n\222P\237\232%\324\247\315\334\336\302\272"
 380      92509F9A 
 380      25D4A7CD 
 380      DCDEC2BA 
 381 1831 55825FB6 		.ascii	"U\202_\266I\250o\333\271\275\203\265EB}\334)\361\375"
 381      49A86FDB 
 381      B9BD83B5 
 381      45427DDC 
 381      29F1FD
 382 1844 CAEDDDAC 		.ascii	"\312\355\335\254{$\324\327\275|\216Vn\357c\335/\241"
 382      7B24D4D7 
 382      BD7C8E56 
 382      6EEF63DD 
 382      2FA1
 383 1856 3E1F9050 		.ascii	">\037\220P\237\017r\373\020\353a\011\365\375\210\204"
 383      9F0F72FB 
 383      10EB6109 
 383      F5FD8884 
 384 1866 FA7E94DB 		.ascii	"\372~\224\333\307X\217K\210\257\011\011\357\203In\237"
 384      C7588F4B 
 384      88AF0909 
 384      EF83496E 
 384      9F
 385 1877 623D2D21 		.ascii	"b=-!nf$\370\365,\267\317\261\236\227\360>Y\220\360>"
 385      6E6624F8 
 385      F52CB7CF 
 385      B19E97F0 
 385      3E5990F0 
 386 188c B149789F 		.ascii	"\261Ix\237,2\277\304\376\265,\341}\263\302\374*\363"
 386      2C32BFC4 
 386      FEB52CE1 
 386      7DB3C2FC 
 386      2AF3
 387 189e 6B6C9775 		.ascii	"kl\227u\011\357\243\015\346\355\314o\262\337oIx_m3\277"
 387      09EFA30D 
ARM GAS  C:\Users\Luggi\AppData\Local\Temp\cckNYdyk.s 			page 31


 387      E6EDCC6F 
 387      B2DF6F49 
 387      785F6D33 
 388 18b3 C3FCAE84 		.ascii	"\303\374\256\204\367\331\236\204\367\331>\363\007\314"
 388      F7D99E84 
 388      F7D93EF3 
 388      07CC
 389 18c1 1F4A78DF 		.ascii	"\037Jx\337\0351\177\314\374\011\363\247\022\336\207"
 389      1D317FCC 
 389      FC09F3A7 
 389      12DE87
 390 18d0 6712DE87 		.ascii	"g\022\336\207\347\314;\230\277\220\360\276\274d\336"
 390      E7CC3B98 
 390      BF90F0BE 
 390      BC64DE
 391 18df C9FC15F3 		.ascii	"\311\374\025\363\327l\337\033\346o\231\327zq\374{\341"
 391      D76CDF1B 
 391      E66F99D7 
 391      7A71FC7B 
 391      E1
 392 18f0 7DEBE385 		.ascii	"}\353\343\205<\355\353\005\336\217y\177/\334{\001\314"
 392      3CEDEB05 
 392      DE8F797F 
 392      2FDC7B01 
 392      CC
 393 1901 07321FC4 		.ascii	"\0072\037\304|\260\027\336\327!\314\2072\037\306|\270"
 393      7CB017DE 
 393      D721CC87 
 393      321FC67C 
 393      B8
 394 1912 17FC3A82 		.ascii	"\027\374:\202\371H\346u\314\353\271=\312\013\317\373"
 394      F948E675 
 394      CCEBB93D 
 394      CA0BCFFB 
 395 1922 68E663C0 		.ascii	"h\346c\300\323\227dg\250\277\327\3733\265e\031\007\371"
 395      D3976467 
 395      A8BFD7FB 
 395      33B56519 
 395      07F9
 396 1934 D9211A6F 		.ascii	"\331!\032om\206\217V{{\373Y\025}\035\250\306\177l\346"
 396      6D868F56 
 396      7B7BFB59 
 396      157D1DA8 
 396      C67F6CE6 
 397 1948 F61F5C89 		.ascii	"\366\037\\\211\026\361\377\261^\237\364P\305y\275\337"
 397      16F1FFB1 
 397      5E9FF450 
 397      C579BDDF 
 398 1958 C3EB0B5F 		.ascii	"\303\353\013_\376\372{^\362\220~\374\350\361\223O\277"
 398      FEFA7B5E 
 398      F2907EFC 
 398      E8F1934F 
 398      BF
 399 1969 F70B0F1F 		.ascii	"\367\013\017\037?|\375[O\036~\373\225\257\275\366\343"
 399      3F7CFD5B 
 399      4F1E7EFB 
 399      95AFBDF6 
ARM GAS  C:\Users\Luggi\AppData\Local\Temp\cckNYdyk.s 			page 32


 399      E3
 400 197a D75F7DF8 		.ascii	"\327_}\370\362W\276\366\332K\237x\371\325\237<\371\311"
 400      F257BEF6 
 400      DA4B9F78 
 400      F9D59F3C 
 400      F9C9
 401 198c 0F1FFEE8 		.ascii	"\017\037\376\350\305\357y\274\373\363\217\276\377\344"
 401      C5EF79BC 
 401      FBF38FBE 
 401      FFE4
 402 199a E1EBAFBC 		.ascii	"\341\353\257\274\364\275o=~\374\360\373\237\373\374"
 402      F4BD6F3D 
 402      7EFCF0FB 
 402      9FFBFC
 403 19a9 A3D75F7A 		.ascii	"\243\327_z\355\341w\276\363\350\325G\017\037?\371\321"
 403      EDE177BE 
 403      F3E8D547 
 403      0F1F3FF9 
 403      D1
 404 19ba C7FE9701 		.ascii	"\307\376\227\001\\\275\334~\372\342\253\036\377\015"
 404      5CBDDC7E 
 404      FAE2AB1E 
 404      FF0D
 405 19c8 D6B97045 		.ascii	"\326\271pE"
 406              		.text
 407              		.section	.gnu.lto_.symtab.d2341a6,"",%progbits
 408 0000 46696C74 		.ascii	"Filter_ChannelAFirCoefficients\000\000\000\000\000\000"
 408      65725F43 
 408      68616E6E 
 408      656C4146 
 408      6972436F 
 409 0024 00000000 		.ascii	"\000\000\000\000\000\000\026\003\000\000"
 409      00001603 
 409      0000
 410              		.text
 411              		.section	.gnu.lto_.opts,"",%progbits
 412 0000 272D666E 		.ascii	"'-fno-trapv' '-fno-strict-overflow' '-mcpu=cortex-m"
 412      6F2D7472 
 412      61707627 
 412      20272D66 
 412      6E6F2D73 
 413 0033 33272027 		.ascii	"3' '-mthumb' '-g' '-Og' '-ffunction-sections' '-flt"
 413      2D6D7468 
 413      756D6227 
 413      20272D67 
 413      2720272D 
 414 0066 6F272027 		.ascii	"o' '-ffat-lto-objects'\000"
 414      2D666661 
 414      742D6C74 
 414      6F2D6F62 
 414      6A656374 
 415              		.text
 416              		.cfi_sections	.debug_frame
 417              		.global	Filter_ChannelAFirCoefficients
 418              		.section	.rodata
 419              		.align	2
 420              		.type	Filter_ChannelAFirCoefficients, %object
ARM GAS  C:\Users\Luggi\AppData\Local\Temp\cckNYdyk.s 			page 33


 421              		.size	Filter_ChannelAFirCoefficients, 512
 422              	Filter_ChannelAFirCoefficients:
 423 0000 F6       		.byte	-10
 424 0001 F5       		.byte	-11
 425 0002 FF       		.byte	-1
 426 0003 00       		.byte	0
 427 0004 3F       		.byte	63
 428 0005 F6       		.byte	-10
 429 0006 FF       		.byte	-1
 430 0007 00       		.byte	0
 431 0008 77       		.byte	119
 432 0009 F6       		.byte	-10
 433 000a FF       		.byte	-1
 434 000b 00       		.byte	0
 435 000c A5       		.byte	-91
 436 000d F6       		.byte	-10
 437 000e FF       		.byte	-1
 438 000f 00       		.byte	0
 439 0010 D1       		.byte	-47
 440 0011 F6       		.byte	-10
 441 0012 FF       		.byte	-1
 442 0013 00       		.byte	0
 443 0014 03       		.byte	3
 444 0015 F7       		.byte	-9
 445 0016 FF       		.byte	-1
 446 0017 00       		.byte	0
 447 0018 45       		.byte	69
 448 0019 F7       		.byte	-9
 449 001a FF       		.byte	-1
 450 001b 00       		.byte	0
 451 001c A2       		.byte	-94
 452 001d F7       		.byte	-9
 453 001e FF       		.byte	-1
 454 001f 00       		.byte	0
 455 0020 27       		.byte	39
 456 0021 F8       		.byte	-8
 457 0022 FF       		.byte	-1
 458 0023 00       		.byte	0
 459 0024 DE       		.byte	-34
 460 0025 F8       		.byte	-8
 461 0026 FF       		.byte	-1
 462 0027 00       		.byte	0
 463 0028 D6       		.byte	-42
 464 0029 F9       		.byte	-7
 465 002a FF       		.byte	-1
 466 002b 00       		.byte	0
 467 002c 1D       		.byte	29
 468 002d FB       		.byte	-5
 469 002e FF       		.byte	-1
 470 002f 00       		.byte	0
 471 0030 C0       		.byte	-64
 472 0031 FC       		.byte	-4
 473 0032 FF       		.byte	-1
 474 0033 00       		.byte	0
 475 0034 CD       		.byte	-51
 476 0035 FE       		.byte	-2
 477 0036 FF       		.byte	-1
ARM GAS  C:\Users\Luggi\AppData\Local\Temp\cckNYdyk.s 			page 34


 478 0037 00       		.byte	0
 479 0038 53       		.byte	83
 480 0039 01       		.byte	1
 481 003a 00       		.byte	0
 482 003b 00       		.byte	0
 483 003c 60       		.byte	96
 484 003d 04       		.byte	4
 485 003e 00       		.byte	0
 486 003f 00       		.byte	0
 487 0040 03       		.byte	3
 488 0041 08       		.byte	8
 489 0042 00       		.byte	0
 490 0043 00       		.byte	0
 491 0044 49       		.byte	73
 492 0045 0C       		.byte	12
 493 0046 00       		.byte	0
 494 0047 00       		.byte	0
 495 0048 3E       		.byte	62
 496 0049 11       		.byte	17
 497 004a 00       		.byte	0
 498 004b 00       		.byte	0
 499 004c F0       		.byte	-16
 500 004d 16       		.byte	22
 501 004e 00       		.byte	0
 502 004f 00       		.byte	0
 503 0050 6A       		.byte	106
 504 0051 1D       		.byte	29
 505 0052 00       		.byte	0
 506 0053 00       		.byte	0
 507 0054 B5       		.byte	-75
 508 0055 24       		.byte	36
 509 0056 00       		.byte	0
 510 0057 00       		.byte	0
 511 0058 DD       		.byte	-35
 512 0059 2C       		.byte	44
 513 005a 00       		.byte	0
 514 005b 00       		.byte	0
 515 005c E7       		.byte	-25
 516 005d 35       		.byte	53
 517 005e 00       		.byte	0
 518 005f 00       		.byte	0
 519 0060 DB       		.byte	-37
 520 0061 3F       		.byte	63
 521 0062 00       		.byte	0
 522 0063 00       		.byte	0
 523 0064 BD       		.byte	-67
 524 0065 4A       		.byte	74
 525 0066 00       		.byte	0
 526 0067 00       		.byte	0
 527 0068 91       		.byte	-111
 528 0069 56       		.byte	86
 529 006a 00       		.byte	0
 530 006b 00       		.byte	0
 531 006c 58       		.byte	88
 532 006d 63       		.byte	99
 533 006e 00       		.byte	0
 534 006f 00       		.byte	0
ARM GAS  C:\Users\Luggi\AppData\Local\Temp\cckNYdyk.s 			page 35


 535 0070 10       		.byte	16
 536 0071 71       		.byte	113
 537 0072 00       		.byte	0
 538 0073 00       		.byte	0
 539 0074 B7       		.byte	-73
 540 0075 7F       		.byte	127
 541 0076 00       		.byte	0
 542 0077 00       		.byte	0
 543 0078 4A       		.byte	74
 544 0079 8F       		.byte	-113
 545 007a 00       		.byte	0
 546 007b 00       		.byte	0
 547 007c C0       		.byte	-64
 548 007d 9F       		.byte	-97
 549 007e 00       		.byte	0
 550 007f 00       		.byte	0
 551 0080 11       		.byte	17
 552 0081 B1       		.byte	-79
 553 0082 00       		.byte	0
 554 0083 00       		.byte	0
 555 0084 33       		.byte	51
 556 0085 C3       		.byte	-61
 557 0086 00       		.byte	0
 558 0087 00       		.byte	0
 559 0088 19       		.byte	25
 560 0089 D6       		.byte	-42
 561 008a 00       		.byte	0
 562 008b 00       		.byte	0
 563 008c B3       		.byte	-77
 564 008d E9       		.byte	-23
 565 008e 00       		.byte	0
 566 008f 00       		.byte	0
 567 0090 F2       		.byte	-14
 568 0091 FD       		.byte	-3
 569 0092 00       		.byte	0
 570 0093 00       		.byte	0
 571 0094 C2       		.byte	-62
 572 0095 12       		.byte	18
 573 0096 01       		.byte	1
 574 0097 00       		.byte	0
 575 0098 0F       		.byte	15
 576 0099 28       		.byte	40
 577 009a 01       		.byte	1
 578 009b 00       		.byte	0
 579 009c C4       		.byte	-60
 580 009d 3D       		.byte	61
 581 009e 01       		.byte	1
 582 009f 00       		.byte	0
 583 00a0 C9       		.byte	-55
 584 00a1 53       		.byte	83
 585 00a2 01       		.byte	1
 586 00a3 00       		.byte	0
 587 00a4 06       		.byte	6
 588 00a5 6A       		.byte	106
 589 00a6 01       		.byte	1
 590 00a7 00       		.byte	0
 591 00a8 60       		.byte	96
ARM GAS  C:\Users\Luggi\AppData\Local\Temp\cckNYdyk.s 			page 36


 592 00a9 80       		.byte	-128
 593 00aa 01       		.byte	1
 594 00ab 00       		.byte	0
 595 00ac BC       		.byte	-68
 596 00ad 96       		.byte	-106
 597 00ae 01       		.byte	1
 598 00af 00       		.byte	0
 599 00b0 00       		.byte	0
 600 00b1 AD       		.byte	-83
 601 00b2 01       		.byte	1
 602 00b3 00       		.byte	0
 603 00b4 0E       		.byte	14
 604 00b5 C3       		.byte	-61
 605 00b6 01       		.byte	1
 606 00b7 00       		.byte	0
 607 00b8 CB       		.byte	-53
 608 00b9 D8       		.byte	-40
 609 00ba 01       		.byte	1
 610 00bb 00       		.byte	0
 611 00bc 19       		.byte	25
 612 00bd EE       		.byte	-18
 613 00be 01       		.byte	1
 614 00bf 00       		.byte	0
 615 00c0 DC       		.byte	-36
 616 00c1 02       		.byte	2
 617 00c2 02       		.byte	2
 618 00c3 00       		.byte	0
 619 00c4 F6       		.byte	-10
 620 00c5 16       		.byte	22
 621 00c6 02       		.byte	2
 622 00c7 00       		.byte	0
 623 00c8 4D       		.byte	77
 624 00c9 2A       		.byte	42
 625 00ca 02       		.byte	2
 626 00cb 00       		.byte	0
 627 00cc C4       		.byte	-60
 628 00cd 3C       		.byte	60
 629 00ce 02       		.byte	2
 630 00cf 00       		.byte	0
 631 00d0 41       		.byte	65
 632 00d1 4E       		.byte	78
 633 00d2 02       		.byte	2
 634 00d3 00       		.byte	0
 635 00d4 AB       		.byte	-85
 636 00d5 5E       		.byte	94
 637 00d6 02       		.byte	2
 638 00d7 00       		.byte	0
 639 00d8 EA       		.byte	-22
 640 00d9 6D       		.byte	109
 641 00da 02       		.byte	2
 642 00db 00       		.byte	0
 643 00dc E7       		.byte	-25
 644 00dd 7B       		.byte	123
 645 00de 02       		.byte	2
 646 00df 00       		.byte	0
 647 00e0 8D       		.byte	-115
 648 00e1 88       		.byte	-120
ARM GAS  C:\Users\Luggi\AppData\Local\Temp\cckNYdyk.s 			page 37


 649 00e2 02       		.byte	2
 650 00e3 00       		.byte	0
 651 00e4 CA       		.byte	-54
 652 00e5 93       		.byte	-109
 653 00e6 02       		.byte	2
 654 00e7 00       		.byte	0
 655 00e8 8D       		.byte	-115
 656 00e9 9D       		.byte	-99
 657 00ea 02       		.byte	2
 658 00eb 00       		.byte	0
 659 00ec C6       		.byte	-58
 660 00ed A5       		.byte	-91
 661 00ee 02       		.byte	2
 662 00ef 00       		.byte	0
 663 00f0 6A       		.byte	106
 664 00f1 AC       		.byte	-84
 665 00f2 02       		.byte	2
 666 00f3 00       		.byte	0
 667 00f4 6D       		.byte	109
 668 00f5 B1       		.byte	-79
 669 00f6 02       		.byte	2
 670 00f7 00       		.byte	0
 671 00f8 C9       		.byte	-55
 672 00f9 B4       		.byte	-76
 673 00fa 02       		.byte	2
 674 00fb 00       		.byte	0
 675 00fc 79       		.byte	121
 676 00fd B6       		.byte	-74
 677 00fe 02       		.byte	2
 678 00ff 00       		.byte	0
 679 0100 79       		.byte	121
 680 0101 B6       		.byte	-74
 681 0102 02       		.byte	2
 682 0103 00       		.byte	0
 683 0104 C9       		.byte	-55
 684 0105 B4       		.byte	-76
 685 0106 02       		.byte	2
 686 0107 00       		.byte	0
 687 0108 6D       		.byte	109
 688 0109 B1       		.byte	-79
 689 010a 02       		.byte	2
 690 010b 00       		.byte	0
 691 010c 6A       		.byte	106
 692 010d AC       		.byte	-84
 693 010e 02       		.byte	2
 694 010f 00       		.byte	0
 695 0110 C6       		.byte	-58
 696 0111 A5       		.byte	-91
 697 0112 02       		.byte	2
 698 0113 00       		.byte	0
 699 0114 8D       		.byte	-115
 700 0115 9D       		.byte	-99
 701 0116 02       		.byte	2
 702 0117 00       		.byte	0
 703 0118 CA       		.byte	-54
 704 0119 93       		.byte	-109
 705 011a 02       		.byte	2
ARM GAS  C:\Users\Luggi\AppData\Local\Temp\cckNYdyk.s 			page 38


 706 011b 00       		.byte	0
 707 011c 8D       		.byte	-115
 708 011d 88       		.byte	-120
 709 011e 02       		.byte	2
 710 011f 00       		.byte	0
 711 0120 E7       		.byte	-25
 712 0121 7B       		.byte	123
 713 0122 02       		.byte	2
 714 0123 00       		.byte	0
 715 0124 EA       		.byte	-22
 716 0125 6D       		.byte	109
 717 0126 02       		.byte	2
 718 0127 00       		.byte	0
 719 0128 AB       		.byte	-85
 720 0129 5E       		.byte	94
 721 012a 02       		.byte	2
 722 012b 00       		.byte	0
 723 012c 41       		.byte	65
 724 012d 4E       		.byte	78
 725 012e 02       		.byte	2
 726 012f 00       		.byte	0
 727 0130 C4       		.byte	-60
 728 0131 3C       		.byte	60
 729 0132 02       		.byte	2
 730 0133 00       		.byte	0
 731 0134 4D       		.byte	77
 732 0135 2A       		.byte	42
 733 0136 02       		.byte	2
 734 0137 00       		.byte	0
 735 0138 F6       		.byte	-10
 736 0139 16       		.byte	22
 737 013a 02       		.byte	2
 738 013b 00       		.byte	0
 739 013c DC       		.byte	-36
 740 013d 02       		.byte	2
 741 013e 02       		.byte	2
 742 013f 00       		.byte	0
 743 0140 19       		.byte	25
 744 0141 EE       		.byte	-18
 745 0142 01       		.byte	1
 746 0143 00       		.byte	0
 747 0144 CB       		.byte	-53
 748 0145 D8       		.byte	-40
 749 0146 01       		.byte	1
 750 0147 00       		.byte	0
 751 0148 0E       		.byte	14
 752 0149 C3       		.byte	-61
 753 014a 01       		.byte	1
 754 014b 00       		.byte	0
 755 014c 00       		.byte	0
 756 014d AD       		.byte	-83
 757 014e 01       		.byte	1
 758 014f 00       		.byte	0
 759 0150 BC       		.byte	-68
 760 0151 96       		.byte	-106
 761 0152 01       		.byte	1
 762 0153 00       		.byte	0
ARM GAS  C:\Users\Luggi\AppData\Local\Temp\cckNYdyk.s 			page 39


 763 0154 60       		.byte	96
 764 0155 80       		.byte	-128
 765 0156 01       		.byte	1
 766 0157 00       		.byte	0
 767 0158 06       		.byte	6
 768 0159 6A       		.byte	106
 769 015a 01       		.byte	1
 770 015b 00       		.byte	0
 771 015c C9       		.byte	-55
 772 015d 53       		.byte	83
 773 015e 01       		.byte	1
 774 015f 00       		.byte	0
 775 0160 C4       		.byte	-60
 776 0161 3D       		.byte	61
 777 0162 01       		.byte	1
 778 0163 00       		.byte	0
 779 0164 0F       		.byte	15
 780 0165 28       		.byte	40
 781 0166 01       		.byte	1
 782 0167 00       		.byte	0
 783 0168 C2       		.byte	-62
 784 0169 12       		.byte	18
 785 016a 01       		.byte	1
 786 016b 00       		.byte	0
 787 016c F2       		.byte	-14
 788 016d FD       		.byte	-3
 789 016e 00       		.byte	0
 790 016f 00       		.byte	0
 791 0170 B3       		.byte	-77
 792 0171 E9       		.byte	-23
 793 0172 00       		.byte	0
 794 0173 00       		.byte	0
 795 0174 19       		.byte	25
 796 0175 D6       		.byte	-42
 797 0176 00       		.byte	0
 798 0177 00       		.byte	0
 799 0178 33       		.byte	51
 800 0179 C3       		.byte	-61
 801 017a 00       		.byte	0
 802 017b 00       		.byte	0
 803 017c 11       		.byte	17
 804 017d B1       		.byte	-79
 805 017e 00       		.byte	0
 806 017f 00       		.byte	0
 807 0180 C0       		.byte	-64
 808 0181 9F       		.byte	-97
 809 0182 00       		.byte	0
 810 0183 00       		.byte	0
 811 0184 4A       		.byte	74
 812 0185 8F       		.byte	-113
 813 0186 00       		.byte	0
 814 0187 00       		.byte	0
 815 0188 B7       		.byte	-73
 816 0189 7F       		.byte	127
 817 018a 00       		.byte	0
 818 018b 00       		.byte	0
 819 018c 10       		.byte	16
ARM GAS  C:\Users\Luggi\AppData\Local\Temp\cckNYdyk.s 			page 40


 820 018d 71       		.byte	113
 821 018e 00       		.byte	0
 822 018f 00       		.byte	0
 823 0190 58       		.byte	88
 824 0191 63       		.byte	99
 825 0192 00       		.byte	0
 826 0193 00       		.byte	0
 827 0194 91       		.byte	-111
 828 0195 56       		.byte	86
 829 0196 00       		.byte	0
 830 0197 00       		.byte	0
 831 0198 BD       		.byte	-67
 832 0199 4A       		.byte	74
 833 019a 00       		.byte	0
 834 019b 00       		.byte	0
 835 019c DB       		.byte	-37
 836 019d 3F       		.byte	63
 837 019e 00       		.byte	0
 838 019f 00       		.byte	0
 839 01a0 E7       		.byte	-25
 840 01a1 35       		.byte	53
 841 01a2 00       		.byte	0
 842 01a3 00       		.byte	0
 843 01a4 DD       		.byte	-35
 844 01a5 2C       		.byte	44
 845 01a6 00       		.byte	0
 846 01a7 00       		.byte	0
 847 01a8 B5       		.byte	-75
 848 01a9 24       		.byte	36
 849 01aa 00       		.byte	0
 850 01ab 00       		.byte	0
 851 01ac 6A       		.byte	106
 852 01ad 1D       		.byte	29
 853 01ae 00       		.byte	0
 854 01af 00       		.byte	0
 855 01b0 F0       		.byte	-16
 856 01b1 16       		.byte	22
 857 01b2 00       		.byte	0
 858 01b3 00       		.byte	0
 859 01b4 3E       		.byte	62
 860 01b5 11       		.byte	17
 861 01b6 00       		.byte	0
 862 01b7 00       		.byte	0
 863 01b8 49       		.byte	73
 864 01b9 0C       		.byte	12
 865 01ba 00       		.byte	0
 866 01bb 00       		.byte	0
 867 01bc 03       		.byte	3
 868 01bd 08       		.byte	8
 869 01be 00       		.byte	0
 870 01bf 00       		.byte	0
 871 01c0 60       		.byte	96
 872 01c1 04       		.byte	4
 873 01c2 00       		.byte	0
 874 01c3 00       		.byte	0
 875 01c4 53       		.byte	83
 876 01c5 01       		.byte	1
ARM GAS  C:\Users\Luggi\AppData\Local\Temp\cckNYdyk.s 			page 41


 877 01c6 00       		.byte	0
 878 01c7 00       		.byte	0
 879 01c8 CD       		.byte	-51
 880 01c9 FE       		.byte	-2
 881 01ca FF       		.byte	-1
 882 01cb 00       		.byte	0
 883 01cc C0       		.byte	-64
 884 01cd FC       		.byte	-4
 885 01ce FF       		.byte	-1
 886 01cf 00       		.byte	0
 887 01d0 1D       		.byte	29
 888 01d1 FB       		.byte	-5
 889 01d2 FF       		.byte	-1
 890 01d3 00       		.byte	0
 891 01d4 D6       		.byte	-42
 892 01d5 F9       		.byte	-7
 893 01d6 FF       		.byte	-1
 894 01d7 00       		.byte	0
 895 01d8 DE       		.byte	-34
 896 01d9 F8       		.byte	-8
 897 01da FF       		.byte	-1
 898 01db 00       		.byte	0
 899 01dc 27       		.byte	39
 900 01dd F8       		.byte	-8
 901 01de FF       		.byte	-1
 902 01df 00       		.byte	0
 903 01e0 A2       		.byte	-94
 904 01e1 F7       		.byte	-9
 905 01e2 FF       		.byte	-1
 906 01e3 00       		.byte	0
 907 01e4 45       		.byte	69
 908 01e5 F7       		.byte	-9
 909 01e6 FF       		.byte	-1
 910 01e7 00       		.byte	0
 911 01e8 03       		.byte	3
 912 01e9 F7       		.byte	-9
 913 01ea FF       		.byte	-1
 914 01eb 00       		.byte	0
 915 01ec D1       		.byte	-47
 916 01ed F6       		.byte	-10
 917 01ee FF       		.byte	-1
 918 01ef 00       		.byte	0
 919 01f0 A5       		.byte	-91
 920 01f1 F6       		.byte	-10
 921 01f2 FF       		.byte	-1
 922 01f3 00       		.byte	0
 923 01f4 77       		.byte	119
 924 01f5 F6       		.byte	-10
 925 01f6 FF       		.byte	-1
 926 01f7 00       		.byte	0
 927 01f8 3F       		.byte	63
 928 01f9 F6       		.byte	-10
 929 01fa FF       		.byte	-1
 930 01fb 00       		.byte	0
 931 01fc F6       		.byte	-10
 932 01fd F5       		.byte	-11
 933 01fe FF       		.byte	-1
ARM GAS  C:\Users\Luggi\AppData\Local\Temp\cckNYdyk.s 			page 42


 934 01ff 00       		.byte	0
 935              		.text
 936              	.Letext0:
 937              		.file 1 "Generated_Source\\PSoC5\\cytypes.h"
 938              		.file 2 "Generated_Source\\PSoC5\\Filter_Coefficients.c"
 939              		.section	.debug_info,"",%progbits
 940              	.Ldebug_info0:
 941 0000 AF000000 		.4byte	0xaf
 942 0004 0400     		.2byte	0x4
 943 0006 00000000 		.4byte	.Ldebug_abbrev0
 944 000a 04       		.byte	0x4
 945 000b 01       		.uleb128 0x1
 946 000c CC000000 		.4byte	.LASF13
 947 0010 01       		.byte	0x1
 948 0011 DA010000 		.4byte	.LASF14
 949 0015 1B000000 		.4byte	.LASF15
 950 0019 00000000 		.4byte	.Ldebug_line0
 951 001d 02       		.uleb128 0x2
 952 001e 04       		.byte	0x4
 953 001f 05       		.byte	0x5
 954 0020 696E7400 		.ascii	"int\000"
 955 0024 03       		.uleb128 0x3
 956 0025 04       		.byte	0x4
 957 0026 07       		.byte	0x7
 958 0027 0E000000 		.4byte	.LASF0
 959 002b 03       		.uleb128 0x3
 960 002c 01       		.byte	0x1
 961 002d 06       		.byte	0x6
 962 002e 96010000 		.4byte	.LASF1
 963 0032 03       		.uleb128 0x3
 964 0033 01       		.byte	0x1
 965 0034 08       		.byte	0x8
 966 0035 60010000 		.4byte	.LASF2
 967 0039 03       		.uleb128 0x3
 968 003a 02       		.byte	0x2
 969 003b 05       		.byte	0x5
 970 003c A8010000 		.4byte	.LASF3
 971 0040 03       		.uleb128 0x3
 972 0041 02       		.byte	0x2
 973 0042 07       		.byte	0x7
 974 0043 83010000 		.4byte	.LASF4
 975 0047 03       		.uleb128 0x3
 976 0048 04       		.byte	0x4
 977 0049 05       		.byte	0x5
 978 004a 73010000 		.4byte	.LASF5
 979 004e 03       		.uleb128 0x3
 980 004f 04       		.byte	0x4
 981 0050 07       		.byte	0x7
 982 0051 A3000000 		.4byte	.LASF6
 983 0055 03       		.uleb128 0x3
 984 0056 08       		.byte	0x8
 985 0057 05       		.byte	0x5
 986 0058 00000000 		.4byte	.LASF7
 987 005c 03       		.uleb128 0x3
 988 005d 08       		.byte	0x8
 989 005e 07       		.byte	0x7
 990 005f B5000000 		.4byte	.LASF8
ARM GAS  C:\Users\Luggi\AppData\Local\Temp\cckNYdyk.s 			page 43


 991 0063 03       		.uleb128 0x3
 992 0064 04       		.byte	0x4
 993 0065 07       		.byte	0x7
 994 0066 D1010000 		.4byte	.LASF9
 995 006a 03       		.uleb128 0x3
 996 006b 01       		.byte	0x1
 997 006c 08       		.byte	0x8
 998 006d 6E010000 		.4byte	.LASF10
 999 0071 04       		.uleb128 0x4
 1000 0072 9D000000 		.4byte	.LASF16
 1001 0076 01       		.byte	0x1
 1002 0077 9201     		.2byte	0x192
 1003 0079 32000000 		.4byte	0x32
 1004 007d 03       		.uleb128 0x3
 1005 007e 04       		.byte	0x4
 1006 007f 04       		.byte	0x4
 1007 0080 A2010000 		.4byte	.LASF11
 1008 0084 03       		.uleb128 0x3
 1009 0085 08       		.byte	0x8
 1010 0086 04       		.byte	0x4
 1011 0087 7C010000 		.4byte	.LASF12
 1012 008b 05       		.uleb128 0x5
 1013 008c 71000000 		.4byte	0x71
 1014 0090 9C000000 		.4byte	0x9c
 1015 0094 06       		.uleb128 0x6
 1016 0095 63000000 		.4byte	0x63
 1017 0099 FF01     		.2byte	0x1ff
 1018 009b 00       		.byte	0
 1019 009c 07       		.uleb128 0x7
 1020 009d B2010000 		.4byte	.LASF17
 1021 00a1 02       		.byte	0x2
 1022 00a2 11       		.byte	0x11
 1023 00a3 AD000000 		.4byte	0xad
 1024 00a7 05       		.uleb128 0x5
 1025 00a8 03       		.byte	0x3
 1026 00a9 00000000 		.4byte	Filter_ChannelAFirCoefficients
 1027 00ad 08       		.uleb128 0x8
 1028 00ae 8B000000 		.4byte	0x8b
 1029 00b2 00       		.byte	0
 1030              		.section	.debug_abbrev,"",%progbits
 1031              	.Ldebug_abbrev0:
 1032 0000 01       		.uleb128 0x1
 1033 0001 11       		.uleb128 0x11
 1034 0002 01       		.byte	0x1
 1035 0003 25       		.uleb128 0x25
 1036 0004 0E       		.uleb128 0xe
 1037 0005 13       		.uleb128 0x13
 1038 0006 0B       		.uleb128 0xb
 1039 0007 03       		.uleb128 0x3
 1040 0008 0E       		.uleb128 0xe
 1041 0009 1B       		.uleb128 0x1b
 1042 000a 0E       		.uleb128 0xe
 1043 000b 10       		.uleb128 0x10
 1044 000c 17       		.uleb128 0x17
 1045 000d 00       		.byte	0
 1046 000e 00       		.byte	0
 1047 000f 02       		.uleb128 0x2
ARM GAS  C:\Users\Luggi\AppData\Local\Temp\cckNYdyk.s 			page 44


 1048 0010 24       		.uleb128 0x24
 1049 0011 00       		.byte	0
 1050 0012 0B       		.uleb128 0xb
 1051 0013 0B       		.uleb128 0xb
 1052 0014 3E       		.uleb128 0x3e
 1053 0015 0B       		.uleb128 0xb
 1054 0016 03       		.uleb128 0x3
 1055 0017 08       		.uleb128 0x8
 1056 0018 00       		.byte	0
 1057 0019 00       		.byte	0
 1058 001a 03       		.uleb128 0x3
 1059 001b 24       		.uleb128 0x24
 1060 001c 00       		.byte	0
 1061 001d 0B       		.uleb128 0xb
 1062 001e 0B       		.uleb128 0xb
 1063 001f 3E       		.uleb128 0x3e
 1064 0020 0B       		.uleb128 0xb
 1065 0021 03       		.uleb128 0x3
 1066 0022 0E       		.uleb128 0xe
 1067 0023 00       		.byte	0
 1068 0024 00       		.byte	0
 1069 0025 04       		.uleb128 0x4
 1070 0026 16       		.uleb128 0x16
 1071 0027 00       		.byte	0
 1072 0028 03       		.uleb128 0x3
 1073 0029 0E       		.uleb128 0xe
 1074 002a 3A       		.uleb128 0x3a
 1075 002b 0B       		.uleb128 0xb
 1076 002c 3B       		.uleb128 0x3b
 1077 002d 05       		.uleb128 0x5
 1078 002e 49       		.uleb128 0x49
 1079 002f 13       		.uleb128 0x13
 1080 0030 00       		.byte	0
 1081 0031 00       		.byte	0
 1082 0032 05       		.uleb128 0x5
 1083 0033 01       		.uleb128 0x1
 1084 0034 01       		.byte	0x1
 1085 0035 49       		.uleb128 0x49
 1086 0036 13       		.uleb128 0x13
 1087 0037 01       		.uleb128 0x1
 1088 0038 13       		.uleb128 0x13
 1089 0039 00       		.byte	0
 1090 003a 00       		.byte	0
 1091 003b 06       		.uleb128 0x6
 1092 003c 21       		.uleb128 0x21
 1093 003d 00       		.byte	0
 1094 003e 49       		.uleb128 0x49
 1095 003f 13       		.uleb128 0x13
 1096 0040 2F       		.uleb128 0x2f
 1097 0041 05       		.uleb128 0x5
 1098 0042 00       		.byte	0
 1099 0043 00       		.byte	0
 1100 0044 07       		.uleb128 0x7
 1101 0045 34       		.uleb128 0x34
 1102 0046 00       		.byte	0
 1103 0047 03       		.uleb128 0x3
 1104 0048 0E       		.uleb128 0xe
ARM GAS  C:\Users\Luggi\AppData\Local\Temp\cckNYdyk.s 			page 45


 1105 0049 3A       		.uleb128 0x3a
 1106 004a 0B       		.uleb128 0xb
 1107 004b 3B       		.uleb128 0x3b
 1108 004c 0B       		.uleb128 0xb
 1109 004d 49       		.uleb128 0x49
 1110 004e 13       		.uleb128 0x13
 1111 004f 3F       		.uleb128 0x3f
 1112 0050 19       		.uleb128 0x19
 1113 0051 02       		.uleb128 0x2
 1114 0052 18       		.uleb128 0x18
 1115 0053 00       		.byte	0
 1116 0054 00       		.byte	0
 1117 0055 08       		.uleb128 0x8
 1118 0056 26       		.uleb128 0x26
 1119 0057 00       		.byte	0
 1120 0058 49       		.uleb128 0x49
 1121 0059 13       		.uleb128 0x13
 1122 005a 00       		.byte	0
 1123 005b 00       		.byte	0
 1124 005c 00       		.byte	0
 1125              		.section	.debug_aranges,"",%progbits
 1126 0000 14000000 		.4byte	0x14
 1127 0004 0200     		.2byte	0x2
 1128 0006 00000000 		.4byte	.Ldebug_info0
 1129 000a 04       		.byte	0x4
 1130 000b 00       		.byte	0
 1131 000c 0000     		.2byte	0
 1132 000e 0000     		.2byte	0
 1133 0010 00000000 		.4byte	0
 1134 0014 00000000 		.4byte	0
 1135              		.section	.debug_line,"",%progbits
 1136              	.Ldebug_line0:
 1137 0000 56000000 		.section	.debug_str,"MS",%progbits,1
 1137      02005000 
 1137      00000201 
 1137      FB0E0D00 
 1137      01010101 
 1138              	.LASF7:
 1139 0000 6C6F6E67 		.ascii	"long long int\000"
 1139      206C6F6E 
 1139      6720696E 
 1139      7400
 1140              	.LASF0:
 1141 000e 756E7369 		.ascii	"unsigned int\000"
 1141      676E6564 
 1141      20696E74 
 1141      00
 1142              	.LASF15:
 1143 001b 433A5C55 		.ascii	"C:\\Users\\Luggi\\Desktop\\Aktuelles Projekt Laser_"
 1143      73657273 
 1143      5C4C7567 
 1143      67695C44 
 1143      65736B74 
 1144 004a 73636875 		.ascii	"schutzschaltung\\Aktuelles Projekt Laser_schutzscha"
 1144      747A7363 
 1144      68616C74 
 1144      756E675C 
ARM GAS  C:\Users\Luggi\AppData\Local\Temp\cckNYdyk.s 			page 46


 1144      416B7475 
 1145 007c 6C74756E 		.ascii	"ltung\\Laserschutzschaltung.cydsn\000"
 1145      675C4C61 
 1145      73657273 
 1145      63687574 
 1145      7A736368 
 1146              	.LASF16:
 1147 009d 75696E74 		.ascii	"uint8\000"
 1147      3800
 1148              	.LASF6:
 1149 00a3 6C6F6E67 		.ascii	"long unsigned int\000"
 1149      20756E73 
 1149      69676E65 
 1149      6420696E 
 1149      7400
 1150              	.LASF8:
 1151 00b5 6C6F6E67 		.ascii	"long long unsigned int\000"
 1151      206C6F6E 
 1151      6720756E 
 1151      7369676E 
 1151      65642069 
 1152              	.LASF13:
 1153 00cc 474E5520 		.ascii	"GNU C 4.9.3 20150303 (release) [ARM/embedded-4_9-br"
 1153      4320342E 
 1153      392E3320 
 1153      32303135 
 1153      30333033 
 1154 00ff 616E6368 		.ascii	"anch revision 221220] -mcpu=cortex-m3 -mthumb -g -O"
 1154      20726576 
 1154      6973696F 
 1154      6E203232 
 1154      31323230 
 1155 0132 67202D66 		.ascii	"g -ffunction-sections -flto -ffat-lto-objects\000"
 1155      66756E63 
 1155      74696F6E 
 1155      2D736563 
 1155      74696F6E 
 1156              	.LASF2:
 1157 0160 756E7369 		.ascii	"unsigned char\000"
 1157      676E6564 
 1157      20636861 
 1157      7200
 1158              	.LASF10:
 1159 016e 63686172 		.ascii	"char\000"
 1159      00
 1160              	.LASF5:
 1161 0173 6C6F6E67 		.ascii	"long int\000"
 1161      20696E74 
 1161      00
 1162              	.LASF12:
 1163 017c 646F7562 		.ascii	"double\000"
 1163      6C6500
 1164              	.LASF4:
 1165 0183 73686F72 		.ascii	"short unsigned int\000"
 1165      7420756E 
 1165      7369676E 
 1165      65642069 
ARM GAS  C:\Users\Luggi\AppData\Local\Temp\cckNYdyk.s 			page 47


 1165      6E7400
 1166              	.LASF1:
 1167 0196 7369676E 		.ascii	"signed char\000"
 1167      65642063 
 1167      68617200 
 1168              	.LASF11:
 1169 01a2 666C6F61 		.ascii	"float\000"
 1169      7400
 1170              	.LASF3:
 1171 01a8 73686F72 		.ascii	"short int\000"
 1171      7420696E 
 1171      7400
 1172              	.LASF17:
 1173 01b2 46696C74 		.ascii	"Filter_ChannelAFirCoefficients\000"
 1173      65725F43 
 1173      68616E6E 
 1173      656C4146 
 1173      6972436F 
 1174              	.LASF9:
 1175 01d1 73697A65 		.ascii	"sizetype\000"
 1175      74797065 
 1175      00
 1176              	.LASF14:
 1177 01da 47656E65 		.ascii	"Generated_Source\\PSoC5\\Filter_Coefficients.c\000"
 1177      72617465 
 1177      645F536F 
 1177      75726365 
 1177      5C50536F 
 1178              		.comm	__gnu_lto_v1,1,1
 1179              		.ident	"GCC: (GNU Tools for ARM Embedded Processors) 4.9.3 20150303 (release) [ARM/embedded-4_9-br
