ARM GAS  C:\Users\Luggi\AppData\Local\Temp\ccYj4N8I.s 			page 1


   1              		.syntax unified
   2              		.cpu cortex-m3
   3              		.fpu softvfp
   4              		.eabi_attribute 20, 1
   5              		.eabi_attribute 21, 1
   6              		.eabi_attribute 23, 3
   7              		.eabi_attribute 24, 1
   8              		.eabi_attribute 25, 1
   9              		.eabi_attribute 26, 1
  10              		.eabi_attribute 30, 1
  11              		.eabi_attribute 34, 1
  12              		.eabi_attribute 18, 4
  13              		.thumb
  14              		.file	"Filter_PM.c"
  15              		.text
  16              	.Ltext0:
  17              		.section	.gnu.lto_.profile.304b2cc2,"",%progbits
  18 0000 789C6366 		.ascii	"x\234cf```a\200\000F\206\010\003\000\001T\000\221"
  18      60606061 
  18      80004686 
  18      08030001 
  18      540091
  19              		.text
  20              		.section	.gnu.lto_.inline.304b2cc2,"",%progbits
  21 0000 789C6366 		.ascii	"x\234cf\300\016R\2404\013\003\203\240\000#\003\223\314"
  21      C00E52A0 
  21      340B0383 
  21      A0002303 
  21      93CC
  22 0012 835B8C0C 		.ascii	"\203[\214\014l\013\344\231@\202L\014\"\302@1\245\013"
  22      6C0BE499 
  22      40824C0C 
  22      22C24031 
  22      A50B
  23 0024 9D4C7031 		.ascii	"\235Lp1f\006ni\240\030\317\004?\270\020#\027\214`a\340"
  23      66066E69 
  23      A018CF04 
  23      3FB81023 
  23      178C6061 
  24 0039 10044AB2 		.ascii	"\020\004J\262}\320\303\"\311\000\000X\365\011\262"
  24      7DD0C322 
  24      C9000058 
  24      F509B2
  25              		.text
  26              		.section	.gnu.lto_.jmpfuncs.304b2cc2,"",%progbits
  27 0000 789C6366 		.ascii	"x\234cf\300\016\204\2404\013\0203100\303\330\014\014"
  27      C00E84A0 
  27      340B1033 
  27      313030C3 
  27      D80C0C
  28 0013 00033900 		.ascii	"\000\0039\000#"
  28      23
  29              		.text
  30              		.section	.gnu.lto_.pureconst.304b2cc2,"",%progbits
  31 0000 789C6366 		.ascii	"x\234cf``\340d\200\000\026\006)&)f)\026\011\000\002"
  31      6060E064 
  31      80001606 
ARM GAS  C:\Users\Luggi\AppData\Local\Temp\ccYj4N8I.s 			page 2


  31      29262966 
  31      29160900 
  32 0015 CF0080   		.ascii	"\317\000\200"
  33              		.text
  34              		.section	.gnu.lto_Filter_SaveConfig.304b2cc2,"",%progbits
  35 0000 789C7D93 		.ascii	"x\234}\223Kh\023Q\024\206\357\177\347\221\204,*\335"
  35      4B681351 
  35      1486EF7F 
  35      E791842C 
  35      2ADD
  36 0012 08C59D48 		.ascii	"\010\305\235HA\250;\301\235\013AWB\240\333B\221:\013"
  36      41A83BC1 
  36      9D0B4157 
  36      42A0DB42 
  36      913A0B
  37 0025 412C84BA 		.ascii	"A,\204\272,\235\321A$H2U\220\242\266 \230X\233\332\324"
  37      2C9DD141 
  37      24483255 
  37      90A2B620 
  37      98589BDA 
  38 003a A8ADAFEA 		.ascii	"\250\255\257\352\264\210\370\242!\355B\310\302J\211"
  38      B488F8A2 
  38      21ED42C8 
  38      C24A89
  39 0049 A0F820B5 		.ascii	"\240\370 \265P\035\245\326s\3564\241T\310\300\314\235"
  39      501DA5D6 
  39      73EE34A1 
  39      54C8C0CC 
  39      9D
  40 005a 9973CE7F 		.ascii	"\231s\316\177\276\377\334\031M\374\177\264\321\331\252"
  40      BEFFDC19 
  40      4DFC7FB4 
  40      D1D9AA
  41 0069 09B18756 		.ascii	"\011\261\207Vh\002\322\233\027\302\211J\200o\004\304"
  41      6802D29B 
  41      17C2894A 
  41      806F04C4 
  42 0079 80C4003E 		.ascii	"\200\304\000>\313\025\011\317\317\017\305\333\263\266"
  42      CB1509CF 
  42      CF0FC5DB 
  42      B3B6
  43 0087 6DD796DF 		.ascii	"m\327\226\3378\011\037\201\024bU\206:\270\211vAI+\356"
  43      38091F81 
  43      14625586 
  43      3AB88976 
  43      41492BEE 
  44 009b FABBB8E9 		.ascii	"\372\273\270\351R\322\2160\206Q\230\240\265\320\352"
  44      52D28E30 
  44      865198A0 
  44      B5D0EA
  45 00aa DB1B1BAB 		.ascii	"\333\033\033\253\205\331_\210I\021H\350|\021\242JI\334"
  45      85D95F88 
  45      491148E8 
  45      7C11A24A 
  45      49DC
  46 00bc EAA394BC 		.ascii	"\352\243\224\274j\025\314\255\245^\234\213p\335O\311"
  46      6A15CCAD 
ARM GAS  C:\Users\Luggi\AppData\Local\Temp\ccYj4N8I.s 			page 3


  46      A55E9C8B 
  46      70DD4FC9 
  47 00cc 7D9DCBD9 		.ascii	"}\235\313\331E\343\223\014\244t3gm\235\273,UK\345\250"
  47      45E3930C 
  47      A4743367 
  47      6D9DBB2C 
  47      554BE5A8 
  48 00e0 7A25F8F1 		.ascii	"z%\370\361\365\253\364\367\226a\\u\\b\322p\013m\030"
  48      F5ABF4F7 
  48      96615C75 
  48      5C62D270 
  48      0B6D18
  49 00f3 0339431E 		.ascii	"\0039C\036\303\020\025\234\271x}'\353Q\352\310bzB\366"
  49      C310159C 
  49      B9787D27 
  49      EB51EAC8 
  49      627A42F6 
  50 0107 FFB1CFDB 		.ascii	"\377\261\317\333\321@\352\353L\270UOW\217\243\216{\015"
  50      D140EAEB 
  50      4CB8554F 
  50      578FA38E 
  50      7B0D
  51 0119 AC677396 		.ascii	"\254gs\226\201q\364\3436\013R\354\357x\246hv\344\311"
  51      8171F4E3 
  51      360B52EC 
  51      EF78A668 
  51      76E4C9
  52 012c A0BF3790 		.ascii	"\240\2777\220&&(\361\207\032\002\012\350 b\241\034\314"
  52      262628F1 
  52      871A020A 
  52      E82062A1 
  52      1CCC
  53 013e E7361DE8 		.ascii	"\3476\035\350TS\271\222\371\320\242p\275\272\203\347"
  53      5453B992 
  53      F9D0A270 
  53      BDBA83E7 
  54 014e D3A5DC16 		.ascii	"\323\245\334\026\344\311\006\362\235\006\362\256\246"
  54      E4C906F2 
  54      9D06F2AE 
  54      A6
  55 015b C8DB198B 		.ascii	"\310\333\031\213M\030\357*F\336\005\334cF\235\031k\223"
  55      4D18EF2A 
  55      46DE05DC 
  55      63469D19 
  55      6B93
  56 016d 5307363B 		.ascii	"S\0076;d^~\235\325\024\337\205:_9\267\374\305P|\216"
  56      645E7E9D 
  56      D514DF85 
  56      3A5F39B7 
  56      FCC5507C 
  57 0182 6F30E1FD 		.ascii	"o0\341\375\006\341\024\251QF\351[\352\255*\322\016\012"
  57      06E114A9 
  57      5146E95B 
  57      EAAD2AD2 
  57      0E0A
  58 0194 4C5384A0 		.ascii	"LS\204\240\327R\277\315\246\3247\312KeU\024Q]\006\263"
  58      D752BFCD 
ARM GAS  C:\Users\Luggi\AppData\Local\Temp\ccYj4N8I.s 			page 4


  58      A6D437CA 
  58      4B655514 
  58      515D06B3 
  59 01a8 8562AC61 		.ascii	"\205b\254a\"\212\007d\342\241j\362(lriadPM.f\247\267"
  59      228A0764 
  59      E2A16AF2 
  59      286C7269 
  59      6164504D 
  60 01c0 EF7D4429 		.ascii	"\357}D).xc\3318Kx\241\304c\342|\242$f\302I\316\325j"
  60      2E7863D9 
  60      384B78A1 
  60      C463E27C 
  60      A22466C2 
  61 01d8 3375A34D 		.ascii	"3u\243M\\=\015\0336\324\351\237\3003\212\274\207\343"
  61      5C3D0D1B 
  61      36D4E99F 
  61      C0338ABC 
  61      87E3
  62 01ea 0706D7F3 		.ascii	"\007\006\327\363\036Wi\212\364\225\222\233\335G\254"
  62      1E57698A 
  62      F495929B 
  62      DD47AC
  63 01f9 5356F258 		.ascii	"SV\362X\237u\274\273\263\367t\262\307\352Jt\366\036"
  63      9F75BCBB 
  63      B3F774B2 
  63      C7EA4A74 
  63      F61E
  64 020b DADF75F8 		.ascii	"\332\337u\370\304\311>+\331\2358\272\257G\374\003 w"
  64      C4C93E2B 
  64      D99D38BA 
  64      AF47FC03 
  64      2077
  65 021d 285B     		.ascii	"(["
  66              		.text
  67              		.section	.gnu.lto_Filter_RestoreConfig.304b2cc2,"",%progbits
  68 0000 789C7D93 		.ascii	"x\234}\223_HSQ\034\307\317\357\334\355\336\215\011J"
  68      5F485351 
  68      1CC7CFEF 
  68      DCEDDE8D 
  68      094A
  69 0012 90C87A8C 		.ascii	"\220\310z\214\360!\354!\350\271\207 \237\002\301WA\302"
  69      F021EC21 
  69      E8B98720 
  69      9F02C157 
  69      41C2
  70 0024 F61044C2 		.ascii	"\366\020D\302\260\336\304{\365F1b\177\0122\264\204\242"
  70      B0DEC47B 
  70      F5463162 
  70      7F0A32B4 
  70      84A2
  71 0036 4D73E674 		.ascii	"Ms\346t\245\366\277m\211\364\217\306\224\014\006\345"
  71      A5F6BF6D 
  71      89F48FC6 
  71      940C06E5 
  72 0046 1F2618FD 		.ascii	"\037&\030\375\333\\h#\314~\277s\357.i\332`\347l\347"
  72      DB5C6823 
  72      CC7EBF73 
ARM GAS  C:\Users\Luggi\AppData\Local\Temp\ccYj4N8I.s 			page 5


  72      EF2E69DA 
  72      60E76CE7 
  73 005a FCCEE7FB 		.ascii	"\374\316\347\3739\347\334+\261\177?n\374F%\306\366a"
  73      39E7DC2B 
  73      B17F3F6E 
  73      FC4625C6 
  73      F661
  74 006c 0F12031E 		.ascii	"\017\022\003\036|\313\230\346\340\000\364\203\001\353"
  74      7CCB98E6 
  74      E000F483 
  74      01EB
  75 007a E0D0019F 		.ascii	"\340\320\001\237x\201C0\021\275\352\252\015\253\252"
  75      78814330 
  75      11BDEAAA 
  75      0DABAA
  76 0089 9ABF3956 		.ascii	"\232\2779Vs\256\246\304\031+r\003\003\375P\313\260\246"
  76      73AEA6C4 
  76      192B7203 
  76      03FD50CB 
  76      B0A6
  77 009b A0AFBF77 		.ascii	"\240\257\277w\311:\326T\031s0\0002`\037\333\225P76\212"
  77      C93AD654 
  77      19733000 
  77      32601FDB 
  77      95503736 
  78 00b0 EF42CB07 		.ascii	"\357B\313\007\241\202\263\022\007\033525\0125\214\345"
  78      A182B312 
  78      071B3532 
  78      350A358C 
  78      E5
  79 00c1 B09E4297 		.ascii	"\260\236B\2278\247^\312B\347\370\350\354\015'!\3268"
  79      38A75ECA 
  79      42E7F8E8 
  79      EC0D2721 
  79      D638
  80 00d3 19F4CDF8 		.ascii	"\031\364\315\370\207y\373/\365\202\352(q\276N|\034\235"
  80      8779FB2F 
  80      F582EA28 
  80      71BE4E7C 
  80      1C9D
  81 00e5 CBA5338E 		.ascii	"\313\2453\216e\216#\342\357\200\246_\203\353\320\253"
  81      658E23E2 
  81      EF80A65F 
  81      83EBD0AB 
  82 00f5 A95425C1 		.ascii	"\251T%\301mh\207Ap\213\271\337C\201\270\\\267\277\304"
  82      6D688741 
  82      708BB9DF 
  82      4381B85C 
  82      B7BFC4
  83 0108 6D10C59A 		.ascii	"m\020\305\232\025a\017CP\307\262\220\272\264\260\233"
  83      15610F43 
  83      50C7B290 
  83      BAB4B09B 
  84 0118 A2B04CBB 		.ascii	"\242\260L\273\022\236\261\023\321\256\007\272T\333\246"
  84      129EB113 
  84      D1AE07BA 
  84      54DBA6
ARM GAS  C:\Users\Luggi\AppData\Local\Temp\ccYj4N8I.s 			page 6


  85 0127 10BB00BD 		.ascii	"\020\273\000\275z\351\377VI!\272\226\260\227\270\014"
  85      7AE9FF56 
  85      4921BA96 
  85      B097B80C 
  86 0137 77C00DC3 		.ascii	"w\300\015\303\224\0021\004\243.#\375\302l\322\324\267"
  86      94023104 
  86      A32E23FD 
  86      C26CD2D4 
  86      B7
  87 0148 EDA8BFD5 		.ascii	"\355\250\277\325wd{\337Q\341KG\011\361\262o\265\351"
  87      77647BDF 
  87      51E14B47 
  87      09F1B26F 
  87      B5E9
  88 015a 9BED09CC 		.ascii	"\233\355\011\314W\012\271`\331wr\"\035\331$x\327\022"
  88      570AB960 
  88      D9777222 
  88      1DD92478 
  88      D712
  89 016c BC27046D 		.ascii	"\274'\004m\204X\365M\365\2365\004\2113\331?\225t\011"
  89      8458F54D 
  89      F59E3504 
  89      8933D93F 
  89      957409
  90 017f 4EE4BC66 		.ascii	"N\344\274fp\276/t\257\031\034 \312\230E\031G\012\"\272"
  90      70BE2F74 
  90      AF191C20 
  90      CA984519 
  90      470A22BA 
  91 0193 7EC8C67A 		.ascii	"~\310\306z\305@\274^\374Y\254 \004T1\230\300J\022\005"
  91      C540BC5E 
  91      FC59AC20 
  91      04543198 
  91      C04A1205 
  92 01a7 D37347D8 		.ascii	"\323sG\330}\241\244Pq>\377AS\314\372\300\213/II\370"
  92      7DA1A450 
  92      713EFF41 
  92      53CCFAC0 
  92      8B2F4949 
  93 01bc 5C2CEF2B 		.ascii	"\\,\357+\023Y\374l\377{_\017,\310C\204`E\372\253\357"
  93      1359FC6C 
  93      FF7B5F0F 
  93      2CC84384 
  93      6045FAAB 
  94 01d1 8D58241F 		.ascii	"\215X$\037f\360H\030t\256\372V\366\230\314\313\323}"
  94      66F04818 
  94      74AEFA56 
  94      F698CCCB 
  94      D37D
  95 01e3 2171568A 		.ascii	"!qV\212\352\337z\267\016q\350\323\301\301\260\213\""
  95      EADF7AB7 
  95      0E71E8D3 
  95      C1C1B08B 
  95      22
  96 01f4 8274214E 		.ascii	"\202t!Nx\214\011OD\302S#a\373{\274\225\231\313\210\\"
  96      788C094F 
  96      44C25323 
ARM GAS  C:\Users\Luggi\AppData\Local\Temp\ccYj4N8I.s 			page 7


  96      61FB7BBC 
  96      9599CB88 
  97 0209 878086C2 		.ascii	"\207\200\206\302\261\270\323\272V'<\303kM\010J\3228"
  97      B1B8D3BA 
  97      56273CC3 
  97      6B4D084A 
  97      D238
  98 021b B9547E64 		.ascii	"\271T~d\311\332\351\177\266\2252B-I\031\307\236\343"
  98      C9DAE97F 
  98      B6953242 
  98      2D4919C7 
  98      9EE3
  99 022d CC47D012 		.ascii	"\314G\320\022\335\365\264\236\036\342\034>\032\370\322"
  99      DDF5B49E 
  99      1EE21C3E 
  99      1AF8D2
 100 023c A0CBDE7A 		.ascii	"\240\313\336z\317i\217\367x\233\347Dsc\353\031o\213"
 100      CF698FF7 
 100      789BE744 
 100      7363EB19 
 100      6F8B
 101 024e A7A9A1B1 		.ascii	"\247\251\241\261\365\310\241\246\243'O\265y\274\315"
 101      F5C8A1A6 
 101      A3274FB5 
 101      79BCCD
 102 025d 0DC70EB4 		.ascii	"\015\307\016\264\260?\034\247\\\262"
 102      B03F1CA7 
 102      5CB2
 103              		.text
 104              		.section	.gnu.lto_Filter_Sleep.304b2cc2,"",%progbits
 105 0000 789C7D92 		.ascii	"x\234}\222MHTQ\030\206\277\367\273?\216\216\240\264"
 105      4D485451 
 105      1886BFF7 
 105      BB3F8E8E 
 105      A0B4
 106 0012 1217B389 		.ascii	"\022\027\263\211\230\225\272j\331*(\010\002\301\255"
 106      9895BA6A 
 106      D92A2808 
 106      02C1AD
 107 0021 20617711 		.ascii	" aw\021D\302`\273\006\317un%\021em\212\312Z5Zc\352\214"
 107      44C260BB 
 107      06CF756E 
 107      2511656D 
 107      8ACA5A35 
 108 0039 654542B7 		.ascii	"eEB\267\010\027\005\205dD\022E1F\255\032\035H/1M\337"
 108      08170585 
 108      64441245 
 108      3146AD1A 
 108      1D482F31 
 109 004f 3933FD60 		.ascii	"93\375`\344\205{\317\337s\337\367=\3379\026\375\373"
 109      E4857BCF 
 109      DF73DFF7 
 109      3DDF3916 
 109      FDFB
 110 0061 EC927798 		.ascii	"\354\222w\230\211vH\013\227\300\243\317\211\374\030"
 110      8976480B 
 110      97C0A3CF 
ARM GAS  C:\Users\Luggi\AppData\Local\Temp\ccYj4N8I.s 			page 8


 110      89FC18
 111 0070 B3359F20 		.ascii	"\2635\237 \325d/u\221j\266\340\324\246\355_\035\007"
 111      D5642F75 
 111      916AB6E0 
 111      D4A6ED5F 
 111      1D07
 112 0082 D01D020D 		.ascii	"\320\035\002\015\261e;\030\302\027^e\214\206\271\213"
 112      B1653B18 
 112      C2175E65 
 112      8C86B98B 
 113 0092 F1E475A5 		.ascii	"\361\344u\245T\351\374\303\266\343m\221(\227\271\346"
 113      54E9FCC3 
 113      B6E36D91 
 113      2897B9E6 
 114 00a2 84712449 		.ascii	"\204q$I\230\325\240\362:\356\006\302\264\326\3260\001"
 114      98D5A0F2 
 114      3AEE06C2 
 114      B4D6D630 
 114      01
 115 00b3 17D24E6F 		.ascii	"\027\322No\013U\265:[97\222\344F\246\210a\353\017QQ"
 115      0B55B53A 
 115      5B393792 
 115      E446A688 
 115      61EB0F51 
 116 00c8 28EDB6C2 		.ascii	"(\355\266\302\254[k\031\217\277\235\372t\355\230\376"
 116      AC5B6B19 
 116      8FBF9DFA 
 116      74ED98FE 
 117 00d8 719D6DD1 		.ascii	"q\235m\321|2\276\360(\376\231#\346\354I_\331\332\346"
 117      7C32BEF0 
 117      28FE9923 
 117      E6EC495F 
 117      D9DAE6
 118 00eb 7DF1C562 		.ascii	"}\361\305b\314L\221\036~\375pa\275e\014\227\375\000"
 118      CC4C911E 
 118      7EFD7061 
 118      BD650C97 
 118      FD00
 119 00fd 115BB881 		.ascii	"\021[\270\201v\334D\273\230\3470\006ZFf\343D\321\255"
 119      76DC44BB 
 119      98E73006 
 119      5A4666E3 
 119      44D1AD
 120 0110 09724DF3 		.ascii	"\011rM\363\331\307\215r\263\026@+aR\330W\010\336d\022"
 120      D9C78D72 
 120      B316402B 
 120      6152D857 
 120      08DE6412 
 121 0124 7546003F 		.ascii	"uF\000?\373\340t\203\001D\346\226\026#\235\321\242\371"
 121      FBE07483 
 121      0144E696 
 121      16239DD1 
 121      A2F9
 122 0136 84441C2E 		.ascii	"\204D\034.\225\252\371FM\013z\365\345\231)N\177W#*\026"
 122      95AAF946 
 122      4D0B7AF5 
 122      E599294E 
ARM GAS  C:\Users\Luggi\AppData\Local\Temp\ccYj4N8I.s 			page 9


 122      7F57232A 
 123 014b B15DD1BB 		.ascii	"\261]\321\273\376;\242m\206\023~p\005:\242\322\224\203"
 123      FE3BA26D 
 123      86137E70 
 123      053AA2D2 
 123      9483
 124 015d 29A431AD 		.ascii	")\2441\255ee\355\307\344\331\202\333\221\223\242\205"
 124      6565EDC7 
 124      E4D982DB 
 124      9193A285 
 125 016d 9D11BB98 		.ascii	"\235\021\273\230\021p\315\024\026yt\010\260x)\233i\321"
 125      1170CD14 
 125      16797408 
 125      B078299B 
 125      69D1
 126 017f 5A524A14 		.ascii	"ZRJ\024L\230\025\321]\3522Qf\026\012[G\331\354=\273"
 126      4C9815D1 
 126      5DEA3251 
 126      66160A5B 
 126      47D9EC3D 
 127 0194 85F7ED3F 		.ascii	"\205\367\355?\336w\214\367\357}\27025W\367v\314Q\275"
 127      DE778CF7 
 127      EF7DB832 
 127      3557F776 
 127      CC51BD
 128 01a7 4526CC3F 		.ascii	"E&\314?e\355M\233\315\033\312\246rw\221\226c\216\221"
 128      65ED4D9B 
 128      CD1BCAA6 
 128      72779196 
 128      638E91
 129 01ba 46E79AFE 		.ascii	"F\347\232\376G\212\037\356\325\311w\360\303\373\373"
 129      478A1FEE 
 129      D5C977F0 
 129      C3FBFB
 130 01c9 0C49FA76 		.ascii	"\014I\372v@[\011\260}\257w\304K\035\030\364\016\366"
 130      405B09B0 
 130      7DAF77C4 
 130      4B1D18F4 
 130      0EF6
 131 01db F50C1C4D 		.ascii	"\365\014\034M\365{\275\335=\003\273w\366\3569tx\320"
 131      F57BBDDD 
 131      3D03BB77 
 131      F6EE3974 
 131      78D0
 132 01ed 4BF575EF 		.ascii	"K\365u\357\357\354\247\237j3\365\012"
 132      EFECA79F 
 132      6A33F50A 
 133              		.text
 134              		.section	.gnu.lto_Filter_Wakeup.304b2cc2,"",%progbits
 135 0000 789C7550 		.ascii	"x\234uPO(\303Q\034\377~\276\277\267_\313V\223\323rp"
 135      4F28C351 
 135      1CFF7EBE 
 135      BFB75FCB 
 135      5693D372 
 136 0015 911C3417 		.ascii	"\221\0344\027\311\315Eq\220R\256J\232\337A\311j\215"
 136      C9CD4571 
 136      9052AE4A 
ARM GAS  C:\Users\Luggi\AppData\Local\Temp\ccYj4N8I.s 			page 10


 136      9ADF41C9 
 136      6A8D
 137 0027 DBDA9B4D 		.ascii	"\333\332\233M9\261\234\224?\007%\1776[V\224\333NSV\204"
 137      39B19C94 
 137      3F07257F 
 137      365B5694 
 137      DB4E5356 
 138 003c E44FE262 		.ascii	"\344O\342bE9`\007-\015\357\375\246\024y\365\372\276"
 138      45396007 
 138      2D0DEFFD 
 138      A61479F5 
 138      FABE
 139 004e F7799F3F 		.ascii	"\367y\237?}\236A\177W\233\332\223 jR\023\016\002'\216"
 139      7D9E417F 
 139      579BDA93 
 139      206A5213 
 139      0E02278E 
 140 0062 88A24E66 		.ascii	"\210\242Nf#\357!Y#\016;I\272\015\210*,\000} P\204\015"
 140      23EF2159 
 140      230E3B49 
 140      BA0D882A 
 140      2C007D20 
 141 0079 81081EF9 		.ascii	"\201\010\036\371\205\221\310%\027\\\315kR\312\347\325"
 141      8591C825 
 141      175CCD6B 
 141      52CAE7D5 
 142 0089 2BEFB4B7 		.ascii	"+\357\264\267\314D%\256\372c\035\315\2448/\361\312\205"
 142      CC4425AE 
 142      FA631DCD 
 142      A4382FF1 
 142      CA85
 143 009b CB8C2B4E 		.ascii	"\313\214+Nm\365\015\0330U.e\352r\362\363\263T\234\237"
 143      6DF50D1B 
 143      30552E65 
 143      EA72F2F3 
 143      B3549C9F 
 144 00af E9605350 		.ascii	"\351`SP\231\025x\257\010:\247\310\254\247q\203Xn\261"
 144      991578AF 
 144      083AA7C8 
 144      ACA77183 
 144      586EB1
 145 00c2 C05AA2BD 		.ascii	"\300Z\242\275V\316f\323\034~\2273\322Yf.i\0056\021V"
 145      56CE66D3 
 145      1C7E9733 
 145      D259662E 
 145      69053611 
 146 00d7 5A83AE31 		.ascii	"Z\203\2561\265\267\363t\352\320\3347\026\277\331\242"
 146      B5B7F374 
 146      EAD0DC37 
 146      16BFD9A2 
 147 00e7 A2B3157A 		.ascii	"\242\263\025zw\177|\342|`\205\330\327\215h|\011\313"
 147      777F7CE2 
 147      7C6085D8 
 147      D78D687C 
 147      09CB
 148 00f9 588C4ACD 		.ascii	"X\214J\315r`\013a$Qo\277}\244\346\262\246\257\245\314"
 148      72600B61 
ARM GAS  C:\Users\Luggi\AppData\Local\Temp\ccYj4N8I.s 			page 11


 148      24516FBF 
 148      7DA4E6B2 
 148      A6AFA5CC 
 149 010d 26528AF3 		.ascii	"&R\212\363j7\3036|t\216\370e\254\341'\352`\371!+\264"
 149      6A37C336 
 149      7C748EF8 
 149      65ACE127 
 149      EA60F921 
 150 0123 2940486B 		.ascii	")@Hk9\351\022\006\345=v\207\335\202\373\277\016\312"
 150      39E91206 
 150      E53D7687 
 150      DD82FBBF 
 150      0ECA
 151 0135 1499EF0E 		.ascii	"\024\231\357\016Z#\354\342\267\210\346\366{m\015\351"
 151      5A23ECE2 
 151      B788E6F6 
 151      7B6D0DE9 
 152 0145 6F814615 		.ascii	"o\201F\025\265\261\307\032\267\202\303!kdh 0\021\364"
 152      B5B1C71A 
 152      B782C321 
 152      6B646820 
 152      3011F4
 153 0158 5B83FD03 		.ascii	"[\203\375\003\201\256\366\301\356\321\261\220\025\034"
 153      81AEF6C1 
 153      EED1B190 
 153      151C
 154 0166 EAEF6BF5 		.ascii	"\352\357k\365\323\027\\?\222&"
 154      D3175C3F 
 154      9226
 155              		.text
 156              		.section	.gnu.lto_.symbol_nodes.304b2cc2,"",%progbits
 157 0000 789C55C8 		.ascii	"x\234U\3101\016@@\024E\321;\377\317\210E\330\353S\210"
 157      310E4040 
 157      1445D13B 
 157      FFCF8845 
 157      D8EB5388 
 158 0014 5AA59ED8 		.ascii	"Z\245\236\330\207\306\002\254\201\304:\004\241\030\257"
 158      87C602AC 
 158      81C43A04 
 158      A118AF
 159 0023 B939CF81 		.ascii	"\2719\317\201\236o\026\004\303\012\022c\256I\220Mn\246"
 159      9E6F1604 
 159      C30A1263 
 159      AE49904D 
 159      6EA6
 160 0035 50DEE6B2 		.ascii	"P\336\346\262\237\243\274tH\212\257i\333\233\225RAw"
 160      9FA3BC74 
 160      488AAF69 
 160      DB9B9552 
 160      4177
 161 0047 58F633B8 		.ascii	"X\3663\270'\216\247\321\230\266\247\025\335\334p\001"
 161      278EA7D1 
 161      98B6A715 
 161      DDDC7001 
 162 0057 D8C82278 		.ascii	"\330\310\"x"
 163              		.text
 164              		.section	.gnu.lto_.refs.304b2cc2,"",%progbits
ARM GAS  C:\Users\Luggi\AppData\Local\Temp\ccYj4N8I.s 			page 12


 165 0000 789C25C8 		.ascii	"x\234%\310\301\015\000 \020\204@\270=M\354\303\376k"
 165      C10D0020 
 165      108440B8 
 165      3D4DECC3 
 165      FE6B
 166 0012 D4282F32 		.ascii	"\324(/2\0016\277\240\245\2553u\037\257\254\312\243a"
 166      0136BFA0 
 166      A5AD3375 
 166      1FAFACCA 
 166      A361
 167 0024 6371000B 		.ascii	"cq\000\013\300\000l"
 167      C0006C
 168              		.text
 169              		.section	.gnu.lto_.decls.304b2cc2,"",%progbits
 170 0000 789C8D55 		.ascii	"x\234\215UkLTG\024\276gge\037,b\245Q\263\351\017\212"
 170      6B4C5447 
 170      14BE6767 
 170      651F2C62 
 170      A551B3E9 
 171 0016 09B10DF1 		.ascii	"\011\261\015\361G\223\032\377Ac\253&M[R\332\364GM\354"
 171      47931AFF 
 171      4163AB26 
 171      4D5B52DA 
 171      F4474DEC 
 172 002a BABD55A2 		.ascii	"\272\275U\242\005\262,M\3747,>\020\037\250\255e1jW\221"
 172      05B22C4D 
 172      FC372C3E 
 172      101FA8AD 
 172      65316A57 
 173 003f AA2B2E2B 		.ascii	"\252+.+\002UQX\261\012\202\340kE\361\325\025\214\265"
 173      02555158 
 173      B10A82E0 
 173      6B45F1D5 
 173      158CB5
 174 0052 B4265BA5 		.ascii	"\264&[\245\012\322\262=s\356\275\356\305@\353$\207\235"
 174      0AD2B23D 
 174      73EEBDEE 
 174      C540EB24 
 174      879D
 175 0064 73E7FBBE 		.ascii	"s\347\373\276s\316\314\231\201I\222\344\005I\212\341"
 175      73CECC99 
 175      814992E4 
 175      05498AE1 
 176 0074 709824E9 		.ascii	"p\230$\3515\234O\302o\331R|$\240\325\240\005\320\202"
 176      359C4FC2 
 176      6FD9527C 
 176      24A0D5A0 
 176      05D082
 177 0087 687568F5 		.ascii	"huh\365h\215h\010\227\256Ic\207\300ZU\215ih\267\320"
 177      688D6808 
 177      97AE4963 
 177      87C05A55 
 177      8D6968B7 
 178 009c 6EA0DD46 		.ascii	"n\240\335F\273\202v\022\255\037\355\034\332|4\003Z7"
 178      BB827612 
 178      AD1FED1C 
 178      DA7C3403 
ARM GAS  C:\Users\Luggi\AppData\Local\Temp\ccYj4N8I.s 			page 13


 178      5A37
 179 00ae 5AA7AA57 		.ascii	"Z\247\252W3\201n\340\005]\275\236\026\343#\235\366\213"
 179      33816EE0 
 179      055DBD9E 
 179      16E3239D 
 179      F68B
 180 00c0 BA810974 		.ascii	"\272\201\011tEM\226\377\311\367\036\332\001\225\337"
 180      454D96FF 
 180      C9F71EDA 
 180      0195DF
 181 00cf 85C6545E 		.ascii	"\205\306T^\215\272\027\343\351\212}2\351t5\015\275\256"
 181      8DBA17E3 
 181      E98A7D32 
 181      E974350D 
 181      BDAE
 182 00e1 5EAF4ECD 		.ascii	"^\257N\315q\242}\375\323\000\307\002\203]\211\017\014"
 182      71A27DFD 
 182      D300C702 
 182      835D890F 
 182      0C
 183 00f2 30D99A2A 		.ascii	"0\331\232*\334\343[\333\275\011\350\332\254F\3416\215"
 183      DCE35BDB 
 183      BD09E8DA 
 183      AC46E136 
 183      8D
 184 0103 F4858DD3 		.ascii	"\364\205\215\323\267q\034\233K\370\024#dO\203}`\207"
 184      B7711C9B 
 184      4BF81423 
 184      644F837D 
 184      6087
 185 0115 FD6047C5 		.ascii	"\375`G\305\0030\035\377~nT\224\216\004[\006&1\003\210"
 185      03301DFF 
 185      7E6E5494 
 185      8E045B06 
 185      26310388 
 186 0129 7995F76E 		.ascii	"y\225\367n\330\232\341GZ)\017E\014\361p\203\003\373"
 186      D89AE147 
 186      5A290F45 
 186      0CF17083 
 186      03FB
 187 013b BE37A6EE 		.ascii	"\2767\246\356\342\221`\264\351D\257\215\267\363P,\226"
 187      E29160B4 
 187      E944AF8D 
 187      B7F3502C 
 187      96
 188 014c 4952E007 		.ascii	"IR\340\007\006\007!C \305\234(P\003\251H\013]\017\254"
 188      06072143 
 188      20C59C28 
 188      5003A948 
 188      0B5D0FAC 
 189 0160 B6B04CD2 		.ascii	"\266\260L\322n\275\\\2761\211$|\376\252\004E\200\370"
 189      6EBD5CBE 
 189      3189247C 
 189      FEAA0445 
 189      80F8
 190 0172 8774FC43 		.ascii	"\207t\374C\032?@\374\315\203\276v\306>!\376\256\263"
 190      1A3F40FC 
ARM GAS  C:\Users\Luggi\AppData\Local\Temp\ccYj4N8I.s 			page 14


 190      CD83BE76 
 190      C63E21FE 
 190      AEB3
 191 0184 A36BCCC8 		.ascii	"\243k\314\310\367\005}\303c\370\265:~\255\306\017\022"
 191      F7057DC3 
 191      63F8B53A 
 191      7EADC60F 
 191      12
 192 0195 3F5C1EA9 		.ascii	"?\\\036\251\000\346P\370\373\217W&+\374\216j=\377\260"
 192      00E650F8 
 192      FB8F5726 
 192      2BFC8E6A 
 192      3DFFB0
 193 01a8 8E7F58E3 		.ascii	"\216\177X\343\327\021\277|\233\247\332\300\362\211?"
 193      D711BF7C 
 193      9BA7DAC0 
 193      F2893F
 194 01b7 FAAC6994 		.ascii	"\372\254i\224\211\374yt\244\352\007[%\337\355\341\243"
 194      89FC7974 
 194      A4EA075B 
 194      25DFEDE1 
 194      A3
 195 01c8 B118289B 		.ascii	"\261\030(\233pD'rD\023\251'\221K\317\274\353&\263\035"
 195      70442772 
 195      4413A927 
 195      914BCFBC 
 195      EB26B31D 
 196 01dc 402ADB2F 		.ascii	"@*\333/\206+\222I%RyZn]\305\377\216\305\230\"\321\240"
 196      862B9249 
 196      2552795A 
 196      6E5DC5FF 
 196      8EC59822 
 197 01f2 9368D024 		.ascii	"\223h\320$\032I\242:\364t\275\201N\333G\347\353?Z6b"
 197      1A49A23A 
 197      F474BD81 
 197      4EDB47E7 
 197      EB3F5A36 
 198 0207 A6E37E57 		.ascii	"\246\343~W\270\276\215\301!\023\363+\021zZ\326\2565"
 198      B8BE8DC1 
 198      2113F32B 
 198      117A5AD6 
 198      AE35
 199 0219 B366C529 		.ascii	"\263f\305)\376\261i\203\011\201\323\254t\214\233:\267"
 199      FEB16983 
 199      0981D3AC 
 199      748C9B3A 
 199      B7
 200 022a 9F62E4C6 		.ascii	"\237b\344\306\304\262\241\267\367\273a\006\326\364R"
 200      C4B2A1B7 
 200      F7BB6106 
 200      D6F452
 201 0239 CE3D3CBA 		.ascii	"\316=<\272\225\263\031\022d\330\341\015\273\004\315"
 201      95B31912 
 201      64D8E10D 
 201      BB04CD
 202 0248 908E304A 		.ascii	"\220\2160J\010\232\260uN`\353\354\305\306\210nh\363"
 202      089AB075 
ARM GAS  C:\Users\Luggi\AppData\Local\Temp\ccYj4N8I.s 			page 15


 202      4E60EBEC 
 202      C5C6886E 
 202      68F3
 203 025a BF5FC2B3 		.ascii	"\277_\302\263\340$X\341\370\363\224)\202\332,-\201+"
 203      E02458E1 
 203      F8F39429 
 203      82DA2C2D 
 203      812B
 204 026c 5E33BBAF 		.ascii	"^3\273\257d\320\326\361\354D\"{\2448\217~\277\377\330"
 204      64D0D6F1 
 204      EC44227B 
 204      A4388F7E 
 204      BFFFD8
 205 027f C4FE529C 		.ascii	"\304\376R\234\316\276\241\3076*j\212p;\326x\270\211"
 205      CEBEA1C7 
 205      362A6A8A 
 205      703BD678 
 205      B889
 206 0291 0D296B95 		.ascii	"\015)k\225O\317\237M\246\265\031\302-\217^\332h!\227"
 206      4FCF9F4D 
 206      A6B519C2 
 206      2D8F5EDA 
 206      682197
 207 02a4 53FD7555 		.ascii	"S\375uU\325\215\026\252?K\270\367.\\m6\221\233)\334"
 207      D58D16AA 
 207      3F4BB8F7 
 207      2E5C6D36 
 207      919B29DC 
 208 02b8 2D9E35BB 		.ascii	"-\2365\273\230\265T\355~\313B\374\256\353\376v\300L"
 208      98B554ED 
 208      7ECB42FC 
 208      AEEBFE76 
 208      C04C
 209 02ca 61961DDA 		.ascii	"a\226\035\332\320Et\327\246\306\021\363\324\315\204"
 209      D04574D7 
 209      A6C611F3 
 209      D4CD84
 210 02d9 E63C15A8 		.ascii	"\346<\025\250\2603\010?K\360s0U#\321\371\325\377\312"
 210      B033083F 
 210      4BF07330 
 210      5523D1F9 
 210      D5FFCA
 211 02ec CDEC1FCA 		.ascii	"\315\354\037\312\322\324\342\035X\004i8R\322\322}\270"
 211      D2D4E21D 
 211      58046938 
 211      52D2D27D 
 211      B8
 212 02fd 85D191FE 		.ascii	"\205\321\221\376\033I\025<\022RDN\343\356\\\200\024"
 212      1B49153C 
 212      1252444E 
 212      E3EE5C80 
 212      14
 213 030e 6D476709 		.ascii	"mGg\011\271\237\205\250\204`\356\373\303\303\263\212"
 213      B99F85A8 
 213      8460EEFB 
 213      C3C3B38A 
 214 031e 9908001D 		.ascii	"\231\010\000\035*R\013\253`\367iX\217\357A\200\260B"
ARM GAS  C:\Users\Luggi\AppData\Local\Temp\ccYj4N8I.s 			page 16


 214      2A520BAB 
 214      60F76958 
 214      8FEF4180 
 214      B042
 215 0330 B5651CD5 		.ascii	"\265e\034\3257\237\003\007\342\300S\343\000[Ir\213Z"
 215      379F0307 
 215      E2C053E3 
 215      005B4972 
 215      8B5A
 216 0342 6C1636EF 		.ascii	"l\0266\357O\030\362(U*\260x\230p\011O\276\013\322\340"
 216      4F18F228 
 216      552AB078 
 216      9870094F 
 216      BE0BD2E0 
 217 0356 225A375A 		.ascii	"\"Z7Z'\332yH\243\323\245\030\277\305c\204\306\211\221"
 217      27DA7948 
 217      A3D3A518 
 217      BFC56384 
 217      C68991
 218 0369 21428856 		.ascii	"!B\210V\211\334y\313,V%\255\255\265\0161<\334s\362\251"
 218      89DC79CB 
 218      2C5625AD 
 218      ADB50E31 
 218      3CDC73F2 
 219 037e 05D25308 		.ascii	"\005\322S\010\365\320\012p\0055\216\305\233I\220h\214"
 219      F5D00A70 
 219      05358EC5 
 219      9B499068 
 219      8C
 220 038f 97295CC6 		.ascii	"\227)\\\306\004_&Y\3218%\305\017'\263\325\312\353\326"
 220      045F2659 
 220      D13825C5 
 220      0F27B3D5 
 220      CAEBD6
 221 03a2 B6F3419D 		.ascii	"\266\363A\235\221\272\237\334\3413\253\270eN=/\365M"
 221      91BA9FDC 
 221      E133ABB8 
 221      654E3D2F 
 221      F54D
 222 03b4 A1F84246 		.ascii	"\241\370BFt\272\220\272\252\364\306\236\326\206.\363"
 222      74BA90BA 
 222      AAF4C69E 
 222      D6862EF3 
 223 03c4 CCDD3CE4 		.ascii	"\314\335<\344\2136\365\014B1\367y8\027\357\006\021\302"
 223      8B36F50C 
 223      4231F779 
 223      3817EF06 
 223      11C2
 224 03d6 4AC2BA2D 		.ascii	"J\302\272-\014\213k\013=0G\202k0\023\005x\305\372\275"
 224      0C8B6B0B 
 224      3D304782 
 224      6B301305 
 224      78C5FABD 
 225 03ea 66F6AD12 		.ascii	"f\366\255\022\277\341I\331\261$\321\227%/q\327p\227"
 225      BFE149D9 
 225      B124D197 
 225      252F71D7 
ARM GAS  C:\Users\Luggi\AppData\Local\Temp\ccYj4N8I.s 			page 17


 225      7097
 226 03fc C2DD653D 		.ascii	"\302\335e=\026\345v\276\310\2709\341\355\\\333b;\307"
 226      16E576BE 
 226      C8B839E1 
 226      ED5CDB62 
 226      3BC7
 227 040e B9196EE0 		.ascii	"\271\031n\340\351\\\217\357h/\304\357g\270\323s\223"
 227      E95C8FEF 
 227      682FC4EF 
 227      67B8D373 
 227      93
 228 041f D9CAC49D 		.ascii	"\331\312\304\235W\356\207\300\306/\310-\260\321\323"
 228      57EE87C0 
 228      C62FC82D 
 228      B0D1D3
 229 042e 83BF08EE 		.ascii	"\203\277\010\356\256\335}\300\252\007\213\312\343\340"
 229      AEDD7DC0 
 229      AA078BCA 
 229      E3E0
 230 043c DB2AF836 		.ascii	"\333*\3706\201\333\017\356\374\202y\251Zc\377\216`c"
 230      81DB0FEE 
 230      FC8279A9 
 230      5A63FF8E 
 230      6063
 231 044e 32A4DBED 		.ascii	"2\244\333\355\326\275\364\377$\013\3720\314\035\365"
 231      D6BDF4FF 
 231      240BFA30 
 231      CC1DF5
 232 045d 61538617 		.ascii	"aS\206\027\277\017e\212\005\234\232\351w\234\247\350"
 232      BF0F658A 
 232      059C9AE9 
 232      779CA7E8 
 233 046d 172C5670 		.ascii	"\027,Vp\251\332\273\030:\242\234\316\223\321u\303 R"
 233      A9DABB18 
 233      3AA29CCE 
 233      93D175C3 
 233      2052
 234 047f DBA3A6D6 		.ascii	"\333\243\246\3267\246\216~5\265~J\255\366\311E\177\242"
 234      37A68E7E 
 234      35B57E4A 
 234      ADF6C945 
 234      7FA2
 235 0491 BE0EF1E4 		.ascii	"\276\016\361\344\306\301\367\300\246m\025N\245W\346"
 235      C6C1F7C0 
 235      A66D154E 
 235      A557E6
 236 04a0 E7AE70CB 		.ascii	"\347\256p\313\256\3059\216o\344y\371y_\345.MX\360\341"
 236      AEC5398E 
 236      6FE479F9 
 236      795FE52E 
 236      4D58F0E1 
 237 04b4 A7A9F3A4 		.ascii	"\247\251\363\244\231\013\344<\331\345p\313_.\316\311"
 237      990BE43C 
 237      D9E570CB 
 237      5F2ECEC9 
 238 04c4 2F7239E5 		.ascii	"/r9\345E\3319\371\363\336^\244\342\263?\230\355\224"
 238      45D939F9 
ARM GAS  C:\Users\Luggi\AppData\Local\Temp\ccYj4N8I.s 			page 18


 238      F3DE5EA4 
 238      E2B33F98 
 238      ED94
 239 04d6 5E559D8F 		.ascii	"^U\235\217\345Bw\276K\345\3334\305\025\262\\\220\244"
 239      E54277BE 
 239      4BE5DB34 
 239      C515B25C 
 239      90A4
 240 04e8 3A9F3996 		.ascii	":\2379\226\313E\005\211\332\222;\277 \365?\365g/\224"
 240      CB450589 
 240      DA923BBF 
 240      20F53FF5 
 240      672F94
 241 04fb 34EA7B79 		.ascii	"4\352{y\216%+\344\024\325[\342p./*\310q\273\212\234"
 241      8E252BE4 
 241      14D55BE2 
 241      702E2F2A 
 241      C871BB8A 
 242 0510 EE4945B9 		.ascii	"\356IE\271y\356\271\257O \344\\\351^Y \027\316^&%\312"
 242      79EEB9AF 
 242      4F20E45C 
 242      E95E5920 
 242      17CE5E26 
 243 0526 2491E346 		.ascii	"$\221\343F\220\301\3512\024\272\214\205\362\327\016"
 243      90C1E932 
 243      14BA8C85 
 243      F2D70E
 244 0535 5321D6FC 		.ascii	"S!\326\374\216\263(i\214\264\321%/\235kt.s\270\376\005"
 244      8EB32869 
 244      8CB4D125 
 244      2F9D6B74 
 244      2E73B8FE 
 245 054a E088C2F3 		.ascii	"\340\210\302\363"
 246              		.text
 247              		.section	.gnu.lto_.symtab.304b2cc2,"",%progbits
 248 0000 46696C74 		.ascii	"Filter_SaveConfig\000\000\000\000\000\000\000\000\000"
 248      65725F53 
 248      61766543 
 248      6F6E6669 
 248      67000000 
 249 001a 000000AC 		.ascii	"\000\000\000\254\000\000\000Filter_RestoreConfig\000"
 249      00000046 
 249      696C7465 
 249      725F5265 
 249      73746F72 
 250 0036 00000000 		.ascii	"\000\000\000\000\000\000\000\000\000\000\000\256\000"
 250      00000000 
 250      000000AE 
 250      00
 251 0043 00004669 		.ascii	"\000\000Filter_Sleep\000\000\000\000\000\000\000\000"
 251      6C746572 
 251      5F536C65 
 251      65700000 
 251      00000000 
 252 0059 00000000 		.ascii	"\000\000\000\000\260\000\000\000Filter_Wakeup\000\000"
 252      B0000000 
 252      46696C74 
ARM GAS  C:\Users\Luggi\AppData\Local\Temp\ccYj4N8I.s 			page 19


 252      65725F57 
 252      616B6575 
 253 0070 00000000 		.ascii	"\000\000\000\000\000\000\000\000\000\000\262\000\000"
 253      00000000 
 253      0000B200 
 253      00
 254 007d 0046696C 		.ascii	"\000Filter_Stop\000\000\002\000\000\000\000\000\000"
 254      7465725F 
 254      53746F70 
 254      00000200 
 254      00000000 
 255 0092 000000B4 		.ascii	"\000\000\000\264\000\000\000Filter_Enable\000\000\002"
 255      00000046 
 255      696C7465 
 255      725F456E 
 255      61626C65 
 256 00a9 00000000 		.ascii	"\000\000\000\000\000\000\000\000\000\266\000\000\000"
 256      00000000 
 256      00B60000 
 256      00
 257              		.text
 258              		.section	.gnu.lto_.opts,"",%progbits
 259 0000 272D666E 		.ascii	"'-fno-trapv' '-fno-strict-overflow' '-mcpu=cortex-m"
 259      6F2D7472 
 259      61707627 
 259      20272D66 
 259      6E6F2D73 
 260 0033 33272027 		.ascii	"3' '-mthumb' '-g' '-Og' '-ffunction-sections' '-flt"
 260      2D6D7468 
 260      756D6227 
 260      20272D67 
 260      2720272D 
 261 0066 6F272027 		.ascii	"o' '-ffat-lto-objects'\000"
 261      2D666661 
 261      742D6C74 
 261      6F2D6F62 
 261      6A656374 
 262              		.text
 263              		.cfi_sections	.debug_frame
 264              		.section	.text.Filter_SaveConfig,"ax",%progbits
 265              		.align	2
 266              		.global	Filter_SaveConfig
 267              		.thumb
 268              		.thumb_func
 269              		.type	Filter_SaveConfig, %function
 270              	Filter_SaveConfig:
 271              	.LFB0:
 272              		.file 1 "Generated_Source\\PSoC5\\Filter_PM.c"
   1:Generated_Source\PSoC5/Filter_PM.c **** /*******************************************************************************
   2:Generated_Source\PSoC5/Filter_PM.c **** * File Name: Filter_PM.c
   3:Generated_Source\PSoC5/Filter_PM.c **** * Version 2.30
   4:Generated_Source\PSoC5/Filter_PM.c **** *
   5:Generated_Source\PSoC5/Filter_PM.c **** * Description:
   6:Generated_Source\PSoC5/Filter_PM.c **** *  This file provides the power managaer API source code for the FILT component.
   7:Generated_Source\PSoC5/Filter_PM.c **** *
   8:Generated_Source\PSoC5/Filter_PM.c **** * Note:
   9:Generated_Source\PSoC5/Filter_PM.c **** *  
ARM GAS  C:\Users\Luggi\AppData\Local\Temp\ccYj4N8I.s 			page 20


  10:Generated_Source\PSoC5/Filter_PM.c **** *******************************************************************************
  11:Generated_Source\PSoC5/Filter_PM.c **** * Copyright 2008-2013, Cypress Semiconductor Corporation.  All rights reserved.
  12:Generated_Source\PSoC5/Filter_PM.c **** * You may use this file only in accordance with the license, terms, conditions, 
  13:Generated_Source\PSoC5/Filter_PM.c **** * disclaimers, and limitations in the end user license agreement accompanying 
  14:Generated_Source\PSoC5/Filter_PM.c **** * the software package with which this file was provided.
  15:Generated_Source\PSoC5/Filter_PM.c **** ********************************************************************************/
  16:Generated_Source\PSoC5/Filter_PM.c **** 
  17:Generated_Source\PSoC5/Filter_PM.c **** #include "Filter_PVT.h"
  18:Generated_Source\PSoC5/Filter_PM.c **** 
  19:Generated_Source\PSoC5/Filter_PM.c **** static Filter_backupStruct  Filter_backup = 
  20:Generated_Source\PSoC5/Filter_PM.c **** {
  21:Generated_Source\PSoC5/Filter_PM.c ****     Filter_DISABLED,
  22:Generated_Source\PSoC5/Filter_PM.c ****     Filter_RUN_MASK,
  23:Generated_Source\PSoC5/Filter_PM.c ****     
  24:Generated_Source\PSoC5/Filter_PM.c **** };
  25:Generated_Source\PSoC5/Filter_PM.c **** 
  26:Generated_Source\PSoC5/Filter_PM.c **** 
  27:Generated_Source\PSoC5/Filter_PM.c **** /*******************************************************************************
  28:Generated_Source\PSoC5/Filter_PM.c **** * Function Name: Filter_SaveConfig
  29:Generated_Source\PSoC5/Filter_PM.c **** ********************************************************************************
  30:Generated_Source\PSoC5/Filter_PM.c **** *
  31:Generated_Source\PSoC5/Filter_PM.c **** * Summary:
  32:Generated_Source\PSoC5/Filter_PM.c **** *  Saves the current user configuration.
  33:Generated_Source\PSoC5/Filter_PM.c **** *  
  34:Generated_Source\PSoC5/Filter_PM.c **** * Parameters:  
  35:Generated_Source\PSoC5/Filter_PM.c **** *  void
  36:Generated_Source\PSoC5/Filter_PM.c **** *
  37:Generated_Source\PSoC5/Filter_PM.c **** * Return: 
  38:Generated_Source\PSoC5/Filter_PM.c **** *  void
  39:Generated_Source\PSoC5/Filter_PM.c **** *
  40:Generated_Source\PSoC5/Filter_PM.c **** * Global variables:
  41:Generated_Source\PSoC5/Filter_PM.c **** *  Filter_backup:  This global structure variable is used to store 
  42:Generated_Source\PSoC5/Filter_PM.c **** *  configuration registers which are non retention whenever user wants to go 
  43:Generated_Source\PSoC5/Filter_PM.c **** *  sleep mode by calling Sleep() API.
  44:Generated_Source\PSoC5/Filter_PM.c **** *
  45:Generated_Source\PSoC5/Filter_PM.c **** *******************************************************************************/
  46:Generated_Source\PSoC5/Filter_PM.c **** void Filter_SaveConfig(void) 
  47:Generated_Source\PSoC5/Filter_PM.c **** {
 273              		.loc 1 47 0
 274              		.cfi_startproc
 275              		@ args = 0, pretend = 0, frame = 0
 276              		@ frame_needed = 0, uses_anonymous_args = 0
 277              		@ link register save eliminated.
 278 0000 70B4     		push	{r4, r5, r6}
 279              		.cfi_def_cfa_offset 12
 280              		.cfi_offset 4, -12
 281              		.cfi_offset 5, -8
 282              		.cfi_offset 6, -4
  48:Generated_Source\PSoC5/Filter_PM.c ****     Filter_backup.sr = Filter_SR_REG;
 283              		.loc 1 48 0
 284 0002 0D4B     		ldr	r3, .L3
 285 0004 1B78     		ldrb	r3, [r3]	@ zero_extendqisi2
 286 0006 0D4C     		ldr	r4, .L3+4
 287 0008 A370     		strb	r3, [r4, #2]
  49:Generated_Source\PSoC5/Filter_PM.c ****     Filter_backup.sema = Filter_SEMA_REG;
 288              		.loc 1 49 0
 289 000a 0D4B     		ldr	r3, .L3+8
ARM GAS  C:\Users\Luggi\AppData\Local\Temp\ccYj4N8I.s 			page 21


 290 000c 1B78     		ldrb	r3, [r3]	@ zero_extendqisi2
 291 000e E370     		strb	r3, [r4, #3]
  50:Generated_Source\PSoC5/Filter_PM.c **** 
  51:Generated_Source\PSoC5/Filter_PM.c ****     /* Put DFB RAM on the bus */
  52:Generated_Source\PSoC5/Filter_PM.c ****     Filter_RAM_DIR_REG = Filter_RAM_DIR_BUS;
 292              		.loc 1 52 0
 293 0010 0C4E     		ldr	r6, .L3+12
 294 0012 3F23     		movs	r3, #63
 295 0014 3370     		strb	r3, [r6]
  53:Generated_Source\PSoC5/Filter_PM.c **** 
  54:Generated_Source\PSoC5/Filter_PM.c ****     /* Save the ACU RAM as this is not retension */
  55:Generated_Source\PSoC5/Filter_PM.c ****     (void)memcpy(Filter_backup.saveAcu,
 296              		.loc 1 55 0
 297 0016 0434     		adds	r4, r4, #4
 298 0018 0B4D     		ldr	r5, .L3+16
 299 001a 0FCD     		ldmia	r5!, {r0, r1, r2, r3}
 300 001c 0FC4     		stmia	r4!, {r0, r1, r2, r3}
 301 001e 0FCD     		ldmia	r5!, {r0, r1, r2, r3}
 302 0020 0FC4     		stmia	r4!, {r0, r1, r2, r3}
 303 0022 0FCD     		ldmia	r5!, {r0, r1, r2, r3}
 304 0024 0FC4     		stmia	r4!, {r0, r1, r2, r3}
 305 0026 95E80F00 		ldmia	r5, {r0, r1, r2, r3}
 306 002a 84E80F00 		stmia	r4, {r0, r1, r2, r3}
  56:Generated_Source\PSoC5/Filter_PM.c ****         Filter_ACU_RAM, Filter_ACU_RAM_SIZE); 
  57:Generated_Source\PSoC5/Filter_PM.c **** 
  58:Generated_Source\PSoC5/Filter_PM.c ****     /* Take DFB RAM off the bus */
  59:Generated_Source\PSoC5/Filter_PM.c ****     Filter_RAM_DIR_REG = Filter_RAM_DIR_DFB;
 307              		.loc 1 59 0
 308 002e 0023     		movs	r3, #0
 309 0030 3370     		strb	r3, [r6]
  60:Generated_Source\PSoC5/Filter_PM.c **** }
 310              		.loc 1 60 0
 311 0032 70BC     		pop	{r4, r5, r6}
 312              		.cfi_restore 6
 313              		.cfi_restore 5
 314              		.cfi_restore 4
 315              		.cfi_def_cfa_offset 0
 316 0034 7047     		bx	lr
 317              	.L4:
 318 0036 00BF     		.align	2
 319              	.L3:
 320 0038 84C70040 		.word	1073792900
 321 003c 00000000 		.word	.LANCHOR0
 322 0040 90C70040 		.word	1073792912
 323 0044 8CC70040 		.word	1073792908
 324 0048 00C70040 		.word	1073792768
 325              		.cfi_endproc
 326              	.LFE0:
 327              		.size	Filter_SaveConfig, .-Filter_SaveConfig
 328              		.section	.text.Filter_RestoreConfig,"ax",%progbits
 329              		.align	2
 330              		.global	Filter_RestoreConfig
 331              		.thumb
 332              		.thumb_func
 333              		.type	Filter_RestoreConfig, %function
 334              	Filter_RestoreConfig:
 335              	.LFB1:
ARM GAS  C:\Users\Luggi\AppData\Local\Temp\ccYj4N8I.s 			page 22


  61:Generated_Source\PSoC5/Filter_PM.c **** 
  62:Generated_Source\PSoC5/Filter_PM.c **** 
  63:Generated_Source\PSoC5/Filter_PM.c **** /*******************************************************************************
  64:Generated_Source\PSoC5/Filter_PM.c **** * Function Name: Filter_RestoreConfig
  65:Generated_Source\PSoC5/Filter_PM.c **** ********************************************************************************
  66:Generated_Source\PSoC5/Filter_PM.c **** *
  67:Generated_Source\PSoC5/Filter_PM.c **** * Summary:
  68:Generated_Source\PSoC5/Filter_PM.c **** *  Restores the current user configuration.
  69:Generated_Source\PSoC5/Filter_PM.c **** *
  70:Generated_Source\PSoC5/Filter_PM.c **** * Parameters:  
  71:Generated_Source\PSoC5/Filter_PM.c **** *  void
  72:Generated_Source\PSoC5/Filter_PM.c **** *
  73:Generated_Source\PSoC5/Filter_PM.c **** * Return: 
  74:Generated_Source\PSoC5/Filter_PM.c **** *  void
  75:Generated_Source\PSoC5/Filter_PM.c **** *
  76:Generated_Source\PSoC5/Filter_PM.c **** * Global variables:
  77:Generated_Source\PSoC5/Filter_PM.c **** *  Filter_backup:  This global structure variable is used to restore 
  78:Generated_Source\PSoC5/Filter_PM.c **** *  configuration registers which are non retention whenever user wants to switch 
  79:Generated_Source\PSoC5/Filter_PM.c **** *  to active power mode by calling Wakeup() API.
  80:Generated_Source\PSoC5/Filter_PM.c **** *
  81:Generated_Source\PSoC5/Filter_PM.c **** *******************************************************************************/
  82:Generated_Source\PSoC5/Filter_PM.c **** void Filter_RestoreConfig(void) 
  83:Generated_Source\PSoC5/Filter_PM.c **** {
 336              		.loc 1 83 0
 337              		.cfi_startproc
 338              		@ args = 0, pretend = 0, frame = 0
 339              		@ frame_needed = 0, uses_anonymous_args = 0
 340              		@ link register save eliminated.
 341 0000 70B4     		push	{r4, r5, r6}
 342              		.cfi_def_cfa_offset 12
 343              		.cfi_offset 4, -12
 344              		.cfi_offset 5, -8
 345              		.cfi_offset 6, -4
  84:Generated_Source\PSoC5/Filter_PM.c ****     Filter_SR_REG = Filter_backup.sr;
 346              		.loc 1 84 0
 347 0002 0F4C     		ldr	r4, .L7
 348 0004 A278     		ldrb	r2, [r4, #2]	@ zero_extendqisi2
 349 0006 0F4B     		ldr	r3, .L7+4
 350 0008 1A70     		strb	r2, [r3]
  85:Generated_Source\PSoC5/Filter_PM.c ****     Filter_SEMA_REG = Filter_backup.sema;
 351              		.loc 1 85 0
 352 000a E278     		ldrb	r2, [r4, #3]	@ zero_extendqisi2
 353 000c 0C33     		adds	r3, r3, #12
 354 000e 1A70     		strb	r2, [r3]
  86:Generated_Source\PSoC5/Filter_PM.c ****     
  87:Generated_Source\PSoC5/Filter_PM.c ****     /* Power on DFB before initializing the RAMs */
  88:Generated_Source\PSoC5/Filter_PM.c ****     Filter_PM_ACT_CFG_REG |= Filter_PM_ACT_MSK;
 355              		.loc 1 88 0
 356 0010 0D4A     		ldr	r2, .L7+8
 357 0012 1378     		ldrb	r3, [r2]	@ zero_extendqisi2
 358 0014 43F01003 		orr	r3, r3, #16
 359 0018 1370     		strb	r3, [r2]
  89:Generated_Source\PSoC5/Filter_PM.c **** 
  90:Generated_Source\PSoC5/Filter_PM.c ****     /* Put DFB RAM on the bus */
  91:Generated_Source\PSoC5/Filter_PM.c ****     Filter_RAM_DIR_REG = Filter_RAM_DIR_BUS;
 360              		.loc 1 91 0
 361 001a 0C4E     		ldr	r6, .L7+12
ARM GAS  C:\Users\Luggi\AppData\Local\Temp\ccYj4N8I.s 			page 23


 362 001c 3F23     		movs	r3, #63
 363 001e 3370     		strb	r3, [r6]
  92:Generated_Source\PSoC5/Filter_PM.c **** 
  93:Generated_Source\PSoC5/Filter_PM.c ****     /* Restore ACU RAM as this is not retension */
  94:Generated_Source\PSoC5/Filter_PM.c ****     (void)memcpy(Filter_ACU_RAM,
 364              		.loc 1 94 0
 365 0020 0B4D     		ldr	r5, .L7+16
 366 0022 0434     		adds	r4, r4, #4
 367 0024 0FCC     		ldmia	r4!, {r0, r1, r2, r3}
 368 0026 0FC5     		stmia	r5!, {r0, r1, r2, r3}
 369 0028 0FCC     		ldmia	r4!, {r0, r1, r2, r3}
 370 002a 0FC5     		stmia	r5!, {r0, r1, r2, r3}
 371 002c 0FCC     		ldmia	r4!, {r0, r1, r2, r3}
 372 002e 0FC5     		stmia	r5!, {r0, r1, r2, r3}
 373 0030 94E80F00 		ldmia	r4, {r0, r1, r2, r3}
 374 0034 85E80F00 		stmia	r5, {r0, r1, r2, r3}
  95:Generated_Source\PSoC5/Filter_PM.c ****         Filter_backup.saveAcu, Filter_ACU_RAM_SIZE); 
  96:Generated_Source\PSoC5/Filter_PM.c **** 
  97:Generated_Source\PSoC5/Filter_PM.c ****     /* Take DFB RAM off the bus */
  98:Generated_Source\PSoC5/Filter_PM.c ****     Filter_RAM_DIR_REG = Filter_RAM_DIR_DFB;
 375              		.loc 1 98 0
 376 0038 0023     		movs	r3, #0
 377 003a 3370     		strb	r3, [r6]
  99:Generated_Source\PSoC5/Filter_PM.c **** }
 378              		.loc 1 99 0
 379 003c 70BC     		pop	{r4, r5, r6}
 380              		.cfi_restore 6
 381              		.cfi_restore 5
 382              		.cfi_restore 4
 383              		.cfi_def_cfa_offset 0
 384 003e 7047     		bx	lr
 385              	.L8:
 386              		.align	2
 387              	.L7:
 388 0040 00000000 		.word	.LANCHOR0
 389 0044 84C70040 		.word	1073792900
 390 0048 A6430040 		.word	1073759142
 391 004c 8CC70040 		.word	1073792908
 392 0050 00C70040 		.word	1073792768
 393              		.cfi_endproc
 394              	.LFE1:
 395              		.size	Filter_RestoreConfig, .-Filter_RestoreConfig
 396              		.section	.text.Filter_Sleep,"ax",%progbits
 397              		.align	2
 398              		.global	Filter_Sleep
 399              		.thumb
 400              		.thumb_func
 401              		.type	Filter_Sleep, %function
 402              	Filter_Sleep:
 403              	.LFB2:
 100:Generated_Source\PSoC5/Filter_PM.c **** 
 101:Generated_Source\PSoC5/Filter_PM.c **** 
 102:Generated_Source\PSoC5/Filter_PM.c **** /*******************************************************************************
 103:Generated_Source\PSoC5/Filter_PM.c **** * Function Name: Filter_Sleep
 104:Generated_Source\PSoC5/Filter_PM.c **** ********************************************************************************
 105:Generated_Source\PSoC5/Filter_PM.c **** *
 106:Generated_Source\PSoC5/Filter_PM.c **** * Summary:
ARM GAS  C:\Users\Luggi\AppData\Local\Temp\ccYj4N8I.s 			page 24


 107:Generated_Source\PSoC5/Filter_PM.c **** *  Disables block's operation and saves its configuration. Should be called 
 108:Generated_Source\PSoC5/Filter_PM.c **** *  just prior to entering sleep.
 109:Generated_Source\PSoC5/Filter_PM.c **** *  
 110:Generated_Source\PSoC5/Filter_PM.c **** * Parameters:  
 111:Generated_Source\PSoC5/Filter_PM.c **** *  void
 112:Generated_Source\PSoC5/Filter_PM.c **** *
 113:Generated_Source\PSoC5/Filter_PM.c **** * Return: 
 114:Generated_Source\PSoC5/Filter_PM.c **** *  void
 115:Generated_Source\PSoC5/Filter_PM.c **** *
 116:Generated_Source\PSoC5/Filter_PM.c **** * Global variables:
 117:Generated_Source\PSoC5/Filter_PM.c **** *  Filter_backup:  The structure field 'enableState' is modified 
 118:Generated_Source\PSoC5/Filter_PM.c **** *  depending on the enable state of the block before entering to sleep mode.
 119:Generated_Source\PSoC5/Filter_PM.c **** *
 120:Generated_Source\PSoC5/Filter_PM.c **** *******************************************************************************/
 121:Generated_Source\PSoC5/Filter_PM.c **** void Filter_Sleep(void) 
 122:Generated_Source\PSoC5/Filter_PM.c **** {
 404              		.loc 1 122 0
 405              		.cfi_startproc
 406              		@ args = 0, pretend = 0, frame = 0
 407              		@ frame_needed = 0, uses_anonymous_args = 0
 408 0000 08B5     		push	{r3, lr}
 409              		.cfi_def_cfa_offset 8
 410              		.cfi_offset 3, -8
 411              		.cfi_offset 14, -4
 123:Generated_Source\PSoC5/Filter_PM.c ****     /* Save Filter enable state */
 124:Generated_Source\PSoC5/Filter_PM.c ****     if(Filter_PM_ACT_MSK == (Filter_PM_ACT_CFG_REG & Filter_PM_ACT_MSK))
 412              		.loc 1 124 0
 413 0002 084B     		ldr	r3, .L13
 414 0004 1B78     		ldrb	r3, [r3]	@ zero_extendqisi2
 415 0006 13F0100F 		tst	r3, #16
 416 000a 03D0     		beq	.L10
 125:Generated_Source\PSoC5/Filter_PM.c ****     {
 126:Generated_Source\PSoC5/Filter_PM.c ****         /* Component is enabled */
 127:Generated_Source\PSoC5/Filter_PM.c ****         Filter_backup.enableState = Filter_ENABLED;
 417              		.loc 1 127 0
 418 000c 0122     		movs	r2, #1
 419 000e 064B     		ldr	r3, .L13+4
 420 0010 1A70     		strb	r2, [r3]
 421 0012 02E0     		b	.L11
 422              	.L10:
 128:Generated_Source\PSoC5/Filter_PM.c ****     }
 129:Generated_Source\PSoC5/Filter_PM.c ****     else
 130:Generated_Source\PSoC5/Filter_PM.c ****     {
 131:Generated_Source\PSoC5/Filter_PM.c ****         /* Component is disabled */
 132:Generated_Source\PSoC5/Filter_PM.c ****         Filter_backup.enableState = Filter_DISABLED;
 423              		.loc 1 132 0
 424 0014 0022     		movs	r2, #0
 425 0016 044B     		ldr	r3, .L13+4
 426 0018 1A70     		strb	r2, [r3]
 427              	.L11:
 133:Generated_Source\PSoC5/Filter_PM.c ****     }
 134:Generated_Source\PSoC5/Filter_PM.c **** 
 135:Generated_Source\PSoC5/Filter_PM.c ****     /* Save the configuration */
 136:Generated_Source\PSoC5/Filter_PM.c ****     Filter_SaveConfig();
 428              		.loc 1 136 0
 429 001a FFF7FEFF 		bl	Filter_SaveConfig
 430              	.LVL0:
ARM GAS  C:\Users\Luggi\AppData\Local\Temp\ccYj4N8I.s 			page 25


 137:Generated_Source\PSoC5/Filter_PM.c ****     
 138:Generated_Source\PSoC5/Filter_PM.c ****     /* Stop the component */
 139:Generated_Source\PSoC5/Filter_PM.c ****     Filter_Stop();
 431              		.loc 1 139 0
 432 001e FFF7FEFF 		bl	Filter_Stop
 433              	.LVL1:
 434 0022 08BD     		pop	{r3, pc}
 435              	.L14:
 436              		.align	2
 437              	.L13:
 438 0024 A6430040 		.word	1073759142
 439 0028 00000000 		.word	.LANCHOR0
 440              		.cfi_endproc
 441              	.LFE2:
 442              		.size	Filter_Sleep, .-Filter_Sleep
 443              		.section	.text.Filter_Wakeup,"ax",%progbits
 444              		.align	2
 445              		.global	Filter_Wakeup
 446              		.thumb
 447              		.thumb_func
 448              		.type	Filter_Wakeup, %function
 449              	Filter_Wakeup:
 450              	.LFB3:
 140:Generated_Source\PSoC5/Filter_PM.c **** }
 141:Generated_Source\PSoC5/Filter_PM.c **** 
 142:Generated_Source\PSoC5/Filter_PM.c **** 
 143:Generated_Source\PSoC5/Filter_PM.c **** /*******************************************************************************
 144:Generated_Source\PSoC5/Filter_PM.c **** * Function Name: Filter_Wakeup
 145:Generated_Source\PSoC5/Filter_PM.c **** ********************************************************************************
 146:Generated_Source\PSoC5/Filter_PM.c **** *
 147:Generated_Source\PSoC5/Filter_PM.c **** * Summary:
 148:Generated_Source\PSoC5/Filter_PM.c **** *  Enables block's operation and restores its configuration. Should be called
 149:Generated_Source\PSoC5/Filter_PM.c **** *  just after awaking from sleep.
 150:Generated_Source\PSoC5/Filter_PM.c **** *  
 151:Generated_Source\PSoC5/Filter_PM.c **** * Parameters:  
 152:Generated_Source\PSoC5/Filter_PM.c **** *  void
 153:Generated_Source\PSoC5/Filter_PM.c **** *
 154:Generated_Source\PSoC5/Filter_PM.c **** * Return: 
 155:Generated_Source\PSoC5/Filter_PM.c **** *  void
 156:Generated_Source\PSoC5/Filter_PM.c **** *
 157:Generated_Source\PSoC5/Filter_PM.c **** * Global variables:
 158:Generated_Source\PSoC5/Filter_PM.c **** *  Filter_backup:  The structure field 'enableState' is used to 
 159:Generated_Source\PSoC5/Filter_PM.c **** *  restore the enable state of block after wakeup from sleep mode.
 160:Generated_Source\PSoC5/Filter_PM.c **** *
 161:Generated_Source\PSoC5/Filter_PM.c **** *******************************************************************************/
 162:Generated_Source\PSoC5/Filter_PM.c **** void Filter_Wakeup(void) 
 163:Generated_Source\PSoC5/Filter_PM.c **** {
 451              		.loc 1 163 0
 452              		.cfi_startproc
 453              		@ args = 0, pretend = 0, frame = 0
 454              		@ frame_needed = 0, uses_anonymous_args = 0
 455 0000 08B5     		push	{r3, lr}
 456              		.cfi_def_cfa_offset 8
 457              		.cfi_offset 3, -8
 458              		.cfi_offset 14, -4
 164:Generated_Source\PSoC5/Filter_PM.c ****     /* Restore the configuration */
 165:Generated_Source\PSoC5/Filter_PM.c ****     Filter_RestoreConfig();
ARM GAS  C:\Users\Luggi\AppData\Local\Temp\ccYj4N8I.s 			page 26


 459              		.loc 1 165 0
 460 0002 FFF7FEFF 		bl	Filter_RestoreConfig
 461              	.LVL2:
 166:Generated_Source\PSoC5/Filter_PM.c ****     
 167:Generated_Source\PSoC5/Filter_PM.c ****     /* Enable's the component operation */
 168:Generated_Source\PSoC5/Filter_PM.c ****     if(Filter_backup.enableState == Filter_ENABLED)
 462              		.loc 1 168 0
 463 0006 034B     		ldr	r3, .L18
 464 0008 1B78     		ldrb	r3, [r3]	@ zero_extendqisi2
 465 000a 012B     		cmp	r3, #1
 466 000c 01D1     		bne	.L15
 169:Generated_Source\PSoC5/Filter_PM.c ****     {
 170:Generated_Source\PSoC5/Filter_PM.c ****         Filter_Enable();
 467              		.loc 1 170 0
 468 000e FFF7FEFF 		bl	Filter_Enable
 469              	.LVL3:
 470              	.L15:
 471 0012 08BD     		pop	{r3, pc}
 472              	.L19:
 473              		.align	2
 474              	.L18:
 475 0014 00000000 		.word	.LANCHOR0
 476              		.cfi_endproc
 477              	.LFE3:
 478              		.size	Filter_Wakeup, .-Filter_Wakeup
 479              		.data
 480              		.align	2
 481              		.set	.LANCHOR0,. + 0
 482              		.type	Filter_backup, %object
 483              		.size	Filter_backup, 68
 484              	Filter_backup:
 485 0000 00       		.byte	0
 486 0001 01       		.byte	1
 487 0002 00000000 		.space	66
 487      00000000 
 487      00000000 
 487      00000000 
 487      00000000 
 488              		.text
 489              	.Letext0:
 490              		.file 2 "Generated_Source\\PSoC5\\cytypes.h"
 491              		.file 3 "Generated_Source\\PSoC5\\Filter.H"
 492              		.section	.debug_info,"",%progbits
 493              	.Ldebug_info0:
 494 0000 9C010000 		.4byte	0x19c
 495 0004 0400     		.2byte	0x4
 496 0006 00000000 		.4byte	.Ldebug_abbrev0
 497 000a 04       		.byte	0x4
 498 000b 01       		.uleb128 0x1
 499 000c CA000000 		.4byte	.LASF26
 500 0010 01       		.byte	0x1
 501 0011 F8010000 		.4byte	.LASF27
 502 0015 3B000000 		.4byte	.LASF28
 503 0019 00000000 		.4byte	.Ldebug_ranges0+0
 504 001d 00000000 		.4byte	0
 505 0021 00000000 		.4byte	.Ldebug_line0
 506 0025 02       		.uleb128 0x2
ARM GAS  C:\Users\Luggi\AppData\Local\Temp\ccYj4N8I.s 			page 27


 507 0026 04       		.byte	0x4
 508 0027 05       		.byte	0x5
 509 0028 696E7400 		.ascii	"int\000"
 510 002c 03       		.uleb128 0x3
 511 002d 04       		.byte	0x4
 512 002e 07       		.byte	0x7
 513 002f 9A010000 		.4byte	.LASF0
 514 0033 03       		.uleb128 0x3
 515 0034 01       		.byte	0x1
 516 0035 06       		.byte	0x6
 517 0036 30020000 		.4byte	.LASF1
 518 003a 03       		.uleb128 0x3
 519 003b 01       		.byte	0x1
 520 003c 08       		.byte	0x8
 521 003d 93000000 		.4byte	.LASF2
 522 0041 03       		.uleb128 0x3
 523 0042 02       		.byte	0x2
 524 0043 05       		.byte	0x5
 525 0044 EE010000 		.4byte	.LASF3
 526 0048 03       		.uleb128 0x3
 527 0049 02       		.byte	0x2
 528 004a 07       		.byte	0x7
 529 004b 3C020000 		.4byte	.LASF4
 530 004f 03       		.uleb128 0x3
 531 0050 04       		.byte	0x4
 532 0051 05       		.byte	0x5
 533 0052 1B020000 		.4byte	.LASF5
 534 0056 03       		.uleb128 0x3
 535 0057 04       		.byte	0x4
 536 0058 07       		.byte	0x7
 537 0059 B2000000 		.4byte	.LASF6
 538 005d 03       		.uleb128 0x3
 539 005e 08       		.byte	0x8
 540 005f 05       		.byte	0x5
 541 0060 DB010000 		.4byte	.LASF7
 542 0064 03       		.uleb128 0x3
 543 0065 08       		.byte	0x8
 544 0066 07       		.byte	0x7
 545 0067 BB010000 		.4byte	.LASF8
 546 006b 03       		.uleb128 0x3
 547 006c 04       		.byte	0x4
 548 006d 07       		.byte	0x7
 549 006e D2010000 		.4byte	.LASF9
 550 0072 03       		.uleb128 0x3
 551 0073 01       		.byte	0x1
 552 0074 08       		.byte	0x8
 553 0075 E9010000 		.4byte	.LASF10
 554 0079 04       		.uleb128 0x4
 555 007a C4000000 		.4byte	.LASF11
 556 007e 02       		.byte	0x2
 557 007f 9201     		.2byte	0x192
 558 0081 3A000000 		.4byte	0x3a
 559 0085 04       		.uleb128 0x4
 560 0086 93010000 		.4byte	.LASF12
 561 008a 02       		.byte	0x2
 562 008b 9301     		.2byte	0x193
 563 008d 48000000 		.4byte	0x48
ARM GAS  C:\Users\Luggi\AppData\Local\Temp\ccYj4N8I.s 			page 28


 564 0091 03       		.uleb128 0x3
 565 0092 04       		.byte	0x4
 566 0093 04       		.byte	0x4
 567 0094 35000000 		.4byte	.LASF13
 568 0098 03       		.uleb128 0x3
 569 0099 08       		.byte	0x8
 570 009a 04       		.byte	0x4
 571 009b 6C010000 		.4byte	.LASF14
 572 009f 04       		.uleb128 0x4
 573 00a0 AD000000 		.4byte	.LASF15
 574 00a4 02       		.byte	0x2
 575 00a5 3C02     		.2byte	0x23c
 576 00a7 AB000000 		.4byte	0xab
 577 00ab 05       		.uleb128 0x5
 578 00ac 79000000 		.4byte	0x79
 579 00b0 06       		.uleb128 0x6
 580 00b1 44       		.byte	0x44
 581 00b2 03       		.byte	0x3
 582 00b3 2E       		.byte	0x2e
 583 00b4 F3000000 		.4byte	0xf3
 584 00b8 07       		.uleb128 0x7
 585 00b9 24020000 		.4byte	.LASF16
 586 00bd 03       		.byte	0x3
 587 00be 30       		.byte	0x30
 588 00bf 79000000 		.4byte	0x79
 589 00c3 00       		.byte	0
 590 00c4 08       		.uleb128 0x8
 591 00c5 637200   		.ascii	"cr\000"
 592 00c8 03       		.byte	0x3
 593 00c9 31       		.byte	0x31
 594 00ca 79000000 		.4byte	0x79
 595 00ce 01       		.byte	0x1
 596 00cf 08       		.uleb128 0x8
 597 00d0 737200   		.ascii	"sr\000"
 598 00d3 03       		.byte	0x3
 599 00d4 32       		.byte	0x32
 600 00d5 79000000 		.4byte	0x79
 601 00d9 02       		.byte	0x2
 602 00da 07       		.uleb128 0x7
 603 00db 00000000 		.4byte	.LASF17
 604 00df 03       		.byte	0x3
 605 00e0 33       		.byte	0x33
 606 00e1 79000000 		.4byte	0x79
 607 00e5 03       		.byte	0x3
 608 00e6 07       		.uleb128 0x7
 609 00e7 8B000000 		.4byte	.LASF18
 610 00eb 03       		.byte	0x3
 611 00ec 34       		.byte	0x34
 612 00ed F3000000 		.4byte	0xf3
 613 00f1 04       		.byte	0x4
 614 00f2 00       		.byte	0
 615 00f3 09       		.uleb128 0x9
 616 00f4 79000000 		.4byte	0x79
 617 00f8 03010000 		.4byte	0x103
 618 00fc 0A       		.uleb128 0xa
 619 00fd 6B000000 		.4byte	0x6b
 620 0101 3F       		.byte	0x3f
ARM GAS  C:\Users\Luggi\AppData\Local\Temp\ccYj4N8I.s 			page 29


 621 0102 00       		.byte	0
 622 0103 0B       		.uleb128 0xb
 623 0104 A7010000 		.4byte	.LASF19
 624 0108 03       		.byte	0x3
 625 0109 35       		.byte	0x35
 626 010a B0000000 		.4byte	0xb0
 627 010e 0C       		.uleb128 0xc
 628 010f 73010000 		.4byte	.LASF20
 629 0113 01       		.byte	0x1
 630 0114 2E       		.byte	0x2e
 631 0115 00000000 		.4byte	.LFB0
 632 0119 4C000000 		.4byte	.LFE0-.LFB0
 633 011d 01       		.uleb128 0x1
 634 011e 9C       		.byte	0x9c
 635 011f 0C       		.uleb128 0xc
 636 0120 20000000 		.4byte	.LASF21
 637 0124 01       		.byte	0x1
 638 0125 52       		.byte	0x52
 639 0126 00000000 		.4byte	.LFB1
 640 012a 54000000 		.4byte	.LFE1-.LFB1
 641 012e 01       		.uleb128 0x1
 642 012f 9C       		.byte	0x9c
 643 0130 0D       		.uleb128 0xd
 644 0131 05000000 		.4byte	.LASF22
 645 0135 01       		.byte	0x1
 646 0136 79       		.byte	0x79
 647 0137 00000000 		.4byte	.LFB2
 648 013b 2C000000 		.4byte	.LFE2-.LFB2
 649 013f 01       		.uleb128 0x1
 650 0140 9C       		.byte	0x9c
 651 0141 58010000 		.4byte	0x158
 652 0145 0E       		.uleb128 0xe
 653 0146 1E000000 		.4byte	.LVL0
 654 014a 0E010000 		.4byte	0x10e
 655 014e 0E       		.uleb128 0xe
 656 014f 22000000 		.4byte	.LVL1
 657 0153 91010000 		.4byte	0x191
 658 0157 00       		.byte	0
 659 0158 0D       		.uleb128 0xd
 660 0159 5E010000 		.4byte	.LASF23
 661 015d 01       		.byte	0x1
 662 015e A2       		.byte	0xa2
 663 015f 00000000 		.4byte	.LFB3
 664 0163 18000000 		.4byte	.LFE3-.LFB3
 665 0167 01       		.uleb128 0x1
 666 0168 9C       		.byte	0x9c
 667 0169 80010000 		.4byte	0x180
 668 016d 0E       		.uleb128 0xe
 669 016e 06000000 		.4byte	.LVL2
 670 0172 1F010000 		.4byte	0x11f
 671 0176 0E       		.uleb128 0xe
 672 0177 12000000 		.4byte	.LVL3
 673 017b 98010000 		.4byte	0x198
 674 017f 00       		.byte	0
 675 0180 0F       		.uleb128 0xf
 676 0181 85010000 		.4byte	.LASF29
 677 0185 01       		.byte	0x1
ARM GAS  C:\Users\Luggi\AppData\Local\Temp\ccYj4N8I.s 			page 30


 678 0186 13       		.byte	0x13
 679 0187 03010000 		.4byte	0x103
 680 018b 05       		.uleb128 0x5
 681 018c 03       		.byte	0x3
 682 018d 00000000 		.4byte	Filter_backup
 683 0191 10       		.uleb128 0x10
 684 0192 A1000000 		.4byte	.LASF24
 685 0196 03       		.byte	0x3
 686 0197 3D       		.byte	0x3d
 687 0198 10       		.uleb128 0x10
 688 0199 12000000 		.4byte	.LASF25
 689 019d 03       		.byte	0x3
 690 019e 49       		.byte	0x49
 691 019f 00       		.byte	0
 692              		.section	.debug_abbrev,"",%progbits
 693              	.Ldebug_abbrev0:
 694 0000 01       		.uleb128 0x1
 695 0001 11       		.uleb128 0x11
 696 0002 01       		.byte	0x1
 697 0003 25       		.uleb128 0x25
 698 0004 0E       		.uleb128 0xe
 699 0005 13       		.uleb128 0x13
 700 0006 0B       		.uleb128 0xb
 701 0007 03       		.uleb128 0x3
 702 0008 0E       		.uleb128 0xe
 703 0009 1B       		.uleb128 0x1b
 704 000a 0E       		.uleb128 0xe
 705 000b 55       		.uleb128 0x55
 706 000c 17       		.uleb128 0x17
 707 000d 11       		.uleb128 0x11
 708 000e 01       		.uleb128 0x1
 709 000f 10       		.uleb128 0x10
 710 0010 17       		.uleb128 0x17
 711 0011 00       		.byte	0
 712 0012 00       		.byte	0
 713 0013 02       		.uleb128 0x2
 714 0014 24       		.uleb128 0x24
 715 0015 00       		.byte	0
 716 0016 0B       		.uleb128 0xb
 717 0017 0B       		.uleb128 0xb
 718 0018 3E       		.uleb128 0x3e
 719 0019 0B       		.uleb128 0xb
 720 001a 03       		.uleb128 0x3
 721 001b 08       		.uleb128 0x8
 722 001c 00       		.byte	0
 723 001d 00       		.byte	0
 724 001e 03       		.uleb128 0x3
 725 001f 24       		.uleb128 0x24
 726 0020 00       		.byte	0
 727 0021 0B       		.uleb128 0xb
 728 0022 0B       		.uleb128 0xb
 729 0023 3E       		.uleb128 0x3e
 730 0024 0B       		.uleb128 0xb
 731 0025 03       		.uleb128 0x3
 732 0026 0E       		.uleb128 0xe
 733 0027 00       		.byte	0
 734 0028 00       		.byte	0
ARM GAS  C:\Users\Luggi\AppData\Local\Temp\ccYj4N8I.s 			page 31


 735 0029 04       		.uleb128 0x4
 736 002a 16       		.uleb128 0x16
 737 002b 00       		.byte	0
 738 002c 03       		.uleb128 0x3
 739 002d 0E       		.uleb128 0xe
 740 002e 3A       		.uleb128 0x3a
 741 002f 0B       		.uleb128 0xb
 742 0030 3B       		.uleb128 0x3b
 743 0031 05       		.uleb128 0x5
 744 0032 49       		.uleb128 0x49
 745 0033 13       		.uleb128 0x13
 746 0034 00       		.byte	0
 747 0035 00       		.byte	0
 748 0036 05       		.uleb128 0x5
 749 0037 35       		.uleb128 0x35
 750 0038 00       		.byte	0
 751 0039 49       		.uleb128 0x49
 752 003a 13       		.uleb128 0x13
 753 003b 00       		.byte	0
 754 003c 00       		.byte	0
 755 003d 06       		.uleb128 0x6
 756 003e 13       		.uleb128 0x13
 757 003f 01       		.byte	0x1
 758 0040 0B       		.uleb128 0xb
 759 0041 0B       		.uleb128 0xb
 760 0042 3A       		.uleb128 0x3a
 761 0043 0B       		.uleb128 0xb
 762 0044 3B       		.uleb128 0x3b
 763 0045 0B       		.uleb128 0xb
 764 0046 01       		.uleb128 0x1
 765 0047 13       		.uleb128 0x13
 766 0048 00       		.byte	0
 767 0049 00       		.byte	0
 768 004a 07       		.uleb128 0x7
 769 004b 0D       		.uleb128 0xd
 770 004c 00       		.byte	0
 771 004d 03       		.uleb128 0x3
 772 004e 0E       		.uleb128 0xe
 773 004f 3A       		.uleb128 0x3a
 774 0050 0B       		.uleb128 0xb
 775 0051 3B       		.uleb128 0x3b
 776 0052 0B       		.uleb128 0xb
 777 0053 49       		.uleb128 0x49
 778 0054 13       		.uleb128 0x13
 779 0055 38       		.uleb128 0x38
 780 0056 0B       		.uleb128 0xb
 781 0057 00       		.byte	0
 782 0058 00       		.byte	0
 783 0059 08       		.uleb128 0x8
 784 005a 0D       		.uleb128 0xd
 785 005b 00       		.byte	0
 786 005c 03       		.uleb128 0x3
 787 005d 08       		.uleb128 0x8
 788 005e 3A       		.uleb128 0x3a
 789 005f 0B       		.uleb128 0xb
 790 0060 3B       		.uleb128 0x3b
 791 0061 0B       		.uleb128 0xb
ARM GAS  C:\Users\Luggi\AppData\Local\Temp\ccYj4N8I.s 			page 32


 792 0062 49       		.uleb128 0x49
 793 0063 13       		.uleb128 0x13
 794 0064 38       		.uleb128 0x38
 795 0065 0B       		.uleb128 0xb
 796 0066 00       		.byte	0
 797 0067 00       		.byte	0
 798 0068 09       		.uleb128 0x9
 799 0069 01       		.uleb128 0x1
 800 006a 01       		.byte	0x1
 801 006b 49       		.uleb128 0x49
 802 006c 13       		.uleb128 0x13
 803 006d 01       		.uleb128 0x1
 804 006e 13       		.uleb128 0x13
 805 006f 00       		.byte	0
 806 0070 00       		.byte	0
 807 0071 0A       		.uleb128 0xa
 808 0072 21       		.uleb128 0x21
 809 0073 00       		.byte	0
 810 0074 49       		.uleb128 0x49
 811 0075 13       		.uleb128 0x13
 812 0076 2F       		.uleb128 0x2f
 813 0077 0B       		.uleb128 0xb
 814 0078 00       		.byte	0
 815 0079 00       		.byte	0
 816 007a 0B       		.uleb128 0xb
 817 007b 16       		.uleb128 0x16
 818 007c 00       		.byte	0
 819 007d 03       		.uleb128 0x3
 820 007e 0E       		.uleb128 0xe
 821 007f 3A       		.uleb128 0x3a
 822 0080 0B       		.uleb128 0xb
 823 0081 3B       		.uleb128 0x3b
 824 0082 0B       		.uleb128 0xb
 825 0083 49       		.uleb128 0x49
 826 0084 13       		.uleb128 0x13
 827 0085 00       		.byte	0
 828 0086 00       		.byte	0
 829 0087 0C       		.uleb128 0xc
 830 0088 2E       		.uleb128 0x2e
 831 0089 00       		.byte	0
 832 008a 3F       		.uleb128 0x3f
 833 008b 19       		.uleb128 0x19
 834 008c 03       		.uleb128 0x3
 835 008d 0E       		.uleb128 0xe
 836 008e 3A       		.uleb128 0x3a
 837 008f 0B       		.uleb128 0xb
 838 0090 3B       		.uleb128 0x3b
 839 0091 0B       		.uleb128 0xb
 840 0092 27       		.uleb128 0x27
 841 0093 19       		.uleb128 0x19
 842 0094 11       		.uleb128 0x11
 843 0095 01       		.uleb128 0x1
 844 0096 12       		.uleb128 0x12
 845 0097 06       		.uleb128 0x6
 846 0098 40       		.uleb128 0x40
 847 0099 18       		.uleb128 0x18
 848 009a 9742     		.uleb128 0x2117
ARM GAS  C:\Users\Luggi\AppData\Local\Temp\ccYj4N8I.s 			page 33


 849 009c 19       		.uleb128 0x19
 850 009d 00       		.byte	0
 851 009e 00       		.byte	0
 852 009f 0D       		.uleb128 0xd
 853 00a0 2E       		.uleb128 0x2e
 854 00a1 01       		.byte	0x1
 855 00a2 3F       		.uleb128 0x3f
 856 00a3 19       		.uleb128 0x19
 857 00a4 03       		.uleb128 0x3
 858 00a5 0E       		.uleb128 0xe
 859 00a6 3A       		.uleb128 0x3a
 860 00a7 0B       		.uleb128 0xb
 861 00a8 3B       		.uleb128 0x3b
 862 00a9 0B       		.uleb128 0xb
 863 00aa 27       		.uleb128 0x27
 864 00ab 19       		.uleb128 0x19
 865 00ac 11       		.uleb128 0x11
 866 00ad 01       		.uleb128 0x1
 867 00ae 12       		.uleb128 0x12
 868 00af 06       		.uleb128 0x6
 869 00b0 40       		.uleb128 0x40
 870 00b1 18       		.uleb128 0x18
 871 00b2 9742     		.uleb128 0x2117
 872 00b4 19       		.uleb128 0x19
 873 00b5 01       		.uleb128 0x1
 874 00b6 13       		.uleb128 0x13
 875 00b7 00       		.byte	0
 876 00b8 00       		.byte	0
 877 00b9 0E       		.uleb128 0xe
 878 00ba 898201   		.uleb128 0x4109
 879 00bd 00       		.byte	0
 880 00be 11       		.uleb128 0x11
 881 00bf 01       		.uleb128 0x1
 882 00c0 31       		.uleb128 0x31
 883 00c1 13       		.uleb128 0x13
 884 00c2 00       		.byte	0
 885 00c3 00       		.byte	0
 886 00c4 0F       		.uleb128 0xf
 887 00c5 34       		.uleb128 0x34
 888 00c6 00       		.byte	0
 889 00c7 03       		.uleb128 0x3
 890 00c8 0E       		.uleb128 0xe
 891 00c9 3A       		.uleb128 0x3a
 892 00ca 0B       		.uleb128 0xb
 893 00cb 3B       		.uleb128 0x3b
 894 00cc 0B       		.uleb128 0xb
 895 00cd 49       		.uleb128 0x49
 896 00ce 13       		.uleb128 0x13
 897 00cf 02       		.uleb128 0x2
 898 00d0 18       		.uleb128 0x18
 899 00d1 00       		.byte	0
 900 00d2 00       		.byte	0
 901 00d3 10       		.uleb128 0x10
 902 00d4 2E       		.uleb128 0x2e
 903 00d5 00       		.byte	0
 904 00d6 3F       		.uleb128 0x3f
 905 00d7 19       		.uleb128 0x19
ARM GAS  C:\Users\Luggi\AppData\Local\Temp\ccYj4N8I.s 			page 34


 906 00d8 03       		.uleb128 0x3
 907 00d9 0E       		.uleb128 0xe
 908 00da 3A       		.uleb128 0x3a
 909 00db 0B       		.uleb128 0xb
 910 00dc 3B       		.uleb128 0x3b
 911 00dd 0B       		.uleb128 0xb
 912 00de 27       		.uleb128 0x27
 913 00df 19       		.uleb128 0x19
 914 00e0 3C       		.uleb128 0x3c
 915 00e1 19       		.uleb128 0x19
 916 00e2 00       		.byte	0
 917 00e3 00       		.byte	0
 918 00e4 00       		.byte	0
 919              		.section	.debug_aranges,"",%progbits
 920 0000 34000000 		.4byte	0x34
 921 0004 0200     		.2byte	0x2
 922 0006 00000000 		.4byte	.Ldebug_info0
 923 000a 04       		.byte	0x4
 924 000b 00       		.byte	0
 925 000c 0000     		.2byte	0
 926 000e 0000     		.2byte	0
 927 0010 00000000 		.4byte	.LFB0
 928 0014 4C000000 		.4byte	.LFE0-.LFB0
 929 0018 00000000 		.4byte	.LFB1
 930 001c 54000000 		.4byte	.LFE1-.LFB1
 931 0020 00000000 		.4byte	.LFB2
 932 0024 2C000000 		.4byte	.LFE2-.LFB2
 933 0028 00000000 		.4byte	.LFB3
 934 002c 18000000 		.4byte	.LFE3-.LFB3
 935 0030 00000000 		.4byte	0
 936 0034 00000000 		.4byte	0
 937              		.section	.debug_ranges,"",%progbits
 938              	.Ldebug_ranges0:
 939 0000 00000000 		.4byte	.LFB0
 940 0004 4C000000 		.4byte	.LFE0
 941 0008 00000000 		.4byte	.LFB1
 942 000c 54000000 		.4byte	.LFE1
 943 0010 00000000 		.4byte	.LFB2
 944 0014 2C000000 		.4byte	.LFE2
 945 0018 00000000 		.4byte	.LFB3
 946 001c 18000000 		.4byte	.LFE3
 947 0020 00000000 		.4byte	0
 948 0024 00000000 		.4byte	0
 949              		.section	.debug_line,"",%progbits
 950              	.Ldebug_line0:
 951 0000 AC000000 		.section	.debug_str,"MS",%progbits,1
 951      02005200 
 951      00000201 
 951      FB0E0D00 
 951      01010101 
 952              	.LASF17:
 953 0000 73656D61 		.ascii	"sema\000"
 953      00
 954              	.LASF22:
 955 0005 46696C74 		.ascii	"Filter_Sleep\000"
 955      65725F53 
 955      6C656570 
ARM GAS  C:\Users\Luggi\AppData\Local\Temp\ccYj4N8I.s 			page 35


 955      00
 956              	.LASF25:
 957 0012 46696C74 		.ascii	"Filter_Enable\000"
 957      65725F45 
 957      6E61626C 
 957      6500
 958              	.LASF21:
 959 0020 46696C74 		.ascii	"Filter_RestoreConfig\000"
 959      65725F52 
 959      6573746F 
 959      7265436F 
 959      6E666967 
 960              	.LASF13:
 961 0035 666C6F61 		.ascii	"float\000"
 961      7400
 962              	.LASF28:
 963 003b 433A5C55 		.ascii	"C:\\Users\\Luggi\\Documents\\GitHub\\laserschutzsch"
 963      73657273 
 963      5C4C7567 
 963      67695C44 
 963      6F63756D 
 964 0069 616C7475 		.ascii	"altung\\Laserschutzschaltung.cydsn\000"
 964      6E675C4C 
 964      61736572 
 964      73636875 
 964      747A7363 
 965              	.LASF18:
 966 008b 73617665 		.ascii	"saveAcu\000"
 966      41637500 
 967              	.LASF2:
 968 0093 756E7369 		.ascii	"unsigned char\000"
 968      676E6564 
 968      20636861 
 968      7200
 969              	.LASF24:
 970 00a1 46696C74 		.ascii	"Filter_Stop\000"
 970      65725F53 
 970      746F7000 
 971              	.LASF15:
 972 00ad 72656738 		.ascii	"reg8\000"
 972      00
 973              	.LASF6:
 974 00b2 6C6F6E67 		.ascii	"long unsigned int\000"
 974      20756E73 
 974      69676E65 
 974      6420696E 
 974      7400
 975              	.LASF11:
 976 00c4 75696E74 		.ascii	"uint8\000"
 976      3800
 977              	.LASF26:
 978 00ca 474E5520 		.ascii	"GNU C 4.9.3 20150303 (release) [ARM/embedded-4_9-br"
 978      4320342E 
 978      392E3320 
 978      32303135 
 978      30333033 
 979 00fd 616E6368 		.ascii	"anch revision 221220] -mcpu=cortex-m3 -mthumb -g -O"
ARM GAS  C:\Users\Luggi\AppData\Local\Temp\ccYj4N8I.s 			page 36


 979      20726576 
 979      6973696F 
 979      6E203232 
 979      31323230 
 980 0130 67202D66 		.ascii	"g -ffunction-sections -flto -ffat-lto-objects\000"
 980      66756E63 
 980      74696F6E 
 980      2D736563 
 980      74696F6E 
 981              	.LASF23:
 982 015e 46696C74 		.ascii	"Filter_Wakeup\000"
 982      65725F57 
 982      616B6575 
 982      7000
 983              	.LASF14:
 984 016c 646F7562 		.ascii	"double\000"
 984      6C6500
 985              	.LASF20:
 986 0173 46696C74 		.ascii	"Filter_SaveConfig\000"
 986      65725F53 
 986      61766543 
 986      6F6E6669 
 986      6700
 987              	.LASF29:
 988 0185 46696C74 		.ascii	"Filter_backup\000"
 988      65725F62 
 988      61636B75 
 988      7000
 989              	.LASF12:
 990 0193 75696E74 		.ascii	"uint16\000"
 990      313600
 991              	.LASF0:
 992 019a 756E7369 		.ascii	"unsigned int\000"
 992      676E6564 
 992      20696E74 
 992      00
 993              	.LASF19:
 994 01a7 46696C74 		.ascii	"Filter_backupStruct\000"
 994      65725F62 
 994      61636B75 
 994      70537472 
 994      75637400 
 995              	.LASF8:
 996 01bb 6C6F6E67 		.ascii	"long long unsigned int\000"
 996      206C6F6E 
 996      6720756E 
 996      7369676E 
 996      65642069 
 997              	.LASF9:
 998 01d2 73697A65 		.ascii	"sizetype\000"
 998      74797065 
 998      00
 999              	.LASF7:
 1000 01db 6C6F6E67 		.ascii	"long long int\000"
 1000      206C6F6E 
 1000      6720696E 
 1000      7400
ARM GAS  C:\Users\Luggi\AppData\Local\Temp\ccYj4N8I.s 			page 37


 1001              	.LASF10:
 1002 01e9 63686172 		.ascii	"char\000"
 1002      00
 1003              	.LASF3:
 1004 01ee 73686F72 		.ascii	"short int\000"
 1004      7420696E 
 1004      7400
 1005              	.LASF27:
 1006 01f8 47656E65 		.ascii	"Generated_Source\\PSoC5\\Filter_PM.c\000"
 1006      72617465 
 1006      645F536F 
 1006      75726365 
 1006      5C50536F 
 1007              	.LASF5:
 1008 021b 6C6F6E67 		.ascii	"long int\000"
 1008      20696E74 
 1008      00
 1009              	.LASF16:
 1010 0224 656E6162 		.ascii	"enableState\000"
 1010      6C655374 
 1010      61746500 
 1011              	.LASF1:
 1012 0230 7369676E 		.ascii	"signed char\000"
 1012      65642063 
 1012      68617200 
 1013              	.LASF4:
 1014 023c 73686F72 		.ascii	"short unsigned int\000"
 1014      7420756E 
 1014      7369676E 
 1014      65642069 
 1014      6E7400
 1015              		.comm	__gnu_lto_v1,1,1
 1016              		.ident	"GCC: (GNU Tools for ARM Embedded Processors) 4.9.3 20150303 (release) [ARM/embedded-4_9-br
