ARM GAS  C:\Users\Luggi\AppData\Local\Temp\cccZZ9b7.s 			page 1


   1              		.syntax unified
   2              		.cpu cortex-m3
   3              		.fpu softvfp
   4              		.eabi_attribute 20, 1
   5              		.eabi_attribute 21, 1
   6              		.eabi_attribute 23, 3
   7              		.eabi_attribute 24, 1
   8              		.eabi_attribute 25, 1
   9              		.eabi_attribute 26, 1
  10              		.eabi_attribute 30, 1
  11              		.eabi_attribute 34, 1
  12              		.eabi_attribute 18, 4
  13              		.thumb
  14              		.file	"PGA_1_PM.c"
  15              		.text
  16              	.Ltext0:
  17              		.section	.gnu.lto_.profile.d23534b,"",%progbits
  18 0000 789C6366 		.ascii	"x\234cf```a\200\000F\006U~\000\000\315\000="
  18      60606061 
  18      80004606 
  18      557E0000 
  18      CD003D
  19              		.text
  20              		.section	.gnu.lto_.inline.d23534b,"",%progbits
  21 0000 789C6366 		.ascii	"x\234cf\300\016\302\2404\013\003\0033\023#\003\023\220"
  21      C00EC2A0 
  21      340B0303 
  21      33132303 
  21      1390
  22 0012 C9B6401E 		.ascii	"\311\266@\036D10b\21001pq\002Ex\372\374\020\212\270"
  22      44313062 
  22      88303170 
  22      71024578 
  22      FAFC108A 
  23 0027 C09AD9D9 		.ascii	"\300\232\331\331\201\342l\037\364P\305\031\000\362\324"
  23      81E26C1F 
  23      F450C519 
  23      00F2D4
  24 0036 05DA     		.ascii	"\005\332"
  25              		.text
  26              		.section	.gnu.lto_.jmpfuncs.d23534b,"",%progbits
  27 0000 789C6366 		.ascii	"x\234cf\300\016\004\2404\013\0203200A\231\014\000\002"
  27      C00E04A0 
  27      340B1033 
  27      32303041 
  27      990C0002 
  28 0014 B2001F   		.ascii	"\262\000\037"
  29              		.text
  30              		.section	.gnu.lto_.pureconst.d23534b,"",%progbits
  31 0000 789C6366 		.ascii	"x\234cf``\340d\200\000\026\006\006F\006&)\026\011\000"
  31      6060E064 
  31      80001606 
  31      06460626 
  31      29160900 
  32 0014 018D004A 		.ascii	"\001\215\000J"
  33              		.text
  34              		.section	.gnu.lto_PGA_1_SaveConfig.d23534b,"",%progbits
ARM GAS  C:\Users\Luggi\AppData\Local\Temp\cccZZ9b7.s 			page 2


  35 0000 789C6366 		.ascii	"x\234cf\300\004R@\\\012\304*@\314\310\314\300\3104\341"
  35      C0045240 
  35      5C0AC42A 
  35      40CCC8CC 
  35      C0C834E1 
  36 0014 1C034323 		.ascii	"\034\003C#\007\023##\210\301\300\310P\317\304X\317\370"
  36      07132323 
  36      88C1C0C8 
  36      50CFC458 
  36      CFF8
  37 0026 92E92313 		.ascii	"\222\351#\023\343\204\003\253gp\253/mhh\370p\351dc\300"
  37      E38403AB 
  37      6770AB2F 
  37      6D6868F8 
  37      70E96463 
  38 003b 01C69F4C 		.ascii	"\001\306\237L\014\014\237\231 \3460.gTg\000*\372\330"
  38      0C0C9F99 
  38      20E6302E 
  38      67546700 
  38      2AFAD8
  39 004e F2F73A37 		.ascii	"\362\367:7[\013P\221\000D\216q\005#\033#\220^/t\240"
  39      5B0B5091 
  39      00448E71 
  39      05231B23 
  39      905E2F74 
  40 0063 E1FFFFCD 		.ascii	"\341\377\377\315\313\017n`\004\012?\001b\220\005O\231"
  40      CB0F6E60 
  40      040A3F01 
  40      6290054F 
  40      99
  41 0074 984034F3 		.ascii	"\230@4\363=FF\220B\220IO\230\030AB@\005J\356\251y\251"
  41      3D464690 
  41      4290494F 
  41      98184142 
  41      40054AEE 
  42 008b 458925A9 		.ascii	"E\211%\251)\361\301\371\245E\311\2511\001\301\371\316"
  42      29F1C1F9 
  42      A545C9A9 
  42      3101C1F9 
  42      CE
  43 009c A63101EE 		.ascii	"\2461\001\356\216\361\206\361\001\276z\311\014\000\365"
  43      8EF186F1 
  43      01BE7AC9 
  43      0C00F5
  44 00ab 6B35A2   		.ascii	"k5\242"
  45              		.text
  46              		.section	.gnu.lto_PGA_1_RestoreConfig.d23534b,"",%progbits
  47 0000 789C6366 		.ascii	"x\234cf\300\004R@\\\012\304*@\314\310\314\300\3104\341"
  47      C0045240 
  47      5C0AC42A 
  47      40CCC8CC 
  47      C0C834E1 
  48 0014 1C034323 		.ascii	"\034\003C#\007\023##\210\301\300\310P\317\304X\317\370"
  48      07132323 
  48      88C1C0C8 
  48      50CFC458 
  48      CFF8
ARM GAS  C:\Users\Luggi\AppData\Local\Temp\cccZZ9b7.s 			page 3


  49 0026 92E92313 		.ascii	"\222\351#\023\343\204\003\253gp\253/mhh\3700\351|c\300"
  49      E38403AB 
  49      6770AB2F 
  49      6D6868F8 
  49      30E97C63 
  50 003b 01C69F4C 		.ascii	"\001\306\237L\014\014\237\231 \3460.gTg\000*\372\330"
  50      0C0C9F99 
  50      20E6302E 
  50      67546700 
  50      2AFAD8
  51 004e F2F73A37 		.ascii	"\362\367:7[\013P\221\000D\216q\005#\033#\220^/t\240"
  51      5B0B5091 
  51      00448E71 
  51      05231B23 
  51      905E2F74 
  52 0063 E1FFFFCD 		.ascii	"\341\377\377\315{\017\376`\004\012?\001b\220\005O\231"
  52      7B0FFE60 
  52      040A3F01 
  52      6290054F 
  52      99
  53 0074 984034F3 		.ascii	"\230@4\363=FF\220B\220IO\230\030AB@\005J\356\251y\251"
  53      3D464690 
  53      4290494F 
  53      98184142 
  53      40054AEE 
  54 008b 458925A9 		.ascii	"E\211%\251)\361\301\371\245E\311\2511\001\301\371\316"
  54      29F1C1F9 
  54      A545C9A9 
  54      3101C1F9 
  54      CE
  55 009c A63101EE 		.ascii	"\2461\001\356\216\361\206\361\001\276z\311\014\000\362"
  55      8EF186F1 
  55      01BE7AC9 
  55      0C00F2
  56 00ab CD35C6   		.ascii	"\3155\306"
  57              		.text
  58              		.section	.gnu.lto_PGA_1_Sleep.d23534b,"",%progbits
  59 0000 789C8591 		.ascii	"x\234\205\221MHTQ\024\307\317\377\274\017_i9\264\022"
  59      4D485451 
  59      14C7CFFF 
  59      BC0F5F69 
  59      39B412
  60 0013 172D2270 		.ascii	"\027-\"p5AB\313YD\213Y\005\003nZ\010C\330l\023\244\226"
  60      354142CB 
  60      59448B59 
  60      05036E5A 
  60      0843D86C 
  61 002a 83EF35AF 		.ascii	"\203\3575\257\222\210\262E\215X\006E\2316\343G\226\025"
  61      9288B245 
  61      8D580645 
  61      9936E347 
  61      9615
  62 003c B879B488 		.ascii	"\270y\264\210V\305\020\022\231\344F\301616}=\302\354"
  62      56C51012 
  62      99E446C1 
  62      3631367D 
  62      3DC2EC
ARM GAS  C:\Users\Luggi\AppData\Local\Temp\cccZZ9b7.s 			page 4


  63 004f 9CFBEC03 		.ascii	"\234\373\354\003\203zp\337\275\367\334\377\371\237\337"
  63      837A70DF 
  63      BDF7DCFF 
  63      F99FDF
  64 005e 3DD7A2BF 		.ascii	"=\327\242\277\277\214\214#L\264Wf\270\004\036|N\024"
  64      BF8C8C23 
  64      4CB45766 
  64      B8041E7C 
  64      4E14
  65 0070 78CC5639 		.ascii	"x\314V9E\376v;\316\220\337b\301I\302\366\317\205\003"
  65      45FE763B 
  65      CE90DF62 
  65      C149C2F6 
  65      CF8503
  66 0083 E88240FD 		.ascii	"\350\202@\375l\331\016\372\361\216\327\030\203Qe\250"
  66      6CD90EFA 
  66      F18ED718 
  66      835165A8 
  67 0093 B9E3B6EF 		.ascii	"\271\343\266\357\373\365\233\263m\247\333bqnpR\011w"
  67      FBF59BB3 
  67      6DA7DB62 
  67      716E7052 
  67      0977
  68 00a5 D041A259 		.ascii	"\320A\242Y\013\327_5\273\241hR\311\031\306\340B\346"
  68      0BD75F35 
  68      BBA16852 
  68      C919C6E0 
  68      42E6
  69 00b7 A95D91BF 		.ascii	"\251]\221\277\261\321\230\277\264\332\011\217)f\330"
  69      B1D198BF 
  69      B4DA098F 
  69      2966D8
  70 00c6 FA235A16 		.ascii	"\372#Z\026\225V[a\326\331Z\300\223\317\347\336\017w"
  70      95565B61 
  70      D6D95AC0 
  70      93CFE7DE 
  70      0F77
  71 00d8 6AE217B6 		.ascii	"j\342\027\266\305\363\315\304\334\263\235\253\0343\217"
  71      C5F3CDC4 
  71      DCB39DAB 
  71      1C338F
  72 00e7 9F0D7C5B 		.ascii	"\237\015|[\313,-\277\250y&D\272\035\252=\036\3301\202"
  72      CB2C2DBF 
  72      A8792644 
  72      BA1DAA3D 
  72      1ED83182 
  73 00fb AB418898 		.ascii	"\253A\210\230-\214\243\035w\321.\305+\030\001-\240\364"
  73      2D8CA31D 
  73      77D12EC5 
  73      2B18012D 
  73      A0F4
  74 010d F5CC472B 		.ascii	"\365\314G+1\344\304\363\326\345+UG\015\340\021\252\242"
  74      31E4C4F3 
  74      D6E52B55 
  74      470DE011 
  74      AAA2
  75 011f 9D47F8BA 		.ascii	"\235G\370\272\264{S#\202`t\356|\223\021\210\315\204"
ARM GAS  C:\Users\Luggi\AppData\Local\Temp\cccZZ9b7.s 			page 5


  75      B47B5323 
  75      826074EE 
  75      7C931188 
  75      CD84
  76 0131 9A91325A 		.ascii	"\232\2212ZTN\011\342\251\372\364\342\215m\252\026\351"
  76      544E09E2 
  76      A9FAF4E2 
  76      8D6DAA16 
  76      E9
  77 0142 F5971726 		.ascii	"\365\227\027&\271\370\315\037\360\275\230\355u\275\365"
  77      B9F8CD1F 
  77      F0BD98ED 
  77      75BDF5
  78 0151 9F88B6D9 		.ascii	"\237\210\266\331\216\005\3415(\242\257*\007\223(bJm"
  78      8E05E135 
  78      28A2AF2A 
  78      07932862 
  78      4A6D
  79 0163 E5EC7BF5 		.ascii	"\345\354{\365\342\214\233\256H\323\242t\314.\246E\370"
  79      E28C9BAE 
  79      48D3A274 
  79      CC2EA645 
  79      F8
  80 0174 C13416F7 		.ascii	"\3014\026\367\220\026Amx\264\324\252^\322J\314H\326"
  80      9016416D 
  80      78B4D4AA 
  80      5ED24ACC 
  80      48D6
  81 0186 224AD1A7 		.ascii	"\"J\321\247\247-\012@[\011\232\032\206\371>\212\322"
  81      A72D0A40 
  81      5B099A1A 
  81      86F93E8A 
  81      D2
  82 0197 60CF504B 		.ascii	"`\317PK\2533\206\272\276\364\037\352\255\230\017\376"
  82      AB3386BA 
  82      BEF41FEA 
  82      AD980FFE 
  83 01a7 8139FB1B 		.ascii	"\2019\373\033\363\241\301\374ueWB\217L\317V\3301\257"
  83      F3A1C1FC 
  83      75655742 
  83      8F4CCF56 
  83      D831AF
  84 01ba FA164154 		.ascii	"\372\026AT\316\032^\3227\207F%wO\266p\274\320w\364D"
  84      CE1A5ED2 
  84      37874625 
  84      774FB670 
  84      BCD077F4 
  85 01cf E158BEAB 		.ascii	"\341X\276\253\367d_O\241;\327\325{\350@w.{0\277?\237"
  85      F7645F4F 
  85      A13BD7D5 
  85      7BE84077 
  85      2E7B30BF 
  86 01e5 3BBCAF87 		.ascii	";\274\257\207~\000\035n\343\363"
  86      7E001D6E 
  86      E3F3
  87              		.text
  88              		.section	.gnu.lto_PGA_1_Wakeup.d23534b,"",%progbits
ARM GAS  C:\Users\Luggi\AppData\Local\Temp\cccZZ9b7.s 			page 6


  89 0000 789C654F 		.ascii	"x\234eO1HBQ\024\275\347\276\257H\012F\22344H\340\020"
  89      31484251 
  89      14BDE7BE 
  89      AF480A46 
  89      93343448 
  90 0016 0611AD41 		.ascii	"\006\021\255A4\010E \270\012\022\346\232 5\212\3172"
  90      34084520 
  90      B80A12E6 
  90      9A20358A 
  90      CF32
  91 0028 682A0D82 		.ascii	"h*\015\202\240l\213,\315\310\2405[,\034\212\210(\"j"
  91      A06C8B2C 
  91      CDC8A035 
  91      5B2C1C8A 
  91      8828226A 
  92 003c 31B02D6B 		.ascii	"1\260-k\010\011\263\367\276CP\017\036\367\275s\3179"
  92      0809B3F7 
  92      BE43500F 
  92      1EF7BD73 
  92      CF39
  93 004e F71E41FF 		.ascii	"\367\036A\377\317\260\272\223 \352W\025\026\002\247"
  93      CFB0BA93 
  93      20EA5715 
  93      1602A7
  94 005d 2F899236 		.ascii	"/\211\2226fQq\222\3542\252\243$\035\002F\0076\000\375"
  94      66517192 
  94      EC32AAA3 
  94      241D0246 
  94      073600FD 
  95 0071 20508285 		.ascii	" P\202\205\201\004^\271\301H\227\363\033v\317\216\224"
  95      81045EB9 
  95      C14897F3 
  95      1B76CF8E 
  95      94
  96 0082 F26DEDD4 		.ascii	"\362m\355\324\265\344j2\321\007w\374\261\013\017)N#"
  96      B5E46A32 
  96      D10777FC 
  96      B10B0F29 
  96      4E23
  97 0094 D5BAB35B 		.ascii	"\325\272\263[S\212\323\335\351!\007\253\232K\207=e\331"
  97      538AD3DD 
  97      E92107AB 
  97      9A4B873D 
  97      65D9
  98 00a6 6E1FB732 		.ascii	"n\037\2672\027n\266\010j\262\002k\212\240\347\2740\353"
  98      176EB608 
  98      6AB2026B 
  98      8AA0E7BC 
  98      30EB
  99 00b8 2A1EB070 		.ascii	"*\036\260pr\324>\263h\315'\013e\267}\263R\344\370\227"
  99      72D43EB3 
  99      68CD270B 
  99      65B77DB3 
  99      52E4F897 
 100 00cc 5C96B626 		.ascii	"\\\226\266&sK\033*\364\271vum\253\263B\314o.\231\332"
 100      734B1B2A 
 100      F4B97675 
ARM GAS  C:\Users\Luggi\AppData\Local\Temp\cccZZ9b7.s 			page 7


 100      6DABB342 
 100      CC6F2E99 
 101 00e1 42169B49 		.ascii	"B\026\233I\251Y\002{\210c\037\275f\357\273\260Z\262"
 101      A959027B 
 101      88631FBD 
 101      66EFBBB0 
 101      5AB2
 102 00f3 7A079A6C 		.ascii	"z\007\232l \2578\357\346\272(\300K\267H\335/\366\375"
 102      20AF38EF 
 102      E6BA28C0 
 102      4BB748DD 
 102      2FF6FD
 103 0106 8E3ACFD6 		.ascii	"\216:\317\326K\2066\005\010\007ZNz3A\025\247x\304b9"
 103      4B863605 
 103      08075A4E 
 103      7A334115 
 103      A778C462 
 104 011b 53756832 		.ascii	"Suh2\375\335\312\362\241\243\240\210\270\012e55\206"
 104      FDDDCAF2 
 104      A1A3A088 
 104      B80A6535 
 104      3586
 105 012d 99E609C9 		.ascii	"\231\346\011\311\362\372\204\251!\235\025\032U\363\335"
 105      F2FA84A9 
 105      219D151A 
 105      55F3DD
 106 013c BEC86C24 		.ascii	"\276\310l$6=\027\231\011\005\242\363\261p$\350\017D"
 106      363D1799 
 106      0905A2F3 
 106      B17024E8 
 106      0F44
 107 014e C747827E 		.ascii	"\307G\202~\337Xh(\344\237\032\014\323\017\327m\201\202"
 107      DF586828 
 107      E49F1A0C 
 107      D30FD76D 
 107      8182
 108              		.text
 109              		.section	.gnu.lto_.symbol_nodes.d23534b,"",%progbits
 110 0000 789C55C8 		.ascii	"x\234U\310\261\015\2000\014\005\321\213\035G\014\221"
 110      B10D8030 
 110      0C05D18B 
 110      1D470C91 
 111 0010 35A97F46 		.ascii	"5\251\177F\240\242N\301\030\314\300\024\254\201\004"
 111      A0A24EC1 
 111      18CCC014 
 111      AC8104
 112 001f 1214E1BA 		.ascii	"\022\024\341\272w\016\314|Y\022,\007H\254}\302L\351"
 112      770ECC7C 
 112      59122C07 
 112      48AC7DC2 
 112      4CE9
 113 0031 67978D0E 		.ascii	"g\227\215\016\350&\267,\037w\012\345\327\264\366\260"
 113      E826B72C 
 113      1F770AE5 
 113      D7B4F6B0 
 114 0041 2806BA05 		.ascii	"(\006\272\005\333U=\027\316\275r\003\266N\034\214"
 114      DB553D17 
ARM GAS  C:\Users\Luggi\AppData\Local\Temp\cccZZ9b7.s 			page 8


 114      CEBD7203 
 114      B64E1C8C 
 115              		.text
 116              		.section	.gnu.lto_.refs.d23534b,"",%progbits
 117 0000 789C6366 		.ascii	"x\234cf``\340c\200\000&&Ff\026Ff6F\026\006fF\006\000"
 117      6060E063 
 117      80002626 
 117      46661646 
 117      66364616 
 118 0019 02970031 		.ascii	"\002\227\0001"
 119              		.text
 120              		.section	.gnu.lto_.decls.d23534b,"",%progbits
 121 0000 789C8D54 		.ascii	"x\234\215TmL[U\030\276oO[\312m\031$$l\351\037k\227\020"
 121      6D4C5B55 
 121      18BE6F4F 
 121      5BCA6D19 
 121      24246CE9 
 122 0018 35647133 		.ascii	"5dq3&\373cd6\006\223\005S\351\210?\234!\254\273\342"
 122      26FB6364 
 122      36069305 
 122      53E9883F 
 122      9C21ACBB 
 123 002d 3E421B28 		.ascii	">B\033(&\373w\000q\023\347\307\010\013\270\304\345:"
 123      26FB7700 
 123      7113E7C7 
 123      080BB8C4 
 123      E53A
 124 003f 96E93A28 		.ascii	"\226\351:(\205\001[\313\024\346\004\201\302\370jHq\272"
 124      85015BCB 
 124      14E60481 
 124      C2F86A48 
 124      71BA
 125 0051 554C0C62 		.ascii	"UL\014b\226t\0017\331\300\372\336s\357]\357\226\262"
 125      96740137 
 125      D9C0FADE 
 125      73EF5DEF 
 125      96B2
 126 0063 7992B7F7 		.ascii	"y\222\267\367=\367<\317\363~\234\367\226p\034\367\""
 126      3DF73CCF 
 126      F37E9CF7 
 126      96701CF7 
 126      22
 127 0074 705C1257 		.ascii	"p\\\022W\233\201\343\362\320\307\007\347\344R\313\210"
 127      9B81E3F2 
 127      D0C707E7 
 127      E452CB88 
 128 0084 D68E1640 		.ascii	"\326\216\026@\013\242u\243\365\240\365\241!\234\033"
 128      0BA275A3 
 128      F5A0F5A1 
 128      219C1B
 129 0093 E71E5DED 		.ascii	"\347\036]\355\312{U\003\224w\217\257@\032\\ \015N\212"
 129      CA7B5503 
 129      94778FAF 
 129      401A5C20 
 129      0D4E8A
 130 00a6 99A9E0F2 		.ascii	"\231\251\340\362\320\246\321&\321f\320\306\320\372\321"
 130      D0A6D126 
ARM GAS  C:\Users\Luggi\AppData\Local\Temp\cccZZ9b7.s 			page 9


 130      D166D0C6 
 130      D0FAD1
 131 00b5 66D1CE2B 		.ascii	"f\321\316+\032Ch:\205\327\263A\216R\015\031\032\315"
 131      1A43683A 
 131      85D7B341 
 131      8E520D19 
 131      1ACD
 132 00c7 A769753F 		.ascii	"\247iu?\241\336;:\010\005V&\314\213:\330\304\333\244"
 132      A1DE3B3A 
 132      08055626 
 132      CC8B3AD8 
 132      C4DBA4
 133 00da 6DB869A4 		.ascii	"m\270i\244\325\210[\013\257\227\266\375\017\026\242"
 133      D5885B0B 
 133      AF97B6FD 
 133      0F16A2
 134 00e9 FACD2729 		.ascii	"\372\315')\256/\352i\216\036\234y\360\015X\341[\260"
 134      AE2FEA69 
 134      8E1E9C79 
 134      F00D58E1 
 134      5BB0
 135 00fb A2E279D8 		.ascii	"\242\342y\330\214\277\357\350e\245\365\256\233C\006"
 135      8CBFEFE8 
 135      65A5F5AE 
 135      9B4306
 136 010a A203C96F 		.ascii	"\242\003\311ok\375-\312\027\370\221v\214\016\306t\251"
 136      6BFD2DCA 
 136      17F89176 
 136      8C0EC674 
 136      A9
 137 011b 705F2DFC 		.ascii	"p_-\374\233\324\331N\323D0\021>5o\241#t0\231|\225I\201"
 137      9BD4D94E 
 137      D3443011 
 137      3E356FA1 
 137      23743099 
 138 0133 1F085C80 		.ascii	"\037\010\\\200\002\326P\364\345\316\266\203\015i\027"
 138      02D650F4 
 138      E5CEB683 
 138      0D6917
 139 0142 62F15E33 		.ascii	"b\361^3y\205i\257\337i>c`\022\342j7-\374\220\256%\223"
 139      798569AF 
 139      DF693E63 
 139      6012E26A 
 139      372DFC90 
 140 0159 84097468 		.ascii	"\204\011th\004:T\201\000\023\010\375\035\277\237A\336"
 140      043A5481 
 140      001308FD 
 140      1DBF9F41 
 140      DE
 141 016a 62028B7F 		.ascii	"b\002\213\177\364\037\317@\0011(\372\333\214r\006\214"
 141      F41FCF40 
 141      013128FA 
 141      DB8C7206 
 141      8C
 142 017b DFA9E177 		.ascii	"\337\251\341w\252\374 \343\237\030\366\267\022\362."
 142      AAFC20E3 
 142      9F18F6B7 
ARM GAS  C:\Users\Luggi\AppData\Local\Temp\cccZZ9b7.s 			page 10


 142      12F22E
 143 018a E34FAE2F 		.ascii	"\343O\256/\025\313\364\325G\350]\032z\227J\357f\364"
 143      15CBF4D5 
 143      47E85D1A 
 143      7A974AEF 
 143      66F4
 144 019c 1B1FCFCD 		.ascii	"\033\037\317\315\362\344 \243\207\246?\035\225\302\307"
 144      F2E420A3 
 144      87A63F1D 
 144      95C2C7
 145 01ab 69F0F6EF 		.ascii	"i\360\366\357\267,\242\266\005\0275\022\027U\211\036"
 145      B72CA2B6 
 145      05173512 
 145      1755891E 
 146 01bb 2671FFD2 		.ascii	"&q\377\322\271\371lr\022\230Fs8!\232\231\206\370y\333"
 146      B9F96C72 
 146      12984673 
 146      38219A99 
 146      86F879DB 
 147 01cf 47364D12 		.ascii	"G6M\022\275\032\205^U\241On\342\364\\19#\013\314\015"
 147      BD1A855E 
 147      55A14F6E 
 147      E2F45C31 
 147      39230BCC 
 148 01e4 1C3D6A22 		.ascii	"\034=j\"}\362\246\366\0346\004/=\217gw\364Y\344\324"
 148      7DF2A6F6 
 148      1C36042F 
 148      3D8F6777 
 148      F459E4D4 
 149 01f8 55C2B649 		.ascii	"U\302\266I\351X7?\337\274J\200\317?Fi\035M4Q\262\205"
 149      E958373F 
 149      DFBC4A80 
 149      CF3F4669 
 149      1D4D3451 
 150 020e 83022B3C 		.ascii	"\203\002+<o\345\340\012\344#\214\005\204\020\316E\030"
 150      6FE5E00A 
 150      E4238C05 
 150      8410CE45 
 150      18
 151 021f E7E22CDE 		.ascii	"\347\342,\336zbm\310\277\273\236\026B?\360p\371aJ,\202"
 151      7A626DC8 
 151      BFBB9E16 
 151      423FF070 
 151      F9614A2C 
 152 0234 32090381 		.ascii	"2\011\003\201\331V\023\271)g\260\234<=E\310\222\274"
 152      D95613B9 
 152      2967B09C 
 152      3C3D45C8 
 152      92BC
 153 0246 59EC8885 		.ascii	"Y\354\210\205\263\310\262\274\211,\374\263la\363\231"
 153      B3C8B2BC 
 153      892CFCB3 
 153      6C61F399 
 154 0256 236DEBFA 		.ascii	"#m\353\372\304v\003Y\223\317\276\2747>\234\315\316\266"
 154      C4760359 
 154      93CFBEBC 
 154      373E9CCD 
ARM GAS  C:\Users\Luggi\AppData\Local\Temp\cccZZ9b7.s 			page 11


 154      CEB6
 155 0268 E0D6B8D8 		.ascii	"\340\326\270\3302\3467\202=\327n\267\347\213\230k\342"
 155      32E63782 
 155      3DD76EB7 
 155      E78B986B 
 155      E2
 156 0279 76FDCF9B 		.ascii	"v\375\317\233Zh|\020X\032\337c\032?B\256\232\372s\322"
 156      5A687C10 
 156      581ADF63 
 156      1A3F42AE 
 156      9AFA73D2 
 157 028d 0417E00F 		.ascii	"\004\027\340\017w\202\215\267\210\331r\232\341\226\240"
 157      77828DB7 
 157      88D9729A 
 157      E196A0
 158 029c 98358C60 		.ascii	"\2305\214`\211C`\207kh\303h?\201\235\225 E\020o\005"
 158      89436087 
 158      6B68C368 
 158      3F819D95 
 158      2045106F 
 159 02b1 68612D61 		.ascii	"ha-a\362\337\245\221\177\301\252\002\377L\001\007\322"
 159      F2DFA591 
 159      7FC1AA02 
 159      FF4C0107 
 159      D2
 160 02c2 0007E121 		.ascii	"\000\007\341!r)\205\274\232\006\371\003CJ=\216\377\272"
 160      722985BC 
 160      9A06F903 
 160      434A3D8E 
 160      FFBA
 161 02d4 C3241D73 		.ascii	"\303$\035s\352}\253\255\3255\\\211MdC~.C\375\305\003"
 161      EA7DABAD 
 161      D5355C89 
 161      4D64437E 
 161      2E43FDC5 
 162 02e9 8CA1C8A5 		.ascii	"\214\241\310\245\324-H$\266\322U\016\243X\360\323\212"
 162      D42D4824 
 162      B6D2550E 
 162      A358F0D3 
 162      8A
 163 02fa C7E60756 		.ascii	"\307\346\007V\356-d\221\006\371{\277|\374\301\270i\353"
 163      EE2D6491 
 163      06F97BBF 
 163      7CFCC1B8 
 163      69EB
 164 030c D7948A89 		.ascii	"\327\224\212\211pl\005j\251XG\2514\222,tD\016\255in"
 164      706C056A 
 164      A95847A9 
 164      34922C74 
 164      440EAD69 
 165 0321 449E4C18 		.ascii	"D\236L\030\207\255\310\246-\237\2345\221&Y\252\367n"
 165      87ADC8A6 
 165      2D9F9C35 
 165      912659AA 
 165      F76E
 166 0333 63288BC7 		.ascii	"c(\213\307Y\253\377\037\263\206\305F\2577\316e\312\323"
 166      59ABFF1F 
ARM GAS  C:\Users\Luggi\AppData\Local\Temp\cccZZ9b7.s 			page 12


 166      B386C546 
 166      AF37CE65 
 166      CAD3
 167 0345 F938636A 		.ascii	"\3718cj\303\351l\030\260\214Rj\202I\354\362D\2521\327"
 167      C3E96C18 
 167      B08C526A 
 167      8249ECF2 
 167      44AA31D7 
 168 0359 21359FD1 		.ascii	"!5\237\321H\335\015bi\224f\036\377\3722\337`\330T\005"
 168      48DD0D62 
 168      6994661E 
 168      FFFA32DF 
 168      60D85405 
 169 036d D3606115 		.ascii	"\323`a\025\340\023\301\015\277D\303F-X*;\005\236Q\300"
 169      E013C10D 
 169      BF44C346 
 169      2D582A3B 
 169      059E51C0 
 170 0381 330CDC79 		.ascii	"3\014\334yw\312o\326\202\245\3576\005\236\005\213\232"
 170      77CA6FD6 
 170      82A5EF36 
 170      059E058B 
 170      9A
 171 0392 0FBA5C8E 		.ascii	"\017\272\\\216\263hW\331\3662W\371\007\202\303S\371"
 171      B36857D9 
 171      F63257F9 
 171      0782C353 
 171      F9
 172 03a3 DE810A63 		.ascii	"\336\201\012c\321\233\2456\007g/\022*\205\252r\237\260"
 172      D19BA536 
 172      07672F12 
 172      2A85AA72 
 172      9FB0
 173 03b5 BFCCE5A9 		.ascii	"\277\314\345\251\251r\013{\235.\217\343\345\2752\334"
 173      A9720B7B 
 173      9D2E8FE3 
 173      E5BD32DC 
 174 03c5 59BCCDCD 		.ascii	"Y\274\315\315\345\312~\211P\355\363T)l\263\"wX\020\274"
 174      E5CA7E89 
 174      50EDF354 
 174      296CB322 
 174      775810BC 
 175 03d9 16D97FBB 		.ascii	"\026\331\177\273\374\220P\343\345\225\003\237\307\373"
 175      FC9050E3 
 175      E595039F 
 175      C7FB
 176 03e7 CC93A4B7 		.ascii	"\314\223\244\267\275\317)\274\327+\313\367\035\026\224"
 176      BDCF29BC 
 176      D72BCBF7 
 176      1D1694
 177 03f6 20AFED72 		.ascii	" \257\355r\354.u\226\271\366\224\224:\366\030j\016T"
 177      EC2E7596 
 177      B9F69494 
 177      3AF6186A 
 177      0E54
 178 0408 FA763EBB 		.ascii	"\372v>\273\201\214\373\210\357\210W\250F!\263\300$\\"
 178      818CFB88 
ARM GAS  C:\Users\Luggi\AppData\Local\Temp\cccZZ9b7.s 			page 13


 178      EF8857A8 
 178      4621B3C0 
 178      245C
 179 041a 3E0499AA 		.ascii	">\004\231\252\335\216\222\355%B\005sv\250\316K\350("
 179      DD8E92ED 
 179      25420573 
 179      76A8CE4B 
 179      E828
 180 042c F1F695BB 		.ascii	"\361\366\225\273\017\325x\365UB\305\316\377\000\336"
 180      0FD578F5 
 180      5542C5CE 
 180      FF00DE
 181 043b 1825EA   		.ascii	"\030%\352"
 182              		.text
 183              		.section	.gnu.lto_.symtab.d23534b,"",%progbits
 184 0000 5047415F 		.ascii	"PGA_1_SaveConfig\000\000\000\000\000\000\000\000\000"
 184      315F5361 
 184      7665436F 
 184      6E666967 
 184      00000000 
 185 0019 000000AC 		.ascii	"\000\000\000\254\000\000\000PGA_1_RestoreConfig\000"
 185      00000050 
 185      47415F31 
 185      5F526573 
 185      746F7265 
 186 0034 00000000 		.ascii	"\000\000\000\000\000\000\000\000\000\000\000\256\000"
 186      00000000 
 186      000000AE 
 186      00
 187 0041 00005047 		.ascii	"\000\000PGA_1_Sleep\000\000\000\000\000\000\000\000"
 187      415F315F 
 187      536C6565 
 187      70000000 
 187      00000000 
 188 0056 00000000 		.ascii	"\000\000\000\000\260\000\000\000PGA_1_Wakeup\000\000"
 188      B0000000 
 188      5047415F 
 188      315F5761 
 188      6B657570 
 189 006c 00000000 		.ascii	"\000\000\000\000\000\000\000\000\000\000\262\000\000"
 189      00000000 
 189      0000B200 
 189      00
 190 0079 00504741 		.ascii	"\000PGA_1_Stop\000\000\002\000\000\000\000\000\000\000"
 190      5F315F53 
 190      746F7000 
 190      00020000 
 190      00000000 
 191 008e 0000B400 		.ascii	"\000\000\264\000\000\000PGA_1_Enable\000\000\002\000"
 191      00005047 
 191      415F315F 
 191      456E6162 
 191      6C650000 
 192 00a4 00000000 		.ascii	"\000\000\000\000\000\000\000\000\266\000\000\000"
 192      00000000 
 192      B6000000 
 193              		.text
ARM GAS  C:\Users\Luggi\AppData\Local\Temp\cccZZ9b7.s 			page 14


 194              		.section	.gnu.lto_.opts,"",%progbits
 195 0000 272D666E 		.ascii	"'-fno-trapv' '-fno-strict-overflow' '-mcpu=cortex-m"
 195      6F2D7472 
 195      61707627 
 195      20272D66 
 195      6E6F2D73 
 196 0033 33272027 		.ascii	"3' '-mthumb' '-g' '-Og' '-ffunction-sections' '-flt"
 196      2D6D7468 
 196      756D6227 
 196      20272D67 
 196      2720272D 
 197 0066 6F272027 		.ascii	"o' '-ffat-lto-objects'\000"
 197      2D666661 
 197      742D6C74 
 197      6F2D6F62 
 197      6A656374 
 198              		.text
 199              		.cfi_sections	.debug_frame
 200              		.section	.text.PGA_1_SaveConfig,"ax",%progbits
 201              		.align	2
 202              		.global	PGA_1_SaveConfig
 203              		.thumb
 204              		.thumb_func
 205              		.type	PGA_1_SaveConfig, %function
 206              	PGA_1_SaveConfig:
 207              	.LFB0:
 208              		.file 1 "Generated_Source\\PSoC5\\PGA_1_PM.c"
   1:Generated_Source\PSoC5/PGA_1_PM.c **** /*******************************************************************************
   2:Generated_Source\PSoC5/PGA_1_PM.c **** * File Name: PGA_1_PM.c  
   3:Generated_Source\PSoC5/PGA_1_PM.c **** * Version 2.0
   4:Generated_Source\PSoC5/PGA_1_PM.c **** *
   5:Generated_Source\PSoC5/PGA_1_PM.c **** * Description:
   6:Generated_Source\PSoC5/PGA_1_PM.c **** *  This file provides the power manager source code to the API for PGA 
   7:Generated_Source\PSoC5/PGA_1_PM.c **** *  Component.
   8:Generated_Source\PSoC5/PGA_1_PM.c **** *
   9:Generated_Source\PSoC5/PGA_1_PM.c **** * Note:
  10:Generated_Source\PSoC5/PGA_1_PM.c **** *
  11:Generated_Source\PSoC5/PGA_1_PM.c **** ********************************************************************************
  12:Generated_Source\PSoC5/PGA_1_PM.c **** * Copyright 2008-2012, Cypress Semiconductor Corporation.  All rights reserved.
  13:Generated_Source\PSoC5/PGA_1_PM.c **** * You may use this file only in accordance with the license, terms, conditions, 
  14:Generated_Source\PSoC5/PGA_1_PM.c **** * disclaimers, and limitations in the end user license agreement accompanying 
  15:Generated_Source\PSoC5/PGA_1_PM.c **** * the software package with which this file was provided.
  16:Generated_Source\PSoC5/PGA_1_PM.c **** *******************************************************************************/
  17:Generated_Source\PSoC5/PGA_1_PM.c **** 
  18:Generated_Source\PSoC5/PGA_1_PM.c **** #include "PGA_1.h"
  19:Generated_Source\PSoC5/PGA_1_PM.c **** 
  20:Generated_Source\PSoC5/PGA_1_PM.c **** static PGA_1_BACKUP_STRUCT  PGA_1_backup;
  21:Generated_Source\PSoC5/PGA_1_PM.c **** 
  22:Generated_Source\PSoC5/PGA_1_PM.c **** 
  23:Generated_Source\PSoC5/PGA_1_PM.c **** /*******************************************************************************
  24:Generated_Source\PSoC5/PGA_1_PM.c **** * Function Name: PGA_1_SaveConfig
  25:Generated_Source\PSoC5/PGA_1_PM.c **** ********************************************************************************
  26:Generated_Source\PSoC5/PGA_1_PM.c **** *
  27:Generated_Source\PSoC5/PGA_1_PM.c **** * Summary:
  28:Generated_Source\PSoC5/PGA_1_PM.c **** *  Save the current user register configuration.
  29:Generated_Source\PSoC5/PGA_1_PM.c **** *
  30:Generated_Source\PSoC5/PGA_1_PM.c **** * Parameters:
ARM GAS  C:\Users\Luggi\AppData\Local\Temp\cccZZ9b7.s 			page 15


  31:Generated_Source\PSoC5/PGA_1_PM.c **** *  void
  32:Generated_Source\PSoC5/PGA_1_PM.c **** *
  33:Generated_Source\PSoC5/PGA_1_PM.c **** * Return:
  34:Generated_Source\PSoC5/PGA_1_PM.c **** *  void
  35:Generated_Source\PSoC5/PGA_1_PM.c **** *
  36:Generated_Source\PSoC5/PGA_1_PM.c **** *******************************************************************************/
  37:Generated_Source\PSoC5/PGA_1_PM.c **** void PGA_1_SaveConfig(void) 
  38:Generated_Source\PSoC5/PGA_1_PM.c **** {
 209              		.loc 1 38 0
 210              		.cfi_startproc
 211              		@ args = 0, pretend = 0, frame = 0
 212              		@ frame_needed = 0, uses_anonymous_args = 0
 213              		@ link register save eliminated.
 214 0000 7047     		bx	lr
 215              		.cfi_endproc
 216              	.LFE0:
 217              		.size	PGA_1_SaveConfig, .-PGA_1_SaveConfig
 218 0002 00BF     		.section	.text.PGA_1_RestoreConfig,"ax",%progbits
 219              		.align	2
 220              		.global	PGA_1_RestoreConfig
 221              		.thumb
 222              		.thumb_func
 223              		.type	PGA_1_RestoreConfig, %function
 224              	PGA_1_RestoreConfig:
 225              	.LFB1:
  39:Generated_Source\PSoC5/PGA_1_PM.c ****     /* Nothing to save as registers are System reset on retention flops */
  40:Generated_Source\PSoC5/PGA_1_PM.c **** }
  41:Generated_Source\PSoC5/PGA_1_PM.c **** 
  42:Generated_Source\PSoC5/PGA_1_PM.c **** 
  43:Generated_Source\PSoC5/PGA_1_PM.c **** /*******************************************************************************  
  44:Generated_Source\PSoC5/PGA_1_PM.c **** * Function Name: PGA_1_RestoreConfig
  45:Generated_Source\PSoC5/PGA_1_PM.c **** ********************************************************************************
  46:Generated_Source\PSoC5/PGA_1_PM.c **** *
  47:Generated_Source\PSoC5/PGA_1_PM.c **** * Summary:
  48:Generated_Source\PSoC5/PGA_1_PM.c **** *  Restore the register configurations.
  49:Generated_Source\PSoC5/PGA_1_PM.c **** *
  50:Generated_Source\PSoC5/PGA_1_PM.c **** * Parameters:
  51:Generated_Source\PSoC5/PGA_1_PM.c **** *  void
  52:Generated_Source\PSoC5/PGA_1_PM.c **** *
  53:Generated_Source\PSoC5/PGA_1_PM.c **** * Return:
  54:Generated_Source\PSoC5/PGA_1_PM.c **** *  void
  55:Generated_Source\PSoC5/PGA_1_PM.c **** *
  56:Generated_Source\PSoC5/PGA_1_PM.c **** *******************************************************************************/
  57:Generated_Source\PSoC5/PGA_1_PM.c **** void PGA_1_RestoreConfig(void) 
  58:Generated_Source\PSoC5/PGA_1_PM.c **** {
 226              		.loc 1 58 0
 227              		.cfi_startproc
 228              		@ args = 0, pretend = 0, frame = 0
 229              		@ frame_needed = 0, uses_anonymous_args = 0
 230              		@ link register save eliminated.
 231 0000 7047     		bx	lr
 232              		.cfi_endproc
 233              	.LFE1:
 234              		.size	PGA_1_RestoreConfig, .-PGA_1_RestoreConfig
 235 0002 00BF     		.section	.text.PGA_1_Sleep,"ax",%progbits
 236              		.align	2
 237              		.global	PGA_1_Sleep
ARM GAS  C:\Users\Luggi\AppData\Local\Temp\cccZZ9b7.s 			page 16


 238              		.thumb
 239              		.thumb_func
 240              		.type	PGA_1_Sleep, %function
 241              	PGA_1_Sleep:
 242              	.LFB2:
  59:Generated_Source\PSoC5/PGA_1_PM.c ****     /* Nothing to restore */
  60:Generated_Source\PSoC5/PGA_1_PM.c **** }
  61:Generated_Source\PSoC5/PGA_1_PM.c **** 
  62:Generated_Source\PSoC5/PGA_1_PM.c **** 
  63:Generated_Source\PSoC5/PGA_1_PM.c **** /*******************************************************************************   
  64:Generated_Source\PSoC5/PGA_1_PM.c **** * Function Name: PGA_1_Sleep
  65:Generated_Source\PSoC5/PGA_1_PM.c **** ********************************************************************************
  66:Generated_Source\PSoC5/PGA_1_PM.c **** *
  67:Generated_Source\PSoC5/PGA_1_PM.c **** * Summary:
  68:Generated_Source\PSoC5/PGA_1_PM.c **** *  Disables block's operation and saves its configuration. Should be called 
  69:Generated_Source\PSoC5/PGA_1_PM.c **** *  just prior to entering sleep.
  70:Generated_Source\PSoC5/PGA_1_PM.c **** *
  71:Generated_Source\PSoC5/PGA_1_PM.c **** * Parameters:
  72:Generated_Source\PSoC5/PGA_1_PM.c **** *  None
  73:Generated_Source\PSoC5/PGA_1_PM.c **** *
  74:Generated_Source\PSoC5/PGA_1_PM.c **** * Return:
  75:Generated_Source\PSoC5/PGA_1_PM.c **** *  None
  76:Generated_Source\PSoC5/PGA_1_PM.c **** *
  77:Generated_Source\PSoC5/PGA_1_PM.c **** * Global variables:
  78:Generated_Source\PSoC5/PGA_1_PM.c **** *  PGA_1_backup: The structure field 'enableState' is modified 
  79:Generated_Source\PSoC5/PGA_1_PM.c **** *  depending on the enable state of the block before entering to sleep mode.
  80:Generated_Source\PSoC5/PGA_1_PM.c **** *
  81:Generated_Source\PSoC5/PGA_1_PM.c **** *******************************************************************************/
  82:Generated_Source\PSoC5/PGA_1_PM.c **** void PGA_1_Sleep(void) 
  83:Generated_Source\PSoC5/PGA_1_PM.c **** {
 243              		.loc 1 83 0
 244              		.cfi_startproc
 245              		@ args = 0, pretend = 0, frame = 0
 246              		@ frame_needed = 0, uses_anonymous_args = 0
 247              		.loc 1 83 0
 248 0000 08B5     		push	{r3, lr}
 249              		.cfi_def_cfa_offset 8
 250              		.cfi_offset 3, -8
 251              		.cfi_offset 14, -4
  84:Generated_Source\PSoC5/PGA_1_PM.c ****     /* Save PGA enable state */
  85:Generated_Source\PSoC5/PGA_1_PM.c ****     if((PGA_1_PM_ACT_CFG_REG & PGA_1_ACT_PWR_EN) != 0u)
 252              		.loc 1 85 0
 253 0002 074B     		ldr	r3, .L7
 254 0004 1B78     		ldrb	r3, [r3]	@ zero_extendqisi2
 255 0006 13F0080F 		tst	r3, #8
 256 000a 05D0     		beq	.L4
  86:Generated_Source\PSoC5/PGA_1_PM.c ****     {
  87:Generated_Source\PSoC5/PGA_1_PM.c ****         /* Component is enabled */
  88:Generated_Source\PSoC5/PGA_1_PM.c ****         PGA_1_backup.enableState = 1u;
 257              		.loc 1 88 0
 258 000c 0122     		movs	r2, #1
 259 000e 054B     		ldr	r3, .L7+4
 260 0010 1A70     		strb	r2, [r3]
  89:Generated_Source\PSoC5/PGA_1_PM.c ****         /* Stop the configuration */
  90:Generated_Source\PSoC5/PGA_1_PM.c ****         PGA_1_Stop();
 261              		.loc 1 90 0
 262 0012 FFF7FEFF 		bl	PGA_1_Stop
ARM GAS  C:\Users\Luggi\AppData\Local\Temp\cccZZ9b7.s 			page 17


 263              	.LVL0:
 264 0016 08BD     		pop	{r3, pc}
 265              	.L4:
  91:Generated_Source\PSoC5/PGA_1_PM.c ****     }
  92:Generated_Source\PSoC5/PGA_1_PM.c ****     else
  93:Generated_Source\PSoC5/PGA_1_PM.c ****     {
  94:Generated_Source\PSoC5/PGA_1_PM.c ****         /* Component is disabled */
  95:Generated_Source\PSoC5/PGA_1_PM.c ****         PGA_1_backup.enableState = 0u;
 266              		.loc 1 95 0
 267 0018 0022     		movs	r2, #0
 268 001a 024B     		ldr	r3, .L7+4
 269 001c 1A70     		strb	r2, [r3]
 270 001e 08BD     		pop	{r3, pc}
 271              	.L8:
 272              		.align	2
 273              	.L7:
 274 0020 A9430040 		.word	1073759145
 275 0024 00000000 		.word	.LANCHOR0
 276              		.cfi_endproc
 277              	.LFE2:
 278              		.size	PGA_1_Sleep, .-PGA_1_Sleep
 279              		.section	.text.PGA_1_Wakeup,"ax",%progbits
 280              		.align	2
 281              		.global	PGA_1_Wakeup
 282              		.thumb
 283              		.thumb_func
 284              		.type	PGA_1_Wakeup, %function
 285              	PGA_1_Wakeup:
 286              	.LFB3:
  96:Generated_Source\PSoC5/PGA_1_PM.c ****     }
  97:Generated_Source\PSoC5/PGA_1_PM.c ****     /* Save the configuration */
  98:Generated_Source\PSoC5/PGA_1_PM.c ****     PGA_1_SaveConfig();
  99:Generated_Source\PSoC5/PGA_1_PM.c **** }
 100:Generated_Source\PSoC5/PGA_1_PM.c **** 
 101:Generated_Source\PSoC5/PGA_1_PM.c **** 
 102:Generated_Source\PSoC5/PGA_1_PM.c **** /*******************************************************************************
 103:Generated_Source\PSoC5/PGA_1_PM.c **** * Function Name: PGA_1_Wakeup
 104:Generated_Source\PSoC5/PGA_1_PM.c **** ********************************************************************************
 105:Generated_Source\PSoC5/PGA_1_PM.c **** *
 106:Generated_Source\PSoC5/PGA_1_PM.c **** * Summary:
 107:Generated_Source\PSoC5/PGA_1_PM.c **** *  Enables block's operation and restores its configuration. Should be called
 108:Generated_Source\PSoC5/PGA_1_PM.c **** *  just after awaking from sleep.
 109:Generated_Source\PSoC5/PGA_1_PM.c **** *
 110:Generated_Source\PSoC5/PGA_1_PM.c **** * Parameters:
 111:Generated_Source\PSoC5/PGA_1_PM.c **** *  None
 112:Generated_Source\PSoC5/PGA_1_PM.c **** *
 113:Generated_Source\PSoC5/PGA_1_PM.c **** * Return:
 114:Generated_Source\PSoC5/PGA_1_PM.c **** *  void
 115:Generated_Source\PSoC5/PGA_1_PM.c **** *
 116:Generated_Source\PSoC5/PGA_1_PM.c **** * Global variables:
 117:Generated_Source\PSoC5/PGA_1_PM.c **** *  PGA_1_backup: The structure field 'enableState' is used to 
 118:Generated_Source\PSoC5/PGA_1_PM.c **** *  restore the enable state of block after wakeup from sleep mode.
 119:Generated_Source\PSoC5/PGA_1_PM.c **** * 
 120:Generated_Source\PSoC5/PGA_1_PM.c **** *******************************************************************************/
 121:Generated_Source\PSoC5/PGA_1_PM.c **** void PGA_1_Wakeup(void) 
 122:Generated_Source\PSoC5/PGA_1_PM.c **** {
 287              		.loc 1 122 0
ARM GAS  C:\Users\Luggi\AppData\Local\Temp\cccZZ9b7.s 			page 18


 288              		.cfi_startproc
 289              		@ args = 0, pretend = 0, frame = 0
 290              		@ frame_needed = 0, uses_anonymous_args = 0
 291 0000 08B5     		push	{r3, lr}
 292              		.cfi_def_cfa_offset 8
 293              		.cfi_offset 3, -8
 294              		.cfi_offset 14, -4
 123:Generated_Source\PSoC5/PGA_1_PM.c ****     /* Restore the configurations */
 124:Generated_Source\PSoC5/PGA_1_PM.c ****     PGA_1_RestoreConfig();
 125:Generated_Source\PSoC5/PGA_1_PM.c ****      /* Enables the component operation */
 126:Generated_Source\PSoC5/PGA_1_PM.c ****     if(PGA_1_backup.enableState == 1u)
 295              		.loc 1 126 0
 296 0002 034B     		ldr	r3, .L12
 297 0004 1B78     		ldrb	r3, [r3]	@ zero_extendqisi2
 298 0006 012B     		cmp	r3, #1
 299 0008 01D1     		bne	.L9
 127:Generated_Source\PSoC5/PGA_1_PM.c ****     {
 128:Generated_Source\PSoC5/PGA_1_PM.c ****         PGA_1_Enable();
 300              		.loc 1 128 0
 301 000a FFF7FEFF 		bl	PGA_1_Enable
 302              	.LVL1:
 303              	.L9:
 304 000e 08BD     		pop	{r3, pc}
 305              	.L13:
 306              		.align	2
 307              	.L12:
 308 0010 00000000 		.word	.LANCHOR0
 309              		.cfi_endproc
 310              	.LFE3:
 311              		.size	PGA_1_Wakeup, .-PGA_1_Wakeup
 312              		.bss
 313              		.align	2
 314              		.set	.LANCHOR0,. + 0
 315              		.type	PGA_1_backup, %object
 316              		.size	PGA_1_backup, 4
 317              	PGA_1_backup:
 318 0000 00000000 		.space	4
 319              		.text
 320              	.Letext0:
 321              		.file 2 "Generated_Source\\PSoC5\\cytypes.h"
 322              		.file 3 "Generated_Source\\PSoC5\\PGA_1.h"
 323              		.section	.debug_info,"",%progbits
 324              	.Ldebug_info0:
 325 0000 64010000 		.4byte	0x164
 326 0004 0400     		.2byte	0x4
 327 0006 00000000 		.4byte	.Ldebug_abbrev0
 328 000a 04       		.byte	0x4
 329 000b 01       		.uleb128 0x1
 330 000c 73000000 		.4byte	.LASF26
 331 0010 01       		.byte	0x1
 332 0011 5E020000 		.4byte	.LASF27
 333 0015 81010000 		.4byte	.LASF28
 334 0019 00000000 		.4byte	.Ldebug_ranges0+0
 335 001d 00000000 		.4byte	0
 336 0021 00000000 		.4byte	.Ldebug_line0
 337 0025 02       		.uleb128 0x2
 338 0026 01       		.byte	0x1
ARM GAS  C:\Users\Luggi\AppData\Local\Temp\cccZZ9b7.s 			page 19


 339 0027 06       		.byte	0x6
 340 0028 36020000 		.4byte	.LASF0
 341 002c 02       		.uleb128 0x2
 342 002d 01       		.byte	0x1
 343 002e 08       		.byte	0x8
 344 002f 48000000 		.4byte	.LASF1
 345 0033 02       		.uleb128 0x2
 346 0034 02       		.byte	0x2
 347 0035 05       		.byte	0x5
 348 0036 03020000 		.4byte	.LASF2
 349 003a 02       		.uleb128 0x2
 350 003b 02       		.byte	0x2
 351 003c 07       		.byte	0x7
 352 003d 42020000 		.4byte	.LASF3
 353 0041 02       		.uleb128 0x2
 354 0042 04       		.byte	0x4
 355 0043 05       		.byte	0x5
 356 0044 0D020000 		.4byte	.LASF4
 357 0048 02       		.uleb128 0x2
 358 0049 04       		.byte	0x4
 359 004a 07       		.byte	0x7
 360 004b 5B000000 		.4byte	.LASF5
 361 004f 02       		.uleb128 0x2
 362 0050 08       		.byte	0x8
 363 0051 05       		.byte	0x5
 364 0052 65010000 		.4byte	.LASF6
 365 0056 02       		.uleb128 0x2
 366 0057 08       		.byte	0x8
 367 0058 07       		.byte	0x7
 368 0059 34010000 		.4byte	.LASF7
 369 005d 03       		.uleb128 0x3
 370 005e 04       		.byte	0x4
 371 005f 05       		.byte	0x5
 372 0060 696E7400 		.ascii	"int\000"
 373 0064 02       		.uleb128 0x2
 374 0065 04       		.byte	0x4
 375 0066 07       		.byte	0x7
 376 0067 1A010000 		.4byte	.LASF8
 377 006b 04       		.uleb128 0x4
 378 006c 6D000000 		.4byte	.LASF12
 379 0070 02       		.byte	0x2
 380 0071 9201     		.2byte	0x192
 381 0073 2C000000 		.4byte	0x2c
 382 0077 02       		.uleb128 0x2
 383 0078 04       		.byte	0x4
 384 0079 04       		.byte	0x4
 385 007a 42000000 		.4byte	.LASF9
 386 007e 02       		.uleb128 0x2
 387 007f 08       		.byte	0x8
 388 0080 04       		.byte	0x4
 389 0081 07010000 		.4byte	.LASF10
 390 0085 02       		.uleb128 0x2
 391 0086 01       		.byte	0x1
 392 0087 08       		.byte	0x8
 393 0088 7C010000 		.4byte	.LASF11
 394 008c 04       		.uleb128 0x4
 395 008d 56000000 		.4byte	.LASF13
ARM GAS  C:\Users\Luggi\AppData\Local\Temp\cccZZ9b7.s 			page 20


 396 0091 02       		.byte	0x2
 397 0092 3C02     		.2byte	0x23c
 398 0094 98000000 		.4byte	0x98
 399 0098 05       		.uleb128 0x5
 400 0099 6B000000 		.4byte	0x6b
 401 009d 02       		.uleb128 0x2
 402 009e 04       		.byte	0x4
 403 009f 07       		.byte	0x7
 404 00a0 5C010000 		.4byte	.LASF14
 405 00a4 06       		.uleb128 0x6
 406 00a5 04       		.byte	0x4
 407 00a6 03       		.byte	0x3
 408 00a7 2D       		.byte	0x2d
 409 00a8 DD000000 		.4byte	0xdd
 410 00ac 07       		.uleb128 0x7
 411 00ad 16020000 		.4byte	.LASF15
 412 00b1 03       		.byte	0x3
 413 00b2 2F       		.byte	0x2f
 414 00b3 6B000000 		.4byte	0x6b
 415 00b7 00       		.byte	0
 416 00b8 07       		.uleb128 0x7
 417 00b9 73010000 		.4byte	.LASF16
 418 00bd 03       		.byte	0x3
 419 00be 30       		.byte	0x30
 420 00bf 6B000000 		.4byte	0x6b
 421 00c3 01       		.byte	0x1
 422 00c4 07       		.uleb128 0x7
 423 00c5 55020000 		.4byte	.LASF17
 424 00c9 03       		.byte	0x3
 425 00ca 31       		.byte	0x31
 426 00cb 6B000000 		.4byte	0x6b
 427 00cf 02       		.byte	0x2
 428 00d0 07       		.uleb128 0x7
 429 00d1 1F000000 		.4byte	.LASF18
 430 00d5 03       		.byte	0x3
 431 00d6 32       		.byte	0x32
 432 00d7 6B000000 		.4byte	0x6b
 433 00db 03       		.byte	0x3
 434 00dc 00       		.byte	0
 435 00dd 08       		.uleb128 0x8
 436 00de 22020000 		.4byte	.LASF19
 437 00e2 03       		.byte	0x3
 438 00e3 33       		.byte	0x33
 439 00e4 A4000000 		.4byte	0xa4
 440 00e8 09       		.uleb128 0x9
 441 00e9 4B010000 		.4byte	.LASF20
 442 00ed 01       		.byte	0x1
 443 00ee 25       		.byte	0x25
 444 00ef 00000000 		.4byte	.LFB0
 445 00f3 02000000 		.4byte	.LFE0-.LFB0
 446 00f7 01       		.uleb128 0x1
 447 00f8 9C       		.byte	0x9c
 448 00f9 09       		.uleb128 0x9
 449 00fa 0B000000 		.4byte	.LASF21
 450 00fe 01       		.byte	0x1
 451 00ff 39       		.byte	0x39
 452 0100 00000000 		.4byte	.LFB1
ARM GAS  C:\Users\Luggi\AppData\Local\Temp\cccZZ9b7.s 			page 21


 453 0104 02000000 		.4byte	.LFE1-.LFB1
 454 0108 01       		.uleb128 0x1
 455 0109 9C       		.byte	0x9c
 456 010a 0A       		.uleb128 0xa
 457 010b 0E010000 		.4byte	.LASF22
 458 010f 01       		.byte	0x1
 459 0110 52       		.byte	0x52
 460 0111 00000000 		.4byte	.LFB2
 461 0115 28000000 		.4byte	.LFE2-.LFB2
 462 0119 01       		.uleb128 0x1
 463 011a 9C       		.byte	0x9c
 464 011b 29010000 		.4byte	0x129
 465 011f 0B       		.uleb128 0xb
 466 0120 16000000 		.4byte	.LVL0
 467 0124 59010000 		.4byte	0x159
 468 0128 00       		.byte	0
 469 0129 0A       		.uleb128 0xa
 470 012a 28000000 		.4byte	.LASF23
 471 012e 01       		.byte	0x1
 472 012f 79       		.byte	0x79
 473 0130 00000000 		.4byte	.LFB3
 474 0134 14000000 		.4byte	.LFE3-.LFB3
 475 0138 01       		.uleb128 0x1
 476 0139 9C       		.byte	0x9c
 477 013a 48010000 		.4byte	0x148
 478 013e 0B       		.uleb128 0xb
 479 013f 0E000000 		.4byte	.LVL1
 480 0143 60010000 		.4byte	0x160
 481 0147 00       		.byte	0
 482 0148 0C       		.uleb128 0xc
 483 0149 35000000 		.4byte	.LASF29
 484 014d 01       		.byte	0x1
 485 014e 14       		.byte	0x14
 486 014f DD000000 		.4byte	0xdd
 487 0153 05       		.uleb128 0x5
 488 0154 03       		.byte	0x3
 489 0155 00000000 		.4byte	PGA_1_backup
 490 0159 0D       		.uleb128 0xd
 491 015a 00000000 		.4byte	.LASF24
 492 015e 03       		.byte	0x3
 493 015f 3F       		.byte	0x3f
 494 0160 0D       		.uleb128 0xd
 495 0161 27010000 		.4byte	.LASF25
 496 0165 03       		.byte	0x3
 497 0166 47       		.byte	0x47
 498 0167 00       		.byte	0
 499              		.section	.debug_abbrev,"",%progbits
 500              	.Ldebug_abbrev0:
 501 0000 01       		.uleb128 0x1
 502 0001 11       		.uleb128 0x11
 503 0002 01       		.byte	0x1
 504 0003 25       		.uleb128 0x25
 505 0004 0E       		.uleb128 0xe
 506 0005 13       		.uleb128 0x13
 507 0006 0B       		.uleb128 0xb
 508 0007 03       		.uleb128 0x3
 509 0008 0E       		.uleb128 0xe
ARM GAS  C:\Users\Luggi\AppData\Local\Temp\cccZZ9b7.s 			page 22


 510 0009 1B       		.uleb128 0x1b
 511 000a 0E       		.uleb128 0xe
 512 000b 55       		.uleb128 0x55
 513 000c 17       		.uleb128 0x17
 514 000d 11       		.uleb128 0x11
 515 000e 01       		.uleb128 0x1
 516 000f 10       		.uleb128 0x10
 517 0010 17       		.uleb128 0x17
 518 0011 00       		.byte	0
 519 0012 00       		.byte	0
 520 0013 02       		.uleb128 0x2
 521 0014 24       		.uleb128 0x24
 522 0015 00       		.byte	0
 523 0016 0B       		.uleb128 0xb
 524 0017 0B       		.uleb128 0xb
 525 0018 3E       		.uleb128 0x3e
 526 0019 0B       		.uleb128 0xb
 527 001a 03       		.uleb128 0x3
 528 001b 0E       		.uleb128 0xe
 529 001c 00       		.byte	0
 530 001d 00       		.byte	0
 531 001e 03       		.uleb128 0x3
 532 001f 24       		.uleb128 0x24
 533 0020 00       		.byte	0
 534 0021 0B       		.uleb128 0xb
 535 0022 0B       		.uleb128 0xb
 536 0023 3E       		.uleb128 0x3e
 537 0024 0B       		.uleb128 0xb
 538 0025 03       		.uleb128 0x3
 539 0026 08       		.uleb128 0x8
 540 0027 00       		.byte	0
 541 0028 00       		.byte	0
 542 0029 04       		.uleb128 0x4
 543 002a 16       		.uleb128 0x16
 544 002b 00       		.byte	0
 545 002c 03       		.uleb128 0x3
 546 002d 0E       		.uleb128 0xe
 547 002e 3A       		.uleb128 0x3a
 548 002f 0B       		.uleb128 0xb
 549 0030 3B       		.uleb128 0x3b
 550 0031 05       		.uleb128 0x5
 551 0032 49       		.uleb128 0x49
 552 0033 13       		.uleb128 0x13
 553 0034 00       		.byte	0
 554 0035 00       		.byte	0
 555 0036 05       		.uleb128 0x5
 556 0037 35       		.uleb128 0x35
 557 0038 00       		.byte	0
 558 0039 49       		.uleb128 0x49
 559 003a 13       		.uleb128 0x13
 560 003b 00       		.byte	0
 561 003c 00       		.byte	0
 562 003d 06       		.uleb128 0x6
 563 003e 13       		.uleb128 0x13
 564 003f 01       		.byte	0x1
 565 0040 0B       		.uleb128 0xb
 566 0041 0B       		.uleb128 0xb
ARM GAS  C:\Users\Luggi\AppData\Local\Temp\cccZZ9b7.s 			page 23


 567 0042 3A       		.uleb128 0x3a
 568 0043 0B       		.uleb128 0xb
 569 0044 3B       		.uleb128 0x3b
 570 0045 0B       		.uleb128 0xb
 571 0046 01       		.uleb128 0x1
 572 0047 13       		.uleb128 0x13
 573 0048 00       		.byte	0
 574 0049 00       		.byte	0
 575 004a 07       		.uleb128 0x7
 576 004b 0D       		.uleb128 0xd
 577 004c 00       		.byte	0
 578 004d 03       		.uleb128 0x3
 579 004e 0E       		.uleb128 0xe
 580 004f 3A       		.uleb128 0x3a
 581 0050 0B       		.uleb128 0xb
 582 0051 3B       		.uleb128 0x3b
 583 0052 0B       		.uleb128 0xb
 584 0053 49       		.uleb128 0x49
 585 0054 13       		.uleb128 0x13
 586 0055 38       		.uleb128 0x38
 587 0056 0B       		.uleb128 0xb
 588 0057 00       		.byte	0
 589 0058 00       		.byte	0
 590 0059 08       		.uleb128 0x8
 591 005a 16       		.uleb128 0x16
 592 005b 00       		.byte	0
 593 005c 03       		.uleb128 0x3
 594 005d 0E       		.uleb128 0xe
 595 005e 3A       		.uleb128 0x3a
 596 005f 0B       		.uleb128 0xb
 597 0060 3B       		.uleb128 0x3b
 598 0061 0B       		.uleb128 0xb
 599 0062 49       		.uleb128 0x49
 600 0063 13       		.uleb128 0x13
 601 0064 00       		.byte	0
 602 0065 00       		.byte	0
 603 0066 09       		.uleb128 0x9
 604 0067 2E       		.uleb128 0x2e
 605 0068 00       		.byte	0
 606 0069 3F       		.uleb128 0x3f
 607 006a 19       		.uleb128 0x19
 608 006b 03       		.uleb128 0x3
 609 006c 0E       		.uleb128 0xe
 610 006d 3A       		.uleb128 0x3a
 611 006e 0B       		.uleb128 0xb
 612 006f 3B       		.uleb128 0x3b
 613 0070 0B       		.uleb128 0xb
 614 0071 27       		.uleb128 0x27
 615 0072 19       		.uleb128 0x19
 616 0073 11       		.uleb128 0x11
 617 0074 01       		.uleb128 0x1
 618 0075 12       		.uleb128 0x12
 619 0076 06       		.uleb128 0x6
 620 0077 40       		.uleb128 0x40
 621 0078 18       		.uleb128 0x18
 622 0079 9742     		.uleb128 0x2117
 623 007b 19       		.uleb128 0x19
ARM GAS  C:\Users\Luggi\AppData\Local\Temp\cccZZ9b7.s 			page 24


 624 007c 00       		.byte	0
 625 007d 00       		.byte	0
 626 007e 0A       		.uleb128 0xa
 627 007f 2E       		.uleb128 0x2e
 628 0080 01       		.byte	0x1
 629 0081 3F       		.uleb128 0x3f
 630 0082 19       		.uleb128 0x19
 631 0083 03       		.uleb128 0x3
 632 0084 0E       		.uleb128 0xe
 633 0085 3A       		.uleb128 0x3a
 634 0086 0B       		.uleb128 0xb
 635 0087 3B       		.uleb128 0x3b
 636 0088 0B       		.uleb128 0xb
 637 0089 27       		.uleb128 0x27
 638 008a 19       		.uleb128 0x19
 639 008b 11       		.uleb128 0x11
 640 008c 01       		.uleb128 0x1
 641 008d 12       		.uleb128 0x12
 642 008e 06       		.uleb128 0x6
 643 008f 40       		.uleb128 0x40
 644 0090 18       		.uleb128 0x18
 645 0091 9742     		.uleb128 0x2117
 646 0093 19       		.uleb128 0x19
 647 0094 01       		.uleb128 0x1
 648 0095 13       		.uleb128 0x13
 649 0096 00       		.byte	0
 650 0097 00       		.byte	0
 651 0098 0B       		.uleb128 0xb
 652 0099 898201   		.uleb128 0x4109
 653 009c 00       		.byte	0
 654 009d 11       		.uleb128 0x11
 655 009e 01       		.uleb128 0x1
 656 009f 31       		.uleb128 0x31
 657 00a0 13       		.uleb128 0x13
 658 00a1 00       		.byte	0
 659 00a2 00       		.byte	0
 660 00a3 0C       		.uleb128 0xc
 661 00a4 34       		.uleb128 0x34
 662 00a5 00       		.byte	0
 663 00a6 03       		.uleb128 0x3
 664 00a7 0E       		.uleb128 0xe
 665 00a8 3A       		.uleb128 0x3a
 666 00a9 0B       		.uleb128 0xb
 667 00aa 3B       		.uleb128 0x3b
 668 00ab 0B       		.uleb128 0xb
 669 00ac 49       		.uleb128 0x49
 670 00ad 13       		.uleb128 0x13
 671 00ae 02       		.uleb128 0x2
 672 00af 18       		.uleb128 0x18
 673 00b0 00       		.byte	0
 674 00b1 00       		.byte	0
 675 00b2 0D       		.uleb128 0xd
 676 00b3 2E       		.uleb128 0x2e
 677 00b4 00       		.byte	0
 678 00b5 3F       		.uleb128 0x3f
 679 00b6 19       		.uleb128 0x19
 680 00b7 03       		.uleb128 0x3
ARM GAS  C:\Users\Luggi\AppData\Local\Temp\cccZZ9b7.s 			page 25


 681 00b8 0E       		.uleb128 0xe
 682 00b9 3A       		.uleb128 0x3a
 683 00ba 0B       		.uleb128 0xb
 684 00bb 3B       		.uleb128 0x3b
 685 00bc 0B       		.uleb128 0xb
 686 00bd 27       		.uleb128 0x27
 687 00be 19       		.uleb128 0x19
 688 00bf 3C       		.uleb128 0x3c
 689 00c0 19       		.uleb128 0x19
 690 00c1 00       		.byte	0
 691 00c2 00       		.byte	0
 692 00c3 00       		.byte	0
 693              		.section	.debug_aranges,"",%progbits
 694 0000 34000000 		.4byte	0x34
 695 0004 0200     		.2byte	0x2
 696 0006 00000000 		.4byte	.Ldebug_info0
 697 000a 04       		.byte	0x4
 698 000b 00       		.byte	0
 699 000c 0000     		.2byte	0
 700 000e 0000     		.2byte	0
 701 0010 00000000 		.4byte	.LFB0
 702 0014 02000000 		.4byte	.LFE0-.LFB0
 703 0018 00000000 		.4byte	.LFB1
 704 001c 02000000 		.4byte	.LFE1-.LFB1
 705 0020 00000000 		.4byte	.LFB2
 706 0024 28000000 		.4byte	.LFE2-.LFB2
 707 0028 00000000 		.4byte	.LFB3
 708 002c 14000000 		.4byte	.LFE3-.LFB3
 709 0030 00000000 		.4byte	0
 710 0034 00000000 		.4byte	0
 711              		.section	.debug_ranges,"",%progbits
 712              	.Ldebug_ranges0:
 713 0000 00000000 		.4byte	.LFB0
 714 0004 02000000 		.4byte	.LFE0
 715 0008 00000000 		.4byte	.LFB1
 716 000c 02000000 		.4byte	.LFE1
 717 0010 00000000 		.4byte	.LFB2
 718 0014 28000000 		.4byte	.LFE2
 719 0018 00000000 		.4byte	.LFB3
 720 001c 14000000 		.4byte	.LFE3
 721 0020 00000000 		.4byte	0
 722 0024 00000000 		.4byte	0
 723              		.section	.debug_line,"",%progbits
 724              	.Ldebug_line0:
 725 0000 9B000000 		.section	.debug_str,"MS",%progbits,1
 725      02005000 
 725      00000201 
 725      FB0E0D00 
 725      01010101 
 726              	.LASF24:
 727 0000 5047415F 		.ascii	"PGA_1_Stop\000"
 727      315F5374 
 727      6F7000
 728              	.LASF21:
 729 000b 5047415F 		.ascii	"PGA_1_RestoreConfig\000"
 729      315F5265 
 729      73746F72 
ARM GAS  C:\Users\Luggi\AppData\Local\Temp\cccZZ9b7.s 			page 26


 729      65436F6E 
 729      66696700 
 730              	.LASF18:
 731 001f 73634352 		.ascii	"scCR3Reg\000"
 731      33526567 
 731      00
 732              	.LASF23:
 733 0028 5047415F 		.ascii	"PGA_1_Wakeup\000"
 733      315F5761 
 733      6B657570 
 733      00
 734              	.LASF29:
 735 0035 5047415F 		.ascii	"PGA_1_backup\000"
 735      315F6261 
 735      636B7570 
 735      00
 736              	.LASF9:
 737 0042 666C6F61 		.ascii	"float\000"
 737      7400
 738              	.LASF1:
 739 0048 756E7369 		.ascii	"unsigned char\000"
 739      676E6564 
 739      20636861 
 739      7200
 740              	.LASF13:
 741 0056 72656738 		.ascii	"reg8\000"
 741      00
 742              	.LASF5:
 743 005b 6C6F6E67 		.ascii	"long unsigned int\000"
 743      20756E73 
 743      69676E65 
 743      6420696E 
 743      7400
 744              	.LASF12:
 745 006d 75696E74 		.ascii	"uint8\000"
 745      3800
 746              	.LASF26:
 747 0073 474E5520 		.ascii	"GNU C 4.9.3 20150303 (release) [ARM/embedded-4_9-br"
 747      4320342E 
 747      392E3320 
 747      32303135 
 747      30333033 
 748 00a6 616E6368 		.ascii	"anch revision 221220] -mcpu=cortex-m3 -mthumb -g -O"
 748      20726576 
 748      6973696F 
 748      6E203232 
 748      31323230 
 749 00d9 67202D66 		.ascii	"g -ffunction-sections -flto -ffat-lto-objects\000"
 749      66756E63 
 749      74696F6E 
 749      2D736563 
 749      74696F6E 
 750              	.LASF10:
 751 0107 646F7562 		.ascii	"double\000"
 751      6C6500
 752              	.LASF22:
 753 010e 5047415F 		.ascii	"PGA_1_Sleep\000"
ARM GAS  C:\Users\Luggi\AppData\Local\Temp\cccZZ9b7.s 			page 27


 753      315F536C 
 753      65657000 
 754              	.LASF8:
 755 011a 756E7369 		.ascii	"unsigned int\000"
 755      676E6564 
 755      20696E74 
 755      00
 756              	.LASF25:
 757 0127 5047415F 		.ascii	"PGA_1_Enable\000"
 757      315F456E 
 757      61626C65 
 757      00
 758              	.LASF7:
 759 0134 6C6F6E67 		.ascii	"long long unsigned int\000"
 759      206C6F6E 
 759      6720756E 
 759      7369676E 
 759      65642069 
 760              	.LASF20:
 761 014b 5047415F 		.ascii	"PGA_1_SaveConfig\000"
 761      315F5361 
 761      7665436F 
 761      6E666967 
 761      00
 762              	.LASF14:
 763 015c 73697A65 		.ascii	"sizetype\000"
 763      74797065 
 763      00
 764              	.LASF6:
 765 0165 6C6F6E67 		.ascii	"long long int\000"
 765      206C6F6E 
 765      6720696E 
 765      7400
 766              	.LASF16:
 767 0173 73634352 		.ascii	"scCR1Reg\000"
 767      31526567 
 767      00
 768              	.LASF11:
 769 017c 63686172 		.ascii	"char\000"
 769      00
 770              	.LASF28:
 771 0181 433A5C55 		.ascii	"C:\\Users\\Luggi\\Desktop\\Aktuelles Projekt Laser_"
 771      73657273 
 771      5C4C7567 
 771      67695C44 
 771      65736B74 
 772 01b0 73636875 		.ascii	"schutzschaltung\\Aktuelles Projekt Laser_schutzscha"
 772      747A7363 
 772      68616C74 
 772      756E675C 
 772      416B7475 
 773 01e2 6C74756E 		.ascii	"ltung\\Laserschutzschaltung.cydsn\000"
 773      675C4C61 
 773      73657273 
 773      63687574 
 773      7A736368 
 774              	.LASF2:
ARM GAS  C:\Users\Luggi\AppData\Local\Temp\cccZZ9b7.s 			page 28


 775 0203 73686F72 		.ascii	"short int\000"
 775      7420696E 
 775      7400
 776              	.LASF4:
 777 020d 6C6F6E67 		.ascii	"long int\000"
 777      20696E74 
 777      00
 778              	.LASF15:
 779 0216 656E6162 		.ascii	"enableState\000"
 779      6C655374 
 779      61746500 
 780              	.LASF19:
 781 0222 5047415F 		.ascii	"PGA_1_BACKUP_STRUCT\000"
 781      315F4241 
 781      434B5550 
 781      5F535452 
 781      55435400 
 782              	.LASF0:
 783 0236 7369676E 		.ascii	"signed char\000"
 783      65642063 
 783      68617200 
 784              	.LASF3:
 785 0242 73686F72 		.ascii	"short unsigned int\000"
 785      7420756E 
 785      7369676E 
 785      65642069 
 785      6E7400
 786              	.LASF17:
 787 0255 73634352 		.ascii	"scCR2Reg\000"
 787      32526567 
 787      00
 788              	.LASF27:
 789 025e 47656E65 		.ascii	"Generated_Source\\PSoC5\\PGA_1_PM.c\000"
 789      72617465 
 789      645F536F 
 789      75726365 
 789      5C50536F 
 790              		.comm	__gnu_lto_v1,1,1
 791              		.ident	"GCC: (GNU Tools for ARM Embedded Processors) 4.9.3 20150303 (release) [ARM/embedded-4_9-br
