ARM GAS  C:\Users\Luggi\AppData\Local\Temp\ccuAl9Uy.s 			page 1


   1              		.syntax unified
   2              		.cpu cortex-m3
   3              		.fpu softvfp
   4              		.eabi_attribute 20, 1
   5              		.eabi_attribute 21, 1
   6              		.eabi_attribute 23, 3
   7              		.eabi_attribute 24, 1
   8              		.eabi_attribute 25, 1
   9              		.eabi_attribute 26, 1
  10              		.eabi_attribute 30, 1
  11              		.eabi_attribute 34, 1
  12              		.eabi_attribute 18, 4
  13              		.thumb
  14              		.file	"Potentiometer.c"
  15              		.text
  16              	.Ltext0:
  17              		.section	.gnu.lto_.profile.53c7a9bb,"",%progbits
  18 0000 789C6366 		.ascii	"x\234cf```a\200\000F\006IQ\000\000\273\0007"
  18      60606061 
  18      80004606 
  18      49510000 
  18      BB0037
  19              		.text
  20              		.section	.gnu.lto_.inline.53c7a9bb,"",%progbits
  21 0000 789C6366 		.ascii	"x\234cf\300\016\022\2404\013\003\003'\007##\003#\003"
  21      C00E12A0 
  21      340B0303 
  21      27072323 
  21      032303
  22 0013 0333C701 		.ascii	"\0033\307\001;\006\266\005\362L\014,\013\344Y@\222\214"
  22      3B06B605 
  22      F24C0C2C 
  22      0BE45940 
  22      928C
  23 0025 0C1CECE8 		.ascii	"\014\034\354\350rL\027\370\301rL\014l\254\214\014Ll"
  23      724C17F8 
  23      C1724C0C 
  23      6CAC8C0C 
  23      4C6C
  24 0037 1FF420E2 		.ascii	"\037\364 \342@\300\214)\304\000\000\333l\011\322"
  24      40C08C29 
  24      C40000DB 
  24      6C09D2
  25              		.text
  26              		.section	.gnu.lto_.jmpfuncs.53c7a9bb,"",%progbits
  27 0000 789C6366 		.ascii	"x\234cf\300\016\204\2404\013\003##c=#\210`b``\006\212"
  27      C00E84A0 
  27      340B0323 
  27      23633D23 
  27      88606260 
  28 0017 00000DC0 		.ascii	"\000\000\015\300\001$"
  28      0124
  29              		.text
  30              		.section	.gnu.lto_.pureconst.53c7a9bb,"",%progbits
  31 0000 789C6366 		.ascii	"x\234cf``\340d\200\000\026\006)F)&)f)\000\002\305\000"
  31      6060E064 
  31      80001606 
ARM GAS  C:\Users\Luggi\AppData\Local\Temp\ccuAl9Uy.s 			page 2


  31      29462926 
  31      29662900 
  32 0017 7F       		.ascii	"\177"
  33              		.text
  34              		.section	.gnu.lto_Potentiometer_Write.53c7a9bb,"",%progbits
  35 0000 789C6591 		.ascii	"x\234e\221Kh\023Q\024\206\317\177\357L\322\327B\\f%"
  35      4B681351 
  35      1486CF7F 
  35      EF4CD2D7 
  35      425C6625 
  36 0014 94121511 		.ascii	"\224\022\025\0217n\\\211.\334\006\272\015H\210\263\010"
  36      376E5C89 
  36      2EDC06BA 
  36      0D4888B3 
  36      08
  37 0025 6803E9D4 		.ascii	"h\003\351\324m\357h\350B\010\224\"(\224B\037\210\217"
  37      6DEF68E8 
  37      42089422 
  37      2894421F 
  37      888F
  38 0037 685F812E 		.ascii	"h_\201.\212\205i\351\242\"\032JE\241\2246\205\370\002"
  38      8A8569E9 
  38      A2221A4A 
  38      45A19436 
  38      85F802
  39 004a 17965663 		.ascii	"\027\226Vc\2556=\347\316\306\342\300}\314\341\373\377"
  39      AD363DE7 
  39      CEC6E2C0 
  39      7DCCE1FB 
  39      FF
  40 005b FBDF7335 		.ascii	"\373\337s5\375\377%x\234VD\227x\205&\250\301\267DA\213"
  40      FDFF2578 
  40      9C564497 
  40      788526A8 
  40      C1B74441 
  41 0070 026443A0 		.ascii	"\002dC\240~\205~|U;\012\203a\371a{\362\2211\346\373"
  41      7E857E7C 
  41      553B0A83 
  41      61F9617B 
  41      F29131E6 
  42 0085 50354885 		.ascii	"P5H\205\330g\335\256\212|\360\030Ifv\313\346\276\326"
  42      D867DDAE 
  42      8A7CF018 
  42      496676CB 
  42      E6BED6
  43 0098 6741BC9F 		.ascii	"gA\274\237^}s\030\357\2320\346N\2702i.3\016<\201f\005"
  43      5E7D7318 
  43      EF9A30E6 
  43      4EB83269 
  43      2E330E3C 
  44 00af CE257026 		.ascii	"\316%p&A\\ <E\227\300\263\245\3459\245/X\341\330\353"
  44      415C203C 
  44      4597C0B3 
  44      A5E539A5 
  44      2F58E1D8 
  45 00c4 EDE58ECE 		.ascii	"\355\345\216\3161\026\326\016\346\322a0j\016\233M+\177"
  45      3116D60E 
ARM GAS  C:\Users\Luggi\AppData\Local\Temp\ccuAl9Uy.s 			page 3


  45      E6D26130 
  45      6A0E9B4D 
  45      2B7F
  46 00d6 F6AF3CFA 		.ascii	"\366\257<\372\230\337)\376\375\320\036+r\260\023(\243"
  46      98DF29FE 
  46      FDD01E2B 
  46      72B01328 
  46      A3
  47 00e7 33CA84E7 		.ascii	"3\312\204\347\210\201\027\251L\235\014M\263YYX\374\215"
  47      888117A9 
  47      4C9D0C4D 
  47      B3595958 
  47      FC8D
  48 00f9 56C5C72A 		.ascii	"V\305\307*\276(\227\035\310\351\256\024b2\305e\"\252"
  48      BE28971D 
  48      C8E9AE14 
  48      6232C565 
  48      22AA
  49 010b F390CB7F 		.ascii	"\363\220\313\177\344\037^\365:\226~\336\333|\020\027"
  49      E41F5EF5 
  49      3A967EDE 
  49      DB7C1017 
  50 011b C786924E 		.ascii	"\307\206\222N\314\374y\267\322\361E\355+]\033\017\214"
  50      CCFC79B7 
  50      D2F145ED 
  50      2B5D1B0F 
  50      8C
  51 012c 2319B6EA 		.ascii	"#\031\266\352\325\325\026[\262\221\032\265W\245\266"
  51      D5D5165B 
  51      B2911AB5 
  51      57A5B6
  52 013b 110C0745 		.ascii	"\021\014\007E\316\355\340\005\022\230\004G\306\024F"
  52      CEEDE005 
  52      12980447 
  52      C61446
  53 014a 40EBB8FB 		.ascii	"@\353\270\373k`\003\221\241\216<\347_\256U\265\030`"
  53      6B600391 
  53      A18E3CE7 
  53      5FAE55B5 
  53      1860
  54 015c 8BBB32CD 		.ascii	"\213\2732\315\360{({\011N\312\224\2106\006>}n\215Tn"
  54      F07B287B 
  54      094ECA94 
  54      8836063E 
  54      7D6E8D54 
  55 0171 4339ACFA 		.ascii	"C9\254\372\2666<o\223(\2270\303\"k\275\247\"H8\206\266"
  55      B6363C6F 
  55      93289730 
  55      C3226BBD 
  55      A7224838 
  56 0187 4B3F2A10 		.ascii	"K?*\020\3109E\230\215\240\275X\204\304-%\356KC6\320"
  56      C8394598 
  56      8DA0BD58 
  56      84C42D25 
  56      EE4B4336 
  57 019c B1F041E8 		.ascii	"\261\360A\350\036\217_\341\370,\242M\004\341\201+\274"
  57      1E8F5FE1 
ARM GAS  C:\Users\Luggi\AppData\Local\Temp\ccuAl9Uy.s 			page 4


  57      F82CA24D 
  57      04E1812B 
  57      BC
  58 01ad BC419D1F 		.ascii	"\274A\235\037\222;\305}K^\363z\274B\306\367n\\\357\316"
  58      923BC57D 
  58      4B5EF37A 
  58      BC42C6F7 
  58      6E5CEFCE 
  59 01c1 F715B25E 		.ascii	"\367\025\262^:\325\235\277z1\235\312\373^\217\237\313"
  59      3AD59DBF 
  59      7A319DCA 
  59      FB5E8F9F 
  59      CB
  60 01d2 DFF27CAF 		.ascii	"\337\362|\257p>K\356\355\314\315>\257\255\327\317\370"
  60      703E4BEE 
  60      EDCCCD3E 
  60      AFADD7CF 
  60      F8
  61 01e3 B9EC959C 		.ascii	"\271\354\225\234\337{\004\272\006\322s"
  61      DF7B04BA 
  61      06D273
  62              		.text
  63              		.section	.gnu.lto_Potentiometer_SetDriveMode.53c7a9bb,"",%progbits
  64 0000 789C7D51 		.ascii	"x\234}QMH\002A\024~\337\314\352*RD'\361.RD\235\272\007"
  64      4D480241 
  64      147EDFCC 
  64      EA2A5244 
  64      27F12E52 
  65 0018 415D83AE 		.ascii	"A]\203\256B\204\355\241C-\210\235]\313 :U\247 \202("
  65      4284EDA1 
  65      432D889D 
  65      5DCB203A 
  65      55A72082 
  66 002d 42D3B220 		.ascii	"B\323\262 \"\272\211t\013\212\202\222\204\012\302~\014"
  66      22BA8974 
  66      0B8A8292 
  66      840AC27E 
  66      0C
  67 003e 8CA4A824 		.ascii	"\214\244\250$\302\336\254\035\204\240a\347\315\373\036"
  67      C2DEAC1D 
  67      84A061E7 
  67      CDFB1E
  68 004d DFF7ED9B 		.ascii	"\337\367\355\2337\222\376.\037\357'\020u\362\011I\020"
  68      3792FE2E 
  68      1FEF2710 
  68      75F20949 
  68      10
  69 005e 73C74431 		.ascii	"s\307D1\227\000TB\240\250@\024%Q\021\230\313\246\027"
  69      97005442 
  69      A0A84014 
  69      25511198 
  69      CBA617
  70 0071 3D8175CB 		.ascii	"=\201u\313\262^V\367\275\323\336\252 z\025u\033$\020"
  70      B25E56F7 
  70      BDD3DEAA 
  70      207A1575 
  70      1B2410
ARM GAS  C:\Users\Luggi\AppData\Local\Temp\ccuAl9Uy.s 			page 5


  71 0084 60CA43B5 		.ascii	"`\312C\265\224h\222\355 \316\277\347\363g\302\277fY"
  71      946892ED 
  71      20CEBFE7 
  71      F367C2BF 
  71      6659
  72 0096 93D9938C 		.ascii	"\223\331\223\214\325\203*{&!Y\201\016\037\332|\304\005"
  72      D5832A7B 
  72      26215981 
  72      0E1FDA7C 
  72      C405
  73 00a8 C206FC8A 		.ascii	"\302\006\374\212\\\211\177\347=\3168{\267\324=\221\202"
  73      5C897FE7 
  73      3DCE387B 
  73      B7D43D91 
  73      82
  74 00b9 93DBA2ED 		.ascii	"\223\333\242\355\326\254U\253\275^\315'\273\340\021"
  74      D6AC55AB 
  74      BD5ECD27 
  74      BBE011
  75 00c8 AC119283 		.ascii	"\254\021\222\203\324Tp@\311\235*\325Up\251\340V\034"
  75      D4547040 
  75      C99D2AD5 
  75      5570A9E0 
  75      561C
  76 00da A2226F75 		.ascii	"\242\"ou\203;\006|\312\002r\357\263\367K\232\362\375"
  76      833B067C 
  76      CA0272EF 
  76      B3F74B9A 
  76      F2FD
  77 00ec 10EA3A07 		.ascii	"\020\352:\007\345\324\214\376(\252B\333[\211Y\232\352"
  77      E5D48CFE 
  77      28AA42DB 
  77      5B89599A 
  77      EA
  78 00fd E2A67872 		.ascii	"\342\246xr\352\262K\244\340\305\332\371\255g\031K\261"
  78      EAB24BA4 
  78      E0C5DAF9 
  78      AD67194B 
  78      B1
  79 010e 3837EF40 		.ascii	"87\357@\032>l\202\007\206-,\203\012\230\274\326\353"
  79      1A3E6C82 
  79      07862D2C 
  79      830A98BC 
  79      D6EB
  80 0120 76921D19 		.ascii	"v\222\035\031O}:\353X\343\022\353/\237_\216l;Y\251\375"
  80      4F7D3AEB 
  80      58E312EB 
  80      2F9F5F8E 
  80      6C3B59A9 
  81 0135 2E9E6586 		.ascii	".\236e\206-\032\264\3749\032\265:\227X{\272[>t\330\332"
  81      2D1AB4FC 
  81      391AB53A 
  81      97587BBA 
  81      5B3E74D8 
  82 014a 66C2B62D 		.ascii	"f\302\266-\231z\373\245\270\354?\350\215.n\2562\316"
  82      997AFBA5 
  82      B8EC3FE8 
ARM GAS  C:\Users\Luggi\AppData\Local\Temp\ccuAl9Uy.s 			page 6


  82      8D2E6EAE 
  82      32CE
  83 015c 2D40E1FF 		.ascii	"-@\341\377z\337\341\336\231O\327\210e\277\372\024[\275"
  83      7ADFE1DE 
  83      994FD788 
  83      65BFFA14 
  83      5BBD
  84 016e 5F91DF82 		.ascii	"_\221\337\202\307\304C\013\364\033\343Fx8b\214\014\015"
  84      C7C4430B 
  84      F41BE346 
  84      7838628C 
  84      0C0D
  85 0180 9A13E190 		.ascii	"\232\023\341\220\021\034\0304{\273\203\003f\304\030"
  85      111C1834 
  85      7BBB8303 
  85      66C418
  86 018f 8F8C9A63 		.ascii	"\217\214\232cF\304\010w\206H\0333G\214\037\266\371\273"
  86      46C40877 
  86      86481B33 
  86      478C1FB6 
  86      F9BB
  87 01a1 4C       		.ascii	"L"
  88              		.text
  89              		.section	.gnu.lto_Potentiometer_Read.53c7a9bb,"",%progbits
  90 0000 789C654F 		.ascii	"x\234eO;H\003A\020\235\267\367I \026b%\251\354\216@"
  90      3B480341 
  90      109DB7F7 
  90      49201662 
  90      25A9EC8E 
  91 0015 B0B3D1D2 		.ascii	"\260\263\321\322\3026\222J\010\210\304+,\314A8\353\\"
  91      C236924A 
  91      0888C42B 
  91      2CCC4138 
  91      EB5C
  92 0027 628CA208 		.ascii	"b\214\242\010j\033b!\210\177-\254\022\020\304\332\017"
  92      6A1B6221 
  92      887F2DAC 
  92      1210C4DA 
  92      0F
  93 0038 218512C2 		.ascii	"!\205\022\302\211\020A\301\302`\374\\\241q6g\347\302"
  93      891041C1 
  93      C260FC5C 
  93      A1713667 
  93      E7C2
  94 004a CEECCEBC 		.ascii	"\316\354\316\274\317\214B\377O\230\3578\210\"\234\241"
  94      CF8C42FF 
  94      4F98EF38 
  94      88229CA1 
  95 005a 10C4DA35 		.ascii	"\020\304\3325Q6(\000\371 PF \203g\321\022\270,\377\324"
  95      51362800 
  95      F9205046 
  95      208367D1 
  95      12B82CFF 
  96 006f 606C3B4E 		.ascii	"`l;N\356u\343\254\021Z\350\367\004\321\233 D\303\210"
  96      EE75E3AC 
  96      115AE8F7 
  96      04D19B20 
ARM GAS  C:\Users\Luggi\AppData\Local\Temp\ccuAl9Uy.s 			page 7


  96      44C388
  97 0082 481DECC0 		.ascii	"H\035\354\300 \006\266\362\337\267!=\3578N\257\354s"
  97      2006B6F2 
  97      DFB7213D 
  97      EF384EAF 
  97      EC73
  98 0094 63173A7B 		.ascii	"c\027:{\320I\337\271\323\351\234\276\257/\215 \000\362"
  98      D049DFB9 
  98      D3E99CBE 
  98      AF2F8D20 
  98      00F2
  99 00a6 043B7250 		.ascii	"\004;rP9\010M\006\235\244&59H\373G!dV\352\270\370Xv"
  99      39084D06 
  99      9DA42635 
  99      3948FB47 
  99      216456EA 
 100 00be 3787A5CE 		.ascii	"7\207\245\316\247P\330\242QY)\004\237\204'\224\207\255"
 100      A750D8A2 
 100      51592904 
 100      9F842794 
 100      87AD
 101 00d0 ACA34AD7 		.ascii	"\254\243J\327\373\346M\325/Qw\210\352\352D\011\305l"
 101      FBE64DD5 
 101      2F517788 
 101      EAEA4409 
 101      C56C
 102 00e2 1E9E50B1 		.ascii	"\036\236P\261\2070\366\301C\342\000%P\035\363_\205\266"
 102      8730F6C1 
 102      43E20025 
 102      501DF35F 
 102      85B6
 103 00f4 E2EBC197 		.ascii	"\342\353\301\227,\037\267\257B\222\217\001\302!c\353"
 103      2C1FB7AF 
 103      42928F01 
 103      C22163EB 
 104 0104 C8B9011F 		.ascii	"\310\271\001\037\2422J\222\334BS\367+\032\027\231\364"
 104      A2324A92 
 104      DC4253F7 
 104      2B1A1799 
 104      F4
 105 0115 522B567A 		.ascii	"R+Vz$I\323\010G>\351n1\352c$\214\\\340\357\327]\014"
 105      2449D308 
 105      473EE96E 
 105      31EA6324 
 105      8C5CE0EF 
 106 012c 72215ECF 		.ascii	"r!^\317\0303Sfz\3126\247'\343\326\\:i&bqkt(\021\263"
 106      18335366 
 106      7ACA36A7 
 106      27E3D65C 
 106      3A692662 
 107 0146 6C3365CF 		.ascii	"l3e\317X\263\246m\246\007\223\364\013]#\203M"
 107      58B3A66D 
 107      A60793F4 
 107      0B5D2383 
 107      4D
 108              		.text
 109              		.section	.gnu.lto_Potentiometer_ReadDataReg.53c7a9bb,"",%progbits
ARM GAS  C:\Users\Luggi\AppData\Local\Temp\ccuAl9Uy.s 			page 8


 110 0000 789C654F 		.ascii	"x\234eO=HBQ\024>\337y\317\247dC4\205S\233\030\322\326"
 110      3D484251 
 110      143EDF79 
 110      CFA76443 
 110      3485539B 
 111 0017 D2DAD02A 		.ascii	"\322\332\320*\271\012\021\366\206\206\024\304f\237f"
 111      B90A11F6 
 111      868614C4 
 111      669F66
 112 0026 164110AD 		.ascii	"\026A\020\255\342\022D\377E4\331\024M\005\225\224A!"
 112      E21244FF 
 112      4534D914 
 112      4D059594 
 112      4121
 113 0038 610E0605 		.ascii	"a\016\006\005\015I\222=(\355\\_[\027\356w\356=\347;"
 113      0D49923D 
 113      28ED5C5F 
 113      5B17EE77 
 113      EE3DE73B 
 114 004c DF778E46 		.ascii	"\337w\216F\377\217O\356\004\210\002\022\241\021x\365"
 114      FF8F4FEE 
 114      04880212 
 114      A11178F5 
 115 005c 9A28ED61 		.ascii	"\232(\355a@=\010\224b\244\360\312\015\306e\261]\206"
 115      403D0894 
 115      62A4F0CA 
 115      0DC665B1 
 115      5D86
 116 006e 7FC3B232 		.ascii	"\177\303\2622\357\267\345G\357\302\200\315D\037L\010"
 116      EFB7E547 
 116      EFC280CD 
 116      441F4C08 
 117 007e FA10503A 		.ascii	"\372\020P:\330\204\237\204\330\310\376\334{\215\254"
 117      D8849F84 
 117      D8C8FEDC 
 117      7B8DAC
 118 008d 65597DAA 		.ascii	"eY}\252.\205-\030\342A\207\375\247V\247s\\Z[\032b7\310"
 118      2E852D18 
 118      E24187FD 
 118      A756A773 
 118      5C5A5B1A 
 119 00a4 667114D0 		.ascii	"fq\024\320\005\330\245\300 \245Iu\001e\377\314\254\242"
 119      05D8A5C0 
 119      20A54975 
 119      0165FFCC 
 119      ACA2
 120 00b6 56C1D9E7 		.ascii	"V\301\331\347r{{T\351\264X\023\213\243\357\273\363\336"
 120      727B7B54 
 120      E9B45813 
 120      8BA3EFBB 
 120      F3DE
 121 00c8 17B659AB 		.ascii	"\027\266Y\253\255\247-]\271>\325K7\236n\212\324\267"
 121      ADA72D5D 
 121      B93ED54B 
 121      379E6E8A 
 121      D4B7
 122 00da 55BB58E9 		.ascii	"U\273X\351) \237\316\302f\035\333\360a\0072%vQ\000U"
ARM GAS  C:\Users\Luggi\AppData\Local\Temp\ccuAl9Uy.s 			page 9


 122      29209FCE 
 122      C2661DDB 
 122      F0610732 
 122      25765100 
 123 00ef 30FF956B 		.ascii	"0\377\225kj\216 \034\315\342A\363\312\253\0040H\330"
 123      6A8E201C 
 123      CDE241F3 
 123      CAAB0430 
 123      48D8
 124 0101 136E0599 		.ascii	"\023n\005\231\252\333\241\350\302RM\325\\\335p2.IJ\323"
 124      AADBA1E8 
 124      C2524DD5 
 124      5CDD7032 
 124      2E494AD3 
 125 0115 5B397FD2 		.ascii	"[9\177\322\035\304\345\"\354;M\017\213A\207\243hT\005"
 125      1DC4E522 
 125      EC3B4D0F 
 125      8B4187A3 
 125      685405
 126 0128 FE7EDDCD 		.ascii	"\376~\335\315\2406\222\375\374\343f\314LL%\315\351\311"
 126      A03692FD 
 126      FCE366CC 
 126      4C4C25CD 
 126      E9C9
 127 013a 707C2E11 		.ascii	"p|.\0215#\241p|l$\022\212'\315Xr&>k&\315\304p\224~\001"
 127      3523A170 
 127      7C6C2412 
 127      8A27CD58 
 127      72263E6B 
 128 0155 0C3484CE 		.ascii	"\0144\204\316"
 129              		.text
 130              		.section	.gnu.lto_.symbol_nodes.53c7a9bb,"",%progbits
 131 0000 789C6366 		.ascii	"x\234cf``pb\200\002&\206z\006\206\011\347\030\030\352"
 131      60607062 
 131      80022686 
 131      7A068609 
 131      E71818EA 
 132 0014 EB19A62D 		.ascii	"\353\031\246-\340``b\254gD\3413\3253\241\360\231\353"
 132      E0606062 
 132      AC6744E1 
 132      33D533A1 
 132      F099EB
 133 0027 9991F90C 		.ascii	"\231\221\371\014\0000N\020\276"
 133      00304E10 
 133      BE
 134              		.text
 135              		.section	.gnu.lto_.refs.53c7a9bb,"",%progbits
 136 0000 789C6366 		.ascii	"x\234cf```d\200\002\000\000=\000\005"
 136      60606064 
 136      80020000 
 136      3D0005
 137              		.text
 138              		.section	.gnu.lto_.decls.53c7a9bb,"",%progbits
 139 0000 789C8D92 		.ascii	"x\234\215\222_H\323Q\024\307\357\371\335\237S\177-\211"
 139      5F48D351 
 139      14C7EFF9 
 139      DD9F537F 
ARM GAS  C:\Users\Luggi\AppData\Local\Temp\ccuAl9Uy.s 			page 10


 139      2D89
 140 0012 02AD11B4 		.ascii	"\002\255\021\264^\214@\204\036\002\337\012\024\224\240"
 140      5E8C4084 
 140      1E02DF0A 
 140      1494A0
 141 0021 184AF4A0 		.ascii	"\030J\364\240 C/\266\007]\254\237\201O\335\246\341\262"
 141      20432FB6 
 141      075DAC9F 
 141      814FDDA6 
 141      E1B2
 142 0033 3F0E29B2 		.ascii	"?\016)\262B\033\250Y\2266u:\2476\267\207@\260\202`\010"
 142      421BA859 
 142      9636753A 
 142      A736B787 
 142      40B08260 
 143 0048 F687FCF3 		.ascii	"\366\207\374\363b/1\251\304 \372u\357\375m\355\347\232"
 143      622F31A9 
 143      C420FA75 
 143      EFFD6DED 
 143      E79A
 144 005a E085B3DD 		.ascii	"\340\205\263\335s\177\347\363=\347\236{0B\310\012\010"
 144      737FE7F3 
 144      3DE79E7B 
 144      3042C80A 
 144      08
 145 006b 696C9562 		.ascii	"il\225b\204B\314\317bfC\251%3\033c\026`\026DzL\372\032"
 145      8442CCCF 
 145      626643A9 
 145      25331B63 
 145      16601644 
 146 0083 3370C3CC 		.ascii	"3p\303\314\362\231\205\231\315&\276C\"&}qMS\032\027"
 146      F2998599 
 146      CD26BE43 
 146      22267D71 
 146      4D531A17 
 147 0097 CDC00632 		.ascii	"\315\300\0062\260\301\004\233\344*\014\334\031\003\033"
 147      B0C1049B 
 147      E42A0CDC 
 147      19031B
 148 00a6 CCC08676 		.ascii	"\314\300\206v\311f\272\353\206\004\241\221\037o\367"
 148      C966BAEB 
 148      8604A191 
 148      1F6FF7
 149 00b5 AC4B90A7 		.ascii	"\254K\220\247X\271;\3355\337mb\256Y\221\271\2738\327"
 149      58B93BDD 
 149      35DF6D62 
 149      AE5991B9 
 149      BB38D7
 150 00c8 DE9E8325 		.ascii	"\336\236\203%\340\373\276\356\225\230R4D)\365\320H\004"
 150      E0FBBEEE 
 150      95985234 
 150      4429F5D0 
 150      4804
 151 00da 5212D79E 		.ascii	"R\022\327\236\314\334\312fL\276\"\334;\013\017\243X"
 151      CCDCCA66 
 151      4CBE22DC 
 151      3B0B0FA3 
ARM GAS  C:\Users\Luggi\AppData\Local\Temp\ccuAl9Uy.s 			page 11


 151      58
 152 00eb B81AE7A4 		.ascii	"\270\032\347\244\245\245\273\2770(\205\036J\3354\336"
 152      A5A5BBBF 
 152      3028851E 
 152      4ADD34DE 
 153 00fb 45F14104 		.ascii	"E\361A\004E\0268nA0\002\205,\014\206\240\010\301s\260"
 153      4516386E 
 153      41300285 
 153      2C0C86A0 
 153      08C173B0 
 154 010f C00BB0A0 		.ascii	"\300\013\260\240~\226 \3768\366\3410\2452\014\203\002"
 154      7E9620FE 
 154      38F6E130 
 154      A5320C83 
 154      02
 155 0120 CF008B08 		.ascii	"\317\000\213\010v\015\236!\221\324{=\352\225e\211\035"
 155      760D9E21 
 155      91D47B3D 
 155      EA956589 
 155      1D
 156 0131 F2986A51 		.ascii	"\362\230jQ\355Ome@*\270\307\004\250\267\225\356\223"
 156      ED4F6D65 
 156      402AB8C7 
 156      04A8B795 
 156      EE93
 157 0143 C1960F83 		.ascii	"\301\226\017\203L\366)\223E\340\207\002\366\373\022"
 157      4CF62993 
 157      45E08702 
 157      F6FB12
 158 0152 645D6063 		.ascii	"d]`cV\373\222\213O\210\253\015.\006?)\326^\352\363\307"
 158      56FB928B 
 158      4F88AB0D 
 158      2E063F29 
 158      D65EEAF3 
 159 0167 6FF7F5E2 		.ascii	"o\367\365\342\007\324\347\246\1774V>\207`\364_\001\210"
 159      07D4E7A6 
 159      7F34563E 
 159      8760F45F 
 159      0188
 160 0179 EFF58E8E 		.ascii	"\357\365\216\216\201\225w/\020\246y\270Q\210|[\015t"
 160      8195772F 
 160      10A679B8 
 160      51887C5B 
 160      0D74
 161 018b 6121E29B 		.ascii	"a!\342\233\3563\315\323\210\246\235\022\374\270\201"
 161      EE33CDD3 
 161      88A69D12 
 161      FCB881
 162 019a 1F4FF201 		.ascii	"\037O\362\001\301\337h\363cc\301\374.\251\212'D\305"
 162      C1DF68F3 
 162      6363C1FC 
 162      2EA98A27 
 162      44C5
 163 01ac D58982A3 		.ascii	"\325\211\202\243\253\313q\005{@$\353\214\275\3561\213"
 163      ABCB7105 
 163      7B4024EB 
 163      8CBDEE31 
ARM GAS  C:\Users\Luggi\AppData\Local\Temp\ccuAl9Uy.s 			page 12


 163      8B
 164 01bd 64CB5FD7 		.ascii	"d\313_\327H\244\215\376\3264,\010\2304\244\233L\246"
 164      48A48DFE 
 164      D6342C08 
 164      9834A49B 
 164      4CA6
 165 01cf 0B8A74FE 		.ascii	"\013\212t\376M\337w\023~\244K\274\361~\036M\324\333"
 165      4DDF7713 
 165      7EA44BBC 
 165      F17E1E4D 
 165      D4DB
 166 01e1 3390AC97 		.ascii	"3\220\254\227\013L\031\004\246\222\002!!@\357\337\354"
 166      0B4C1904 
 166      A6920221 
 166      2140EFDF 
 166      EC
 167 01f2 CFC113BA 		.ascii	"\317\301\023\272\300\304fGh\257\302\236\265u\027\317"
 167      C0C46647 
 167      68AFC29E 
 167      B57517CF 
 168 0202 CA0621F6 		.ascii	"\312\006!\366\256c1W\037\204t\342\325\216\203\260\265"
 168      AE633157 
 168      1F8474E2 
 168      D58E83B0 
 168      B5
 169 0213 56D1464F 		.ascii	"V\321FO\303,k\314tj\020f 5\011\261\005\367Gl\356\340"
 169      C32C6BCC 
 169      746A1066 
 169      203509B1 
 169      05F7476C 
 170 0229 D3C59A98 		.ascii	"\323\305\232\230[!bSM\014\203Y\\\200\375oHx\344\375"
 170      5B216253 
 170      4D0C8359 
 170      5C80FD6F 
 170      4878E4FD 
 171 023d 5CAF0416 		.ascii	"\\\257\004\026\213\322\315\246x\353\010D\231\020\337"
 171      8BD2CDA6 
 171      78EB0844 
 171      9910DF
 172 024c 46D635ED 		.ascii	"F\3265\355\252\246\257\316lq\354\341\317\022w\033\312"
 172      AAA6AFCE 
 172      6C71ECE1 
 172      CF12771B 
 172      CA
 173 025d 44E21C41 		.ascii	"D\342\034A\204\211\3171q\341f5;\232\324\022S\371\271"
 173      8489CF31 
 173      71E16635 
 173      3B9AD412 
 173      53F9B9
 174 0270 F3D65274 		.ascii	"\363\326Rt\264\2344\021\227]%\365\265U\316fW\035\251"
 174      B49C3411 
 174      975D25F5 
 174      B555CE66 
 174      571DA9
 175 0283 B155394B 		.ascii	"\261U9KO\326\324\265\250-\227\310\345\342\213\350\200"
 175      4FD6D4B5 
 175      A82D97C8 
ARM GAS  C:\Users\Luggi\AppData\Local\Temp\ccuAl9Uy.s 			page 13


 175      E5E28BE8 
 175      80
 176 0294 CDA99226 		.ascii	"\315\251\222&\325\341l$*q\325^p9Trl\007j[hq\035\262"
 176      D5E16C24 
 176      2A71D55E 
 176      70395472 
 176      6C076A5B 
 177 02ac 6C67AB88 		.ascii	"lg\253\210Z\346r\\!g\235\365d\377\366O\225\304^\177"
 177      5AE6725C 
 177      21679DF5 
 177      64FFF64F 
 177      95C45E7F 
 178 02c0 E8FFA332 		.ascii	"\350\377\2432\273j\257$\015\262\2134\224\374\005\240"
 178      BB6AAF24 
 178      0DB28B34 
 178      94FC05A0 
 179 02d0 F15B2D   		.ascii	"\361[-"
 180              		.text
 181              		.section	.gnu.lto_.symtab.53c7a9bb,"",%progbits
 182 0000 506F7465 		.ascii	"Potentiometer_Write\000\000\000\000\000\000\000\000"
 182      6E74696F 
 182      6D657465 
 182      725F5772 
 182      69746500 
 183 001b 00000000 		.ascii	"\000\000\000\000\262\000\000\000Potentiometer_SetDr"
 183      B2000000 
 183      506F7465 
 183      6E74696F 
 183      6D657465 
 184 0036 6976654D 		.ascii	"iveMode\000\000\000\000\000\000\000\000\000\000\000"
 184      6F646500 
 184      00000000 
 184      00000000 
 184      0000
 185 0048 00B40000 		.ascii	"\000\264\000\000\000Potentiometer_Read\000\000\000\000"
 185      00506F74 
 185      656E7469 
 185      6F6D6574 
 185      65725F52 
 186 0063 00000000 		.ascii	"\000\000\000\000\000\000\000\000\267\000\000\000Pot"
 186      00000000 
 186      B7000000 
 186      506F74
 187 0072 656E7469 		.ascii	"entiometer_ReadDataReg\000\000\000\000\000\000\000\000"
 187      6F6D6574 
 187      65725F52 
 187      65616444 
 187      61746152 
 188 0090 00000000 		.ascii	"\000\000\000\000\271\000\000\000"
 188      B9000000 
 189              		.text
 190              		.section	.gnu.lto_.opts,"",%progbits
 191 0000 272D666E 		.ascii	"'-fno-trapv' '-fno-strict-overflow' '-mcpu=cortex-m"
 191      6F2D7472 
 191      61707627 
 191      20272D66 
 191      6E6F2D73 
ARM GAS  C:\Users\Luggi\AppData\Local\Temp\ccuAl9Uy.s 			page 14


 192 0033 33272027 		.ascii	"3' '-mthumb' '-g' '-Og' '-ffunction-sections' '-flt"
 192      2D6D7468 
 192      756D6227 
 192      20272D67 
 192      2720272D 
 193 0066 6F272027 		.ascii	"o' '-ffat-lto-objects'\000"
 193      2D666661 
 193      742D6C74 
 193      6F2D6F62 
 193      6A656374 
 194              		.text
 195              		.cfi_sections	.debug_frame
 196              		.section	.text.Potentiometer_Write,"ax",%progbits
 197              		.align	2
 198              		.global	Potentiometer_Write
 199              		.thumb
 200              		.thumb_func
 201              		.type	Potentiometer_Write, %function
 202              	Potentiometer_Write:
 203              	.LFB0:
 204              		.file 1 "Generated_Source\\PSoC5\\Potentiometer.c"
   1:Generated_Source\PSoC5/Potentiometer.c **** /*******************************************************************************
   2:Generated_Source\PSoC5/Potentiometer.c **** * File Name: Potentiometer.c  
   3:Generated_Source\PSoC5/Potentiometer.c **** * Version 2.20
   4:Generated_Source\PSoC5/Potentiometer.c **** *
   5:Generated_Source\PSoC5/Potentiometer.c **** * Description:
   6:Generated_Source\PSoC5/Potentiometer.c **** *  This file contains API to enable firmware control of a Pins component.
   7:Generated_Source\PSoC5/Potentiometer.c **** *
   8:Generated_Source\PSoC5/Potentiometer.c **** * Note:
   9:Generated_Source\PSoC5/Potentiometer.c **** *
  10:Generated_Source\PSoC5/Potentiometer.c **** ********************************************************************************
  11:Generated_Source\PSoC5/Potentiometer.c **** * Copyright 2008-2015, Cypress Semiconductor Corporation.  All rights reserved.
  12:Generated_Source\PSoC5/Potentiometer.c **** * You may use this file only in accordance with the license, terms, conditions, 
  13:Generated_Source\PSoC5/Potentiometer.c **** * disclaimers, and limitations in the end user license agreement accompanying 
  14:Generated_Source\PSoC5/Potentiometer.c **** * the software package with which this file was provided.
  15:Generated_Source\PSoC5/Potentiometer.c **** *******************************************************************************/
  16:Generated_Source\PSoC5/Potentiometer.c **** 
  17:Generated_Source\PSoC5/Potentiometer.c **** #include "cytypes.h"
  18:Generated_Source\PSoC5/Potentiometer.c **** #include "Potentiometer.h"
  19:Generated_Source\PSoC5/Potentiometer.c **** 
  20:Generated_Source\PSoC5/Potentiometer.c **** /* APIs are not generated for P15[7:6] on PSoC 5 */
  21:Generated_Source\PSoC5/Potentiometer.c **** #if !(CY_PSOC5A &&\
  22:Generated_Source\PSoC5/Potentiometer.c **** 	 Potentiometer__PORT == 15 && ((Potentiometer__MASK & 0xC0) != 0))
  23:Generated_Source\PSoC5/Potentiometer.c **** 
  24:Generated_Source\PSoC5/Potentiometer.c **** 
  25:Generated_Source\PSoC5/Potentiometer.c **** /*******************************************************************************
  26:Generated_Source\PSoC5/Potentiometer.c **** * Function Name: Potentiometer_Write
  27:Generated_Source\PSoC5/Potentiometer.c **** ****************************************************************************//**
  28:Generated_Source\PSoC5/Potentiometer.c **** *
  29:Generated_Source\PSoC5/Potentiometer.c **** * \brief Writes the value to the physical port (data output register), masking
  30:Generated_Source\PSoC5/Potentiometer.c **** *  and shifting the bits appropriately. 
  31:Generated_Source\PSoC5/Potentiometer.c **** *
  32:Generated_Source\PSoC5/Potentiometer.c **** * The data output register controls the signal applied to the physical pin in 
  33:Generated_Source\PSoC5/Potentiometer.c **** * conjunction with the drive mode parameter. This function avoids changing 
  34:Generated_Source\PSoC5/Potentiometer.c **** * other bits in the port by using the appropriate method (read-modify-write or
  35:Generated_Source\PSoC5/Potentiometer.c **** * bit banding).
  36:Generated_Source\PSoC5/Potentiometer.c **** *
ARM GAS  C:\Users\Luggi\AppData\Local\Temp\ccuAl9Uy.s 			page 15


  37:Generated_Source\PSoC5/Potentiometer.c **** * <b>Note</b> This function should not be used on a hardware digital output pin 
  38:Generated_Source\PSoC5/Potentiometer.c **** * as it is driven by the hardware signal attached to it.
  39:Generated_Source\PSoC5/Potentiometer.c **** *
  40:Generated_Source\PSoC5/Potentiometer.c **** * \param value
  41:Generated_Source\PSoC5/Potentiometer.c **** *  Value to write to the component instance.
  42:Generated_Source\PSoC5/Potentiometer.c **** *
  43:Generated_Source\PSoC5/Potentiometer.c **** * \return 
  44:Generated_Source\PSoC5/Potentiometer.c **** *  None 
  45:Generated_Source\PSoC5/Potentiometer.c **** *
  46:Generated_Source\PSoC5/Potentiometer.c **** * \sideeffect
  47:Generated_Source\PSoC5/Potentiometer.c **** *  If you use read-modify-write operations that are not atomic; the Interrupt 
  48:Generated_Source\PSoC5/Potentiometer.c **** *  Service Routines (ISR) can cause corruption of this function. An ISR that 
  49:Generated_Source\PSoC5/Potentiometer.c **** *  interrupts this function and performs writes to the Pins component data 
  50:Generated_Source\PSoC5/Potentiometer.c **** *  register can cause corrupted port data. To avoid this issue, you should 
  51:Generated_Source\PSoC5/Potentiometer.c **** *  either use the Per-Pin APIs (primary method) or disable interrupts around 
  52:Generated_Source\PSoC5/Potentiometer.c **** *  this function.
  53:Generated_Source\PSoC5/Potentiometer.c **** *
  54:Generated_Source\PSoC5/Potentiometer.c **** * \funcusage
  55:Generated_Source\PSoC5/Potentiometer.c **** *  \snippet Potentiometer_SUT.c usage_Potentiometer_Write
  56:Generated_Source\PSoC5/Potentiometer.c **** *******************************************************************************/
  57:Generated_Source\PSoC5/Potentiometer.c **** void Potentiometer_Write(uint8 value)
  58:Generated_Source\PSoC5/Potentiometer.c **** {
 205              		.loc 1 58 0
 206              		.cfi_startproc
 207              		@ args = 0, pretend = 0, frame = 0
 208              		@ frame_needed = 0, uses_anonymous_args = 0
 209              		@ link register save eliminated.
 210              	.LVL0:
  59:Generated_Source\PSoC5/Potentiometer.c ****     uint8 staticBits = (Potentiometer_DR & (uint8)(~Potentiometer_MASK));
 211              		.loc 1 59 0
 212 0000 044A     		ldr	r2, .L2
 213 0002 1378     		ldrb	r3, [r2]	@ zero_extendqisi2
 214 0004 03F0DF03 		and	r3, r3, #223
 215              	.LVL1:
  60:Generated_Source\PSoC5/Potentiometer.c ****     Potentiometer_DR = staticBits | ((uint8)(value << Potentiometer_SHIFT) & Potentiometer_MASK);
 216              		.loc 1 60 0
 217 0008 4001     		lsls	r0, r0, #5
 218              	.LVL2:
 219 000a 00F02000 		and	r0, r0, #32
 220 000e 1843     		orrs	r0, r0, r3
 221 0010 1070     		strb	r0, [r2]
 222 0012 7047     		bx	lr
 223              	.L3:
 224              		.align	2
 225              	.L2:
 226 0014 60510040 		.word	1073762656
 227              		.cfi_endproc
 228              	.LFE0:
 229              		.size	Potentiometer_Write, .-Potentiometer_Write
 230              		.section	.text.Potentiometer_SetDriveMode,"ax",%progbits
 231              		.align	2
 232              		.global	Potentiometer_SetDriveMode
 233              		.thumb
 234              		.thumb_func
 235              		.type	Potentiometer_SetDriveMode, %function
 236              	Potentiometer_SetDriveMode:
 237              	.LFB1:
ARM GAS  C:\Users\Luggi\AppData\Local\Temp\ccuAl9Uy.s 			page 16


  61:Generated_Source\PSoC5/Potentiometer.c **** }
  62:Generated_Source\PSoC5/Potentiometer.c **** 
  63:Generated_Source\PSoC5/Potentiometer.c **** 
  64:Generated_Source\PSoC5/Potentiometer.c **** /*******************************************************************************
  65:Generated_Source\PSoC5/Potentiometer.c **** * Function Name: Potentiometer_SetDriveMode
  66:Generated_Source\PSoC5/Potentiometer.c **** ****************************************************************************//**
  67:Generated_Source\PSoC5/Potentiometer.c **** *
  68:Generated_Source\PSoC5/Potentiometer.c **** * \brief Sets the drive mode for each of the Pins component's pins.
  69:Generated_Source\PSoC5/Potentiometer.c **** * 
  70:Generated_Source\PSoC5/Potentiometer.c **** * <b>Note</b> This affects all pins in the Pins component instance. Use the
  71:Generated_Source\PSoC5/Potentiometer.c **** * Per-Pin APIs if you wish to control individual pin's drive modes.
  72:Generated_Source\PSoC5/Potentiometer.c **** *
  73:Generated_Source\PSoC5/Potentiometer.c **** * \param mode
  74:Generated_Source\PSoC5/Potentiometer.c **** *  Mode for the selected signals. Valid options are documented in 
  75:Generated_Source\PSoC5/Potentiometer.c **** *  \ref driveMode.
  76:Generated_Source\PSoC5/Potentiometer.c **** *
  77:Generated_Source\PSoC5/Potentiometer.c **** * \return
  78:Generated_Source\PSoC5/Potentiometer.c **** *  None
  79:Generated_Source\PSoC5/Potentiometer.c **** *
  80:Generated_Source\PSoC5/Potentiometer.c **** * \sideeffect
  81:Generated_Source\PSoC5/Potentiometer.c **** *  If you use read-modify-write operations that are not atomic, the ISR can
  82:Generated_Source\PSoC5/Potentiometer.c **** *  cause corruption of this function. An ISR that interrupts this function 
  83:Generated_Source\PSoC5/Potentiometer.c **** *  and performs writes to the Pins component Drive Mode registers can cause 
  84:Generated_Source\PSoC5/Potentiometer.c **** *  corrupted port data. To avoid this issue, you should either use the Per-Pin
  85:Generated_Source\PSoC5/Potentiometer.c **** *  APIs (primary method) or disable interrupts around this function.
  86:Generated_Source\PSoC5/Potentiometer.c **** *
  87:Generated_Source\PSoC5/Potentiometer.c **** * \funcusage
  88:Generated_Source\PSoC5/Potentiometer.c **** *  \snippet Potentiometer_SUT.c usage_Potentiometer_SetDriveMode
  89:Generated_Source\PSoC5/Potentiometer.c **** *******************************************************************************/
  90:Generated_Source\PSoC5/Potentiometer.c **** void Potentiometer_SetDriveMode(uint8 mode)
  91:Generated_Source\PSoC5/Potentiometer.c **** {
 238              		.loc 1 91 0
 239              		.cfi_startproc
 240              		@ args = 0, pretend = 0, frame = 0
 241              		@ frame_needed = 0, uses_anonymous_args = 0
 242              		@ link register save eliminated.
 243              	.LVL3:
  92:Generated_Source\PSoC5/Potentiometer.c **** 	CyPins_SetPinDriveMode(Potentiometer_0, mode);
 244              		.loc 1 92 0
 245 0000 044A     		ldr	r2, .L5
 246 0002 1378     		ldrb	r3, [r2]	@ zero_extendqisi2
 247 0004 03F0F103 		and	r3, r3, #241
 248 0008 00F00E00 		and	r0, r0, #14
 249              	.LVL4:
 250 000c 1843     		orrs	r0, r0, r3
 251 000e 1070     		strb	r0, [r2]
 252 0010 7047     		bx	lr
 253              	.L6:
 254 0012 00BF     		.align	2
 255              	.L5:
 256 0014 35500040 		.word	1073762357
 257              		.cfi_endproc
 258              	.LFE1:
 259              		.size	Potentiometer_SetDriveMode, .-Potentiometer_SetDriveMode
 260              		.section	.text.Potentiometer_Read,"ax",%progbits
 261              		.align	2
 262              		.global	Potentiometer_Read
ARM GAS  C:\Users\Luggi\AppData\Local\Temp\ccuAl9Uy.s 			page 17


 263              		.thumb
 264              		.thumb_func
 265              		.type	Potentiometer_Read, %function
 266              	Potentiometer_Read:
 267              	.LFB2:
  93:Generated_Source\PSoC5/Potentiometer.c **** }
  94:Generated_Source\PSoC5/Potentiometer.c **** 
  95:Generated_Source\PSoC5/Potentiometer.c **** 
  96:Generated_Source\PSoC5/Potentiometer.c **** /*******************************************************************************
  97:Generated_Source\PSoC5/Potentiometer.c **** * Function Name: Potentiometer_Read
  98:Generated_Source\PSoC5/Potentiometer.c **** ****************************************************************************//**
  99:Generated_Source\PSoC5/Potentiometer.c **** *
 100:Generated_Source\PSoC5/Potentiometer.c **** * \brief Reads the associated physical port (pin status register) and masks 
 101:Generated_Source\PSoC5/Potentiometer.c **** *  the required bits according to the width and bit position of the component
 102:Generated_Source\PSoC5/Potentiometer.c **** *  instance. 
 103:Generated_Source\PSoC5/Potentiometer.c **** *
 104:Generated_Source\PSoC5/Potentiometer.c **** * The pin's status register returns the current logic level present on the 
 105:Generated_Source\PSoC5/Potentiometer.c **** * physical pin.
 106:Generated_Source\PSoC5/Potentiometer.c **** *
 107:Generated_Source\PSoC5/Potentiometer.c **** * \return 
 108:Generated_Source\PSoC5/Potentiometer.c **** *  The current value for the pins in the component as a right justified number.
 109:Generated_Source\PSoC5/Potentiometer.c **** *
 110:Generated_Source\PSoC5/Potentiometer.c **** * \funcusage
 111:Generated_Source\PSoC5/Potentiometer.c **** *  \snippet Potentiometer_SUT.c usage_Potentiometer_Read  
 112:Generated_Source\PSoC5/Potentiometer.c **** *******************************************************************************/
 113:Generated_Source\PSoC5/Potentiometer.c **** uint8 Potentiometer_Read(void)
 114:Generated_Source\PSoC5/Potentiometer.c **** {
 268              		.loc 1 114 0
 269              		.cfi_startproc
 270              		@ args = 0, pretend = 0, frame = 0
 271              		@ frame_needed = 0, uses_anonymous_args = 0
 272              		@ link register save eliminated.
 115:Generated_Source\PSoC5/Potentiometer.c ****     return (Potentiometer_PS & Potentiometer_MASK) >> Potentiometer_SHIFT;
 273              		.loc 1 115 0
 274 0000 024B     		ldr	r3, .L8
 275 0002 1878     		ldrb	r0, [r3]	@ zero_extendqisi2
 116:Generated_Source\PSoC5/Potentiometer.c **** }
 276              		.loc 1 116 0
 277 0004 C0F34010 		ubfx	r0, r0, #5, #1
 278 0008 7047     		bx	lr
 279              	.L9:
 280 000a 00BF     		.align	2
 281              	.L8:
 282 000c 61510040 		.word	1073762657
 283              		.cfi_endproc
 284              	.LFE2:
 285              		.size	Potentiometer_Read, .-Potentiometer_Read
 286              		.section	.text.Potentiometer_ReadDataReg,"ax",%progbits
 287              		.align	2
 288              		.global	Potentiometer_ReadDataReg
 289              		.thumb
 290              		.thumb_func
 291              		.type	Potentiometer_ReadDataReg, %function
 292              	Potentiometer_ReadDataReg:
 293              	.LFB3:
 117:Generated_Source\PSoC5/Potentiometer.c **** 
 118:Generated_Source\PSoC5/Potentiometer.c **** 
ARM GAS  C:\Users\Luggi\AppData\Local\Temp\ccuAl9Uy.s 			page 18


 119:Generated_Source\PSoC5/Potentiometer.c **** /*******************************************************************************
 120:Generated_Source\PSoC5/Potentiometer.c **** * Function Name: Potentiometer_ReadDataReg
 121:Generated_Source\PSoC5/Potentiometer.c **** ****************************************************************************//**
 122:Generated_Source\PSoC5/Potentiometer.c **** *
 123:Generated_Source\PSoC5/Potentiometer.c **** * \brief Reads the associated physical port's data output register and masks 
 124:Generated_Source\PSoC5/Potentiometer.c **** *  the correct bits according to the width and bit position of the component 
 125:Generated_Source\PSoC5/Potentiometer.c **** *  instance. 
 126:Generated_Source\PSoC5/Potentiometer.c **** *
 127:Generated_Source\PSoC5/Potentiometer.c **** * The data output register controls the signal applied to the physical pin in 
 128:Generated_Source\PSoC5/Potentiometer.c **** * conjunction with the drive mode parameter. This is not the same as the 
 129:Generated_Source\PSoC5/Potentiometer.c **** * preferred Potentiometer_Read() API because the 
 130:Generated_Source\PSoC5/Potentiometer.c **** * Potentiometer_ReadDataReg() reads the data register instead of the status 
 131:Generated_Source\PSoC5/Potentiometer.c **** * register. For output pins this is a useful function to determine the value 
 132:Generated_Source\PSoC5/Potentiometer.c **** * just written to the pin.
 133:Generated_Source\PSoC5/Potentiometer.c **** *
 134:Generated_Source\PSoC5/Potentiometer.c **** * \return 
 135:Generated_Source\PSoC5/Potentiometer.c **** *  The current value of the data register masked and shifted into a right 
 136:Generated_Source\PSoC5/Potentiometer.c **** *  justified number for the component instance.
 137:Generated_Source\PSoC5/Potentiometer.c **** *
 138:Generated_Source\PSoC5/Potentiometer.c **** * \funcusage
 139:Generated_Source\PSoC5/Potentiometer.c **** *  \snippet Potentiometer_SUT.c usage_Potentiometer_ReadDataReg 
 140:Generated_Source\PSoC5/Potentiometer.c **** *******************************************************************************/
 141:Generated_Source\PSoC5/Potentiometer.c **** uint8 Potentiometer_ReadDataReg(void)
 142:Generated_Source\PSoC5/Potentiometer.c **** {
 294              		.loc 1 142 0
 295              		.cfi_startproc
 296              		@ args = 0, pretend = 0, frame = 0
 297              		@ frame_needed = 0, uses_anonymous_args = 0
 298              		@ link register save eliminated.
 143:Generated_Source\PSoC5/Potentiometer.c ****     return (Potentiometer_DR & Potentiometer_MASK) >> Potentiometer_SHIFT;
 299              		.loc 1 143 0
 300 0000 024B     		ldr	r3, .L11
 301 0002 1878     		ldrb	r0, [r3]	@ zero_extendqisi2
 144:Generated_Source\PSoC5/Potentiometer.c **** }
 302              		.loc 1 144 0
 303 0004 C0F34010 		ubfx	r0, r0, #5, #1
 304 0008 7047     		bx	lr
 305              	.L12:
 306 000a 00BF     		.align	2
 307              	.L11:
 308 000c 60510040 		.word	1073762656
 309              		.cfi_endproc
 310              	.LFE3:
 311              		.size	Potentiometer_ReadDataReg, .-Potentiometer_ReadDataReg
 312              		.text
 313              	.Letext0:
 314              		.file 2 "Generated_Source\\PSoC5\\cytypes.h"
 315              		.section	.debug_info,"",%progbits
 316              	.Ldebug_info0:
 317 0000 1B010000 		.4byte	0x11b
 318 0004 0400     		.2byte	0x4
 319 0006 00000000 		.4byte	.Ldebug_abbrev0
 320 000a 04       		.byte	0x4
 321 000b 01       		.uleb128 0x1
 322 000c 7F000000 		.4byte	.LASF20
 323 0010 01       		.byte	0x1
 324 0011 58000000 		.4byte	.LASF21
ARM GAS  C:\Users\Luggi\AppData\Local\Temp\ccuAl9Uy.s 			page 19


 325 0015 CE010000 		.4byte	.LASF22
 326 0019 00000000 		.4byte	.Ldebug_ranges0+0
 327 001d 00000000 		.4byte	0
 328 0021 00000000 		.4byte	.Ldebug_line0
 329 0025 02       		.uleb128 0x2
 330 0026 01       		.byte	0x1
 331 0027 06       		.byte	0x6
 332 0028 C2010000 		.4byte	.LASF0
 333 002c 02       		.uleb128 0x2
 334 002d 01       		.byte	0x1
 335 002e 08       		.byte	0x8
 336 002f 3D010000 		.4byte	.LASF1
 337 0033 02       		.uleb128 0x2
 338 0034 02       		.byte	0x2
 339 0035 05       		.byte	0x5
 340 0036 A9010000 		.4byte	.LASF2
 341 003a 02       		.uleb128 0x2
 342 003b 02       		.byte	0x2
 343 003c 07       		.byte	0x7
 344 003d 2A010000 		.4byte	.LASF3
 345 0041 02       		.uleb128 0x2
 346 0042 04       		.byte	0x4
 347 0043 05       		.byte	0x5
 348 0044 B9010000 		.4byte	.LASF4
 349 0048 02       		.uleb128 0x2
 350 0049 04       		.byte	0x4
 351 004a 07       		.byte	0x7
 352 004b 18010000 		.4byte	.LASF5
 353 004f 02       		.uleb128 0x2
 354 0050 08       		.byte	0x8
 355 0051 05       		.byte	0x5
 356 0052 96010000 		.4byte	.LASF6
 357 0056 02       		.uleb128 0x2
 358 0057 08       		.byte	0x8
 359 0058 07       		.byte	0x7
 360 0059 5F010000 		.4byte	.LASF7
 361 005d 03       		.uleb128 0x3
 362 005e 04       		.byte	0x4
 363 005f 05       		.byte	0x5
 364 0060 696E7400 		.ascii	"int\000"
 365 0064 02       		.uleb128 0x2
 366 0065 04       		.byte	0x4
 367 0066 07       		.byte	0x7
 368 0067 52010000 		.4byte	.LASF8
 369 006b 04       		.uleb128 0x4
 370 006c B3010000 		.4byte	.LASF12
 371 0070 02       		.byte	0x2
 372 0071 9201     		.2byte	0x192
 373 0073 2C000000 		.4byte	0x2c
 374 0077 02       		.uleb128 0x2
 375 0078 04       		.byte	0x4
 376 0079 04       		.byte	0x4
 377 007a 52000000 		.4byte	.LASF9
 378 007e 02       		.uleb128 0x2
 379 007f 08       		.byte	0x8
 380 0080 04       		.byte	0x4
 381 0081 4B010000 		.4byte	.LASF10
ARM GAS  C:\Users\Luggi\AppData\Local\Temp\ccuAl9Uy.s 			page 20


 382 0085 02       		.uleb128 0x2
 383 0086 01       		.byte	0x1
 384 0087 08       		.byte	0x8
 385 0088 A4010000 		.4byte	.LASF11
 386 008c 04       		.uleb128 0x4
 387 008d 13010000 		.4byte	.LASF13
 388 0091 02       		.byte	0x2
 389 0092 3C02     		.2byte	0x23c
 390 0094 98000000 		.4byte	0x98
 391 0098 05       		.uleb128 0x5
 392 0099 6B000000 		.4byte	0x6b
 393 009d 06       		.uleb128 0x6
 394 009e 3E000000 		.4byte	.LASF14
 395 00a2 01       		.byte	0x1
 396 00a3 39       		.byte	0x39
 397 00a4 00000000 		.4byte	.LFB0
 398 00a8 18000000 		.4byte	.LFE0-.LFB0
 399 00ac 01       		.uleb128 0x1
 400 00ad 9C       		.byte	0x9c
 401 00ae CF000000 		.4byte	0xcf
 402 00b2 07       		.uleb128 0x7
 403 00b3 13000000 		.4byte	.LASF16
 404 00b7 01       		.byte	0x1
 405 00b8 39       		.byte	0x39
 406 00b9 6B000000 		.4byte	0x6b
 407 00bd 00000000 		.4byte	.LLST0
 408 00c1 08       		.uleb128 0x8
 409 00c2 19000000 		.4byte	.LASF23
 410 00c6 01       		.byte	0x1
 411 00c7 3B       		.byte	0x3b
 412 00c8 6B000000 		.4byte	0x6b
 413 00cc 01       		.uleb128 0x1
 414 00cd 53       		.byte	0x53
 415 00ce 00       		.byte	0
 416 00cf 06       		.uleb128 0x6
 417 00d0 76010000 		.4byte	.LASF15
 418 00d4 01       		.byte	0x1
 419 00d5 5A       		.byte	0x5a
 420 00d6 00000000 		.4byte	.LFB1
 421 00da 18000000 		.4byte	.LFE1-.LFB1
 422 00de 01       		.uleb128 0x1
 423 00df 9C       		.byte	0x9c
 424 00e0 F4000000 		.4byte	0xf4
 425 00e4 07       		.uleb128 0x7
 426 00e5 91010000 		.4byte	.LASF17
 427 00e9 01       		.byte	0x1
 428 00ea 5A       		.byte	0x5a
 429 00eb 6B000000 		.4byte	0x6b
 430 00ef 21000000 		.4byte	.LLST1
 431 00f3 00       		.byte	0
 432 00f4 09       		.uleb128 0x9
 433 00f5 00000000 		.4byte	.LASF18
 434 00f9 01       		.byte	0x1
 435 00fa 71       		.byte	0x71
 436 00fb 6B000000 		.4byte	0x6b
 437 00ff 00000000 		.4byte	.LFB2
 438 0103 10000000 		.4byte	.LFE2-.LFB2
ARM GAS  C:\Users\Luggi\AppData\Local\Temp\ccuAl9Uy.s 			page 21


 439 0107 01       		.uleb128 0x1
 440 0108 9C       		.byte	0x9c
 441 0109 09       		.uleb128 0x9
 442 010a 24000000 		.4byte	.LASF19
 443 010e 01       		.byte	0x1
 444 010f 8D       		.byte	0x8d
 445 0110 6B000000 		.4byte	0x6b
 446 0114 00000000 		.4byte	.LFB3
 447 0118 10000000 		.4byte	.LFE3-.LFB3
 448 011c 01       		.uleb128 0x1
 449 011d 9C       		.byte	0x9c
 450 011e 00       		.byte	0
 451              		.section	.debug_abbrev,"",%progbits
 452              	.Ldebug_abbrev0:
 453 0000 01       		.uleb128 0x1
 454 0001 11       		.uleb128 0x11
 455 0002 01       		.byte	0x1
 456 0003 25       		.uleb128 0x25
 457 0004 0E       		.uleb128 0xe
 458 0005 13       		.uleb128 0x13
 459 0006 0B       		.uleb128 0xb
 460 0007 03       		.uleb128 0x3
 461 0008 0E       		.uleb128 0xe
 462 0009 1B       		.uleb128 0x1b
 463 000a 0E       		.uleb128 0xe
 464 000b 55       		.uleb128 0x55
 465 000c 17       		.uleb128 0x17
 466 000d 11       		.uleb128 0x11
 467 000e 01       		.uleb128 0x1
 468 000f 10       		.uleb128 0x10
 469 0010 17       		.uleb128 0x17
 470 0011 00       		.byte	0
 471 0012 00       		.byte	0
 472 0013 02       		.uleb128 0x2
 473 0014 24       		.uleb128 0x24
 474 0015 00       		.byte	0
 475 0016 0B       		.uleb128 0xb
 476 0017 0B       		.uleb128 0xb
 477 0018 3E       		.uleb128 0x3e
 478 0019 0B       		.uleb128 0xb
 479 001a 03       		.uleb128 0x3
 480 001b 0E       		.uleb128 0xe
 481 001c 00       		.byte	0
 482 001d 00       		.byte	0
 483 001e 03       		.uleb128 0x3
 484 001f 24       		.uleb128 0x24
 485 0020 00       		.byte	0
 486 0021 0B       		.uleb128 0xb
 487 0022 0B       		.uleb128 0xb
 488 0023 3E       		.uleb128 0x3e
 489 0024 0B       		.uleb128 0xb
 490 0025 03       		.uleb128 0x3
 491 0026 08       		.uleb128 0x8
 492 0027 00       		.byte	0
 493 0028 00       		.byte	0
 494 0029 04       		.uleb128 0x4
 495 002a 16       		.uleb128 0x16
ARM GAS  C:\Users\Luggi\AppData\Local\Temp\ccuAl9Uy.s 			page 22


 496 002b 00       		.byte	0
 497 002c 03       		.uleb128 0x3
 498 002d 0E       		.uleb128 0xe
 499 002e 3A       		.uleb128 0x3a
 500 002f 0B       		.uleb128 0xb
 501 0030 3B       		.uleb128 0x3b
 502 0031 05       		.uleb128 0x5
 503 0032 49       		.uleb128 0x49
 504 0033 13       		.uleb128 0x13
 505 0034 00       		.byte	0
 506 0035 00       		.byte	0
 507 0036 05       		.uleb128 0x5
 508 0037 35       		.uleb128 0x35
 509 0038 00       		.byte	0
 510 0039 49       		.uleb128 0x49
 511 003a 13       		.uleb128 0x13
 512 003b 00       		.byte	0
 513 003c 00       		.byte	0
 514 003d 06       		.uleb128 0x6
 515 003e 2E       		.uleb128 0x2e
 516 003f 01       		.byte	0x1
 517 0040 3F       		.uleb128 0x3f
 518 0041 19       		.uleb128 0x19
 519 0042 03       		.uleb128 0x3
 520 0043 0E       		.uleb128 0xe
 521 0044 3A       		.uleb128 0x3a
 522 0045 0B       		.uleb128 0xb
 523 0046 3B       		.uleb128 0x3b
 524 0047 0B       		.uleb128 0xb
 525 0048 27       		.uleb128 0x27
 526 0049 19       		.uleb128 0x19
 527 004a 11       		.uleb128 0x11
 528 004b 01       		.uleb128 0x1
 529 004c 12       		.uleb128 0x12
 530 004d 06       		.uleb128 0x6
 531 004e 40       		.uleb128 0x40
 532 004f 18       		.uleb128 0x18
 533 0050 9742     		.uleb128 0x2117
 534 0052 19       		.uleb128 0x19
 535 0053 01       		.uleb128 0x1
 536 0054 13       		.uleb128 0x13
 537 0055 00       		.byte	0
 538 0056 00       		.byte	0
 539 0057 07       		.uleb128 0x7
 540 0058 05       		.uleb128 0x5
 541 0059 00       		.byte	0
 542 005a 03       		.uleb128 0x3
 543 005b 0E       		.uleb128 0xe
 544 005c 3A       		.uleb128 0x3a
 545 005d 0B       		.uleb128 0xb
 546 005e 3B       		.uleb128 0x3b
 547 005f 0B       		.uleb128 0xb
 548 0060 49       		.uleb128 0x49
 549 0061 13       		.uleb128 0x13
 550 0062 02       		.uleb128 0x2
 551 0063 17       		.uleb128 0x17
 552 0064 00       		.byte	0
ARM GAS  C:\Users\Luggi\AppData\Local\Temp\ccuAl9Uy.s 			page 23


 553 0065 00       		.byte	0
 554 0066 08       		.uleb128 0x8
 555 0067 34       		.uleb128 0x34
 556 0068 00       		.byte	0
 557 0069 03       		.uleb128 0x3
 558 006a 0E       		.uleb128 0xe
 559 006b 3A       		.uleb128 0x3a
 560 006c 0B       		.uleb128 0xb
 561 006d 3B       		.uleb128 0x3b
 562 006e 0B       		.uleb128 0xb
 563 006f 49       		.uleb128 0x49
 564 0070 13       		.uleb128 0x13
 565 0071 02       		.uleb128 0x2
 566 0072 18       		.uleb128 0x18
 567 0073 00       		.byte	0
 568 0074 00       		.byte	0
 569 0075 09       		.uleb128 0x9
 570 0076 2E       		.uleb128 0x2e
 571 0077 00       		.byte	0
 572 0078 3F       		.uleb128 0x3f
 573 0079 19       		.uleb128 0x19
 574 007a 03       		.uleb128 0x3
 575 007b 0E       		.uleb128 0xe
 576 007c 3A       		.uleb128 0x3a
 577 007d 0B       		.uleb128 0xb
 578 007e 3B       		.uleb128 0x3b
 579 007f 0B       		.uleb128 0xb
 580 0080 27       		.uleb128 0x27
 581 0081 19       		.uleb128 0x19
 582 0082 49       		.uleb128 0x49
 583 0083 13       		.uleb128 0x13
 584 0084 11       		.uleb128 0x11
 585 0085 01       		.uleb128 0x1
 586 0086 12       		.uleb128 0x12
 587 0087 06       		.uleb128 0x6
 588 0088 40       		.uleb128 0x40
 589 0089 18       		.uleb128 0x18
 590 008a 9742     		.uleb128 0x2117
 591 008c 19       		.uleb128 0x19
 592 008d 00       		.byte	0
 593 008e 00       		.byte	0
 594 008f 00       		.byte	0
 595              		.section	.debug_loc,"",%progbits
 596              	.Ldebug_loc0:
 597              	.LLST0:
 598 0000 00000000 		.4byte	.LVL0
 599 0004 0A000000 		.4byte	.LVL2
 600 0008 0100     		.2byte	0x1
 601 000a 50       		.byte	0x50
 602 000b 0A000000 		.4byte	.LVL2
 603 000f 18000000 		.4byte	.LFE0
 604 0013 0400     		.2byte	0x4
 605 0015 F3       		.byte	0xf3
 606 0016 01       		.uleb128 0x1
 607 0017 50       		.byte	0x50
 608 0018 9F       		.byte	0x9f
 609 0019 00000000 		.4byte	0
ARM GAS  C:\Users\Luggi\AppData\Local\Temp\ccuAl9Uy.s 			page 24


 610 001d 00000000 		.4byte	0
 611              	.LLST1:
 612 0021 00000000 		.4byte	.LVL3
 613 0025 0C000000 		.4byte	.LVL4
 614 0029 0100     		.2byte	0x1
 615 002b 50       		.byte	0x50
 616 002c 0C000000 		.4byte	.LVL4
 617 0030 18000000 		.4byte	.LFE1
 618 0034 0400     		.2byte	0x4
 619 0036 F3       		.byte	0xf3
 620 0037 01       		.uleb128 0x1
 621 0038 50       		.byte	0x50
 622 0039 9F       		.byte	0x9f
 623 003a 00000000 		.4byte	0
 624 003e 00000000 		.4byte	0
 625              		.section	.debug_aranges,"",%progbits
 626 0000 34000000 		.4byte	0x34
 627 0004 0200     		.2byte	0x2
 628 0006 00000000 		.4byte	.Ldebug_info0
 629 000a 04       		.byte	0x4
 630 000b 00       		.byte	0
 631 000c 0000     		.2byte	0
 632 000e 0000     		.2byte	0
 633 0010 00000000 		.4byte	.LFB0
 634 0014 18000000 		.4byte	.LFE0-.LFB0
 635 0018 00000000 		.4byte	.LFB1
 636 001c 18000000 		.4byte	.LFE1-.LFB1
 637 0020 00000000 		.4byte	.LFB2
 638 0024 10000000 		.4byte	.LFE2-.LFB2
 639 0028 00000000 		.4byte	.LFB3
 640 002c 10000000 		.4byte	.LFE3-.LFB3
 641 0030 00000000 		.4byte	0
 642 0034 00000000 		.4byte	0
 643              		.section	.debug_ranges,"",%progbits
 644              	.Ldebug_ranges0:
 645 0000 00000000 		.4byte	.LFB0
 646 0004 18000000 		.4byte	.LFE0
 647 0008 00000000 		.4byte	.LFB1
 648 000c 18000000 		.4byte	.LFE1
 649 0010 00000000 		.4byte	.LFB2
 650 0014 10000000 		.4byte	.LFE2
 651 0018 00000000 		.4byte	.LFB3
 652 001c 10000000 		.4byte	.LFE3
 653 0020 00000000 		.4byte	0
 654 0024 00000000 		.4byte	0
 655              		.section	.debug_line,"",%progbits
 656              	.Ldebug_line0:
 657 0000 96000000 		.section	.debug_str,"MS",%progbits,1
 657      02004A00 
 657      00000201 
 657      FB0E0D00 
 657      01010101 
 658              	.LASF18:
 659 0000 506F7465 		.ascii	"Potentiometer_Read\000"
 659      6E74696F 
 659      6D657465 
 659      725F5265 
ARM GAS  C:\Users\Luggi\AppData\Local\Temp\ccuAl9Uy.s 			page 25


 659      616400
 660              	.LASF16:
 661 0013 76616C75 		.ascii	"value\000"
 661      6500
 662              	.LASF23:
 663 0019 73746174 		.ascii	"staticBits\000"
 663      69634269 
 663      747300
 664              	.LASF19:
 665 0024 506F7465 		.ascii	"Potentiometer_ReadDataReg\000"
 665      6E74696F 
 665      6D657465 
 665      725F5265 
 665      61644461 
 666              	.LASF14:
 667 003e 506F7465 		.ascii	"Potentiometer_Write\000"
 667      6E74696F 
 667      6D657465 
 667      725F5772 
 667      69746500 
 668              	.LASF9:
 669 0052 666C6F61 		.ascii	"float\000"
 669      7400
 670              	.LASF21:
 671 0058 47656E65 		.ascii	"Generated_Source\\PSoC5\\Potentiometer.c\000"
 671      72617465 
 671      645F536F 
 671      75726365 
 671      5C50536F 
 672              	.LASF20:
 673 007f 474E5520 		.ascii	"GNU C 4.9.3 20150303 (release) [ARM/embedded-4_9-br"
 673      4320342E 
 673      392E3320 
 673      32303135 
 673      30333033 
 674 00b2 616E6368 		.ascii	"anch revision 221220] -mcpu=cortex-m3 -mthumb -g -O"
 674      20726576 
 674      6973696F 
 674      6E203232 
 674      31323230 
 675 00e5 67202D66 		.ascii	"g -ffunction-sections -flto -ffat-lto-objects\000"
 675      66756E63 
 675      74696F6E 
 675      2D736563 
 675      74696F6E 
 676              	.LASF13:
 677 0113 72656738 		.ascii	"reg8\000"
 677      00
 678              	.LASF5:
 679 0118 6C6F6E67 		.ascii	"long unsigned int\000"
 679      20756E73 
 679      69676E65 
 679      6420696E 
 679      7400
 680              	.LASF3:
 681 012a 73686F72 		.ascii	"short unsigned int\000"
 681      7420756E 
ARM GAS  C:\Users\Luggi\AppData\Local\Temp\ccuAl9Uy.s 			page 26


 681      7369676E 
 681      65642069 
 681      6E7400
 682              	.LASF1:
 683 013d 756E7369 		.ascii	"unsigned char\000"
 683      676E6564 
 683      20636861 
 683      7200
 684              	.LASF10:
 685 014b 646F7562 		.ascii	"double\000"
 685      6C6500
 686              	.LASF8:
 687 0152 756E7369 		.ascii	"unsigned int\000"
 687      676E6564 
 687      20696E74 
 687      00
 688              	.LASF7:
 689 015f 6C6F6E67 		.ascii	"long long unsigned int\000"
 689      206C6F6E 
 689      6720756E 
 689      7369676E 
 689      65642069 
 690              	.LASF15:
 691 0176 506F7465 		.ascii	"Potentiometer_SetDriveMode\000"
 691      6E74696F 
 691      6D657465 
 691      725F5365 
 691      74447269 
 692              	.LASF17:
 693 0191 6D6F6465 		.ascii	"mode\000"
 693      00
 694              	.LASF6:
 695 0196 6C6F6E67 		.ascii	"long long int\000"
 695      206C6F6E 
 695      6720696E 
 695      7400
 696              	.LASF11:
 697 01a4 63686172 		.ascii	"char\000"
 697      00
 698              	.LASF2:
 699 01a9 73686F72 		.ascii	"short int\000"
 699      7420696E 
 699      7400
 700              	.LASF12:
 701 01b3 75696E74 		.ascii	"uint8\000"
 701      3800
 702              	.LASF4:
 703 01b9 6C6F6E67 		.ascii	"long int\000"
 703      20696E74 
 703      00
 704              	.LASF0:
 705 01c2 7369676E 		.ascii	"signed char\000"
 705      65642063 
 705      68617200 
 706              	.LASF22:
 707 01ce 433A5C55 		.ascii	"C:\\Users\\Luggi\\Documents\\GitHub\\laserschutzsch"
 707      73657273 
ARM GAS  C:\Users\Luggi\AppData\Local\Temp\ccuAl9Uy.s 			page 27


 707      5C4C7567 
 707      67695C44 
 707      6F63756D 
 708 01fc 616C7475 		.ascii	"altung\\Laserschutzschaltung.cydsn\000"
 708      6E675C4C 
 708      61736572 
 708      73636875 
 708      747A7363 
 709              		.comm	__gnu_lto_v1,1,1
 710              		.ident	"GCC: (GNU Tools for ARM Embedded Processors) 4.9.3 20150303 (release) [ARM/embedded-4_9-br
