--------------- Rebuild Started: 04/24/2017 10:06:23 Project: Laserschutzschaltung, Configuration: ARM GCC 4.9-2015-q1-update Debug ---------------
Deleting file ".\CortexM3\ARM_GCC_493\Debug\main.o"
Deleting file ".\CortexM3\ARM_GCC_493\Debug\pid.o"
Deleting file ".\CortexM3\ARM_GCC_493\Debug\cli.o"
Deleting file ".\CortexM3\ARM_GCC_493\Debug\eeprom.o"
Deleting file ".\CortexM3\ARM_GCC_493\Debug\cyfitter_cfg.o"
Deleting file ".\CortexM3\ARM_GCC_493\Debug\DMA_dma.o"
Deleting file ".\CortexM3\ARM_GCC_493\Debug\isr.o"
Deleting file ".\CortexM3\ARM_GCC_493\Debug\VDAC8.o"
Deleting file ".\CortexM3\ARM_GCC_493\Debug\VDAC8_PM.o"
Deleting file ".\CortexM3\ARM_GCC_493\Debug\Fault.o"
Deleting file ".\CortexM3\ARM_GCC_493\Debug\Comp_1.o"
Deleting file ".\CortexM3\ARM_GCC_493\Debug\Comp_1_PM.o"
Deleting file ".\CortexM3\ARM_GCC_493\Debug\Filter.o"
Deleting file ".\CortexM3\ARM_GCC_493\Debug\Filter_PM.o"
Deleting file ".\CortexM3\ARM_GCC_493\Debug\Filter_PVT.o"
Deleting file ".\CortexM3\ARM_GCC_493\Debug\Filter_RAM_Data.o"
Deleting file ".\CortexM3\ARM_GCC_493\Debug\Filter_Coefficients.o"
Deleting file ".\CortexM3\ARM_GCC_493\Debug\Cm3Start.o"
Deleting file ".\CortexM3\ARM_GCC_493\Debug\CyBootAsmGnu.o"
Deleting file ".\CortexM3\ARM_GCC_493\Debug\CyDmac.o"
Deleting file ".\CortexM3\ARM_GCC_493\Debug\CyFlash.o"
Deleting file ".\CortexM3\ARM_GCC_493\Debug\CyLib.o"
Deleting file ".\CortexM3\ARM_GCC_493\Debug\cyPm.o"
Deleting file ".\CortexM3\ARM_GCC_493\Debug\CySpc.o"
Deleting file ".\CortexM3\ARM_GCC_493\Debug\cyutils.o"
Deleting file ".\CortexM3\ARM_GCC_493\Debug\Comp_2.o"
Deleting file ".\CortexM3\ARM_GCC_493\Debug\Comp_2_PM.o"
Deleting file ".\CortexM3\ARM_GCC_493\Debug\Diode_Pumpseite.o"
Deleting file ".\CortexM3\ARM_GCC_493\Debug\Comp_3.o"
Deleting file ".\CortexM3\ARM_GCC_493\Debug\Comp_3_PM.o"
Deleting file ".\CortexM3\ARM_GCC_493\Debug\Diode_Seedseite.o"
Deleting file ".\CortexM3\ARM_GCC_493\Debug\Seed_ref.o"
Deleting file ".\CortexM3\ARM_GCC_493\Debug\Pump_ref.o"
Deleting file ".\CortexM3\ARM_GCC_493\Debug\DAC_Out.o"
Deleting file ".\CortexM3\ARM_GCC_493\Debug\LCD.o"
Deleting file ".\CortexM3\ARM_GCC_493\Debug\LCD_PM.o"
Deleting file ".\CortexM3\ARM_GCC_493\Debug\LCD_LCDPort.o"
Deleting file ".\CortexM3\ARM_GCC_493\Debug\Fault_isr.o"
Deleting file ".\CortexM3\ARM_GCC_493\Debug\cymetadata.o"
Deleting file ".\CortexM3\ARM_GCC_493\Debug\ADC_SAR_1.o"
Deleting file ".\CortexM3\ARM_GCC_493\Debug\ADC_SAR_1_INT.o"
Deleting file ".\CortexM3\ARM_GCC_493\Debug\ADC_SAR_1_PM.o"
Deleting file ".\CortexM3\ARM_GCC_493\Debug\ADC_SAR_1_IRQ.o"
Deleting file ".\CortexM3\ARM_GCC_493\Debug\ADC_SAR_1_theACLK.o"
Deleting file ".\CortexM3\ARM_GCC_493\Debug\IDAC8_1.o"
Deleting file ".\CortexM3\ARM_GCC_493\Debug\IDAC8_1_PM.o"
Deleting file ".\CortexM3\ARM_GCC_493\Debug\IDAC8_2.o"
Deleting file ".\CortexM3\ARM_GCC_493\Debug\IDAC8_2_PM.o"
Deleting file ".\CortexM3\ARM_GCC_493\Debug\PGA_1.o"
Deleting file ".\CortexM3\ARM_GCC_493\Debug\PGA_1_PM.o"
Deleting file ".\CortexM3\ARM_GCC_493\Debug\DAC_Current.o"
Deleting file ".\CortexM3\ARM_GCC_493\Debug\DAC_PGA_OUT.o"
Deleting file ".\CortexM3\ARM_GCC_493\Debug\ADC_SAR_2.o"
Deleting file ".\CortexM3\ARM_GCC_493\Debug\ADC_SAR_2_INT.o"
Deleting file ".\CortexM3\ARM_GCC_493\Debug\ADC_SAR_2_PM.o"
Deleting file ".\CortexM3\ARM_GCC_493\Debug\ADC_SAR_2_IRQ.o"
Deleting file ".\CortexM3\ARM_GCC_493\Debug\ADC_SAR_2_theACLK.o"
Deleting file ".\CortexM3\ARM_GCC_493\Debug\Counter_1.o"
Deleting file ".\CortexM3\ARM_GCC_493\Debug\Counter_1_PM.o"
Deleting file ".\CortexM3\ARM_GCC_493\Debug\Clock_3.o"
Deleting file ".\CortexM3\ARM_GCC_493\Debug\PID_isr.o"
Deleting file ".\CortexM3\ARM_GCC_493\Debug\ADC_DelSig_1.o"
Deleting file ".\CortexM3\ARM_GCC_493\Debug\ADC_DelSig_1_PM.o"
Deleting file ".\CortexM3\ARM_GCC_493\Debug\ADC_DelSig_1_INT.o"
Deleting file ".\CortexM3\ARM_GCC_493\Debug\temp_sens.o"
Deleting file ".\CortexM3\ARM_GCC_493\Debug\ADC_DelSig_1_AMux.o"
Deleting file ".\CortexM3\ARM_GCC_493\Debug\ADC_DelSig_1_Ext_CP_Clk.o"
Deleting file ".\CortexM3\ARM_GCC_493\Debug\ADC_DelSig_1_IRQ.o"
Deleting file ".\CortexM3\ARM_GCC_493\Debug\ADC_DelSig_1_theACLK.o"
Deleting file ".\CortexM3\ARM_GCC_493\Debug\Control_RS.o"
Deleting file ".\CortexM3\ARM_GCC_493\Debug\Control_RS_PM.o"
Deleting file ".\CortexM3\ARM_GCC_493\Debug\USBUART_1.o"
Deleting file ".\CortexM3\ARM_GCC_493\Debug\USBUART_1_audio.o"
Deleting file ".\CortexM3\ARM_GCC_493\Debug\USBUART_1_boot.o"
Deleting file ".\CortexM3\ARM_GCC_493\Debug\USBUART_1_cdc.o"
Deleting file ".\CortexM3\ARM_GCC_493\Debug\USBUART_1_cls.o"
Deleting file ".\CortexM3\ARM_GCC_493\Debug\USBUART_1_descr.o"
Deleting file ".\CortexM3\ARM_GCC_493\Debug\USBUART_1_drv.o"
Deleting file ".\CortexM3\ARM_GCC_493\Debug\USBUART_1_episr.o"
Deleting file ".\CortexM3\ARM_GCC_493\Debug\USBUART_1_hid.o"
Deleting file ".\CortexM3\ARM_GCC_493\Debug\USBUART_1_pm.o"
Deleting file ".\CortexM3\ARM_GCC_493\Debug\USBUART_1_std.o"
Deleting file ".\CortexM3\ARM_GCC_493\Debug\USBUART_1_vnd.o"
Deleting file ".\CortexM3\ARM_GCC_493\Debug\USBUART_1_midi.o"
Deleting file ".\CortexM3\ARM_GCC_493\Debug\USBUART_1_msc.o"
Deleting file ".\CortexM3\ARM_GCC_493\Debug\USBUART_1_Dm.o"
Deleting file ".\CortexM3\ARM_GCC_493\Debug\USBUART_1_Dp.o"
Deleting file ".\CortexM3\ARM_GCC_493\Debug\VUSB.o"
Deleting file ".\CortexM3\ARM_GCC_493\Debug\USBUART_1_Vbus_ps.o"
Deleting file ".\CortexM3\ARM_GCC_493\Debug\EEPROM_1.o"
Deleting file ".\CortexM3\ARM_GCC_493\Debug\ADC_IN.o"
Deleting file ".\CortexM3\ARM_GCC_493\Debug\Fault_Reg.o"
Deleting file ".\CortexM3\ARM_GCC_493\Debug\PGA_2.o"
Deleting file ".\CortexM3\ARM_GCC_493\Debug\PGA_2_PM.o"
Deleting file ".\CortexM3\ARM_GCC_493\Debug\DAC_Current_Control.o"
Deleting file ".\CortexM3\ARM_GCC_493\Debug\DAC_Current_Control_PM.o"
Deleting file ".\CortexM3\ARM_GCC_493\Debug\DAC_Curr_OUT.o"
Deleting file ".\CortexM3\ARM_GCC_493\Debug\Laserschutzschaltung.hex"
Deleting file ".\CortexM3\ARM_GCC_493\Debug\Laserschutzschaltung.elf"
Deleting file ".\CortexM3\ARM_GCC_493\Debug\Laserschutzschaltung.map"
Deleting file ".\Laserschutzschaltung.cycdx"
Deleting file ".\Laserschutzschaltung.svd"
Deleting file ".\Laserschutzschaltung.rpt"
Deleting file ".\Laserschutzschaltung_timing.html"
Deleting file ".\CortexM3\ARM_GCC_493\Debug\.deps\SOURCE_C__ARM_GCC_GENERIC.P"
Deleting file ".\CortexM3\ARM_GCC_493\Debug\.deps\SOURCE_ASM__ARM_GCC_GENERIC.P"
cydsfit.exe -.appdatapath "C:\Users\Luggi\AppData\Local\Cypress Semiconductor\PSoC Creator\4.0" -.fdsnotice -.fdswarpdepfile=warp_dependencies.txt -.fdselabdepfile=elab_dependencies.txt -.fdsbldfile=generated_files.txt -.fdsreffile=referenced_files.txt -p "C:\Users\Luggi\Desktop\Aktuelles Projekt Laser_schutzschaltung\Aktuelles Projekt Laser_schutzschaltung\Laserschutzschaltung.cydsn\Laserschutzschaltung.cyprj" -d CY8C5868AXI-LP035 -s "C:\Users\Luggi\Desktop\Aktuelles Projekt Laser_schutzschaltung\Aktuelles Projekt Laser_schutzschaltung\Laserschutzschaltung.cydsn\Generated_Source\PSoC5" -- -yv2 -q10 -ygs -o2 -v3 -.fftcfgtype=LE
Elaborating Design...
HDL Generation...
Synthesis...
Tech Mapping...
ADD: pft.M0040: information: The following 2 pin(s) will be assigned a location by the fitter: \USBUART_1:Dm(0)\, \USBUART_1:Dp(0)\
Analog Placement...
Info: apr.M0002: Analog signal "\ADC_DelSig_1:Net_35\" is connected to one terminal only. (App=cydsfit)
Log: apr.M0058: The analog placement iterative improvement is 38% done. (App=cydsfit)
Log: apr.M0058: The analog placement iterative improvement is 72% done. (App=cydsfit)
Analog Routing...
Analog Code Generation...
Warning: apr.M0042: Bonded pin(s) "P1[5]" are not used in your current design but have been connected in order to route the design. (App=cydsfit)
Digital Placement...
Digital Routing...
Bitstream Generation...
Bitstream Verification...
Static timing analysis...
API Generation...
Dependency Generation...
Cleanup...
arm-none-eabi-gcc.exe -mcpu=cortex-m3 -mthumb -I. -IGenerated_Source\PSoC5 -Wa,-alh=.\CortexM3\ARM_GCC_493\Debug/main.lst -g -Wall -ffunction-sections -O0 -ffat-lto-objects -lnosys -c main.c -o .\CortexM3\ARM_GCC_493\Debug\main.o
main.c:150:6: warning: return type of 'main' is not 'int' [-Wmain]
 void main(void)
      ^
main.c: In function 'main':
main.c:159:13: warning: unused variable 'up' [-Wunused-variable]
     uint8_t up;
             ^
main.c:158:10: warning: unused variable 'testoutput' [-Wunused-variable]
  uint8_t testoutput=0;
          ^
arm-none-eabi-gcc.exe -mcpu=cortex-m3 -mthumb -I. -IGenerated_Source\PSoC5 -Wa,-alh=.\CortexM3\ARM_GCC_493\Debug/pid.lst -g -Wall -ffunction-sections -O0 -ffat-lto-objects -lnosys -c pid.c -o .\CortexM3\ARM_GCC_493\Debug\pid.o
arm-none-eabi-gcc.exe -mcpu=cortex-m3 -mthumb -I. -IGenerated_Source\PSoC5 -Wa,-alh=.\CortexM3\ARM_GCC_493\Debug/cli.lst -g -Wall -ffunction-sections -O0 -ffat-lto-objects -lnosys -c cli.c -o .\CortexM3\ARM_GCC_493\Debug\cli.o
cli.c: In function 'cliSetPeltier':
cli.c:539:9: warning: format '%d' expects argument of type 'int', but argument 3 has type 'int32_t' [-Wformat=]
         sprintf(buffer_temp, "Value written: %d\r\n", value);
         ^
cli.c:539:9: warning: format '%d' expects argument of type 'int', but argument 3 has type 'int32_t' [-Wformat=]
cli.c:525:11: warning: unused variable 'eqptr' [-Wunused-variable]
     char *eqptr = NULL;
           ^
cli.c:524:11: warning: variable 'valuef' set but not used [-Wunused-but-set-variable]
     float valuef = 0;
           ^
arm-none-eabi-gcc.exe -mcpu=cortex-m3 -mthumb -I. -IGenerated_Source\PSoC5 -Wa,-alh=.\CortexM3\ARM_GCC_493\Debug/eeprom.lst -g -Wall -ffunction-sections -O0 -ffat-lto-objects -lnosys -c eeprom.c -o .\CortexM3\ARM_GCC_493\Debug\eeprom.o
arm-none-eabi-gcc.exe -mcpu=cortex-m3 -mthumb -I. -IGenerated_Source\PSoC5 -Wa,-alh=.\CortexM3\ARM_GCC_493\Debug/cyfitter_cfg.lst -g -Wall -ffunction-sections -O0 -ffat-lto-objects -lnosys -c Generated_Source\PSoC5\cyfitter_cfg.c -o .\CortexM3\ARM_GCC_493\Debug\cyfitter_cfg.o
arm-none-eabi-gcc.exe -mcpu=cortex-m3 -mthumb -I. -IGenerated_Source\PSoC5 -Wa,-alh=.\CortexM3\ARM_GCC_493\Debug/DMA_dma.lst -g -Wall -ffunction-sections -O0 -ffat-lto-objects -lnosys -c Generated_Source\PSoC5\DMA_dma.c -o .\CortexM3\ARM_GCC_493\Debug\DMA_dma.o
arm-none-eabi-gcc.exe -mcpu=cortex-m3 -mthumb -I. -IGenerated_Source\PSoC5 -Wa,-alh=.\CortexM3\ARM_GCC_493\Debug/isr.lst -g -Wall -ffunction-sections -O0 -ffat-lto-objects -lnosys -c Generated_Source\PSoC5\isr.c -o .\CortexM3\ARM_GCC_493\Debug\isr.o
arm-none-eabi-gcc.exe -mcpu=cortex-m3 -mthumb -I. -IGenerated_Source\PSoC5 -Wa,-alh=.\CortexM3\ARM_GCC_493\Debug/VDAC8.lst -g -Wall -ffunction-sections -O0 -ffat-lto-objects -lnosys -c Generated_Source\PSoC5\VDAC8.c -o .\CortexM3\ARM_GCC_493\Debug\VDAC8.o
arm-none-eabi-gcc.exe -mcpu=cortex-m3 -mthumb -I. -IGenerated_Source\PSoC5 -Wa,-alh=.\CortexM3\ARM_GCC_493\Debug/VDAC8_PM.lst -g -Wall -ffunction-sections -O0 -ffat-lto-objects -lnosys -c Generated_Source\PSoC5\VDAC8_PM.c -o .\CortexM3\ARM_GCC_493\Debug\VDAC8_PM.o
arm-none-eabi-gcc.exe -mcpu=cortex-m3 -mthumb -I. -IGenerated_Source\PSoC5 -Wa,-alh=.\CortexM3\ARM_GCC_493\Debug/Fault.lst -g -Wall -ffunction-sections -O0 -ffat-lto-objects -lnosys -c Generated_Source\PSoC5\Fault.c -o .\CortexM3\ARM_GCC_493\Debug\Fault.o
arm-none-eabi-gcc.exe -mcpu=cortex-m3 -mthumb -I. -IGenerated_Source\PSoC5 -Wa,-alh=.\CortexM3\ARM_GCC_493\Debug/Comp_1.lst -g -Wall -ffunction-sections -O0 -ffat-lto-objects -lnosys -c Generated_Source\PSoC5\Comp_1.c -o .\CortexM3\ARM_GCC_493\Debug\Comp_1.o
arm-none-eabi-gcc.exe -mcpu=cortex-m3 -mthumb -I. -IGenerated_Source\PSoC5 -Wa,-alh=.\CortexM3\ARM_GCC_493\Debug/Comp_1_PM.lst -g -Wall -ffunction-sections -O0 -ffat-lto-objects -lnosys -c Generated_Source\PSoC5\Comp_1_PM.c -o .\CortexM3\ARM_GCC_493\Debug\Comp_1_PM.o
arm-none-eabi-gcc.exe -mcpu=cortex-m3 -mthumb -I. -IGenerated_Source\PSoC5 -Wa,-alh=.\CortexM3\ARM_GCC_493\Debug/Filter.lst -g -Wall -ffunction-sections -O0 -ffat-lto-objects -lnosys -c Generated_Source\PSoC5\Filter.c -o .\CortexM3\ARM_GCC_493\Debug\Filter.o
arm-none-eabi-gcc.exe -mcpu=cortex-m3 -mthumb -I. -IGenerated_Source\PSoC5 -Wa,-alh=.\CortexM3\ARM_GCC_493\Debug/Filter_PM.lst -g -Wall -ffunction-sections -O0 -ffat-lto-objects -lnosys -c Generated_Source\PSoC5\Filter_PM.c -o .\CortexM3\ARM_GCC_493\Debug\Filter_PM.o
arm-none-eabi-gcc.exe -mcpu=cortex-m3 -mthumb -I. -IGenerated_Source\PSoC5 -Wa,-alh=.\CortexM3\ARM_GCC_493\Debug/Filter_PVT.lst -g -Wall -ffunction-sections -O0 -ffat-lto-objects -lnosys -c Generated_Source\PSoC5\Filter_PVT.c -o .\CortexM3\ARM_GCC_493\Debug\Filter_PVT.o
arm-none-eabi-gcc.exe -mcpu=cortex-m3 -mthumb -I. -IGenerated_Source\PSoC5 -Wa,-alh=.\CortexM3\ARM_GCC_493\Debug/Filter_RAM_Data.lst -g -Wall -ffunction-sections -O0 -ffat-lto-objects -lnosys -c Generated_Source\PSoC5\Filter_RAM_Data.c -o .\CortexM3\ARM_GCC_493\Debug\Filter_RAM_Data.o
arm-none-eabi-gcc.exe -mcpu=cortex-m3 -mthumb -I. -IGenerated_Source\PSoC5 -Wa,-alh=.\CortexM3\ARM_GCC_493\Debug/Filter_Coefficients.lst -g -Wall -ffunction-sections -O0 -ffat-lto-objects -lnosys -c Generated_Source\PSoC5\Filter_Coefficients.c -o .\CortexM3\ARM_GCC_493\Debug\Filter_Coefficients.o
arm-none-eabi-gcc.exe -mcpu=cortex-m3 -mthumb -I. -IGenerated_Source\PSoC5 -Wa,-alh=.\CortexM3\ARM_GCC_493\Debug/Cm3Start.lst -g -Wall -ffunction-sections -O0 -ffat-lto-objects -lnosys -c Generated_Source\PSoC5\Cm3Start.c -o .\CortexM3\ARM_GCC_493\Debug\Cm3Start.o
arm-none-eabi-gcc.exe -mcpu=cortex-m3 -mthumb -I. -IGenerated_Source\PSoC5 -Wa,-alh=.\CortexM3\ARM_GCC_493\Debug/CyDmac.lst -g -Wall -ffunction-sections -O0 -ffat-lto-objects -lnosys -c Generated_Source\PSoC5\CyDmac.c -o .\CortexM3\ARM_GCC_493\Debug\CyDmac.o
arm-none-eabi-gcc.exe -mcpu=cortex-m3 -mthumb -I. -IGenerated_Source\PSoC5 -Wa,-alh=.\CortexM3\ARM_GCC_493\Debug/CyFlash.lst -g -Wall -ffunction-sections -O0 -ffat-lto-objects -lnosys -c Generated_Source\PSoC5\CyFlash.c -o .\CortexM3\ARM_GCC_493\Debug\CyFlash.o
arm-none-eabi-gcc.exe -mcpu=cortex-m3 -mthumb -I. -IGenerated_Source\PSoC5 -Wa,-alh=.\CortexM3\ARM_GCC_493\Debug/CyLib.lst -g -Wall -ffunction-sections -O0 -ffat-lto-objects -lnosys -c Generated_Source\PSoC5\CyLib.c -o .\CortexM3\ARM_GCC_493\Debug\CyLib.o
arm-none-eabi-gcc.exe -mcpu=cortex-m3 -mthumb -I. -IGenerated_Source\PSoC5 -Wa,-alh=.\CortexM3\ARM_GCC_493\Debug/cyPm.lst -g -Wall -ffunction-sections -O0 -ffat-lto-objects -lnosys -c Generated_Source\PSoC5\cyPm.c -o .\CortexM3\ARM_GCC_493\Debug\cyPm.o
arm-none-eabi-gcc.exe -mcpu=cortex-m3 -mthumb -I. -IGenerated_Source\PSoC5 -Wa,-alh=.\CortexM3\ARM_GCC_493\Debug/CySpc.lst -g -Wall -ffunction-sections -O0 -ffat-lto-objects -lnosys -c Generated_Source\PSoC5\CySpc.c -o .\CortexM3\ARM_GCC_493\Debug\CySpc.o
arm-none-eabi-gcc.exe -mcpu=cortex-m3 -mthumb -I. -IGenerated_Source\PSoC5 -Wa,-alh=.\CortexM3\ARM_GCC_493\Debug/cyutils.lst -g -Wall -ffunction-sections -O0 -ffat-lto-objects -lnosys -c Generated_Source\PSoC5\cyutils.c -o .\CortexM3\ARM_GCC_493\Debug\cyutils.o
arm-none-eabi-gcc.exe -mcpu=cortex-m3 -mthumb -I. -IGenerated_Source\PSoC5 -Wa,-alh=.\CortexM3\ARM_GCC_493\Debug/Comp_2.lst -g -Wall -ffunction-sections -O0 -ffat-lto-objects -lnosys -c Generated_Source\PSoC5\Comp_2.c -o .\CortexM3\ARM_GCC_493\Debug\Comp_2.o
arm-none-eabi-gcc.exe -mcpu=cortex-m3 -mthumb -I. -IGenerated_Source\PSoC5 -Wa,-alh=.\CortexM3\ARM_GCC_493\Debug/Comp_2_PM.lst -g -Wall -ffunction-sections -O0 -ffat-lto-objects -lnosys -c Generated_Source\PSoC5\Comp_2_PM.c -o .\CortexM3\ARM_GCC_493\Debug\Comp_2_PM.o
arm-none-eabi-gcc.exe -mcpu=cortex-m3 -mthumb -I. -IGenerated_Source\PSoC5 -Wa,-alh=.\CortexM3\ARM_GCC_493\Debug/Diode_Pumpseite.lst -g -Wall -ffunction-sections -O0 -ffat-lto-objects -lnosys -c Generated_Source\PSoC5\Diode_Pumpseite.c -o .\CortexM3\ARM_GCC_493\Debug\Diode_Pumpseite.o
arm-none-eabi-gcc.exe -mcpu=cortex-m3 -mthumb -I. -IGenerated_Source\PSoC5 -Wa,-alh=.\CortexM3\ARM_GCC_493\Debug/Comp_3.lst -g -Wall -ffunction-sections -O0 -ffat-lto-objects -lnosys -c Generated_Source\PSoC5\Comp_3.c -o .\CortexM3\ARM_GCC_493\Debug\Comp_3.o
arm-none-eabi-gcc.exe -mcpu=cortex-m3 -mthumb -I. -IGenerated_Source\PSoC5 -Wa,-alh=.\CortexM3\ARM_GCC_493\Debug/Comp_3_PM.lst -g -Wall -ffunction-sections -O0 -ffat-lto-objects -lnosys -c Generated_Source\PSoC5\Comp_3_PM.c -o .\CortexM3\ARM_GCC_493\Debug\Comp_3_PM.o
arm-none-eabi-gcc.exe -mcpu=cortex-m3 -mthumb -I. -IGenerated_Source\PSoC5 -Wa,-alh=.\CortexM3\ARM_GCC_493\Debug/Diode_Seedseite.lst -g -Wall -ffunction-sections -O0 -ffat-lto-objects -lnosys -c Generated_Source\PSoC5\Diode_Seedseite.c -o .\CortexM3\ARM_GCC_493\Debug\Diode_Seedseite.o
arm-none-eabi-gcc.exe -mcpu=cortex-m3 -mthumb -I. -IGenerated_Source\PSoC5 -Wa,-alh=.\CortexM3\ARM_GCC_493\Debug/Seed_ref.lst -g -Wall -ffunction-sections -O0 -ffat-lto-objects -lnosys -c Generated_Source\PSoC5\Seed_ref.c -o .\CortexM3\ARM_GCC_493\Debug\Seed_ref.o
arm-none-eabi-gcc.exe -mcpu=cortex-m3 -mthumb -I. -IGenerated_Source\PSoC5 -Wa,-alh=.\CortexM3\ARM_GCC_493\Debug/Pump_ref.lst -g -Wall -ffunction-sections -O0 -ffat-lto-objects -lnosys -c Generated_Source\PSoC5\Pump_ref.c -o .\CortexM3\ARM_GCC_493\Debug\Pump_ref.o
arm-none-eabi-gcc.exe -mcpu=cortex-m3 -mthumb -I. -IGenerated_Source\PSoC5 -Wa,-alh=.\CortexM3\ARM_GCC_493\Debug/DAC_Out.lst -g -Wall -ffunction-sections -O0 -ffat-lto-objects -lnosys -c Generated_Source\PSoC5\DAC_Out.c -o .\CortexM3\ARM_GCC_493\Debug\DAC_Out.o
arm-none-eabi-gcc.exe -mcpu=cortex-m3 -mthumb -I. -IGenerated_Source\PSoC5 -Wa,-alh=.\CortexM3\ARM_GCC_493\Debug/LCD.lst -g -Wall -ffunction-sections -O0 -ffat-lto-objects -lnosys -c Generated_Source\PSoC5\LCD.c -o .\CortexM3\ARM_GCC_493\Debug\LCD.o
arm-none-eabi-gcc.exe -mcpu=cortex-m3 -mthumb -I. -IGenerated_Source\PSoC5 -Wa,-alh=.\CortexM3\ARM_GCC_493\Debug/LCD_PM.lst -g -Wall -ffunction-sections -O0 -ffat-lto-objects -lnosys -c Generated_Source\PSoC5\LCD_PM.c -o .\CortexM3\ARM_GCC_493\Debug\LCD_PM.o
arm-none-eabi-gcc.exe -mcpu=cortex-m3 -mthumb -I. -IGenerated_Source\PSoC5 -Wa,-alh=.\CortexM3\ARM_GCC_493\Debug/LCD_LCDPort.lst -g -Wall -ffunction-sections -O0 -ffat-lto-objects -lnosys -c Generated_Source\PSoC5\LCD_LCDPort.c -o .\CortexM3\ARM_GCC_493\Debug\LCD_LCDPort.o
arm-none-eabi-gcc.exe -mcpu=cortex-m3 -mthumb -I. -IGenerated_Source\PSoC5 -Wa,-alh=.\CortexM3\ARM_GCC_493\Debug/Fault_isr.lst -g -Wall -ffunction-sections -O0 -ffat-lto-objects -lnosys -c Generated_Source\PSoC5\Fault_isr.c -o .\CortexM3\ARM_GCC_493\Debug\Fault_isr.o
arm-none-eabi-gcc.exe -mcpu=cortex-m3 -mthumb -I. -IGenerated_Source\PSoC5 -Wa,-alh=.\CortexM3\ARM_GCC_493\Debug/cymetadata.lst -g -Wall -ffunction-sections -O0 -ffat-lto-objects -lnosys -c Generated_Source\PSoC5\cymetadata.c -o .\CortexM3\ARM_GCC_493\Debug\cymetadata.o
arm-none-eabi-gcc.exe -mcpu=cortex-m3 -mthumb -I. -IGenerated_Source\PSoC5 -Wa,-alh=.\CortexM3\ARM_GCC_493\Debug/ADC_SAR_1.lst -g -Wall -ffunction-sections -O0 -ffat-lto-objects -lnosys -c Generated_Source\PSoC5\ADC_SAR_1.c -o .\CortexM3\ARM_GCC_493\Debug\ADC_SAR_1.o
arm-none-eabi-gcc.exe -mcpu=cortex-m3 -mthumb -I. -IGenerated_Source\PSoC5 -Wa,-alh=.\CortexM3\ARM_GCC_493\Debug/ADC_SAR_1_INT.lst -g -Wall -ffunction-sections -O0 -ffat-lto-objects -lnosys -c Generated_Source\PSoC5\ADC_SAR_1_INT.c -o .\CortexM3\ARM_GCC_493\Debug\ADC_SAR_1_INT.o
arm-none-eabi-gcc.exe -mcpu=cortex-m3 -mthumb -I. -IGenerated_Source\PSoC5 -Wa,-alh=.\CortexM3\ARM_GCC_493\Debug/ADC_SAR_1_PM.lst -g -Wall -ffunction-sections -O0 -ffat-lto-objects -lnosys -c Generated_Source\PSoC5\ADC_SAR_1_PM.c -o .\CortexM3\ARM_GCC_493\Debug\ADC_SAR_1_PM.o
arm-none-eabi-gcc.exe -mcpu=cortex-m3 -mthumb -I. -IGenerated_Source\PSoC5 -Wa,-alh=.\CortexM3\ARM_GCC_493\Debug/ADC_SAR_1_IRQ.lst -g -Wall -ffunction-sections -O0 -ffat-lto-objects -lnosys -c Generated_Source\PSoC5\ADC_SAR_1_IRQ.c -o .\CortexM3\ARM_GCC_493\Debug\ADC_SAR_1_IRQ.o
arm-none-eabi-gcc.exe -mcpu=cortex-m3 -mthumb -I. -IGenerated_Source\PSoC5 -Wa,-alh=.\CortexM3\ARM_GCC_493\Debug/ADC_SAR_1_theACLK.lst -g -Wall -ffunction-sections -O0 -ffat-lto-objects -lnosys -c Generated_Source\PSoC5\ADC_SAR_1_theACLK.c -o .\CortexM3\ARM_GCC_493\Debug\ADC_SAR_1_theACLK.o
arm-none-eabi-gcc.exe -mcpu=cortex-m3 -mthumb -I. -IGenerated_Source\PSoC5 -Wa,-alh=.\CortexM3\ARM_GCC_493\Debug/IDAC8_1.lst -g -Wall -ffunction-sections -O0 -ffat-lto-objects -lnosys -c Generated_Source\PSoC5\IDAC8_1.c -o .\CortexM3\ARM_GCC_493\Debug\IDAC8_1.o
arm-none-eabi-gcc.exe -mcpu=cortex-m3 -mthumb -I. -IGenerated_Source\PSoC5 -Wa,-alh=.\CortexM3\ARM_GCC_493\Debug/IDAC8_1_PM.lst -g -Wall -ffunction-sections -O0 -ffat-lto-objects -lnosys -c Generated_Source\PSoC5\IDAC8_1_PM.c -o .\CortexM3\ARM_GCC_493\Debug\IDAC8_1_PM.o
arm-none-eabi-gcc.exe -mcpu=cortex-m3 -mthumb -I. -IGenerated_Source\PSoC5 -Wa,-alh=.\CortexM3\ARM_GCC_493\Debug/IDAC8_2.lst -g -Wall -ffunction-sections -O0 -ffat-lto-objects -lnosys -c Generated_Source\PSoC5\IDAC8_2.c -o .\CortexM3\ARM_GCC_493\Debug\IDAC8_2.o
arm-none-eabi-gcc.exe -mcpu=cortex-m3 -mthumb -I. -IGenerated_Source\PSoC5 -Wa,-alh=.\CortexM3\ARM_GCC_493\Debug/IDAC8_2_PM.lst -g -Wall -ffunction-sections -O0 -ffat-lto-objects -lnosys -c Generated_Source\PSoC5\IDAC8_2_PM.c -o .\CortexM3\ARM_GCC_493\Debug\IDAC8_2_PM.o
arm-none-eabi-gcc.exe -mcpu=cortex-m3 -mthumb -I. -IGenerated_Source\PSoC5 -Wa,-alh=.\CortexM3\ARM_GCC_493\Debug/PGA_1.lst -g -Wall -ffunction-sections -O0 -ffat-lto-objects -lnosys -c Generated_Source\PSoC5\PGA_1.c -o .\CortexM3\ARM_GCC_493\Debug\PGA_1.o
arm-none-eabi-gcc.exe -mcpu=cortex-m3 -mthumb -I. -IGenerated_Source\PSoC5 -Wa,-alh=.\CortexM3\ARM_GCC_493\Debug/PGA_1_PM.lst -g -Wall -ffunction-sections -O0 -ffat-lto-objects -lnosys -c Generated_Source\PSoC5\PGA_1_PM.c -o .\CortexM3\ARM_GCC_493\Debug\PGA_1_PM.o
arm-none-eabi-gcc.exe -mcpu=cortex-m3 -mthumb -I. -IGenerated_Source\PSoC5 -Wa,-alh=.\CortexM3\ARM_GCC_493\Debug/DAC_Current.lst -g -Wall -ffunction-sections -O0 -ffat-lto-objects -lnosys -c Generated_Source\PSoC5\DAC_Current.c -o .\CortexM3\ARM_GCC_493\Debug\DAC_Current.o
arm-none-eabi-gcc.exe -mcpu=cortex-m3 -mthumb -I. -IGenerated_Source\PSoC5 -Wa,-alh=.\CortexM3\ARM_GCC_493\Debug/DAC_PGA_OUT.lst -g -Wall -ffunction-sections -O0 -ffat-lto-objects -lnosys -c Generated_Source\PSoC5\DAC_PGA_OUT.c -o .\CortexM3\ARM_GCC_493\Debug\DAC_PGA_OUT.o
arm-none-eabi-gcc.exe -mcpu=cortex-m3 -mthumb -I. -IGenerated_Source\PSoC5 -Wa,-alh=.\CortexM3\ARM_GCC_493\Debug/ADC_SAR_2.lst -g -Wall -ffunction-sections -O0 -ffat-lto-objects -lnosys -c Generated_Source\PSoC5\ADC_SAR_2.c -o .\CortexM3\ARM_GCC_493\Debug\ADC_SAR_2.o
arm-none-eabi-gcc.exe -mcpu=cortex-m3 -mthumb -I. -IGenerated_Source\PSoC5 -Wa,-alh=.\CortexM3\ARM_GCC_493\Debug/ADC_SAR_2_INT.lst -g -Wall -ffunction-sections -O0 -ffat-lto-objects -lnosys -c Generated_Source\PSoC5\ADC_SAR_2_INT.c -o .\CortexM3\ARM_GCC_493\Debug\ADC_SAR_2_INT.o
arm-none-eabi-gcc.exe -mcpu=cortex-m3 -mthumb -I. -IGenerated_Source\PSoC5 -Wa,-alh=.\CortexM3\ARM_GCC_493\Debug/ADC_SAR_2_PM.lst -g -Wall -ffunction-sections -O0 -ffat-lto-objects -lnosys -c Generated_Source\PSoC5\ADC_SAR_2_PM.c -o .\CortexM3\ARM_GCC_493\Debug\ADC_SAR_2_PM.o
arm-none-eabi-gcc.exe -mcpu=cortex-m3 -mthumb -I. -IGenerated_Source\PSoC5 -Wa,-alh=.\CortexM3\ARM_GCC_493\Debug/ADC_SAR_2_IRQ.lst -g -Wall -ffunction-sections -O0 -ffat-lto-objects -lnosys -c Generated_Source\PSoC5\ADC_SAR_2_IRQ.c -o .\CortexM3\ARM_GCC_493\Debug\ADC_SAR_2_IRQ.o
arm-none-eabi-gcc.exe -mcpu=cortex-m3 -mthumb -I. -IGenerated_Source\PSoC5 -Wa,-alh=.\CortexM3\ARM_GCC_493\Debug/ADC_SAR_2_theACLK.lst -g -Wall -ffunction-sections -O0 -ffat-lto-objects -lnosys -c Generated_Source\PSoC5\ADC_SAR_2_theACLK.c -o .\CortexM3\ARM_GCC_493\Debug\ADC_SAR_2_theACLK.o
arm-none-eabi-gcc.exe -mcpu=cortex-m3 -mthumb -I. -IGenerated_Source\PSoC5 -Wa,-alh=.\CortexM3\ARM_GCC_493\Debug/Counter_1.lst -g -Wall -ffunction-sections -O0 -ffat-lto-objects -lnosys -c Generated_Source\PSoC5\Counter_1.c -o .\CortexM3\ARM_GCC_493\Debug\Counter_1.o
arm-none-eabi-gcc.exe -mcpu=cortex-m3 -mthumb -I. -IGenerated_Source\PSoC5 -Wa,-alh=.\CortexM3\ARM_GCC_493\Debug/Counter_1_PM.lst -g -Wall -ffunction-sections -O0 -ffat-lto-objects -lnosys -c Generated_Source\PSoC5\Counter_1_PM.c -o .\CortexM3\ARM_GCC_493\Debug\Counter_1_PM.o
arm-none-eabi-gcc.exe -mcpu=cortex-m3 -mthumb -I. -IGenerated_Source\PSoC5 -Wa,-alh=.\CortexM3\ARM_GCC_493\Debug/Clock_3.lst -g -Wall -ffunction-sections -O0 -ffat-lto-objects -lnosys -c Generated_Source\PSoC5\Clock_3.c -o .\CortexM3\ARM_GCC_493\Debug\Clock_3.o
arm-none-eabi-gcc.exe -mcpu=cortex-m3 -mthumb -I. -IGenerated_Source\PSoC5 -Wa,-alh=.\CortexM3\ARM_GCC_493\Debug/PID_isr.lst -g -Wall -ffunction-sections -O0 -ffat-lto-objects -lnosys -c Generated_Source\PSoC5\PID_isr.c -o .\CortexM3\ARM_GCC_493\Debug\PID_isr.o
arm-none-eabi-gcc.exe -mcpu=cortex-m3 -mthumb -I. -IGenerated_Source\PSoC5 -Wa,-alh=.\CortexM3\ARM_GCC_493\Debug/ADC_DelSig_1.lst -g -Wall -ffunction-sections -O0 -ffat-lto-objects -lnosys -c Generated_Source\PSoC5\ADC_DelSig_1.c -o .\CortexM3\ARM_GCC_493\Debug\ADC_DelSig_1.o
arm-none-eabi-gcc.exe -mcpu=cortex-m3 -mthumb -I. -IGenerated_Source\PSoC5 -Wa,-alh=.\CortexM3\ARM_GCC_493\Debug/ADC_DelSig_1_PM.lst -g -Wall -ffunction-sections -O0 -ffat-lto-objects -lnosys -c Generated_Source\PSoC5\ADC_DelSig_1_PM.c -o .\CortexM3\ARM_GCC_493\Debug\ADC_DelSig_1_PM.o
arm-none-eabi-gcc.exe -mcpu=cortex-m3 -mthumb -I. -IGenerated_Source\PSoC5 -Wa,-alh=.\CortexM3\ARM_GCC_493\Debug/ADC_DelSig_1_INT.lst -g -Wall -ffunction-sections -O0 -ffat-lto-objects -lnosys -c Generated_Source\PSoC5\ADC_DelSig_1_INT.c -o .\CortexM3\ARM_GCC_493\Debug\ADC_DelSig_1_INT.o
arm-none-eabi-gcc.exe -mcpu=cortex-m3 -mthumb -I. -IGenerated_Source\PSoC5 -Wa,-alh=.\CortexM3\ARM_GCC_493\Debug/temp_sens.lst -g -Wall -ffunction-sections -O0 -ffat-lto-objects -lnosys -c Generated_Source\PSoC5\temp_sens.c -o .\CortexM3\ARM_GCC_493\Debug\temp_sens.o
arm-none-eabi-gcc.exe -mcpu=cortex-m3 -mthumb -I. -IGenerated_Source\PSoC5 -Wa,-alh=.\CortexM3\ARM_GCC_493\Debug/ADC_DelSig_1_AMux.lst -g -Wall -ffunction-sections -O0 -ffat-lto-objects -lnosys -c Generated_Source\PSoC5\ADC_DelSig_1_AMux.c -o .\CortexM3\ARM_GCC_493\Debug\ADC_DelSig_1_AMux.o
arm-none-eabi-gcc.exe -mcpu=cortex-m3 -mthumb -I. -IGenerated_Source\PSoC5 -Wa,-alh=.\CortexM3\ARM_GCC_493\Debug/ADC_DelSig_1_Ext_CP_Clk.lst -g -Wall -ffunction-sections -O0 -ffat-lto-objects -lnosys -c Generated_Source\PSoC5\ADC_DelSig_1_Ext_CP_Clk.c -o .\CortexM3\ARM_GCC_493\Debug\ADC_DelSig_1_Ext_CP_Clk.o
arm-none-eabi-gcc.exe -mcpu=cortex-m3 -mthumb -I. -IGenerated_Source\PSoC5 -Wa,-alh=.\CortexM3\ARM_GCC_493\Debug/ADC_DelSig_1_IRQ.lst -g -Wall -ffunction-sections -O0 -ffat-lto-objects -lnosys -c Generated_Source\PSoC5\ADC_DelSig_1_IRQ.c -o .\CortexM3\ARM_GCC_493\Debug\ADC_DelSig_1_IRQ.o
arm-none-eabi-gcc.exe -mcpu=cortex-m3 -mthumb -I. -IGenerated_Source\PSoC5 -Wa,-alh=.\CortexM3\ARM_GCC_493\Debug/ADC_DelSig_1_theACLK.lst -g -Wall -ffunction-sections -O0 -ffat-lto-objects -lnosys -c Generated_Source\PSoC5\ADC_DelSig_1_theACLK.c -o .\CortexM3\ARM_GCC_493\Debug\ADC_DelSig_1_theACLK.o
arm-none-eabi-gcc.exe -mcpu=cortex-m3 -mthumb -I. -IGenerated_Source\PSoC5 -Wa,-alh=.\CortexM3\ARM_GCC_493\Debug/Control_RS.lst -g -Wall -ffunction-sections -O0 -ffat-lto-objects -lnosys -c Generated_Source\PSoC5\Control_RS.c -o .\CortexM3\ARM_GCC_493\Debug\Control_RS.o
arm-none-eabi-gcc.exe -mcpu=cortex-m3 -mthumb -I. -IGenerated_Source\PSoC5 -Wa,-alh=.\CortexM3\ARM_GCC_493\Debug/Control_RS_PM.lst -g -Wall -ffunction-sections -O0 -ffat-lto-objects -lnosys -c Generated_Source\PSoC5\Control_RS_PM.c -o .\CortexM3\ARM_GCC_493\Debug\Control_RS_PM.o
arm-none-eabi-gcc.exe -mcpu=cortex-m3 -mthumb -I. -IGenerated_Source\PSoC5 -Wa,-alh=.\CortexM3\ARM_GCC_493\Debug/USBUART_1.lst -g -Wall -ffunction-sections -O0 -ffat-lto-objects -lnosys -c Generated_Source\PSoC5\USBUART_1.c -o .\CortexM3\ARM_GCC_493\Debug\USBUART_1.o
arm-none-eabi-gcc.exe -mcpu=cortex-m3 -mthumb -I. -IGenerated_Source\PSoC5 -Wa,-alh=.\CortexM3\ARM_GCC_493\Debug/USBUART_1_audio.lst -g -Wall -ffunction-sections -O0 -ffat-lto-objects -lnosys -c Generated_Source\PSoC5\USBUART_1_audio.c -o .\CortexM3\ARM_GCC_493\Debug\USBUART_1_audio.o
arm-none-eabi-gcc.exe -mcpu=cortex-m3 -mthumb -I. -IGenerated_Source\PSoC5 -Wa,-alh=.\CortexM3\ARM_GCC_493\Debug/USBUART_1_boot.lst -g -Wall -ffunction-sections -O0 -ffat-lto-objects -lnosys -c Generated_Source\PSoC5\USBUART_1_boot.c -o .\CortexM3\ARM_GCC_493\Debug\USBUART_1_boot.o
arm-none-eabi-gcc.exe -mcpu=cortex-m3 -mthumb -I. -IGenerated_Source\PSoC5 -Wa,-alh=.\CortexM3\ARM_GCC_493\Debug/USBUART_1_cdc.lst -g -Wall -ffunction-sections -O0 -ffat-lto-objects -lnosys -c Generated_Source\PSoC5\USBUART_1_cdc.c -o .\CortexM3\ARM_GCC_493\Debug\USBUART_1_cdc.o
arm-none-eabi-gcc.exe -mcpu=cortex-m3 -mthumb -I. -IGenerated_Source\PSoC5 -Wa,-alh=.\CortexM3\ARM_GCC_493\Debug/USBUART_1_cls.lst -g -Wall -ffunction-sections -O0 -ffat-lto-objects -lnosys -c Generated_Source\PSoC5\USBUART_1_cls.c -o .\CortexM3\ARM_GCC_493\Debug\USBUART_1_cls.o
arm-none-eabi-gcc.exe -mcpu=cortex-m3 -mthumb -I. -IGenerated_Source\PSoC5 -Wa,-alh=.\CortexM3\ARM_GCC_493\Debug/USBUART_1_descr.lst -g -Wall -ffunction-sections -O0 -ffat-lto-objects -lnosys -c Generated_Source\PSoC5\USBUART_1_descr.c -o .\CortexM3\ARM_GCC_493\Debug\USBUART_1_descr.o
arm-none-eabi-gcc.exe -mcpu=cortex-m3 -mthumb -I. -IGenerated_Source\PSoC5 -Wa,-alh=.\CortexM3\ARM_GCC_493\Debug/USBUART_1_drv.lst -g -Wall -ffunction-sections -O0 -ffat-lto-objects -lnosys -c Generated_Source\PSoC5\USBUART_1_drv.c -o .\CortexM3\ARM_GCC_493\Debug\USBUART_1_drv.o
arm-none-eabi-gcc.exe -mcpu=cortex-m3 -mthumb -I. -IGenerated_Source\PSoC5 -Wa,-alh=.\CortexM3\ARM_GCC_493\Debug/USBUART_1_episr.lst -g -Wall -ffunction-sections -O0 -ffat-lto-objects -lnosys -c Generated_Source\PSoC5\USBUART_1_episr.c -o .\CortexM3\ARM_GCC_493\Debug\USBUART_1_episr.o
arm-none-eabi-gcc.exe -mcpu=cortex-m3 -mthumb -I. -IGenerated_Source\PSoC5 -Wa,-alh=.\CortexM3\ARM_GCC_493\Debug/USBUART_1_hid.lst -g -Wall -ffunction-sections -O0 -ffat-lto-objects -lnosys -c Generated_Source\PSoC5\USBUART_1_hid.c -o .\CortexM3\ARM_GCC_493\Debug\USBUART_1_hid.o
arm-none-eabi-gcc.exe -mcpu=cortex-m3 -mthumb -I. -IGenerated_Source\PSoC5 -Wa,-alh=.\CortexM3\ARM_GCC_493\Debug/USBUART_1_pm.lst -g -Wall -ffunction-sections -O0 -ffat-lto-objects -lnosys -c Generated_Source\PSoC5\USBUART_1_pm.c -o .\CortexM3\ARM_GCC_493\Debug\USBUART_1_pm.o
arm-none-eabi-gcc.exe -mcpu=cortex-m3 -mthumb -I. -IGenerated_Source\PSoC5 -Wa,-alh=.\CortexM3\ARM_GCC_493\Debug/USBUART_1_std.lst -g -Wall -ffunction-sections -O0 -ffat-lto-objects -lnosys -c Generated_Source\PSoC5\USBUART_1_std.c -o .\CortexM3\ARM_GCC_493\Debug\USBUART_1_std.o
arm-none-eabi-gcc.exe -mcpu=cortex-m3 -mthumb -I. -IGenerated_Source\PSoC5 -Wa,-alh=.\CortexM3\ARM_GCC_493\Debug/USBUART_1_vnd.lst -g -Wall -ffunction-sections -O0 -ffat-lto-objects -lnosys -c Generated_Source\PSoC5\USBUART_1_vnd.c -o .\CortexM3\ARM_GCC_493\Debug\USBUART_1_vnd.o
arm-none-eabi-gcc.exe -mcpu=cortex-m3 -mthumb -I. -IGenerated_Source\PSoC5 -Wa,-alh=.\CortexM3\ARM_GCC_493\Debug/USBUART_1_midi.lst -g -Wall -ffunction-sections -O0 -ffat-lto-objects -lnosys -c Generated_Source\PSoC5\USBUART_1_midi.c -o .\CortexM3\ARM_GCC_493\Debug\USBUART_1_midi.o
arm-none-eabi-gcc.exe -mcpu=cortex-m3 -mthumb -I. -IGenerated_Source\PSoC5 -Wa,-alh=.\CortexM3\ARM_GCC_493\Debug/USBUART_1_msc.lst -g -Wall -ffunction-sections -O0 -ffat-lto-objects -lnosys -c Generated_Source\PSoC5\USBUART_1_msc.c -o .\CortexM3\ARM_GCC_493\Debug\USBUART_1_msc.o
arm-none-eabi-gcc.exe -mcpu=cortex-m3 -mthumb -I. -IGenerated_Source\PSoC5 -Wa,-alh=.\CortexM3\ARM_GCC_493\Debug/USBUART_1_Dm.lst -g -Wall -ffunction-sections -O0 -ffat-lto-objects -lnosys -c Generated_Source\PSoC5\USBUART_1_Dm.c -o .\CortexM3\ARM_GCC_493\Debug\USBUART_1_Dm.o
arm-none-eabi-gcc.exe -mcpu=cortex-m3 -mthumb -I. -IGenerated_Source\PSoC5 -Wa,-alh=.\CortexM3\ARM_GCC_493\Debug/USBUART_1_Dp.lst -g -Wall -ffunction-sections -O0 -ffat-lto-objects -lnosys -c Generated_Source\PSoC5\USBUART_1_Dp.c -o .\CortexM3\ARM_GCC_493\Debug\USBUART_1_Dp.o
arm-none-eabi-gcc.exe -mcpu=cortex-m3 -mthumb -I. -IGenerated_Source\PSoC5 -Wa,-alh=.\CortexM3\ARM_GCC_493\Debug/VUSB.lst -g -Wall -ffunction-sections -O0 -ffat-lto-objects -lnosys -c Generated_Source\PSoC5\VUSB.c -o .\CortexM3\ARM_GCC_493\Debug\VUSB.o
arm-none-eabi-gcc.exe -mcpu=cortex-m3 -mthumb -I. -IGenerated_Source\PSoC5 -Wa,-alh=.\CortexM3\ARM_GCC_493\Debug/USBUART_1_Vbus_ps.lst -g -Wall -ffunction-sections -O0 -ffat-lto-objects -lnosys -c Generated_Source\PSoC5\USBUART_1_Vbus_ps.c -o .\CortexM3\ARM_GCC_493\Debug\USBUART_1_Vbus_ps.o
arm-none-eabi-gcc.exe -mcpu=cortex-m3 -mthumb -I. -IGenerated_Source\PSoC5 -Wa,-alh=.\CortexM3\ARM_GCC_493\Debug/EEPROM_1.lst -g -Wall -ffunction-sections -O0 -ffat-lto-objects -lnosys -c Generated_Source\PSoC5\EEPROM_1.c -o .\CortexM3\ARM_GCC_493\Debug\EEPROM_1.o
arm-none-eabi-gcc.exe -mcpu=cortex-m3 -mthumb -I. -IGenerated_Source\PSoC5 -Wa,-alh=.\CortexM3\ARM_GCC_493\Debug/ADC_IN.lst -g -Wall -ffunction-sections -O0 -ffat-lto-objects -lnosys -c Generated_Source\PSoC5\ADC_IN.c -o .\CortexM3\ARM_GCC_493\Debug\ADC_IN.o
arm-none-eabi-gcc.exe -mcpu=cortex-m3 -mthumb -I. -IGenerated_Source\PSoC5 -Wa,-alh=.\CortexM3\ARM_GCC_493\Debug/Fault_Reg.lst -g -Wall -ffunction-sections -O0 -ffat-lto-objects -lnosys -c Generated_Source\PSoC5\Fault_Reg.c -o .\CortexM3\ARM_GCC_493\Debug\Fault_Reg.o
arm-none-eabi-gcc.exe -mcpu=cortex-m3 -mthumb -I. -IGenerated_Source\PSoC5 -Wa,-alh=.\CortexM3\ARM_GCC_493\Debug/PGA_2.lst -g -Wall -ffunction-sections -O0 -ffat-lto-objects -lnosys -c Generated_Source\PSoC5\PGA_2.c -o .\CortexM3\ARM_GCC_493\Debug\PGA_2.o
arm-none-eabi-gcc.exe -mcpu=cortex-m3 -mthumb -I. -IGenerated_Source\PSoC5 -Wa,-alh=.\CortexM3\ARM_GCC_493\Debug/PGA_2_PM.lst -g -Wall -ffunction-sections -O0 -ffat-lto-objects -lnosys -c Generated_Source\PSoC5\PGA_2_PM.c -o .\CortexM3\ARM_GCC_493\Debug\PGA_2_PM.o
arm-none-eabi-gcc.exe -mcpu=cortex-m3 -mthumb -I. -IGenerated_Source\PSoC5 -Wa,-alh=.\CortexM3\ARM_GCC_493\Debug/DAC_Current_Control.lst -g -Wall -ffunction-sections -O0 -ffat-lto-objects -lnosys -c Generated_Source\PSoC5\DAC_Current_Control.c -o .\CortexM3\ARM_GCC_493\Debug\DAC_Current_Control.o
arm-none-eabi-gcc.exe -mcpu=cortex-m3 -mthumb -I. -IGenerated_Source\PSoC5 -Wa,-alh=.\CortexM3\ARM_GCC_493\Debug/DAC_Current_Control_PM.lst -g -Wall -ffunction-sections -O0 -ffat-lto-objects -lnosys -c Generated_Source\PSoC5\DAC_Current_Control_PM.c -o .\CortexM3\ARM_GCC_493\Debug\DAC_Current_Control_PM.o
arm-none-eabi-gcc.exe -mcpu=cortex-m3 -mthumb -I. -IGenerated_Source\PSoC5 -Wa,-alh=.\CortexM3\ARM_GCC_493\Debug/DAC_Curr_OUT.lst -g -Wall -ffunction-sections -O0 -ffat-lto-objects -lnosys -c Generated_Source\PSoC5\DAC_Curr_OUT.c -o .\CortexM3\ARM_GCC_493\Debug\DAC_Curr_OUT.o
arm-none-eabi-as.exe -mcpu=cortex-m3 -mthumb -I. -IGenerated_Source\PSoC5 -alh=.\CortexM3\ARM_GCC_493\Debug/CyBootAsmGnu.lst -g -o .\CortexM3\ARM_GCC_493\Debug\CyBootAsmGnu.o Generated_Source\PSoC5\CyBootAsmGnu.s
arm-none-eabi-ar.exe -rs .\CortexM3\ARM_GCC_493\Debug\Laserschutzschaltung.a .\CortexM3\ARM_GCC_493\Debug\cyfitter_cfg.o .\CortexM3\ARM_GCC_493\Debug\DMA_dma.o .\CortexM3\ARM_GCC_493\Debug\isr.o .\CortexM3\ARM_GCC_493\Debug\VDAC8.o .\CortexM3\ARM_GCC_493\Debug\VDAC8_PM.o .\CortexM3\ARM_GCC_493\Debug\Fault.o .\CortexM3\ARM_GCC_493\Debug\Comp_1.o .\CortexM3\ARM_GCC_493\Debug\Comp_1_PM.o .\CortexM3\ARM_GCC_493\Debug\Filter.o .\CortexM3\ARM_GCC_493\Debug\Filter_PM.o .\CortexM3\ARM_GCC_493\Debug\Filter_PVT.o .\CortexM3\ARM_GCC_493\Debug\Filter_RAM_Data.o .\CortexM3\ARM_GCC_493\Debug\Filter_Coefficients.o .\CortexM3\ARM_GCC_493\Debug\CyDmac.o .\CortexM3\ARM_GCC_493\Debug\CyFlash.o .\CortexM3\ARM_GCC_493\Debug\CyLib.o .\CortexM3\ARM_GCC_493\Debug\cyPm.o .\CortexM3\ARM_GCC_493\Debug\CySpc.o .\CortexM3\ARM_GCC_493\Debug\cyutils.o .\CortexM3\ARM_GCC_493\Debug\Comp_2.o .\CortexM3\ARM_GCC_493\Debug\Comp_2_PM.o .\CortexM3\ARM_GCC_493\Debug\Diode_Pumpseite.o .\CortexM3\ARM_GCC_493\Debug\Comp_3.o .\CortexM3\ARM_GCC_493\Debug\Comp_3_PM.o .\CortexM3\ARM_GCC_493\Debug\Diode_Seedseite.o .\CortexM3\ARM_GCC_493\Debug\Seed_ref.o .\CortexM3\ARM_GCC_493\Debug\Pump_ref.o .\CortexM3\ARM_GCC_493\Debug\DAC_Out.o .\CortexM3\ARM_GCC_493\Debug\LCD.o .\CortexM3\ARM_GCC_493\Debug\LCD_PM.o .\CortexM3\ARM_GCC_493\Debug\LCD_LCDPort.o .\CortexM3\ARM_GCC_493\Debug\Fault_isr.o .\CortexM3\ARM_GCC_493\Debug\ADC_SAR_1.o .\CortexM3\ARM_GCC_493\Debug\ADC_SAR_1_INT.o .\CortexM3\ARM_GCC_493\Debug\ADC_SAR_1_PM.o .\CortexM3\ARM_GCC_493\Debug\ADC_SAR_1_IRQ.o .\CortexM3\ARM_GCC_493\Debug\ADC_SAR_1_theACLK.o .\CortexM3\ARM_GCC_493\Debug\IDAC8_1.o .\CortexM3\ARM_GCC_493\Debug\IDAC8_1_PM.o .\CortexM3\ARM_GCC_493\Debug\IDAC8_2.o .\CortexM3\ARM_GCC_493\Debug\IDAC8_2_PM.o .\CortexM3\ARM_GCC_493\Debug\PGA_1.o .\CortexM3\ARM_GCC_493\Debug\PGA_1_PM.o .\CortexM3\ARM_GCC_493\Debug\DAC_Current.o .\CortexM3\ARM_GCC_493\Debug\DAC_PGA_OUT.o .\CortexM3\ARM_GCC_493\Debug\ADC_SAR_2.o .\CortexM3\ARM_GCC_493\Debug\ADC_SAR_2_INT.o .\CortexM3\ARM_GCC_493\Debug\ADC_SAR_2_PM.o .\CortexM3\ARM_GCC_493\Debug\ADC_SAR_2_IRQ.o .\CortexM3\ARM_GCC_493\Debug\ADC_SAR_2_theACLK.o .\CortexM3\ARM_GCC_493\Debug\Counter_1.o .\CortexM3\ARM_GCC_493\Debug\Counter_1_PM.o .\CortexM3\ARM_GCC_493\Debug\Clock_3.o .\CortexM3\ARM_GCC_493\Debug\PID_isr.o .\CortexM3\ARM_GCC_493\Debug\ADC_DelSig_1.o .\CortexM3\ARM_GCC_493\Debug\ADC_DelSig_1_PM.o .\CortexM3\ARM_GCC_493\Debug\ADC_DelSig_1_INT.o .\CortexM3\ARM_GCC_493\Debug\temp_sens.o .\CortexM3\ARM_GCC_493\Debug\ADC_DelSig_1_AMux.o .\CortexM3\ARM_GCC_493\Debug\ADC_DelSig_1_Ext_CP_Clk.o .\CortexM3\ARM_GCC_493\Debug\ADC_DelSig_1_IRQ.o .\CortexM3\ARM_GCC_493\Debug\ADC_DelSig_1_theACLK.o .\CortexM3\ARM_GCC_493\Debug\Control_RS.o .\CortexM3\ARM_GCC_493\Debug\Control_RS_PM.o .\CortexM3\ARM_GCC_493\Debug\USBUART_1.o .\CortexM3\ARM_GCC_493\Debug\USBUART_1_audio.o .\CortexM3\ARM_GCC_493\Debug\USBUART_1_boot.o .\CortexM3\ARM_GCC_493\Debug\USBUART_1_cdc.o .\CortexM3\ARM_GCC_493\Debug\USBUART_1_cls.o .\CortexM3\ARM_GCC_493\Debug\USBUART_1_descr.o .\CortexM3\ARM_GCC_493\Debug\USBUART_1_drv.o .\CortexM3\ARM_GCC_493\Debug\USBUART_1_episr.o .\CortexM3\ARM_GCC_493\Debug\USBUART_1_hid.o .\CortexM3\ARM_GCC_493\Debug\USBUART_1_pm.o .\CortexM3\ARM_GCC_493\Debug\USBUART_1_std.o .\CortexM3\ARM_GCC_493\Debug\USBUART_1_vnd.o .\CortexM3\ARM_GCC_493\Debug\USBUART_1_midi.o .\CortexM3\ARM_GCC_493\Debug\USBUART_1_msc.o .\CortexM3\ARM_GCC_493\Debug\USBUART_1_Dm.o .\CortexM3\ARM_GCC_493\Debug\USBUART_1_Dp.o .\CortexM3\ARM_GCC_493\Debug\VUSB.o .\CortexM3\ARM_GCC_493\Debug\USBUART_1_Vbus_ps.o .\CortexM3\ARM_GCC_493\Debug\EEPROM_1.o .\CortexM3\ARM_GCC_493\Debug\ADC_IN.o .\CortexM3\ARM_GCC_493\Debug\Fault_Reg.o .\CortexM3\ARM_GCC_493\Debug\PGA_2.o .\CortexM3\ARM_GCC_493\Debug\PGA_2_PM.o .\CortexM3\ARM_GCC_493\Debug\DAC_Current_Control.o .\CortexM3\ARM_GCC_493\Debug\DAC_Current_Control_PM.o .\CortexM3\ARM_GCC_493\Debug\DAC_Curr_OUT.o .\CortexM3\ARM_GCC_493\Debug\CyBootAsmGnu.o
arm-none-eabi-ar.exe: creating .\CortexM3\ARM_GCC_493\Debug\Laserschutzschaltung.a
arm-none-eabi-gcc.exe -Wl,--start-group -o .\CortexM3\ARM_GCC_493\Debug\Laserschutzschaltung.elf .\CortexM3\ARM_GCC_493\Debug\main.o .\CortexM3\ARM_GCC_493\Debug\pid.o .\CortexM3\ARM_GCC_493\Debug\cli.o .\CortexM3\ARM_GCC_493\Debug\eeprom.o .\CortexM3\ARM_GCC_493\Debug\Cm3Start.o .\CortexM3\ARM_GCC_493\Debug\cymetadata.o .\CortexM3\ARM_GCC_493\Debug\Laserschutzschaltung.a "C:\Program Files\Cypress\PSoC Creator\4.0\PSoC Creator\psoc\content\cycomponentlibrary\CyComponentLibrary.cylib\CortexM3\ARM_GCC_493\Debug\CyComponentLibrary.a" -mcpu=cortex-m3 -mthumb -g -ffunction-sections -O0 -ffat-lto-objects -l m -L Generated_Source\PSoC5 -Wl,-Map,.\CortexM3\ARM_GCC_493\Debug/Laserschutzschaltung.map -T "C:\Users\Luggi\Desktop\Aktuelles Projekt Laser_schutzschaltung\Aktuelles Projekt Laser_schutzschaltung\Laserschutzschaltung.cydsn\Generated_Source\PSoC5\cm3gcc.ld" -specs=nano.specs -Wl,--gc-sections -Wl,--end-group
cyelftool.exe -C "C:\Users\Luggi\Desktop\Aktuelles Projekt Laser_schutzschaltung\Aktuelles Projekt Laser_schutzschaltung\Laserschutzschaltung.cydsn\CortexM3\ARM_GCC_493\Debug\Laserschutzschaltung.elf" --flash_row_size 256 --flash_size 262144
cyelftool.exe -S "C:\Users\Luggi\Desktop\Aktuelles Projekt Laser_schutzschaltung\Aktuelles Projekt Laser_schutzschaltung\Laserschutzschaltung.cydsn\CortexM3\ARM_GCC_493\Debug\Laserschutzschaltung.elf"
Flash used: 52868 of 262144 bytes (20,2%).
SRAM used: 3157 of 65536 bytes (4,8%). Stack: 2048 bytes. Heap: 128 bytes.
--------------- Rebuild Succeeded: 04/24/2017 10:06:52 ---------------
