ARM GAS  C:\Users\Luggi\AppData\Local\Temp\cc8JzSXg.s 			page 1


   1              		.syntax unified
   2              		.cpu cortex-m3
   3              		.fpu softvfp
   4              		.eabi_attribute 20, 1
   5              		.eabi_attribute 21, 1
   6              		.eabi_attribute 23, 3
   7              		.eabi_attribute 24, 1
   8              		.eabi_attribute 25, 1
   9              		.eabi_attribute 26, 1
  10              		.eabi_attribute 30, 1
  11              		.eabi_attribute 34, 1
  12              		.eabi_attribute 18, 4
  13              		.thumb
  14              		.file	"USBUART_1_msc.c"
  15              		.text
  16              	.Ltext0:
  17              		.section	.gnu.lto_.profile.53c7bfab,"",%progbits
  18 0000 789C6366 		.ascii	"x\234cf```a\200\000F\006\033u\000\001\023\000l"
  18      60606061 
  18      80004606 
  18      1B750001 
  18      13006C
  19              		.text
  20              		.section	.gnu.lto_.inline.53c7bfab,"",%progbits
  21 0000 789C6366 		.ascii	"x\234cf\300\016\374\24143\003\203\262\020#\003\223E"
  21      C00EFCA1 
  21      34330383 
  21      B2102303 
  21      9345
  22 0012 D37B4606 		.ascii	"\323{F\006\266\005\362L A&n\030\301\314\300\312\302"
  22      B605F24C 
  22      2041266E 
  22      18C1CCC0 
  22      CAC2
  23 0024 C8C8C008 		.ascii	"\310\310\300\010d1]\340\207(\0002X@\252X@r\014L,\013"
  23      64315DE0 
  23      87280032 
  23      5840AA58 
  23      40720C4C 
  24 003a E4E11A19 		.ascii	"\344\341\032\031\000=\225\007R"
  24      003D9507 
  24      52
  25              		.text
  26              		.section	.gnu.lto_.jmpfuncs.53c7bfab,"",%progbits
  27 0000 789C6366 		.ascii	"x\234cf\300\016\370\24143\204ddd\254g\0012\000\004\375"
  27      C00EF8A1 
  27      34338464 
  27      6464AC67 
  27      01320004 
  28 0015 009F     		.ascii	"\000\237"
  29              		.text
  30              		.section	.gnu.lto_.pureconst.53c7bfab,"",%progbits
  31 0000 789C6366 		.ascii	"x\234cf```g\200\000f\006)f\011\026\026\000\001\254\000"
  31      60606067 
  31      80006606 
  31      29660916 
  31      160001AC 
ARM GAS  C:\Users\Luggi\AppData\Local\Temp\cc8JzSXg.s 			page 2


  32 0015 4B       		.ascii	"K"
  33              		.text
  34              		.section	.gnu.lto_USBUART_1_DispatchMSCClassRqst.53c7bfab,"",%progbits
  35 0000 789C9595 		.ascii	"x\234\225\225]l\024U\024\307\357\271\363\271\263\333"
  35      5D6C1455 
  35      14C7EFB9 
  35      F3B9B3DB 
  36 0010 EED20448 		.ascii	"\356\322\004H\326\310KMPbA\037|\350\223_\017j\344\201"
  36      D6C84B4D 
  36      5062411F 
  36      7CE8935F 
  36      0F6AE481 
  37 0024 588989C1 		.ascii	"X\211\211\301`m7\372\300G,\305\267\206\331\356\"\032"
  37      606D37FA 
  37      C0472CC5 
  37      B786D9EE 
  37      221A
  38 0036 6B250D02 		.ascii	"k%\015\002\201B\212\266\025,P\240\264\224R`\013H-T>"
  38      81428AB6 
  38      152C50A0 
  38      B4945260 
  38      0B482D54 
  39 004b EC071FFD 		.ascii	"\354\007\037\375\000kK\212B(]\002,d[\317\2713\035\206"
  39      006B4B8A 
  39      42285D02 
  39      2C645BCF 
  39      B9331D86 
  40 005f 15487693 		.ascii	"\025Hv\223\235\271\347\336s\316\375\335\37793#\261\377"
  40      9DB9E7DE 
  40      73CEFDDD 
  40      FF393323 
  40      B1FF
  41 0071 FF36E2BF 		.ascii	"\3776\342\277\332\303\330{x\007\037\003\276\366\014"
  41      DAC3D87B 
  41      78071F03 
  41      BEF60C
  42 0080 63619D73 		.ascii	"ca\235s\251l:3\015-\232\313L\237\304\345\223\317\243"
  42      A96C3A33 
  42      0D2D9ACB 
  42      4C9FC4E5 
  42      93CFA3
  43 0093 E53DF50A 		.ascii	"\345=\365\012Z2W\272\347\221\325:\013-\205\253}\006"
  43      5A3257BA 
  43      E791D53A 
  43      0B2D85AB 
  43      7D06
  44 00a5 598DC719 		.ascii	"Y\215\307\031\232*x\255\014\032\327]1:\367\270b<\334"
  44      9A2A78AD 
  44      0C1AD75D 
  44      313AF7B8 
  44      623CDC
  45 00b8 68994556 		.ascii	"h\231EV/\316\371\214\251\020/\000\015\030\260U\\\222"
  45      2FCEF98C 
  45      A9102F00 
  45      0D18B055 
  45      5C92
  46 00ca 1555D33D 		.ascii	"\025U\323=\206\027V\301u~\233C\347\301\211.\230]c\232"
ARM GAS  C:\Users\Luggi\AppData\Local\Temp\cc8JzSXg.s 			page 3


  46      861756C1 
  46      757E9B43 
  46      E7C1892E 
  46      985D639A 
  47 00de A5633FDD 		.ascii	"\245c?\335\034X\020\203\004g,\316\031\274\034\204\227"
  47      1C581083 
  47      04672CCE 
  47      19BC1C84 
  47      97
  48 00ef 8214F50B 		.ascii	"\202\024\365\013\314f\350x\261\271\257\302'\315\001"
  48      CC66E878 
  48      B1B9AFC2 
  48      27CD01
  49 00fe 1AF79E38 		.ascii	"\032\367\2368h\362\354m\030t\365F\323\242X\270\312\234"
  49      68F2EC6D 
  49      1874F546 
  49      D3A258B8 
  49      CA9C
  50 0110 989CA448 		.ascii	"\230\234\244H\330\016\222;\230~\350\037\2573\327IR\256"
  50      D80E923B 
  50      987EE81F 
  50      AF33D749 
  50      52AE
  51 0122 883D3D74 		.ascii	"\210==t?\356\033\345\011\016\00127]\030\271#\221\311"
  51      3FEE1BE5 
  51      090E0132 
  51      375D18B9 
  51      2391C9
  52 0135 39991D95 		.ascii	"9\231\035\225\343\357[\211o5\177\032+\235J,\301\257"
  52      E3EF5B89 
  52      6F357F1A 
  52      2B9D4A2C 
  52      C1AF
  53 0147 56E23A08 		.ascii	"V\342:\010\302Np\245\3360\326s\012\244\327E\352\212"
  53      C24E70A5 
  53      DE30D673 
  53      0AA4D745 
  53      EA8A
  54 0159 9AF1359A 		.ascii	"\232\3615\232\210\256\272\277\307|\303\025\275\373)"
  54      88AEBABF 
  54      C77CC315 
  54      BDFB29
  55 0168 D1B7A3C9 		.ascii	"\321\267\243\311\013^5j\232f\000v@6\354\302\177=d\223"
  55      0B5E356A 
  55      9A660076 
  55      4036ECC2 
  55      7F3D6493 
  56 017c 0078F23D 		.ascii	"\000x\362=\240\002c\222{\245>+fNN\306\033\3336j\317"
  56      A0026392 
  56      7BA53E2B 
  56      664E4EC6 
  56      1BDB366A 
  57 0191 01A31599 		.ascii	"\001\243\025\231%\270\254\340EQ\351\242\221\251\323"
  57      25B8ACE0 
  57      4551E9A2 
  57      91A9D3
  58 01a0 C8C328C8 		.ascii	"\310\303(\310 \333K\266\217.\031df\322\310\317(_\200"
ARM GAS  C:\Users\Luggi\AppData\Local\Temp\cc8JzSXg.s 			page 4


  58      20DB4BB6 
  58      8F2E1964 
  58      66D2C8CF 
  58      285F80
  59 01b3 EC697851 		.ascii	"\354ixQ\263h4C\244\234I\303\240\03026\214(T\276\021"
  59      B3683443 
  59      A49C49C3 
  59      A0183236 
  59      8C2854BE 
  60 01c8 1408EF52 		.ascii	"\024\010\357R/\224\306.-\025l\270\216g\2702|\366\274"
  60      2F94C62E 
  60      2D156CB8 
  60      8E67B832 
  60      7CF6BC
  61 01db 4E0A12F2 		.ascii	"N\012\022\362^<\335e8\326r\373@\016\271\334\3432z\264"
  61      5E3CDD65 
  61      38D672FB 
  61      400EB9DC 
  61      E3327AB4 
  62 01ef 6CEFBBEE 		.ascii	"l\357\273\356'\017\315\214\205M\231\271\2034\241\303"
  62      270FCD8C 
  62      854D99B9 
  62      8334A1C3 
  63 01ff CD81EF92 		.ascii	"\315\201\357\222\260\0056\207\243(\227\016\373P\247"
  63      B0053687 
  63      A328970E 
  63      FB50A7
  64 020e 06D20997 		.ascii	"\006\322\011\227\036\016\205\267zs\352LZ\361\300~\364"
  64      1E0E85B7 
  64      7A73EA4C 
  64      5AF1C07E 
  64      F4
  65 021f 1AE7B67A 		.ascii	"\032\347\266z\345\273\253\343\"\257!\221y\356\333u\021"
  65      E5BBABE3 
  65      22AF2191 
  65      79EEDB75 
  65      11
  66 0230 DFBC5DC2 		.ascii	"\337\274]\302\323\013\215\220\003M\226\326p\000\346"
  66      D30B8D90 
  66      034D96D6 
  66      7000E6
  67 023f 2155E9A0 		.ascii	"!U\351\240f1)\210\205v\244_\265l\232\302\370\352\037"
  67      66312988 
  67      8576A45F 
  67      B56C9AC2 
  67      F8EA1F
  68 0252 D7EF5428 		.ascii	"\327\357T(\235\2423h\266\017\002\226\213\226\016\344"
  68      9DA23368 
  68      B60F0296 
  68      8B960EE4 
  69 0262 4137A4D3 		.ascii	"A7\244\323`\206h\260\312x\327~\277\003\331\202\220\207"
  69      608668B0 
  69      CA78D77E 
  69      BF03D982 
  69      9087
  70 0274 6CC8561B 		.ascii	"l\310V\033r\315\260\275\247\216\333\022\346\035\033"
  70      72CDB0BD 
ARM GAS  C:\Users\Luggi\AppData\Local\Temp\cc8JzSXg.s 			page 5


  70      A78EDB12 
  70      E61D1B
  71 0283 D3234875 		.ascii	"\323#Hu\326\013\\\310\217\325\305IA\271\2675\327\362"
  71      D60B5CC8 
  71      8FD5C549 
  71      41B9B735 
  71      D7F2
  72 0295 31D2E13C 		.ascii	"1\322\341<\354\346\274\367\363\325\177Apjd\326\216\036"
  72      ECE6BCF7 
  72      F3D57F41 
  72      706A64D6 
  72      8E1E
  73 02a7 69CD7038 		.ascii	"i\315p8\217 \347Q\2333\366\270\230^\334\324-\246\017"
  73      8F20E751 
  73      9B33F6B8 
  73      985EDCD4 
  73      2DA60F
  74 02ba A752D5CB 		.ascii	"\247R\325\313H\207\252\315MU\261\272\2719SP\251dV\305"
  74      4887AACD 
  74      4D55B1BA 
  74      B9395350 
  74      A96456C5 
  75 02ce D627B943 		.ascii	"\326'\271Cu\014\251\216\333T'R\325\313\304m\335\352"
  75      750CA98E 
  75      DB542752 
  75      D5CBC46D 
  75      DDEA
  76 02e0 F9055AA6 		.ascii	"\371\005Z\246\243^=\251\347\267\232\365\360\213\226"
  76      A35E3DA9 
  76      E7B79AF5 
  76      F08B96
  77 02ef 4F201DCE 		.ascii	"O \035\316\337\334\234\341\332Ce\232\340\024\346\375"
  77      DFDC9CE1 
  77      DA43659A 
  77      E014E6FD 
  78 02ff C1FAB90E 		.ascii	"\301\372\271\016\346I\304l\2671\177O\305\234\206\273"
  78      E649C46C 
  78      B7317F4F 
  78      C59C86BB 
  79 030f B21E8876 		.ascii	"\262\036\210vF>\263'\334O\207\212!\035\366\013c\204"
  79      463EB327 
  79      DC4F878A 
  79      211DF60B 
  79      6384
  80 0321 4BAC6CBA 		.ascii	"K\254l\272$\200\217~l9g\245\003|\312\015\334\276et\237"
  80      24808F7E 
  80      6C3967A5 
  80      037CCA0D 
  80      DCBE6574 
  81 0336 2C80C5AB 		.ascii	",\200\305\253\353\306\017\233\3534\207\3704\022w\332"
  81      EBC60F9B 
  81      EB3487F8 
  81      341277DA 
  82 0346 C47F2031 		.ascii	"\304\177 1\362]\214\024=\332rt\307\266\365\006\005\313"
  82      F25D8C14 
  82      3DDA7274 
  82      C7B6F506 
ARM GAS  C:\Users\Luggi\AppData\Local\Temp\cc8JzSXg.s 			page 6


  82      05CB
  83 0358 13F8123A 		.ascii	"\023\370\022:\343\000\312,\251I\302\271\256\314\226"
  83      E300CA2C 
  83      A949C2B9 
  83      AECC96
  84 0367 D4E31647 		.ascii	"\324\343\026G\301|g\035o\205\335\222-\357\007\222]#"
  84      C17C671D 
  84      6F85DD92 
  84      2DEF0792 
  84      5D23
  85 0379 379882A9 		.ascii	"7\230\202\251\3179\316*\353at\366\273k\356nl\022\332"
  85      CF39CE2A 
  85      EB6174F6 
  85      BB6BEE6E 
  85      6C12DA
  86 038c A1EFD6AE 		.ascii	"\241\357\326\256\362\335\274\344\241\371\215\251'\270"
  86      F2DDBCE4 
  86      A1F98DA9 
  86      27B8
  87 039a 2FC9ADA3 		.ascii	"/\311\255\2439\352\371\2049d\326&4\322\307\014\243W"
  87      39EAF984 
  87      3964D626 
  87      34D2C70C 
  87      A357
  88 03ac 069C8712 		.ascii	"\006\234\207\022\370\323\026(\271\372\237\032\203\004"
  88      F8D31628 
  88      B9FA9F1A 
  88      8304
  89 03ba 0AC7E627 		.ascii	"\012\307\346'x&t\011\211\200\316\335\0159\251;\370\223"
  89      78267409 
  89      8980CEDD 
  89      0D39A93B 
  89      F893
  90 03cc B4E4DEC1 		.ascii	"\264\344\336\301/\314\355\341h\245\250\200I^\014zp\207"
  90      2FCCEDE1 
  90      68A5A880 
  90      495E0C7A 
  90      7087
  91 03de 5E7B8781 		.ascii	"^{\207\201\341\007\037\211\370\330'\350\016\027\320"
  91      E1071F89 
  91      F8D827E8 
  91      0E17D0
  92 03ed 0F935F84 		.ascii	"\017\223_\204\022\352\274\261\261\366\275\336g\236%"
  92      12EABCB1 
  92      B1F6BDDE 
  92      679E25
  93 03fc 15FED253 		.ascii	"\025\376\322S\341\003pY\300\213\327p\237\200?\277\251"
  93      E1037059 
  93      C08BD770 
  93      9F803FBF 
  93      A9
  94 040d 3622DE8F 		.ascii	"6\"\336\217\001\224\262\037\243\372!\022k8\371\202%"
  94      0194B21F 
  94      A3FA2112 
  94      6B38F982 
  94      25
  95 041e F68CD44D 		.ascii	"\366\214\324M\247\305\351x0\200l\011\236\345<(;\350"
ARM GAS  C:\Users\Luggi\AppData\Local\Temp\cc8JzSXg.s 			page 7


  95      A7C5E978 
  95      30806C09 
  95      9EE53C28 
  95      3BE8
  96 0430 4199218A 		.ascii	"A\231!\212\240\261h\256\325\200\335m\036+\313\314t:"
  96      A0B168AE 
  96      D580DD6D 
  96      1E2BCBCC 
  96      743A
  97 0442 70D0DD81 		.ascii	"p\320\335\201\217\267\334\025W\313]Mi9\332\243\374\364"
  97      8FB7DC15 
  97      57CB5D4D 
  97      6939DAA3 
  97      FCF4
  98 0454 A636F11A 		.ascii	"\2466\361\032\225'\3610\1779}\241\263\216\351V\0235"
  98      9527F130 
  98      7F397DA1 
  98      B38EE956 
  98      1335
  99 0466 7C3FD572 		.ascii	"|?\325r\256\036\363\260u\031\326\362\320T\217\271V\015"
  99      AE1EF3B0 
  99      7519D6F2 
  99      D0548FB9 
  99      560D
 100 0478 B656A1F3 		.ascii	"\266V\241\363\214\355\351O\263\016C\317\250\303\337"
 100      8CEDE94F 
 100      B30E43CF 
 100      A8C3DF
 101 0487 8FEA302C 		.ascii	"\217\3520,\352\340\264K\000\247F\354:$\277\266\353\020"
 101      EAE0B44B 
 101      00A746EC 
 101      3A24BFB6 
 101      EB10
 102 0499 7C421D30 		.ascii	"|B\0350\030\256=\251\016A\301\355\235\372\022\007\230"
 102      18AE3DA9 
 102      0E41C1ED 
 102      9DFA1207 
 102      98
 103 04aa 350D6C10 		.ascii	"5\015l\020\302\261\015\355\334J\211e\274\006@\037c\271"
 103      C2B10DED 
 103      DC4A8965 
 103      BC06401F 
 103      63B9
 104 04bc F3A64A77 		.ascii	"\363\246JwM|\232uq\3650\314c\3348P\305\311\222\320\003"
 104      4D7C9A75 
 104      71F530CC 
 104      63DC3850 
 104      C5C992D0 
 105 04d1 EBAB5636 		.ascii	"\353\253V6T\013[A\033?\372@[ \306\354wB\313BE\371\305"
 105      540B5B41 
 105      1B3FFA40 
 105      5B20C6EC 
 105      7742CB42 
 106 04e8 A1C2C579 		.ascii	"\241\302\305y\313W\026\025\204\026-\310[\376\366k\213"
 106      CB571615 
 106      84162DC8 
 106      5BFEF66B 
ARM GAS  C:\Users\Luggi\AppData\Local\Temp\cc8JzSXg.s 			page 8


 106      8B
 107 04f9 16E6BDB5 		.ascii	"\026\346\275\265\360\315\017>\\\374\352\342\245+\012"
 107      F0CD0F3E 
 107      5CFCEAE2 
 107      A52B0A
 108 0508 E616B0CC 		.ascii	"\346\026\260\314\242\320\227+C+\212\337\315_V\270$T"
 108      A2D0972B 
 108      432B8ADF 
 108      CD5F56B8 
 108      2454
 109 051a A87C95BF 		.ascii	"\250|\225\277de\310(\314/\316\237\037Z\366y\361\027"
 109      6465C828 
 109      CC2FCE9F 
 109      1F5AF679 
 109      F117
 110 052c FF01BB57 		.ascii	"\377\001\273Wo\332"
 110      6FDA
 111              		.text
 112              		.section	.gnu.lto_USBUART_1_MSC_SetLunCount.53c7bfab,"",%progbits
 113 0000 789C6550 		.ascii	"x\234eP\275KBQ\024?\277\373\310\036\270D\223\274]\244"
 113      BD4B4251 
 113      143FBFFB 
 113      C81EB844 
 113      93BC5DA4 
 114 0014 88A0C035 		.ascii	"\210\240\3005*\007\327\310\334\004\011{[i\230\216\342"
 114      2A07D7C8 
 114      DC04097B 
 114      5B69988E 
 114      E2
 115 0025 7D66D214 		.ascii	"}f\322\024\346\024\330\307\020\221e\032\375\003%\264"
 115      E614D8C7 
 115      1091651A 
 115      FD0325B4 
 116 0035 34191514 		.ascii	"4\031\025\0248\324\242`[\342 \217\022;7\307.\034\316"
 116      38D4A260 
 116      5BE2208F 
 116      123B37C7 
 116      2E1CCE
 117 0048 C7FD7D9C 		.ascii	"\307\375}\234{5\372\177\014\016/\210f9C#\210|\235\310"
 117      7B35FA7F 
 117      0C0E2F88 
 117      66394323 
 117      887C9DC8 
 118 005c D205A00A 		.ascii	"\322\005\240\012\002\245\005\322\370\024\035\201|\255"
 118      02A505D2 
 118      F8141D81 
 118      7CAD
 119 006a 7CE0F49C 		.ascii	"|\340\364\234I)\2772w\256\035\227-\210\272b(\203sx\030"
 119      4929BF32 
 119      77AE1D97 
 119      2D88BA62 
 119      28837378 
 120 007f F27C73DF 		.ascii	"\362|s\337\322\265I\020\327\017\355J\316\341>\2252S"
 120      D2B54910 
 120      D70FED4A 
 120      CEE13E95 
 120      3253
ARM GAS  C:\Users\Luggi\AppData\Local\Temp\cc8JzSXg.s 			page 9


 121 0091 AB57E53C 		.ascii	"\253W\345<l\326,Ac\006\246\014L\030\304\003\302\005"
 121      6CD62C41 
 121      6306A60C 
 121      4C18C403 
 121      C205
 122 00a3 DC0ADCC9 		.ascii	"\334\012\334\311\366\337\234\216,k\217\0155q\011\007"
 122      F6DF9C8E 
 122      2C6B8F0D 
 122      35710907 
 123 00b3 AF45D7E3 		.ascii	"\257E\327\34359\030t\177\366\333s\030\001\024^0\223"
 123      35391874 
 123      7FF6DB73 
 123      1801145E 
 123      3093
 124 00c5 214D0EB5 		.ascii	"!M\016\265c\213\033\316Z\003\333\205\334\353\311\246"
 124      638B1BCE 
 124      5A03DB85 
 124      DCEBC9A6 
 125 00d5 62F684E8 		.ascii	"b\366\204\350\261\250\300A\321\276\035m\013\266\032"
 125      B1A8C041 
 125      D1BE1D6D 
 125      0BB61A
 126 00e4 B0591906 		.ascii	"\260Y\031\0065\220)@a\370\366\370e\257*R\337rW\352\266"
 126      35902940 
 126      61F8F6F8 
 126      65AF2A52 
 126      DF7257EA 
 127 00f9 D0FACA97 		.ascii	"\320\372\312\227\247\037\315\307']q\264\277\266de\017"
 127      A71FCDC7 
 127      275D71B4 
 127      BFB66465 
 127      0F
 128 010a 7184A225 		.ascii	"q\204\242%\025\012\270B\012\025\026\"Ty\314N\364\016"
 128      150AB842 
 128      0A151622 
 128      5479CC4E 
 128      F40E
 129 011c ABD6F32B 		.ascii	"\253\326\363+M\365\025M~\026\357\303b\036\277\0315\343"
 129      4DF5154D 
 129      7E16EFC3 
 129      621EBF19 
 129      35E3
 130 012e AB09732D 		.ascii	"\253\011s-\034\210%\343\0213\264\024\210\371\274\241"
 130      1C8825E3 
 130      1133B414 
 130      88F9BCA1 
 131 013e 606031B8 		.ascii	"``1\270\260\274\022\236\011olE\246#\244\257'\243\276"
 131      B0BC129E 
 131      096F6C45 
 131      A623A4AF 
 131      27A3BE
 132 0151 58329AF8 		.ascii	"X2\232\370\005ze|\220"
 132      057A657C 
 132      90
 133              		.text
 134              		.section	.gnu.lto_USBUART_1_MSC_GetLunCount.53c7bfab,"",%progbits
 135 0000 789C6366 		.ascii	"x\234cf\300\004R@\374\017\2105\201\230\221\231\201\221"
ARM GAS  C:\Users\Luggi\AppData\Local\Temp\cc8JzSXg.s 			page 10


 135      C0045240 
 135      FC0F8835 
 135      81989199 
 135      8191
 136 0012 69C23906 		.ascii	"i\3029\006\206F\016&FF\020\203\201\221\241\236\211\261"
 136      86460E26 
 136      46461083 
 136      8191A19E 
 136      89B1
 137 0024 9EF125D3 		.ascii	"\236\361%\323G&\3063;\377]fT_\332\320\320\364\341\321"
 137      4726C633 
 137      3BFF5D66 
 137      545FDAD0 
 137      D0F4E1D1 
 138 0038 E53BDCAD 		.ascii	"\345;\334\255\022?\231\030\030>310\352H1j\202\314a\\"
 138      123F9918 
 138      183E3331 
 138      30EA4831 
 138      6A82CC61 
 139 004d CEA8CE00 		.ascii	"\316\250\316\000T\370\261\345\357un\266\226\206\206"
 139      54F8B1E5 
 139      EF756EB6 
 139      968686
 140 005c 0601903C 		.ascii	"\006\001\220<Pb\005#\033#\220^/t\240\341\377\377\317"
 140      50620523 
 140      1B23905E 
 140      2F74A0E1 
 140      FFFFCF
 141 006f E727ADD0 		.ascii	"\347'\255\320bbab\370\311\004\264\021d\010\303\023 "
 141      62626162 
 141      F8C904B4 
 141      116408C3 
 141      1320
 142 0081 01B2EF29 		.ascii	"\001\262\357)\023\023\210f\276\305\3304i\343\225 \220"
 142      13138866 
 142      BEC5D834 
 142      69E39520 
 142      90
 143 0092 BEEF4C20 		.ascii	"\276\357L \273\347]\356[\307T\373\273\241\243\201\343"
 143      BBE75DEE 
 143      5BC754FB 
 143      BBA1A381 
 143      E3
 144 00a3 2713D35F 		.ascii	"'\023\323_\220\036\240\350\375'\347/r\274`\002\212\200"
 144      901EA0E8 
 144      FD27E72F 
 144      72BC6002 
 144      8A80
 145 00b5 B92B1A5B 		.ascii	"\271+\032[\3460\316e\234\335\330\000R\305\300\270\222"
 145      E630CE65 
 145      9CDDD800 
 145      52C5C0B8 
 145      92
 146 00c6 B1967115 		.ascii	"\261\226q\025#\320e\214\253\201\302\014\267\030\233"
 146      23D0658C 
 146      AB81C20C 
 146      B7189B
ARM GAS  C:\Users\Luggi\AppData\Local\Temp\cc8JzSXg.s 			page 11


 147 00d5 27B1418C 		.ascii	"'\261A\214d\206\230zq\326\262f~\220~\240?\031\327\000"
 147      6486987A 
 147      71D6B266 
 147      7E907EA0 
 147      3F19D700 
 148 00e9 55DE6364 		.ascii	"U\336cd\204*\000;\212\021\344\030\240\331\352\356\251"
 148      842A003B 
 148      8A11E418 
 148      A0D9EAEE 
 148      A9
 149 00fa 79A94589 		.ascii	"y\251E\211%\251)\361\301\371\245E\311\2511\001\301\371"
 149      25A929F1 
 149      C1F9A545 
 149      C9A93101 
 149      C1F9
 150 010c CEA631A1 		.ascii	"\316\2461\241\301N\241\216A!\361\206\361\271\305\311"
 150      C14EA18E 
 150      4121F186 
 150      F1B9C5C9 
 151 011c 7AC90C00 		.ascii	"z\311\014\000'\231fE"
 151      27996645 
 152              		.text
 153              		.section	.gnu.lto_.symbol_nodes.53c7bfab,"",%progbits
 154 0000 789C4DCC 		.ascii	"x\234M\314!\016\2000\020D\321\277\273-A 8(w\230\012"
 154      210E8030 
 154      1044D1BF 
 154      BB2D4120 
 154      38287798 
 155 0015 3441A12B 		.ascii	"4A\241+8\012\032\301\211h\002\242\343^&\371\001,\374"
 155      380A1AC1 
 155      896802A2 
 155      E35E26F9 
 155      012CFC
 156 0028 7313EC37 		.ascii	"s\023\3547H\034u$'f\221\261\352\012wY\177z\310{\333"
 156      481C7524 
 156      276691B1 
 156      EA0A7759 
 156      7F7AC87B 
 157 003d A0F84C29 		.ascii	"\240\370L)\215Y\251c0pnS\264\332\372\\\306\013F$\030"
 157      8D59A963 
 157      30706E53 
 157      B4DAFA5C 
 157      C60B4624 
 158 0052 D2       		.ascii	"\322"
 159              		.text
 160              		.section	.gnu.lto_.refs.53c7bfab,"",%progbits
 161 0000 789C25C1 		.ascii	"x\234%\301\261\001\000 \010\304\300\344a\007\244r\377"
 161      B1010020 
 161      08C4C0E4 
 161      6107A472 
 161      FF
 162 0011 2D2DBC2B 		.ascii	"--\274+`\371\032\235d\364\350\265Ll\"\017\013\267\000"
 162      60F91A9D 
 162      64F4E8B5 
 162      4C6C220F 
 162      0BB700
 163 0024 A1       		.ascii	"\241"
ARM GAS  C:\Users\Luggi\AppData\Local\Temp\cc8JzSXg.s 			page 12


 164              		.text
 165              		.section	.gnu.lto_.decls.53c7bfab,"",%progbits
 166 0000 789C8D56 		.ascii	"x\234\215V}LSW\024\177\247\267\024,\025\214$~\220mv"
 166      7D4C5357 
 166      147FA7B7 
 166      142C158C 
 166      247E906D 
 167 0015 9030B718 		.ascii	"\2200\267\030\243Y\266\370\237(l\272\314m\206\217d\213"
 167      A359B6F8 
 167      9F286CBA 
 167      CC6D868F 
 167      648B
 168 0027 665D533B 		.ascii	"f]S;5c\205\321\3072\377\332\345k\"S\254LT\\\004\024"
 168      356385D1 
 168      C732FFDA 
 168      E56B2253 
 168      AC4C545C 
 169 003d 50104154 		.ascii	"P\020AT\024\360\013\020\206Le\312\300*\362!\352@\034"
 169      14F00B10 
 169      864C65CA 
 169      C02AF221 
 169      EA401C
 170 0050 A8451170 		.ascii	"\250E\021p:\273s\357{\245\017\005\335KN\333\363\356"
 170      3ABB73EF 
 170      7BA50F05 
 170      DD4B4EDB 
 170      F3EE
 171 0062 39BFF3BB 		.ascii	"9\277\363\273\347\234{n\211 \010\013@\020\234\370\374"
 171      E79C7B6E 
 171      8920080B 
 171      40109CF8 
 171      FC
 172 0073 A21584AB 		.ascii	"\242\025\204\253\370[\215\357\226\013\356\307\003\345"
 172      F85B8DEF 
 172      960BEEC7 
 172      03E5
 173 0081 10CA5194 		.ascii	"\020\312Q\224r\224J\224\023(*\224\353(7\205\261\017"
 173      72944A94 
 173      13282A94 
 173      EB283785 
 173      B10F
 174 0093 B3F54329 		.ascii	"\263\365C)B\361A\321\241\324\241LC\321\243t\243<@\031"
 174      42F141D1 
 174      A1D4A14C 
 174      43D1A374 
 174      A33C4019 
 175 00a7 407988B2 		.ascii	"@y\210\262\024\245\036e\020\245\003\345\021\312\020"
 175      14A51E65 
 175      10A503E5 
 175      11CA10
 176 00b6 CA30CA08 		.ascii	"\3120\312\010\312A\024\202\322\207\322\212rE\326\017"
 176      CA411482 
 176      D287D28A 
 176      7245D60F 
 177 00c6 C93C2A5F 		.ascii	"\311<*_\302\205qv\355\247H\3460$\257\201\274\016\343"
 177      C2857176 
 177      EDA748E6 
ARM GAS  C:\Users\Luggi\AppData\Local\Temp\cc8JzSXg.s 			page 13


 177      3024AF81 
 177      BC0EE3
 178 00d9 F895CB31 		.ascii	"\370\225\3131\306\363)\237\300g@\005\366\252\365\353"
 178      C6F3299F 
 178      C0674005 
 178      F6AAF5EB 
 179 00e9 BD880AD8 		.ascii	"\275\210\012\330\357\334\0357Z\264s\366SJShu5\270\215"
 179      EFDC1D37 
 179      5AB473F6 
 179      534A5368 
 179      7535B88D 
 180 00fd E2F79ED8 		.ascii	"\342\367\236\330\350\331\253\202iZ\256\246\235\337Y"
 180      E8D9AB82 
 180      695AAEA6 
 180      9DDF59
 181 010c 43B8EA64 		.ascii	"C\270\352d~\252\326\326\255\217\011h\203R(M\240\216"
 181      7EAAD6D6 
 181      AD8F0968 
 181      8352284D 
 181      A08E
 182 011e 744A6608 		.ascii	"tJf\0100\307\037\336\366\027\340\000\004\241\031\024"
 182      30C71FDE 
 182      F617E000 
 182      04A11914 
 183 012e C01C010A 		.ascii	"\300\034\001\012\301\037\366\203\277\220\207\001\034"
 183      C11FF683 
 183      BF908701 
 183      1C
 184 013b D92DD75E 		.ascii	"\331-\327^\243T\015E\240\205}@\270\005\222d\021\344"
 184      A3540D45 
 184      A0857D40 
 184      B8059264 
 184      11E4
 185 014d A0952583 		.ascii	"\240\225%\203\215\336\030\305G\253g\352\361\364\206"
 185      8DDE18C5 
 185      47AB67EA 
 185      F1F486
 186 015c 1D1A5475 		.ascii	"\035\032TuZ5S7$\225\222\351\031\210Dm\211t\212\204S"
 186      5A355337 
 186      249592E9 
 186      1988446D 
 186      89748A84 
 187 0171 8C014A30 		.ascii	"\214\001J0\200\000\007a:~\256PKH\027\356\027\355\362"
 187      80000761 
 187      3A7EAE50 
 187      4B4817EE 
 187      17EDF2
 188 0184 20F3F91E 		.ascii	" \363\371\036{\206\333\376\361\326g\321\234RGA\3555"
 188      7B86DBFE 
 188      F1D667D1 
 188      9C524741 
 188      ED35
 189 0196 92497312 		.ascii	"\222Is\022\3503'\356\203\371@\351(\023\201\375\226\022"
 189      E83327EE 
 189      83F940E9 
 189      281381FD 
 189      9612
ARM GAS  C:\Users\Luggi\AppData\Local\Temp\cc8JzSXg.s 			page 14


 190 01a8 7808F4E8 		.ascii	"x\010\364\350hK\256\261\251\325X5\036j\005'\361\310"
 190      684BAEB1 
 190      A9D55835 
 190      1E6A0527 
 190      F1C8
 191 01ba 79235FA5 		.ascii	"y#_\245d\261|\232\202\304\021N\3420\310,\272\223\372"
 191      64B17C9A 
 191      82C4114E 
 191      E230C82C 
 191      BA93FA
 192 01cd 3601F981 		.ascii	"6\001\371\201\263(\355\352\314\322r\026]#\265\346\352"
 192      B328EDEA 
 192      CCD27216 
 192      5D23B5E6 
 192      EA
 193 01de 24FAD4E9 		.ascii	"$\372\324\351$\334\003\312\024\024\312\\\024\216r\012"
 193      24DC03CA 
 193      1414CA5C 
 193      148E720A 
 194 01ee 67939A13 		.ascii	"g\223\232\023}H:p\210\344\214\221\015\236\022DV\267"
 194      7D483A70 
 194      88E48C91 
 194      0D9E1244 
 194      56B7
 195 0200 0C9148A9 		.ascii	"\014\221H\251\274\221c\012\224c.\224r\216\322\223wg"
 195      BC91630A 
 195      94632E94 
 195      728ED293 
 195      7767
 196 0212 EF247240 		.ascii	"\357$r@B)\352\267\025\371\"J\027--\270}\0342\351ne:"
 196      4229EAB7 
 196      15F9224A 
 196      172D2DB8 
 196      7D1C32E9 
 197 0229 2A142815 		.ascii	"*\024(\025.\224J\216r\363L+\220\021\011d\327\366\244"
 197      2E944A8E 
 197      72F34C2B 
 197      90110964 
 197      D7F6A4
 198 023c 0A3507C9 		.ascii	"\0125\007\311i\315\377I\337@\253\235\316\205\034\340"
 198      69CDFF49 
 198      DF40AB9D 
 198      CE851CE0 
 199 024c B802E0B8 		.ascii	"\270\002\340\270\013\340\004\007(\255*\3320\211\227"
 199      0BE00407 
 199      28AD2ADA 
 199      308997
 200 025b F72B8631 		.ascii	"\367+\2061\234\354\330\240\345\345\3251\365\374\315"
 200      9CECD8A0 
 200      E5E5D531 
 200      F5FCCD
 201 026a 91873ABE 		.ascii	"\221\207:\276:\205\251;\257t\017\022\276\252\342\001"
 201      3A85A93B 
 201      AF740F12 
 201      BEAAE201 
 202 027a 1FDC3B39 		.ascii	"\037\334;9\211\244K]\353jN\275\324\234\333\373F\312"
 202      89A44B5D 
ARM GAS  C:\Users\Luggi\AppData\Local\Temp\cc8JzSXg.s 			page 15


 202      EB6A4EBD 
 202      D49CDBFB 
 202      46CA
 203 028c BCB8CA52 		.ascii	"\274\270\312R\212\335\271\367\322\360N\037\010\322J"
 203      8ADDB9F7 
 203      D2F04E1F 
 203      08D24A
 204 029b 6D6797DA 		.ascii	"mg\227\332\256\016kX\355n;\275\334v\274\203i\"\365\230"
 204      AE0E6B58 
 204      ED6E3BBD 
 204      DC76BC83 
 204      6922F598 
 205 02af 2DC0692C 		.ascii	"-\300i,d\025\026\022j\261\207\365r\017\327\340\3133"
 205      64151612 
 205      6AB187F5 
 205      720FD7E0 
 205      CB33
 206 02c1 F8923564 		.ascii	"\370\2225dIz\2117\311\224H\034\035J\255\234\254Ma\276"
 206      497A8937 
 206      C994481C 
 206      1D4AAD9C 
 206      AC4D61BE 
 207 02d5 AF3E0068 		.ascii	"\257>\000h\237\370\244\366\342d]*\013\207\2353i)\324"
 207      9FF8A4F6 
 207      E2645D2A 
 207      0B879D33 
 207      6929D4
 208 02e8 8FE9DFB3 		.ascii	"\217\351\337\263\240\223OA\352\375\372\014_\222-Ei\254"
 208      A0934F41 
 208      EAFDFA0C 
 208      5F922D45 
 208      69AC
 209 02fa 4C4B9B4C 		.ascii	"LK\233L\362%\305\226|\264WCj%\345TR\323mB\316qE\235"
 209      F225C596 
 209      7CB45743 
 209      6A25E554 
 209      52D36D42 
 210 0312 5670E55D 		.ascii	"Vp\345]\010\010\360\013\312A|Ga\337\021\343@\002\335"
 210      0808F00B 
 210      CA417C47 
 210      61DF11E3 
 210      4002DD
 211 0325 388337EE 		.ascii	"8\2037\3569\334\364\037\340\347\2427\233E{\007?\004"
 211      39DCF41F 
 211      E0E7A237 
 211      9B457B07 
 211      3F04
 212 0337 669B7335 		.ascii	"f\233s5YS0\217'\347\274l7\232\005ny\232\261\023\266"
 212      5953308F 
 212      27E7BC6C 
 212      379A056E 
 212      799AB113 
 213 034c F086CFA1 		.ascii	"\360\206\317\241\301*A\301\231Y\3436\341\"\356\370\002"
 213      C12A41C1 
 213      9959E336 
 213      E122EEF8 
 213      02
ARM GAS  C:\Users\Luggi\AppData\Local\Temp\cc8JzSXg.s 			page 16


 214 035d 04402304 		.ascii	"\004@#\004\360\234\262\274w5\346k(0\023\301\325\017"
 214      F09CB2BC 
 214      7735E66B 
 214      283013C1 
 214      D50F
 215 036f AE73AEAA 		.ascii	"\256s\256\252\337\264m\267/\004\371q\273V\263\0274!"
 215      DFB46DB7 
 215      2F04F971 
 215      BB56B317 
 215      3421
 216 0381 D0EFEEDA 		.ascii	"\320\357\356\3320'\376\214\027\026.a\264\211\"c^\376"
 216      3027FE8C 
 216      17162E61 
 216      B4892263 
 216      5EFE
 217 0393 B50DE47A 		.ascii	"\265\015\344z+\363\314\300\335\234\377\034\315sqG\306"
 217      2BF3CCC0 
 217      DD9CFF1C 
 217      CD737147 
 217      C6
 218 03a4 3D1FF248 		.ascii	"=\037\362H\312f^\306\266\003\036\274\335\274P\365\330"
 218      CA665EC6 
 218      B6031EBC 
 218      DDBC50F5 
 218      D8
 219 03b5 9AF46BBA 		.ascii	"\232\364k\272/\004\370\005\004\005\260,u]On\326\321"
 219      2F04F805 
 219      0405B02C 
 219      755D4F6E 
 219      D6D1
 220 03c7 8679CC1B 		.ascii	"\206y\314\033\232\221\250]\201\011-0\232R\2110\245\301"
 220      9A91A85D 
 220      81092D30 
 220      9A528930 
 220      A5C1
 221 03d9 6A014EE2 		.ascii	"j\001N\342\372)\276d\227\331^E\266W\220m+\312e\2311"
 221      FA29BE64 
 221      97D95E45 
 221      B657906D 
 221      2BCA6599 
 222 03ee 87EFC85F 		.ascii	"\207\357\310_\257\243r\031~\223\341\307\226\201\243"
 222      AFA37219 
 222      7E93E1C7 
 222      9681A3
 223 03fd F37CB5F1 		.ascii	"\363|\265\361\274\332_\310+\007\352\314?\317yb7A\303"
 223      BCDA5FC8 
 223      2B07EACC 
 223      3FCF7962 
 223      3741C3
 224 0410 F33C3950 		.ascii	"\363<9P1\257'\353\254\224\376[@\022\010\237\347\367"
 224      31AF27EB 
 224      AC94FE5B 
 224      4012089F 
 224      E7F7
 225 0422 DB1F6EF1 		.ascii	"\333\037n\361\005\277\240\361\370C;\322~\331\0268\255"
 225      05BFA0F1 
 225      F8433BD2 
ARM GAS  C:\Users\Luggi\AppData\Local\Temp\cc8JzSXg.s 			page 17


 225      7ED91638 
 225      AD
 226 0433 5E2C631B 		.ascii	"^,c\033\032]s\227\321\356*#F\3138a/#~\010\037\3772x"
 226      1A5D7397 
 226      D1EE2A23 
 226      46CB3861 
 226      2F237E08 
 227 044b E1056C74 		.ascii	"\341\005lt=\226m\033\234L\266p\242\360\264\262=^\027"
 227      3D966D1B 
 227      9C4CB670 
 227      A2F0B4B2 
 227      3D5E17
 228 045e B89BE6C5 		.ascii	"\270\233\346\305;\012\316>\013\336Jmy9\324\341\\8\013"
 228      3B0ACE3E 
 228      0BDE4A6D 
 228      7939D4E1 
 228      5C380B
 229 0471 3A10A253 		.ascii	":\020\242S\012\256H}\2474\202\340:\004\242\367\266\362"
 229      0AAE487D 
 229      A73482E0 
 229      3A04A2F7 
 229      B6F2
 230 0483 33973D49 		.ascii	"3\227=I\276\004\365\254\255\264\234]/xFx\234\307w\213"
 230      BE04F5AC 
 230      ADB49C5D 
 230      2F784678 
 230      9CC7778B 
 231 0497 0310B97A 		.ascii	"\003\020\271z\017^\023\233}\267\343l\243\224M5~\210"
 231      0F5E139B 
 231      7DB7E36C 
 231      A3944D35 
 231      7E88
 232 04a9 BA6464E9 		.ascii	"\272dd\351\020\011L\307\317\033\214\377M\006MJ\232\252"
 232      10094CC7 
 232      CF1B8CFF 
 232      4D064D4A 
 232      9AAA
 233 04bb B254E0EF 		.ascii	"\262T\340\357\257\335\201W\351\310,\350FT\366\263\272"
 233      AFDD8157 
 233      E9C82CE8 
 233      4654F6B3 
 233      BA
 234 04cc D7E9FCD1 		.ascii	"\327\351\374\321)=\233=\371\353\024\226dG\202bf\010"
 234      293D9B3D 
 234      F9EB1496 
 234      64478262 
 234      6608
 235 04de FCBD007F 		.ascii	"\374\275\000\177!\357[\014\023Udt87\377\23040\203\371"
 235      21EF5B0C 
 235      13556474 
 235      3837FF98 
 235      343083F9 
 236 04f2 C0CCEDEA 		.ascii	"\300\314\355\352\003\336\243\236L\355\2538\331\340\255"
 236      03DEA39E 
 236      4CEDAB38 
 236      D9E0AD
 237 0501 4D91AF22 		.ascii	"M\221\257\"lt\235r\236\364r\300\331\376p[\032?\251O"
ARM GAS  C:\Users\Luggi\AppData\Local\Temp\cc8JzSXg.s 			page 18


 237      6C749D72 
 237      9EF472C0 
 237      D9FE705B 
 237      1A3FA94F 
 238 0515 D2DB5553 		.ascii	"\322\333USm\362\201\322K\273\352As\251{\357\300T\227"
 238      6DF281D2 
 238      4BBBEA41 
 238      73A97BEF 
 238      C05497
 239 0528 130FD5DC 		.ascii	"\023\017\325\334\214c\243\202'\212\324\327\0158\001"
 239      8C63A382 
 239      278AD4D7 
 239      0D3801
 240 0537 A4E1421D 		.ascii	"\244\341B\035\205?\367|\201u\304\341\202>\3607\346\245"
 240      853FF77C 
 240      8175C4E1 
 240      823EF037 
 240      E6A5
 241 0549 1F33EF42 		.ascii	"\0373\357BRt\353\350\341\305\253\305\035\250_n\244\273"
 241      5274EBE8 
 241      E1C5ABC5 
 241      1DA85F6E 
 241      A4BB
 242 055b 58F53E65 		.ascii	"X\365>e\003\245\355c}\335?\316\274\200\212\372\232\006"
 242      03A5ED63 
 242      7DDD3FCE 
 242      BC808AFA 
 242      9A06
 243 056d 4F5225B5 		.ascii	"OR%\265jjva\205\3065<2W{\201\003\021\357\271\273\256"
 243      6A6A7661 
 243      85C6353C 
 243      32577B81 
 243      0311EFB9 
 244 0583 FF85E1A1 		.ascii	"\377\205\341\241\210\017\3671\354x\024Xk\335\250\315"
 244      880FF731 
 244      EC781458 
 244      6BDDA8CD 
 245 0593 F1945B74 		.ascii	"\361\224[tb/A\351R\362\254\240\324S9k\006\306\314\232"
 245      622F41E9 
 245      52F2ACA0 
 245      D453396B 
 245      06C6CC9A 
 246 05a7 07D2AC61 		.ascii	"\007\322\254a\337h\\v\262e\207\257\262\002\365\023V"
 246      DF685C76 
 246      B26587AF 
 246      B202F513 
 246      56
 247 05b8 001EC254 		.ascii	"\000\036\302T\364\270m?g'J\370\2161\360\2032\374 \207"
 247      F4B86D3F 
 247      67274AF8 
 247      8E31F083 
 247      32FC2087 
 248 05cc DFE34CDA 		.ascii	"\337\343L\332\347\303\214\023_v\277\300#n\334\344p~"
 248      E7C38C13 
 248      5F76BFC0 
 248      236EDCE4 
 248      707E
ARM GAS  C:\Users\Luggi\AppData\Local\Temp\cc8JzSXg.s 			page 19


 249 05de A9041EFB 		.ascii	"\251\004\036\373_jH\266\035\342\266uW\2675\352\244\213"
 249      5F6A48B6 
 249      1DE2B675 
 249      57B735EA 
 249      A48B
 250 05f0 EEFFDC93 		.ascii	"\356\377\334\2230\314{w\327\036G\303\2301\314\376\034"
 250      30CC7B77 
 250      D71E47C3 
 250      9831CCFE 
 250      1C
 251 0601 B8438CC8 		.ascii	"\270C\214\310!\330\267G\334Z\213\270@\263\344\323H}"
 251      21D8B747 
 251      DC5A8BB8 
 251      40B3E4D3 
 251      487D
 252 0613 88F0E612 		.ascii	"\210\360\346\022\263\305\034k\024\315\253\014\341\321"
 252      B3C51C6B 
 252      14CDAB0C 
 252      E1D1
 253 0621 71B126F3 		.ascii	"q\261&\363\312\345\341\321!\357\2554\255\023\327\305"
 253      CAE5E1D1 
 253      21EFAD34 
 253      AD13D7C5 
 254 0631 98AD73D7 		.ascii	"\230\255s\327\010oD\206/\216\\\024\026a\230o\010]k\215"
 254      086F4486 
 254      2F8E5C14 
 254      1661986F 
 254      085D6B8D 
 255 0645 318AA635 		.ascii	"1\212\2465\237\204\207\204D\031\255\326\260\357\254"
 255      9F848784 
 255      4419ADD6 
 255      B0EFAC
 256 0654 E25B1300 		.ascii	"\342[\023\000\270\275\276\265\232\346\232\204\231\356"
 256      B8BDBEB5 
 256      9AE69A84 
 256      99EE
 257 0662 17E86E08 		.ascii	"\027\350n\0107\213\313\342,!\321q\026\361\271\225%\356"
 257      378BCBE2 
 257      2C21D171 
 257      16F1B995 
 257      25EE
 258 0674 9540F7CA 		.ascii	"\225@\367\312G\226\265\342\247\321\241F\321\030\022"
 258      4796B5E2 
 258      A7D1A146 
 258      D11812
 259 0683 6D1163A3 		.ascii	"m\021c\243\243\"b\215\026\353\327\346\330W\307\217\371"
 259      A322628D 
 259      16EBD7E6 
 259      D857C78F 
 259      F9
 260 0694 5EC46DCC 		.ascii	"^\304m\314\034\213%\243\204\231\215\2534,\037\363\337"
 260      1C8B25A3 
 260      84998DAB 
 260      342C1FF3 
 260      DF
 261 06a5 F730B190 		.ascii	"\3670\261\220\0361,\306\353\021\006\267\371\347\037"
 261      1E312CC6 
ARM GAS  C:\Users\Luggi\AppData\Local\Temp\cc8JzSXg.s 			page 20


 261      EB1106B7 
 261      F9E71F
 262 06b4 7E106608 		.ascii	"~\020f\010\217X\024\021\031nX\274\354\263\220\2175V"
 262      8F581411 
 262      196E58BC 
 262      ECB3908F 
 262      3556
 263 06c6 D128C659 		.ascii	"\321(\306Y5Qf\313jqM\340\253\010`p]L8wY\034\025m\372"
 263      355166CB 
 263      6A714DE0 
 263      AB086070 
 263      5D4C3877 
 264 06df C647091E 		.ascii	"\306G\011\036\021\352\347VLq\261\261f\213\030\021:\325"
 264      11EAE756 
 264      4C71B1B1 
 264      668B1811 
 264      3AD5
 265 06f1 FD2E4ACE 		.ascii	"\375.J\316\205\306\314\231)\266a\216\231gX\205\257\014"
 265      85C6CC99 
 265      29B6618E 
 265      99675885 
 265      AF0C
 266 0703 563136CE 		.ascii	"V16\316$\376\007\361W\345\326"
 266      24FE07F1 
 266      57E5D6
 267              		.text
 268              		.section	.gnu.lto_.symtab.53c7bfab,"",%progbits
 269 0000 55534255 		.ascii	"USBUART_1_DispatchMSCClassRqst\000\000\000\000\000\000"
 269      4152545F 
 269      315F4469 
 269      73706174 
 269      63684D53 
 270 0024 00000000 		.ascii	"\000\000\000\000\000\000\261\000\000\000USBUART_1_M"
 270      0000B100 
 270      00005553 
 270      42554152 
 270      545F315F 
 271 0039 53435F53 		.ascii	"SC_SetLunCount\000\000\000\000\000\000\000\000\000\000"
 271      65744C75 
 271      6E436F75 
 271      6E740000 
 271      00000000 
 272 0051 0000B500 		.ascii	"\000\000\265\000\000\000USBUART_1_MSC_GetLunCount\000"
 272      00005553 
 272      42554152 
 272      545F315F 
 272      4D53435F 
 273 0071 00000000 		.ascii	"\000\000\000\000\000\000\000\000\000\000\000\267\000"
 273      00000000 
 273      000000B7 
 273      00
 274 007e 00005553 		.ascii	"\000\000USBUART_1_currentTD\000\000\002\000\000\000"
 274      42554152 
 274      545F315F 
 274      63757272 
 274      656E7454 
 275 0099 00000000 		.ascii	"\000\000\000\000\000\000\337\000\000\000USBUART_1_I"
ARM GAS  C:\Users\Luggi\AppData\Local\Temp\cc8JzSXg.s 			page 21


 275      0000DF00 
 275      00005553 
 275      42554152 
 275      545F315F 
 276 00ae 6E69744E 		.ascii	"nitNoDataControlTransfer\000\000\002\000\000\000\000"
 276      6F446174 
 276      61436F6E 
 276      74726F6C 
 276      5472616E 
 277 00cd 00000000 		.ascii	"\000\000\000\000\000\271\000\000\000USBUART_1_InitC"
 277      00B90000 
 277      00555342 
 277      55415254 
 277      5F315F49 
 278 00e5 6F6E7472 		.ascii	"ontrolRead\000\000\002\000\000\000\000\000\000\000\000"
 278      6F6C5265 
 278      61640000 
 278      02000000 
 278      00000000 
 279 00fa 00BB0000 		.ascii	"\000\273\000\000\000"
 279      00
 280              		.text
 281              		.section	.gnu.lto_.opts,"",%progbits
 282 0000 272D666E 		.ascii	"'-fno-trapv' '-fno-strict-overflow' '-mcpu=cortex-m"
 282      6F2D7472 
 282      61707627 
 282      20272D66 
 282      6E6F2D73 
 283 0033 33272027 		.ascii	"3' '-mthumb' '-g' '-Og' '-ffunction-sections' '-flt"
 283      2D6D7468 
 283      756D6227 
 283      20272D67 
 283      2720272D 
 284 0066 6F272027 		.ascii	"o' '-ffat-lto-objects'\000"
 284      2D666661 
 284      742D6C74 
 284      6F2D6F62 
 284      6A656374 
 285              		.text
 286              		.cfi_sections	.debug_frame
 287              		.section	.text.USBUART_1_DispatchMSCClassRqst,"ax",%progbits
 288              		.align	2
 289              		.global	USBUART_1_DispatchMSCClassRqst
 290              		.thumb
 291              		.thumb_func
 292              		.type	USBUART_1_DispatchMSCClassRqst, %function
 293              	USBUART_1_DispatchMSCClassRqst:
 294              	.LFB0:
 295              		.file 1 "Generated_Source\\PSoC5\\USBUART_1_msc.c"
   1:Generated_Source\PSoC5/USBUART_1_msc.c **** /***************************************************************************//**
   2:Generated_Source\PSoC5/USBUART_1_msc.c **** * \file USBUART_1_cdc.c
   3:Generated_Source\PSoC5/USBUART_1_msc.c **** * \version 3.10
   4:Generated_Source\PSoC5/USBUART_1_msc.c **** *
   5:Generated_Source\PSoC5/USBUART_1_msc.c **** * \brief
   6:Generated_Source\PSoC5/USBUART_1_msc.c **** *  This file contains the USB MSC Class request handler and global API for MSC 
   7:Generated_Source\PSoC5/USBUART_1_msc.c **** *  class.
   8:Generated_Source\PSoC5/USBUART_1_msc.c **** *
ARM GAS  C:\Users\Luggi\AppData\Local\Temp\cc8JzSXg.s 			page 22


   9:Generated_Source\PSoC5/USBUART_1_msc.c **** * Related Document:
  10:Generated_Source\PSoC5/USBUART_1_msc.c **** *  Universal Serial Bus Class Definitions for Communication Devices Version 1.1
  11:Generated_Source\PSoC5/USBUART_1_msc.c **** *
  12:Generated_Source\PSoC5/USBUART_1_msc.c **** ********************************************************************************
  13:Generated_Source\PSoC5/USBUART_1_msc.c **** * \copyright
  14:Generated_Source\PSoC5/USBUART_1_msc.c **** * Copyright 2012-2016, Cypress Semiconductor Corporation.  All rights reserved.
  15:Generated_Source\PSoC5/USBUART_1_msc.c **** * You may use this file only in accordance with the license, terms, conditions,
  16:Generated_Source\PSoC5/USBUART_1_msc.c **** * disclaimers, and limitations in the end user license agreement accompanying
  17:Generated_Source\PSoC5/USBUART_1_msc.c **** * the software package with which this file was provided.
  18:Generated_Source\PSoC5/USBUART_1_msc.c **** *******************************************************************************/
  19:Generated_Source\PSoC5/USBUART_1_msc.c **** 
  20:Generated_Source\PSoC5/USBUART_1_msc.c **** #include "USBUART_1_msc.h"
  21:Generated_Source\PSoC5/USBUART_1_msc.c **** #include "USBUART_1_pvt.h"
  22:Generated_Source\PSoC5/USBUART_1_msc.c **** 
  23:Generated_Source\PSoC5/USBUART_1_msc.c **** 
  24:Generated_Source\PSoC5/USBUART_1_msc.c **** #if (USBUART_1_HANDLE_MSC_REQUESTS)
  25:Generated_Source\PSoC5/USBUART_1_msc.c **** 
  26:Generated_Source\PSoC5/USBUART_1_msc.c **** /***************************************
  27:Generated_Source\PSoC5/USBUART_1_msc.c **** *          Internal variables
  28:Generated_Source\PSoC5/USBUART_1_msc.c **** ***************************************/
  29:Generated_Source\PSoC5/USBUART_1_msc.c **** 
  30:Generated_Source\PSoC5/USBUART_1_msc.c **** static uint8 USBUART_1_lunCount = USBUART_1_MSC_LUN_NUMBER;
  31:Generated_Source\PSoC5/USBUART_1_msc.c **** 
  32:Generated_Source\PSoC5/USBUART_1_msc.c **** 
  33:Generated_Source\PSoC5/USBUART_1_msc.c **** /*******************************************************************************
  34:Generated_Source\PSoC5/USBUART_1_msc.c **** * Function Name: USBUART_1_DispatchMSCClassRqst
  35:Generated_Source\PSoC5/USBUART_1_msc.c **** ****************************************************************************//**
  36:Generated_Source\PSoC5/USBUART_1_msc.c **** *   
  37:Generated_Source\PSoC5/USBUART_1_msc.c **** *  \internal 
  38:Generated_Source\PSoC5/USBUART_1_msc.c **** *  This routine dispatches MSC class requests.
  39:Generated_Source\PSoC5/USBUART_1_msc.c **** *
  40:Generated_Source\PSoC5/USBUART_1_msc.c **** * \return
  41:Generated_Source\PSoC5/USBUART_1_msc.c **** *  Status of request processing: handled or not handled.
  42:Generated_Source\PSoC5/USBUART_1_msc.c **** *
  43:Generated_Source\PSoC5/USBUART_1_msc.c **** * \globalvars
  44:Generated_Source\PSoC5/USBUART_1_msc.c **** *  USBUART_1_lunCount - stores number of LUN (logical units).
  45:Generated_Source\PSoC5/USBUART_1_msc.c **** *
  46:Generated_Source\PSoC5/USBUART_1_msc.c **** * \reentrant
  47:Generated_Source\PSoC5/USBUART_1_msc.c **** *  No.
  48:Generated_Source\PSoC5/USBUART_1_msc.c **** *
  49:Generated_Source\PSoC5/USBUART_1_msc.c **** *******************************************************************************/
  50:Generated_Source\PSoC5/USBUART_1_msc.c **** uint8 USBUART_1_DispatchMSCClassRqst(void) 
  51:Generated_Source\PSoC5/USBUART_1_msc.c **** {
 296              		.loc 1 51 0
 297              		.cfi_startproc
 298              		@ args = 0, pretend = 0, frame = 0
 299              		@ frame_needed = 0, uses_anonymous_args = 0
 300 0000 08B5     		push	{r3, lr}
 301              		.cfi_def_cfa_offset 8
 302              		.cfi_offset 3, -8
 303              		.cfi_offset 14, -4
 304              	.LVL0:
  52:Generated_Source\PSoC5/USBUART_1_msc.c ****     uint8 requestHandled = USBUART_1_FALSE;
  53:Generated_Source\PSoC5/USBUART_1_msc.c ****     
  54:Generated_Source\PSoC5/USBUART_1_msc.c ****     /* Get request data. */
  55:Generated_Source\PSoC5/USBUART_1_msc.c ****     uint16 value  = USBUART_1_GET_UINT16(USBUART_1_wValueHiReg,  USBUART_1_wValueLoReg);
 305              		.loc 1 55 0
ARM GAS  C:\Users\Luggi\AppData\Local\Temp\cc8JzSXg.s 			page 23


 306 0002 1A4B     		ldr	r3, .L11
 307 0004 D978     		ldrb	r1, [r3, #3]	@ zero_extendqisi2
 308 0006 9A78     		ldrb	r2, [r3, #2]	@ zero_extendqisi2
 309 0008 42EA0122 		orr	r2, r2, r1, lsl #8
 310              	.LVL1:
  56:Generated_Source\PSoC5/USBUART_1_msc.c ****     uint16 dataLength = USBUART_1_GET_UINT16(USBUART_1_wLengthHiReg, USBUART_1_wLengthLoReg);
 311              		.loc 1 56 0
 312 000c D879     		ldrb	r0, [r3, #7]	@ zero_extendqisi2
 313 000e 9979     		ldrb	r1, [r3, #6]	@ zero_extendqisi2
 314 0010 41EA0021 		orr	r1, r1, r0, lsl #8
 315              	.LVL2:
  57:Generated_Source\PSoC5/USBUART_1_msc.c ****        
  58:Generated_Source\PSoC5/USBUART_1_msc.c ****     /* Check request direction: D2H or H2D. */
  59:Generated_Source\PSoC5/USBUART_1_msc.c ****     if (0u != (USBUART_1_bmRequestTypeReg & USBUART_1_RQST_DIR_D2H))
 316              		.loc 1 59 0
 317 0014 1B78     		ldrb	r3, [r3]	@ zero_extendqisi2
 318 0016 13F0800F 		tst	r3, #128
 319 001a 0FD0     		beq	.L2
  60:Generated_Source\PSoC5/USBUART_1_msc.c ****     {
  61:Generated_Source\PSoC5/USBUART_1_msc.c ****         /* Handle direction from device to host. */
  62:Generated_Source\PSoC5/USBUART_1_msc.c ****         
  63:Generated_Source\PSoC5/USBUART_1_msc.c ****         if (USBUART_1_MSC_GET_MAX_LUN == USBUART_1_bRequestReg)
 320              		.loc 1 63 0
 321 001c 134B     		ldr	r3, .L11
 322 001e 5B78     		ldrb	r3, [r3, #1]	@ zero_extendqisi2
 323 0020 DBB2     		uxtb	r3, r3
 324 0022 FE2B     		cmp	r3, #254
 325 0024 16D1     		bne	.L4
  64:Generated_Source\PSoC5/USBUART_1_msc.c ****         {
  65:Generated_Source\PSoC5/USBUART_1_msc.c ****             /* Check request fields. */
  66:Generated_Source\PSoC5/USBUART_1_msc.c ****             if ((value  == USBUART_1_MSC_GET_MAX_LUN_WVALUE) &&
 326              		.loc 1 66 0
 327 0026 BAB9     		cbnz	r2, .L5
 328              		.loc 1 66 0 is_stmt 0 discriminator 1
 329 0028 0129     		cmp	r1, #1
 330 002a 17D1     		bne	.L6
  67:Generated_Source\PSoC5/USBUART_1_msc.c ****                 (dataLength == USBUART_1_MSC_GET_MAX_LUN_WLENGTH))
  68:Generated_Source\PSoC5/USBUART_1_msc.c ****             {
  69:Generated_Source\PSoC5/USBUART_1_msc.c ****                 /* Reply to Get Max LUN request: setup control read. */
  70:Generated_Source\PSoC5/USBUART_1_msc.c ****                 USBUART_1_currentTD.pData = &USBUART_1_lunCount;
 331              		.loc 1 70 0 is_stmt 1
 332 002c 104B     		ldr	r3, .L11+4
 333 002e 114A     		ldr	r2, .L11+8
 334              	.LVL3:
 335 0030 5A60     		str	r2, [r3, #4]
  71:Generated_Source\PSoC5/USBUART_1_msc.c ****                 USBUART_1_currentTD.count =  USBUART_1_MSC_GET_MAX_LUN_WLENGTH;
 336              		.loc 1 71 0
 337 0032 0122     		movs	r2, #1
 338 0034 1A80     		strh	r2, [r3]	@ movhi
  72:Generated_Source\PSoC5/USBUART_1_msc.c ****                 
  73:Generated_Source\PSoC5/USBUART_1_msc.c ****                 requestHandled  = USBUART_1_InitControlRead();
 339              		.loc 1 73 0
 340 0036 FFF7FEFF 		bl	USBUART_1_InitControlRead
 341              	.LVL4:
 342 003a 08BD     		pop	{r3, pc}
 343              	.LVL5:
 344              	.L2:
ARM GAS  C:\Users\Luggi\AppData\Local\Temp\cc8JzSXg.s 			page 24


  74:Generated_Source\PSoC5/USBUART_1_msc.c ****             }
  75:Generated_Source\PSoC5/USBUART_1_msc.c ****         }
  76:Generated_Source\PSoC5/USBUART_1_msc.c ****     }
  77:Generated_Source\PSoC5/USBUART_1_msc.c ****     else
  78:Generated_Source\PSoC5/USBUART_1_msc.c ****     {
  79:Generated_Source\PSoC5/USBUART_1_msc.c ****         /* Handle direction from host to device. */
  80:Generated_Source\PSoC5/USBUART_1_msc.c ****         
  81:Generated_Source\PSoC5/USBUART_1_msc.c ****         if (USBUART_1_MSC_RESET == USBUART_1_bRequestReg)
 345              		.loc 1 81 0
 346 003c 0B4B     		ldr	r3, .L11
 347 003e 5B78     		ldrb	r3, [r3, #1]	@ zero_extendqisi2
 348 0040 DBB2     		uxtb	r3, r3
 349 0042 FF2B     		cmp	r3, #255
 350 0044 0CD1     		bne	.L7
  82:Generated_Source\PSoC5/USBUART_1_msc.c ****         {
  83:Generated_Source\PSoC5/USBUART_1_msc.c ****             /* Check request fields. */
  84:Generated_Source\PSoC5/USBUART_1_msc.c ****             if ((value  == USBUART_1_MSC_RESET_WVALUE) &&
 351              		.loc 1 84 0
 352 0046 6AB9     		cbnz	r2, .L8
 353              		.loc 1 84 0 is_stmt 0 discriminator 1
 354 0048 71B9     		cbnz	r1, .L9
  85:Generated_Source\PSoC5/USBUART_1_msc.c ****                 (dataLength == USBUART_1_MSC_RESET_WLENGTH))
  86:Generated_Source\PSoC5/USBUART_1_msc.c ****             {
  87:Generated_Source\PSoC5/USBUART_1_msc.c ****                 /* Handle to Bulk-Only Reset request: no data control transfer. */
  88:Generated_Source\PSoC5/USBUART_1_msc.c ****                 USBUART_1_currentTD.count = USBUART_1_MSC_RESET_WLENGTH;
 355              		.loc 1 88 0 is_stmt 1
 356 004a 094B     		ldr	r3, .L11+4
 357 004c 1A80     		strh	r2, [r3]	@ movhi
  89:Generated_Source\PSoC5/USBUART_1_msc.c ****                 
  90:Generated_Source\PSoC5/USBUART_1_msc.c ****             #ifdef USBUART_1_DISPATCH_MSC_CLASS_MSC_RESET_RQST_CALLBACK
  91:Generated_Source\PSoC5/USBUART_1_msc.c ****                 USBUART_1_DispatchMSCClass_MSC_RESET_RQST_Callback();
  92:Generated_Source\PSoC5/USBUART_1_msc.c ****             #endif /* (USBUART_1_DISPATCH_MSC_CLASS_MSC_RESET_RQST_CALLBACK) */
  93:Generated_Source\PSoC5/USBUART_1_msc.c ****                 
  94:Generated_Source\PSoC5/USBUART_1_msc.c ****                 requestHandled = USBUART_1_InitNoDataControlTransfer();
 358              		.loc 1 94 0
 359 004e FFF7FEFF 		bl	USBUART_1_InitNoDataControlTransfer
 360              	.LVL6:
 361 0052 08BD     		pop	{r3, pc}
 362              	.LVL7:
 363              	.L4:
  52:Generated_Source\PSoC5/USBUART_1_msc.c ****     
 364              		.loc 1 52 0
 365 0054 0020     		movs	r0, #0
 366 0056 08BD     		pop	{r3, pc}
 367              	.L5:
 368 0058 0020     		movs	r0, #0
 369 005a 08BD     		pop	{r3, pc}
 370              	.L6:
 371 005c 0020     		movs	r0, #0
 372 005e 08BD     		pop	{r3, pc}
 373              	.L7:
 374 0060 0020     		movs	r0, #0
 375 0062 08BD     		pop	{r3, pc}
 376              	.L8:
 377 0064 0020     		movs	r0, #0
 378 0066 08BD     		pop	{r3, pc}
 379              	.L9:
ARM GAS  C:\Users\Luggi\AppData\Local\Temp\cc8JzSXg.s 			page 25


 380 0068 0020     		movs	r0, #0
 381              	.LVL8:
  95:Generated_Source\PSoC5/USBUART_1_msc.c ****             }
  96:Generated_Source\PSoC5/USBUART_1_msc.c ****         }
  97:Generated_Source\PSoC5/USBUART_1_msc.c ****     }
  98:Generated_Source\PSoC5/USBUART_1_msc.c ****     
  99:Generated_Source\PSoC5/USBUART_1_msc.c ****     return (requestHandled);
 100:Generated_Source\PSoC5/USBUART_1_msc.c **** }
 382              		.loc 1 100 0
 383 006a 08BD     		pop	{r3, pc}
 384              	.L12:
 385              		.align	2
 386              	.L11:
 387 006c 00600040 		.word	1073766400
 388 0070 00000000 		.word	USBUART_1_currentTD
 389 0074 00000000 		.word	.LANCHOR0
 390              		.cfi_endproc
 391              	.LFE0:
 392              		.size	USBUART_1_DispatchMSCClassRqst, .-USBUART_1_DispatchMSCClassRqst
 393              		.section	.text.USBUART_1_MSC_SetLunCount,"ax",%progbits
 394              		.align	2
 395              		.global	USBUART_1_MSC_SetLunCount
 396              		.thumb
 397              		.thumb_func
 398              		.type	USBUART_1_MSC_SetLunCount, %function
 399              	USBUART_1_MSC_SetLunCount:
 400              	.LFB1:
 101:Generated_Source\PSoC5/USBUART_1_msc.c **** 
 102:Generated_Source\PSoC5/USBUART_1_msc.c **** 
 103:Generated_Source\PSoC5/USBUART_1_msc.c **** /*******************************************************************************
 104:Generated_Source\PSoC5/USBUART_1_msc.c **** * Function Name: USBUART_1_MSC_SetLunCount
 105:Generated_Source\PSoC5/USBUART_1_msc.c **** ****************************************************************************//**
 106:Generated_Source\PSoC5/USBUART_1_msc.c **** *
 107:Generated_Source\PSoC5/USBUART_1_msc.c **** *  This function sets the number of logical units supported in the application. 
 108:Generated_Source\PSoC5/USBUART_1_msc.c **** *  The default number of logical units is set in the component customizer.
 109:Generated_Source\PSoC5/USBUART_1_msc.c **** *
 110:Generated_Source\PSoC5/USBUART_1_msc.c **** *  \param lunCount: Count of the logical units. Valid range is between 1 and 16.
 111:Generated_Source\PSoC5/USBUART_1_msc.c **** *
 112:Generated_Source\PSoC5/USBUART_1_msc.c **** *
 113:Generated_Source\PSoC5/USBUART_1_msc.c **** * \globalvars
 114:Generated_Source\PSoC5/USBUART_1_msc.c **** *  USBUART_1_lunCount - stores number of LUN (logical units).
 115:Generated_Source\PSoC5/USBUART_1_msc.c **** *
 116:Generated_Source\PSoC5/USBUART_1_msc.c **** * \reentrant
 117:Generated_Source\PSoC5/USBUART_1_msc.c **** *  No.
 118:Generated_Source\PSoC5/USBUART_1_msc.c **** *
 119:Generated_Source\PSoC5/USBUART_1_msc.c **** *******************************************************************************/
 120:Generated_Source\PSoC5/USBUART_1_msc.c **** void USBUART_1_MSC_SetLunCount(uint8 lunCount) 
 121:Generated_Source\PSoC5/USBUART_1_msc.c **** {
 401              		.loc 1 121 0
 402              		.cfi_startproc
 403              		@ args = 0, pretend = 0, frame = 0
 404              		@ frame_needed = 0, uses_anonymous_args = 0
 405              		@ link register save eliminated.
 406              	.LVL9:
 122:Generated_Source\PSoC5/USBUART_1_msc.c ****     USBUART_1_lunCount = (lunCount - 1u);
 407              		.loc 1 122 0
 408 0000 0138     		subs	r0, r0, #1
ARM GAS  C:\Users\Luggi\AppData\Local\Temp\cc8JzSXg.s 			page 26


 409              	.LVL10:
 410 0002 014B     		ldr	r3, .L14
 411 0004 1870     		strb	r0, [r3]
 412 0006 7047     		bx	lr
 413              	.L15:
 414              		.align	2
 415              	.L14:
 416 0008 00000000 		.word	.LANCHOR0
 417              		.cfi_endproc
 418              	.LFE1:
 419              		.size	USBUART_1_MSC_SetLunCount, .-USBUART_1_MSC_SetLunCount
 420              		.section	.text.USBUART_1_MSC_GetLunCount,"ax",%progbits
 421              		.align	2
 422              		.global	USBUART_1_MSC_GetLunCount
 423              		.thumb
 424              		.thumb_func
 425              		.type	USBUART_1_MSC_GetLunCount, %function
 426              	USBUART_1_MSC_GetLunCount:
 427              	.LFB2:
 123:Generated_Source\PSoC5/USBUART_1_msc.c **** }
 124:Generated_Source\PSoC5/USBUART_1_msc.c **** 
 125:Generated_Source\PSoC5/USBUART_1_msc.c **** 
 126:Generated_Source\PSoC5/USBUART_1_msc.c **** /*******************************************************************************
 127:Generated_Source\PSoC5/USBUART_1_msc.c **** * Function Name: USBUART_1_MSC_GetLunCount
 128:Generated_Source\PSoC5/USBUART_1_msc.c **** ****************************************************************************//**
 129:Generated_Source\PSoC5/USBUART_1_msc.c **** *
 130:Generated_Source\PSoC5/USBUART_1_msc.c **** *  This function returns the number of logical units.
 131:Generated_Source\PSoC5/USBUART_1_msc.c **** *
 132:Generated_Source\PSoC5/USBUART_1_msc.c **** * \return
 133:Generated_Source\PSoC5/USBUART_1_msc.c **** *   Number of the logical units.
 134:Generated_Source\PSoC5/USBUART_1_msc.c **** *
 135:Generated_Source\PSoC5/USBUART_1_msc.c **** * \globalvars
 136:Generated_Source\PSoC5/USBUART_1_msc.c **** *  USBUART_1_lunCount - stores number of LUN (logical units).
 137:Generated_Source\PSoC5/USBUART_1_msc.c **** *
 138:Generated_Source\PSoC5/USBUART_1_msc.c **** * \reentrant
 139:Generated_Source\PSoC5/USBUART_1_msc.c **** *  No.
 140:Generated_Source\PSoC5/USBUART_1_msc.c **** *
 141:Generated_Source\PSoC5/USBUART_1_msc.c **** *******************************************************************************/
 142:Generated_Source\PSoC5/USBUART_1_msc.c **** uint8 USBUART_1_MSC_GetLunCount(void) 
 143:Generated_Source\PSoC5/USBUART_1_msc.c **** {
 428              		.loc 1 143 0
 429              		.cfi_startproc
 430              		@ args = 0, pretend = 0, frame = 0
 431              		@ frame_needed = 0, uses_anonymous_args = 0
 432              		@ link register save eliminated.
 144:Generated_Source\PSoC5/USBUART_1_msc.c ****     return (USBUART_1_lunCount + 1u);
 433              		.loc 1 144 0
 434 0000 024B     		ldr	r3, .L17
 435 0002 1878     		ldrb	r0, [r3]	@ zero_extendqisi2
 436 0004 0130     		adds	r0, r0, #1
 145:Generated_Source\PSoC5/USBUART_1_msc.c **** }   
 437              		.loc 1 145 0
 438 0006 C0B2     		uxtb	r0, r0
 439 0008 7047     		bx	lr
 440              	.L18:
 441 000a 00BF     		.align	2
 442              	.L17:
ARM GAS  C:\Users\Luggi\AppData\Local\Temp\cc8JzSXg.s 			page 27


 443 000c 00000000 		.word	.LANCHOR0
 444              		.cfi_endproc
 445              	.LFE2:
 446              		.size	USBUART_1_MSC_GetLunCount, .-USBUART_1_MSC_GetLunCount
 447              		.bss
 448              		.set	.LANCHOR0,. + 0
 449              		.type	USBUART_1_lunCount, %object
 450              		.size	USBUART_1_lunCount, 1
 451              	USBUART_1_lunCount:
 452 0000 00       		.space	1
 453              		.text
 454              	.Letext0:
 455              		.file 2 "Generated_Source\\PSoC5\\cytypes.h"
 456              		.file 3 "Generated_Source\\PSoC5\\USBUART_1.h"
 457              		.file 4 "Generated_Source\\PSoC5\\USBUART_1_pvt.h"
 458              		.section	.debug_info,"",%progbits
 459              	.Ldebug_info0:
 460 0000 0B020000 		.4byte	0x20b
 461 0004 0400     		.2byte	0x4
 462 0006 00000000 		.4byte	.Ldebug_abbrev0
 463 000a 04       		.byte	0x4
 464 000b 01       		.uleb128 0x1
 465 000c 45010000 		.4byte	.LASF30
 466 0010 01       		.byte	0x1
 467 0011 17010000 		.4byte	.LASF31
 468 0015 8E000000 		.4byte	.LASF32
 469 0019 00000000 		.4byte	.Ldebug_ranges0+0
 470 001d 00000000 		.4byte	0
 471 0021 00000000 		.4byte	.Ldebug_line0
 472 0025 02       		.uleb128 0x2
 473 0026 01       		.byte	0x1
 474 0027 06       		.byte	0x6
 475 0028 F1020000 		.4byte	.LASF0
 476 002c 02       		.uleb128 0x2
 477 002d 01       		.byte	0x1
 478 002e 08       		.byte	0x8
 479 002f DE000000 		.4byte	.LASF1
 480 0033 02       		.uleb128 0x2
 481 0034 02       		.byte	0x2
 482 0035 05       		.byte	0x5
 483 0036 BB020000 		.4byte	.LASF2
 484 003a 02       		.uleb128 0x2
 485 003b 02       		.byte	0x2
 486 003c 07       		.byte	0x7
 487 003d 61000000 		.4byte	.LASF3
 488 0041 02       		.uleb128 0x2
 489 0042 04       		.byte	0x4
 490 0043 05       		.byte	0x5
 491 0044 D4020000 		.4byte	.LASF4
 492 0048 02       		.uleb128 0x2
 493 0049 04       		.byte	0x4
 494 004a 07       		.byte	0x7
 495 004b EC000000 		.4byte	.LASF5
 496 004f 02       		.uleb128 0x2
 497 0050 08       		.byte	0x8
 498 0051 05       		.byte	0x5
 499 0052 66020000 		.4byte	.LASF6
ARM GAS  C:\Users\Luggi\AppData\Local\Temp\cc8JzSXg.s 			page 28


 500 0056 02       		.uleb128 0x2
 501 0057 08       		.byte	0x8
 502 0058 07       		.byte	0x7
 503 0059 21020000 		.4byte	.LASF7
 504 005d 03       		.uleb128 0x3
 505 005e 04       		.byte	0x4
 506 005f 05       		.byte	0x5
 507 0060 696E7400 		.ascii	"int\000"
 508 0064 02       		.uleb128 0x2
 509 0065 04       		.byte	0x4
 510 0066 07       		.byte	0x7
 511 0067 FA010000 		.4byte	.LASF8
 512 006b 04       		.uleb128 0x4
 513 006c FE000000 		.4byte	.LASF9
 514 0070 02       		.byte	0x2
 515 0071 9201     		.2byte	0x192
 516 0073 2C000000 		.4byte	0x2c
 517 0077 04       		.uleb128 0x4
 518 0078 D9010000 		.4byte	.LASF10
 519 007c 02       		.byte	0x2
 520 007d 9301     		.2byte	0x193
 521 007f 3A000000 		.4byte	0x3a
 522 0083 02       		.uleb128 0x2
 523 0084 04       		.byte	0x4
 524 0085 04       		.byte	0x4
 525 0086 88000000 		.4byte	.LASF11
 526 008a 02       		.uleb128 0x2
 527 008b 08       		.byte	0x8
 528 008c 04       		.byte	0x4
 529 008d 3E010000 		.4byte	.LASF12
 530 0091 02       		.uleb128 0x2
 531 0092 01       		.byte	0x1
 532 0093 08       		.byte	0x8
 533 0094 98020000 		.4byte	.LASF13
 534 0098 05       		.uleb128 0x5
 535 0099 6B000000 		.4byte	0x6b
 536 009d 02       		.uleb128 0x2
 537 009e 04       		.byte	0x4
 538 009f 07       		.byte	0x7
 539 00a0 5D020000 		.4byte	.LASF14
 540 00a4 06       		.uleb128 0x6
 541 00a5 04       		.byte	0x4
 542 00a6 03       		.byte	0x3
 543 00a7 A5       		.byte	0xa5
 544 00a8 C5000000 		.4byte	0xc5
 545 00ac 07       		.uleb128 0x7
 546 00ad 74000000 		.4byte	.LASF15
 547 00b1 03       		.byte	0x3
 548 00b2 A7       		.byte	0xa7
 549 00b3 6B000000 		.4byte	0x6b
 550 00b7 00       		.byte	0
 551 00b8 07       		.uleb128 0x7
 552 00b9 06030000 		.4byte	.LASF16
 553 00bd 03       		.byte	0x3
 554 00be A8       		.byte	0xa8
 555 00bf 77000000 		.4byte	0x77
 556 00c3 02       		.byte	0x2
ARM GAS  C:\Users\Luggi\AppData\Local\Temp\cc8JzSXg.s 			page 29


 557 00c4 00       		.byte	0
 558 00c5 08       		.uleb128 0x8
 559 00c6 9D020000 		.4byte	.LASF17
 560 00ca 03       		.byte	0x3
 561 00cb A9       		.byte	0xa9
 562 00cc A4000000 		.4byte	0xa4
 563 00d0 06       		.uleb128 0x6
 564 00d1 0C       		.byte	0xc
 565 00d2 03       		.byte	0x3
 566 00d3 AB       		.byte	0xab
 567 00d4 FD000000 		.4byte	0xfd
 568 00d8 07       		.uleb128 0x7
 569 00d9 5B000000 		.4byte	.LASF18
 570 00dd 03       		.byte	0x3
 571 00de AD       		.byte	0xad
 572 00df 77000000 		.4byte	0x77
 573 00e3 00       		.byte	0
 574 00e4 07       		.uleb128 0x7
 575 00e5 7B000000 		.4byte	.LASF19
 576 00e9 03       		.byte	0x3
 577 00ea AE       		.byte	0xae
 578 00eb FD000000 		.4byte	0xfd
 579 00ef 04       		.byte	0x4
 580 00f0 07       		.uleb128 0x7
 581 00f1 1A000000 		.4byte	.LASF20
 582 00f5 03       		.byte	0x3
 583 00f6 AF       		.byte	0xaf
 584 00f7 03010000 		.4byte	0x103
 585 00fb 08       		.byte	0x8
 586 00fc 00       		.byte	0
 587 00fd 09       		.uleb128 0x9
 588 00fe 04       		.byte	0x4
 589 00ff 98000000 		.4byte	0x98
 590 0103 09       		.uleb128 0x9
 591 0104 04       		.byte	0x4
 592 0105 C5000000 		.4byte	0xc5
 593 0109 08       		.uleb128 0x8
 594 010a 46000000 		.4byte	.LASF21
 595 010e 03       		.byte	0x3
 596 010f B0       		.byte	0xb0
 597 0110 D0000000 		.4byte	0xd0
 598 0114 06       		.uleb128 0x6
 599 0115 08       		.byte	0x8
 600 0116 03       		.byte	0x3
 601 0117 C6       		.byte	0xc6
 602 0118 29010000 		.4byte	0x129
 603 011c 07       		.uleb128 0x7
 604 011d 81000000 		.4byte	.LASF22
 605 0121 03       		.byte	0x3
 606 0122 C8       		.byte	0xc8
 607 0123 29010000 		.4byte	0x129
 608 0127 00       		.byte	0
 609 0128 00       		.byte	0
 610 0129 0A       		.uleb128 0xa
 611 012a 6B000000 		.4byte	0x6b
 612 012e 39010000 		.4byte	0x139
 613 0132 0B       		.uleb128 0xb
ARM GAS  C:\Users\Luggi\AppData\Local\Temp\cc8JzSXg.s 			page 30


 614 0133 9D000000 		.4byte	0x9d
 615 0137 07       		.byte	0x7
 616 0138 00       		.byte	0
 617 0139 08       		.uleb128 0x8
 618 013a E0010000 		.4byte	.LASF23
 619 013e 03       		.byte	0x3
 620 013f C9       		.byte	0xc9
 621 0140 14010000 		.4byte	0x114
 622 0144 0C       		.uleb128 0xc
 623 0145 27000000 		.4byte	.LASF33
 624 0149 01       		.byte	0x1
 625 014a 32       		.byte	0x32
 626 014b 6B000000 		.4byte	0x6b
 627 014f 00000000 		.4byte	.LFB0
 628 0153 78000000 		.4byte	.LFE0-.LFB0
 629 0157 01       		.uleb128 0x1
 630 0158 9C       		.byte	0x9c
 631 0159 9D010000 		.4byte	0x19d
 632 015d 0D       		.uleb128 0xd
 633 015e C5020000 		.4byte	.LASF24
 634 0162 01       		.byte	0x1
 635 0163 34       		.byte	0x34
 636 0164 6B000000 		.4byte	0x6b
 637 0168 00000000 		.4byte	.LLST0
 638 016c 0D       		.uleb128 0xd
 639 016d 55000000 		.4byte	.LASF25
 640 0171 01       		.byte	0x1
 641 0172 37       		.byte	0x37
 642 0173 77000000 		.4byte	0x77
 643 0177 4D000000 		.4byte	.LLST1
 644 017b 0D       		.uleb128 0xd
 645 017c 52020000 		.4byte	.LASF26
 646 0180 01       		.byte	0x1
 647 0181 38       		.byte	0x38
 648 0182 77000000 		.4byte	0x77
 649 0186 76000000 		.4byte	.LLST2
 650 018a 0E       		.uleb128 0xe
 651 018b 3A000000 		.4byte	.LVL4
 652 018f F8010000 		.4byte	0x1f8
 653 0193 0E       		.uleb128 0xe
 654 0194 52000000 		.4byte	.LVL6
 655 0198 03020000 		.4byte	0x203
 656 019c 00       		.byte	0
 657 019d 0F       		.uleb128 0xf
 658 019e 00000000 		.4byte	.LASF34
 659 01a2 01       		.byte	0x1
 660 01a3 78       		.byte	0x78
 661 01a4 00000000 		.4byte	.LFB1
 662 01a8 0C000000 		.4byte	.LFE1-.LFB1
 663 01ac 01       		.uleb128 0x1
 664 01ad 9C       		.byte	0x9c
 665 01ae C2010000 		.4byte	0x1c2
 666 01b2 10       		.uleb128 0x10
 667 01b3 FD020000 		.4byte	.LASF35
 668 01b7 01       		.byte	0x1
 669 01b8 78       		.byte	0x78
 670 01b9 6B000000 		.4byte	0x6b
ARM GAS  C:\Users\Luggi\AppData\Local\Temp\cc8JzSXg.s 			page 31


 671 01bd 9F000000 		.4byte	.LLST3
 672 01c1 00       		.byte	0
 673 01c2 11       		.uleb128 0x11
 674 01c3 38020000 		.4byte	.LASF36
 675 01c7 01       		.byte	0x1
 676 01c8 8E       		.byte	0x8e
 677 01c9 6B000000 		.4byte	0x6b
 678 01cd 00000000 		.4byte	.LFB2
 679 01d1 10000000 		.4byte	.LFE2-.LFB2
 680 01d5 01       		.uleb128 0x1
 681 01d6 9C       		.byte	0x9c
 682 01d7 12       		.uleb128 0x12
 683 01d8 04010000 		.4byte	.LASF27
 684 01dc 01       		.byte	0x1
 685 01dd 1E       		.byte	0x1e
 686 01de 6B000000 		.4byte	0x6b
 687 01e2 05       		.uleb128 0x5
 688 01e3 03       		.byte	0x3
 689 01e4 00000000 		.4byte	USBUART_1_lunCount
 690 01e8 13       		.uleb128 0x13
 691 01e9 DD020000 		.4byte	.LASF37
 692 01ed 04       		.byte	0x4
 693 01ee 7A       		.byte	0x7a
 694 01ef F3010000 		.4byte	0x1f3
 695 01f3 05       		.uleb128 0x5
 696 01f4 09010000 		.4byte	0x109
 697 01f8 14       		.uleb128 0x14
 698 01f9 07020000 		.4byte	.LASF28
 699 01fd 04       		.byte	0x4
 700 01fe A9       		.byte	0xa9
 701 01ff 6B000000 		.4byte	0x6b
 702 0203 14       		.uleb128 0x14
 703 0204 74020000 		.4byte	.LASF29
 704 0208 04       		.byte	0x4
 705 0209 B3       		.byte	0xb3
 706 020a 6B000000 		.4byte	0x6b
 707 020e 00       		.byte	0
 708              		.section	.debug_abbrev,"",%progbits
 709              	.Ldebug_abbrev0:
 710 0000 01       		.uleb128 0x1
 711 0001 11       		.uleb128 0x11
 712 0002 01       		.byte	0x1
 713 0003 25       		.uleb128 0x25
 714 0004 0E       		.uleb128 0xe
 715 0005 13       		.uleb128 0x13
 716 0006 0B       		.uleb128 0xb
 717 0007 03       		.uleb128 0x3
 718 0008 0E       		.uleb128 0xe
 719 0009 1B       		.uleb128 0x1b
 720 000a 0E       		.uleb128 0xe
 721 000b 55       		.uleb128 0x55
 722 000c 17       		.uleb128 0x17
 723 000d 11       		.uleb128 0x11
 724 000e 01       		.uleb128 0x1
 725 000f 10       		.uleb128 0x10
 726 0010 17       		.uleb128 0x17
 727 0011 00       		.byte	0
ARM GAS  C:\Users\Luggi\AppData\Local\Temp\cc8JzSXg.s 			page 32


 728 0012 00       		.byte	0
 729 0013 02       		.uleb128 0x2
 730 0014 24       		.uleb128 0x24
 731 0015 00       		.byte	0
 732 0016 0B       		.uleb128 0xb
 733 0017 0B       		.uleb128 0xb
 734 0018 3E       		.uleb128 0x3e
 735 0019 0B       		.uleb128 0xb
 736 001a 03       		.uleb128 0x3
 737 001b 0E       		.uleb128 0xe
 738 001c 00       		.byte	0
 739 001d 00       		.byte	0
 740 001e 03       		.uleb128 0x3
 741 001f 24       		.uleb128 0x24
 742 0020 00       		.byte	0
 743 0021 0B       		.uleb128 0xb
 744 0022 0B       		.uleb128 0xb
 745 0023 3E       		.uleb128 0x3e
 746 0024 0B       		.uleb128 0xb
 747 0025 03       		.uleb128 0x3
 748 0026 08       		.uleb128 0x8
 749 0027 00       		.byte	0
 750 0028 00       		.byte	0
 751 0029 04       		.uleb128 0x4
 752 002a 16       		.uleb128 0x16
 753 002b 00       		.byte	0
 754 002c 03       		.uleb128 0x3
 755 002d 0E       		.uleb128 0xe
 756 002e 3A       		.uleb128 0x3a
 757 002f 0B       		.uleb128 0xb
 758 0030 3B       		.uleb128 0x3b
 759 0031 05       		.uleb128 0x5
 760 0032 49       		.uleb128 0x49
 761 0033 13       		.uleb128 0x13
 762 0034 00       		.byte	0
 763 0035 00       		.byte	0
 764 0036 05       		.uleb128 0x5
 765 0037 35       		.uleb128 0x35
 766 0038 00       		.byte	0
 767 0039 49       		.uleb128 0x49
 768 003a 13       		.uleb128 0x13
 769 003b 00       		.byte	0
 770 003c 00       		.byte	0
 771 003d 06       		.uleb128 0x6
 772 003e 13       		.uleb128 0x13
 773 003f 01       		.byte	0x1
 774 0040 0B       		.uleb128 0xb
 775 0041 0B       		.uleb128 0xb
 776 0042 3A       		.uleb128 0x3a
 777 0043 0B       		.uleb128 0xb
 778 0044 3B       		.uleb128 0x3b
 779 0045 0B       		.uleb128 0xb
 780 0046 01       		.uleb128 0x1
 781 0047 13       		.uleb128 0x13
 782 0048 00       		.byte	0
 783 0049 00       		.byte	0
 784 004a 07       		.uleb128 0x7
ARM GAS  C:\Users\Luggi\AppData\Local\Temp\cc8JzSXg.s 			page 33


 785 004b 0D       		.uleb128 0xd
 786 004c 00       		.byte	0
 787 004d 03       		.uleb128 0x3
 788 004e 0E       		.uleb128 0xe
 789 004f 3A       		.uleb128 0x3a
 790 0050 0B       		.uleb128 0xb
 791 0051 3B       		.uleb128 0x3b
 792 0052 0B       		.uleb128 0xb
 793 0053 49       		.uleb128 0x49
 794 0054 13       		.uleb128 0x13
 795 0055 38       		.uleb128 0x38
 796 0056 0B       		.uleb128 0xb
 797 0057 00       		.byte	0
 798 0058 00       		.byte	0
 799 0059 08       		.uleb128 0x8
 800 005a 16       		.uleb128 0x16
 801 005b 00       		.byte	0
 802 005c 03       		.uleb128 0x3
 803 005d 0E       		.uleb128 0xe
 804 005e 3A       		.uleb128 0x3a
 805 005f 0B       		.uleb128 0xb
 806 0060 3B       		.uleb128 0x3b
 807 0061 0B       		.uleb128 0xb
 808 0062 49       		.uleb128 0x49
 809 0063 13       		.uleb128 0x13
 810 0064 00       		.byte	0
 811 0065 00       		.byte	0
 812 0066 09       		.uleb128 0x9
 813 0067 0F       		.uleb128 0xf
 814 0068 00       		.byte	0
 815 0069 0B       		.uleb128 0xb
 816 006a 0B       		.uleb128 0xb
 817 006b 49       		.uleb128 0x49
 818 006c 13       		.uleb128 0x13
 819 006d 00       		.byte	0
 820 006e 00       		.byte	0
 821 006f 0A       		.uleb128 0xa
 822 0070 01       		.uleb128 0x1
 823 0071 01       		.byte	0x1
 824 0072 49       		.uleb128 0x49
 825 0073 13       		.uleb128 0x13
 826 0074 01       		.uleb128 0x1
 827 0075 13       		.uleb128 0x13
 828 0076 00       		.byte	0
 829 0077 00       		.byte	0
 830 0078 0B       		.uleb128 0xb
 831 0079 21       		.uleb128 0x21
 832 007a 00       		.byte	0
 833 007b 49       		.uleb128 0x49
 834 007c 13       		.uleb128 0x13
 835 007d 2F       		.uleb128 0x2f
 836 007e 0B       		.uleb128 0xb
 837 007f 00       		.byte	0
 838 0080 00       		.byte	0
 839 0081 0C       		.uleb128 0xc
 840 0082 2E       		.uleb128 0x2e
 841 0083 01       		.byte	0x1
ARM GAS  C:\Users\Luggi\AppData\Local\Temp\cc8JzSXg.s 			page 34


 842 0084 3F       		.uleb128 0x3f
 843 0085 19       		.uleb128 0x19
 844 0086 03       		.uleb128 0x3
 845 0087 0E       		.uleb128 0xe
 846 0088 3A       		.uleb128 0x3a
 847 0089 0B       		.uleb128 0xb
 848 008a 3B       		.uleb128 0x3b
 849 008b 0B       		.uleb128 0xb
 850 008c 27       		.uleb128 0x27
 851 008d 19       		.uleb128 0x19
 852 008e 49       		.uleb128 0x49
 853 008f 13       		.uleb128 0x13
 854 0090 11       		.uleb128 0x11
 855 0091 01       		.uleb128 0x1
 856 0092 12       		.uleb128 0x12
 857 0093 06       		.uleb128 0x6
 858 0094 40       		.uleb128 0x40
 859 0095 18       		.uleb128 0x18
 860 0096 9742     		.uleb128 0x2117
 861 0098 19       		.uleb128 0x19
 862 0099 01       		.uleb128 0x1
 863 009a 13       		.uleb128 0x13
 864 009b 00       		.byte	0
 865 009c 00       		.byte	0
 866 009d 0D       		.uleb128 0xd
 867 009e 34       		.uleb128 0x34
 868 009f 00       		.byte	0
 869 00a0 03       		.uleb128 0x3
 870 00a1 0E       		.uleb128 0xe
 871 00a2 3A       		.uleb128 0x3a
 872 00a3 0B       		.uleb128 0xb
 873 00a4 3B       		.uleb128 0x3b
 874 00a5 0B       		.uleb128 0xb
 875 00a6 49       		.uleb128 0x49
 876 00a7 13       		.uleb128 0x13
 877 00a8 02       		.uleb128 0x2
 878 00a9 17       		.uleb128 0x17
 879 00aa 00       		.byte	0
 880 00ab 00       		.byte	0
 881 00ac 0E       		.uleb128 0xe
 882 00ad 898201   		.uleb128 0x4109
 883 00b0 00       		.byte	0
 884 00b1 11       		.uleb128 0x11
 885 00b2 01       		.uleb128 0x1
 886 00b3 31       		.uleb128 0x31
 887 00b4 13       		.uleb128 0x13
 888 00b5 00       		.byte	0
 889 00b6 00       		.byte	0
 890 00b7 0F       		.uleb128 0xf
 891 00b8 2E       		.uleb128 0x2e
 892 00b9 01       		.byte	0x1
 893 00ba 3F       		.uleb128 0x3f
 894 00bb 19       		.uleb128 0x19
 895 00bc 03       		.uleb128 0x3
 896 00bd 0E       		.uleb128 0xe
 897 00be 3A       		.uleb128 0x3a
 898 00bf 0B       		.uleb128 0xb
ARM GAS  C:\Users\Luggi\AppData\Local\Temp\cc8JzSXg.s 			page 35


 899 00c0 3B       		.uleb128 0x3b
 900 00c1 0B       		.uleb128 0xb
 901 00c2 27       		.uleb128 0x27
 902 00c3 19       		.uleb128 0x19
 903 00c4 11       		.uleb128 0x11
 904 00c5 01       		.uleb128 0x1
 905 00c6 12       		.uleb128 0x12
 906 00c7 06       		.uleb128 0x6
 907 00c8 40       		.uleb128 0x40
 908 00c9 18       		.uleb128 0x18
 909 00ca 9742     		.uleb128 0x2117
 910 00cc 19       		.uleb128 0x19
 911 00cd 01       		.uleb128 0x1
 912 00ce 13       		.uleb128 0x13
 913 00cf 00       		.byte	0
 914 00d0 00       		.byte	0
 915 00d1 10       		.uleb128 0x10
 916 00d2 05       		.uleb128 0x5
 917 00d3 00       		.byte	0
 918 00d4 03       		.uleb128 0x3
 919 00d5 0E       		.uleb128 0xe
 920 00d6 3A       		.uleb128 0x3a
 921 00d7 0B       		.uleb128 0xb
 922 00d8 3B       		.uleb128 0x3b
 923 00d9 0B       		.uleb128 0xb
 924 00da 49       		.uleb128 0x49
 925 00db 13       		.uleb128 0x13
 926 00dc 02       		.uleb128 0x2
 927 00dd 17       		.uleb128 0x17
 928 00de 00       		.byte	0
 929 00df 00       		.byte	0
 930 00e0 11       		.uleb128 0x11
 931 00e1 2E       		.uleb128 0x2e
 932 00e2 00       		.byte	0
 933 00e3 3F       		.uleb128 0x3f
 934 00e4 19       		.uleb128 0x19
 935 00e5 03       		.uleb128 0x3
 936 00e6 0E       		.uleb128 0xe
 937 00e7 3A       		.uleb128 0x3a
 938 00e8 0B       		.uleb128 0xb
 939 00e9 3B       		.uleb128 0x3b
 940 00ea 0B       		.uleb128 0xb
 941 00eb 27       		.uleb128 0x27
 942 00ec 19       		.uleb128 0x19
 943 00ed 49       		.uleb128 0x49
 944 00ee 13       		.uleb128 0x13
 945 00ef 11       		.uleb128 0x11
 946 00f0 01       		.uleb128 0x1
 947 00f1 12       		.uleb128 0x12
 948 00f2 06       		.uleb128 0x6
 949 00f3 40       		.uleb128 0x40
 950 00f4 18       		.uleb128 0x18
 951 00f5 9742     		.uleb128 0x2117
 952 00f7 19       		.uleb128 0x19
 953 00f8 00       		.byte	0
 954 00f9 00       		.byte	0
 955 00fa 12       		.uleb128 0x12
ARM GAS  C:\Users\Luggi\AppData\Local\Temp\cc8JzSXg.s 			page 36


 956 00fb 34       		.uleb128 0x34
 957 00fc 00       		.byte	0
 958 00fd 03       		.uleb128 0x3
 959 00fe 0E       		.uleb128 0xe
 960 00ff 3A       		.uleb128 0x3a
 961 0100 0B       		.uleb128 0xb
 962 0101 3B       		.uleb128 0x3b
 963 0102 0B       		.uleb128 0xb
 964 0103 49       		.uleb128 0x49
 965 0104 13       		.uleb128 0x13
 966 0105 02       		.uleb128 0x2
 967 0106 18       		.uleb128 0x18
 968 0107 00       		.byte	0
 969 0108 00       		.byte	0
 970 0109 13       		.uleb128 0x13
 971 010a 34       		.uleb128 0x34
 972 010b 00       		.byte	0
 973 010c 03       		.uleb128 0x3
 974 010d 0E       		.uleb128 0xe
 975 010e 3A       		.uleb128 0x3a
 976 010f 0B       		.uleb128 0xb
 977 0110 3B       		.uleb128 0x3b
 978 0111 0B       		.uleb128 0xb
 979 0112 49       		.uleb128 0x49
 980 0113 13       		.uleb128 0x13
 981 0114 3F       		.uleb128 0x3f
 982 0115 19       		.uleb128 0x19
 983 0116 3C       		.uleb128 0x3c
 984 0117 19       		.uleb128 0x19
 985 0118 00       		.byte	0
 986 0119 00       		.byte	0
 987 011a 14       		.uleb128 0x14
 988 011b 2E       		.uleb128 0x2e
 989 011c 00       		.byte	0
 990 011d 3F       		.uleb128 0x3f
 991 011e 19       		.uleb128 0x19
 992 011f 03       		.uleb128 0x3
 993 0120 0E       		.uleb128 0xe
 994 0121 3A       		.uleb128 0x3a
 995 0122 0B       		.uleb128 0xb
 996 0123 3B       		.uleb128 0x3b
 997 0124 0B       		.uleb128 0xb
 998 0125 27       		.uleb128 0x27
 999 0126 19       		.uleb128 0x19
 1000 0127 49       		.uleb128 0x49
 1001 0128 13       		.uleb128 0x13
 1002 0129 3C       		.uleb128 0x3c
 1003 012a 19       		.uleb128 0x19
 1004 012b 00       		.byte	0
 1005 012c 00       		.byte	0
 1006 012d 00       		.byte	0
 1007              		.section	.debug_loc,"",%progbits
 1008              	.Ldebug_loc0:
 1009              	.LLST0:
 1010 0000 02000000 		.4byte	.LVL0
 1011 0004 3A000000 		.4byte	.LVL4
 1012 0008 0200     		.2byte	0x2
ARM GAS  C:\Users\Luggi\AppData\Local\Temp\cc8JzSXg.s 			page 37


 1013 000a 30       		.byte	0x30
 1014 000b 9F       		.byte	0x9f
 1015 000c 3A000000 		.4byte	.LVL4
 1016 0010 3C000000 		.4byte	.LVL5
 1017 0014 0100     		.2byte	0x1
 1018 0016 50       		.byte	0x50
 1019 0017 3C000000 		.4byte	.LVL5
 1020 001b 52000000 		.4byte	.LVL6
 1021 001f 0200     		.2byte	0x2
 1022 0021 30       		.byte	0x30
 1023 0022 9F       		.byte	0x9f
 1024 0023 52000000 		.4byte	.LVL6
 1025 0027 54000000 		.4byte	.LVL7
 1026 002b 0100     		.2byte	0x1
 1027 002d 50       		.byte	0x50
 1028 002e 54000000 		.4byte	.LVL7
 1029 0032 6A000000 		.4byte	.LVL8
 1030 0036 0200     		.2byte	0x2
 1031 0038 30       		.byte	0x30
 1032 0039 9F       		.byte	0x9f
 1033 003a 6A000000 		.4byte	.LVL8
 1034 003e 78000000 		.4byte	.LFE0
 1035 0042 0100     		.2byte	0x1
 1036 0044 50       		.byte	0x50
 1037 0045 00000000 		.4byte	0
 1038 0049 00000000 		.4byte	0
 1039              	.LLST1:
 1040 004d 0C000000 		.4byte	.LVL1
 1041 0051 30000000 		.4byte	.LVL3
 1042 0055 0100     		.2byte	0x1
 1043 0057 52       		.byte	0x52
 1044 0058 3C000000 		.4byte	.LVL5
 1045 005c 51000000 		.4byte	.LVL6-1
 1046 0060 0100     		.2byte	0x1
 1047 0062 52       		.byte	0x52
 1048 0063 54000000 		.4byte	.LVL7
 1049 0067 78000000 		.4byte	.LFE0
 1050 006b 0100     		.2byte	0x1
 1051 006d 52       		.byte	0x52
 1052 006e 00000000 		.4byte	0
 1053 0072 00000000 		.4byte	0
 1054              	.LLST2:
 1055 0076 14000000 		.4byte	.LVL2
 1056 007a 39000000 		.4byte	.LVL4-1
 1057 007e 0100     		.2byte	0x1
 1058 0080 51       		.byte	0x51
 1059 0081 3C000000 		.4byte	.LVL5
 1060 0085 51000000 		.4byte	.LVL6-1
 1061 0089 0100     		.2byte	0x1
 1062 008b 51       		.byte	0x51
 1063 008c 54000000 		.4byte	.LVL7
 1064 0090 78000000 		.4byte	.LFE0
 1065 0094 0100     		.2byte	0x1
 1066 0096 51       		.byte	0x51
 1067 0097 00000000 		.4byte	0
 1068 009b 00000000 		.4byte	0
 1069              	.LLST3:
ARM GAS  C:\Users\Luggi\AppData\Local\Temp\cc8JzSXg.s 			page 38


 1070 009f 00000000 		.4byte	.LVL9
 1071 00a3 02000000 		.4byte	.LVL10
 1072 00a7 0100     		.2byte	0x1
 1073 00a9 50       		.byte	0x50
 1074 00aa 02000000 		.4byte	.LVL10
 1075 00ae 0C000000 		.4byte	.LFE1
 1076 00b2 0400     		.2byte	0x4
 1077 00b4 F3       		.byte	0xf3
 1078 00b5 01       		.uleb128 0x1
 1079 00b6 50       		.byte	0x50
 1080 00b7 9F       		.byte	0x9f
 1081 00b8 00000000 		.4byte	0
 1082 00bc 00000000 		.4byte	0
 1083              		.section	.debug_aranges,"",%progbits
 1084 0000 2C000000 		.4byte	0x2c
 1085 0004 0200     		.2byte	0x2
 1086 0006 00000000 		.4byte	.Ldebug_info0
 1087 000a 04       		.byte	0x4
 1088 000b 00       		.byte	0
 1089 000c 0000     		.2byte	0
 1090 000e 0000     		.2byte	0
 1091 0010 00000000 		.4byte	.LFB0
 1092 0014 78000000 		.4byte	.LFE0-.LFB0
 1093 0018 00000000 		.4byte	.LFB1
 1094 001c 0C000000 		.4byte	.LFE1-.LFB1
 1095 0020 00000000 		.4byte	.LFB2
 1096 0024 10000000 		.4byte	.LFE2-.LFB2
 1097 0028 00000000 		.4byte	0
 1098 002c 00000000 		.4byte	0
 1099              		.section	.debug_ranges,"",%progbits
 1100              	.Ldebug_ranges0:
 1101 0000 00000000 		.4byte	.LFB0
 1102 0004 78000000 		.4byte	.LFE0
 1103 0008 00000000 		.4byte	.LFB1
 1104 000c 0C000000 		.4byte	.LFE1
 1105 0010 00000000 		.4byte	.LFB2
 1106 0014 10000000 		.4byte	.LFE2
 1107 0018 00000000 		.4byte	0
 1108 001c 00000000 		.4byte	0
 1109              		.section	.debug_line,"",%progbits
 1110              	.Ldebug_line0:
 1111 0000 C4000000 		.section	.debug_str,"MS",%progbits,1
 1111      02006C00 
 1111      00000201 
 1111      FB0E0D00 
 1111      01010101 
 1112              	.LASF34:
 1113 0000 55534255 		.ascii	"USBUART_1_MSC_SetLunCount\000"
 1113      4152545F 
 1113      315F4D53 
 1113      435F5365 
 1113      744C756E 
 1114              	.LASF20:
 1115 001a 70537461 		.ascii	"pStatusBlock\000"
 1115      74757342 
 1115      6C6F636B 
 1115      00
ARM GAS  C:\Users\Luggi\AppData\Local\Temp\cc8JzSXg.s 			page 39


 1116              	.LASF33:
 1117 0027 55534255 		.ascii	"USBUART_1_DispatchMSCClassRqst\000"
 1117      4152545F 
 1117      315F4469 
 1117      73706174 
 1117      63684D53 
 1118              	.LASF21:
 1119 0046 545F5553 		.ascii	"T_USBUART_1_TD\000"
 1119      42554152 
 1119      545F315F 
 1119      544400
 1120              	.LASF25:
 1121 0055 76616C75 		.ascii	"value\000"
 1121      6500
 1122              	.LASF18:
 1123 005b 636F756E 		.ascii	"count\000"
 1123      7400
 1124              	.LASF3:
 1125 0061 73686F72 		.ascii	"short unsigned int\000"
 1125      7420756E 
 1125      7369676E 
 1125      65642069 
 1125      6E7400
 1126              	.LASF15:
 1127 0074 73746174 		.ascii	"status\000"
 1127      757300
 1128              	.LASF19:
 1129 007b 70446174 		.ascii	"pData\000"
 1129      6100
 1130              	.LASF22:
 1131 0081 65704461 		.ascii	"epData\000"
 1131      746100
 1132              	.LASF11:
 1133 0088 666C6F61 		.ascii	"float\000"
 1133      7400
 1134              	.LASF32:
 1135 008e 433A5C55 		.ascii	"C:\\Users\\Luggi\\Documents\\GitHub\\laserschutzsch"
 1135      73657273 
 1135      5C4C7567 
 1135      67695C44 
 1135      6F63756D 
 1136 00bc 616C7475 		.ascii	"altung\\Laserschutzschaltung.cydsn\000"
 1136      6E675C4C 
 1136      61736572 
 1136      73636875 
 1136      747A7363 
 1137              	.LASF1:
 1138 00de 756E7369 		.ascii	"unsigned char\000"
 1138      676E6564 
 1138      20636861 
 1138      7200
 1139              	.LASF5:
 1140 00ec 6C6F6E67 		.ascii	"long unsigned int\000"
 1140      20756E73 
 1140      69676E65 
 1140      6420696E 
 1140      7400
ARM GAS  C:\Users\Luggi\AppData\Local\Temp\cc8JzSXg.s 			page 40


 1141              	.LASF9:
 1142 00fe 75696E74 		.ascii	"uint8\000"
 1142      3800
 1143              	.LASF27:
 1144 0104 55534255 		.ascii	"USBUART_1_lunCount\000"
 1144      4152545F 
 1144      315F6C75 
 1144      6E436F75 
 1144      6E7400
 1145              	.LASF31:
 1146 0117 47656E65 		.ascii	"Generated_Source\\PSoC5\\USBUART_1_msc.c\000"
 1146      72617465 
 1146      645F536F 
 1146      75726365 
 1146      5C50536F 
 1147              	.LASF12:
 1148 013e 646F7562 		.ascii	"double\000"
 1148      6C6500
 1149              	.LASF30:
 1150 0145 474E5520 		.ascii	"GNU C 4.9.3 20150303 (release) [ARM/embedded-4_9-br"
 1150      4320342E 
 1150      392E3320 
 1150      32303135 
 1150      30333033 
 1151 0178 616E6368 		.ascii	"anch revision 221220] -mcpu=cortex-m3 -mthumb -g -O"
 1151      20726576 
 1151      6973696F 
 1151      6E203232 
 1151      31323230 
 1152 01ab 67202D66 		.ascii	"g -ffunction-sections -flto -ffat-lto-objects\000"
 1152      66756E63 
 1152      74696F6E 
 1152      2D736563 
 1152      74696F6E 
 1153              	.LASF10:
 1154 01d9 75696E74 		.ascii	"uint16\000"
 1154      313600
 1155              	.LASF23:
 1156 01e0 55534255 		.ascii	"USBUART_1_ep0_data_struct\000"
 1156      4152545F 
 1156      315F6570 
 1156      305F6461 
 1156      74615F73 
 1157              	.LASF8:
 1158 01fa 756E7369 		.ascii	"unsigned int\000"
 1158      676E6564 
 1158      20696E74 
 1158      00
 1159              	.LASF28:
 1160 0207 55534255 		.ascii	"USBUART_1_InitControlRead\000"
 1160      4152545F 
 1160      315F496E 
 1160      6974436F 
 1160      6E74726F 
 1161              	.LASF7:
 1162 0221 6C6F6E67 		.ascii	"long long unsigned int\000"
 1162      206C6F6E 
ARM GAS  C:\Users\Luggi\AppData\Local\Temp\cc8JzSXg.s 			page 41


 1162      6720756E 
 1162      7369676E 
 1162      65642069 
 1163              	.LASF36:
 1164 0238 55534255 		.ascii	"USBUART_1_MSC_GetLunCount\000"
 1164      4152545F 
 1164      315F4D53 
 1164      435F4765 
 1164      744C756E 
 1165              	.LASF26:
 1166 0252 64617461 		.ascii	"dataLength\000"
 1166      4C656E67 
 1166      746800
 1167              	.LASF14:
 1168 025d 73697A65 		.ascii	"sizetype\000"
 1168      74797065 
 1168      00
 1169              	.LASF6:
 1170 0266 6C6F6E67 		.ascii	"long long int\000"
 1170      206C6F6E 
 1170      6720696E 
 1170      7400
 1171              	.LASF29:
 1172 0274 55534255 		.ascii	"USBUART_1_InitNoDataControlTransfer\000"
 1172      4152545F 
 1172      315F496E 
 1172      69744E6F 
 1172      44617461 
 1173              	.LASF13:
 1174 0298 63686172 		.ascii	"char\000"
 1174      00
 1175              	.LASF17:
 1176 029d 545F5553 		.ascii	"T_USBUART_1_XFER_STATUS_BLOCK\000"
 1176      42554152 
 1176      545F315F 
 1176      58464552 
 1176      5F535441 
 1177              	.LASF2:
 1178 02bb 73686F72 		.ascii	"short int\000"
 1178      7420696E 
 1178      7400
 1179              	.LASF24:
 1180 02c5 72657175 		.ascii	"requestHandled\000"
 1180      65737448 
 1180      616E646C 
 1180      656400
 1181              	.LASF4:
 1182 02d4 6C6F6E67 		.ascii	"long int\000"
 1182      20696E74 
 1182      00
 1183              	.LASF37:
 1184 02dd 55534255 		.ascii	"USBUART_1_currentTD\000"
 1184      4152545F 
 1184      315F6375 
 1184      7272656E 
 1184      74544400 
 1185              	.LASF0:
ARM GAS  C:\Users\Luggi\AppData\Local\Temp\cc8JzSXg.s 			page 42


 1186 02f1 7369676E 		.ascii	"signed char\000"
 1186      65642063 
 1186      68617200 
 1187              	.LASF35:
 1188 02fd 6C756E43 		.ascii	"lunCount\000"
 1188      6F756E74 
 1188      00
 1189              	.LASF16:
 1190 0306 6C656E67 		.ascii	"length\000"
 1190      746800
 1191              		.comm	__gnu_lto_v1,1,1
 1192              		.ident	"GCC: (GNU Tools for ARM Embedded Processors) 4.9.3 20150303 (release) [ARM/embedded-4_9-br
