ARM GAS  C:\Users\Luggi\AppData\Local\Temp\ccs87Cq1.s 			page 1


   1              		.syntax unified
   2              		.cpu cortex-m3
   3              		.fpu softvfp
   4              		.eabi_attribute 20, 1
   5              		.eabi_attribute 21, 1
   6              		.eabi_attribute 23, 3
   7              		.eabi_attribute 24, 1
   8              		.eabi_attribute 25, 1
   9              		.eabi_attribute 26, 1
  10              		.eabi_attribute 30, 1
  11              		.eabi_attribute 34, 1
  12              		.eabi_attribute 18, 4
  13              		.thumb
  14              		.file	"USBUART_1_Dm.c"
  15              		.text
  16              	.Ltext0:
  17              		.section	.gnu.lto_.profile.53c7bf6d,"",%progbits
  18 0000 789C6366 		.ascii	"x\234cf```a\200\000F\0061!\000\000\262\0001"
  18      60606061 
  18      80004606 
  18      31210000 
  18      B20031
  19              		.text
  20              		.section	.gnu.lto_.inline.53c7bf6d,"",%progbits
  21 0000 789C6366 		.ascii	"x\234cf\300\016\022\2404\013\003\003\007;##\003#\003"
  21      C00E12A0 
  21      340B0303 
  21      073B2323 
  21      032303
  22 0013 0333C701 		.ascii	"\0033\307\001;\006\266\005\362L\014L\027\370Y@\222\214"
  22      3B06B605 
  22      F24C0C4C 
  22      17F85940 
  22      928C
  23 0025 78E49818 		.ascii	"x\344\230\030XY\030\031\230X\026\310C\304\201\200\031"
  23      58591819 
  23      985816C8 
  23      43C48180 
  23      19
  24 0036 53880100 		.ascii	"S\210\001\000\322\320\011("
  24      D2D00928 
  25              		.text
  26              		.section	.gnu.lto_.jmpfuncs.53c7bf6d,"",%progbits
  27 0000 789C6366 		.ascii	"x\234cf\300\016\204\2404\013\003##c=#\210`b``\006\212"
  27      C00E84A0 
  27      340B0323 
  27      23633D23 
  27      88606260 
  28 0017 00000DC0 		.ascii	"\000\000\015\300\001$"
  28      0124
  29              		.text
  30              		.section	.gnu.lto_.pureconst.53c7bf6d,"",%progbits
  31 0000 789C6366 		.ascii	"x\234cf``\340d\200\000\026\006)F)&)f)\000\002\305\000"
  31      6060E064 
  31      80001606 
  31      29462926 
  31      29662900 
ARM GAS  C:\Users\Luggi\AppData\Local\Temp\ccs87Cq1.s 			page 2


  32 0017 7F       		.ascii	"\177"
  33              		.text
  34              		.section	.gnu.lto_USBUART_1_Dm_Write.53c7bf6d,"",%progbits
  35 0000 789C6591 		.ascii	"x\234e\221OHTQ\024\306\317w\356{3S\206D\313\331\212"
  35      4F485451 
  35      14C6CF77 
  35      EE7B3353 
  35      8644CBD9 
  36 0015 8910850B 		.ascii	"\211\020\205\013\027\355\324\202\266\342\344n`\030\246"
  36      17EDD482 
  36      B6E2E46E 
  36      6018A6
  37 0024 B7102A41 		.ascii	"\267\020*AG\267s\237\016\263\010\002\221\240 \374\307"
  37      47B7739F 
  37      0EB30802 
  37      91A020FC 
  37      C7
  38 0035 2456536A 		.ascii	"$VSjF\322\246z\212\273(\321E\202\230\031L\241\350B1"
  38      46D2A67A 
  38      8ABB28D1 
  38      45829819 
  38      4CA1E842 
  39 004a 9A4C9AD7 		.ascii	"\232L\232\327\271\357m\222.\334w\357=|\277s\276s\236"
  39      B9EF6D92 
  39      2EDC77EF 
  39      3D7CBF73 
  39      BE739E
  40 005d A2FF575C 		.ascii	"\242\377W\\\266\017\242\313rB\021x\350#\221\033c\300"
  40      B60FA2CB 
  40      72421178 
  40      E823911B 
  40      63C0
  41 006f 5C089463 		.ascii	"\\\010\224c\344\260\303\007\214!\257\364\240\246aRk"
  41      E4B0C307 
  41      8C21AFF4 
  41      A0A66152 
  41      6B
  42 0080 BD3FBCEC 		.ascii	"\275?\274\354\266{8b\242C\016\363`\012\015\2429,\351"
  42      B67B3862 
  42      A2430EF3 
  42      600A0DA2 
  42      392CE9
  43 0093 7B4A3582 		.ascii	"{J5\202\344>\273\362\241\032\255/j=\340\275\233\326"
  43      E43EBBF2 
  43      A11AAD2F 
  43      6A3DE0BD 
  43      9BD6
  44 00a5 2D22071E 		.ascii	"-\"\007\036C\011\201\013q4\306I\002\204'\2507\342\271"
  44      4309810B 
  44      7134C649 
  44      028427A8 
  44      37E2B9
  45 00b8 BB4BF3AC 		.ascii	"\273K\363\254.\005\340\304\373\257Kg\352&\004\334:\236"
  45      2E05E0C4 
  45      FBAF4B67 
  45      EA2604DC 
  45      3A9E
ARM GAS  C:\Users\Luggi\AppData\Local\Temp\ccs87Cq1.s 			page 3


  46 00ca 4F7AEEB8 		.ascii	"Oz\356\270\256\372~\200?\375\027\017\227\350\017\362"
  46      AEFA7E80 
  46      3FFD170F 
  46      97E80FF2 
  47 00da 7FD66A22 		.ascii	"\177\326j\"y1v\026%\324\205\236\360\014\021\351\013"
  47      79317616 
  47      25D4859E 
  47      F00C11E9 
  47      0B
  48 00eb 263273CE 		.ascii	"&2s\316\323\276\377\362\315\302o\304X\312\2624*a\013"
  48      D3BEFFF2 
  48      CDC26FC4 
  48      58CAB234 
  48      2A610B
  49 00fe A6BA6D02 		.ascii	"\246\272m\002\021\363!*\3136}\177\223\207\234j\035\213"
  49      11F3212A 
  49      CB367D7F 
  49      93879C6A 
  49      1D8B
  50 0110 3FEF6CDE 		.ascii	"?\357l\336\217\232d\0256CX\370\374\372Q\3556\037\261"
  50      8F9A6415 
  50      364358F8 
  50      FCFA51ED 
  50      361FB1
  51 0123 DA2FBADA 		.ascii	"\332/\272\3322\345\277\224\227WbA(p3\372\366\325j\355"
  51      32E5BF94 
  51      97576241 
  51      287033FA 
  51      F6D56AED 
  52 0137 081EBA79 		.ascii	"\010\036\272y\261l\3419\342\230\206\270\305\014F@\353"
  52      B16CE139 
  52      E29886B8 
  52      C50C4640 
  52      EB
  53 0148 18FC55D8 		.ascii	"\030\374U\330@\230P\2059\307v\252\333\226I\200\034a"
  53      40985085 
  53      39C776AA 
  53      DB964980 
  53      1C61
  54 015a 56B49FC0 		.ascii	"V\264\237\300\201}\361(\"\303l\024\276\257\235\012!"
  54      817DF128 
  54      22C36C14 
  54      BEAF9D0A 
  54      21
  55 016b BBC29640 		.ascii	"\273\302\226@\225\342\326.\014\304Q\302\013\201D\365"
  55      95E2D62E 
  55      0CC451C2 
  55      0B8144F5 
  56 017b A3B0C7A1 		.ascii	"\243\260\307\241(\324\031tq8(v\302\230\353\331'\255"
  56      28D41974 
  56      71382876 
  56      C298EBD9 
  56      27AD
  57 018d CD893581 		.ascii	"\315\2115\201h\023\256wl\033\275\031mY\376\217LAfr\376"
  57      6813AE77 
  57      6C1BBD19 
  57      6D59FE8F 
ARM GAS  C:\Users\Luggi\AppData\Local\Temp\ccs87Cq1.s 			page 4


  57      4C416672 
  58 01a2 9A73DBE9 		.ascii	"\232s\333\351Ig\235\033\251Dw_O\306I\266'\272\2574'"
  58      49679D1B 
  58      A944775F 
  58      4FC649B6 
  58      27BAAF34 
  59 01b7 3B136D9D 		.ascii	";\023m\235\255\035\327SM\251\253\267.f\310\356O\337"
  59      AD1DD753 
  59      4DA9ABB7 
  59      2E66C8EE 
  59      4FDF
  60 01c9 EC734EF7 		.ascii	"\354sN\367f\323\331\256L[W\266\367/`\303\303\371"
  60      66D3D9AE 
  60      4C5B57B6 
  60      F72F60C3 
  60      C3F9
  61              		.text
  62              		.section	.gnu.lto_USBUART_1_Dm_SetDriveMode.53c7bf6d,"",%progbits
  63 0000 789C7D51 		.ascii	"x\234}Q;H\003A\020\235\267{IN\202\"V\222>\212\340\007"
  63      3B480341 
  63      109DB77B 
  63      494E8222 
  63      56923E8A 
  64 0016 0B7B7F68 		.ascii	"\013{\177h+F;!\210^\251\201\240\265\027\215\215\225"
  64      2B463B21 
  64      885EA981 
  64      A0B5178D 
  64      8D95
  65 0028 B1124250 		.ascii	"\261\022BP\024\361\023\177\240`\351!v\242\242\215(\030"
  65      14F1137F 
  65      A060E921 
  65      76A2A28D 
  65      2818
  66 003a 9BF805C5 		.ascii	"\233\370\005\305\3407\250\304\331\273\024\001\301\345"
  66      E037A8C4 
  66      D9BB1401 
  66      C1E5
  67 0048 7676DEF0 		.ascii	"vv\336\360\336\273\331YI\177\227\217\367\003\210j\370"
  67      DEBBD959 
  67      497F978F 
  67      F703886A 
  67      F8
  68 0059 842488C9 		.ascii	"\204$\210\311#\242\210.\000\225\020hD`\004\367\"#0i"
  68      23A2882E 
  68      00951068 
  68      446004F7 
  68      22233069 
  69 006d 25A7BD95 		.ascii	"%\247\275\225\013\246i>\317\355\224\217\227g\005\321"
  69      0BA6693E 
  69      CFED948F 
  69      976705D1 
  70 007d 8B706CB0 		.ascii	"\213pl\260\210J\246\334f\357\027\213e\025\210\363\237"
  70      884AA6DC 
  70      66EF178B 
  70      651588F3 
  70      9F
  71 008e D8D9A9F0 		.ascii	"\330\331\251\360\317\233\346\250u\264n6\"\313\236K\220"
ARM GAS  C:\Users\Luggi\AppData\Local\Temp\ccs87Cq1.s 			page 5


  71      CF9BE6A8 
  71      75B46E36 
  71      22CB9E4B 
  71      90
  72 009f AC40B50F 		.ascii	"\254@\265\017U>\342\002a\031~E\316D\177\316\274\356"
  72      553EE202 
  72      61197E45 
  72      CE447FCE 
  72      BCEE
  73 00b1 287B973A 		.ascii	"({\227:\236X\201\233\333\242\2152\313\314\345^.cKu\360"
  73      9E58819B 
  73      DBA28D32 
  73      CBCCE55E 
  73      2E634B75 
  74 00c6 0AD608C9 		.ascii	"\012\326\010\311Aj*\270\240\344n\225zT\320U(R\034\242"
  74      416A2AB8 
  74      A0E46E95 
  74      7A54D055 
  74      28521CA2 
  75 00da 346F7583 		.ascii	"4ou\203k\006|\312\013\354\275O\334\3045\345\373!\324"
  75      6B067CCA 
  75      0BECBD4F 
  75      DCC435E5 
  75      FB21D4
  76 00ed 75DE66AC 		.ascii	"u\336f\254\303\222;\221\025Zn6bj\252\213\253\364\361"
  76      C3923B91 
  76      155A6E36 
  76      626AAA8B 
  76      ABF4F1
  77 0100 896E9748 		.ascii	"\211n\227H\301\335\357\345m=\201x$\312\315\273\220\204"
  77      C1DDEFE5 
  77      6D3D8178 
  77      24CACDBB 
  77      9084
  78 0112 0FABE081 		.ascii	"\017\253\340\201a\015\011\320\005FS\036\307N\262#\343"
  78      610D09D0 
  78      0546531E 
  78      C74EB223 
  78      E3
  79 0123 B14FB783 		.ascii	"\261O\267\2035.\261\376\374\351\371\300\266\223\231"
  79      352EB1FE 
  79      FCE9F9C0 
  79      B69399
  80 0132 5C7EF12C 		.ascii	"\\~\361,\327\331\242@\313\237\253P\353\341\022kO\266"
  80      D7D9A240 
  80      CB9FAB50 
  80      EBE1126B 
  80      4FB6
  81 0144 1EF75DB6 		.ascii	"\036\367]\266\266\204\260aK\306^\363\024\335\376\203"
  81      B684B061 
  81      4BC65EF3 
  81      14DDFE83 
  82 0154 A7D0A588 		.ascii	"\247\320\245\210\253\214\367\246\240\360\177\275or\357"
  82      AB8CF7A6 
  82      A0F07FBD 
  82      6F72EF
  83 0163 CCA71422 		.ascii	"\314\247\024\"\326W\233b\253\367K\363[\360\230xh\025"
ARM GAS  C:\Users\Luggi\AppData\Local\Temp\ccs87Cq1.s 			page 6


  83      D6579B62 
  83      ABF74BF3 
  83      5BF09878 
  83      6815
  84 0175 EDC6A011 		.ascii	"\355\306\240\021\356\0352\372\203\201\320p\270\317\350"
  84      EE1D32FA 
  84      8381D070 
  84      B8CFE8
  85 0184 E908845A 		.ascii	"\351\010\204Z\032z\272\003\315\335M\235]\301\372`\353"
  85      1A7ABA03 
  85      CDDD4D9D 
  85      5DC1FA60 
  85      EB
  86 0195 406D1F69 		.ascii	"@m\037i\003\241~\343\027y,\272\003"
  86      03A17EE3 
  86      17792CBA 
  86      03
  87              		.text
  88              		.section	.gnu.lto_USBUART_1_Dm_Read.53c7bf6d,"",%progbits
  89 0000 789C6366 		.ascii	"x\234cf\300\004R@\374\007\2105\200\230\221\231\201\221"
  89      C0045240 
  89      FC078835 
  89      80989199 
  89      8191
  90 0012 69C23906 		.ascii	"i\3029\006\206F\016&FF\020\203\201\221\241\236\211\261"
  90      86460E26 
  90      46461083 
  90      8191A19E 
  90      89B1
  91 0024 9EF125D3 		.ascii	"\236\361%\323G&\3063;\377]fT_\332\320\320\364a\322\336"
  91      4726C633 
  91      3BFF5D66 
  91      545FDAD0 
  91      D0F461D2 
  92 0039 3BDCAD12 		.ascii	";\334\255\022?\231\030\030>310\352H1j\202\314a\\\316"
  92      3F991818 
  92      3E333130 
  92      EA48316A 
  92      82CC615C 
  93 004e A8CE0054 		.ascii	"\250\316\000T\370\261\345\357un\266\226\206\206\006"
  93      F8B1E5EF 
  93      756EB696 
  93      868606
  94 005d 01903C50 		.ascii	"\001\220<Pb\005#\033#\220^/t\240\341\377\377\315_'v"
  94      6205231B 
  94      23905E2F 
  94      74A0E1FF 
  94      FFCD5F27 
  95 0072 5833B230 		.ascii	"X3\26201\374d\002\332\0102\204\341\011\220\000\331\367"
  95      31FC6402 
  95      DA083284 
  95      E1099000 
  95      D9F7
  96 0084 94890944 		.ascii	"\224\211\011D3\337b<\364\255\353\336<+\220\306\357L"
  96      33DF623C 
  96      F4ADEBDE 
  96      3C2B90C6 
ARM GAS  C:\Users\Luggi\AppData\Local\Temp\ccs87Cq1.s 			page 7


  96      EF4C
  97 0096 20CB974D 		.ascii	" \313\227M^\273\210\353\005\323O gqc\003\013\310\232"
  97      5EBB88EB 
  97      05D34F20 
  97      67716303 
  97      0BC89A
  98 00a9 FB4FCE5F 		.ascii	"\373O\316_\344\000\0131\200\270O_v~f\234\3138\273\261"
  98      E4000B31 
  98      80B84F5F 
  98      767E669C 
  98      CB38BBB1 
  99 00bd 85F12713 		.ascii	"\205\361'\0233\343JF)\306U\214@g1\256\006\2122\334b"
  99      33E34A46 
  99      29C6558C 
  99      406731AE 
  99      068A32DC 
 100 00d2 6CBED7A6 		.ascii	"l\276\327\246\0031\217\031b\344\367\305\017^3\202\364"
 100      03318F19 
 100      62E4F7C5 
 100      0F5E3382 
 100      F4
 101 00e3 B3B03330 		.ascii	"\263\26030\256\001*\275\307\310\010U\000v\022#\310)"
 101      AE012ABD 
 101      C7C80855 
 101      00761223 
 101      C829
 102 00f5 40B3D5DC 		.ascii	"@\263\325\334S\363R\213\022KRS\342\203\363K\213\222"
 102      53F3528B 
 102      124B5253 
 102      E283F34B 
 102      8B92
 103 0107 53630282 		.ascii	"Sc\002\202\363\235McB\203\235B\035\203B\342\015\343"
 103      F39D4D63 
 103      42839D42 
 103      1D8342E2 
 103      0DE3
 104 0119 5D72F592 		.ascii	"]r\365\222\031\000\276Dgm"
 104      1900BE44 
 104      676D
 105              		.text
 106              		.section	.gnu.lto_USBUART_1_Dm_ReadDataReg.53c7bf6d,"",%progbits
 107 0000 789C6366 		.ascii	"x\234cf\300\004R@\374\007\2105\200\230\221\231\201\221"
 107      C0045240 
 107      FC078835 
 107      80989199 
 107      8191
 108 0012 69C23906 		.ascii	"i\3029\006\206F\016&FF\020\203\201\221\241\236\211\261"
 108      86460E26 
 108      46461083 
 108      8191A19E 
 108      89B1
 109 0024 9EF125D3 		.ascii	"\236\361%\323G&\3063;\377]fT_\332\320\320\364\341\322"
 109      4726C633 
 109      3BFF5D66 
 109      545FDAD0 
 109      D0F4E1D2 
 110 0038 E53BDCAD 		.ascii	"\345;\334\255\022?\231\030\030>310\352H1j\202\314a\\"
ARM GAS  C:\Users\Luggi\AppData\Local\Temp\ccs87Cq1.s 			page 8


 110      123F9918 
 110      183E3331 
 110      30EA4831 
 110      6A82CC61 
 111 004d CEA8CE00 		.ascii	"\316\250\316\000T\370\261\345\357un\266\226\206\206"
 111      54F8B1E5 
 111      EF756EB6 
 111      968686
 112 005c 0601903C 		.ascii	"\006\001\220<Pb\005#\033#\220^/t\240\341\377\377\315"
 112      50620523 
 112      1B23905E 
 112      2F74A0E1 
 112      FFFFCD
 113 006f E7277568 		.ascii	"\347'uh1\26101\374d\002\332\0102\204\341\011\220\000"
 113      31B13031 
 113      FC6402DA 
 113      083284E1 
 113      099000
 114 0082 D9F79489 		.ascii	"\331\367\224\211\011D3\337b<\364\255\353\337J+\220\306"
 114      094433DF 
 114      623CF4AD 
 114      EBDF4A2B 
 114      90C6
 115 0094 EF4C20CB 		.ascii	"\357L \313\017\336\335\261\204\357\005\323O&\246\017"
 115      0FDEDDB1 
 115      84EF05D3 
 115      4F26A60F 
 116 00a4 8B1B1B58 		.ascii	"\213\033\033X@\326\334\177r\376\"\007X\210\001\304\235"
 116      40D6DC7F 
 116      72FE2207 
 116      588801C4 
 116      9D
 117 00b5 B76FEB25 		.ascii	"\267o\353%\276\271\214\263\033[\030\177213\256d\224"
 117      BEB98CB3 
 117      1B5B187F 
 117      323133AE 
 117      6494
 118 00c7 625CC508 		.ascii	"b\\\305\010t\026\343j\306\271\214\014\267\030\233\357"
 118      7416E36A 
 118      C6B98C0C 
 118      B7189BEF 
 119 00d7 B5E940CC 		.ascii	"\265\351@\314c\206\030\371}\361\203\327\214 \375,\354"
 119      638618F9 
 119      7DF183D7 
 119      8C20FD2C 
 119      EC
 120 00e8 0C8C6B80 		.ascii	"\014\214k\200J\35712B\025\200\235\304\010r\012\320l"
 120      4AEF3132 
 120      4215809D 
 120      C408720A 
 120      D06C
 121 00fa 35F7D4BC 		.ascii	"5\367\324\274\324\242\304\222\324\224\370\340\374\322"
 121      D4A2C492 
 121      D494F8E0 
 121      FCD2
 122 0108 A2E4D498 		.ascii	"\242\344\324\230\200\340|g\323\230\320`\247P\307\240"
 122      80E07C67 
ARM GAS  C:\Users\Luggi\AppData\Local\Temp\ccs87Cq1.s 			page 9


 122      D398D060 
 122      A750C7A0 
 123 0118 9078C378 		.ascii	"\220x\303x\227\\\275d\006\000(\317g\324"
 123      975CBD64 
 123      060028CF 
 123      67D4
 124              		.text
 125              		.section	.gnu.lto_.symbol_nodes.53c7bf6d,"",%progbits
 126 0000 789C6366 		.ascii	"x\234cf``pb\200\002&\206z\006\206\011\347\030\030\352"
 126      60607062 
 126      80022686 
 126      7A068609 
 126      E71818EA 
 127 0014 EB19A62D 		.ascii	"\353\031\246-\340``b\254gD\3413\3253\241\360\231\353"
 127      E0606062 
 127      AC6744E1 
 127      33D533A1 
 127      F099EB
 128 0027 9991F90C 		.ascii	"\231\221\371\014\0000N\020\276"
 128      00304E10 
 128      BE
 129              		.text
 130              		.section	.gnu.lto_.refs.53c7bf6d,"",%progbits
 131 0000 789C6366 		.ascii	"x\234cf```d\200\002\000\000=\000\005"
 131      60606064 
 131      80020000 
 131      3D0005
 132              		.text
 133              		.section	.gnu.lto_.decls.53c7bf6d,"",%progbits
 134 0000 789C8D52 		.ascii	"x\234\215R_HSQ\030?\337=\327\251W\223\352Am\004\255"
 134      5F485351 
 134      183FDF3D 
 134      D7A95793 
 134      EA416D04 
 135 0015 172190C0 		.ascii	"\027!\220\300\207\300\267\376((A!.\351Aa\014\275\230"
 135      87C0B7FE 
 135      28284121 
 135      2EE94161 
 135      0CBD98
 136 0028 441A6B06 		.ascii	"D\032k\006>u\232\023\315\304\304\014-h\031j\231\345"
 136      3E759A13 
 136      CDC4C40C 
 136      2D68196A 
 136      99E5
 137 003a 5A3A9DF3 		.ascii	"Z:\235\363\337\356\240\007A\262\304eX\017%\276XO\023"
 137      DFEEA007 
 137      41B2C465 
 137      580F25BE 
 137      584F13
 138 004d 4A0CACDB 		.ascii	"J\014\254\3339\347n\355:'\370\301w\357\371\316\371~"
 138      39E76EED 
 138      3A27F8C1 
 138      77EFF9CE 
 138      F97E
 139 005f BFEFF79D 		.ascii	"\277\357\367\235\363a\204P6 \244R+\300\010yi\234D\275"
 139      F3618450 
 139      3620A452 
ARM GAS  C:\Users\Luggi\AppData\Local\Temp\ccs87Cq1.s 			page 10


 139      2BC00879 
 139      699C44BD 
 140 0073 04C54CA4 		.ascii	"\004\305L\244>\202\2643\037u?\332m#:\3340\365L\352\263"
 140      3E82B433 
 140      1F753FDA 
 140      6D233ADC 
 140      30F54CEA 
 141 0088 D4A723E7 		.ascii	"\324\247#\347\020\311\2117\306i\210\303\005\023`\275"
 141      10C98937 
 141      C66988C3 
 141      051360BD 
 142 0098 09B0BE48 		.ascii	"\011\260\276H\315\370z\347u8_\002\234\177\037\270D="
 142      CDF87AE7 
 142      75385F02 
 142      9C7F1FB8 
 142      443D
 143 00aa 6E08E077 		.ascii	"n\010\340w\377|\227\266.@\206db\341d\347\\\217\201\206"
 143      FF7C97B6 
 143      2E408664 
 143      62E164E7 
 143      5C8F8186 
 144 00be E992C8C2 		.ascii	"\351\222\310\302\345@ss\012\026\200\255\373zVCR\356"
 144      E5407373 
 144      0A1680AD 
 144      FB7A5643 
 144      52EE
 145 00d0 1021A485 		.ascii	"\020!\244\205(\012\304(n?\233jK\246\230L\211\207\355"
 145      280AC428 
 145      6E3F9B6A 
 145      4BA6984C 
 145      8987ED
 146 00e3 F38F8298 		.ascii	"\363\217\202\230\207*\303\011++]\2771H9-\2048H\270\223"
 146      872AC309 
 146      2B2B5DBF 
 146      3148392D 
 146      843848B8 
 147 00f8 E06C04B9 		.ascii	"\340l\004\271F8aD\340\206\034\232\006C\220\213\340%"
 147      46386144 
 147      E0861C9A 
 147      0643908B 
 147      E025
 148 010a 18E11518 		.ascii	"\030\341\025\030Q?-\020~\022\372|\224\020\021\206A\202"
 148      513F2D10 
 148      7E12FA7C 
 148      94101186 
 148      4182
 149 011c 17807906 		.ascii	"\027\200y\006m\203U\210\024\355h\012v\210\242@7YN9W"
 149      6D835588 
 149      14ED680A 
 149      7688A240 
 149      37594E39 
 150 0131 FB4B5D1D 		.ascii	"\373K]\035\020\262\036P\002\322\321H\016\212P\222\011"
 150      10B21E50 
 150      02D2D148 
 150      0E8A5092 
 150      09
 151 0142 CF29ED20 		.ascii	"\317)\355 \245E\340\201,\372}\015\242F\340r\207\276"
ARM GAS  C:\Users\Luggi\AppData\Local\Temp\ccs87Cq1.s 			page 11


 151      A545E081 
 151      2CFA7D0D 
 151      A246E072 
 151      87BE
 152 0154 66E03CDE 		.ascii	"f\340<\336\332\333\300\373v\301\344\"\275\236p[\237"
 152      DADBC0FB 
 152      76C1E422 
 152      BD9E705B 
 152      9F
 153 0165 0B3F24BD 		.ascii	"\013?$\275\016\362W\245\362\031\010\336\374\027\200"
 153      0EF257A5 
 153      F21908DE 
 153      FC1780
 154 0174 D85ABBD1 		.ascii	"\330Z\273\321\0210Q`\333J\340c2\276\312If\226\234\336"
 154      11305160 
 154      DB4AE063 
 154      32BECA49 
 154      66969CDE 
 155 0188 344ED23B 		.ascii	"4N\322;\331g\230#\212\252\236\346\370Q\035~4\212\367"
 155      D9679823 
 155      8AAA9EE6 
 155      F8511D7E 
 155      348AF7
 156 019b 72FC1DA7 		.ascii	"r\374\035\247\007\353\005\263^b\212\307\270\342\362"
 156      07EB05B3 
 156      5E628AC7 
 156      B8E2F2
 157 01aa 88E00FDB 		.ascii	"\210\340\017\333\013\203\"n\002^\354\317\350\323M\314"
 157      0B83226E 
 157      025EECCF 
 157      E8D34DCC 
 158 01ba 8B7DFBBE 		.ascii	"\213}\373\276&+N\262\255\252\230#`\\Wn<Z\316\307\313"
 158      262B4EB2 
 158      ADAA9823 
 158      605C576E 
 158      3C5ACEC7 
 159 01cf 75DD5796 		.ascii	"u\335W\2260\356\326(~|Z\334N\321\364>\036\210\352e\004"
 159      30EED628 
 159      7E7C5ADC 
 159      4ED1F43E 
 159      1E88EA65 
 160 01e4 133A8289 		.ascii	"\023:\202\211(\201\237\023\220\356\273\375)\330\243"
 160      28819F13 
 160      90EEBBFD 
 160      29D8A3
 161 01f3 118C6DB6 		.ascii	"\021\214m\266\372\017H\364Y\033\367\361\254t\020B\013"
 161      FA0F48F4 
 161      591BF7F1 
 161      AC741042 
 161      0B
 162 0204 ADCBA9DA 		.ascii	"\255\313\251\332 \304#f\366\034\204\255\265b'9\003\323"
 162      20C42366 
 162      F61C84AD 
 162      B5622739 
 162      03D3
 163 0216 F4622663 		.ascii	"\364b&c\2030\005\261I\010\315;\276\340\364V6]\364\022"
 163      833005B1 
ARM GAS  C:\Users\Luggi\AppData\Local\Temp\ccs87Cq1.s 			page 12


 163      4908CD3B 
 163      BEE0F456 
 163      365DF412 
 164 022a 538B796E 		.ascii	"S\213yn\354\022g!\2357@\377\033\002v/\006\\\002\030"
 164      EC126721 
 164      9D3740FF 
 164      1B02762F 
 164      065C0218 
 165 023e 8D520F9D 		.ascii	"\215R\017\235\342\255c\020\244Dl\251\254\253\352-U\263"
 165      E2AD6310 
 165      A4446CA9 
 165      ACABEA2D 
 165      55B3
 166 0250 7BC97CBB 		.ascii	"{\311|\273\205=K\330\241\223\211\370>\002\205\222\007"
 166      853D4BD8 
 166      A19389F8 
 166      3E028592 
 166      07
 167 0261 28390F93 		.ascii	"(9\017\223\352kj\355\371\206\242\213e\246\002t\274H"
 167      EA6B6AED 
 167      F986A28B 
 167      65A60274 
 167      BC48
 168 0273 AE956D56 		.ascii	"\256\225mV\273\\e1\327\325\333*\345\212\022s]\301\251"
 168      BB5C6531 
 168      D7D5DB2A 
 168      E58A1273 
 168      5DC1A9
 169 0286 8ACA067B 		.ascii	"\212\312\006{\303u\371\306\311+\350p\231\371\\\331\331"
 169      C375F9C6 
 169      C92BE870 
 169      99F95CD9 
 169      D9
 170 0297 D24B963C 		.ascii	"\322K\226<K\3415\313e[\215]\316\331\003\244\317<Y\211"
 170      4BE135CB 
 170      655B8D5D 
 170      CED903A4 
 170      CF3C5989 
 171 02ab 8EEC409A 		.ascii	"\216\354@\232e{\241\255\346\246|\241\256J>\264\343\244"
 171      657BA1AD 
 171      E6A67CA1 
 171      AE4A3EB4 
 171      E3A4
 172 02bd 54B65665 		.ascii	"T\266Ve\357\332)\264\332\255\245r\265h\223\253\363\377"
 172      EFDA29B4 
 172      DAADA572 
 172      B56893AB 
 172      F3FF
 173 02cf 01594151 		.ascii	"\001YAQ\330"
 173      D8
 174              		.text
 175              		.section	.gnu.lto_.symtab.53c7bf6d,"",%progbits
 176 0000 55534255 		.ascii	"USBUART_1_Dm_Write\000\000\000\000\000\000\000\000\000"
 176      4152545F 
 176      315F446D 
 176      5F577269 
 176      74650000 
ARM GAS  C:\Users\Luggi\AppData\Local\Temp\ccs87Cq1.s 			page 13


 177 001b 000000B2 		.ascii	"\000\000\000\262\000\000\000USBUART_1_Dm_SetDriveMo"
 177      00000055 
 177      53425541 
 177      52545F31 
 177      5F446D5F 
 178 0039 64650000 		.ascii	"de\000\000\000\000\000\000\000\000\000\000\000\000\264"
 178      00000000 
 178      00000000 
 178      0000B4
 179 0048 00000055 		.ascii	"\000\000\000USBUART_1_Dm_Read\000\000\000\000\000\000"
 179      53425541 
 179      52545F31 
 179      5F446D5F 
 179      52656164 
 180 0062 00000000 		.ascii	"\000\000\000\000\000\000\267\000\000\000USBUART_1_D"
 180      0000B700 
 180      00005553 
 180      42554152 
 180      545F315F 
 181 0077 6D5F5265 		.ascii	"m_ReadDataReg\000\000\000\000\000\000\000\000\000\000"
 181      61644461 
 181      74615265 
 181      67000000 
 181      00000000 
 182 008e 0000B900 		.ascii	"\000\000\271\000\000\000"
 182      0000
 183              		.text
 184              		.section	.gnu.lto_.opts,"",%progbits
 185 0000 272D666E 		.ascii	"'-fno-trapv' '-fno-strict-overflow' '-mcpu=cortex-m"
 185      6F2D7472 
 185      61707627 
 185      20272D66 
 185      6E6F2D73 
 186 0033 33272027 		.ascii	"3' '-mthumb' '-g' '-Og' '-ffunction-sections' '-flt"
 186      2D6D7468 
 186      756D6227 
 186      20272D67 
 186      2720272D 
 187 0066 6F272027 		.ascii	"o' '-ffat-lto-objects'\000"
 187      2D666661 
 187      742D6C74 
 187      6F2D6F62 
 187      6A656374 
 188              		.text
 189              		.cfi_sections	.debug_frame
 190              		.section	.text.USBUART_1_Dm_Write,"ax",%progbits
 191              		.align	2
 192              		.global	USBUART_1_Dm_Write
 193              		.thumb
 194              		.thumb_func
 195              		.type	USBUART_1_Dm_Write, %function
 196              	USBUART_1_Dm_Write:
 197              	.LFB0:
 198              		.file 1 "Generated_Source\\PSoC5\\USBUART_1_Dm.c"
   1:Generated_Source\PSoC5/USBUART_1_Dm.c **** /*******************************************************************************
   2:Generated_Source\PSoC5/USBUART_1_Dm.c **** * File Name: USBUART_1_Dm.c  
   3:Generated_Source\PSoC5/USBUART_1_Dm.c **** * Version 2.20
ARM GAS  C:\Users\Luggi\AppData\Local\Temp\ccs87Cq1.s 			page 14


   4:Generated_Source\PSoC5/USBUART_1_Dm.c **** *
   5:Generated_Source\PSoC5/USBUART_1_Dm.c **** * Description:
   6:Generated_Source\PSoC5/USBUART_1_Dm.c **** *  This file contains API to enable firmware control of a Pins component.
   7:Generated_Source\PSoC5/USBUART_1_Dm.c **** *
   8:Generated_Source\PSoC5/USBUART_1_Dm.c **** * Note:
   9:Generated_Source\PSoC5/USBUART_1_Dm.c **** *
  10:Generated_Source\PSoC5/USBUART_1_Dm.c **** ********************************************************************************
  11:Generated_Source\PSoC5/USBUART_1_Dm.c **** * Copyright 2008-2015, Cypress Semiconductor Corporation.  All rights reserved.
  12:Generated_Source\PSoC5/USBUART_1_Dm.c **** * You may use this file only in accordance with the license, terms, conditions, 
  13:Generated_Source\PSoC5/USBUART_1_Dm.c **** * disclaimers, and limitations in the end user license agreement accompanying 
  14:Generated_Source\PSoC5/USBUART_1_Dm.c **** * the software package with which this file was provided.
  15:Generated_Source\PSoC5/USBUART_1_Dm.c **** *******************************************************************************/
  16:Generated_Source\PSoC5/USBUART_1_Dm.c **** 
  17:Generated_Source\PSoC5/USBUART_1_Dm.c **** #include "cytypes.h"
  18:Generated_Source\PSoC5/USBUART_1_Dm.c **** #include "USBUART_1_Dm.h"
  19:Generated_Source\PSoC5/USBUART_1_Dm.c **** 
  20:Generated_Source\PSoC5/USBUART_1_Dm.c **** /* APIs are not generated for P15[7:6] on PSoC 5 */
  21:Generated_Source\PSoC5/USBUART_1_Dm.c **** #if !(CY_PSOC5A &&\
  22:Generated_Source\PSoC5/USBUART_1_Dm.c **** 	 USBUART_1_Dm__PORT == 15 && ((USBUART_1_Dm__MASK & 0xC0) != 0))
  23:Generated_Source\PSoC5/USBUART_1_Dm.c **** 
  24:Generated_Source\PSoC5/USBUART_1_Dm.c **** 
  25:Generated_Source\PSoC5/USBUART_1_Dm.c **** /*******************************************************************************
  26:Generated_Source\PSoC5/USBUART_1_Dm.c **** * Function Name: USBUART_1_Dm_Write
  27:Generated_Source\PSoC5/USBUART_1_Dm.c **** ****************************************************************************//**
  28:Generated_Source\PSoC5/USBUART_1_Dm.c **** *
  29:Generated_Source\PSoC5/USBUART_1_Dm.c **** * \brief Writes the value to the physical port (data output register), masking
  30:Generated_Source\PSoC5/USBUART_1_Dm.c **** *  and shifting the bits appropriately. 
  31:Generated_Source\PSoC5/USBUART_1_Dm.c **** *
  32:Generated_Source\PSoC5/USBUART_1_Dm.c **** * The data output register controls the signal applied to the physical pin in 
  33:Generated_Source\PSoC5/USBUART_1_Dm.c **** * conjunction with the drive mode parameter. This function avoids changing 
  34:Generated_Source\PSoC5/USBUART_1_Dm.c **** * other bits in the port by using the appropriate method (read-modify-write or
  35:Generated_Source\PSoC5/USBUART_1_Dm.c **** * bit banding).
  36:Generated_Source\PSoC5/USBUART_1_Dm.c **** *
  37:Generated_Source\PSoC5/USBUART_1_Dm.c **** * <b>Note</b> This function should not be used on a hardware digital output pin 
  38:Generated_Source\PSoC5/USBUART_1_Dm.c **** * as it is driven by the hardware signal attached to it.
  39:Generated_Source\PSoC5/USBUART_1_Dm.c **** *
  40:Generated_Source\PSoC5/USBUART_1_Dm.c **** * \param value
  41:Generated_Source\PSoC5/USBUART_1_Dm.c **** *  Value to write to the component instance.
  42:Generated_Source\PSoC5/USBUART_1_Dm.c **** *
  43:Generated_Source\PSoC5/USBUART_1_Dm.c **** * \return 
  44:Generated_Source\PSoC5/USBUART_1_Dm.c **** *  None 
  45:Generated_Source\PSoC5/USBUART_1_Dm.c **** *
  46:Generated_Source\PSoC5/USBUART_1_Dm.c **** * \sideeffect
  47:Generated_Source\PSoC5/USBUART_1_Dm.c **** *  If you use read-modify-write operations that are not atomic; the Interrupt 
  48:Generated_Source\PSoC5/USBUART_1_Dm.c **** *  Service Routines (ISR) can cause corruption of this function. An ISR that 
  49:Generated_Source\PSoC5/USBUART_1_Dm.c **** *  interrupts this function and performs writes to the Pins component data 
  50:Generated_Source\PSoC5/USBUART_1_Dm.c **** *  register can cause corrupted port data. To avoid this issue, you should 
  51:Generated_Source\PSoC5/USBUART_1_Dm.c **** *  either use the Per-Pin APIs (primary method) or disable interrupts around 
  52:Generated_Source\PSoC5/USBUART_1_Dm.c **** *  this function.
  53:Generated_Source\PSoC5/USBUART_1_Dm.c **** *
  54:Generated_Source\PSoC5/USBUART_1_Dm.c **** * \funcusage
  55:Generated_Source\PSoC5/USBUART_1_Dm.c **** *  \snippet USBUART_1_Dm_SUT.c usage_USBUART_1_Dm_Write
  56:Generated_Source\PSoC5/USBUART_1_Dm.c **** *******************************************************************************/
  57:Generated_Source\PSoC5/USBUART_1_Dm.c **** void USBUART_1_Dm_Write(uint8 value)
  58:Generated_Source\PSoC5/USBUART_1_Dm.c **** {
 199              		.loc 1 58 0
 200              		.cfi_startproc
ARM GAS  C:\Users\Luggi\AppData\Local\Temp\ccs87Cq1.s 			page 15


 201              		@ args = 0, pretend = 0, frame = 0
 202              		@ frame_needed = 0, uses_anonymous_args = 0
 203              		@ link register save eliminated.
 204              	.LVL0:
  59:Generated_Source\PSoC5/USBUART_1_Dm.c ****     uint8 staticBits = (USBUART_1_Dm_DR & (uint8)(~USBUART_1_Dm_MASK));
 205              		.loc 1 59 0
 206 0000 044A     		ldr	r2, .L2
 207 0002 1378     		ldrb	r3, [r2]	@ zero_extendqisi2
 208 0004 03F07F03 		and	r3, r3, #127
 209              	.LVL1:
  60:Generated_Source\PSoC5/USBUART_1_Dm.c ****     USBUART_1_Dm_DR = staticBits | ((uint8)(value << USBUART_1_Dm_SHIFT) & USBUART_1_Dm_MASK);
 210              		.loc 1 60 0
 211 0008 C001     		lsls	r0, r0, #7
 212              	.LVL2:
 213 000a C0B2     		uxtb	r0, r0
 214 000c 0343     		orrs	r3, r3, r0
 215              	.LVL3:
 216 000e 1370     		strb	r3, [r2]
 217 0010 7047     		bx	lr
 218              	.L3:
 219 0012 00BF     		.align	2
 220              	.L2:
 221 0014 F0510040 		.word	1073762800
 222              		.cfi_endproc
 223              	.LFE0:
 224              		.size	USBUART_1_Dm_Write, .-USBUART_1_Dm_Write
 225              		.section	.text.USBUART_1_Dm_SetDriveMode,"ax",%progbits
 226              		.align	2
 227              		.global	USBUART_1_Dm_SetDriveMode
 228              		.thumb
 229              		.thumb_func
 230              		.type	USBUART_1_Dm_SetDriveMode, %function
 231              	USBUART_1_Dm_SetDriveMode:
 232              	.LFB1:
  61:Generated_Source\PSoC5/USBUART_1_Dm.c **** }
  62:Generated_Source\PSoC5/USBUART_1_Dm.c **** 
  63:Generated_Source\PSoC5/USBUART_1_Dm.c **** 
  64:Generated_Source\PSoC5/USBUART_1_Dm.c **** /*******************************************************************************
  65:Generated_Source\PSoC5/USBUART_1_Dm.c **** * Function Name: USBUART_1_Dm_SetDriveMode
  66:Generated_Source\PSoC5/USBUART_1_Dm.c **** ****************************************************************************//**
  67:Generated_Source\PSoC5/USBUART_1_Dm.c **** *
  68:Generated_Source\PSoC5/USBUART_1_Dm.c **** * \brief Sets the drive mode for each of the Pins component's pins.
  69:Generated_Source\PSoC5/USBUART_1_Dm.c **** * 
  70:Generated_Source\PSoC5/USBUART_1_Dm.c **** * <b>Note</b> This affects all pins in the Pins component instance. Use the
  71:Generated_Source\PSoC5/USBUART_1_Dm.c **** * Per-Pin APIs if you wish to control individual pin's drive modes.
  72:Generated_Source\PSoC5/USBUART_1_Dm.c **** *
  73:Generated_Source\PSoC5/USBUART_1_Dm.c **** * \param mode
  74:Generated_Source\PSoC5/USBUART_1_Dm.c **** *  Mode for the selected signals. Valid options are documented in 
  75:Generated_Source\PSoC5/USBUART_1_Dm.c **** *  \ref driveMode.
  76:Generated_Source\PSoC5/USBUART_1_Dm.c **** *
  77:Generated_Source\PSoC5/USBUART_1_Dm.c **** * \return
  78:Generated_Source\PSoC5/USBUART_1_Dm.c **** *  None
  79:Generated_Source\PSoC5/USBUART_1_Dm.c **** *
  80:Generated_Source\PSoC5/USBUART_1_Dm.c **** * \sideeffect
  81:Generated_Source\PSoC5/USBUART_1_Dm.c **** *  If you use read-modify-write operations that are not atomic, the ISR can
  82:Generated_Source\PSoC5/USBUART_1_Dm.c **** *  cause corruption of this function. An ISR that interrupts this function 
  83:Generated_Source\PSoC5/USBUART_1_Dm.c **** *  and performs writes to the Pins component Drive Mode registers can cause 
ARM GAS  C:\Users\Luggi\AppData\Local\Temp\ccs87Cq1.s 			page 16


  84:Generated_Source\PSoC5/USBUART_1_Dm.c **** *  corrupted port data. To avoid this issue, you should either use the Per-Pin
  85:Generated_Source\PSoC5/USBUART_1_Dm.c **** *  APIs (primary method) or disable interrupts around this function.
  86:Generated_Source\PSoC5/USBUART_1_Dm.c **** *
  87:Generated_Source\PSoC5/USBUART_1_Dm.c **** * \funcusage
  88:Generated_Source\PSoC5/USBUART_1_Dm.c **** *  \snippet USBUART_1_Dm_SUT.c usage_USBUART_1_Dm_SetDriveMode
  89:Generated_Source\PSoC5/USBUART_1_Dm.c **** *******************************************************************************/
  90:Generated_Source\PSoC5/USBUART_1_Dm.c **** void USBUART_1_Dm_SetDriveMode(uint8 mode)
  91:Generated_Source\PSoC5/USBUART_1_Dm.c **** {
 233              		.loc 1 91 0
 234              		.cfi_startproc
 235              		@ args = 0, pretend = 0, frame = 0
 236              		@ frame_needed = 0, uses_anonymous_args = 0
 237              		@ link register save eliminated.
 238              	.LVL4:
  92:Generated_Source\PSoC5/USBUART_1_Dm.c **** 	CyPins_SetPinDriveMode(USBUART_1_Dm_0, mode);
 239              		.loc 1 92 0
 240 0000 044A     		ldr	r2, .L5
 241 0002 1378     		ldrb	r3, [r2]	@ zero_extendqisi2
 242 0004 03F0F103 		and	r3, r3, #241
 243 0008 00F00E00 		and	r0, r0, #14
 244              	.LVL5:
 245 000c 1843     		orrs	r0, r0, r3
 246 000e 1070     		strb	r0, [r2]
 247 0010 7047     		bx	lr
 248              	.L6:
 249 0012 00BF     		.align	2
 250              	.L5:
 251 0014 7F500040 		.word	1073762431
 252              		.cfi_endproc
 253              	.LFE1:
 254              		.size	USBUART_1_Dm_SetDriveMode, .-USBUART_1_Dm_SetDriveMode
 255              		.section	.text.USBUART_1_Dm_Read,"ax",%progbits
 256              		.align	2
 257              		.global	USBUART_1_Dm_Read
 258              		.thumb
 259              		.thumb_func
 260              		.type	USBUART_1_Dm_Read, %function
 261              	USBUART_1_Dm_Read:
 262              	.LFB2:
  93:Generated_Source\PSoC5/USBUART_1_Dm.c **** }
  94:Generated_Source\PSoC5/USBUART_1_Dm.c **** 
  95:Generated_Source\PSoC5/USBUART_1_Dm.c **** 
  96:Generated_Source\PSoC5/USBUART_1_Dm.c **** /*******************************************************************************
  97:Generated_Source\PSoC5/USBUART_1_Dm.c **** * Function Name: USBUART_1_Dm_Read
  98:Generated_Source\PSoC5/USBUART_1_Dm.c **** ****************************************************************************//**
  99:Generated_Source\PSoC5/USBUART_1_Dm.c **** *
 100:Generated_Source\PSoC5/USBUART_1_Dm.c **** * \brief Reads the associated physical port (pin status register) and masks 
 101:Generated_Source\PSoC5/USBUART_1_Dm.c **** *  the required bits according to the width and bit position of the component
 102:Generated_Source\PSoC5/USBUART_1_Dm.c **** *  instance. 
 103:Generated_Source\PSoC5/USBUART_1_Dm.c **** *
 104:Generated_Source\PSoC5/USBUART_1_Dm.c **** * The pin's status register returns the current logic level present on the 
 105:Generated_Source\PSoC5/USBUART_1_Dm.c **** * physical pin.
 106:Generated_Source\PSoC5/USBUART_1_Dm.c **** *
 107:Generated_Source\PSoC5/USBUART_1_Dm.c **** * \return 
 108:Generated_Source\PSoC5/USBUART_1_Dm.c **** *  The current value for the pins in the component as a right justified number.
 109:Generated_Source\PSoC5/USBUART_1_Dm.c **** *
 110:Generated_Source\PSoC5/USBUART_1_Dm.c **** * \funcusage
ARM GAS  C:\Users\Luggi\AppData\Local\Temp\ccs87Cq1.s 			page 17


 111:Generated_Source\PSoC5/USBUART_1_Dm.c **** *  \snippet USBUART_1_Dm_SUT.c usage_USBUART_1_Dm_Read  
 112:Generated_Source\PSoC5/USBUART_1_Dm.c **** *******************************************************************************/
 113:Generated_Source\PSoC5/USBUART_1_Dm.c **** uint8 USBUART_1_Dm_Read(void)
 114:Generated_Source\PSoC5/USBUART_1_Dm.c **** {
 263              		.loc 1 114 0
 264              		.cfi_startproc
 265              		@ args = 0, pretend = 0, frame = 0
 266              		@ frame_needed = 0, uses_anonymous_args = 0
 267              		@ link register save eliminated.
 115:Generated_Source\PSoC5/USBUART_1_Dm.c ****     return (USBUART_1_Dm_PS & USBUART_1_Dm_MASK) >> USBUART_1_Dm_SHIFT;
 268              		.loc 1 115 0
 269 0000 014B     		ldr	r3, .L8
 270 0002 1878     		ldrb	r0, [r3]	@ zero_extendqisi2
 116:Generated_Source\PSoC5/USBUART_1_Dm.c **** }
 271              		.loc 1 116 0
 272 0004 C009     		lsrs	r0, r0, #7
 273 0006 7047     		bx	lr
 274              	.L9:
 275              		.align	2
 276              	.L8:
 277 0008 F1510040 		.word	1073762801
 278              		.cfi_endproc
 279              	.LFE2:
 280              		.size	USBUART_1_Dm_Read, .-USBUART_1_Dm_Read
 281              		.section	.text.USBUART_1_Dm_ReadDataReg,"ax",%progbits
 282              		.align	2
 283              		.global	USBUART_1_Dm_ReadDataReg
 284              		.thumb
 285              		.thumb_func
 286              		.type	USBUART_1_Dm_ReadDataReg, %function
 287              	USBUART_1_Dm_ReadDataReg:
 288              	.LFB3:
 117:Generated_Source\PSoC5/USBUART_1_Dm.c **** 
 118:Generated_Source\PSoC5/USBUART_1_Dm.c **** 
 119:Generated_Source\PSoC5/USBUART_1_Dm.c **** /*******************************************************************************
 120:Generated_Source\PSoC5/USBUART_1_Dm.c **** * Function Name: USBUART_1_Dm_ReadDataReg
 121:Generated_Source\PSoC5/USBUART_1_Dm.c **** ****************************************************************************//**
 122:Generated_Source\PSoC5/USBUART_1_Dm.c **** *
 123:Generated_Source\PSoC5/USBUART_1_Dm.c **** * \brief Reads the associated physical port's data output register and masks 
 124:Generated_Source\PSoC5/USBUART_1_Dm.c **** *  the correct bits according to the width and bit position of the component 
 125:Generated_Source\PSoC5/USBUART_1_Dm.c **** *  instance. 
 126:Generated_Source\PSoC5/USBUART_1_Dm.c **** *
 127:Generated_Source\PSoC5/USBUART_1_Dm.c **** * The data output register controls the signal applied to the physical pin in 
 128:Generated_Source\PSoC5/USBUART_1_Dm.c **** * conjunction with the drive mode parameter. This is not the same as the 
 129:Generated_Source\PSoC5/USBUART_1_Dm.c **** * preferred USBUART_1_Dm_Read() API because the 
 130:Generated_Source\PSoC5/USBUART_1_Dm.c **** * USBUART_1_Dm_ReadDataReg() reads the data register instead of the status 
 131:Generated_Source\PSoC5/USBUART_1_Dm.c **** * register. For output pins this is a useful function to determine the value 
 132:Generated_Source\PSoC5/USBUART_1_Dm.c **** * just written to the pin.
 133:Generated_Source\PSoC5/USBUART_1_Dm.c **** *
 134:Generated_Source\PSoC5/USBUART_1_Dm.c **** * \return 
 135:Generated_Source\PSoC5/USBUART_1_Dm.c **** *  The current value of the data register masked and shifted into a right 
 136:Generated_Source\PSoC5/USBUART_1_Dm.c **** *  justified number for the component instance.
 137:Generated_Source\PSoC5/USBUART_1_Dm.c **** *
 138:Generated_Source\PSoC5/USBUART_1_Dm.c **** * \funcusage
 139:Generated_Source\PSoC5/USBUART_1_Dm.c **** *  \snippet USBUART_1_Dm_SUT.c usage_USBUART_1_Dm_ReadDataReg 
 140:Generated_Source\PSoC5/USBUART_1_Dm.c **** *******************************************************************************/
 141:Generated_Source\PSoC5/USBUART_1_Dm.c **** uint8 USBUART_1_Dm_ReadDataReg(void)
ARM GAS  C:\Users\Luggi\AppData\Local\Temp\ccs87Cq1.s 			page 18


 142:Generated_Source\PSoC5/USBUART_1_Dm.c **** {
 289              		.loc 1 142 0
 290              		.cfi_startproc
 291              		@ args = 0, pretend = 0, frame = 0
 292              		@ frame_needed = 0, uses_anonymous_args = 0
 293              		@ link register save eliminated.
 143:Generated_Source\PSoC5/USBUART_1_Dm.c ****     return (USBUART_1_Dm_DR & USBUART_1_Dm_MASK) >> USBUART_1_Dm_SHIFT;
 294              		.loc 1 143 0
 295 0000 014B     		ldr	r3, .L11
 296 0002 1878     		ldrb	r0, [r3]	@ zero_extendqisi2
 144:Generated_Source\PSoC5/USBUART_1_Dm.c **** }
 297              		.loc 1 144 0
 298 0004 C009     		lsrs	r0, r0, #7
 299 0006 7047     		bx	lr
 300              	.L12:
 301              		.align	2
 302              	.L11:
 303 0008 F0510040 		.word	1073762800
 304              		.cfi_endproc
 305              	.LFE3:
 306              		.size	USBUART_1_Dm_ReadDataReg, .-USBUART_1_Dm_ReadDataReg
 307              		.text
 308              	.Letext0:
 309              		.file 2 "Generated_Source\\PSoC5\\cytypes.h"
 310              		.section	.debug_info,"",%progbits
 311              	.Ldebug_info0:
 312 0000 1D010000 		.4byte	0x11d
 313 0004 0400     		.2byte	0x4
 314 0006 00000000 		.4byte	.Ldebug_abbrev0
 315 000a 04       		.byte	0x4
 316 000b 01       		.uleb128 0x1
 317 000c 79000000 		.4byte	.LASF20
 318 0010 01       		.byte	0x1
 319 0011 CB010000 		.4byte	.LASF21
 320 0015 29000000 		.4byte	.LASF22
 321 0019 00000000 		.4byte	.Ldebug_ranges0+0
 322 001d 00000000 		.4byte	0
 323 0021 00000000 		.4byte	.Ldebug_line0
 324 0025 02       		.uleb128 0x2
 325 0026 01       		.byte	0x1
 326 0027 06       		.byte	0x6
 327 0028 FA010000 		.4byte	.LASF0
 328 002c 02       		.uleb128 0x2
 329 002d 01       		.byte	0x1
 330 002e 08       		.byte	0x8
 331 002f 51010000 		.4byte	.LASF1
 332 0033 02       		.uleb128 0x2
 333 0034 02       		.byte	0x2
 334 0035 05       		.byte	0x5
 335 0036 BB010000 		.4byte	.LASF2
 336 003a 02       		.uleb128 0x2
 337 003b 02       		.byte	0x2
 338 003c 07       		.byte	0x7
 339 003d 3E010000 		.4byte	.LASF3
 340 0041 02       		.uleb128 0x2
 341 0042 04       		.byte	0x4
 342 0043 05       		.byte	0x5
ARM GAS  C:\Users\Luggi\AppData\Local\Temp\ccs87Cq1.s 			page 19


 343 0044 F1010000 		.4byte	.LASF4
 344 0048 02       		.uleb128 0x2
 345 0049 04       		.byte	0x4
 346 004a 07       		.byte	0x7
 347 004b 2C010000 		.4byte	.LASF5
 348 004f 02       		.uleb128 0x2
 349 0050 08       		.byte	0x8
 350 0051 05       		.byte	0x5
 351 0052 A8010000 		.4byte	.LASF6
 352 0056 02       		.uleb128 0x2
 353 0057 08       		.byte	0x8
 354 0058 07       		.byte	0x7
 355 0059 73010000 		.4byte	.LASF7
 356 005d 03       		.uleb128 0x3
 357 005e 04       		.byte	0x4
 358 005f 05       		.byte	0x5
 359 0060 696E7400 		.ascii	"int\000"
 360 0064 02       		.uleb128 0x2
 361 0065 04       		.byte	0x4
 362 0066 07       		.byte	0x7
 363 0067 66010000 		.4byte	.LASF8
 364 006b 04       		.uleb128 0x4
 365 006c C5010000 		.4byte	.LASF12
 366 0070 02       		.byte	0x2
 367 0071 9201     		.2byte	0x192
 368 0073 2C000000 		.4byte	0x2c
 369 0077 02       		.uleb128 0x2
 370 0078 04       		.byte	0x4
 371 0079 04       		.byte	0x4
 372 007a 23000000 		.4byte	.LASF9
 373 007e 02       		.uleb128 0x2
 374 007f 08       		.byte	0x8
 375 0080 04       		.byte	0x4
 376 0081 5F010000 		.4byte	.LASF10
 377 0085 02       		.uleb128 0x2
 378 0086 01       		.byte	0x1
 379 0087 08       		.byte	0x8
 380 0088 B6010000 		.4byte	.LASF11
 381 008c 04       		.uleb128 0x4
 382 008d 0D010000 		.4byte	.LASF13
 383 0091 02       		.byte	0x2
 384 0092 3C02     		.2byte	0x23c
 385 0094 98000000 		.4byte	0x98
 386 0098 05       		.uleb128 0x5
 387 0099 6B000000 		.4byte	0x6b
 388 009d 06       		.uleb128 0x6
 389 009e 06020000 		.4byte	.LASF14
 390 00a2 01       		.byte	0x1
 391 00a3 39       		.byte	0x39
 392 00a4 00000000 		.4byte	.LFB0
 393 00a8 18000000 		.4byte	.LFE0-.LFB0
 394 00ac 01       		.uleb128 0x1
 395 00ad 9C       		.byte	0x9c
 396 00ae D1000000 		.4byte	0xd1
 397 00b2 07       		.uleb128 0x7
 398 00b3 00000000 		.4byte	.LASF16
 399 00b7 01       		.byte	0x1
ARM GAS  C:\Users\Luggi\AppData\Local\Temp\ccs87Cq1.s 			page 20


 400 00b8 39       		.byte	0x39
 401 00b9 6B000000 		.4byte	0x6b
 402 00bd 00000000 		.4byte	.LLST0
 403 00c1 08       		.uleb128 0x8
 404 00c2 06000000 		.4byte	.LASF23
 405 00c6 01       		.byte	0x1
 406 00c7 3B       		.byte	0x3b
 407 00c8 6B000000 		.4byte	0x6b
 408 00cc 21000000 		.4byte	.LLST1
 409 00d0 00       		.byte	0
 410 00d1 06       		.uleb128 0x6
 411 00d2 12010000 		.4byte	.LASF15
 412 00d6 01       		.byte	0x1
 413 00d7 5A       		.byte	0x5a
 414 00d8 00000000 		.4byte	.LFB1
 415 00dc 18000000 		.4byte	.LFE1-.LFB1
 416 00e0 01       		.uleb128 0x1
 417 00e1 9C       		.byte	0x9c
 418 00e2 F6000000 		.4byte	0xf6
 419 00e6 07       		.uleb128 0x7
 420 00e7 A3010000 		.4byte	.LASF17
 421 00eb 01       		.byte	0x1
 422 00ec 5A       		.byte	0x5a
 423 00ed 6B000000 		.4byte	0x6b
 424 00f1 34000000 		.4byte	.LLST2
 425 00f5 00       		.byte	0
 426 00f6 09       		.uleb128 0x9
 427 00f7 11000000 		.4byte	.LASF18
 428 00fb 01       		.byte	0x1
 429 00fc 71       		.byte	0x71
 430 00fd 6B000000 		.4byte	0x6b
 431 0101 00000000 		.4byte	.LFB2
 432 0105 0C000000 		.4byte	.LFE2-.LFB2
 433 0109 01       		.uleb128 0x1
 434 010a 9C       		.byte	0x9c
 435 010b 09       		.uleb128 0x9
 436 010c 8A010000 		.4byte	.LASF19
 437 0110 01       		.byte	0x1
 438 0111 8D       		.byte	0x8d
 439 0112 6B000000 		.4byte	0x6b
 440 0116 00000000 		.4byte	.LFB3
 441 011a 0C000000 		.4byte	.LFE3-.LFB3
 442 011e 01       		.uleb128 0x1
 443 011f 9C       		.byte	0x9c
 444 0120 00       		.byte	0
 445              		.section	.debug_abbrev,"",%progbits
 446              	.Ldebug_abbrev0:
 447 0000 01       		.uleb128 0x1
 448 0001 11       		.uleb128 0x11
 449 0002 01       		.byte	0x1
 450 0003 25       		.uleb128 0x25
 451 0004 0E       		.uleb128 0xe
 452 0005 13       		.uleb128 0x13
 453 0006 0B       		.uleb128 0xb
 454 0007 03       		.uleb128 0x3
 455 0008 0E       		.uleb128 0xe
 456 0009 1B       		.uleb128 0x1b
ARM GAS  C:\Users\Luggi\AppData\Local\Temp\ccs87Cq1.s 			page 21


 457 000a 0E       		.uleb128 0xe
 458 000b 55       		.uleb128 0x55
 459 000c 17       		.uleb128 0x17
 460 000d 11       		.uleb128 0x11
 461 000e 01       		.uleb128 0x1
 462 000f 10       		.uleb128 0x10
 463 0010 17       		.uleb128 0x17
 464 0011 00       		.byte	0
 465 0012 00       		.byte	0
 466 0013 02       		.uleb128 0x2
 467 0014 24       		.uleb128 0x24
 468 0015 00       		.byte	0
 469 0016 0B       		.uleb128 0xb
 470 0017 0B       		.uleb128 0xb
 471 0018 3E       		.uleb128 0x3e
 472 0019 0B       		.uleb128 0xb
 473 001a 03       		.uleb128 0x3
 474 001b 0E       		.uleb128 0xe
 475 001c 00       		.byte	0
 476 001d 00       		.byte	0
 477 001e 03       		.uleb128 0x3
 478 001f 24       		.uleb128 0x24
 479 0020 00       		.byte	0
 480 0021 0B       		.uleb128 0xb
 481 0022 0B       		.uleb128 0xb
 482 0023 3E       		.uleb128 0x3e
 483 0024 0B       		.uleb128 0xb
 484 0025 03       		.uleb128 0x3
 485 0026 08       		.uleb128 0x8
 486 0027 00       		.byte	0
 487 0028 00       		.byte	0
 488 0029 04       		.uleb128 0x4
 489 002a 16       		.uleb128 0x16
 490 002b 00       		.byte	0
 491 002c 03       		.uleb128 0x3
 492 002d 0E       		.uleb128 0xe
 493 002e 3A       		.uleb128 0x3a
 494 002f 0B       		.uleb128 0xb
 495 0030 3B       		.uleb128 0x3b
 496 0031 05       		.uleb128 0x5
 497 0032 49       		.uleb128 0x49
 498 0033 13       		.uleb128 0x13
 499 0034 00       		.byte	0
 500 0035 00       		.byte	0
 501 0036 05       		.uleb128 0x5
 502 0037 35       		.uleb128 0x35
 503 0038 00       		.byte	0
 504 0039 49       		.uleb128 0x49
 505 003a 13       		.uleb128 0x13
 506 003b 00       		.byte	0
 507 003c 00       		.byte	0
 508 003d 06       		.uleb128 0x6
 509 003e 2E       		.uleb128 0x2e
 510 003f 01       		.byte	0x1
 511 0040 3F       		.uleb128 0x3f
 512 0041 19       		.uleb128 0x19
 513 0042 03       		.uleb128 0x3
ARM GAS  C:\Users\Luggi\AppData\Local\Temp\ccs87Cq1.s 			page 22


 514 0043 0E       		.uleb128 0xe
 515 0044 3A       		.uleb128 0x3a
 516 0045 0B       		.uleb128 0xb
 517 0046 3B       		.uleb128 0x3b
 518 0047 0B       		.uleb128 0xb
 519 0048 27       		.uleb128 0x27
 520 0049 19       		.uleb128 0x19
 521 004a 11       		.uleb128 0x11
 522 004b 01       		.uleb128 0x1
 523 004c 12       		.uleb128 0x12
 524 004d 06       		.uleb128 0x6
 525 004e 40       		.uleb128 0x40
 526 004f 18       		.uleb128 0x18
 527 0050 9742     		.uleb128 0x2117
 528 0052 19       		.uleb128 0x19
 529 0053 01       		.uleb128 0x1
 530 0054 13       		.uleb128 0x13
 531 0055 00       		.byte	0
 532 0056 00       		.byte	0
 533 0057 07       		.uleb128 0x7
 534 0058 05       		.uleb128 0x5
 535 0059 00       		.byte	0
 536 005a 03       		.uleb128 0x3
 537 005b 0E       		.uleb128 0xe
 538 005c 3A       		.uleb128 0x3a
 539 005d 0B       		.uleb128 0xb
 540 005e 3B       		.uleb128 0x3b
 541 005f 0B       		.uleb128 0xb
 542 0060 49       		.uleb128 0x49
 543 0061 13       		.uleb128 0x13
 544 0062 02       		.uleb128 0x2
 545 0063 17       		.uleb128 0x17
 546 0064 00       		.byte	0
 547 0065 00       		.byte	0
 548 0066 08       		.uleb128 0x8
 549 0067 34       		.uleb128 0x34
 550 0068 00       		.byte	0
 551 0069 03       		.uleb128 0x3
 552 006a 0E       		.uleb128 0xe
 553 006b 3A       		.uleb128 0x3a
 554 006c 0B       		.uleb128 0xb
 555 006d 3B       		.uleb128 0x3b
 556 006e 0B       		.uleb128 0xb
 557 006f 49       		.uleb128 0x49
 558 0070 13       		.uleb128 0x13
 559 0071 02       		.uleb128 0x2
 560 0072 17       		.uleb128 0x17
 561 0073 00       		.byte	0
 562 0074 00       		.byte	0
 563 0075 09       		.uleb128 0x9
 564 0076 2E       		.uleb128 0x2e
 565 0077 00       		.byte	0
 566 0078 3F       		.uleb128 0x3f
 567 0079 19       		.uleb128 0x19
 568 007a 03       		.uleb128 0x3
 569 007b 0E       		.uleb128 0xe
 570 007c 3A       		.uleb128 0x3a
ARM GAS  C:\Users\Luggi\AppData\Local\Temp\ccs87Cq1.s 			page 23


 571 007d 0B       		.uleb128 0xb
 572 007e 3B       		.uleb128 0x3b
 573 007f 0B       		.uleb128 0xb
 574 0080 27       		.uleb128 0x27
 575 0081 19       		.uleb128 0x19
 576 0082 49       		.uleb128 0x49
 577 0083 13       		.uleb128 0x13
 578 0084 11       		.uleb128 0x11
 579 0085 01       		.uleb128 0x1
 580 0086 12       		.uleb128 0x12
 581 0087 06       		.uleb128 0x6
 582 0088 40       		.uleb128 0x40
 583 0089 18       		.uleb128 0x18
 584 008a 9742     		.uleb128 0x2117
 585 008c 19       		.uleb128 0x19
 586 008d 00       		.byte	0
 587 008e 00       		.byte	0
 588 008f 00       		.byte	0
 589              		.section	.debug_loc,"",%progbits
 590              	.Ldebug_loc0:
 591              	.LLST0:
 592 0000 00000000 		.4byte	.LVL0
 593 0004 0A000000 		.4byte	.LVL2
 594 0008 0100     		.2byte	0x1
 595 000a 50       		.byte	0x50
 596 000b 0A000000 		.4byte	.LVL2
 597 000f 18000000 		.4byte	.LFE0
 598 0013 0400     		.2byte	0x4
 599 0015 F3       		.byte	0xf3
 600 0016 01       		.uleb128 0x1
 601 0017 50       		.byte	0x50
 602 0018 9F       		.byte	0x9f
 603 0019 00000000 		.4byte	0
 604 001d 00000000 		.4byte	0
 605              	.LLST1:
 606 0021 08000000 		.4byte	.LVL1
 607 0025 0E000000 		.4byte	.LVL3
 608 0029 0100     		.2byte	0x1
 609 002b 53       		.byte	0x53
 610 002c 00000000 		.4byte	0
 611 0030 00000000 		.4byte	0
 612              	.LLST2:
 613 0034 00000000 		.4byte	.LVL4
 614 0038 0C000000 		.4byte	.LVL5
 615 003c 0100     		.2byte	0x1
 616 003e 50       		.byte	0x50
 617 003f 0C000000 		.4byte	.LVL5
 618 0043 18000000 		.4byte	.LFE1
 619 0047 0400     		.2byte	0x4
 620 0049 F3       		.byte	0xf3
 621 004a 01       		.uleb128 0x1
 622 004b 50       		.byte	0x50
 623 004c 9F       		.byte	0x9f
 624 004d 00000000 		.4byte	0
 625 0051 00000000 		.4byte	0
 626              		.section	.debug_aranges,"",%progbits
 627 0000 34000000 		.4byte	0x34
ARM GAS  C:\Users\Luggi\AppData\Local\Temp\ccs87Cq1.s 			page 24


 628 0004 0200     		.2byte	0x2
 629 0006 00000000 		.4byte	.Ldebug_info0
 630 000a 04       		.byte	0x4
 631 000b 00       		.byte	0
 632 000c 0000     		.2byte	0
 633 000e 0000     		.2byte	0
 634 0010 00000000 		.4byte	.LFB0
 635 0014 18000000 		.4byte	.LFE0-.LFB0
 636 0018 00000000 		.4byte	.LFB1
 637 001c 18000000 		.4byte	.LFE1-.LFB1
 638 0020 00000000 		.4byte	.LFB2
 639 0024 0C000000 		.4byte	.LFE2-.LFB2
 640 0028 00000000 		.4byte	.LFB3
 641 002c 0C000000 		.4byte	.LFE3-.LFB3
 642 0030 00000000 		.4byte	0
 643 0034 00000000 		.4byte	0
 644              		.section	.debug_ranges,"",%progbits
 645              	.Ldebug_ranges0:
 646 0000 00000000 		.4byte	.LFB0
 647 0004 18000000 		.4byte	.LFE0
 648 0008 00000000 		.4byte	.LFB1
 649 000c 18000000 		.4byte	.LFE1
 650 0010 00000000 		.4byte	.LFB2
 651 0014 0C000000 		.4byte	.LFE2
 652 0018 00000000 		.4byte	.LFB3
 653 001c 0C000000 		.4byte	.LFE3
 654 0020 00000000 		.4byte	0
 655 0024 00000000 		.4byte	0
 656              		.section	.debug_line,"",%progbits
 657              	.Ldebug_line0:
 658 0000 95000000 		.section	.debug_str,"MS",%progbits,1
 658      02004900 
 658      00000201 
 658      FB0E0D00 
 658      01010101 
 659              	.LASF16:
 660 0000 76616C75 		.ascii	"value\000"
 660      6500
 661              	.LASF23:
 662 0006 73746174 		.ascii	"staticBits\000"
 662      69634269 
 662      747300
 663              	.LASF18:
 664 0011 55534255 		.ascii	"USBUART_1_Dm_Read\000"
 664      4152545F 
 664      315F446D 
 664      5F526561 
 664      6400
 665              	.LASF9:
 666 0023 666C6F61 		.ascii	"float\000"
 666      7400
 667              	.LASF22:
 668 0029 433A5C55 		.ascii	"C:\\Users\\Luggi\\Documents\\GitHub\\laserschutzsch"
 668      73657273 
 668      5C4C7567 
 668      67695C44 
 668      6F63756D 
ARM GAS  C:\Users\Luggi\AppData\Local\Temp\ccs87Cq1.s 			page 25


 669 0057 616C7475 		.ascii	"altung\\Laserschutzschaltung.cydsn\000"
 669      6E675C4C 
 669      61736572 
 669      73636875 
 669      747A7363 
 670              	.LASF20:
 671 0079 474E5520 		.ascii	"GNU C 4.9.3 20150303 (release) [ARM/embedded-4_9-br"
 671      4320342E 
 671      392E3320 
 671      32303135 
 671      30333033 
 672 00ac 616E6368 		.ascii	"anch revision 221220] -mcpu=cortex-m3 -mthumb -g -O"
 672      20726576 
 672      6973696F 
 672      6E203232 
 672      31323230 
 673 00df 67202D66 		.ascii	"g -ffunction-sections -flto -ffat-lto-objects\000"
 673      66756E63 
 673      74696F6E 
 673      2D736563 
 673      74696F6E 
 674              	.LASF13:
 675 010d 72656738 		.ascii	"reg8\000"
 675      00
 676              	.LASF15:
 677 0112 55534255 		.ascii	"USBUART_1_Dm_SetDriveMode\000"
 677      4152545F 
 677      315F446D 
 677      5F536574 
 677      44726976 
 678              	.LASF5:
 679 012c 6C6F6E67 		.ascii	"long unsigned int\000"
 679      20756E73 
 679      69676E65 
 679      6420696E 
 679      7400
 680              	.LASF3:
 681 013e 73686F72 		.ascii	"short unsigned int\000"
 681      7420756E 
 681      7369676E 
 681      65642069 
 681      6E7400
 682              	.LASF1:
 683 0151 756E7369 		.ascii	"unsigned char\000"
 683      676E6564 
 683      20636861 
 683      7200
 684              	.LASF10:
 685 015f 646F7562 		.ascii	"double\000"
 685      6C6500
 686              	.LASF8:
 687 0166 756E7369 		.ascii	"unsigned int\000"
 687      676E6564 
 687      20696E74 
 687      00
 688              	.LASF7:
 689 0173 6C6F6E67 		.ascii	"long long unsigned int\000"
ARM GAS  C:\Users\Luggi\AppData\Local\Temp\ccs87Cq1.s 			page 26


 689      206C6F6E 
 689      6720756E 
 689      7369676E 
 689      65642069 
 690              	.LASF19:
 691 018a 55534255 		.ascii	"USBUART_1_Dm_ReadDataReg\000"
 691      4152545F 
 691      315F446D 
 691      5F526561 
 691      64446174 
 692              	.LASF17:
 693 01a3 6D6F6465 		.ascii	"mode\000"
 693      00
 694              	.LASF6:
 695 01a8 6C6F6E67 		.ascii	"long long int\000"
 695      206C6F6E 
 695      6720696E 
 695      7400
 696              	.LASF11:
 697 01b6 63686172 		.ascii	"char\000"
 697      00
 698              	.LASF2:
 699 01bb 73686F72 		.ascii	"short int\000"
 699      7420696E 
 699      7400
 700              	.LASF12:
 701 01c5 75696E74 		.ascii	"uint8\000"
 701      3800
 702              	.LASF21:
 703 01cb 47656E65 		.ascii	"Generated_Source\\PSoC5\\USBUART_1_Dm.c\000"
 703      72617465 
 703      645F536F 
 703      75726365 
 703      5C50536F 
 704              	.LASF4:
 705 01f1 6C6F6E67 		.ascii	"long int\000"
 705      20696E74 
 705      00
 706              	.LASF0:
 707 01fa 7369676E 		.ascii	"signed char\000"
 707      65642063 
 707      68617200 
 708              	.LASF14:
 709 0206 55534255 		.ascii	"USBUART_1_Dm_Write\000"
 709      4152545F 
 709      315F446D 
 709      5F577269 
 709      746500
 710              		.comm	__gnu_lto_v1,1,1
 711              		.ident	"GCC: (GNU Tools for ARM Embedded Processors) 4.9.3 20150303 (release) [ARM/embedded-4_9-br
