ARM GAS  C:\Users\Luggi\AppData\Local\Temp\cctWfmbg.s 			page 1


   1              		.syntax unified
   2              		.cpu cortex-m3
   3              		.fpu softvfp
   4              		.eabi_attribute 20, 1
   5              		.eabi_attribute 21, 1
   6              		.eabi_attribute 23, 3
   7              		.eabi_attribute 24, 1
   8              		.eabi_attribute 25, 1
   9              		.eabi_attribute 26, 1
  10              		.eabi_attribute 30, 1
  11              		.eabi_attribute 34, 1
  12              		.eabi_attribute 18, 4
  13              		.thumb
  14              		.file	"USBUART_1_Dp.c"
  15              		.text
  16              	.Ltext0:
  17              		.section	.gnu.lto_.profile.d236be6,"",%progbits
  18 0000 789C6366 		.ascii	"x\234cf```a\200\000F\006\0259\000\000\332\000K"
  18      60606061 
  18      80004606 
  18      15390000 
  18      DA004B
  19              		.text
  20              		.section	.gnu.lto_.inline.d236be6,"",%progbits
  21 0000 789C6366 		.ascii	"x\234cf\300\016&Ci6\006\006N\016FF\006F\006\006f\216"
  21      C00E2643 
  21      69360606 
  21      4E0E4646 
  21      06460606 
  22 0016 03760C6C 		.ascii	"\003v\014l\013\344\231\030X\026\310\263\200$\031\031"
  22      0BE49918 
  22      5816C8B3 
  22      80241919 
  23 0026 38D8D1E5 		.ascii	"8\330\321\345\230.\360\203\345\230\030\330X\031\031"
  23      982EF083 
  23      E59818D8 
  23      581919
  24 0035 98D83EE8 		.ascii	"\230\330>\350A\304\201\200\031S\210\205\201\235\215"
  24      41C48180 
  24      19538885 
  24      819D8D
  25 0044 91096402 		.ascii	"\221\011d\002#\310\024\246#\234\020)\240\032\260)\254"
  25      23C814A6 
  25      239C1029 
  25      A01AB029 
  25      AC
  26 0055 985A1800 		.ascii	"\230Z\030\000_\036\016\335"
  26      5F1E0EDD 
  27              		.text
  28              		.section	.gnu.lto_.jmpfuncs.d236be6,"",%progbits
  29 0000 789C6366 		.ascii	"x\234cf\300\016d\2404\033\003##c=#\210`b``f``abdd\256"
  29      C00E64A0 
  29      341B0323 
  29      23633D23 
  29      88606260 
  30 001d AF6705CA 		.ascii	"\257g\005\312\001\000 \267\002>"
  30      010020B7 
ARM GAS  C:\Users\Luggi\AppData\Local\Temp\cctWfmbg.s 			page 2


  30      023E
  31              		.text
  32              		.section	.gnu.lto_.pureconst.d236be6,"",%progbits
  33 0000 789C6366 		.ascii	"x\234cf``\340e\200\0006\006)F)&)f)\026)V)\000\005\261"
  33      6060E065 
  33      80003606 
  33      29462926 
  33      29662916 
  34 001a 00C2     		.ascii	"\000\302"
  35              		.text
  36              		.section	.gnu.lto_USBUART_1_Dp_Write.d236be6,"",%progbits
  37 0000 789C6591 		.ascii	"x\234e\221OHTQ\024\306\317w\357{3\232!\322r\266b&H\321"
  37      4F485451 
  37      14C6CF77 
  37      EF7B339A 
  37      21D272B6 
  38 0018 A2453BB5 		.ascii	"\242E;\265\240\2554\271\033\030\206\351-\204P\321\261"
  38      A0AD34B9 
  38      1B1886E9 
  38      2D8450D1 
  38      B1
  39 0029 ADF7D534 		.ascii	"\255\367\3254P\020\310\020\024\204\251X\224N\251)\311"
  39      5010C810 
  39      1484A958 
  39      944EA929 
  39      C9
  40 003a 6CD4A7B8 		.ascii	"l\324\247\270\213\022]4$\246\006S$\264P\024\377\222"
  40      8B125D34 
  40      24A60653 
  40      24B45014 
  40      FF92
  41 004c D3B9F76E 		.ascii	"\323\271\367n\222.\334\177\207\337w\356w\316\225\364"
  41      922EDC7F 
  41      87DF77EE 
  41      77CE95F4 
  42 005c FF88F0BC 		.ascii	"\377\210\360\274 \210\256\362\016I\020\275\237\211\374"
  42      2088AEF2 
  42      0E4910BD 
  42      9F89FC
  43 006b 3201E803 		.ascii	"2\001\350\003\201z\004z\260)\266\005z\203\334\263\212"
  43      817A047A 
  43      B029B605 
  43      7A83DCB3 
  43      8A
  44 007c DA574AA9 		.ascii	"\332WJ\251\255\354\242\337\034\340\220u;\302\346\301"
  44      ADECA2DF 
  44      1CE09075 
  44      3BC2E6C1 
  45 008c 6BD432B3 		.ascii	"k\3242\263\223SO\244\254\003\361y|\351\323I\270fH\251"
  45      93534FA4 
  45      AC03F179 
  45      7CE9D349 
  45      B86648A9 
  46 00a0 7BC1ECA8 		.ascii	"{\301\354\250j`\034x\003\311\012\324GP\027!\016\020"
  46      6A601C78 
  46      03C90AD4 
  46      47501721 
ARM GAS  C:\Users\Luggi\AppData\Local\Temp\cctWfmbg.s 			page 3


  46      0E10
  47 00b2 8651A3E1 		.ascii	"\206Q\243\341\211\307\013SB^2\302\301\217\337\027\316"
  47      89C70B53 
  47      425E32C2 
  47      C18FDF17 
  47      CE
  48 00c3 560FB270 		.ascii	"V\017\262p\343x*\026\370\003\352\244T2\362\221\177\345"
  48      E3782A16 
  48      F803EAA4 
  48      5432F291 
  48      7FE5
  49 00d5 7630BF9D 		.ascii	"v0\277\235\376S\250\010\245\331X\025r\250\266\236\360"
  49      FE53A808 
  49      A5D95815 
  49      72A8B69E 
  49      F0
  50 00e6 1621F0A6 		.ascii	"\026!\360\246#c\347\002U*MN\317\035\241\\\360\263\202"
  50      2363E702 
  50      552A4D4E 
  50      CF1DA15C 
  50      F0B382
  51 00f9 0BE5B003 		.ascii	"\013\345\260\003\375\272\253\003!\275\204\365BT\344"
  51      FDBAAB03 
  51      21BD84F5 
  51      4254E4
  52 0108 A98BFFC1 		.ascii	"\251\213\377\301\027\336\345\012\346\367\036\255=\015"
  52      17DEE50A 
  52      E6F71EAD 
  52      3D0D
  53 0116 EB8CFB42 		.ascii	"\353\214\373Bwb\356[\376e\345/q(\344\326\220\257\034"
  53      7762EE5B 
  53      FE65E52F 
  53      7128E4D6 
  53      90AF1C
  54 0129 ED61BDB8 		.ascii	"\355a\275\270\270TfB\306\322\213\231\017\313\225}x\356"
  54      B8546642 
  54      C6D28B99 
  54      0FCB957D 
  54      78EE
  55 013b A7D9B783 		.ascii	"\247\331\267\203w\210`\024l\031c\350\003\255\340\376"
  55      77886014 
  55      6C1963E8 
  55      03ADE0FE 
  56 014b 41661536 		.ascii	"Af\0256\241\26497\227w\277\232\234\230\345\256\2143"
  56      A1B43937 
  56      9777BF9A 
  56      9C98E5AE 
  56      8C33
  57 015d FC05C214 		.ascii	"\374\005\302\024\301N\231\322\242\325\314\317B\271U"
  57      C14E99D2 
  57      A2D5CCCF 
  57      42B955
  58 016c B9FBC261 		.ascii	"\271\373\302aU\366A>oT\\\001\336\263\310\244\376-,\244"
  58      55F6413E 
  58      6F545C01 
  58      DEB3C8A4 
  58      FE2D2CA4 
ARM GAS  C:\Users\Luggi\AppData\Local\Temp\cctWfmbg.s 			page 4


  59 0180 3986FA0B 		.ascii	"9\206\372\013\017\217\014\3444\020&,\264\033\262H\330"
  59      0F8F0CE4 
  59      3410262C 
  59      B41BB248 
  59      D8
  60 0191 503AFB7C 		.ascii	"P:\373|\326\030:e\336\017\334\323\366'\331>\213h\015"
  60      D6183A65 
  60      DE0FDCD3 
  60      F627D93E 
  60      8B680D
  61 01a4 7E70EC6A 		.ascii	"~p\354j^\377A\221?\222;\305};\177\303k\363:\023)\357"
  61      5EFF4191 
  61      3F923BC5 
  61      7D3B7FC3 
  61      6BF33A13 
  62 01ba 763CDADE 		.ascii	"v<\332\336\335\231\364b\315\321\366kWb-\321\246\226"
  62      DD99F462 
  62      CDD1F66B 
  62      57622DD1 
  62      A696
  63 01cc C69BB7E2 		.ascii	"\306\233\267\342\227\343\327;.&\311\275\233\270\323"
  63      97E3D73B 
  63      2E26C9BD 
  63      9BB8D3
  64 01db ED9DE94A 		.ascii	"\355\235\351J%R\255\311\246\326T\327_\315\003\317\301"
  64      2552ADC9 
  64      A6D654D7 
  64      5FCD03CF 
  64      C1
  65              		.text
  66              		.section	.gnu.lto_USBUART_1_Dp_SetDriveMode.d236be6,"",%progbits
  67 0000 789C7D51 		.ascii	"x\234}Q9HCA\020\235\267\373sH\360\300*\244\262\211A"
  67      39484341 
  67      109DB7FB 
  67      7348F0C0 
  67      2AA4B289 
  68 0015 F0C0C2DE 		.ascii	"\360\300\302\336\013m\305\230N\010\022\177\251\021\321"
  68      0B6DC598 
  68      4E08127F 
  68      A911D1
  69 0024 DA1F8D8D 		.ascii	"\332\037\215\215\215\306J\010\001Q\304#F\005\013\333"
  69      8DC64A08 
  69      0151C423 
  69      46050BDB 
  70 0034 10EC0425 		.ascii	"\020\354\004%6b\300X\030\217\024\212AQ\203h\234\375"
  70      3662C058 
  70      188F148A 
  70      41518368 
  70      9CFD
  71 0046 B108082E 		.ascii	"\261\010\010.\177g\347\015\357\275?;+\351\357r\361\316"
  71      7F67E70D 
  71      EFBD3F3B 
  71      2BE9EF72 
  71      F1CE
  72 0058 83A8854F 		.ascii	"\203\250\205OH\202X:%\012\331\005\240\022\002\315\010"
  72      4882583A 
  72      250AD905 
ARM GAS  C:\Users\Luggi\AppData\Local\Temp\cctWfmbg.s 			page 5


  72      A01202CD 
  72      08
  73 0069 CC202F0A 		.ascii	"\314 /\012\002K\311\370\212\303\263a\030\306\363\332"
  73      024BC9F8 
  73      8AC3B361 
  73      18C6F3DA 
  74 0079 9173DE59 		.ascii	"\221s\336Y\024D/\242l\203Mx\230r_\314oV\313&\020\347"
  74      14442FA2 
  74      6C834D78 
  74      98725FCC 
  74      6F56CB26 
  75 008f 5F918B73 		.ascii	"_\221\213s\341^7\214\331\344\351\236\321\211\"{nA\262"
  75      E15E378C 
  75      D9E4E99E 
  75      D189227B 
  75      6E41B2
  76 00a2 02CD2E34 		.ascii	"\002\315.4\271\210\013\204m\270\025\271\020\376\272"
  76      B9880B84 
  76      6DB815B9 
  76      10FEBA
  77 00b1 7058C3EC 		.ascii	"pX\303\354]W\366\304\016\254\334\026\355\327'\215R\351"
  77      5D57F6C4 
  77      0EACDC16 
  77      EDD7278D 
  77      52E9
  78 00c3 E52AB2D5 		.ascii	"\345*\262\325\006\207`\215\220\034\244\246\202\005J"
  78      0687608D 
  78      901CA4A6 
  78      82054A
  79 00d2 6E55A94D 		.ascii	"nU\251M\005\273\012U\212C\224\343\255np\313\200O\231"
  79      05BB0A55 
  79      8A4394E3 
  79      AD6E70CB 
  79      804F99
  80 00e5 41EA6DE1 		.ascii	"A\352m\341.\252)\337w\241\256s?\277\330\360 \212B\373"
  80      2EAA29DF 
  80      77A1AE73 
  80      3FBFD8F0 
  80      208A42FB 
  81 00f9 5E0D199A 		.ascii	"^\015\031\232j\342:w\226\266\233%R\360\365&\226\250"
  81      6AE23A77 
  81      96B69B25 
  81      52F0F526 
  81      96A8
  82 010b 8D211A0A 		.ascii	"\215!\032\012s\357\026\304\341\302.x^H \006\312`6k+"
  82      73EF16C4 
  82      E1C22E78 
  82      5E482006 
  82      CA60366B 
  83 0120 BB493664 		.ascii	"\273I6d<\367a-c\215K\254\277|z>1\355d\241\364\273x\224"
  83      3CF7612D 
  83      638D4BAC 
  83      BF7C7A3E 
  83      31ED64A1 
  84 0138 7B6C51A1 		.ascii	"{lQ\241\345\317R\251\265q\211\265\351\303\307c\213\251"
  84      E5CF52A9 
  84      B57189B5 
ARM GAS  C:\Users\Luggi\AppData\Local\Temp\cctWfmbg.s 			page 6


  84      E9C3C763 
  84      8BA9
  85 014a AD21EC9B 		.ascii	"\255!\354\233\222\271\327_\212\335\374\203\255\322\245"
  85      92B9D75F 
  85      8ADDFC83 
  85      ADD2A5
  86 0159 8AAB8C53 		.ascii	"\212\253\214S\313P\370\277\336\017\270w\346S\026\241"
  86      CB50F8BF 
  86      DE0FB877 
  86      E65316A1 
  87 0169 E4679F62 		.ascii	"\344g\237b\253\347\313\361S\360\224xf\215\375\372\270"
  87      ABE7CBF1 
  87      53F09478 
  87      668DFDFA 
  87      B8
  88 017a 3E3932A5 		.ascii	">92\245\217\372\275\301\351\311\200><\340\015\366t\014"
  88      8FFABDC1 
  88      E9C9803E 
  88      3CE00DF6 
  88      740C
  89 018c FBBCDDBE 		.ascii	"\373\274\335\276\256\301!\177\273\277w\2425@\332XpT"
  89      AEC1217F 
  89      BBBF77A2 
  89      3540DA58 
  89      7054
  90 019e FF01EAAE 		.ascii	"\377\001\352\256\271\020"
  90      B910
  91              		.text
  92              		.section	.gnu.lto_USBUART_1_Dp_Read.d236be6,"",%progbits
  93 0000 789C654F 		.ascii	"x\234eOMK\002Q\024\275\347\3158ZBD\253\360\007d\201"
  93      4D4B0251 
  93      14BDE7CD 
  93      385A4244 
  93      ABF00764 
  94 0015 042DDAD4 		.ascii	"\004-\332\324\246/h\033\232;A\302f\233!\265v4\265\217"
  94      A62F681B 
  94      9A3B41C2 
  94      669B21B5 
  94      7634B58F 
  95 0029 55D9326A 		.ascii	"U\3312j\221\330\267\004\005a\213 ZG\021\005\205\304"
  95      91D8B704 
  95      05618B20 
  95      5A471105 
  95      85C4
  96 003b B4514868 		.ascii	"\264QHh\221H\037\263(\273\257i\327\203w\356\273\367"
  96      91481FB3 
  96      28BBAF69 
  96      D78377EE 
  96      BBF7
  97 004d 9E7BCEBB 		.ascii	"\236{\316\273\012\375?\036\276~\020ur\204B\020\313W"
  97      0AFD3F1E 
  97      BE7E1075 
  97      72844210 
  97      CB57
  98 005f 44099700 		.ascii	"D\011\227\000\344\203@q\2018\252\242&py\372}\013o\336"
  98      E4834071 
  98      8138AAA2 
ARM GAS  C:\Users\Luggi\AppData\Local\Temp\cctWfmbg.s 			page 7


  98      267079FA 
  98      7D0B6FDE 
  99 0073 3092AFD9 		.ascii	"0\222\257\331\263Gw\272\335\022DuA\360y\320%u\260\015"
  99      B34777BA 
  99      DD124475 
  99      41F079D0 
  99      2575B00D 
 100 0087 2F31B196 		.ascii	"/1\261\226\372\272wk)\3030Ze\237\033;\320\330\203\016"
 100      FABA776B 
 100      29C3305A 
 100      659F1B3B 
 100      D0D8830E 
 101 009b DBCE8D46 		.ascii	"\333\316\215F\343\370me\241\037N\220%\330\221Ae\020"
 101      E3F86D65 
 101      A11F4E90 
 101      25D89141 
 101      6510
 102 00ad 0E091A49 		.ascii	"\016\011\032IM*3H\373\212\0202*%\\\274/\231\033}R\347"
 102      4D2A3348 
 102      FB8A1032 
 102      2A255CBC 
 102      2F991B7D 
 103 00c3 43286CB1 		.ascii	"C(l\261\265Z\330l~\026\026'\271\204\241J\327\247\362"
 103      B55AD86C 
 103      7E161627 
 103      B984A14A 
 103      D7A7F2
 104 00d6 F58DEBB7 		.ascii	"\365\215\353\267D2\255T\027\353X\307Z\"\005K\250\330"
 104      4432AD54 
 104      17EB58C7 
 104      5A22054B 
 104      A8D8
 105 00e8 85077BE0 		.ascii	"\205\007{\340_b\237\253T\302\334g\346E\261\005ak\036"
 105      5F629FAB 
 105      54C2DC67 
 105      E645B105 
 105      616B1E
 106 00fb E5F2274D 		.ascii	"\345\362'MR\000\003\204\003\346\226\2204\2356Ee\226"
 106      52000384 
 106      03E69690 
 106      349D3645 
 106      6596
 107 010d 1C323377 		.ascii	"\03423w\232]qp\221\207\262\351b\261E\01694B\301\036"
 107      9A5D7170 
 107      9187B2E9 
 107      62B1450E 
 107      393442C1 
 108 0122 7A98F7D9 		.ascii	"z\230\367\331\034I#\023\370\313~7\203\334\210\367\353"
 108      1C492313 
 108      F8CB7E37 
 108      83DC88F7 
 108      EB
 109 0133 18D5A7F4 		.ascii	"\030\325\247\364\330\304\214>\031\016Dgc\021=4\026\210"
 109      D8C48C3E 
 109      190E4467 
 109      63113D34 
 109      1688
ARM GAS  C:\Users\Luggi\AppData\Local\Temp\cctWfmbg.s 			page 8


 110 0145 0EF78682 		.ascii	"\016\367\206\202\201\241\340\240\177<\334\023\036\231"
 110      81A1E0A0 
 110      7F3CDC13 
 110      1E99
 111 0153 EE8ED00F 		.ascii	"\356\216\320\017\0166\201A"
 111      0E368141 
 112              		.text
 113              		.section	.gnu.lto_USBUART_1_Dp_ReadDataReg.d236be6,"",%progbits
 114 0000 789C654F 		.ascii	"x\234eO\277KBQ\024>\337y\317\247!H4\205\177@VH\320\320"
 114      BF4B4251 
 114      143EDF79 
 114      CFA72148 
 114      34857F40 
 115 0018 D2D42F68 		.ascii	"\322\324/h\015\315M\220\260\267fH\315>M-\232\2425l1"
 115      0DCD4D90 
 115      B0B76648 
 115      CD3E4D2D 
 115      9AA2356C 
 116 002d 29FB4150 		.ascii	")\373AP\024\266D5G\222\006\205\224-\006\005\015JP\275"
 116      14B64435 
 116      47920685 
 116      942D0605 
 116      0D4A50BD 
 117 0041 21ED5E5F 		.ascii	"!\355^_[\027\356w\356=\347;\337w\216B\377\217[\\\037"
 117      5B17EE77 
 117      EE3DE73B 
 117      DF778E42 
 117      FF8F5B5C 
 118 0056 887A4584 		.ascii	"\210zE\204B\340\265\033\242\270\203\001\371 P\214\021"
 118      42E0B51B 
 118      A2B88301 
 118      F920508C 
 118      11
 119 0067 C31B3718 		.ascii	"\303\0337\030\327g\3152<9\303H\324K\345Gg\252\333d\242"
 119      D767CD32 
 119      3C39C348 
 119      D44BE547 
 119      67AADB64 
 120 007c 0F2678DD 		.ascii	"\017&x\335\350\223:\330\206\207\004\261\221\374\271"
 120      E8933AD8 
 120      868704B1 
 120      91FCB9
 121 008b 776A49C3 		.ascii	"wjI\3030:e]\024v\240\011\017:\354\2720Z\255\343\342"
 121      303A655D 
 121      1476A009 
 121      0F3AECBA 
 121      305AADE3 
 122 00a0 FA4A3FDB 		.ascii	"\372J?\333A&\013G\001\252\000\266I\320HjRM\200\264\177"
 122      41260B47 
 122      01AA00B6 
 122      49D0486A 
 122      524D80B4 
 123 00b5 619651A9 		.ascii	"a\226Q\251\340\352s\265\231\037\226:_\254\010\213\313"
 123      E0EA73B5 
 123      991F963A 
 123      5FAC088B 
 123      CB
ARM GAS  C:\Users\Luggi\AppData\Local\Temp\cctWfmbg.s 			page 9


 124 00c6 A7C296EB 		.ascii	"\247\302\226\353\225MV\352\331\270\241J\327\347Z\361"
 124      954D56EA 
 124      D9B8A14A 
 124      D7E75AF1 
 125 00d6 D6D14E91 		.ascii	"\326\321N\221\374n\236\237\224\\\031l\304\2230YE\036"
 125      FC6E9E9F 
 125      945C196C 
 125      C4933059 
 125      451E
 126 00e8 6EEC424C 		.ascii	"n\354BL\211=d@\025,}\247\337\025K\020\226\346Q6w\332"
 126      893D6440 
 126      152C7DA7 
 126      DF154B10 
 126      96E65136 
 127 00fe 21053042 		.ascii	"!\0050B\330\027\334\012\022U\273EQ\005K6U\323w\232\225"
 127      D817DC0A 
 127      1255BB45 
 127      51054B36 
 127      55D3779A 
 128 0113 B189A468 		.ascii	"\261\211\244hZO\025\012\355Al\032\341\300jzX\366Z\034"
 128      5A4F150A 
 128      ED416C1A 
 128      E1C06A7A 
 128      58F65A1C 
 129 0127 49A32AF0 		.ascii	"I\243*\360\367ko\006\271\221\330\257gR\237\323\2433"
 129      F76B6F06 
 129      B991D8AF 
 129      67529FD3 
 129      A333
 130 0139 0BFA6CC8 		.ascii	"\013\372l\310\037Y\214\206\365\340\224?2>\024\014\370"
 130      1F598C86 
 130      F5E0943F 
 130      323E140C 
 130      F8
 131 014a C702A3BE 		.ascii	"\307\002\243\276\351\320`hb~ L\277\2272\201\250"
 131      E9D06068 
 131      627E204C 
 131      BF973281 
 131      A8
 132              		.text
 133              		.section	.gnu.lto_USBUART_1_Dp_SetInterruptMode.d236be6,"",%progbits
 134 0000 789C6D50 		.ascii	"x\234mPMHTQ\024>\337\275\367\275\246f\022i\321\302E"
 134      4D485451 
 134      143EDFBD 
 134      F7BDA666 
 134      1269D1C2 
 135 0015 8B68B236 		.ascii	"\213h\2626\211E\255\265\202\266\321\344N\230B\037\344"
 135      8945ADB5 
 135      82B6D1E4 
 135      4E98421F 
 135      E4
 136 0026 229F98AD 		.ascii	"\"\237\230\255Zx\2373T\266\022\231E$*\022\2415\325L"
 136      5A789F33 
 136      54B61299 
 136      45242A12 
 136      A135D54C 
 137 003a BA6921F1 		.ascii	"\272i!\361\210vQQ\030\223\022\015\0143\230\233H,t\202"
ARM GAS  C:\Users\Luggi\AppData\Local\Temp\cctWfmbg.s 			page 10


 137      88765151 
 137      1893120D 
 137      0C33989B 
 137      482C7482 
 138 004e C6CE9971 		.ascii	"\306\316\231q\021\324\345^\3569\037\337\367\235\037"
 138      11D4E55E 
 138      EE391FDF 
 138      F79D1F
 139 005d 4DFF9E13 		.ascii	"M\377\236\023\374J :\305?\034\202\032{K\024D\224\322"
 139      FC4A203A 
 139      C53F1C82 
 139      1A7B4B14 
 139      4494D2
 140 0070 4B6D64F7 		.ascii	"Kmd\367\230\305\003dc\032\246\001\033@\002\002\015+"
 140      98C50364 
 140      631AA601 
 140      1B400202 
 140      0D2B
 141 0082 6D308C35 		.ascii	"m0\2145\265\2560\026f\357F[\037Xk\277\317\027\257\330"
 141      B5AE3016 
 141      66EF465B 
 141      1F586BBF 
 141      CF17AFD8 
 142 0096 CCA5AA22 		.ascii	"\314\245\252\"\332P\215\002\230E+s*\317gn\350\243 \016"
 142      DA508D02 
 142      98452B73 
 142      2ACF676E 
 142      E8A3200E 
 143 00aa 5F97B636 		.ascii	"_\227\2666b_UU\241Y\322{\205\312\017-\251R\222f_e\362"
 143      625F5555 
 143      A159D27B 
 143      85CA0F2D 
 143      A9529266 
 144 00c1 BBE2F7AD 		.ascii	"\273\342\367\255\035\011\213y\333\301\270\306\0344\333"
 144      1D098B79 
 144      DBC1B8C6 
 144      1C34DB
 145 00d0 E1215AF0 		.ascii	"\341!Z\360\010-\304\020!\2138\263W\253k\263{\365\361"
 145      082DC410 
 145      218B38B3 
 145      57AB6BB3 
 145      7BF5F1
 146 00e3 BA6F2998 		.ascii	"\272o)\230\376\031m(o\247\334#\"|\374\037\341\023\304"
 146      FE196D28 
 146      6FA7DC23 
 146      227CFC1F 
 146      E113C4
 147 00f6 85BD9EFE 		.ascii	"\205\275\236\376]\210\272in\272\271\321+\236\302\345"
 147      5D88BA69 
 147      6EBAB9D1 
 147      2B9EC2E5 
 148 0106 45506E5F 		.ascii	"EPn_h\267\267\027j\037\346\016\352\210\202\0242\242"
 148      68B7B717 
 148      6A1FE60E 
 148      EA888214 
 148      32A2
 149 0118 74205297 		.ascii	"t R\227CCTf\205l\242\302M\363\257W\220\332\272\371-"
ARM GAS  C:\Users\Luggi\AppData\Local\Temp\cctWfmbg.s 			page 11


 149      43435466 
 149      856CA2C2 
 149      4DF3AF57 
 149      90DABAF9 
 150 012d 370571D9 		.ascii	"7\005q\331TfS\311b\246\013\243\277\232d4\335A\310q\003"
 150      546653C9 
 150      62A60BA3 
 150      BF9A6434 
 150      DD41C871 
 151 0142 1F915E4E 		.ascii	"\037\221^N\355\337\3410\241X~\367>R'p\375<\023\344T"
 151      EDDFE130 
 151      A1587EF7 
 151      3E522770 
 151      FD3C13E4 
 152 0157 385B6A63 		.ascii	"8[jc\313\221O\267j\271\314\216%_\207V\360r|\346\220"
 152      CB914FB7 
 152      6AB9CC8E 
 152      255F8756 
 152      F0727CE6 
 153 016c 002C9E98 		.ascii	"\000,\236\230\372\234\335-b\247v'\260\206\376\366sH"
 153      FA9CDD2D 
 153      62A77627 
 153      B086FEF6 
 153      7348
 154 017e D2C5E537 		.ascii	"\322\305\3457/b\223\230\010\322A\350T\225\213g\274\210"
 154      2F629398 
 154      08D241E8 
 154      54958B67 
 154      BC88
 155 0190 79298305 		.ascii	"y)\203\005L\202M\353\345L}\204/\010\302\361&\361\226"
 155      4C824DEB 
 155      E54C7D84 
 155      2F08C2F1 
 155      26F196
 156 01a3 26CA0A82 		.ascii	"&\312\012\202\362\230\207\317y\375\336\340\345!\257"
 156      F29887CF 
 156      79FDDEE0 
 156      E521AF
 157 01b2 3799F0AF 		.ascii	"7\231\360\257\017\366x\335\347\023\376\231\223\335]"
 157      0FF678DD 
 157      E713FE99 
 157      93DD5D
 158 01c1 89D35D9D 		.ascii	"\211\323]\235\027.&\333\223g\007\216\365Pd\300\277\326"
 158      172E26DB 
 158      9367078E 
 158      F55064C0 
 158      BFD6
 159 01d3 37D4E7F7 		.ascii	"7\324\347\367\233\253~\257\367\007a\226\277\221"
 159      9BAB7EAF 
 159      F7076196 
 159      BF91
 160              		.text
 161              		.section	.gnu.lto_USBUART_1_Dp_ClearInterrupt.d236be6,"",%progbits
 162 0000 789C654F 		.ascii	"x\234eOMK\002Q\024\275\347\315\214\032ADK\177@\026\204"
 162      4D4B0251 
 162      14BDE7CD 
 162      8C1A4144 
ARM GAS  C:\Users\Luggi\AppData\Local\Temp\cctWfmbg.s 			page 12


 162      4B7F4016 
 163 0015 D0A27D5F 		.ascii	"\320\242}_\32062w\202\205\315.2\244\326\316\230\031"
 163      D0363277 
 163      8285CD2E 
 163      32A4D6CE 
 163      9819
 164 0027 E4A288A0 		.ascii	"\344\242\210\240 \\DH\037\026A\2130\332Dm\245\010\241"
 164      205C4448 
 164      1F16418B 
 164      30DA446D 
 164      A508A1
 165 003a 42C4080C 		.ascii	"B\304\010\014l\227\030\331,\322\356sj\325\203w\356\273"
 165      6C9718D9 
 165      2CD2EE73 
 165      6AD58377 
 165      EEBB
 166 004c F79E7BCE 		.ascii	"\367\236{\316\273\012\375?n\276>\020\365p\204B\020\353"
 166      BB0AFD3F 
 166      6EBE3E10 
 166      F5708442 
 166      10EB
 167 005e B744A64B 		.ascii	"\267D\246K\000\362A\240\250@\024o\242*\220\273h\344"
 167      00F241A0 
 167      A840146F 
 167      A22A90BB 
 167      68E4
 168 0070 E1491B46 		.ascii	"\341I\033F\354=V\237\335\332\234\262\004QM\020\372\334"
 168      EC3D569F 
 168      DDDA9CB2 
 168      04514D10 
 168      FADC
 169 0082 E8953AD8 		.ascii	"\350\225:\330\207\207\230X\215\177?\266;\342\206at\312"
 169      87879858 
 169      8D7F3FB6 
 169      3BE28661 
 169      74CA
 170 0094 3E370EE0 		.ascii	">7\016\340`\017:\355\2722\232\315Z1_\361*N\220%\330"
 170      600F3AED 
 170      BA329ACD 
 170      5A315FF1 
 170      2A4E9025 
 171 00a9 91416510 		.ascii	"\221Ae\020\232\004\007IM*3H\373W!dT\012\270\376\\}\270"
 171      9A040749 
 171      4D2A3348 
 171      FB572164 
 171      540AB8FE 
 172 00c0 9C903A75 		.ascii	"\234\220:u\241\260E\322\314lk\025a\011e-i\032\252t}"
 172      A1B045D2 
 172      CC6C6B15 
 172      6109652D 
 172      691AAA74 
 173 00d5 2EDFDDBB 		.ascii	".\337\335\273Z%\222i\343e\367FKa\307\214\303\022*\016"
 173      5A259269 
 173      E365F746 
 173      4B61C78C 
 173      C3122A0E 
 174 00e9 E1C611F8 		.ascii	"\341\306\021\370\227\310 \005*`\351+\361\241\332\202"
ARM GAS  C:\Users\Luggi\AppData\Local\Temp\cctWfmbg.s 			page 13


 174      97C82005 
 174      2A60E92B 
 174      F1A1DA82 
 175 00f9 B035CFF6 		.ascii	"\2605\317\366\322\347mR\000\203\204c\346\026\020+9m"
 175      D2E76D52 
 175      00838463 
 175      E616102B 
 175      396D
 176 010b 8ACA2C39 		.ascii	"\212\312,9TJ\024\177+\032\027yhc9\233\355\220C\232\203"
 176      544A147F 
 176      2B1A1779 
 176      6863399B 
 176      ED90439A 
 177 0120 70620F3D 		.ascii	"pb\017=\255\344`\223$\217J\370\313Z\253A\256\304\013"
 177      ADE46093 
 177      248F4AF8 
 177      CB5AAB41 
 177      AEC40B
 178 0133 768FE973 		.ascii	"v\217\351szdzA\237\011\372\302\213\221\220\036\030\367"
 178      7A647A41 
 178      9F09FAC2 
 178      8B91901E 
 178      18F7
 179 0145 85470602 		.ascii	"\205G\006\002~\337\260\177hb2\330\037\034\235\367\206"
 179      7EDFB07F 
 179      686232D8 
 179      1F1C9DF7 
 179      86
 180 0156 E807F636 		.ascii	"\350\007\3666\202\302"
 180      82C2
 181              		.text
 182              		.section	.gnu.lto_.symbol_nodes.d236be6,"",%progbits
 183 0000 789C55C7 		.ascii	"x\234U\3079\021\000 \020\004\301\271\207*tbd-\020\021"
 183      39110020 
 183      1004C1B9 
 183      872A7462 
 183      642D1011 
 184 0014 A3084D24 		.ascii	"\243\010M$\004\\g\035\300\340q\004\363\200\304\332\035"
 184      045C671D 
 184      C0E07104 
 184      F380C4DA 
 184      1D
 185 0025 3759B9CB 		.ascii	"7Y\271\313\313CQ\236\312\362\246\366\237\013\340\362"
 185      CB43519E 
 185      CAF2A6F6 
 185      9F0BE0F2 
 186 0035 1926     		.ascii	"\031&"
 187              		.text
 188              		.section	.gnu.lto_.refs.d236be6,"",%progbits
 189 0000 789C6366 		.ascii	"x\234cf```d\200\002\000\000=\000\005"
 189      60606064 
 189      80020000 
 189      3D0005
 190              		.text
 191              		.section	.gnu.lto_.decls.d236be6,"",%progbits
 192 0000 789C8D54 		.ascii	"x\234\215ToLSW\024\277\347\335\322\226ge\316\017\350"
 192      6F4C5357 
ARM GAS  C:\Users\Luggi\AppData\Local\Temp\cctWfmbg.s 			page 14


 192      14BFE7DD 
 192      D2966765 
 192      CE0FE8
 193 0013 EA16BB2F 		.ascii	"\352\026\273/\304%\304\204\0173~\333\037HdK4\014F\226"
 193      C425C484 
 193      0F337EDB 
 193      1F48644B 
 193      340C4696 
 194 0027 4C13D2C0 		.ascii	"L\023\322\300\213#[\200\324b\342\247\335\001\006\306"
 194      8B235B80 
 194      D462E2A7 
 194      DD0106C6 
 195 0037 8C209B01 		.ascii	"\214 \233\001YD\022\212\0167\031\303J)*<\264\264\014"
 195      5944128A 
 195      0E3719C3 
 195      4A292A3C 
 195      B4B40C
 196 004a 50665631 		.ascii	"PfV1jLpd\033\213\213\203\015\034&f\317s\357{\217>\260"
 196      6A4C7064 
 196      1B8B8B83 
 196      0D1C2666 
 196      CF73EF7B 
 197 0061 64DEE4C0 		.ascii	"d\336\344\300;\347\336\337\357\234\373;\347\226\022"
 197      3BE7DEDF 
 197      EF9CFB3B 
 197      E79612
 198 0070 42024088 		.ascii	"B\002@\210\206+b#d\021}\007Z\036I,;Z/Z\020-\204\026"
 198      862B6223 
 198      64117D07 
 198      5A1E492C 
 198      3B5A2F5A 
 199 0088 461B418B 		.ascii	"F\033A\213\221g\027?\227b\340\317\241\245\243M\240\215"
 199      9167173F 
 199      9762E0CF 
 199      A1A5A34D 
 199      A08D
 200 009a 19FB609C 		.ascii	"\031\373`\234Y\275\202F\036+n2\0116\230\004\0332\260"
 200      59BD8246 
 200      1E2B6E32 
 200      09369804 
 200      1B32B0
 201 00ad 262ED782 		.ascii	"&.\327\202{\327\202\015%\301\206\237\023\033N\202\345"
 201      7BD7820D 
 201      25C1869F 
 201      131B4E82 
 201      E5
 202 00be 1A985AA5 		.ascii	"\032\230Z\245\241\271\320\3245\356<\222\004\037{\316"
 202      A1B9D0D4 
 202      35EE3C92 
 202      041F7BCE 
 203 00ce DCC9749E 		.ascii	"\334\311t\236\227 \334\275pm\335\254\004i\262\207\273"
 203      9720DCBD 
 203      706DDDAC 
 203      0469B287 
 203      BB
 204 00df 034DA32D 		.ascii	"\003M\243-vt]\262\215\273SC\265\265N*\001\377\356h\271"
 204      76745DB2 
ARM GAS  C:\Users\Luggi\AppData\Local\Temp\cctWfmbg.s 			page 15


 204      8DBB5343 
 204      B5B54E2A 
 204      01FFEE68 
 205 00f4 1F9733CF 		.ascii	"\037\2273\3172\306\352\230\252B\202\342\263\323\027"
 205      32C6EA98 
 205      AA4282E2 
 205      B3D317
 206 0103 8F381093 		.ascii	"\2178\020\223.\013\367\350x\3530\025\256\306q\322\355"
 206      2E0BF7E8 
 206      78EB3015 
 206      AEC671D2 
 206      ED
 207 0114 DB5F3DA6 		.ascii	"\333_=\246 g\3241V\305\346\232\030\335L \323\015\257"
 207      2067D431 
 207      56C5E69A 
 207      18DD4C20 
 207      D30DAF
 208 0127 B9097443 		.ascii	"\271\011tC\006\036\203\263\220I\340[p\303w\340&\001"
 208      061E83B3 
 208      9049E05B 
 208      70C377E0 
 208      2601
 209 0139 4C30772A 		.ascii	"L0w*~\347e\306lp\016d\350\002*N\3405x\006#i\343\341"
 209      7EE765C6 
 209      6C700E64 
 209      E8022A4E 
 209      E0357806 
 210 0151 E1469B4D 		.ascii	"\341F\233M\302 ?\263WT\273\250\335\357\2246\035G\002"
 210      C2203FB3 
 210      5754BBA8 
 210      DDEF9436 
 210      1D4702
 211 0164 D658CD36 		.ascii	"\326X\3156\330 /\035\316 \3557HK\240\0076\341\337\357"
 211      D8202F1D 
 211      CE20ED37 
 211      484BA007 
 211      36E1DFEF 
 212 0178 C1A61374 		.ascii	"\301\246\023t\336:\363!\315\0227\253m:>\350\364\264"
 212      DE3AF321 
 212      CD1237AB 
 212      6D3A3EE8 
 212      F4B4
 213 018a B1F69EB9 		.ascii	"\261\366\236\271#\035m\364\004k\257b\377iX=\307\300"
 213      231D6DF4 
 213      046BAF62 
 213      FF69583D 
 213      C7C0
 214 019c 0FCBF909 		.ascii	"\017\313\371\011\377\326\005\355\005\017\002\253\343"
 214      FFD605ED 
 214      050F02AB 
 214      E3
 215 01a9 8F461DF4 		.ascii	"\217F\035\364cAr\343\267{\263.A\322>\320a\037e\252\246"
 215      634172E3 
 215      B77BB32E 
 215      41D23ED0 
 215      611F65AA 
 216 01be BD21F0E7 		.ascii	"\275!\360\347-\370\363&>(\360\237\327\364Pk\275\374"
ARM GAS  C:\Users\Luggi\AppData\Local\Temp\cctWfmbg.s 			page 16


 216      2DF8F326 
 216      3E28F09F 
 216      D7F4506B 
 216      BDFC
 217 01d0 2A89822F 		.ascii	"*\211\202/\210\202\367\032\365N\337\353^\244\3640\210"
 217      8882F71A 
 217      F54EDFEB 
 217      5EA4F430 
 217      88
 218 01e1 64938186 		.ascii	"d\223\201\206\207\262H6\375\307\214\242\326\260'\232"
 218      87B24836 
 218      FDC78CA2 
 218      D6B0279A 
 219 01f1 460502FA 		.ascii	"F\005\002\372,\351\372\314t!\221.\372\345\327\023N\332"
 219      2CE9FACC 
 219      7421912E 
 219      FAE5D713 
 219      4EDA
 220 0203 AC53F446 		.ascii	"\254S\364F\242\333\364rOv\232\345r|\277\005\337o\342"
 220      A2DBF472 
 220      4F769AE5 
 220      727CBF05 
 220      DF6FE2
 221 0216 C3023FFE 		.ascii	"\303\002?\376\313\322?.1+\0338C\353\255_\027\250\230"
 221      CBD23F2E 
 221      312B1B38 
 221      43EBAD5F 
 221      17A898
 222 0229 1589BB27 		.ascii	"\025\211\273'\377~x)\225\366\350\354\346Lx\364\231h"
 222      FF7E7829 
 222      95F6E8EC 
 222      E64C78F4 
 222      9968
 223 023b 7EB01474 		.ascii	"~\260\024t\012\227\327\211Cq\372\247\177[\323 C\326"
 223      0A97D789 
 223      4371FAA7 
 223      7F5BD320 
 223      43D6
 224 024d BB3DA577 		.ascii	"\273=\245w[\305\353_Jt\333ct[\014\016\253f)\333\010"
 224      5BC5EB5F 
 224      4A74DB63 
 224      745B0C0E 
 224      AB6629DB 
 225 0262 0CA03A17 		.ascii	"\014\240:\027Q\035\030\302\321\361\030\243s\031\203"
 225      511D18C2 
 225      D1F118A3 
 225      731983
 226 0271 8318C444 		.ascii	"\203\030\304D\247b\177\336|A\214\205\272<\026w~\276"
 226      A7627FDE 
 226      7C418C85 
 226      BA3C1677 
 226      7EBE
 227 0283 DB95BA1C 		.ascii	"\333\225\272\034\033\006\021\214\374\265\330\340XsV"
 227      1B06118C 
 227      FCB5D8E0 
 227      587356
 228 0292 AE0AE9AF 		.ascii	"\256\012\351\257\230\2632\377`L]OC\372\325\272B\013"
ARM GAS  C:\Users\Luggi\AppData\Local\Temp\cctWfmbg.s 			page 17


 228      98B332FF 
 228      604C5D4F 
 228      43FAD5BA 
 228      420B
 229 02a4 3187312D 		.ascii	"1\2071-3\203\357\035\253f\0016\255i[\005\012\"\026\371"
 229      3383EF1D 
 229      AB660136 
 229      AD695B05 
 229      0A2216F9 
 230 02b8 22A67C23 		.ascii	"\"\246|#B>v\"v\331Ao\352,G\265>M\037\227\351\376\337"
 230      423E7622 
 230      76D9416F 
 230      EA2C47B5 
 230      3E4D1F97 
 231 02cf A32EA677 		.ascii	"\243.\246w@oa\324\302\02159b:G\363\027\001'\235\327"
 231      406F61D4 
 231      C2113539 
 231      623A47F3 
 231      1701279D 
 232 02e4 392E3CAA 		.ascii	"9.<\252\017\257\227\353\2706\377\377\256P\364\370\365"
 232      0FAF97EB 
 232      B836FFFF 
 232      AE50F4F8 
 232      F5
 233 02f5 FAA954FD 		.ascii	"\372\251T\375%\256F\214\257\371\022\227frk\330\2330"
 233      25AE468C 
 233      AFF91297 
 233      66726BD8 
 233      9B30
 234 0307 86D28D26 		.ascii	"\206\322\215&z\363#$\236b|\274\352.u\325\363.\241\224"
 234      7AF32324 
 234      9E627CBC 
 234      EA2E75D5 
 234      F32EA194 
 235 031b A9B9E26C 		.ascii	"\251\271\342lB\313\011p\211\013\340\377y\211v\337\030"
 235      42CB0970 
 235      890BE0FF 
 235      798976DF 
 235      18
 236 032c 6A93C0ED 		.ascii	"j\223\300\355\226[\360gdi+L\"\021\377Tg5\355SM_\015"
 236      965BF067 
 236      64692B4C 
 236      2211FF54 
 236      6735ED53 
 237 0343 0E11AEE3 		.ascii	"\016\021\256\343\315\231\253\262\224ID\234\300u$\277"
 237      CD99ABB2 
 237      9449449C 
 237      C07524BF 
 238 0353 C6A780BB 		.ascii	"\306\247\200\273)\225\245e\376\235\366]{\012=\331\344"
 238      2995A565 
 238      FE9DF65D 
 238      7B0A3DD9 
 238      E4
 239 0364 D55D4A99 		.ascii	"\325]J\231\342\363\372\225\222\242\202\362J_\261\262"
 239      E2F3FA95 
 239      92A282F2 
 239      4A5FB1B2 
ARM GAS  C:\Users\Luggi\AppData\Local\Temp\cctWfmbg.s 			page 18


 240 0374 2FAFA03C 		.ascii	"/\257\240<\373\365}\305\207\374\207*\224\003\333?\""
 240      FBF57DC5 
 240      87FC872A 
 240      9403DB3F 
 240      22
 241 0385 1B0B0BDE 		.ascii	"\033\013\013\336.|+\377\375\242\254\242\234\212\242"
 241      2E7C2BFF 
 241      FDA2ACA2 
 241      9C8AA2
 242 0394 0F7CA57E 		.ascii	"\017|\245~%c\015\220\365\344\366b\362\322\012d\201\342"
 242      25630D90 
 242      F5E4F662 
 242      F2D20A64 
 242      81E2
 243 03a6 CFF1951E 		.ascii	"\317\361\225\036Tv\227\227(/\256\330\311W\274%\233\237"
 243      54769797 
 243      282FAED8 
 243      C957BC25 
 243      9B9F
 244 03b8 89E478FD 		.ascii	"\211\344x\375\336|e\277\235W\233\265\343\225\325\\\357"
 244      DE7C65BF 
 244      9D579BB5 
 244      E395D55C 
 244      EF
 245 03c9 94F9159F 		.ascii	"\224\371\025\237\257\262\302\317\371\266\254\330\315"
 245      AFB2C2CF 
 245      F9B6ACD8 
 245      CD
 246 03d6 FE44F1FA 		.ascii	"\376D\361\372\226\367m>e\377\316\247m\265\357M"
 246      96F76D3E 
 246      65FFCEA7 
 246      6DB5EF4D 
 247              		.text
 248              		.section	.gnu.lto_.symtab.d236be6,"",%progbits
 249 0000 55534255 		.ascii	"USBUART_1_Dp_Write\000\000\000\000\000\000\000\000\000"
 249      4152545F 
 249      315F4470 
 249      5F577269 
 249      74650000 
 250 001b 000000B2 		.ascii	"\000\000\000\262\000\000\000USBUART_1_Dp_SetDriveMo"
 250      00000055 
 250      53425541 
 250      52545F31 
 250      5F44705F 
 251 0039 64650000 		.ascii	"de\000\000\000\000\000\000\000\000\000\000\000\000\264"
 251      00000000 
 251      00000000 
 251      0000B4
 252 0048 00000055 		.ascii	"\000\000\000USBUART_1_Dp_Read\000\000\000\000\000\000"
 252      53425541 
 252      52545F31 
 252      5F44705F 
 252      52656164 
 253 0062 00000000 		.ascii	"\000\000\000\000\000\000\267\000\000\000USBUART_1_D"
 253      0000B700 
 253      00005553 
 253      42554152 
ARM GAS  C:\Users\Luggi\AppData\Local\Temp\cctWfmbg.s 			page 19


 253      545F315F 
 254 0077 705F5265 		.ascii	"p_ReadDataReg\000\000\000\000\000\000\000\000\000\000"
 254      61644461 
 254      74615265 
 254      67000000 
 254      00000000 
 255 008e 0000B900 		.ascii	"\000\000\271\000\000\000USBUART_1_Dp_SetInterruptMo"
 255      00005553 
 255      42554152 
 255      545F315F 
 255      44705F53 
 256 00af 64650000 		.ascii	"de\000\000\000\000\000\000\000\000\000\000\000\000\305"
 256      00000000 
 256      00000000 
 256      0000C5
 257 00be 00000055 		.ascii	"\000\000\000USBUART_1_Dp_ClearInterrupt\000\000\000"
 257      53425541 
 257      52545F31 
 257      5F44705F 
 257      436C6561 
 258 00df 00000000 		.ascii	"\000\000\000\000\000\000\000\000\000\307\000\000\000"
 258      00000000 
 258      00C70000 
 258      00
 259              		.text
 260              		.section	.gnu.lto_.opts,"",%progbits
 261 0000 272D666E 		.ascii	"'-fno-trapv' '-fno-strict-overflow' '-mcpu=cortex-m"
 261      6F2D7472 
 261      61707627 
 261      20272D66 
 261      6E6F2D73 
 262 0033 33272027 		.ascii	"3' '-mthumb' '-g' '-Og' '-ffunction-sections' '-flt"
 262      2D6D7468 
 262      756D6227 
 262      20272D67 
 262      2720272D 
 263 0066 6F272027 		.ascii	"o' '-ffat-lto-objects'\000"
 263      2D666661 
 263      742D6C74 
 263      6F2D6F62 
 263      6A656374 
 264              		.text
 265              		.cfi_sections	.debug_frame
 266              		.section	.text.USBUART_1_Dp_Write,"ax",%progbits
 267              		.align	2
 268              		.global	USBUART_1_Dp_Write
 269              		.thumb
 270              		.thumb_func
 271              		.type	USBUART_1_Dp_Write, %function
 272              	USBUART_1_Dp_Write:
 273              	.LFB0:
 274              		.file 1 "Generated_Source\\PSoC5\\USBUART_1_Dp.c"
   1:Generated_Source\PSoC5/USBUART_1_Dp.c **** /*******************************************************************************
   2:Generated_Source\PSoC5/USBUART_1_Dp.c **** * File Name: USBUART_1_Dp.c  
   3:Generated_Source\PSoC5/USBUART_1_Dp.c **** * Version 2.20
   4:Generated_Source\PSoC5/USBUART_1_Dp.c **** *
   5:Generated_Source\PSoC5/USBUART_1_Dp.c **** * Description:
ARM GAS  C:\Users\Luggi\AppData\Local\Temp\cctWfmbg.s 			page 20


   6:Generated_Source\PSoC5/USBUART_1_Dp.c **** *  This file contains API to enable firmware control of a Pins component.
   7:Generated_Source\PSoC5/USBUART_1_Dp.c **** *
   8:Generated_Source\PSoC5/USBUART_1_Dp.c **** * Note:
   9:Generated_Source\PSoC5/USBUART_1_Dp.c **** *
  10:Generated_Source\PSoC5/USBUART_1_Dp.c **** ********************************************************************************
  11:Generated_Source\PSoC5/USBUART_1_Dp.c **** * Copyright 2008-2015, Cypress Semiconductor Corporation.  All rights reserved.
  12:Generated_Source\PSoC5/USBUART_1_Dp.c **** * You may use this file only in accordance with the license, terms, conditions, 
  13:Generated_Source\PSoC5/USBUART_1_Dp.c **** * disclaimers, and limitations in the end user license agreement accompanying 
  14:Generated_Source\PSoC5/USBUART_1_Dp.c **** * the software package with which this file was provided.
  15:Generated_Source\PSoC5/USBUART_1_Dp.c **** *******************************************************************************/
  16:Generated_Source\PSoC5/USBUART_1_Dp.c **** 
  17:Generated_Source\PSoC5/USBUART_1_Dp.c **** #include "cytypes.h"
  18:Generated_Source\PSoC5/USBUART_1_Dp.c **** #include "USBUART_1_Dp.h"
  19:Generated_Source\PSoC5/USBUART_1_Dp.c **** 
  20:Generated_Source\PSoC5/USBUART_1_Dp.c **** /* APIs are not generated for P15[7:6] on PSoC 5 */
  21:Generated_Source\PSoC5/USBUART_1_Dp.c **** #if !(CY_PSOC5A &&\
  22:Generated_Source\PSoC5/USBUART_1_Dp.c **** 	 USBUART_1_Dp__PORT == 15 && ((USBUART_1_Dp__MASK & 0xC0) != 0))
  23:Generated_Source\PSoC5/USBUART_1_Dp.c **** 
  24:Generated_Source\PSoC5/USBUART_1_Dp.c **** 
  25:Generated_Source\PSoC5/USBUART_1_Dp.c **** /*******************************************************************************
  26:Generated_Source\PSoC5/USBUART_1_Dp.c **** * Function Name: USBUART_1_Dp_Write
  27:Generated_Source\PSoC5/USBUART_1_Dp.c **** ****************************************************************************//**
  28:Generated_Source\PSoC5/USBUART_1_Dp.c **** *
  29:Generated_Source\PSoC5/USBUART_1_Dp.c **** * \brief Writes the value to the physical port (data output register), masking
  30:Generated_Source\PSoC5/USBUART_1_Dp.c **** *  and shifting the bits appropriately. 
  31:Generated_Source\PSoC5/USBUART_1_Dp.c **** *
  32:Generated_Source\PSoC5/USBUART_1_Dp.c **** * The data output register controls the signal applied to the physical pin in 
  33:Generated_Source\PSoC5/USBUART_1_Dp.c **** * conjunction with the drive mode parameter. This function avoids changing 
  34:Generated_Source\PSoC5/USBUART_1_Dp.c **** * other bits in the port by using the appropriate method (read-modify-write or
  35:Generated_Source\PSoC5/USBUART_1_Dp.c **** * bit banding).
  36:Generated_Source\PSoC5/USBUART_1_Dp.c **** *
  37:Generated_Source\PSoC5/USBUART_1_Dp.c **** * <b>Note</b> This function should not be used on a hardware digital output pin 
  38:Generated_Source\PSoC5/USBUART_1_Dp.c **** * as it is driven by the hardware signal attached to it.
  39:Generated_Source\PSoC5/USBUART_1_Dp.c **** *
  40:Generated_Source\PSoC5/USBUART_1_Dp.c **** * \param value
  41:Generated_Source\PSoC5/USBUART_1_Dp.c **** *  Value to write to the component instance.
  42:Generated_Source\PSoC5/USBUART_1_Dp.c **** *
  43:Generated_Source\PSoC5/USBUART_1_Dp.c **** * \return 
  44:Generated_Source\PSoC5/USBUART_1_Dp.c **** *  None 
  45:Generated_Source\PSoC5/USBUART_1_Dp.c **** *
  46:Generated_Source\PSoC5/USBUART_1_Dp.c **** * \sideeffect
  47:Generated_Source\PSoC5/USBUART_1_Dp.c **** *  If you use read-modify-write operations that are not atomic; the Interrupt 
  48:Generated_Source\PSoC5/USBUART_1_Dp.c **** *  Service Routines (ISR) can cause corruption of this function. An ISR that 
  49:Generated_Source\PSoC5/USBUART_1_Dp.c **** *  interrupts this function and performs writes to the Pins component data 
  50:Generated_Source\PSoC5/USBUART_1_Dp.c **** *  register can cause corrupted port data. To avoid this issue, you should 
  51:Generated_Source\PSoC5/USBUART_1_Dp.c **** *  either use the Per-Pin APIs (primary method) or disable interrupts around 
  52:Generated_Source\PSoC5/USBUART_1_Dp.c **** *  this function.
  53:Generated_Source\PSoC5/USBUART_1_Dp.c **** *
  54:Generated_Source\PSoC5/USBUART_1_Dp.c **** * \funcusage
  55:Generated_Source\PSoC5/USBUART_1_Dp.c **** *  \snippet USBUART_1_Dp_SUT.c usage_USBUART_1_Dp_Write
  56:Generated_Source\PSoC5/USBUART_1_Dp.c **** *******************************************************************************/
  57:Generated_Source\PSoC5/USBUART_1_Dp.c **** void USBUART_1_Dp_Write(uint8 value)
  58:Generated_Source\PSoC5/USBUART_1_Dp.c **** {
 275              		.loc 1 58 0
 276              		.cfi_startproc
 277              		@ args = 0, pretend = 0, frame = 0
 278              		@ frame_needed = 0, uses_anonymous_args = 0
ARM GAS  C:\Users\Luggi\AppData\Local\Temp\cctWfmbg.s 			page 21


 279              		@ link register save eliminated.
 280              	.LVL0:
  59:Generated_Source\PSoC5/USBUART_1_Dp.c ****     uint8 staticBits = (USBUART_1_Dp_DR & (uint8)(~USBUART_1_Dp_MASK));
 281              		.loc 1 59 0
 282 0000 044A     		ldr	r2, .L2
 283 0002 1378     		ldrb	r3, [r2]	@ zero_extendqisi2
 284 0004 03F0BF03 		and	r3, r3, #191
 285              	.LVL1:
  60:Generated_Source\PSoC5/USBUART_1_Dp.c ****     USBUART_1_Dp_DR = staticBits | ((uint8)(value << USBUART_1_Dp_SHIFT) & USBUART_1_Dp_MASK);
 286              		.loc 1 60 0
 287 0008 8001     		lsls	r0, r0, #6
 288              	.LVL2:
 289 000a 00F04000 		and	r0, r0, #64
 290 000e 1843     		orrs	r0, r0, r3
 291 0010 1070     		strb	r0, [r2]
 292 0012 7047     		bx	lr
 293              	.L3:
 294              		.align	2
 295              	.L2:
 296 0014 F0510040 		.word	1073762800
 297              		.cfi_endproc
 298              	.LFE0:
 299              		.size	USBUART_1_Dp_Write, .-USBUART_1_Dp_Write
 300              		.section	.text.USBUART_1_Dp_SetDriveMode,"ax",%progbits
 301              		.align	2
 302              		.global	USBUART_1_Dp_SetDriveMode
 303              		.thumb
 304              		.thumb_func
 305              		.type	USBUART_1_Dp_SetDriveMode, %function
 306              	USBUART_1_Dp_SetDriveMode:
 307              	.LFB1:
  61:Generated_Source\PSoC5/USBUART_1_Dp.c **** }
  62:Generated_Source\PSoC5/USBUART_1_Dp.c **** 
  63:Generated_Source\PSoC5/USBUART_1_Dp.c **** 
  64:Generated_Source\PSoC5/USBUART_1_Dp.c **** /*******************************************************************************
  65:Generated_Source\PSoC5/USBUART_1_Dp.c **** * Function Name: USBUART_1_Dp_SetDriveMode
  66:Generated_Source\PSoC5/USBUART_1_Dp.c **** ****************************************************************************//**
  67:Generated_Source\PSoC5/USBUART_1_Dp.c **** *
  68:Generated_Source\PSoC5/USBUART_1_Dp.c **** * \brief Sets the drive mode for each of the Pins component's pins.
  69:Generated_Source\PSoC5/USBUART_1_Dp.c **** * 
  70:Generated_Source\PSoC5/USBUART_1_Dp.c **** * <b>Note</b> This affects all pins in the Pins component instance. Use the
  71:Generated_Source\PSoC5/USBUART_1_Dp.c **** * Per-Pin APIs if you wish to control individual pin's drive modes.
  72:Generated_Source\PSoC5/USBUART_1_Dp.c **** *
  73:Generated_Source\PSoC5/USBUART_1_Dp.c **** * \param mode
  74:Generated_Source\PSoC5/USBUART_1_Dp.c **** *  Mode for the selected signals. Valid options are documented in 
  75:Generated_Source\PSoC5/USBUART_1_Dp.c **** *  \ref driveMode.
  76:Generated_Source\PSoC5/USBUART_1_Dp.c **** *
  77:Generated_Source\PSoC5/USBUART_1_Dp.c **** * \return
  78:Generated_Source\PSoC5/USBUART_1_Dp.c **** *  None
  79:Generated_Source\PSoC5/USBUART_1_Dp.c **** *
  80:Generated_Source\PSoC5/USBUART_1_Dp.c **** * \sideeffect
  81:Generated_Source\PSoC5/USBUART_1_Dp.c **** *  If you use read-modify-write operations that are not atomic, the ISR can
  82:Generated_Source\PSoC5/USBUART_1_Dp.c **** *  cause corruption of this function. An ISR that interrupts this function 
  83:Generated_Source\PSoC5/USBUART_1_Dp.c **** *  and performs writes to the Pins component Drive Mode registers can cause 
  84:Generated_Source\PSoC5/USBUART_1_Dp.c **** *  corrupted port data. To avoid this issue, you should either use the Per-Pin
  85:Generated_Source\PSoC5/USBUART_1_Dp.c **** *  APIs (primary method) or disable interrupts around this function.
  86:Generated_Source\PSoC5/USBUART_1_Dp.c **** *
ARM GAS  C:\Users\Luggi\AppData\Local\Temp\cctWfmbg.s 			page 22


  87:Generated_Source\PSoC5/USBUART_1_Dp.c **** * \funcusage
  88:Generated_Source\PSoC5/USBUART_1_Dp.c **** *  \snippet USBUART_1_Dp_SUT.c usage_USBUART_1_Dp_SetDriveMode
  89:Generated_Source\PSoC5/USBUART_1_Dp.c **** *******************************************************************************/
  90:Generated_Source\PSoC5/USBUART_1_Dp.c **** void USBUART_1_Dp_SetDriveMode(uint8 mode)
  91:Generated_Source\PSoC5/USBUART_1_Dp.c **** {
 308              		.loc 1 91 0
 309              		.cfi_startproc
 310              		@ args = 0, pretend = 0, frame = 0
 311              		@ frame_needed = 0, uses_anonymous_args = 0
 312              		@ link register save eliminated.
 313              	.LVL3:
  92:Generated_Source\PSoC5/USBUART_1_Dp.c **** 	CyPins_SetPinDriveMode(USBUART_1_Dp_0, mode);
 314              		.loc 1 92 0
 315 0000 044A     		ldr	r2, .L5
 316 0002 1378     		ldrb	r3, [r2]	@ zero_extendqisi2
 317 0004 03F0F103 		and	r3, r3, #241
 318 0008 00F00E00 		and	r0, r0, #14
 319              	.LVL4:
 320 000c 1843     		orrs	r0, r0, r3
 321 000e 1070     		strb	r0, [r2]
 322 0010 7047     		bx	lr
 323              	.L6:
 324 0012 00BF     		.align	2
 325              	.L5:
 326 0014 7E500040 		.word	1073762430
 327              		.cfi_endproc
 328              	.LFE1:
 329              		.size	USBUART_1_Dp_SetDriveMode, .-USBUART_1_Dp_SetDriveMode
 330              		.section	.text.USBUART_1_Dp_Read,"ax",%progbits
 331              		.align	2
 332              		.global	USBUART_1_Dp_Read
 333              		.thumb
 334              		.thumb_func
 335              		.type	USBUART_1_Dp_Read, %function
 336              	USBUART_1_Dp_Read:
 337              	.LFB2:
  93:Generated_Source\PSoC5/USBUART_1_Dp.c **** }
  94:Generated_Source\PSoC5/USBUART_1_Dp.c **** 
  95:Generated_Source\PSoC5/USBUART_1_Dp.c **** 
  96:Generated_Source\PSoC5/USBUART_1_Dp.c **** /*******************************************************************************
  97:Generated_Source\PSoC5/USBUART_1_Dp.c **** * Function Name: USBUART_1_Dp_Read
  98:Generated_Source\PSoC5/USBUART_1_Dp.c **** ****************************************************************************//**
  99:Generated_Source\PSoC5/USBUART_1_Dp.c **** *
 100:Generated_Source\PSoC5/USBUART_1_Dp.c **** * \brief Reads the associated physical port (pin status register) and masks 
 101:Generated_Source\PSoC5/USBUART_1_Dp.c **** *  the required bits according to the width and bit position of the component
 102:Generated_Source\PSoC5/USBUART_1_Dp.c **** *  instance. 
 103:Generated_Source\PSoC5/USBUART_1_Dp.c **** *
 104:Generated_Source\PSoC5/USBUART_1_Dp.c **** * The pin's status register returns the current logic level present on the 
 105:Generated_Source\PSoC5/USBUART_1_Dp.c **** * physical pin.
 106:Generated_Source\PSoC5/USBUART_1_Dp.c **** *
 107:Generated_Source\PSoC5/USBUART_1_Dp.c **** * \return 
 108:Generated_Source\PSoC5/USBUART_1_Dp.c **** *  The current value for the pins in the component as a right justified number.
 109:Generated_Source\PSoC5/USBUART_1_Dp.c **** *
 110:Generated_Source\PSoC5/USBUART_1_Dp.c **** * \funcusage
 111:Generated_Source\PSoC5/USBUART_1_Dp.c **** *  \snippet USBUART_1_Dp_SUT.c usage_USBUART_1_Dp_Read  
 112:Generated_Source\PSoC5/USBUART_1_Dp.c **** *******************************************************************************/
 113:Generated_Source\PSoC5/USBUART_1_Dp.c **** uint8 USBUART_1_Dp_Read(void)
ARM GAS  C:\Users\Luggi\AppData\Local\Temp\cctWfmbg.s 			page 23


 114:Generated_Source\PSoC5/USBUART_1_Dp.c **** {
 338              		.loc 1 114 0
 339              		.cfi_startproc
 340              		@ args = 0, pretend = 0, frame = 0
 341              		@ frame_needed = 0, uses_anonymous_args = 0
 342              		@ link register save eliminated.
 115:Generated_Source\PSoC5/USBUART_1_Dp.c ****     return (USBUART_1_Dp_PS & USBUART_1_Dp_MASK) >> USBUART_1_Dp_SHIFT;
 343              		.loc 1 115 0
 344 0000 024B     		ldr	r3, .L8
 345 0002 1878     		ldrb	r0, [r3]	@ zero_extendqisi2
 116:Generated_Source\PSoC5/USBUART_1_Dp.c **** }
 346              		.loc 1 116 0
 347 0004 C0F38010 		ubfx	r0, r0, #6, #1
 348 0008 7047     		bx	lr
 349              	.L9:
 350 000a 00BF     		.align	2
 351              	.L8:
 352 000c F1510040 		.word	1073762801
 353              		.cfi_endproc
 354              	.LFE2:
 355              		.size	USBUART_1_Dp_Read, .-USBUART_1_Dp_Read
 356              		.section	.text.USBUART_1_Dp_ReadDataReg,"ax",%progbits
 357              		.align	2
 358              		.global	USBUART_1_Dp_ReadDataReg
 359              		.thumb
 360              		.thumb_func
 361              		.type	USBUART_1_Dp_ReadDataReg, %function
 362              	USBUART_1_Dp_ReadDataReg:
 363              	.LFB3:
 117:Generated_Source\PSoC5/USBUART_1_Dp.c **** 
 118:Generated_Source\PSoC5/USBUART_1_Dp.c **** 
 119:Generated_Source\PSoC5/USBUART_1_Dp.c **** /*******************************************************************************
 120:Generated_Source\PSoC5/USBUART_1_Dp.c **** * Function Name: USBUART_1_Dp_ReadDataReg
 121:Generated_Source\PSoC5/USBUART_1_Dp.c **** ****************************************************************************//**
 122:Generated_Source\PSoC5/USBUART_1_Dp.c **** *
 123:Generated_Source\PSoC5/USBUART_1_Dp.c **** * \brief Reads the associated physical port's data output register and masks 
 124:Generated_Source\PSoC5/USBUART_1_Dp.c **** *  the correct bits according to the width and bit position of the component 
 125:Generated_Source\PSoC5/USBUART_1_Dp.c **** *  instance. 
 126:Generated_Source\PSoC5/USBUART_1_Dp.c **** *
 127:Generated_Source\PSoC5/USBUART_1_Dp.c **** * The data output register controls the signal applied to the physical pin in 
 128:Generated_Source\PSoC5/USBUART_1_Dp.c **** * conjunction with the drive mode parameter. This is not the same as the 
 129:Generated_Source\PSoC5/USBUART_1_Dp.c **** * preferred USBUART_1_Dp_Read() API because the 
 130:Generated_Source\PSoC5/USBUART_1_Dp.c **** * USBUART_1_Dp_ReadDataReg() reads the data register instead of the status 
 131:Generated_Source\PSoC5/USBUART_1_Dp.c **** * register. For output pins this is a useful function to determine the value 
 132:Generated_Source\PSoC5/USBUART_1_Dp.c **** * just written to the pin.
 133:Generated_Source\PSoC5/USBUART_1_Dp.c **** *
 134:Generated_Source\PSoC5/USBUART_1_Dp.c **** * \return 
 135:Generated_Source\PSoC5/USBUART_1_Dp.c **** *  The current value of the data register masked and shifted into a right 
 136:Generated_Source\PSoC5/USBUART_1_Dp.c **** *  justified number for the component instance.
 137:Generated_Source\PSoC5/USBUART_1_Dp.c **** *
 138:Generated_Source\PSoC5/USBUART_1_Dp.c **** * \funcusage
 139:Generated_Source\PSoC5/USBUART_1_Dp.c **** *  \snippet USBUART_1_Dp_SUT.c usage_USBUART_1_Dp_ReadDataReg 
 140:Generated_Source\PSoC5/USBUART_1_Dp.c **** *******************************************************************************/
 141:Generated_Source\PSoC5/USBUART_1_Dp.c **** uint8 USBUART_1_Dp_ReadDataReg(void)
 142:Generated_Source\PSoC5/USBUART_1_Dp.c **** {
 364              		.loc 1 142 0
 365              		.cfi_startproc
ARM GAS  C:\Users\Luggi\AppData\Local\Temp\cctWfmbg.s 			page 24


 366              		@ args = 0, pretend = 0, frame = 0
 367              		@ frame_needed = 0, uses_anonymous_args = 0
 368              		@ link register save eliminated.
 143:Generated_Source\PSoC5/USBUART_1_Dp.c ****     return (USBUART_1_Dp_DR & USBUART_1_Dp_MASK) >> USBUART_1_Dp_SHIFT;
 369              		.loc 1 143 0
 370 0000 024B     		ldr	r3, .L11
 371 0002 1878     		ldrb	r0, [r3]	@ zero_extendqisi2
 144:Generated_Source\PSoC5/USBUART_1_Dp.c **** }
 372              		.loc 1 144 0
 373 0004 C0F38010 		ubfx	r0, r0, #6, #1
 374 0008 7047     		bx	lr
 375              	.L12:
 376 000a 00BF     		.align	2
 377              	.L11:
 378 000c F0510040 		.word	1073762800
 379              		.cfi_endproc
 380              	.LFE3:
 381              		.size	USBUART_1_Dp_ReadDataReg, .-USBUART_1_Dp_ReadDataReg
 382              		.section	.text.USBUART_1_Dp_SetInterruptMode,"ax",%progbits
 383              		.align	2
 384              		.global	USBUART_1_Dp_SetInterruptMode
 385              		.thumb
 386              		.thumb_func
 387              		.type	USBUART_1_Dp_SetInterruptMode, %function
 388              	USBUART_1_Dp_SetInterruptMode:
 389              	.LFB4:
 145:Generated_Source\PSoC5/USBUART_1_Dp.c **** 
 146:Generated_Source\PSoC5/USBUART_1_Dp.c **** 
 147:Generated_Source\PSoC5/USBUART_1_Dp.c **** /* If interrupt is connected for this Pins component */ 
 148:Generated_Source\PSoC5/USBUART_1_Dp.c **** #if defined(USBUART_1_Dp_INTSTAT) 
 149:Generated_Source\PSoC5/USBUART_1_Dp.c **** 
 150:Generated_Source\PSoC5/USBUART_1_Dp.c ****     /*******************************************************************************
 151:Generated_Source\PSoC5/USBUART_1_Dp.c ****     * Function Name: USBUART_1_Dp_SetInterruptMode
 152:Generated_Source\PSoC5/USBUART_1_Dp.c ****     ****************************************************************************//**
 153:Generated_Source\PSoC5/USBUART_1_Dp.c ****     *
 154:Generated_Source\PSoC5/USBUART_1_Dp.c ****     * \brief Configures the interrupt mode for each of the Pins component's
 155:Generated_Source\PSoC5/USBUART_1_Dp.c ****     *  pins. Alternatively you may set the interrupt mode for all the pins
 156:Generated_Source\PSoC5/USBUART_1_Dp.c ****     *  specified in the Pins component.
 157:Generated_Source\PSoC5/USBUART_1_Dp.c ****     *
 158:Generated_Source\PSoC5/USBUART_1_Dp.c ****     *  <b>Note</b> The interrupt is port-wide and therefore any enabled pin
 159:Generated_Source\PSoC5/USBUART_1_Dp.c ****     *  interrupt may trigger it.
 160:Generated_Source\PSoC5/USBUART_1_Dp.c ****     *
 161:Generated_Source\PSoC5/USBUART_1_Dp.c ****     * \param position
 162:Generated_Source\PSoC5/USBUART_1_Dp.c ****     *  The pin position as listed in the Pins component. You may OR these to be 
 163:Generated_Source\PSoC5/USBUART_1_Dp.c ****     *  able to configure the interrupt mode of multiple pins within a Pins 
 164:Generated_Source\PSoC5/USBUART_1_Dp.c ****     *  component. Or you may use USBUART_1_Dp_INTR_ALL to configure the
 165:Generated_Source\PSoC5/USBUART_1_Dp.c ****     *  interrupt mode of all the pins in the Pins component.       
 166:Generated_Source\PSoC5/USBUART_1_Dp.c ****     *  - USBUART_1_Dp_0_INTR       (First pin in the list)
 167:Generated_Source\PSoC5/USBUART_1_Dp.c ****     *  - USBUART_1_Dp_1_INTR       (Second pin in the list)
 168:Generated_Source\PSoC5/USBUART_1_Dp.c ****     *  - ...
 169:Generated_Source\PSoC5/USBUART_1_Dp.c ****     *  - USBUART_1_Dp_INTR_ALL     (All pins in Pins component)
 170:Generated_Source\PSoC5/USBUART_1_Dp.c ****     *
 171:Generated_Source\PSoC5/USBUART_1_Dp.c ****     * \param mode
 172:Generated_Source\PSoC5/USBUART_1_Dp.c ****     *  Interrupt mode for the selected pins. Valid options are documented in
 173:Generated_Source\PSoC5/USBUART_1_Dp.c ****     *  \ref intrMode.
 174:Generated_Source\PSoC5/USBUART_1_Dp.c ****     *
 175:Generated_Source\PSoC5/USBUART_1_Dp.c ****     * \return 
ARM GAS  C:\Users\Luggi\AppData\Local\Temp\cctWfmbg.s 			page 25


 176:Generated_Source\PSoC5/USBUART_1_Dp.c ****     *  None
 177:Generated_Source\PSoC5/USBUART_1_Dp.c ****     *  
 178:Generated_Source\PSoC5/USBUART_1_Dp.c ****     * \sideeffect
 179:Generated_Source\PSoC5/USBUART_1_Dp.c ****     *  It is recommended that the interrupt be disabled before calling this 
 180:Generated_Source\PSoC5/USBUART_1_Dp.c ****     *  function to avoid unintended interrupt requests. Note that the interrupt
 181:Generated_Source\PSoC5/USBUART_1_Dp.c ****     *  type is port wide, and therefore will trigger for any enabled pin on the 
 182:Generated_Source\PSoC5/USBUART_1_Dp.c ****     *  port.
 183:Generated_Source\PSoC5/USBUART_1_Dp.c ****     *
 184:Generated_Source\PSoC5/USBUART_1_Dp.c ****     * \funcusage
 185:Generated_Source\PSoC5/USBUART_1_Dp.c ****     *  \snippet USBUART_1_Dp_SUT.c usage_USBUART_1_Dp_SetInterruptMode
 186:Generated_Source\PSoC5/USBUART_1_Dp.c ****     *******************************************************************************/
 187:Generated_Source\PSoC5/USBUART_1_Dp.c ****     void USBUART_1_Dp_SetInterruptMode(uint16 position, uint16 mode)
 188:Generated_Source\PSoC5/USBUART_1_Dp.c ****     {
 390              		.loc 1 188 0
 391              		.cfi_startproc
 392              		@ args = 0, pretend = 0, frame = 0
 393              		@ frame_needed = 0, uses_anonymous_args = 0
 394              		@ link register save eliminated.
 395              	.LVL5:
 189:Generated_Source\PSoC5/USBUART_1_Dp.c **** 		if((position & USBUART_1_Dp_0_INTR) != 0u) 
 396              		.loc 1 189 0
 397 0000 00F04000 		and	r0, r0, #64
 398              	.LVL6:
 399 0004 80B2     		uxth	r0, r0
 400 0006 10B1     		cbz	r0, .L13
 190:Generated_Source\PSoC5/USBUART_1_Dp.c **** 		{ 
 191:Generated_Source\PSoC5/USBUART_1_Dp.c **** 			 USBUART_1_Dp_0_INTTYPE_REG = (uint8)mode; 
 401              		.loc 1 191 0
 402 0008 C9B2     		uxtb	r1, r1
 403              	.LVL7:
 404 000a 014B     		ldr	r3, .L15
 405 000c 1970     		strb	r1, [r3]
 406              	.L13:
 407 000e 7047     		bx	lr
 408              	.L16:
 409              		.align	2
 410              	.L15:
 411 0010 7E450040 		.word	1073759614
 412              		.cfi_endproc
 413              	.LFE4:
 414              		.size	USBUART_1_Dp_SetInterruptMode, .-USBUART_1_Dp_SetInterruptMode
 415              		.section	.text.USBUART_1_Dp_ClearInterrupt,"ax",%progbits
 416              		.align	2
 417              		.global	USBUART_1_Dp_ClearInterrupt
 418              		.thumb
 419              		.thumb_func
 420              		.type	USBUART_1_Dp_ClearInterrupt, %function
 421              	USBUART_1_Dp_ClearInterrupt:
 422              	.LFB5:
 192:Generated_Source\PSoC5/USBUART_1_Dp.c **** 		}
 193:Generated_Source\PSoC5/USBUART_1_Dp.c ****     }
 194:Generated_Source\PSoC5/USBUART_1_Dp.c ****     
 195:Generated_Source\PSoC5/USBUART_1_Dp.c ****     
 196:Generated_Source\PSoC5/USBUART_1_Dp.c ****     /*******************************************************************************
 197:Generated_Source\PSoC5/USBUART_1_Dp.c ****     * Function Name: USBUART_1_Dp_ClearInterrupt
 198:Generated_Source\PSoC5/USBUART_1_Dp.c ****     ****************************************************************************//**
 199:Generated_Source\PSoC5/USBUART_1_Dp.c ****     *
ARM GAS  C:\Users\Luggi\AppData\Local\Temp\cctWfmbg.s 			page 26


 200:Generated_Source\PSoC5/USBUART_1_Dp.c ****     * \brief Clears any active interrupts attached with the component and returns 
 201:Generated_Source\PSoC5/USBUART_1_Dp.c ****     *  the value of the interrupt status register allowing determination of which
 202:Generated_Source\PSoC5/USBUART_1_Dp.c ****     *  pins generated an interrupt event.
 203:Generated_Source\PSoC5/USBUART_1_Dp.c ****     *
 204:Generated_Source\PSoC5/USBUART_1_Dp.c ****     * \return 
 205:Generated_Source\PSoC5/USBUART_1_Dp.c ****     *  The right-shifted current value of the interrupt status register. Each pin 
 206:Generated_Source\PSoC5/USBUART_1_Dp.c ****     *  has one bit set if it generated an interrupt event. For example, bit 0 is 
 207:Generated_Source\PSoC5/USBUART_1_Dp.c ****     *  for pin 0 and bit 1 is for pin 1 of the Pins component.
 208:Generated_Source\PSoC5/USBUART_1_Dp.c ****     *  
 209:Generated_Source\PSoC5/USBUART_1_Dp.c ****     * \sideeffect
 210:Generated_Source\PSoC5/USBUART_1_Dp.c ****     *  Clears all bits of the physical port's interrupt status register, not just
 211:Generated_Source\PSoC5/USBUART_1_Dp.c ****     *  those associated with the Pins component.
 212:Generated_Source\PSoC5/USBUART_1_Dp.c ****     *
 213:Generated_Source\PSoC5/USBUART_1_Dp.c ****     * \funcusage
 214:Generated_Source\PSoC5/USBUART_1_Dp.c ****     *  \snippet USBUART_1_Dp_SUT.c usage_USBUART_1_Dp_ClearInterrupt
 215:Generated_Source\PSoC5/USBUART_1_Dp.c ****     *******************************************************************************/
 216:Generated_Source\PSoC5/USBUART_1_Dp.c ****     uint8 USBUART_1_Dp_ClearInterrupt(void)
 217:Generated_Source\PSoC5/USBUART_1_Dp.c ****     {
 423              		.loc 1 217 0
 424              		.cfi_startproc
 425              		@ args = 0, pretend = 0, frame = 0
 426              		@ frame_needed = 0, uses_anonymous_args = 0
 427              		@ link register save eliminated.
 218:Generated_Source\PSoC5/USBUART_1_Dp.c ****         return (USBUART_1_Dp_INTSTAT & USBUART_1_Dp_MASK) >> USBUART_1_Dp_SHIFT;
 428              		.loc 1 218 0
 429 0000 024B     		ldr	r3, .L18
 430 0002 1878     		ldrb	r0, [r3]	@ zero_extendqisi2
 219:Generated_Source\PSoC5/USBUART_1_Dp.c ****     }
 431              		.loc 1 219 0
 432 0004 C0F38010 		ubfx	r0, r0, #6, #1
 433 0008 7047     		bx	lr
 434              	.L19:
 435 000a 00BF     		.align	2
 436              	.L18:
 437 000c 8F450040 		.word	1073759631
 438              		.cfi_endproc
 439              	.LFE5:
 440              		.size	USBUART_1_Dp_ClearInterrupt, .-USBUART_1_Dp_ClearInterrupt
 441              		.text
 442              	.Letext0:
 443              		.file 2 "Generated_Source\\PSoC5\\cytypes.h"
 444              		.section	.debug_info,"",%progbits
 445              	.Ldebug_info0:
 446 0000 70010000 		.4byte	0x170
 447 0004 0400     		.2byte	0x4
 448 0006 00000000 		.4byte	.Ldebug_abbrev0
 449 000a 04       		.byte	0x4
 450 000b 01       		.uleb128 0x1
 451 000c 56000000 		.4byte	.LASF24
 452 0010 01       		.byte	0x1
 453 0011 63020000 		.4byte	.LASF25
 454 0015 AC010000 		.4byte	.LASF26
 455 0019 00000000 		.4byte	.Ldebug_ranges0+0
 456 001d 00000000 		.4byte	0
 457 0021 00000000 		.4byte	.Ldebug_line0
 458 0025 02       		.uleb128 0x2
 459 0026 01       		.byte	0x1
ARM GAS  C:\Users\Luggi\AppData\Local\Temp\cctWfmbg.s 			page 27


 460 0027 06       		.byte	0x6
 461 0028 89020000 		.4byte	.LASF0
 462 002c 02       		.uleb128 0x2
 463 002d 01       		.byte	0x1
 464 002e 08       		.byte	0x8
 465 002f 14010000 		.4byte	.LASF1
 466 0033 02       		.uleb128 0x2
 467 0034 02       		.byte	0x2
 468 0035 05       		.byte	0x5
 469 0036 4A020000 		.4byte	.LASF2
 470 003a 02       		.uleb128 0x2
 471 003b 02       		.byte	0x2
 472 003c 07       		.byte	0x7
 473 003d 01010000 		.4byte	.LASF3
 474 0041 02       		.uleb128 0x2
 475 0042 04       		.byte	0x4
 476 0043 05       		.byte	0x5
 477 0044 5A020000 		.4byte	.LASF4
 478 0048 02       		.uleb128 0x2
 479 0049 04       		.byte	0x4
 480 004a 07       		.byte	0x7
 481 004b EF000000 		.4byte	.LASF5
 482 004f 02       		.uleb128 0x2
 483 0050 08       		.byte	0x8
 484 0051 05       		.byte	0x5
 485 0052 7B010000 		.4byte	.LASF6
 486 0056 02       		.uleb128 0x2
 487 0057 08       		.byte	0x8
 488 0058 07       		.byte	0x7
 489 0059 46010000 		.4byte	.LASF7
 490 005d 03       		.uleb128 0x3
 491 005e 04       		.byte	0x4
 492 005f 05       		.byte	0x5
 493 0060 696E7400 		.ascii	"int\000"
 494 0064 02       		.uleb128 0x2
 495 0065 04       		.byte	0x4
 496 0066 07       		.byte	0x7
 497 0067 39010000 		.4byte	.LASF8
 498 006b 04       		.uleb128 0x4
 499 006c 54020000 		.4byte	.LASF9
 500 0070 02       		.byte	0x2
 501 0071 9201     		.2byte	0x192
 502 0073 2C000000 		.4byte	0x2c
 503 0077 04       		.uleb128 0x4
 504 0078 29010000 		.4byte	.LASF10
 505 007c 02       		.byte	0x2
 506 007d 9301     		.2byte	0x193
 507 007f 3A000000 		.4byte	0x3a
 508 0083 02       		.uleb128 0x2
 509 0084 04       		.byte	0x4
 510 0085 04       		.byte	0x4
 511 0086 50000000 		.4byte	.LASF11
 512 008a 02       		.uleb128 0x2
 513 008b 08       		.byte	0x8
 514 008c 04       		.byte	0x4
 515 008d 22010000 		.4byte	.LASF12
 516 0091 02       		.uleb128 0x2
ARM GAS  C:\Users\Luggi\AppData\Local\Temp\cctWfmbg.s 			page 28


 517 0092 01       		.byte	0x1
 518 0093 08       		.byte	0x8
 519 0094 A7010000 		.4byte	.LASF13
 520 0098 04       		.uleb128 0x4
 521 0099 EA000000 		.4byte	.LASF14
 522 009d 02       		.byte	0x2
 523 009e 3C02     		.2byte	0x23c
 524 00a0 A4000000 		.4byte	0xa4
 525 00a4 05       		.uleb128 0x5
 526 00a5 6B000000 		.4byte	0x6b
 527 00a9 06       		.uleb128 0x6
 528 00aa 1A000000 		.4byte	.LASF15
 529 00ae 01       		.byte	0x1
 530 00af 39       		.byte	0x39
 531 00b0 00000000 		.4byte	.LFB0
 532 00b4 18000000 		.4byte	.LFE0-.LFB0
 533 00b8 01       		.uleb128 0x1
 534 00b9 9C       		.byte	0x9c
 535 00ba DB000000 		.4byte	0xdb
 536 00be 07       		.uleb128 0x7
 537 00bf 2D000000 		.4byte	.LASF17
 538 00c3 01       		.byte	0x1
 539 00c4 39       		.byte	0x39
 540 00c5 6B000000 		.4byte	0x6b
 541 00c9 00000000 		.4byte	.LLST0
 542 00cd 08       		.uleb128 0x8
 543 00ce 33000000 		.4byte	.LASF27
 544 00d2 01       		.byte	0x1
 545 00d3 3B       		.byte	0x3b
 546 00d4 6B000000 		.4byte	0x6b
 547 00d8 01       		.uleb128 0x1
 548 00d9 53       		.byte	0x53
 549 00da 00       		.byte	0
 550 00db 06       		.uleb128 0x6
 551 00dc 00000000 		.4byte	.LASF16
 552 00e0 01       		.byte	0x1
 553 00e1 5A       		.byte	0x5a
 554 00e2 00000000 		.4byte	.LFB1
 555 00e6 18000000 		.4byte	.LFE1-.LFB1
 556 00ea 01       		.uleb128 0x1
 557 00eb 9C       		.byte	0x9c
 558 00ec 00010000 		.4byte	0x100
 559 00f0 07       		.uleb128 0x7
 560 00f1 5D010000 		.4byte	.LASF18
 561 00f5 01       		.byte	0x1
 562 00f6 5A       		.byte	0x5a
 563 00f7 6B000000 		.4byte	0x6b
 564 00fb 21000000 		.4byte	.LLST1
 565 00ff 00       		.byte	0
 566 0100 09       		.uleb128 0x9
 567 0101 3E000000 		.4byte	.LASF19
 568 0105 01       		.byte	0x1
 569 0106 71       		.byte	0x71
 570 0107 6B000000 		.4byte	0x6b
 571 010b 00000000 		.4byte	.LFB2
 572 010f 10000000 		.4byte	.LFE2-.LFB2
 573 0113 01       		.uleb128 0x1
ARM GAS  C:\Users\Luggi\AppData\Local\Temp\cctWfmbg.s 			page 29


 574 0114 9C       		.byte	0x9c
 575 0115 09       		.uleb128 0x9
 576 0116 62010000 		.4byte	.LASF20
 577 011a 01       		.byte	0x1
 578 011b 8D       		.byte	0x8d
 579 011c 6B000000 		.4byte	0x6b
 580 0120 00000000 		.4byte	.LFB3
 581 0124 10000000 		.4byte	.LFE3-.LFB3
 582 0128 01       		.uleb128 0x1
 583 0129 9C       		.byte	0x9c
 584 012a 06       		.uleb128 0x6
 585 012b 89010000 		.4byte	.LASF21
 586 012f 01       		.byte	0x1
 587 0130 BB       		.byte	0xbb
 588 0131 00000000 		.4byte	.LFB4
 589 0135 14000000 		.4byte	.LFE4-.LFB4
 590 0139 01       		.uleb128 0x1
 591 013a 9C       		.byte	0x9c
 592 013b 5E010000 		.4byte	0x15e
 593 013f 07       		.uleb128 0x7
 594 0140 30010000 		.4byte	.LASF22
 595 0144 01       		.byte	0x1
 596 0145 BB       		.byte	0xbb
 597 0146 77000000 		.4byte	0x77
 598 014a 42000000 		.4byte	.LLST2
 599 014e 07       		.uleb128 0x7
 600 014f 5D010000 		.4byte	.LASF18
 601 0153 01       		.byte	0x1
 602 0154 BB       		.byte	0xbb
 603 0155 77000000 		.4byte	0x77
 604 0159 63000000 		.4byte	.LLST3
 605 015d 00       		.byte	0
 606 015e 09       		.uleb128 0x9
 607 015f 2E020000 		.4byte	.LASF23
 608 0163 01       		.byte	0x1
 609 0164 D8       		.byte	0xd8
 610 0165 6B000000 		.4byte	0x6b
 611 0169 00000000 		.4byte	.LFB5
 612 016d 10000000 		.4byte	.LFE5-.LFB5
 613 0171 01       		.uleb128 0x1
 614 0172 9C       		.byte	0x9c
 615 0173 00       		.byte	0
 616              		.section	.debug_abbrev,"",%progbits
 617              	.Ldebug_abbrev0:
 618 0000 01       		.uleb128 0x1
 619 0001 11       		.uleb128 0x11
 620 0002 01       		.byte	0x1
 621 0003 25       		.uleb128 0x25
 622 0004 0E       		.uleb128 0xe
 623 0005 13       		.uleb128 0x13
 624 0006 0B       		.uleb128 0xb
 625 0007 03       		.uleb128 0x3
 626 0008 0E       		.uleb128 0xe
 627 0009 1B       		.uleb128 0x1b
 628 000a 0E       		.uleb128 0xe
 629 000b 55       		.uleb128 0x55
 630 000c 17       		.uleb128 0x17
ARM GAS  C:\Users\Luggi\AppData\Local\Temp\cctWfmbg.s 			page 30


 631 000d 11       		.uleb128 0x11
 632 000e 01       		.uleb128 0x1
 633 000f 10       		.uleb128 0x10
 634 0010 17       		.uleb128 0x17
 635 0011 00       		.byte	0
 636 0012 00       		.byte	0
 637 0013 02       		.uleb128 0x2
 638 0014 24       		.uleb128 0x24
 639 0015 00       		.byte	0
 640 0016 0B       		.uleb128 0xb
 641 0017 0B       		.uleb128 0xb
 642 0018 3E       		.uleb128 0x3e
 643 0019 0B       		.uleb128 0xb
 644 001a 03       		.uleb128 0x3
 645 001b 0E       		.uleb128 0xe
 646 001c 00       		.byte	0
 647 001d 00       		.byte	0
 648 001e 03       		.uleb128 0x3
 649 001f 24       		.uleb128 0x24
 650 0020 00       		.byte	0
 651 0021 0B       		.uleb128 0xb
 652 0022 0B       		.uleb128 0xb
 653 0023 3E       		.uleb128 0x3e
 654 0024 0B       		.uleb128 0xb
 655 0025 03       		.uleb128 0x3
 656 0026 08       		.uleb128 0x8
 657 0027 00       		.byte	0
 658 0028 00       		.byte	0
 659 0029 04       		.uleb128 0x4
 660 002a 16       		.uleb128 0x16
 661 002b 00       		.byte	0
 662 002c 03       		.uleb128 0x3
 663 002d 0E       		.uleb128 0xe
 664 002e 3A       		.uleb128 0x3a
 665 002f 0B       		.uleb128 0xb
 666 0030 3B       		.uleb128 0x3b
 667 0031 05       		.uleb128 0x5
 668 0032 49       		.uleb128 0x49
 669 0033 13       		.uleb128 0x13
 670 0034 00       		.byte	0
 671 0035 00       		.byte	0
 672 0036 05       		.uleb128 0x5
 673 0037 35       		.uleb128 0x35
 674 0038 00       		.byte	0
 675 0039 49       		.uleb128 0x49
 676 003a 13       		.uleb128 0x13
 677 003b 00       		.byte	0
 678 003c 00       		.byte	0
 679 003d 06       		.uleb128 0x6
 680 003e 2E       		.uleb128 0x2e
 681 003f 01       		.byte	0x1
 682 0040 3F       		.uleb128 0x3f
 683 0041 19       		.uleb128 0x19
 684 0042 03       		.uleb128 0x3
 685 0043 0E       		.uleb128 0xe
 686 0044 3A       		.uleb128 0x3a
 687 0045 0B       		.uleb128 0xb
ARM GAS  C:\Users\Luggi\AppData\Local\Temp\cctWfmbg.s 			page 31


 688 0046 3B       		.uleb128 0x3b
 689 0047 0B       		.uleb128 0xb
 690 0048 27       		.uleb128 0x27
 691 0049 19       		.uleb128 0x19
 692 004a 11       		.uleb128 0x11
 693 004b 01       		.uleb128 0x1
 694 004c 12       		.uleb128 0x12
 695 004d 06       		.uleb128 0x6
 696 004e 40       		.uleb128 0x40
 697 004f 18       		.uleb128 0x18
 698 0050 9742     		.uleb128 0x2117
 699 0052 19       		.uleb128 0x19
 700 0053 01       		.uleb128 0x1
 701 0054 13       		.uleb128 0x13
 702 0055 00       		.byte	0
 703 0056 00       		.byte	0
 704 0057 07       		.uleb128 0x7
 705 0058 05       		.uleb128 0x5
 706 0059 00       		.byte	0
 707 005a 03       		.uleb128 0x3
 708 005b 0E       		.uleb128 0xe
 709 005c 3A       		.uleb128 0x3a
 710 005d 0B       		.uleb128 0xb
 711 005e 3B       		.uleb128 0x3b
 712 005f 0B       		.uleb128 0xb
 713 0060 49       		.uleb128 0x49
 714 0061 13       		.uleb128 0x13
 715 0062 02       		.uleb128 0x2
 716 0063 17       		.uleb128 0x17
 717 0064 00       		.byte	0
 718 0065 00       		.byte	0
 719 0066 08       		.uleb128 0x8
 720 0067 34       		.uleb128 0x34
 721 0068 00       		.byte	0
 722 0069 03       		.uleb128 0x3
 723 006a 0E       		.uleb128 0xe
 724 006b 3A       		.uleb128 0x3a
 725 006c 0B       		.uleb128 0xb
 726 006d 3B       		.uleb128 0x3b
 727 006e 0B       		.uleb128 0xb
 728 006f 49       		.uleb128 0x49
 729 0070 13       		.uleb128 0x13
 730 0071 02       		.uleb128 0x2
 731 0072 18       		.uleb128 0x18
 732 0073 00       		.byte	0
 733 0074 00       		.byte	0
 734 0075 09       		.uleb128 0x9
 735 0076 2E       		.uleb128 0x2e
 736 0077 00       		.byte	0
 737 0078 3F       		.uleb128 0x3f
 738 0079 19       		.uleb128 0x19
 739 007a 03       		.uleb128 0x3
 740 007b 0E       		.uleb128 0xe
 741 007c 3A       		.uleb128 0x3a
 742 007d 0B       		.uleb128 0xb
 743 007e 3B       		.uleb128 0x3b
 744 007f 0B       		.uleb128 0xb
ARM GAS  C:\Users\Luggi\AppData\Local\Temp\cctWfmbg.s 			page 32


 745 0080 27       		.uleb128 0x27
 746 0081 19       		.uleb128 0x19
 747 0082 49       		.uleb128 0x49
 748 0083 13       		.uleb128 0x13
 749 0084 11       		.uleb128 0x11
 750 0085 01       		.uleb128 0x1
 751 0086 12       		.uleb128 0x12
 752 0087 06       		.uleb128 0x6
 753 0088 40       		.uleb128 0x40
 754 0089 18       		.uleb128 0x18
 755 008a 9742     		.uleb128 0x2117
 756 008c 19       		.uleb128 0x19
 757 008d 00       		.byte	0
 758 008e 00       		.byte	0
 759 008f 00       		.byte	0
 760              		.section	.debug_loc,"",%progbits
 761              	.Ldebug_loc0:
 762              	.LLST0:
 763 0000 00000000 		.4byte	.LVL0
 764 0004 0A000000 		.4byte	.LVL2
 765 0008 0100     		.2byte	0x1
 766 000a 50       		.byte	0x50
 767 000b 0A000000 		.4byte	.LVL2
 768 000f 18000000 		.4byte	.LFE0
 769 0013 0400     		.2byte	0x4
 770 0015 F3       		.byte	0xf3
 771 0016 01       		.uleb128 0x1
 772 0017 50       		.byte	0x50
 773 0018 9F       		.byte	0x9f
 774 0019 00000000 		.4byte	0
 775 001d 00000000 		.4byte	0
 776              	.LLST1:
 777 0021 00000000 		.4byte	.LVL3
 778 0025 0C000000 		.4byte	.LVL4
 779 0029 0100     		.2byte	0x1
 780 002b 50       		.byte	0x50
 781 002c 0C000000 		.4byte	.LVL4
 782 0030 18000000 		.4byte	.LFE1
 783 0034 0400     		.2byte	0x4
 784 0036 F3       		.byte	0xf3
 785 0037 01       		.uleb128 0x1
 786 0038 50       		.byte	0x50
 787 0039 9F       		.byte	0x9f
 788 003a 00000000 		.4byte	0
 789 003e 00000000 		.4byte	0
 790              	.LLST2:
 791 0042 00000000 		.4byte	.LVL5
 792 0046 04000000 		.4byte	.LVL6
 793 004a 0100     		.2byte	0x1
 794 004c 50       		.byte	0x50
 795 004d 04000000 		.4byte	.LVL6
 796 0051 14000000 		.4byte	.LFE4
 797 0055 0400     		.2byte	0x4
 798 0057 F3       		.byte	0xf3
 799 0058 01       		.uleb128 0x1
 800 0059 50       		.byte	0x50
 801 005a 9F       		.byte	0x9f
ARM GAS  C:\Users\Luggi\AppData\Local\Temp\cctWfmbg.s 			page 33


 802 005b 00000000 		.4byte	0
 803 005f 00000000 		.4byte	0
 804              	.LLST3:
 805 0063 00000000 		.4byte	.LVL5
 806 0067 0A000000 		.4byte	.LVL7
 807 006b 0100     		.2byte	0x1
 808 006d 51       		.byte	0x51
 809 006e 0A000000 		.4byte	.LVL7
 810 0072 14000000 		.4byte	.LFE4
 811 0076 0400     		.2byte	0x4
 812 0078 F3       		.byte	0xf3
 813 0079 01       		.uleb128 0x1
 814 007a 51       		.byte	0x51
 815 007b 9F       		.byte	0x9f
 816 007c 00000000 		.4byte	0
 817 0080 00000000 		.4byte	0
 818              		.section	.debug_aranges,"",%progbits
 819 0000 44000000 		.4byte	0x44
 820 0004 0200     		.2byte	0x2
 821 0006 00000000 		.4byte	.Ldebug_info0
 822 000a 04       		.byte	0x4
 823 000b 00       		.byte	0
 824 000c 0000     		.2byte	0
 825 000e 0000     		.2byte	0
 826 0010 00000000 		.4byte	.LFB0
 827 0014 18000000 		.4byte	.LFE0-.LFB0
 828 0018 00000000 		.4byte	.LFB1
 829 001c 18000000 		.4byte	.LFE1-.LFB1
 830 0020 00000000 		.4byte	.LFB2
 831 0024 10000000 		.4byte	.LFE2-.LFB2
 832 0028 00000000 		.4byte	.LFB3
 833 002c 10000000 		.4byte	.LFE3-.LFB3
 834 0030 00000000 		.4byte	.LFB4
 835 0034 14000000 		.4byte	.LFE4-.LFB4
 836 0038 00000000 		.4byte	.LFB5
 837 003c 10000000 		.4byte	.LFE5-.LFB5
 838 0040 00000000 		.4byte	0
 839 0044 00000000 		.4byte	0
 840              		.section	.debug_ranges,"",%progbits
 841              	.Ldebug_ranges0:
 842 0000 00000000 		.4byte	.LFB0
 843 0004 18000000 		.4byte	.LFE0
 844 0008 00000000 		.4byte	.LFB1
 845 000c 18000000 		.4byte	.LFE1
 846 0010 00000000 		.4byte	.LFB2
 847 0014 10000000 		.4byte	.LFE2
 848 0018 00000000 		.4byte	.LFB3
 849 001c 10000000 		.4byte	.LFE3
 850 0020 00000000 		.4byte	.LFB4
 851 0024 14000000 		.4byte	.LFE4
 852 0028 00000000 		.4byte	.LFB5
 853 002c 10000000 		.4byte	.LFE5
 854 0030 00000000 		.4byte	0
 855 0034 00000000 		.4byte	0
 856              		.section	.debug_line,"",%progbits
 857              	.Ldebug_line0:
 858 0000 B9000000 		.section	.debug_str,"MS",%progbits,1
ARM GAS  C:\Users\Luggi\AppData\Local\Temp\cctWfmbg.s 			page 34


 858      02004900 
 858      00000201 
 858      FB0E0D00 
 858      01010101 
 859              	.LASF16:
 860 0000 55534255 		.ascii	"USBUART_1_Dp_SetDriveMode\000"
 860      4152545F 
 860      315F4470 
 860      5F536574 
 860      44726976 
 861              	.LASF15:
 862 001a 55534255 		.ascii	"USBUART_1_Dp_Write\000"
 862      4152545F 
 862      315F4470 
 862      5F577269 
 862      746500
 863              	.LASF17:
 864 002d 76616C75 		.ascii	"value\000"
 864      6500
 865              	.LASF27:
 866 0033 73746174 		.ascii	"staticBits\000"
 866      69634269 
 866      747300
 867              	.LASF19:
 868 003e 55534255 		.ascii	"USBUART_1_Dp_Read\000"
 868      4152545F 
 868      315F4470 
 868      5F526561 
 868      6400
 869              	.LASF11:
 870 0050 666C6F61 		.ascii	"float\000"
 870      7400
 871              	.LASF24:
 872 0056 474E5520 		.ascii	"GNU C 4.9.3 20150303 (release) [ARM/embedded-4_9-br"
 872      4320342E 
 872      392E3320 
 872      32303135 
 872      30333033 
 873 0089 616E6368 		.ascii	"anch revision 221220] -mcpu=cortex-m3 -mthumb -g -O"
 873      20726576 
 873      6973696F 
 873      6E203232 
 873      31323230 
 874 00bc 67202D66 		.ascii	"g -ffunction-sections -flto -ffat-lto-objects\000"
 874      66756E63 
 874      74696F6E 
 874      2D736563 
 874      74696F6E 
 875              	.LASF14:
 876 00ea 72656738 		.ascii	"reg8\000"
 876      00
 877              	.LASF5:
 878 00ef 6C6F6E67 		.ascii	"long unsigned int\000"
 878      20756E73 
 878      69676E65 
 878      6420696E 
 878      7400
ARM GAS  C:\Users\Luggi\AppData\Local\Temp\cctWfmbg.s 			page 35


 879              	.LASF3:
 880 0101 73686F72 		.ascii	"short unsigned int\000"
 880      7420756E 
 880      7369676E 
 880      65642069 
 880      6E7400
 881              	.LASF1:
 882 0114 756E7369 		.ascii	"unsigned char\000"
 882      676E6564 
 882      20636861 
 882      7200
 883              	.LASF12:
 884 0122 646F7562 		.ascii	"double\000"
 884      6C6500
 885              	.LASF10:
 886 0129 75696E74 		.ascii	"uint16\000"
 886      313600
 887              	.LASF22:
 888 0130 706F7369 		.ascii	"position\000"
 888      74696F6E 
 888      00
 889              	.LASF8:
 890 0139 756E7369 		.ascii	"unsigned int\000"
 890      676E6564 
 890      20696E74 
 890      00
 891              	.LASF7:
 892 0146 6C6F6E67 		.ascii	"long long unsigned int\000"
 892      206C6F6E 
 892      6720756E 
 892      7369676E 
 892      65642069 
 893              	.LASF18:
 894 015d 6D6F6465 		.ascii	"mode\000"
 894      00
 895              	.LASF20:
 896 0162 55534255 		.ascii	"USBUART_1_Dp_ReadDataReg\000"
 896      4152545F 
 896      315F4470 
 896      5F526561 
 896      64446174 
 897              	.LASF6:
 898 017b 6C6F6E67 		.ascii	"long long int\000"
 898      206C6F6E 
 898      6720696E 
 898      7400
 899              	.LASF21:
 900 0189 55534255 		.ascii	"USBUART_1_Dp_SetInterruptMode\000"
 900      4152545F 
 900      315F4470 
 900      5F536574 
 900      496E7465 
 901              	.LASF13:
 902 01a7 63686172 		.ascii	"char\000"
 902      00
 903              	.LASF26:
 904 01ac 433A5C55 		.ascii	"C:\\Users\\Luggi\\Desktop\\Aktuelles Projekt Laser_"
ARM GAS  C:\Users\Luggi\AppData\Local\Temp\cctWfmbg.s 			page 36


 904      73657273 
 904      5C4C7567 
 904      67695C44 
 904      65736B74 
 905 01db 73636875 		.ascii	"schutzschaltung\\Aktuelles Projekt Laser_schutzscha"
 905      747A7363 
 905      68616C74 
 905      756E675C 
 905      416B7475 
 906 020d 6C74756E 		.ascii	"ltung\\Laserschutzschaltung.cydsn\000"
 906      675C4C61 
 906      73657273 
 906      63687574 
 906      7A736368 
 907              	.LASF23:
 908 022e 55534255 		.ascii	"USBUART_1_Dp_ClearInterrupt\000"
 908      4152545F 
 908      315F4470 
 908      5F436C65 
 908      6172496E 
 909              	.LASF2:
 910 024a 73686F72 		.ascii	"short int\000"
 910      7420696E 
 910      7400
 911              	.LASF9:
 912 0254 75696E74 		.ascii	"uint8\000"
 912      3800
 913              	.LASF4:
 914 025a 6C6F6E67 		.ascii	"long int\000"
 914      20696E74 
 914      00
 915              	.LASF25:
 916 0263 47656E65 		.ascii	"Generated_Source\\PSoC5\\USBUART_1_Dp.c\000"
 916      72617465 
 916      645F536F 
 916      75726365 
 916      5C50536F 
 917              	.LASF0:
 918 0289 7369676E 		.ascii	"signed char\000"
 918      65642063 
 918      68617200 
 919              		.comm	__gnu_lto_v1,1,1
 920              		.ident	"GCC: (GNU Tools for ARM Embedded Processors) 4.9.3 20150303 (release) [ARM/embedded-4_9-br
