ARM GAS  C:\Users\Luggi\AppData\Local\Temp\ccBhKNkg.s 			page 1


   1              		.syntax unified
   2              		.cpu cortex-m3
   3              		.fpu softvfp
   4              		.eabi_attribute 20, 1
   5              		.eabi_attribute 21, 1
   6              		.eabi_attribute 23, 3
   7              		.eabi_attribute 24, 1
   8              		.eabi_attribute 25, 1
   9              		.eabi_attribute 26, 1
  10              		.eabi_attribute 30, 1
  11              		.eabi_attribute 34, 1
  12              		.eabi_attribute 18, 4
  13              		.thumb
  14              		.file	"USBUART_1_midi.c"
  15              		.text
  16              	.Ltext0:
  17              		.section	.gnu.lto_.profile.d237d27,"",%progbits
  18 0000 789C6366 		.ascii	"x\234cf```d\200\002\000\000=\000\005"
  18      60606064 
  18      80020000 
  18      3D0005
  19              		.text
  20              		.section	.gnu.lto_.inline.d237d27,"",%progbits
  21 0000 789C6366 		.ascii	"x\234cf\300\016\230\340,\000\000\234\000\006"
  21      C00E98E0 
  21      2C00009C 
  21      0006
  22              		.text
  23              		.section	.gnu.lto_.pureconst.d237d27,"",%progbits
  24 0000 789C6366 		.ascii	"x\234cf```d\200\002\000\000=\000\005"
  24      60606064 
  24      80020000 
  24      3D0005
  25              		.text
  26              		.section	.gnu.lto_.symbol_nodes.d237d27,"",%progbits
  27 0000 789C6366 		.ascii	"x\234cf```b\200\001\000\000L\000\006"
  27      60606062 
  27      80010000 
  27      4C0006
  28              		.text
  29              		.section	.gnu.lto_.refs.d237d27,"",%progbits
  30 0000 789C6366 		.ascii	"x\234cf```d\200\002\000\000=\000\005"
  30      60606064 
  30      80020000 
  30      3D0005
  31              		.text
  32              		.section	.gnu.lto_.decls.d237d27,"",%progbits
  33 0000 789C6366 		.ascii	"x\234cf``P\001\342\377@\000\244\030\030\2418\200\201"
  33      60605001 
  33      E2FF4000 
  33      A41818A1 
  33      388081
  34 0013 000000D0 		.ascii	"\000\000\000\3208\004v"
  34      380476
  35              		.text
  36              		.section	.gnu.lto_.symtab.d237d27,"",%progbits
  37              		.text
ARM GAS  C:\Users\Luggi\AppData\Local\Temp\ccBhKNkg.s 			page 2


  38              		.section	.gnu.lto_.opts,"",%progbits
  39 0000 272D666E 		.ascii	"'-fno-trapv' '-fno-strict-overflow' '-mcpu=cortex-m"
  39      6F2D7472 
  39      61707627 
  39      20272D66 
  39      6E6F2D73 
  40 0033 33272027 		.ascii	"3' '-mthumb' '-g' '-Og' '-ffunction-sections' '-flt"
  40      2D6D7468 
  40      756D6227 
  40      20272D67 
  40      2720272D 
  41 0066 6F272027 		.ascii	"o' '-ffat-lto-objects'\000"
  41      2D666661 
  41      742D6C74 
  41      6F2D6F62 
  41      6A656374 
  42              		.text
  43              		.cfi_sections	.debug_frame
  44              	.Letext0:
  45              		.section	.debug_info,"",%progbits
  46              	.Ldebug_info0:
  47 0000 7C000000 		.4byte	0x7c
  48 0004 0400     		.2byte	0x4
  49 0006 00000000 		.4byte	.Ldebug_abbrev0
  50 000a 04       		.byte	0x4
  51 000b 01       		.uleb128 0x1
  52 000c 49010000 		.4byte	.LASF13
  53 0010 01       		.byte	0x1
  54 0011 0E000000 		.4byte	.LASF14
  55 0015 43000000 		.4byte	.LASF15
  56 0019 00000000 		.4byte	.Ldebug_line0
  57 001d 02       		.uleb128 0x2
  58 001e 01       		.byte	0x1
  59 001f 06       		.byte	0x6
  60 0020 24010000 		.4byte	.LASF0
  61 0024 02       		.uleb128 0x2
  62 0025 01       		.byte	0x1
  63 0026 08       		.byte	0x8
  64 0027 EE000000 		.4byte	.LASF1
  65 002b 02       		.uleb128 0x2
  66 002c 02       		.byte	0x2
  67 002d 05       		.byte	0x5
  68 002e 36010000 		.4byte	.LASF2
  69 0032 02       		.uleb128 0x2
  70 0033 02       		.byte	0x2
  71 0034 07       		.byte	0x7
  72 0035 11010000 		.4byte	.LASF3
  73 0039 02       		.uleb128 0x2
  74 003a 04       		.byte	0x4
  75 003b 05       		.byte	0x5
  76 003c 01010000 		.4byte	.LASF4
  77 0040 02       		.uleb128 0x2
  78 0041 04       		.byte	0x4
  79 0042 07       		.byte	0x7
  80 0043 C5000000 		.4byte	.LASF5
  81 0047 02       		.uleb128 0x2
  82 0048 08       		.byte	0x8
ARM GAS  C:\Users\Luggi\AppData\Local\Temp\ccBhKNkg.s 			page 3


  83 0049 05       		.byte	0x5
  84 004a 00000000 		.4byte	.LASF6
  85 004e 02       		.uleb128 0x2
  86 004f 08       		.byte	0x8
  87 0050 07       		.byte	0x7
  88 0051 D7000000 		.4byte	.LASF7
  89 0055 03       		.uleb128 0x3
  90 0056 04       		.byte	0x4
  91 0057 05       		.byte	0x5
  92 0058 696E7400 		.ascii	"int\000"
  93 005c 02       		.uleb128 0x2
  94 005d 04       		.byte	0x4
  95 005e 07       		.byte	0x7
  96 005f 36000000 		.4byte	.LASF8
  97 0063 02       		.uleb128 0x2
  98 0064 04       		.byte	0x4
  99 0065 04       		.byte	0x4
 100 0066 30010000 		.4byte	.LASF9
 101 006a 02       		.uleb128 0x2
 102 006b 08       		.byte	0x8
 103 006c 04       		.byte	0x4
 104 006d 0A010000 		.4byte	.LASF10
 105 0071 02       		.uleb128 0x2
 106 0072 01       		.byte	0x1
 107 0073 08       		.byte	0x8
 108 0074 FC000000 		.4byte	.LASF11
 109 0078 02       		.uleb128 0x2
 110 0079 04       		.byte	0x4
 111 007a 07       		.byte	0x7
 112 007b 40010000 		.4byte	.LASF12
 113 007f 00       		.byte	0
 114              		.section	.debug_abbrev,"",%progbits
 115              	.Ldebug_abbrev0:
 116 0000 01       		.uleb128 0x1
 117 0001 11       		.uleb128 0x11
 118 0002 01       		.byte	0x1
 119 0003 25       		.uleb128 0x25
 120 0004 0E       		.uleb128 0xe
 121 0005 13       		.uleb128 0x13
 122 0006 0B       		.uleb128 0xb
 123 0007 03       		.uleb128 0x3
 124 0008 0E       		.uleb128 0xe
 125 0009 1B       		.uleb128 0x1b
 126 000a 0E       		.uleb128 0xe
 127 000b 10       		.uleb128 0x10
 128 000c 17       		.uleb128 0x17
 129 000d 00       		.byte	0
 130 000e 00       		.byte	0
 131 000f 02       		.uleb128 0x2
 132 0010 24       		.uleb128 0x24
 133 0011 00       		.byte	0
 134 0012 0B       		.uleb128 0xb
 135 0013 0B       		.uleb128 0xb
 136 0014 3E       		.uleb128 0x3e
 137 0015 0B       		.uleb128 0xb
 138 0016 03       		.uleb128 0x3
 139 0017 0E       		.uleb128 0xe
ARM GAS  C:\Users\Luggi\AppData\Local\Temp\ccBhKNkg.s 			page 4


 140 0018 00       		.byte	0
 141 0019 00       		.byte	0
 142 001a 03       		.uleb128 0x3
 143 001b 24       		.uleb128 0x24
 144 001c 00       		.byte	0
 145 001d 0B       		.uleb128 0xb
 146 001e 0B       		.uleb128 0xb
 147 001f 3E       		.uleb128 0x3e
 148 0020 0B       		.uleb128 0xb
 149 0021 03       		.uleb128 0x3
 150 0022 08       		.uleb128 0x8
 151 0023 00       		.byte	0
 152 0024 00       		.byte	0
 153 0025 00       		.byte	0
 154              		.section	.debug_aranges,"",%progbits
 155 0000 14000000 		.4byte	0x14
 156 0004 0200     		.2byte	0x2
 157 0006 00000000 		.4byte	.Ldebug_info0
 158 000a 04       		.byte	0x4
 159 000b 00       		.byte	0
 160 000c 0000     		.2byte	0
 161 000e 0000     		.2byte	0
 162 0010 00000000 		.4byte	0
 163 0014 00000000 		.4byte	0
 164              		.section	.debug_line,"",%progbits
 165              	.Ldebug_line0:
 166 0000 19000000 		.section	.debug_str,"MS",%progbits,1
 166      02001300 
 166      00000201 
 166      FB0E0D00 
 166      01010101 
 167              	.LASF6:
 168 0000 6C6F6E67 		.ascii	"long long int\000"
 168      206C6F6E 
 168      6720696E 
 168      7400
 169              	.LASF14:
 170 000e 47656E65 		.ascii	"Generated_Source\\PSoC5\\USBUART_1_midi.c\000"
 170      72617465 
 170      645F536F 
 170      75726365 
 170      5C50536F 
 171              	.LASF8:
 172 0036 756E7369 		.ascii	"unsigned int\000"
 172      676E6564 
 172      20696E74 
 172      00
 173              	.LASF15:
 174 0043 433A5C55 		.ascii	"C:\\Users\\Luggi\\Desktop\\Aktuelles Projekt Laser_"
 174      73657273 
 174      5C4C7567 
 174      67695C44 
 174      65736B74 
 175 0072 73636875 		.ascii	"schutzschaltung\\Aktuelles Projekt Laser_schutzscha"
 175      747A7363 
 175      68616C74 
 175      756E675C 
ARM GAS  C:\Users\Luggi\AppData\Local\Temp\ccBhKNkg.s 			page 5


 175      416B7475 
 176 00a4 6C74756E 		.ascii	"ltung\\Laserschutzschaltung.cydsn\000"
 176      675C4C61 
 176      73657273 
 176      63687574 
 176      7A736368 
 177              	.LASF5:
 178 00c5 6C6F6E67 		.ascii	"long unsigned int\000"
 178      20756E73 
 178      69676E65 
 178      6420696E 
 178      7400
 179              	.LASF7:
 180 00d7 6C6F6E67 		.ascii	"long long unsigned int\000"
 180      206C6F6E 
 180      6720756E 
 180      7369676E 
 180      65642069 
 181              	.LASF1:
 182 00ee 756E7369 		.ascii	"unsigned char\000"
 182      676E6564 
 182      20636861 
 182      7200
 183              	.LASF11:
 184 00fc 63686172 		.ascii	"char\000"
 184      00
 185              	.LASF4:
 186 0101 6C6F6E67 		.ascii	"long int\000"
 186      20696E74 
 186      00
 187              	.LASF10:
 188 010a 646F7562 		.ascii	"double\000"
 188      6C6500
 189              	.LASF3:
 190 0111 73686F72 		.ascii	"short unsigned int\000"
 190      7420756E 
 190      7369676E 
 190      65642069 
 190      6E7400
 191              	.LASF0:
 192 0124 7369676E 		.ascii	"signed char\000"
 192      65642063 
 192      68617200 
 193              	.LASF9:
 194 0130 666C6F61 		.ascii	"float\000"
 194      7400
 195              	.LASF2:
 196 0136 73686F72 		.ascii	"short int\000"
 196      7420696E 
 196      7400
 197              	.LASF12:
 198 0140 73697A65 		.ascii	"sizetype\000"
 198      74797065 
 198      00
 199              	.LASF13:
 200 0149 474E5520 		.ascii	"GNU C 4.9.3 20150303 (release) [ARM/embedded-4_9-br"
 200      4320342E 
ARM GAS  C:\Users\Luggi\AppData\Local\Temp\ccBhKNkg.s 			page 6


 200      392E3320 
 200      32303135 
 200      30333033 
 201 017c 616E6368 		.ascii	"anch revision 221220] -mcpu=cortex-m3 -mthumb -g -O"
 201      20726576 
 201      6973696F 
 201      6E203232 
 201      31323230 
 202 01af 67202D66 		.ascii	"g -ffunction-sections -flto -ffat-lto-objects\000"
 202      66756E63 
 202      74696F6E 
 202      2D736563 
 202      74696F6E 
 203              		.comm	__gnu_lto_v1,1,1
 204              		.ident	"GCC: (GNU Tools for ARM Embedded Processors) 4.9.3 20150303 (release) [ARM/embedded-4_9-br
