ARM GAS  C:\Users\Luggi\AppData\Local\Temp\ccohrLi8.s 			page 1


   1              		.syntax unified
   2              		.cpu cortex-m3
   3              		.fpu softvfp
   4              		.eabi_attribute 20, 1
   5              		.eabi_attribute 21, 1
   6              		.eabi_attribute 23, 3
   7              		.eabi_attribute 24, 1
   8              		.eabi_attribute 25, 1
   9              		.eabi_attribute 26, 1
  10              		.eabi_attribute 30, 1
  11              		.eabi_attribute 34, 1
  12              		.eabi_attribute 18, 4
  13              		.thumb
  14              		.file	"VDAC8_1_PM.c"
  15              		.text
  16              	.Ltext0:
  17              		.section	.gnu.lto_.profile.53c7c935,"",%progbits
  18 0000 789C6366 		.ascii	"x\234cf```a\200\000F\206X\035\000\001Z\000\222"
  18      60606061 
  18      80004686 
  18      581D0001 
  18      5A0092
  19              		.text
  20              		.section	.gnu.lto_.inline.53c7c935,"",%progbits
  21 0000 789C6366 		.ascii	"x\234cf\300\016\262\2404\013\003\003';#\003\023\317"
  21      C00EB2A0 
  21      340B0303 
  21      273B2303 
  21      13CF
  22 0012 894006B6 		.ascii	"\211@\006\266\005\362L 1&\006Qn\240\220\312\207^F\270"
  22      05F24C20 
  22      31260651 
  22      6EA090CA 
  22      875E46B8 
  23 0026 183303B7 		.ascii	"\0303\003\2674H\331\004?\270\020#\027\214`a\340\026"
  23      3448D904 
  23      3FB81023 
  23      178C6061 
  23      E016
  24 0038 064A72FC 		.ascii	"\006Jr\3743D\230\301\015\224\233\340\207P\303\000\000"
  24      334498C1 
  24      0D949BE0 
  24      8750C300 
  24      00
  25 0049 6A730A17 		.ascii	"js\012\027"
  26              		.text
  27              		.section	.gnu.lto_.jmpfuncs.53c7c935,"",%progbits
  28 0000 789C6366 		.ascii	"x\234cf\300\016D\2414\013\0203100C\331\214`A\000\003"
  28      C00E44A1 
  28      340B1033 
  28      31303043 
  28      D98C6041 
  29 0016 FF0027   		.ascii	"\377\000'"
  30              		.text
  31              		.section	.gnu.lto_.pureconst.53c7c935,"",%progbits
  32 0000 789C6366 		.ascii	"x\234cf``\340d\200\000\026\006)&)f)\026)\000\002\321"
  32      6060E064 
ARM GAS  C:\Users\Luggi\AppData\Local\Temp\ccohrLi8.s 			page 2


  32      80001606 
  32      29262966 
  32      29162900 
  33 0016 0082     		.ascii	"\000\202"
  34              		.text
  35              		.section	.gnu.lto_VDAC8_1_SaveConfig.53c7c935,"",%progbits
  36 0000 789C6591 		.ascii	"x\234e\221MHTQ\024\307\317\377\334\373\306\251\031\""
  36      4D485451 
  36      14C7CFFF 
  36      DCFBC6A9 
  36      1922
  37 0012 5ABA8816 		.ascii	"Z\272\210\026\225+\033\"\202\266a\320J\030\020Z\011"
  37      952B1B22 
  37      82B661D0 
  37      4A18105A 
  37      09
  38 0023 43D96C13 		.ascii	"C\331l\023\244\226\342}\315CB\372\220h\021\244\2564"
  38      A496E27D 
  38      CD4342FA 
  38      906811A4 
  38      AE34
  39 0035 ADD11953 		.ascii	"\255\321\031SH\242\202W\264i\221\221)\306,\022i\"\333"
  39      48A28257 
  39      B4699191 
  39      29C62C12 
  39      6922DB
  40 0048 3515D543 		.ascii	"5\025\325C\324\316y\317>\300\007\357~\234\363\273\377"
  40      D4CE79CF 
  40      3EC007EF 
  40      7E9CF3BB 
  40      FF
  41 0059 F3BFE71A 		.ascii	"\363\277\347\032\332\371\035\223\377\023\210\016\313"
  41      DAF91D93 
  41      FF13880E 
  41      CB
  42 0066 0C8FC083 		.ascii	"\014\217\300\203\363D~\232\331,\346\310\355\266O\366"
  42      F3447E9A 
  42      D92CE6C8 
  42      EDB64FF6 
  43 0076 93CB1AD8 		.ascii	"\223\313\032\330$l\001]\020\250\217\215E\037>s\2031"
  43      246C015D 
  43      10A88F8D 
  43      451F3E73 
  43      8331
  44 0088 18966F67 		.ascii	"\030\226ogZ\306\234s_\026^\372\371\020\021\023}\343"
  44      5AC69C73 
  44      5F165EFA 
  44      F9101113 
  44      7DE3
  45 009a A400C6D1 		.ascii	"\244\000\306\321B\0025\202\215\345L*\020ho\222\303\004"
  45      42023582 
  45      8DE54C2A 
  45      10686F92 
  45      C304
  46 00ac 525298AA 		.ascii	"RR\230\252\373B\267\2655;\376\354!\232\014E\014\253"
  46      FB42B7B5 
  46      353BFEEC 
ARM GAS  C:\Users\Luggi\AppData\Local\Temp\ccohrLi8.s 			page 3


  46      219A0C45 
  46      0CAB
  47 00be 83A70351 		.ascii	"\203\247\003Q]H\255\370\221YgS\303\363\037\003\233/"
  47      5D48ADF8 
  47      91596753 
  47      C3F31F03 
  47      9B2F
  48 00d0 8C1EFEC9 		.ascii	"\214\036\376\311Ft\203\376\205[v\215#\346\251i\337Y"
  48      467483FE 
  48      855B768D 
  48      23E6A969 
  48      DF59
  49 00e2 2DB5527F 		.ascii	"-\265R\177\375&\035\207H\267\313cC\215\3540\356\370"
  49      FD261D87 
  49      48B7CB63 
  49      438DEC30 
  49      EEF8
  50 00f4 811833B8 		.ascii	"\201\0303\270\207f\334G\263\030(c\030TC\351W\377\037"
  50      8766DC47 
  50      B3182863 
  50      185443E9 
  50      57FF1F
  51 0107 419B683E 		.ascii	"A\233h>\252|\177\225Q\001\034 L\012\273\204\340]\351"
  51      AA7C7F95 
  51      51011C20 
  51      4C0ABB84 
  51      E05DE9
  52 011a DC362380 		.ascii	"\3346#\200\177\367\361\325\246\030\020\231)\025#\365"
  52      7FF7F1D5 
  52      A6181099 
  52      291523F5 
  53 012a 68683197 		.ascii	"hh1\227X\234_\332\225\320\236\320\327\326j\037\262\261"
  53      589C5FDA 
  53      95D09ED0 
  53      D7D66A1F 
  53      B2B1
  54 013c 9FD2DCB6 		.ascii	"\237\322\334\266\305\247\243\325\201=\377<U\376z\252"
  54      C5A7A3D5 
  54      813DFF3C 
  54      55FE7AAA 
  55 014c 269E2EDF 		.ascii	"&\236.\337\\=\244\002\202\216\274\275^\341\336uw\305"
  55      5C3DA402 
  55      828EBCBD 
  55      5EE1DE75 
  55      77C5
  56 015e A523B61B 		.ascii	"\245#\266\033\332\272\377\357h\343\355\204\037\014A"
  56      DABAFFEF 
  56      68E3ED84 
  56      1F0C41
  57 016d F59C521E 		.ascii	"\365\234R\036\246\321\213\007*(\271\315\311\0333\251"
  57      A6D18B07 
  57      2A28B9CD 
  57      C91B33A9 
  58 017d D6B2743E 		.ascii	"\326\262t>\314E\234\302\214\200_\343\327\301,Z\305b"
  58      CC459CC2 
  58      8C805FE3 
  58      D7C12C5A 
ARM GAS  C:\Users\Luggi\AppData\Local\Temp\ccohrLi8.s 			page 4


  58      C562
  59 018f ECDDC6FD 		.ascii	"\354\335\306\375}\017?\234\363\264\262\346\353r?\211"
  59      7D0F3F9C 
  59      F3B4B2E6 
  59      EB723F89 
  60 019f 0A7BF074 		.ascii	"\012{\360t\361B\261\347\354\305\342\371BG\367\245\236"
  60      F142B1E7 
  60      ECC5E2F9 
  60      4247F7A5 
  60      9E
  61 01b0 AE6267BE 		.ascii	"\256bg\276\243\273\355x\347\231S'\333N\024\216\026\362"
  61      A3BBED78 
  61      E7995327 
  61      DB4E148E 
  61      16F2
  62 01c2 ED47BAE8 		.ascii	"\355G\272\3507\027\033\274\025"
  62      37171BBC 
  62      15
  63              		.text
  64              		.section	.gnu.lto_VDAC8_1_RestoreConfig.53c7c935,"",%progbits
  65 0000 789C8D93 		.ascii	"x\234\215\223MHTQ\024\307\317\271\357\275;\243\363p"
  65      4D485451 
  65      14C7CFB9 
  65      EFBD3BA3 
  65      F370
  66 0012 4A68234C 		.ascii	"Jh#L\264\210\\\204I\213 \332\205Q\233\202\001\241\225"
  66      B4885C84 
  66      498B20DA 
  66      85519B82 
  66      01A195
  67 0025 2065B355 		.ascii	" e\263U\220\2026\342{\315 %}Hd\014\244\206\240e9\316"
  67      908236E2 
  67      7BCD2025 
  67      7D48640C 
  67      A486A065 
  68 003b A8A593F9 		.ascii	"\250\245\223\371\321$V\213>\244\322\254Y\324\242)l\327"
  68      D124568B 
  68      3EA4D2AC 
  68      59D4A229 
  68      6CD7
  69 004d A8688399 		.ascii	"\250h\203\231\335s\357\033\025\253\241\007s\356{\367"
  69      DD73EF1B 
  69      15ABA107 
  69      73EE7BF7 
  70 005d FEDFFFFC 		.ascii	"\376\337\377\374\336\377\336\321\340\317\353\250\370"
  70      DEFFDED1 
  70      E0CFEBA8 
  70      F8
  71 006a 6DD30176 		.ascii	"m\323\001v\211\021]\200\254\351\025\200\355fL\233*\005"
  71      89115D80 
  71      ACE91580 
  71      ED664C9B 
  71      2A05
  72 007c 2B9F8F6C 		.ascii	"+\237\217l\007\313\324\230Nc\276As\246\216\\\211\214"
  72      07CBD498 
  72      4E63BE41 
  72      73A68E5C 
ARM GAS  C:\Users\Luggi\AppData\Local\Temp\ccohrLi8.s 			page 5


  72      898C
  73 008e EC0D47A4 		.ascii	"\354\015G\244\033@\250g\232np\254\307o,\315\260)\321"
  73      1B40A867 
  73      9A6E70AC 
  73      C76F2CCD 
  73      B029D1
  74 00a1 1DF61477 		.ascii	"\035\366\024wZ\226\365}|\322\366'0\303\000\346\231\352"
  74      5A96F57D 
  74      7CD2F627 
  74      30C300E6 
  74      99EA
  75 00b3 8CB7B118 		.ascii	"\214\267\261\030\204(\035Z\231\361\360\220\020mQk\330"
  75      84281D5A 
  75      99F1F090 
  75      106D516B 
  75      D8
  76 00c4 851CC518 		.ascii	"\205\034\305\030+LX\253\253\363c\217\007\371V\0152\014"
  76      2B4C58AB 
  76      ABF3638F 
  76      07F9560D 
  76      320C
  77 00d6 752A0615 		.ascii	"u*\006\025N\305E%\217\212\207\212I\245\200\212\227\012"
  77      4EC54525 
  77      8F8A878A 
  77      49A5808A 
  77      970A
  78 00e8 404A9811 		.ascii	"@J\230\021\326\027\306h\324\2228\276\330\270\370L#\377"
  78      D617C668 
  78      D49238BE 
  78      D8B8F84C 
  78      23FF
  79 00fa 25A689D6 		.ascii	"%\246\211\326\241\2067\327\364Y\226a\254\247\327\266"
  79      A18637D7 
  79      F4599661 
  79      ACA7D7B6 
  80 010a 74A2F994 		.ascii	"t\242\371\224\232|\355\226S@\2173\235-i\263\025o\330"
  80      9A7CED96 
  80      53408F33 
  80      9D2D69B3 
  80      156FD8
  81 011d 21C1AEE1 		.ascii	"!\301\256\341\035,\302\273X$\030\273\261\025!\211\301"
  81      1D2CC2BB 
  81      582418BB 
  81      B1152189 
  81      C1
  82 012e 1F0D138E 		.ascii	"\037\015\023\216a\201\362\034\212.\274\364\220\001\356"
  82      6181F21C 
  82      8A2EBCF4 
  82      9001EE
  83 013d 008C08ED 		.ascii	"\000\214\010\3554\206\336\007O:\032!\260o\015_tI\201"
  83      3486DE07 
  83      4F3A1A21 
  83      B06F0D5F 
  83      744981
  84 0150 B0E92133 		.ascii	"\260\351!3 F\015\246J\025\342\323\360\001\2456\204z"
  84      20460DA6 
  84      4A15E2D3 
ARM GAS  C:\Users\Luggi\AppData\Local\Temp\ccohrLi8.s 			page 6


  84      F001A536 
  84      847A
  85 0162 35BAFC33 		.ascii	"5\272\3743_\362\334\034p\020\233\333\342\255\270\316"
  85      5FF2DC1C 
  85      70109BDB 
  85      E2ADB8CE 
  86 0172 145D638A 		.ascii	"\024]c\212\2551\245\034&]\231t4_\217\030\262\245\033"
  86      AD31A51C 
  86      265D9974 
  86      345F8F18 
  86      B2A51B
  87 0185 B057317D 		.ascii	"\260W1}\010V;\232\015\020:</T\020\357\302g\3252\317"
  87      08563B9A 
  87      0D103A3C 
  87      2F5410EF 
  87      C267D532 
  88 019a D5B12FDB 		.ascii	"\325\261/\333\221+\261K\351cs\221\011N\375\264%\004"
  88      912BB14B 
  88      E9637391 
  88      094EFDB4 
  88      2504
  89 01ac EC1752E1 		.ascii	"\354\027R\341y\025I\223\313\355\236\230\025\036B|n0"
  89      79154993 
  89      CBED9E98 
  89      151E427C 
  89      6E30
  90 01be FDA4DDA3 		.ascii	"\375\244\335\243<\363\304+mo/GY\335\262u\336rg\230\276"
  90      3CF3C42B 
  90      6D6F2F47 
  90      59DDB275 
  90      DE726798 
  91 01d3 42A764E3 		.ascii	"B\247d\343^\351\362\261\313\016\265H_\213T\006\336\307"
  91      5EE9F2B1 
  91      CB0EB548 
  91      5F8B5406 
  91      DEC7
  92 01e5 3A1C2063 		.ascii	":\034 c\261\366+r\245\237\227\354\3160\216\203B3'\317"
  92      B1F62B72 
  92      A59F97EC 
  92      CE308E83 
  92      423327CF 
  93 01f9 20C6B144 		.ascii	" \306\261D\222\265\373\034\264K\263\311\317\246L;\030"
  93      92B5FB1C 
  93      B44BB3C9 
  93      CFA64C3B 
  93      18
  94 020a 77D21EED 		.ascii	"w\322\036\355\2105\026HZ;\341#\336\007k\274C\2227\017"
  94      88351648 
  94      5A3BE123 
  94      DE076BBC 
  94      4392370F 
  95 021e 64605FB3 		.ascii	"d`_\263\201yr}\342C'\260\005'0S\350\345\216\374W@\303"
  95      8179727D 
  95      E24327B0 
  95      05273053 
  95      E8E58EFC 
  96 0235 B2A129B7 		.ascii	"\262\241)\267\312\200\013>\215\222\352{\221M\312\373"
ARM GAS  C:\Users\Luggi\AppData\Local\Temp\ccohrLi8.s 			page 7


  96      CA800B3E 
  96      8D92EA7B 
  96      914DCAFB 
  97 0245 CFA43647 		.ascii	"\317\2446G3\362\367hF\327\243\031\333\034M\216\034\036"
  97      33F2F768 
  97      46D7A319 
  97      DB1C4D8E 
  97      1C1E
  98 0257 492CAFC4 		.ascii	"I,\257\304\342\362\257\366\021\355D\3740\275If)q\324"
  98      E2F2AFF6 
  98      11ED44FC 
  98      30BD4966 
  98      2971D4
  99 026a C5AC30DE 		.ascii	"\305\2540\336y$P\035\250=q:p\252\262\274\346LmU\240"
  99      7924501D 
  99      A83D713A 
  99      70AAB2BC 
  99      E64C6D55 
 100 027f C25F5E53 		.ascii	"\302_^S\266\257\342\370\241\203e\373+\367V\372\217\355"
 100      B6AFE2F8 
 100      A18365FB 
 100      2BF756FA 
 100      8FED
 101 0291 A982DF79 		.ascii	"\251\202\337y\020sX"
 101      107358
 102              		.text
 103              		.section	.gnu.lto_VDAC8_1_Sleep.53c7c935,"",%progbits
 104 0000 789C8592 		.ascii	"x\234\205\222MHTQ\030\206\277\367\273?s\315\242h%.f"
 104      4D485451 
 104      1886BFF7 
 104      BB3F73CD 
 104      A268252E 
 105 0015 15B9B2A1 		.ascii	"\025\271\262\241E\324\246E\030\270\012\004\241\2250"
 105      45D4A645 
 105      18B80A04 
 105      A19530
 106 0024 84CD3641 		.ascii	"\204\3156Aj9y\256s\373!\242\214(\242\264U\332\324Lj"
 106      6A3979AE 
 106      73FB21A2 
 106      8C28A2B4 
 106      55DAD44C 
 107 0039 4E65E040 		.ascii	"Ne\340@\2676\355\012\311\212,\252\305\030\266\020F\015"
 107      B736ED0A 
 107      C98A2CAA 
 107      C518B610 
 107      460D
 108 004b EB12367D 		.ascii	"\353\0226}\347\334\351\007\243\272p\357\371{\356\373"
 108      E7DCE907 
 108      A3BA70EF 
 108      F97BEEFB 
 109 005b BEE73BC7 		.ascii	"\276\347;\307\242?\237\335\362\3663\321Vi\341\022x\340"
 109      A23F9FDD 
 109      F2F633D1 
 109      5669E112 
 109      78E0
 110 006d 0991EF31 		.ascii	"\011\221\3571[\345$\251u\366L\212\324z\013N<m\377\350"
 110      5BE524A9 
ARM GAS  C:\Users\Luggi\AppData\Local\Temp\ccohrLi8.s 			page 8


 110      75F64C8A 
 110      D47A0B4E 
 110      3C6DFFE8 
 111 0081 3880EE10 		.ascii	"8\200\356\020\250\217-\333A\037>\362\"c ,\\jl\031VJ"
 111      A88F2DDB 
 111      411F3EF2 
 111      2263202C 
 111      5C6A6C19 
 112 0097 5597269B 		.ascii	"U\227&\233\2165E\242\274\314\261\023\256\243\205\204"
 112      8E3545A2 
 112      BCCCB113 
 112      AEA38584 
 113 00a7 590C565F 		.ascii	"Y\014V_6\272\2010\233\3425\344\341B\332\261\315\241"
 113      36BA8130 
 113      9BE235E4 
 113      E142DAB1 
 113      CDA1
 114 00b9 AAD54A95 		.ascii	"\252\325J\225s\363;\321\300\0241l\375!\252\010\245\335"
 114      73F33BD1 
 114      C014316C 
 114      FD21AA08 
 114      A5DD
 115 00cb E698756B 		.ascii	"\346\230uk\315\342\321\312\251\027\203G\365\217\237"
 115      CDE2D1CA 
 115      A9178347 
 115      F58F9F
 116 00da D916CDF3 		.ascii	"\331\026\315\363\257K5k\236#\346\374\011_\331\332\346"
 116      AF4B356B 
 116      9E23E6FC 
 116      095FD9DA 
 116      E6
 117 00eb 5DE5E9B4 		.ascii	"]\345\351\264g\246H\017\027\206W\336o\030\302\025?@"
 117      67A6480F 
 117      178657DE 
 117      6F18C215 
 117      3F40
 118 00fd C4166EA0 		.ascii	"\304\026n\240\0317\321,\346\005\014\201f\221\373r\374"
 118      1937D12C 
 118      E6050C81 
 118      6691FB72 
 118      FC
 119 010e 93130B72 		.ascii	"\223\023\013r\254y\355\302\305\242\243\005\340\021\212"
 119      AC79EDC2 
 119      C5A2A305 
 119      E0118A
 120 011d C23E47F0 		.ascii	"\302>G\360*\227\2543\002\370#S\247\023\006\020\231["
 120      2A97AC33 
 120      02F82353 
 120      A7130610 
 120      995B
 121 012f 5A8C7446 		.ascii	"Z\214tF\213\312I\211\330_\255~x\330\240iA\257>;3\312"
 121      8BCA4989 
 121      D85FAD7E 
 121      78D8A069 
 121      41AF3E3B 
 122 0145 D9AFEAA4 		.ascii	"\331\257\352\244\362\"\266W\365\256\177\217h\233a\336"
 122      F222B657 
ARM GAS  C:\Users\Luggi\AppData\Local\Temp\ccohrLi8.s 			page 9


 122      F5AE7F8F 
 122      689B61DE 
 123 0155 0F06A123 		.ascii	"\017\006\241#*M9\030E\026cZV\326\276\025\317N\270\255"
 123      2A4D3918 
 123      4516635A 
 123      56D6BE15 
 123      CF4EB8AD 
 124 0169 05295A98 		.ascii	"\005)Z\230\212\330\305\270\200K\246\260\270\215V\001"
 124      8AD8C5B8 
 124      804BA6B0 
 124      B88D5601 
 125 0179 A62F8FE4 		.ascii	"\246/\217\3446j-)%&L\2309\321\235I\231(\343\013\377"
 125      366A2D29 
 125      25264C98 
 125      39D19D49 
 125      9928E30B 
 126 018e 89B2D6BB 		.ascii	"\211\262\326\273\364\017\357;\277\274\357\032\357\237"
 126      F40FEF3B 
 126      BFBCEF1A 
 126      EF9F
 127 019c FB7065EA 		.ascii	"\373pe\352^\335\3331G\365\006\271p\3521koZk\236X6\225"
 127      5EDDDB31 
 127      47F506B9 
 127      70EA316B 
 127      6F5A6B9E 
 128 01b3 9B44568E 		.ascii	"\233DV\216\331#\215\226\023\177#\305\017\367\353\344"
 128      D9238D96 
 128      137F23C5 
 128      0FF7EBE4 
 129 01c3 5BF8E183 		.ascii	"[\370\341\203vC\222\276\035\320V\002li\317\034\312\364"
 129      764392BE 
 129      1DD05602 
 129      6C69CF1C 
 129      CAF4
 130 01d5 1E389C39 		.ascii	"\0368\2349\230\356\3549\322\333\235\351\352\350\354"
 130      98EEEC39 
 130      D2DB9DE9 
 130      EAE8EC
 131 01e4 69DBD1B5 		.ascii	"i\333\321\265\177\357\236\266]\351\355\351\216}\333"
 131      7FEF9EB6 
 131      5DE9EDE9 
 131      8E7DDB
 132 01f3 BAE93B73 		.ascii	"\272\351;s>\364x"
 132      3EF478
 133              		.text
 134              		.section	.gnu.lto_VDAC8_1_Wakeup.53c7c935,"",%progbits
 135 0000 789C7551 		.ascii	"x\234uQOH\024Q\030\377~\337\274\035G]2:\211\007O\222"
 135      4F481451 
 135      18FF7EDF 
 135      BC1D475D 
 135      323A8907 
 136 0016 58184808 		.ascii	"X\030H\010\235\0021\010\204@\020:\011\213\330^\025D"
 136      9D023108 
 136      8440103A 
 136      098BD85E 
 136      1544
 137 0028 8F8B6FDC 		.ascii	"\217\213o\334\011D0\245S`\333\251H\363\317\346\006y"
ARM GAS  C:\Users\Luggi\AppData\Local\Temp\ccohrLi8.s 			page 10


 137      094430A5 
 137      5360DBA9 
 137      48F3CFE6 
 137      0679
 138 003a 12160F1B 		.ascii	"\022\026\017\033,Q,\021\211\210\201\032l\267t\301\030"
 138      2C512C11 
 138      8988811A 
 138      6CB774C1 
 138      18
 139 004b C4ECFB66 		.ascii	"\304\354\373f\2410s`\346\315|\357\367w\236C\347\257"
 139      A1307360 
 139      E6CD7CEF 
 139      F7779E43 
 139      E7AF
 140 005d 9B721F81 		.ascii	"\233r\037\201\350\252\254\210\021x\366\003\221\3571"
 140      E8AAAC88 
 140      1178F603 
 140      91EF31
 141 006c 3B8506B2 		.ascii	";\205\006\262u\246x\233l\334\201\251\216\015\240/\004"
 141      75A6789B 
 141      6CDC81A9 
 141      8E0DA02F 
 141      04
 142 007d 1A67C760 		.ascii	"\032g\307`\034\337\371\2001\233_|R\337\372\302Z\373"
 142      1CDFF980 
 142      319B5F7C 
 142      52DFFAC2 
 142      5AFB
 143 008f 63A3D4F8 		.ascii	"c\243\324\370\2601d\242\012W\365\361\022\255$\230\203"
 143      B03164A2 
 143      0A57F5F1 
 143      12AD2498 
 143      83
 144 00a0 E0E44BBD 		.ascii	"\340\344K\275\033\010\346ru\017\363p\305\227\262W\362"
 144      1B08E672 
 144      750FF370 
 144      C597B257 
 144      F2
 145 00b1 F6F4B452 		.ascii	"\366\364\264Rx<y\215=C!\303\325\007\321\276\240\324"
 145      783C798D 
 145      3D4321C3 
 145      D507D1BE 
 145      A0D4
 146 00c3 EC1BB3AE 		.ascii	"\354\033\263\256\3166\322\371L\221\225\247\202\317>"
 146      CE36D2F9 
 146      4C9195A7 
 146      82CF3E
 147 00d2 3D5AE1D4 		.ascii	"=Z\341\324\261\235\264^\310\\Q\006\026\220\022\256C"
 147      B19DB45E 
 147      C85C5106 
 147      169012AE 
 147      43
 148 00e3 5B9878BB 		.ascii	"[\230x\273\372~7\246\330\237l\376E\233\023\015 \323"
 148      FA7E37A6 
 148      D89F6CFE 
 148      459B130D 
 148      20D3
ARM GAS  C:\Users\Luggi\AppData\Local\Temp\ccohrLi8.s 			page 11


 149 00f5 AFFB1F4B 		.ascii	"\257\373\037K^\231e\022}\316\373\301Sd0\347[E\305\360"
 149      5E996512 
 149      7DCEFBC1 
 149      536430E7 
 149      5B45C5F0 
 150 0109 0A292CA2 		.ascii	"\012),\242)\332\373\2654\223s\333\257\207\354bI0\207"
 150      29DAFBB5 
 150      349373DB 
 150      AF87EC62 
 150      493087
 151 011c 513D2CA3 		.ascii	"Q=,\243\235>#\330L7\377\265z\227)\347\214\212\002\204"
 151      9D3E23D8 
 151      4C37FFB5 
 151      7A9729E7 
 151      8C8A0284 
 152 0130 15A59396 		.ascii	"\025\245\223\226p\250\320\020uX+\306/\352 \242\310\376"
 152      70A8D010 
 152      75582BC6 
 152      2FEA20A2 
 152      C8FE
 153 0142 E9B07134 		.ascii	"\351\260q4u\330V\325u\005<]\336\332\213\253nMz\315\267"
 153      75D856D5 
 153      75053C5D 
 153      DEDA8BAB 
 153      6E4D7ACD 
 154 0157 E64CFE9A 		.ascii	"\346L\376\232(\343\372\363\354\324%\315\037 d\017\257"
 154      28E3FAF3 
 154      ECD425CD 
 154      1F20640F 
 154      AF
 155 0168 D18455F5 		.ascii	"\321\204U\365GN\022\3236\314\177}k+\342Fx#\276b\024"
 155      474E12D3 
 155      36CC7F7D 
 155      6B2BE246 
 155      7823BE62 
 156 017d 725D14D7 		.ascii	"r]\024\327D\377|\007~\276\324\023\321HO\004:\225\224"
 156      44FF7C07 
 156      7EBED413 
 156      D1484F04 
 156      3A9594
 157 0190 2D779343 		.ascii	"-w\223C\311\221\201\321\344\203D\337\360\330\310`\262"
 157      C99181D1 
 157      E48344DF 
 157      F0D8C860 
 157      B2
 158 01a1 BFB76FB8 		.ascii	"\277\267o\270\273\263\377\376\235\256\356[\211\216D"
 158      BBB3FFFE 
 158      9DAEEE5B 
 158      898E44
 159 01b0 EFBD1B83 		.ascii	"\357\275\033\203\364\033i\014\276\347"
 159      F41B690C 
 159      BEE7
 160              		.text
 161              		.section	.gnu.lto_.symbol_nodes.53c7c935,"",%progbits
 162 0000 789C55C8 		.ascii	"x\234U\310\261\021\202@\030D\341w\377\336\035\024A\257"
 162      B1118240 
 162      1844E177 
ARM GAS  C:\Users\Luggi\AppData\Local\Temp\ccohrLi8.s 			page 12


 162      FFDE1D14 
 162      41AF
 163 0012 4B600146 		.ascii	"K`\001FF\006\014}\220\021S\003P\210\243\214\006\347"
 163      46060C7D 
 163      90115303 
 163      5088A38C 
 163      06E7
 164 0024 266FBE15 		.ascii	"&o\276\025\360\344\267H\206\373\0066\217\251\247\300"
 164      F0E4B748 
 164      86FB0636 
 164      8FA9A7C0 
 165 0034 14568453 		.ascii	"\024V\204S{\207\034\177\316V\353T\234\277f\034?\354"
 165      7B871C7F 
 165      CE56EB54 
 165      9CBF661C 
 165      3FEC
 166 0046 5C5A56D7 		.ascii	"\\ZV\327\206Ra=^I\202\363j\016\346\375j\307m\031\224"
 166      8652613D 
 166      5E4982F3 
 166      6A0EE6FD 
 166      6AC76D19 
 167 005b 2BEB32F0 		.ascii	"+\3532\360\006\3675'\253"
 167      06F73527 
 167      AB
 168              		.text
 169              		.section	.gnu.lto_.refs.53c7c935,"",%progbits
 170 0000 789C25C7 		.ascii	"x\234%\307\261\015\000 \014\004\261\273Ohh2\000\373"
 170      B10D0020 
 170      0C04B1BB 
 170      4F686832 
 170      00FB
 171 0012 EF0912EE 		.ascii	"\357\011\022\356\\\300\341\023]\011n\234\224\366\273"
 171      5CC0E113 
 171      5D096E9C 
 171      94F6BB
 172 0021 8DE10207 		.ascii	"\215\341\002\007\361\000`"
 172      F10060
 173              		.text
 174              		.section	.gnu.lto_.decls.53c7c935,"",%progbits
 175 0000 789C9593 		.ascii	"x\234\225\223mL[U\030\307\357\323s\201\322\026$\242"
 175      6D4C5B55 
 175      18C7EFD3 
 175      7381D216 
 175      24A2
 176 0012 CCE017C6 		.ascii	"\314\340\027\306\014\321\205,\321\304\204o2\321\314"
 176      0CD1852C 
 176      D1C4846F 
 176      32D1CC
 177 0021 C46888C4 		.ascii	"\304h\210\304\355\303HH\307\256s\031\241\015\273]\262"
 177      EDC34848 
 177      C7AE7319 
 177      A10DBB5D 
 177      B2
 178 0032 6FA7208E 		.ascii	"o\247 \216!:$\352\030[\266\022\366Z\240t\300pPXA,\024"
 178      213A24EA 
 178      185BB612 
 178      F65AA074 
ARM GAS  C:\Users\Luggi\AppData\Local\Temp\ccohrLi8.s 			page 13


 178      C0705058 
 179 0049 0A83419D 		.ascii	"\012\203A\235\266\230\310H6\227\031\223.\303m\352b}"
 179      B698C848 
 179      36971993 
 179      2EC36DEA 
 179      627D
 180 005b CEB9F7D2 		.ascii	"\316\271\367\322\213Y\247\236\344\351\275'\367\377\377"
 180      8B59A79E 
 180      E4E9BD27 
 180      F7FFFF
 181 006a 9DF3BC94 		.ascii	"\235\363\274\224\010\202\320\014\202\020\307\025N\021"
 181      0882D00C 
 181      8210C715 
 181      4E11
 182 0078 84CDF88E 		.ascii	"\204\315\370\216\017\241TH\2544\214.\014\017\206\027"
 182      0FA15448 
 182      AC348C2E 
 182      0C0F8617 
 183 0088 A317A31F 		.ascii	"\243\027\243\037c\004\303\217\201\026aFX\277\272T\037"
 183      6304C38F 
 183      81166146 
 183      58BFBA54 
 183      1F
 184 0099 E3E4605C 		.ascii	"\343\344`\\\303\230\303X\300\230\306\270\254\372&\325"
 184      C398C358 
 184      C098C6B8 
 184      ACFA26D5 
 185 00a9 6757128E 		.ascii	"gW\022\216\347\177r<I8\354\336\351\377\302Y\304\270"
 185      E77F723C 
 185      4938ECDE 
 185      E9FFC259 
 185      C4B8
 186 00bb A0FA2730 		.ascii	"\240\372'0\210\352\353\177\302\375X-\314:\256\306\320"
 186      88EAEB7F 
 186      C2FD582D 
 186      CC3AAEC6 
 186      D0
 187 00cc 73B5B3C2 		.ascii	"s\265\263\302\030>\035_T\375\036\265\216#I\316\270k"
 187      183E1D5F 
 187      54FD1EB5 
 187      8E2349CE 
 187      B86B
 188 00de 8041CFEA 		.ascii	"\200A\317\352\254\371\266\0012Myl;\324\022lM\305\255"
 188      ACF9B601 
 188      324D796C 
 188      3BD4126C 
 188      4DC5AD
 189 00f1 C524B2AD 		.ascii	"\305$\262\255\357\317\225\260\270\341K\212\253\271\216"
 189      EFCF95B0 
 189      B8E14B8A 
 189      ABB98E
 190 0100 6689509A 		.ascii	"f\211P\232\003\347 \027\316C.\022/\300\006\374\335)"
 190      03E72017 
 190      CE432E12 
 190      2FC006FC 
 190      DD29
 191 0112 2AA48173 		.ascii	"*\244\201s\301c@\014\300\336;Zo\204M\205n\2645\320\321"
ARM GAS  C:\Users\Luggi\AppData\Local\Temp\ccohrLi8.s 			page 14


 191      C163400C 
 191      C0DE3B5A 
 191      6F844D85 
 191      6EB435D0 
 192 0127 DB86C471 		.ascii	"\333\206\304qS\015\321\273\346\274\223t\331\033\033"
 192      530DD1BB 
 192      E6BC9374 
 192      D91B1B
 193 0136 6E8B5868 		.ascii	"n\213Xh\220\216\306\343\257q\024\270\201@'\0242%{\347"
 193      908EC6E3 
 193      AF7114B8 
 193      81402714 
 193      32257BE7 
 194 014a 16E8823C 		.ascii	"\026\350\202<\264EN=\370\224\220\255\234\355\376\316"
 194      B4454E3D 
 194      F89490AD 
 194      9CEDFECE 
 195 015a D3AE205C 		.ascii	"\323\256 \\\217zi\361G\364Q<N8\240[\007\350\326\000"
 195      8F7A69F1 
 195      47F4513C 
 195      4E38A05B 
 195      07E8D600 
 196 016e 1E0E5889 		.ascii	"\036\016X\211F:\214d\007\007\334y\0208b@\200\313\353"
 196      463A8C64 
 196      0707DC79 
 196      10386240 
 196      80CBEB
 197 0181 F277A42A 		.ascii	"\362w\244*7\340\376\036\235\277G\363{\025\177\254\363"
 197      37E0FE1E 
 197      9DBF47F3 
 197      7B157FAC 
 197      F3
 198 0192 7C0A91B8 		.ascii	"|\012\221\270\177y\374V\267Q\3617\235\321\373/\352\374"
 198      7F79FC56 
 198      B751F137 
 198      9DD1FB2F 
 198      EAFC
 199 01a4 17357F2F 		.ascii	"\0275\177/\36778\357\305\015D\346\376\311_\235\213i"
 199      F73738EF 
 199      C50D44E6 
 199      FEC95F9D 
 199      8B69
 200 01b6 2C01EA3D 		.ascii	",\001\352=\\\277dq\351k\320\247C\364i\210~\216\270\356"
 200      5CBF6471 
 200      E96BD0A7 
 200      43F46988 
 200      7E8EB8EE 
 201 01ca 3F74C848 		.ascii	"?t\310H:\2003\234g}Mi\330\247\034\023/\353g\241\266"
 201      3A80339C 
 201      677D4D69 
 201      D8A71C13 
 201      2FEB67A1 
 202 01df 31C2B771 		.ascii	"1\302\267q\366\331\020\211|\361;\001SA\003\245\2654"
 202      F6D91089 
 202      7CF13B01 
 202      534103A5 
 202      B534
ARM GAS  C:\Users\Luggi\AppData\Local\Temp\ccohrLi8.s 			page 15


 203 01f1 D642C973 		.ascii	"\326B\311s\002\024\346\302K\271\002\014B\001\312\370"
 203      0214E6C2 
 203      4BB9020C 
 203      4201CAF8 
 204 0201 213080AD 		.ascii	"!0\200\255\374\032[y\032\033\025\213\004\334o\327\321"
 204      FC1A5B79 
 204      1A1B158B 
 204      04DC6FD7 
 204      D1
 205 0212 62B80C26 		.ascii	"b\270\014&\270\264v\015~\202\332\274\346\372\261fQ\304"
 205      B8B4760D 
 205      7E82DABC 
 205      E6FAB166 
 205      51C4
 206 0224 6E72CD4E 		.ascii	"nr\315N>!\277\305o\2341$\235\020\037\237\220!PGd~\326"
 206      3E21BFC5 
 206      6F9C3124 
 206      9D101F9F 
 206      90215047 
 207 023b 399F4942 		.ascii	"9\237IBJ\012-\235}G2x\031b\207o\036'\307h{-\375+\216"
 207      4A0A2D9D 
 207      7D473278 
 207      1962876F 
 207      1E27C768 
 208 0254 F7672E18 		.ascii	"\367g.\030\326\025bX+\304\010/\304\314\303\326X*\371"
 208      D6156258 
 208      2BC4082F 
 208      C4CCC3D6 
 208      582AF9
 209 0267 51A18CDD 		.ascii	"Q\241\214\335:\025\313\344\024\327\037\275\364u\335"
 209      3A15CBE4 
 209      14D71FBD 
 209      F475DD
 210 0276 345CD111 		.ascii	"4\\\321\021\256h\004?'\204V\036\336\263\360\241\317"
 210      AE68043F 
 210      2784561E 
 210      DEB3F0A1 
 210      CF
 211 0287 628CB6EF 		.ascii	"b\214\266\357o\256\022>\364\006\216\214\336Y\000\362"
 211      6FAE123E 
 211      F4068E8C 
 211      DE5900F2 
 212 0297 8BC2F77B 		.ascii	"\213\302\367{\026[\215\204*c\355n\013,=E\232\370F<~"
 212      165B8D84 
 212      2A63ED6E 
 212      0B2C3D45 
 212      9AF8463C 
 213 02ac 6268DC04 		.ascii	"bh\334\004\331\371\371\005\237\363\354]X;\001F1\367"
 213      D9F9F905 
 213      9FF3EC5D 
 213      583B0146 
 213      31F7
 214 02be 319E7B00 		.ascii	"1\236{\000\262\331\371\020\304\202O@>LB>\277\203\013"
 214      B2D9F910 
 214      C4824F40 
 214      3E4C423E 
 214      BF830B
ARM GAS  C:\Users\Luggi\AppData\Local\Temp\ccohrLi8.s 			page 16


 215 02d1 7BB23C37 		.ascii	"{\262<7P>\352$\274\216\343xO\246U\373\363\"\363n\316"
 215      503EEA24 
 215      BC8EE378 
 215      4FA655FB 
 215      F322F36E 
 216 02e6 5585AE1F 		.ascii	"U\205\256\037<\264X\025~\373\030a!\023\262\366-\317"
 216      3CB45815 
 216      7EFB1861 
 216      2113B2F6 
 216      2DCF
 217 02f8 BE62645F 		.ascii	"\276bd_\005-g\255k\206\371\350\364\0113\024dsUD\004"
 217      052D67AD 
 217      6B86F9E8 
 217      F4093314 
 217      64735544 
 218 030d 9846C637 		.ascii	"\230F\3067\211\0063\023_\217K\003\246\360\366\3112\301"
 218      89063313 
 218      5F8F4B03 
 218      A6F0F6C9 
 218      32C1
 219 031f 8ACC2D4D 		.ascii	"\212\314-M<O\216*\325\371\271q\342\343\264M\355\224"
 219      3C4F8E2A 
 219      D5F9B971 
 219      E2E3B44D 
 219      ED94
 220 0331 BA62C3D1 		.ascii	"\272b\303\321UpRW-\245\354\277\301O\014)'\352\012\024"
 220      55705257 
 220      2DA5ECBF 
 220      C14F0C29 
 220      27EA0A14 
 221 0345 529A0233 		.ascii	"R\232\0023\260\011\335\364\350'\247\215\344\254\202"
 221      B009DDF4 
 221      E827A78D 
 221      E4AC82
 222 0354 BA74BF71 		.ascii	"\272t\277q0\303\204\323[\367\037\246\027s\014_m\274"
 222      30C384D3 
 222      5BF71FA6 
 222      17730C5F 
 222      6DBC
 223 0366 9EAECCFB 		.ascii	"\236\256\314\373?\035\363I\347\275\336o\231\242\324"
 223      3F1DF349 
 223      E7BDDE6F 
 223      99A2D4
 224 0375 087358DB 		.ascii	"\010sX\333\331D=\256Bb\342\303\241\332%bid\377\"\234"
 224      D9443DAE 
 224      4262E2C3 
 224      A1DA2562 
 224      6964FF22 
 225 038a EEF4B7B8 		.ascii	"\356\364\267\27061\336\327\300\3023\300'\212\177\372"
 225      3631DED7 
 225      C0C233C0 
 225      278A7FFA 
 226 039a 2A1810F5 		.ascii	"*\030\020\365b\226vB\274\240\212\027\270\270\347\376"
 226      62967642 
 226      BCA08A17 
 226      B8B8E7FE 
 227 03aa BCDBAC17 		.ascii	"\274\333\254\027\263\221M\210\027\301\242\335g\221\353"
ARM GAS  C:\Users\Luggi\AppData\Local\Temp\ccohrLi8.s 			page 17


 227      B3914D88 
 227      17C1A2DD 
 227      6791EB
 228 03b9 4F7AA31B 		.ascii	"Oz\243\033\365r\337:yXe\263\347\323\333\337\330ZRT\361"
 228      F572DF3A 
 228      795865B3 
 228      E7D3DBDF 
 228      D85A5254 
 229 03ce 724599F5 		.ascii	"rE\231\365\200Tb\253\376`\357\236\324m\357\276\237W"
 229      805462AB 
 229      FE60EF9E 
 229      D46DEFBE 
 229      9F57
 230 03e0 22BCB04D 		.ascii	"\"\274\260M\252\226j\254\262\264\273\242\314\346\250"
 230      AA966AAC 
 230      B2B4BBA2 
 230      CCE6A8
 231 03ef A994CA4B 		.ascii	"\251\224\312K\313l%\257\226k\206\322w\266T\012\317j"
 231      CB6C25AF 
 231      966B86D2 
 231      77B6540A 
 231      CF6A
 232 0401 BBF7A4FD 		.ascii	"\273\367\244\375\262\255F%d\254A\253$\311\236\251\355"
 232      B2AD4625 
 232      64AC41AB 
 232      24C99EA9 
 232      ED
 233 0412 7658F749 		.ascii	"vX\367I\016\273e\355\243l\263o|\362![>\024R\034{\253"
 233      0EBB65ED 
 233      A36CB36F 
 233      7CF2215B 
 233      3E14521C 
 234 0428 E5A264BA 		.ascii	"\345\242d\272\312\203\362A\273\264\037uYkXI\336n\255"
 234      CA83F241 
 234      BBB41F75 
 234      596B5849 
 234      DE6EAD
 235 043b 72486BC7 		.ascii	"rHk\307\276Ym\335U%=\243mwY+\3679\354er\215\243R6K\374"
 235      BE596DDD 
 235      55253DA3 
 235      6D77592B 
 235      F739EC65 
 236 0456 5B998C64 		.ascii	"[\231\214d\323n\253l\2558\260\316\252h\305\032iO\321"
 236      D36EAB6C 
 236      AD38B0CE 
 236      AA68C51A 
 236      694FD1
 237 0469 DF1D194E 		.ascii	"\337\035\031N\310"
 237      C8
 238              		.text
 239              		.section	.gnu.lto_.symtab.53c7c935,"",%progbits
 240 0000 56444143 		.ascii	"VDAC8_1_SaveConfig\000\000\000\000\000\000\000\000\000"
 240      385F315F 
 240      53617665 
 240      436F6E66 
 240      69670000 
 241 001b 000000AC 		.ascii	"\000\000\000\254\000\000\000VDAC8_1_RestoreConfig\000"
ARM GAS  C:\Users\Luggi\AppData\Local\Temp\ccohrLi8.s 			page 18


 241      00000056 
 241      44414338 
 241      5F315F52 
 241      6573746F 
 242 0038 00000000 		.ascii	"\000\000\000\000\000\000\000\000\000\000\000\256\000"
 242      00000000 
 242      000000AE 
 242      00
 243 0045 00005644 		.ascii	"\000\000VDAC8_1_Sleep\000\000\000\000\000\000\000\000"
 243      4143385F 
 243      315F536C 
 243      65657000 
 243      00000000 
 244 005c 00000000 		.ascii	"\000\000\000\000\260\000\000\000VDAC8_1_Wakeup\000\000"
 244      B0000000 
 244      56444143 
 244      385F315F 
 244      57616B65 
 245 0074 00000000 		.ascii	"\000\000\000\000\000\000\000\000\000\000\262\000\000"
 245      00000000 
 245      0000B200 
 245      00
 246 0081 00564441 		.ascii	"\000VDAC8_1_Stop\000\000\002\000\000\000\000\000\000"
 246      43385F31 
 246      5F53746F 
 246      70000002 
 246      00000000 
 247 0097 000000B4 		.ascii	"\000\000\000\264\000\000\000VDAC8_1_SetValue\000\000"
 247      00000056 
 247      44414338 
 247      5F315F53 
 247      65745661 
 248 00b0 02000000 		.ascii	"\002\000\000\000\000\000\000\000\000\000\275\000\000"
 248      00000000 
 248      0000BD00 
 248      00
 249 00bd 00564441 		.ascii	"\000VDAC8_1_Enable\000\000\002\000\000\000\000\000\000"
 249      43385F31 
 249      5F456E61 
 249      626C6500 
 249      00020000 
 250 00d5 000000BF 		.ascii	"\000\000\000\277\000\000\000"
 250      000000
 251              		.text
 252              		.section	.gnu.lto_.opts,"",%progbits
 253 0000 272D666E 		.ascii	"'-fno-trapv' '-fno-strict-overflow' '-mcpu=cortex-m"
 253      6F2D7472 
 253      61707627 
 253      20272D66 
 253      6E6F2D73 
 254 0033 33272027 		.ascii	"3' '-mthumb' '-g' '-Og' '-ffunction-sections' '-flt"
 254      2D6D7468 
 254      756D6227 
 254      20272D67 
 254      2720272D 
 255 0066 6F272027 		.ascii	"o' '-ffat-lto-objects'\000"
 255      2D666661 
ARM GAS  C:\Users\Luggi\AppData\Local\Temp\ccohrLi8.s 			page 19


 255      742D6C74 
 255      6F2D6F62 
 255      6A656374 
 256              		.text
 257              		.cfi_sections	.debug_frame
 258              		.section	.text.VDAC8_1_SaveConfig,"ax",%progbits
 259              		.align	2
 260              		.global	VDAC8_1_SaveConfig
 261              		.thumb
 262              		.thumb_func
 263              		.type	VDAC8_1_SaveConfig, %function
 264              	VDAC8_1_SaveConfig:
 265              	.LFB0:
 266              		.file 1 "Generated_Source\\PSoC5\\VDAC8_1_PM.c"
   1:Generated_Source\PSoC5/VDAC8_1_PM.c **** /*******************************************************************************
   2:Generated_Source\PSoC5/VDAC8_1_PM.c **** * File Name: VDAC8_1_PM.c  
   3:Generated_Source\PSoC5/VDAC8_1_PM.c **** * Version 1.90
   4:Generated_Source\PSoC5/VDAC8_1_PM.c **** *
   5:Generated_Source\PSoC5/VDAC8_1_PM.c **** * Description:
   6:Generated_Source\PSoC5/VDAC8_1_PM.c **** *  This file provides the power management source code to API for the
   7:Generated_Source\PSoC5/VDAC8_1_PM.c **** *  VDAC8.  
   8:Generated_Source\PSoC5/VDAC8_1_PM.c **** *
   9:Generated_Source\PSoC5/VDAC8_1_PM.c **** * Note:
  10:Generated_Source\PSoC5/VDAC8_1_PM.c **** *  None
  11:Generated_Source\PSoC5/VDAC8_1_PM.c **** *
  12:Generated_Source\PSoC5/VDAC8_1_PM.c **** ********************************************************************************
  13:Generated_Source\PSoC5/VDAC8_1_PM.c **** * Copyright 2008-2012, Cypress Semiconductor Corporation.  All rights reserved.
  14:Generated_Source\PSoC5/VDAC8_1_PM.c **** * You may use this file only in accordance with the license, terms, conditions, 
  15:Generated_Source\PSoC5/VDAC8_1_PM.c **** * disclaimers, and limitations in the end user license agreement accompanying 
  16:Generated_Source\PSoC5/VDAC8_1_PM.c **** * the software package with which this file was provided.
  17:Generated_Source\PSoC5/VDAC8_1_PM.c **** *******************************************************************************/
  18:Generated_Source\PSoC5/VDAC8_1_PM.c **** 
  19:Generated_Source\PSoC5/VDAC8_1_PM.c **** #include "VDAC8_1.h"
  20:Generated_Source\PSoC5/VDAC8_1_PM.c **** 
  21:Generated_Source\PSoC5/VDAC8_1_PM.c **** static VDAC8_1_backupStruct VDAC8_1_backup;
  22:Generated_Source\PSoC5/VDAC8_1_PM.c **** 
  23:Generated_Source\PSoC5/VDAC8_1_PM.c **** 
  24:Generated_Source\PSoC5/VDAC8_1_PM.c **** /*******************************************************************************
  25:Generated_Source\PSoC5/VDAC8_1_PM.c **** * Function Name: VDAC8_1_SaveConfig
  26:Generated_Source\PSoC5/VDAC8_1_PM.c **** ********************************************************************************
  27:Generated_Source\PSoC5/VDAC8_1_PM.c **** * Summary:
  28:Generated_Source\PSoC5/VDAC8_1_PM.c **** *  Save the current user configuration
  29:Generated_Source\PSoC5/VDAC8_1_PM.c **** *
  30:Generated_Source\PSoC5/VDAC8_1_PM.c **** * Parameters:  
  31:Generated_Source\PSoC5/VDAC8_1_PM.c **** *  void  
  32:Generated_Source\PSoC5/VDAC8_1_PM.c **** *
  33:Generated_Source\PSoC5/VDAC8_1_PM.c **** * Return: 
  34:Generated_Source\PSoC5/VDAC8_1_PM.c **** *  void
  35:Generated_Source\PSoC5/VDAC8_1_PM.c **** *
  36:Generated_Source\PSoC5/VDAC8_1_PM.c **** *******************************************************************************/
  37:Generated_Source\PSoC5/VDAC8_1_PM.c **** void VDAC8_1_SaveConfig(void) 
  38:Generated_Source\PSoC5/VDAC8_1_PM.c **** {
 267              		.loc 1 38 0
 268              		.cfi_startproc
 269              		@ args = 0, pretend = 0, frame = 0
 270              		@ frame_needed = 0, uses_anonymous_args = 0
 271              		@ link register save eliminated.
ARM GAS  C:\Users\Luggi\AppData\Local\Temp\ccohrLi8.s 			page 20


  39:Generated_Source\PSoC5/VDAC8_1_PM.c ****     if (!((VDAC8_1_CR1 & VDAC8_1_SRC_MASK) == VDAC8_1_SRC_UDB))
 272              		.loc 1 39 0
 273 0000 044B     		ldr	r3, .L3
 274 0002 1B78     		ldrb	r3, [r3]	@ zero_extendqisi2
 275 0004 13F0200F 		tst	r3, #32
 276 0008 03D1     		bne	.L1
  40:Generated_Source\PSoC5/VDAC8_1_PM.c ****     {
  41:Generated_Source\PSoC5/VDAC8_1_PM.c ****         VDAC8_1_backup.data_value = VDAC8_1_Data;
 277              		.loc 1 41 0
 278 000a 034B     		ldr	r3, .L3+4
 279 000c 1A78     		ldrb	r2, [r3]	@ zero_extendqisi2
 280 000e 034B     		ldr	r3, .L3+8
 281 0010 5A70     		strb	r2, [r3, #1]
 282              	.L1:
 283 0012 7047     		bx	lr
 284              	.L4:
 285              		.align	2
 286              	.L3:
 287 0014 2D580040 		.word	1073764397
 288 0018 835B0040 		.word	1073765251
 289 001c 00000000 		.word	.LANCHOR0
 290              		.cfi_endproc
 291              	.LFE0:
 292              		.size	VDAC8_1_SaveConfig, .-VDAC8_1_SaveConfig
 293              		.section	.text.VDAC8_1_RestoreConfig,"ax",%progbits
 294              		.align	2
 295              		.global	VDAC8_1_RestoreConfig
 296              		.thumb
 297              		.thumb_func
 298              		.type	VDAC8_1_RestoreConfig, %function
 299              	VDAC8_1_RestoreConfig:
 300              	.LFB1:
  42:Generated_Source\PSoC5/VDAC8_1_PM.c ****     }
  43:Generated_Source\PSoC5/VDAC8_1_PM.c **** }
  44:Generated_Source\PSoC5/VDAC8_1_PM.c **** 
  45:Generated_Source\PSoC5/VDAC8_1_PM.c **** 
  46:Generated_Source\PSoC5/VDAC8_1_PM.c **** /*******************************************************************************
  47:Generated_Source\PSoC5/VDAC8_1_PM.c **** * Function Name: VDAC8_1_RestoreConfig
  48:Generated_Source\PSoC5/VDAC8_1_PM.c **** ********************************************************************************
  49:Generated_Source\PSoC5/VDAC8_1_PM.c **** *
  50:Generated_Source\PSoC5/VDAC8_1_PM.c **** * Summary:
  51:Generated_Source\PSoC5/VDAC8_1_PM.c **** *  Restores the current user configuration.
  52:Generated_Source\PSoC5/VDAC8_1_PM.c **** *
  53:Generated_Source\PSoC5/VDAC8_1_PM.c **** * Parameters:  
  54:Generated_Source\PSoC5/VDAC8_1_PM.c **** *  void
  55:Generated_Source\PSoC5/VDAC8_1_PM.c **** *
  56:Generated_Source\PSoC5/VDAC8_1_PM.c **** * Return: 
  57:Generated_Source\PSoC5/VDAC8_1_PM.c **** *  void
  58:Generated_Source\PSoC5/VDAC8_1_PM.c **** *
  59:Generated_Source\PSoC5/VDAC8_1_PM.c **** *******************************************************************************/
  60:Generated_Source\PSoC5/VDAC8_1_PM.c **** void VDAC8_1_RestoreConfig(void) 
  61:Generated_Source\PSoC5/VDAC8_1_PM.c **** {
 301              		.loc 1 61 0
 302              		.cfi_startproc
 303              		@ args = 0, pretend = 0, frame = 0
 304              		@ frame_needed = 0, uses_anonymous_args = 0
 305              		@ link register save eliminated.
ARM GAS  C:\Users\Luggi\AppData\Local\Temp\ccohrLi8.s 			page 21


  62:Generated_Source\PSoC5/VDAC8_1_PM.c ****     if (!((VDAC8_1_CR1 & VDAC8_1_SRC_MASK) == VDAC8_1_SRC_UDB))
 306              		.loc 1 62 0
 307 0000 0E4B     		ldr	r3, .L8
 308 0002 1B78     		ldrb	r3, [r3]	@ zero_extendqisi2
 309 0004 13F0200F 		tst	r3, #32
 310 0008 16D1     		bne	.L5
  63:Generated_Source\PSoC5/VDAC8_1_PM.c ****     {
  64:Generated_Source\PSoC5/VDAC8_1_PM.c ****         if((VDAC8_1_Strobe & VDAC8_1_STRB_MASK) == VDAC8_1_STRB_EN)
 311              		.loc 1 64 0
 312 000a 0D4B     		ldr	r3, .L8+4
 313 000c 1B78     		ldrb	r3, [r3]	@ zero_extendqisi2
 314 000e 13F0080F 		tst	r3, #8
 315 0012 0DD0     		beq	.L7
  65:Generated_Source\PSoC5/VDAC8_1_PM.c ****         {
  66:Generated_Source\PSoC5/VDAC8_1_PM.c ****             VDAC8_1_Strobe &= (uint8)(~VDAC8_1_STRB_MASK);
 316              		.loc 1 66 0
 317 0014 0A4B     		ldr	r3, .L8+4
 318 0016 1A78     		ldrb	r2, [r3]	@ zero_extendqisi2
 319 0018 02F0F702 		and	r2, r2, #247
 320 001c 1A70     		strb	r2, [r3]
  67:Generated_Source\PSoC5/VDAC8_1_PM.c ****             VDAC8_1_Data = VDAC8_1_backup.data_value;
 321              		.loc 1 67 0
 322 001e 094A     		ldr	r2, .L8+8
 323 0020 5178     		ldrb	r1, [r2, #1]	@ zero_extendqisi2
 324 0022 094A     		ldr	r2, .L8+12
 325 0024 1170     		strb	r1, [r2]
  68:Generated_Source\PSoC5/VDAC8_1_PM.c ****             VDAC8_1_Strobe |= VDAC8_1_STRB_EN;
 326              		.loc 1 68 0
 327 0026 1A78     		ldrb	r2, [r3]	@ zero_extendqisi2
 328 0028 42F00802 		orr	r2, r2, #8
 329 002c 1A70     		strb	r2, [r3]
 330 002e 7047     		bx	lr
 331              	.L7:
  69:Generated_Source\PSoC5/VDAC8_1_PM.c ****         }
  70:Generated_Source\PSoC5/VDAC8_1_PM.c ****         else
  71:Generated_Source\PSoC5/VDAC8_1_PM.c ****         {
  72:Generated_Source\PSoC5/VDAC8_1_PM.c ****             VDAC8_1_Data = VDAC8_1_backup.data_value;
 332              		.loc 1 72 0
 333 0030 044B     		ldr	r3, .L8+8
 334 0032 5A78     		ldrb	r2, [r3, #1]	@ zero_extendqisi2
 335 0034 044B     		ldr	r3, .L8+12
 336 0036 1A70     		strb	r2, [r3]
 337              	.L5:
 338 0038 7047     		bx	lr
 339              	.L9:
 340 003a 00BF     		.align	2
 341              	.L8:
 342 003c 2D580040 		.word	1073764397
 343 0040 9F5A0040 		.word	1073765023
 344 0044 00000000 		.word	.LANCHOR0
 345 0048 835B0040 		.word	1073765251
 346              		.cfi_endproc
 347              	.LFE1:
 348              		.size	VDAC8_1_RestoreConfig, .-VDAC8_1_RestoreConfig
 349              		.section	.text.VDAC8_1_Sleep,"ax",%progbits
 350              		.align	2
 351              		.global	VDAC8_1_Sleep
ARM GAS  C:\Users\Luggi\AppData\Local\Temp\ccohrLi8.s 			page 22


 352              		.thumb
 353              		.thumb_func
 354              		.type	VDAC8_1_Sleep, %function
 355              	VDAC8_1_Sleep:
 356              	.LFB2:
  73:Generated_Source\PSoC5/VDAC8_1_PM.c ****         }
  74:Generated_Source\PSoC5/VDAC8_1_PM.c ****     }
  75:Generated_Source\PSoC5/VDAC8_1_PM.c **** }
  76:Generated_Source\PSoC5/VDAC8_1_PM.c **** 
  77:Generated_Source\PSoC5/VDAC8_1_PM.c **** 
  78:Generated_Source\PSoC5/VDAC8_1_PM.c **** /*******************************************************************************
  79:Generated_Source\PSoC5/VDAC8_1_PM.c **** * Function Name: VDAC8_1_Sleep
  80:Generated_Source\PSoC5/VDAC8_1_PM.c **** ********************************************************************************
  81:Generated_Source\PSoC5/VDAC8_1_PM.c **** * Summary:
  82:Generated_Source\PSoC5/VDAC8_1_PM.c **** *  Stop and Save the user configuration
  83:Generated_Source\PSoC5/VDAC8_1_PM.c **** *
  84:Generated_Source\PSoC5/VDAC8_1_PM.c **** * Parameters:  
  85:Generated_Source\PSoC5/VDAC8_1_PM.c **** *  void:  
  86:Generated_Source\PSoC5/VDAC8_1_PM.c **** *
  87:Generated_Source\PSoC5/VDAC8_1_PM.c **** * Return: 
  88:Generated_Source\PSoC5/VDAC8_1_PM.c **** *  void
  89:Generated_Source\PSoC5/VDAC8_1_PM.c **** *
  90:Generated_Source\PSoC5/VDAC8_1_PM.c **** * Global variables:
  91:Generated_Source\PSoC5/VDAC8_1_PM.c **** *  VDAC8_1_backup.enableState:  Is modified depending on the enable 
  92:Generated_Source\PSoC5/VDAC8_1_PM.c **** *  state  of the block before entering sleep mode.
  93:Generated_Source\PSoC5/VDAC8_1_PM.c **** *
  94:Generated_Source\PSoC5/VDAC8_1_PM.c **** *******************************************************************************/
  95:Generated_Source\PSoC5/VDAC8_1_PM.c **** void VDAC8_1_Sleep(void) 
  96:Generated_Source\PSoC5/VDAC8_1_PM.c **** {
 357              		.loc 1 96 0
 358              		.cfi_startproc
 359              		@ args = 0, pretend = 0, frame = 0
 360              		@ frame_needed = 0, uses_anonymous_args = 0
 361 0000 08B5     		push	{r3, lr}
 362              		.cfi_def_cfa_offset 8
 363              		.cfi_offset 3, -8
 364              		.cfi_offset 14, -4
  97:Generated_Source\PSoC5/VDAC8_1_PM.c ****     /* Save VDAC8's enable state */    
  98:Generated_Source\PSoC5/VDAC8_1_PM.c ****     if(VDAC8_1_ACT_PWR_EN == (VDAC8_1_PWRMGR & VDAC8_1_ACT_PWR_EN))
 365              		.loc 1 98 0
 366 0002 084B     		ldr	r3, .L14
 367 0004 1B78     		ldrb	r3, [r3]	@ zero_extendqisi2
 368 0006 13F0080F 		tst	r3, #8
 369 000a 03D0     		beq	.L11
  99:Generated_Source\PSoC5/VDAC8_1_PM.c ****     {
 100:Generated_Source\PSoC5/VDAC8_1_PM.c ****         /* VDAC8 is enabled */
 101:Generated_Source\PSoC5/VDAC8_1_PM.c ****         VDAC8_1_backup.enableState = 1u;
 370              		.loc 1 101 0
 371 000c 0122     		movs	r2, #1
 372 000e 064B     		ldr	r3, .L14+4
 373 0010 1A70     		strb	r2, [r3]
 374 0012 02E0     		b	.L12
 375              	.L11:
 102:Generated_Source\PSoC5/VDAC8_1_PM.c ****     }
 103:Generated_Source\PSoC5/VDAC8_1_PM.c ****     else
 104:Generated_Source\PSoC5/VDAC8_1_PM.c ****     {
 105:Generated_Source\PSoC5/VDAC8_1_PM.c ****         /* VDAC8 is disabled */
ARM GAS  C:\Users\Luggi\AppData\Local\Temp\ccohrLi8.s 			page 23


 106:Generated_Source\PSoC5/VDAC8_1_PM.c ****         VDAC8_1_backup.enableState = 0u;
 376              		.loc 1 106 0
 377 0014 0022     		movs	r2, #0
 378 0016 044B     		ldr	r3, .L14+4
 379 0018 1A70     		strb	r2, [r3]
 380              	.L12:
 107:Generated_Source\PSoC5/VDAC8_1_PM.c ****     }
 108:Generated_Source\PSoC5/VDAC8_1_PM.c ****     
 109:Generated_Source\PSoC5/VDAC8_1_PM.c ****     VDAC8_1_Stop();
 381              		.loc 1 109 0
 382 001a FFF7FEFF 		bl	VDAC8_1_Stop
 383              	.LVL0:
 110:Generated_Source\PSoC5/VDAC8_1_PM.c ****     VDAC8_1_SaveConfig();
 384              		.loc 1 110 0
 385 001e FFF7FEFF 		bl	VDAC8_1_SaveConfig
 386              	.LVL1:
 387 0022 08BD     		pop	{r3, pc}
 388              	.L15:
 389              		.align	2
 390              	.L14:
 391 0024 A8430040 		.word	1073759144
 392 0028 00000000 		.word	.LANCHOR0
 393              		.cfi_endproc
 394              	.LFE2:
 395              		.size	VDAC8_1_Sleep, .-VDAC8_1_Sleep
 396              		.section	.text.VDAC8_1_Wakeup,"ax",%progbits
 397              		.align	2
 398              		.global	VDAC8_1_Wakeup
 399              		.thumb
 400              		.thumb_func
 401              		.type	VDAC8_1_Wakeup, %function
 402              	VDAC8_1_Wakeup:
 403              	.LFB3:
 111:Generated_Source\PSoC5/VDAC8_1_PM.c **** }
 112:Generated_Source\PSoC5/VDAC8_1_PM.c **** 
 113:Generated_Source\PSoC5/VDAC8_1_PM.c **** 
 114:Generated_Source\PSoC5/VDAC8_1_PM.c **** /*******************************************************************************
 115:Generated_Source\PSoC5/VDAC8_1_PM.c **** * Function Name: VDAC8_1_Wakeup
 116:Generated_Source\PSoC5/VDAC8_1_PM.c **** ********************************************************************************
 117:Generated_Source\PSoC5/VDAC8_1_PM.c **** *
 118:Generated_Source\PSoC5/VDAC8_1_PM.c **** * Summary:
 119:Generated_Source\PSoC5/VDAC8_1_PM.c **** *  Restores and enables the user configuration
 120:Generated_Source\PSoC5/VDAC8_1_PM.c **** *  
 121:Generated_Source\PSoC5/VDAC8_1_PM.c **** * Parameters:  
 122:Generated_Source\PSoC5/VDAC8_1_PM.c **** *  void
 123:Generated_Source\PSoC5/VDAC8_1_PM.c **** *
 124:Generated_Source\PSoC5/VDAC8_1_PM.c **** * Return: 
 125:Generated_Source\PSoC5/VDAC8_1_PM.c **** *  void
 126:Generated_Source\PSoC5/VDAC8_1_PM.c **** *
 127:Generated_Source\PSoC5/VDAC8_1_PM.c **** * Global variables:
 128:Generated_Source\PSoC5/VDAC8_1_PM.c **** *  VDAC8_1_backup.enableState:  Is used to restore the enable state of 
 129:Generated_Source\PSoC5/VDAC8_1_PM.c **** *  block on wakeup from sleep mode.
 130:Generated_Source\PSoC5/VDAC8_1_PM.c **** *
 131:Generated_Source\PSoC5/VDAC8_1_PM.c **** *******************************************************************************/
 132:Generated_Source\PSoC5/VDAC8_1_PM.c **** void VDAC8_1_Wakeup(void) 
 133:Generated_Source\PSoC5/VDAC8_1_PM.c **** {
 404              		.loc 1 133 0
ARM GAS  C:\Users\Luggi\AppData\Local\Temp\ccohrLi8.s 			page 24


 405              		.cfi_startproc
 406              		@ args = 0, pretend = 0, frame = 0
 407              		@ frame_needed = 0, uses_anonymous_args = 0
 408 0000 08B5     		push	{r3, lr}
 409              		.cfi_def_cfa_offset 8
 410              		.cfi_offset 3, -8
 411              		.cfi_offset 14, -4
 134:Generated_Source\PSoC5/VDAC8_1_PM.c ****     VDAC8_1_RestoreConfig();
 412              		.loc 1 134 0
 413 0002 FFF7FEFF 		bl	VDAC8_1_RestoreConfig
 414              	.LVL2:
 135:Generated_Source\PSoC5/VDAC8_1_PM.c ****     
 136:Generated_Source\PSoC5/VDAC8_1_PM.c ****     if(VDAC8_1_backup.enableState == 1u)
 415              		.loc 1 136 0
 416 0006 054B     		ldr	r3, .L19
 417 0008 1B78     		ldrb	r3, [r3]	@ zero_extendqisi2
 418 000a 012B     		cmp	r3, #1
 419 000c 05D1     		bne	.L16
 137:Generated_Source\PSoC5/VDAC8_1_PM.c ****     {
 138:Generated_Source\PSoC5/VDAC8_1_PM.c ****         /* Enable VDAC8's operation */
 139:Generated_Source\PSoC5/VDAC8_1_PM.c ****         VDAC8_1_Enable();
 420              		.loc 1 139 0
 421 000e FFF7FEFF 		bl	VDAC8_1_Enable
 422              	.LVL3:
 140:Generated_Source\PSoC5/VDAC8_1_PM.c **** 
 141:Generated_Source\PSoC5/VDAC8_1_PM.c ****         /* Restore the data register */
 142:Generated_Source\PSoC5/VDAC8_1_PM.c ****         VDAC8_1_SetValue(VDAC8_1_Data);
 423              		.loc 1 142 0
 424 0012 034B     		ldr	r3, .L19+4
 425 0014 1878     		ldrb	r0, [r3]	@ zero_extendqisi2
 426 0016 FFF7FEFF 		bl	VDAC8_1_SetValue
 427              	.LVL4:
 428              	.L16:
 429 001a 08BD     		pop	{r3, pc}
 430              	.L20:
 431              		.align	2
 432              	.L19:
 433 001c 00000000 		.word	.LANCHOR0
 434 0020 835B0040 		.word	1073765251
 435              		.cfi_endproc
 436              	.LFE3:
 437              		.size	VDAC8_1_Wakeup, .-VDAC8_1_Wakeup
 438              		.bss
 439              		.align	2
 440              		.set	.LANCHOR0,. + 0
 441              		.type	VDAC8_1_backup, %object
 442              		.size	VDAC8_1_backup, 2
 443              	VDAC8_1_backup:
 444 0000 0000     		.space	2
 445 0002 0000     		.text
 446              	.Letext0:
 447              		.file 2 "Generated_Source\\PSoC5\\cytypes.h"
 448              		.file 3 "Generated_Source\\PSoC5\\VDAC8_1.h"
 449              		.section	.debug_info,"",%progbits
 450              	.Ldebug_info0:
 451 0000 6D010000 		.4byte	0x16d
 452 0004 0400     		.2byte	0x4
ARM GAS  C:\Users\Luggi\AppData\Local\Temp\ccohrLi8.s 			page 25


 453 0006 00000000 		.4byte	.Ldebug_abbrev0
 454 000a 04       		.byte	0x4
 455 000b 01       		.uleb128 0x1
 456 000c 8F000000 		.4byte	.LASF23
 457 0010 01       		.byte	0x1
 458 0011 5C010000 		.4byte	.LASF24
 459 0015 3F000000 		.4byte	.LASF25
 460 0019 00000000 		.4byte	.Ldebug_ranges0+0
 461 001d 00000000 		.4byte	0
 462 0021 00000000 		.4byte	.Ldebug_line0
 463 0025 02       		.uleb128 0x2
 464 0026 01       		.byte	0x1
 465 0027 06       		.byte	0x6
 466 0028 3C020000 		.4byte	.LASF0
 467 002c 02       		.uleb128 0x2
 468 002d 01       		.byte	0x1
 469 002e 08       		.byte	0x8
 470 002f 9D010000 		.4byte	.LASF1
 471 0033 02       		.uleb128 0x2
 472 0034 02       		.byte	0x2
 473 0035 05       		.byte	0x5
 474 0036 02020000 		.4byte	.LASF2
 475 003a 02       		.uleb128 0x2
 476 003b 02       		.byte	0x2
 477 003c 07       		.byte	0x7
 478 003d 49010000 		.4byte	.LASF3
 479 0041 02       		.uleb128 0x2
 480 0042 04       		.byte	0x4
 481 0043 05       		.byte	0x5
 482 0044 27020000 		.4byte	.LASF4
 483 0048 02       		.uleb128 0x2
 484 0049 04       		.byte	0x4
 485 004a 07       		.byte	0x7
 486 004b 37010000 		.4byte	.LASF5
 487 004f 02       		.uleb128 0x2
 488 0050 08       		.byte	0x8
 489 0051 05       		.byte	0x5
 490 0052 EF010000 		.4byte	.LASF6
 491 0056 02       		.uleb128 0x2
 492 0057 08       		.byte	0x8
 493 0058 07       		.byte	0x7
 494 0059 B8010000 		.4byte	.LASF7
 495 005d 03       		.uleb128 0x3
 496 005e 04       		.byte	0x4
 497 005f 05       		.byte	0x5
 498 0060 696E7400 		.ascii	"int\000"
 499 0064 02       		.uleb128 0x2
 500 0065 04       		.byte	0x4
 501 0066 07       		.byte	0x7
 502 0067 AB010000 		.4byte	.LASF8
 503 006b 04       		.uleb128 0x4
 504 006c 21020000 		.4byte	.LASF12
 505 0070 02       		.byte	0x2
 506 0071 9201     		.2byte	0x192
 507 0073 2C000000 		.4byte	0x2c
 508 0077 02       		.uleb128 0x2
 509 0078 04       		.byte	0x4
ARM GAS  C:\Users\Luggi\AppData\Local\Temp\ccohrLi8.s 			page 26


 510 0079 04       		.byte	0x4
 511 007a 39000000 		.4byte	.LASF9
 512 007e 02       		.uleb128 0x2
 513 007f 08       		.byte	0x8
 514 0080 04       		.byte	0x4
 515 0081 80010000 		.4byte	.LASF10
 516 0085 02       		.uleb128 0x2
 517 0086 01       		.byte	0x1
 518 0087 08       		.byte	0x8
 519 0088 FD010000 		.4byte	.LASF11
 520 008c 04       		.uleb128 0x4
 521 008d 23010000 		.4byte	.LASF13
 522 0091 02       		.byte	0x2
 523 0092 3C02     		.2byte	0x23c
 524 0094 98000000 		.4byte	0x98
 525 0098 05       		.uleb128 0x5
 526 0099 6B000000 		.4byte	0x6b
 527 009d 06       		.uleb128 0x6
 528 009e 02       		.byte	0x2
 529 009f 03       		.byte	0x3
 530 00a0 25       		.byte	0x25
 531 00a1 BE000000 		.4byte	0xbe
 532 00a5 07       		.uleb128 0x7
 533 00a6 30020000 		.4byte	.LASF14
 534 00aa 03       		.byte	0x3
 535 00ab 27       		.byte	0x27
 536 00ac 6B000000 		.4byte	0x6b
 537 00b0 00       		.byte	0
 538 00b1 07       		.uleb128 0x7
 539 00b2 20000000 		.4byte	.LASF15
 540 00b6 03       		.byte	0x3
 541 00b7 28       		.byte	0x28
 542 00b8 6B000000 		.4byte	0x6b
 543 00bc 01       		.byte	0x1
 544 00bd 00       		.byte	0
 545 00be 08       		.uleb128 0x8
 546 00bf 0C020000 		.4byte	.LASF16
 547 00c3 03       		.byte	0x3
 548 00c4 29       		.byte	0x29
 549 00c5 9D000000 		.4byte	0x9d
 550 00c9 09       		.uleb128 0x9
 551 00ca 00000000 		.4byte	.LASF17
 552 00ce 01       		.byte	0x1
 553 00cf 25       		.byte	0x25
 554 00d0 00000000 		.4byte	.LFB0
 555 00d4 20000000 		.4byte	.LFE0-.LFB0
 556 00d8 01       		.uleb128 0x1
 557 00d9 9C       		.byte	0x9c
 558 00da 09       		.uleb128 0x9
 559 00db 87010000 		.4byte	.LASF18
 560 00df 01       		.byte	0x1
 561 00e0 3C       		.byte	0x3c
 562 00e1 00000000 		.4byte	.LFB1
 563 00e5 4C000000 		.4byte	.LFE1-.LFB1
 564 00e9 01       		.uleb128 0x1
 565 00ea 9C       		.byte	0x9c
 566 00eb 0A       		.uleb128 0xa
ARM GAS  C:\Users\Luggi\AppData\Local\Temp\ccohrLi8.s 			page 27


 567 00ec 2B000000 		.4byte	.LASF19
 568 00f0 01       		.byte	0x1
 569 00f1 5F       		.byte	0x5f
 570 00f2 00000000 		.4byte	.LFB2
 571 00f6 2C000000 		.4byte	.LFE2-.LFB2
 572 00fa 01       		.uleb128 0x1
 573 00fb 9C       		.byte	0x9c
 574 00fc 13010000 		.4byte	0x113
 575 0100 0B       		.uleb128 0xb
 576 0101 1E000000 		.4byte	.LVL0
 577 0105 55010000 		.4byte	0x155
 578 0109 0B       		.uleb128 0xb
 579 010a 22000000 		.4byte	.LVL1
 580 010e C9000000 		.4byte	0xc9
 581 0112 00       		.byte	0
 582 0113 0A       		.uleb128 0xa
 583 0114 48020000 		.4byte	.LASF20
 584 0118 01       		.byte	0x1
 585 0119 84       		.byte	0x84
 586 011a 00000000 		.4byte	.LFB3
 587 011e 24000000 		.4byte	.LFE3-.LFB3
 588 0122 01       		.uleb128 0x1
 589 0123 9C       		.byte	0x9c
 590 0124 44010000 		.4byte	0x144
 591 0128 0B       		.uleb128 0xb
 592 0129 06000000 		.4byte	.LVL2
 593 012d DA000000 		.4byte	0xda
 594 0131 0B       		.uleb128 0xb
 595 0132 12000000 		.4byte	.LVL3
 596 0136 5C010000 		.4byte	0x15c
 597 013a 0B       		.uleb128 0xb
 598 013b 1A000000 		.4byte	.LVL4
 599 013f 63010000 		.4byte	0x163
 600 0143 00       		.byte	0
 601 0144 0C       		.uleb128 0xc
 602 0145 E0010000 		.4byte	.LASF26
 603 0149 01       		.byte	0x1
 604 014a 15       		.byte	0x15
 605 014b BE000000 		.4byte	0xbe
 606 014f 05       		.uleb128 0x5
 607 0150 03       		.byte	0x3
 608 0151 00000000 		.4byte	VDAC8_1_backup
 609 0155 0D       		.uleb128 0xd
 610 0156 13000000 		.4byte	.LASF21
 611 015a 03       		.byte	0x3
 612 015b 34       		.byte	0x34
 613 015c 0D       		.uleb128 0xd
 614 015d 28010000 		.4byte	.LASF22
 615 0161 03       		.byte	0x3
 616 0162 3A       		.byte	0x3a
 617 0163 0E       		.uleb128 0xe
 618 0164 CF010000 		.4byte	.LASF27
 619 0168 03       		.byte	0x3
 620 0169 37       		.byte	0x37
 621 016a 0F       		.uleb128 0xf
 622 016b 6B000000 		.4byte	0x6b
 623 016f 00       		.byte	0
ARM GAS  C:\Users\Luggi\AppData\Local\Temp\ccohrLi8.s 			page 28


 624 0170 00       		.byte	0
 625              		.section	.debug_abbrev,"",%progbits
 626              	.Ldebug_abbrev0:
 627 0000 01       		.uleb128 0x1
 628 0001 11       		.uleb128 0x11
 629 0002 01       		.byte	0x1
 630 0003 25       		.uleb128 0x25
 631 0004 0E       		.uleb128 0xe
 632 0005 13       		.uleb128 0x13
 633 0006 0B       		.uleb128 0xb
 634 0007 03       		.uleb128 0x3
 635 0008 0E       		.uleb128 0xe
 636 0009 1B       		.uleb128 0x1b
 637 000a 0E       		.uleb128 0xe
 638 000b 55       		.uleb128 0x55
 639 000c 17       		.uleb128 0x17
 640 000d 11       		.uleb128 0x11
 641 000e 01       		.uleb128 0x1
 642 000f 10       		.uleb128 0x10
 643 0010 17       		.uleb128 0x17
 644 0011 00       		.byte	0
 645 0012 00       		.byte	0
 646 0013 02       		.uleb128 0x2
 647 0014 24       		.uleb128 0x24
 648 0015 00       		.byte	0
 649 0016 0B       		.uleb128 0xb
 650 0017 0B       		.uleb128 0xb
 651 0018 3E       		.uleb128 0x3e
 652 0019 0B       		.uleb128 0xb
 653 001a 03       		.uleb128 0x3
 654 001b 0E       		.uleb128 0xe
 655 001c 00       		.byte	0
 656 001d 00       		.byte	0
 657 001e 03       		.uleb128 0x3
 658 001f 24       		.uleb128 0x24
 659 0020 00       		.byte	0
 660 0021 0B       		.uleb128 0xb
 661 0022 0B       		.uleb128 0xb
 662 0023 3E       		.uleb128 0x3e
 663 0024 0B       		.uleb128 0xb
 664 0025 03       		.uleb128 0x3
 665 0026 08       		.uleb128 0x8
 666 0027 00       		.byte	0
 667 0028 00       		.byte	0
 668 0029 04       		.uleb128 0x4
 669 002a 16       		.uleb128 0x16
 670 002b 00       		.byte	0
 671 002c 03       		.uleb128 0x3
 672 002d 0E       		.uleb128 0xe
 673 002e 3A       		.uleb128 0x3a
 674 002f 0B       		.uleb128 0xb
 675 0030 3B       		.uleb128 0x3b
 676 0031 05       		.uleb128 0x5
 677 0032 49       		.uleb128 0x49
 678 0033 13       		.uleb128 0x13
 679 0034 00       		.byte	0
 680 0035 00       		.byte	0
ARM GAS  C:\Users\Luggi\AppData\Local\Temp\ccohrLi8.s 			page 29


 681 0036 05       		.uleb128 0x5
 682 0037 35       		.uleb128 0x35
 683 0038 00       		.byte	0
 684 0039 49       		.uleb128 0x49
 685 003a 13       		.uleb128 0x13
 686 003b 00       		.byte	0
 687 003c 00       		.byte	0
 688 003d 06       		.uleb128 0x6
 689 003e 13       		.uleb128 0x13
 690 003f 01       		.byte	0x1
 691 0040 0B       		.uleb128 0xb
 692 0041 0B       		.uleb128 0xb
 693 0042 3A       		.uleb128 0x3a
 694 0043 0B       		.uleb128 0xb
 695 0044 3B       		.uleb128 0x3b
 696 0045 0B       		.uleb128 0xb
 697 0046 01       		.uleb128 0x1
 698 0047 13       		.uleb128 0x13
 699 0048 00       		.byte	0
 700 0049 00       		.byte	0
 701 004a 07       		.uleb128 0x7
 702 004b 0D       		.uleb128 0xd
 703 004c 00       		.byte	0
 704 004d 03       		.uleb128 0x3
 705 004e 0E       		.uleb128 0xe
 706 004f 3A       		.uleb128 0x3a
 707 0050 0B       		.uleb128 0xb
 708 0051 3B       		.uleb128 0x3b
 709 0052 0B       		.uleb128 0xb
 710 0053 49       		.uleb128 0x49
 711 0054 13       		.uleb128 0x13
 712 0055 38       		.uleb128 0x38
 713 0056 0B       		.uleb128 0xb
 714 0057 00       		.byte	0
 715 0058 00       		.byte	0
 716 0059 08       		.uleb128 0x8
 717 005a 16       		.uleb128 0x16
 718 005b 00       		.byte	0
 719 005c 03       		.uleb128 0x3
 720 005d 0E       		.uleb128 0xe
 721 005e 3A       		.uleb128 0x3a
 722 005f 0B       		.uleb128 0xb
 723 0060 3B       		.uleb128 0x3b
 724 0061 0B       		.uleb128 0xb
 725 0062 49       		.uleb128 0x49
 726 0063 13       		.uleb128 0x13
 727 0064 00       		.byte	0
 728 0065 00       		.byte	0
 729 0066 09       		.uleb128 0x9
 730 0067 2E       		.uleb128 0x2e
 731 0068 00       		.byte	0
 732 0069 3F       		.uleb128 0x3f
 733 006a 19       		.uleb128 0x19
 734 006b 03       		.uleb128 0x3
 735 006c 0E       		.uleb128 0xe
 736 006d 3A       		.uleb128 0x3a
 737 006e 0B       		.uleb128 0xb
ARM GAS  C:\Users\Luggi\AppData\Local\Temp\ccohrLi8.s 			page 30


 738 006f 3B       		.uleb128 0x3b
 739 0070 0B       		.uleb128 0xb
 740 0071 27       		.uleb128 0x27
 741 0072 19       		.uleb128 0x19
 742 0073 11       		.uleb128 0x11
 743 0074 01       		.uleb128 0x1
 744 0075 12       		.uleb128 0x12
 745 0076 06       		.uleb128 0x6
 746 0077 40       		.uleb128 0x40
 747 0078 18       		.uleb128 0x18
 748 0079 9742     		.uleb128 0x2117
 749 007b 19       		.uleb128 0x19
 750 007c 00       		.byte	0
 751 007d 00       		.byte	0
 752 007e 0A       		.uleb128 0xa
 753 007f 2E       		.uleb128 0x2e
 754 0080 01       		.byte	0x1
 755 0081 3F       		.uleb128 0x3f
 756 0082 19       		.uleb128 0x19
 757 0083 03       		.uleb128 0x3
 758 0084 0E       		.uleb128 0xe
 759 0085 3A       		.uleb128 0x3a
 760 0086 0B       		.uleb128 0xb
 761 0087 3B       		.uleb128 0x3b
 762 0088 0B       		.uleb128 0xb
 763 0089 27       		.uleb128 0x27
 764 008a 19       		.uleb128 0x19
 765 008b 11       		.uleb128 0x11
 766 008c 01       		.uleb128 0x1
 767 008d 12       		.uleb128 0x12
 768 008e 06       		.uleb128 0x6
 769 008f 40       		.uleb128 0x40
 770 0090 18       		.uleb128 0x18
 771 0091 9742     		.uleb128 0x2117
 772 0093 19       		.uleb128 0x19
 773 0094 01       		.uleb128 0x1
 774 0095 13       		.uleb128 0x13
 775 0096 00       		.byte	0
 776 0097 00       		.byte	0
 777 0098 0B       		.uleb128 0xb
 778 0099 898201   		.uleb128 0x4109
 779 009c 00       		.byte	0
 780 009d 11       		.uleb128 0x11
 781 009e 01       		.uleb128 0x1
 782 009f 31       		.uleb128 0x31
 783 00a0 13       		.uleb128 0x13
 784 00a1 00       		.byte	0
 785 00a2 00       		.byte	0
 786 00a3 0C       		.uleb128 0xc
 787 00a4 34       		.uleb128 0x34
 788 00a5 00       		.byte	0
 789 00a6 03       		.uleb128 0x3
 790 00a7 0E       		.uleb128 0xe
 791 00a8 3A       		.uleb128 0x3a
 792 00a9 0B       		.uleb128 0xb
 793 00aa 3B       		.uleb128 0x3b
 794 00ab 0B       		.uleb128 0xb
ARM GAS  C:\Users\Luggi\AppData\Local\Temp\ccohrLi8.s 			page 31


 795 00ac 49       		.uleb128 0x49
 796 00ad 13       		.uleb128 0x13
 797 00ae 02       		.uleb128 0x2
 798 00af 18       		.uleb128 0x18
 799 00b0 00       		.byte	0
 800 00b1 00       		.byte	0
 801 00b2 0D       		.uleb128 0xd
 802 00b3 2E       		.uleb128 0x2e
 803 00b4 00       		.byte	0
 804 00b5 3F       		.uleb128 0x3f
 805 00b6 19       		.uleb128 0x19
 806 00b7 03       		.uleb128 0x3
 807 00b8 0E       		.uleb128 0xe
 808 00b9 3A       		.uleb128 0x3a
 809 00ba 0B       		.uleb128 0xb
 810 00bb 3B       		.uleb128 0x3b
 811 00bc 0B       		.uleb128 0xb
 812 00bd 27       		.uleb128 0x27
 813 00be 19       		.uleb128 0x19
 814 00bf 3C       		.uleb128 0x3c
 815 00c0 19       		.uleb128 0x19
 816 00c1 00       		.byte	0
 817 00c2 00       		.byte	0
 818 00c3 0E       		.uleb128 0xe
 819 00c4 2E       		.uleb128 0x2e
 820 00c5 01       		.byte	0x1
 821 00c6 3F       		.uleb128 0x3f
 822 00c7 19       		.uleb128 0x19
 823 00c8 03       		.uleb128 0x3
 824 00c9 0E       		.uleb128 0xe
 825 00ca 3A       		.uleb128 0x3a
 826 00cb 0B       		.uleb128 0xb
 827 00cc 3B       		.uleb128 0x3b
 828 00cd 0B       		.uleb128 0xb
 829 00ce 27       		.uleb128 0x27
 830 00cf 19       		.uleb128 0x19
 831 00d0 3C       		.uleb128 0x3c
 832 00d1 19       		.uleb128 0x19
 833 00d2 00       		.byte	0
 834 00d3 00       		.byte	0
 835 00d4 0F       		.uleb128 0xf
 836 00d5 05       		.uleb128 0x5
 837 00d6 00       		.byte	0
 838 00d7 49       		.uleb128 0x49
 839 00d8 13       		.uleb128 0x13
 840 00d9 00       		.byte	0
 841 00da 00       		.byte	0
 842 00db 00       		.byte	0
 843              		.section	.debug_aranges,"",%progbits
 844 0000 34000000 		.4byte	0x34
 845 0004 0200     		.2byte	0x2
 846 0006 00000000 		.4byte	.Ldebug_info0
 847 000a 04       		.byte	0x4
 848 000b 00       		.byte	0
 849 000c 0000     		.2byte	0
 850 000e 0000     		.2byte	0
 851 0010 00000000 		.4byte	.LFB0
ARM GAS  C:\Users\Luggi\AppData\Local\Temp\ccohrLi8.s 			page 32


 852 0014 20000000 		.4byte	.LFE0-.LFB0
 853 0018 00000000 		.4byte	.LFB1
 854 001c 4C000000 		.4byte	.LFE1-.LFB1
 855 0020 00000000 		.4byte	.LFB2
 856 0024 2C000000 		.4byte	.LFE2-.LFB2
 857 0028 00000000 		.4byte	.LFB3
 858 002c 24000000 		.4byte	.LFE3-.LFB3
 859 0030 00000000 		.4byte	0
 860 0034 00000000 		.4byte	0
 861              		.section	.debug_ranges,"",%progbits
 862              	.Ldebug_ranges0:
 863 0000 00000000 		.4byte	.LFB0
 864 0004 20000000 		.4byte	.LFE0
 865 0008 00000000 		.4byte	.LFB1
 866 000c 4C000000 		.4byte	.LFE1
 867 0010 00000000 		.4byte	.LFB2
 868 0014 2C000000 		.4byte	.LFE2
 869 0018 00000000 		.4byte	.LFB3
 870 001c 24000000 		.4byte	.LFE3
 871 0020 00000000 		.4byte	0
 872 0024 00000000 		.4byte	0
 873              		.section	.debug_line,"",%progbits
 874              	.Ldebug_line0:
 875 0000 A9000000 		.section	.debug_str,"MS",%progbits,1
 875      02005400 
 875      00000201 
 875      FB0E0D00 
 875      01010101 
 876              	.LASF17:
 877 0000 56444143 		.ascii	"VDAC8_1_SaveConfig\000"
 877      385F315F 
 877      53617665 
 877      436F6E66 
 877      696700
 878              	.LASF21:
 879 0013 56444143 		.ascii	"VDAC8_1_Stop\000"
 879      385F315F 
 879      53746F70 
 879      00
 880              	.LASF15:
 881 0020 64617461 		.ascii	"data_value\000"
 881      5F76616C 
 881      756500
 882              	.LASF19:
 883 002b 56444143 		.ascii	"VDAC8_1_Sleep\000"
 883      385F315F 
 883      536C6565 
 883      7000
 884              	.LASF9:
 885 0039 666C6F61 		.ascii	"float\000"
 885      7400
 886              	.LASF25:
 887 003f 433A5C55 		.ascii	"C:\\Users\\Luggi\\Documents\\GitHub\\laserschutzsch"
 887      73657273 
 887      5C4C7567 
 887      67695C44 
 887      6F63756D 
ARM GAS  C:\Users\Luggi\AppData\Local\Temp\ccohrLi8.s 			page 33


 888 006d 616C7475 		.ascii	"altung\\Laserschutzschaltung.cydsn\000"
 888      6E675C4C 
 888      61736572 
 888      73636875 
 888      747A7363 
 889              	.LASF23:
 890 008f 474E5520 		.ascii	"GNU C 4.9.3 20150303 (release) [ARM/embedded-4_9-br"
 890      4320342E 
 890      392E3320 
 890      32303135 
 890      30333033 
 891 00c2 616E6368 		.ascii	"anch revision 221220] -mcpu=cortex-m3 -mthumb -g -O"
 891      20726576 
 891      6973696F 
 891      6E203232 
 891      31323230 
 892 00f5 67202D66 		.ascii	"g -ffunction-sections -flto -ffat-lto-objects\000"
 892      66756E63 
 892      74696F6E 
 892      2D736563 
 892      74696F6E 
 893              	.LASF13:
 894 0123 72656738 		.ascii	"reg8\000"
 894      00
 895              	.LASF22:
 896 0128 56444143 		.ascii	"VDAC8_1_Enable\000"
 896      385F315F 
 896      456E6162 
 896      6C6500
 897              	.LASF5:
 898 0137 6C6F6E67 		.ascii	"long unsigned int\000"
 898      20756E73 
 898      69676E65 
 898      6420696E 
 898      7400
 899              	.LASF3:
 900 0149 73686F72 		.ascii	"short unsigned int\000"
 900      7420756E 
 900      7369676E 
 900      65642069 
 900      6E7400
 901              	.LASF24:
 902 015c 47656E65 		.ascii	"Generated_Source\\PSoC5\\VDAC8_1_PM.c\000"
 902      72617465 
 902      645F536F 
 902      75726365 
 902      5C50536F 
 903              	.LASF10:
 904 0180 646F7562 		.ascii	"double\000"
 904      6C6500
 905              	.LASF18:
 906 0187 56444143 		.ascii	"VDAC8_1_RestoreConfig\000"
 906      385F315F 
 906      52657374 
 906      6F726543 
 906      6F6E6669 
 907              	.LASF1:
ARM GAS  C:\Users\Luggi\AppData\Local\Temp\ccohrLi8.s 			page 34


 908 019d 756E7369 		.ascii	"unsigned char\000"
 908      676E6564 
 908      20636861 
 908      7200
 909              	.LASF8:
 910 01ab 756E7369 		.ascii	"unsigned int\000"
 910      676E6564 
 910      20696E74 
 910      00
 911              	.LASF7:
 912 01b8 6C6F6E67 		.ascii	"long long unsigned int\000"
 912      206C6F6E 
 912      6720756E 
 912      7369676E 
 912      65642069 
 913              	.LASF27:
 914 01cf 56444143 		.ascii	"VDAC8_1_SetValue\000"
 914      385F315F 
 914      53657456 
 914      616C7565 
 914      00
 915              	.LASF26:
 916 01e0 56444143 		.ascii	"VDAC8_1_backup\000"
 916      385F315F 
 916      6261636B 
 916      757000
 917              	.LASF6:
 918 01ef 6C6F6E67 		.ascii	"long long int\000"
 918      206C6F6E 
 918      6720696E 
 918      7400
 919              	.LASF11:
 920 01fd 63686172 		.ascii	"char\000"
 920      00
 921              	.LASF2:
 922 0202 73686F72 		.ascii	"short int\000"
 922      7420696E 
 922      7400
 923              	.LASF16:
 924 020c 56444143 		.ascii	"VDAC8_1_backupStruct\000"
 924      385F315F 
 924      6261636B 
 924      75705374 
 924      72756374 
 925              	.LASF12:
 926 0221 75696E74 		.ascii	"uint8\000"
 926      3800
 927              	.LASF4:
 928 0227 6C6F6E67 		.ascii	"long int\000"
 928      20696E74 
 928      00
 929              	.LASF14:
 930 0230 656E6162 		.ascii	"enableState\000"
 930      6C655374 
 930      61746500 
 931              	.LASF0:
 932 023c 7369676E 		.ascii	"signed char\000"
ARM GAS  C:\Users\Luggi\AppData\Local\Temp\ccohrLi8.s 			page 35


 932      65642063 
 932      68617200 
 933              	.LASF20:
 934 0248 56444143 		.ascii	"VDAC8_1_Wakeup\000"
 934      385F315F 
 934      57616B65 
 934      757000
 935              		.comm	__gnu_lto_v1,1,1
 936              		.ident	"GCC: (GNU Tools for ARM Embedded Processors) 4.9.3 20150303 (release) [ARM/embedded-4_9-br
