ARM GAS  C:\Users\Luggi\AppData\Local\Temp\ccysKqFb.s 			page 1


   1              		.syntax unified
   2              		.cpu cortex-m3
   3              		.fpu softvfp
   4              		.eabi_attribute 20, 1
   5              		.eabi_attribute 21, 1
   6              		.eabi_attribute 23, 3
   7              		.eabi_attribute 24, 1
   8              		.eabi_attribute 25, 1
   9              		.eabi_attribute 26, 1
  10              		.eabi_attribute 30, 1
  11              		.eabi_attribute 34, 1
  12              		.eabi_attribute 18, 4
  13              		.thumb
  14              		.file	"VDAC8_PM.c"
  15              		.text
  16              	.Ltext0:
  17              		.section	.gnu.lto_.profile.304b250e,"",%progbits
  18 0000 789C6366 		.ascii	"x\234cf```a\200\000F\206X\035\000\001Z\000\222"
  18      60606061 
  18      80004686 
  18      581D0001 
  18      5A0092
  19              		.text
  20              		.section	.gnu.lto_.inline.304b250e,"",%progbits
  21 0000 789C6366 		.ascii	"x\234cf\300\016\262\2404\013\003\003';#\003\023\317"
  21      C00EB2A0 
  21      340B0303 
  21      273B2303 
  21      13CF
  22 0012 894006B6 		.ascii	"\211@\006\266\005\362L 1&\006Qn\240\220\312\207^F\270"
  22      05F24C20 
  22      31260651 
  22      6EA090CA 
  22      875E46B8 
  23 0026 183303B7 		.ascii	"\0303\003\2674H\331\004?\270\020#\027\214`a\340\026"
  23      3448D904 
  23      3FB81023 
  23      178C6061 
  23      E016
  24 0038 064A72FC 		.ascii	"\006Jr\3743D\230\301\015\224\233\340\207P\303\000\000"
  24      334498C1 
  24      0D949BE0 
  24      8750C300 
  24      00
  25 0049 6A730A17 		.ascii	"js\012\027"
  26              		.text
  27              		.section	.gnu.lto_.jmpfuncs.304b250e,"",%progbits
  28 0000 789C6366 		.ascii	"x\234cf\300\016D\2414\013\0203100C\331\214`A\000\003"
  28      C00E44A1 
  28      340B1033 
  28      31303043 
  28      D98C6041 
  29 0016 FF0027   		.ascii	"\377\000'"
  30              		.text
  31              		.section	.gnu.lto_.pureconst.304b250e,"",%progbits
  32 0000 789C6366 		.ascii	"x\234cf``\340d\200\000\026\006)&)f)\026)\000\002\321"
  32      6060E064 
ARM GAS  C:\Users\Luggi\AppData\Local\Temp\ccysKqFb.s 			page 2


  32      80001606 
  32      29262966 
  32      29162900 
  33 0016 0082     		.ascii	"\000\202"
  34              		.text
  35              		.section	.gnu.lto_VDAC8_SaveConfig.304b250e,"",%progbits
  36 0000 789C6591 		.ascii	"x\234e\221OHTQ\024\306\317w\356}\343\324\030\204K\027"
  36      4F485451 
  36      14C6CF77 
  36      EE7DE3D4 
  36      18844B17 
  37 0014 1121B89A 		.ascii	"\021!\270\232\\H\3206\014r\023\014\010\255\004)\233"
  37      5C48D036 
  37      0C72130C 
  37      08AD0429 
  37      9B
  38 0025 AD82D452 		.ascii	"\255\202\324R\274O\037\022\021%\255\202T\334\370\257"
  38      BC4F1F12 
  38      1125AD82 
  38      54DCF8AF 
  39 0035 B1514774 		.ascii	"\261QGt\260\\\274\242M\213\214\312(\\\030\301\230\266"
  39      B05CBCA2 
  39      4D8B8CCA 
  39      285C18C1 
  39      98B6
  40 0047 D3B23F0F 		.ascii	"\323\262?\017Q;\347=\251\300\013\367\336w\317\371\335"
  40      513BE73D 
  40      A9C00BF7 
  40      DE77CFF9 
  40      DD
  41 0058 EF7CF73C 		.ascii	"\357|\367<CGG\243\314/ \252\223\035\036\201\007\226"
  41      434747A3 
  41      CC2F20AA 
  41      931D1E81 
  41      0796
  42 006a 89FC34B3 		.ascii	"\211\3744\263Yi w\334.\235\"Wm`\223\260\005\364\203"
  42      59692077 
  42      DC2E9D22 
  42      576D6093 
  42      B005F483 
  43 007e 403D6C2C 		.ascii	"@=l,z\360\225\267\031\003a\341A\246~\3249\267\365\366"
  43      7AF095B7 
  43      190361E1 
  43      41A67ED4 
  43      39B7F5F6 
  44 0092 A59F0B11 		.ascii	"\245\237\013\0211\321wN\012`\034\365$\320v\260\367!"
  44      31D1774E 
  44      0A601CF5 
  44      24D076B0 
  44      F721
  45 00a4 930A043A 		.ascii	"\223\012\004:\231\3440\201\224\024\246\351\232\320\035"
  45      99E43081 
  45      9414A6E9 
  45      9AD01D
  46 00b3 1CCC8D3F 		.ascii	"\034\314\215?[@\225\241\210au\361t!\252\010\251\025"
  46      5B4095A1 
  46      886175F1 
ARM GAS  C:\Users\Luggi\AppData\Local\Temp\ccysKqFb.s 			page 3


  46      7421AA08 
  46      A915
  47 00c5 D7997537 		.ascii	"\327\231u7\253x\376\363\366\376\013\243\227\177\261"
  47      AB78FEF3 
  47      F6FE0BA3 
  47      977FB1
  48 00d4 11DDCDD2 		.ascii	"\021\335\315\322\326n\365&G\314\2233\276\263Z\352S\345"
  48      D66EF526 
  48      47CC9333 
  48      BEB35AEA 
  48      53E5
  49 00e6 F59B741C 		.ascii	"\365\233t\034\"=\216n<\03191\204\207~ \306\014&Q\213"
  49      223D8E6E 
  49      3C193931 
  49      84877E20 
  49      C60C2651 
  50 00fb 47A81503 		.ascii	"G\250\025\003\005\014\201V\321\367\273\177\207\023A"
  50      050C8156 
  50      D1F7BB7F 
  50      871341
  51 010a 9B682E16 		.ascii	"\233h.\026w^eT\000\247\011S\302\276G\360\261\357\332"
  51      775E6554 
  51      00A70953 
  51      C2BE47F0 
  51      B1EFDA
  52 011d 2123803F 		.ascii	"!#\200?\366\364NU\014\210\314c\025#\365hh\245!\261\270"
  52      F6F44E55 
  52      0C88CC63 
  52      1523F568 
  52      68A521B1 
  53 0132 3C7F2CA1 		.ascii	"<\177,\241=\241\313\345\221\331\230\346\336\362\241"
  53      3DA1CBE5 
  53      91D998E6 
  53      DEF2A1
  54 0141 C5C5F51F 		.ascii	"\305\305\365\037\315\377,\025\377Z\232N,\365\336\377"
  54      CDFF2C15 
  54      FF5A9A4E 
  54      2CF5DEFF 
  55 0151 5CA7F785 		.ascii	"\\\247\367\205\034~w\267\310\335\273\356\226KGl\367"
  55      1C7E77B7 
  55      C8DDBBEE 
  55      964B476C 
  55      F7
  56 0162 B473FF3F 		.ascii	"\264s\377?\321\306\307\011?\030\204\3529\245<\314\240"
  56      D1C6C709 
  56      3F1884EA 
  56      39A53CCC 
  56      A0
  57 0173 1BB32A28 		.ascii	"\033\263*(\271\375\251{\245T\266 \215\017\263\021\247"
  57      B9FDA97B 
  57      A554B620 
  57      8D0FB311 
  57      A7
  58 0184 5012F05B 		.ascii	"P\022\360[\374s0\207\2548\214\255\333\270\275k\360\303"
  58      FC733087 
  58      AC388CAD 
  58      DBB8BD6B 
ARM GAS  C:\Users\Luggi\AppData\Local\Temp\ccysKqFb.s 			page 4


  58      F0C3
  59 0196 B2A79535 		.ascii	"\262\247\2255_\221\347IT\3303\227\362\035\371\256\253"
  59      5F91E749 
  59      54D83397 
  59      F21DF9AE 
  59      AB
  60 01a7 37F2D7DB 		.ascii	"7\362\327\333Z:ov\265\347[s-\235M\347Z\257\\\274\320"
  60      5A3A6F76 
  60      B5E75B73 
  60      2D9D4DE7 
  60      5AAF5CBC 
  61 01bc 74BE2D77 		.ascii	"t\276-w\371l;\375\001v\204\274="
  61      F96C3BFD 
  61      017684BC 
  61      3D
  62              		.text
  63              		.section	.gnu.lto_VDAC8_RestoreConfig.304b250e,"",%progbits
  64 0000 789C8D93 		.ascii	"x\234\215\223]H\024Q\024\307\317\2713sw\327\335\264"
  64      5D481451 
  64      14C7CFB9 
  64      337377D7 
  64      DDB4
  65 0012 F6513222 		.ascii	"\366Q2\"\002\037\302|\012\242\2670\252\207\202\005\241"
  65      021FC27C 
  65      0AA2B730 
  65      AA878205 
  65      A1
  66 0023 2741CAF6 		.ascii	"'A\312\366UA\354Q\234\321%,\242$\372X(\303 Ks\363\253"
  66      5541EC51 
  66      9CD1252C 
  66      A224FA58 
  66      28C3204B 
  67 003a 74F323DB 		.ascii	"t\363#\333\244\217\007+\211\264\017\037\212H\313\336"
  67      A48F072B 
  67      89B40F1F 
  67      8A48CBDE 
  68 004a FC4A5B16 		.ascii	"\374J[\026\263s\356\235U\261\224\026\366\334\231{\377"
  68      B373EE9D 
  68      55B19416 
  68      F6DC997B 
  68      FF
  69 005b F33FBFF9 		.ascii	"\363?\277\371\337;\006\374\375;B\377\240\011\260\223"
  69      DF3B06FC 
  69      FD3B42FF 
  69      A009B093 
  70 006b 46F4008A 		.ascii	"F\364\000\212\272\327\000\216W\010c$\037\354\014\331"
  70      BAD7008E 
  70      57086324 
  70      1FEC0CD9 
  71 007b BF0DEC80 		.ascii	"\277\015\354\200!L\0363,\236\013\230(\265\310J_HD\276"
  71      214C1E33 
  71      2C9E0B98 
  71      28B5C84A 
  71      5F4844BE 
  72 008f 00842A61 		.ascii	"\000\204*a\230\226\304*\374!\246\005\326%Z\242\376\334"
  72      9896C42A 
  72      FC21A605 
ARM GAS  C:\Users\Luggi\AppData\Local\Temp\ccysKqFb.s 			page 5


  72      D6255AA2 
  72      FEDC
  73 00a1 46DBB6A7 		.ascii	"F\333\266\247\006\207\235P\002\223\002`V\350\316x\007"
  73      06879D50 
  73      02930260 
  73      56E8CE78 
  73      07
  74 00b2 738144D3 		.ascii	"s\201D\323\221\305\367~\031!\321f\275\206M(\221\306"
  74      91C5F77E 
  74      1921D166 
  74      BD864D28 
  74      91C6
  75 00c4 B660C25E 		.ascii	"\266`\302^Z\232\035x\322-\267\030\220\024hr\261\270"
  75      5A9A1D78 
  75      D22DB718 
  75      90146872 
  75      B1B8
  76 00d6 482E1E2E 		.ascii	"H.\036.>.~.\001.\231\\\262\270\000\214\223\031cM\010"
  76      3E2E7E2E 
  76      012E995C 
  76      B2B8008C 
  76      9319634D 
  77 00eb C1A33186 		.ascii	"\301\2431\206\203\363g\347_\030\354\277 \014j=\3319"
  77      83F367E7 
  77      5F18ECBF 
  77      200C6A3D 
  77      D939
  78 00fd 950A4C8A 		.ascii	"\225\012L\212\244\020\315\355\216m2\315\347\361\341"
  78      A410CDED 
  78      8E6D32CD 
  78      E7F1E1
  79 010c 375E3505 		.ascii	"7^5\005|\333\370\275\267aS=^s\"\304n`3f\343]\314&\306"
  79      7CDBF8BD 
  79      B761533D 
  79      5E7322C4 
  79      6E603366 
  80 0125 16AC4718 		.ascii	"\026\254G\030\303\232_\247\347\2046\314\324\236=\255"
  80      C39A5FA7 
  80      E78436CC 
  80      D49E3DAD 
  81 0135 73AFFC6C 		.ascii	"s\257\374l\200\333\001c\244\035\305\310\207\232\023"
  81      80DB0163 
  81      A41DC5C8 
  81      879A13
  82 0144 AE8604CE 		.ascii	"\256\206\004\316\355\276s\036% \233{l\006\314h\300H"
  82      EDBE731E 
  82      25209B7B 
  82      6C06CC68 
  82      C048
  83 0156 BE467C1E 		.ascii	"\276F|\036\335\247\325\026\251G\207j\203\012\347j\227"
  83      DDA7D516 
  83      A947876A 
  83      830AE76A 
  83      97
  84 0167 4BF8359A 		.ascii	"K\3705\232\272\344YAj]Fj[F\032q\337\321\324\036\267"
  84      BAE45941 
  84      6A5D466A 
ARM GAS  C:\Users\Luggi\AppData\Local\Temp\ccysKqFb.s 			page 6


  84      5B461A71 
  84      DFD1D41E 
  85 017c 2E5F8959 		.ascii	"._\211Y\252\243\027\260]#}\254)u5\253\030L\030\012j"
  85      AAA317B0 
  85      5D237DAC 
  85      297535AB 
  85      184C180A 
  86 0191 8677D10A 		.ascii	"\206w\321\012\275,7\352\330\221\356(\265\330\243\365"
  86      BD2C37EA 
  86      D891EE28 
  86      B5D8A3F5 
  87 01a1 6D33B1A7 		.ascii	"m3\261\247\222\373\031\013\010\330IR\362\274\210\254"
  87      92FB190B 
  87      08D84952 
  87      F2BC88AC 
  88 01b1 D9C8ED3E 		.ascii	"\331\310\355>\271\221\007\211\253\273\247\237}\361i"
  88      B9910789 
  88      ABBBA79F 
  88      7DF169
  89 01c0 4F1F3D72 		.ascii	"O\037=r\343\355\371VQ\231\262kmoR\230\213|HVo\225\251"
  89      E3EDF956 
  89      5199B26B 
  89      6D6F5298 
  89      8B7C4856 
  90 01d7 6E9B9CC8 		.ascii	"n\233\234\310ud_\233U\026>\300J\354bcZ\373\035\273\320"
  90      75645F9B 
  90      55163EC0 
  90      4AEC6263 
  90      5AFB1DBB 
  91 01ec 29F37625 		.ascii	")\363v%\205\304n\322\314\250#\210q\314Sd7\267\272h\361"
  91      85C46ED2 
  91      CCA82388 
  91      71CC5364 
  91      37B7BA68 
  92 0201 784387DA 		.ascii	"xC\207\332\032Q\035w\323\356\231\370yX\301:\211\034"
  92      1A511D77 
  92      D3EE99F8 
  92      7958C13A 
  92      891C
  93 0213 C67DB88C 		.ascii	"\306}\270\214\333\243p}\240\362\372\226\316\313\277"
  93      DBA3707D 
  93      A0F2FA96 
  93      CECBBF
  94 0222 D11BF6BA 		.ascii	"\321\033\366\272y\315\271y\005H\2576\344\277\362\351"
  94      79CDB979 
  94      0548AF36 
  94      E4BFF2E9 
  95 0232 530D036A 		.ascii	"S\015\003j\247,8\223cpP\035/\323Ae\255\033\324\332d"
  95      A72C3893 
  95      6370501D 
  95      2FD34165 
  95      AD1BD4DA 
  96 0247 FAFF9DCC 		.ascii	"\372\377\235\314\243\225d\006\326&\263~\014\217\025"
  96      A3956406 
  96      D626B37E 
  96      0C8F15
  97 0256 5596A292 		.ascii	"U\226\242\222\352;\373\204N\"~\220\037d\257q:\3474K"
ARM GAS  C:\Users\Luggi\AppData\Local\Temp\ccysKqFb.s 			page 7


  97      EA3BFB84 
  97      4E227E90 
  97      1F64AF71 
  97      3AE7344B 
  98 026a BE3B0E85 		.ascii	"\276;\016\205K\303\345\307+\302'\213\013\313N\225\227"
  98      4BC3E5C7 
  98      2BC2278B 
  98      0BCB4E95 
  98      97
  99 027b 848B4285 		.ascii	"\204\213B\205e\005{\212\216\035\330_\260\2678ttw\011"
  99      65057B8A 
  99      8E1DD85F 
  99      B0B73874 
  99      747709
 100 028e FC01979D 		.ascii	"\374\001\227\235ug"
 100      7567
 101              		.text
 102              		.section	.gnu.lto_VDAC8_Sleep.304b250e,"",%progbits
 103 0000 789C8592 		.ascii	"x\234\205\222OHTQ\024\306\317w\336\237\031\263(Z\211"
 103      4F485451 
 103      14C6CF77 
 103      DE9F19B3 
 103      285A89
 104 0013 8B5944E0 		.ascii	"\213YD\340jr\025\271i\021\006\256\002Ah%H\330l\023\244"
 104      6A7215B9 
 104      691106AE 
 104      02416825 
 104      48D86C13 
 105 0028 36C1E07B 		.ascii	"6\301\340{\316\313\"\302\2546R\032\264\320\246\306\324"
 105      CECB22C2 
 105      AC36521A 
 105      B4D0A6C6 
 105      D4
 106 0039 9CCAC881 		.ascii	"\234\312\310\201\036mjUHS\221E\265\030\303\026\302\250"
 106      1E6D6A55 
 106      48539145 
 106      B518C316 
 106      C2A8
 107 004b 603DC2A6 		.ascii	"`=\302\246s\356L\1770\252\007\357\335\177\277\367}\337"
 107      73EE4C7F 
 107      30AA07EF 
 107      DD7FBFF7 
 107      7DDF
 108 005d 3DF75AF4 		.ascii	"=\367Z\364\347\263_\336~&\332--\\\002\017=%\362\343"
 108      E7B35FDE 
 108      7E26DA2D 
 108      2D5C020F 
 108      3D25F2E3 
 109 0071 CC562141 		.ascii	"\314V!A\336\026\273\330L\336V\013Nu\332\376\321q\000"
 109      DE16BBD8 
 109      4CDE560B 
 109      4E75DAFE 
 109      D17100
 110 0084 ED10A88F 		.ascii	"\355\020\250\217-\333A\037>\361\012c(\314\015\3277\215"
 110      2DDB411F 
 110      3EF10A63 
 110      28CC0DD7 
ARM GAS  C:\Users\Luggi\AppData\Local\Temp\ccysKqFb.s 			page 8


 110      378D
 111 0096 799E575E 		.ascii	"y\236W^\235m8\325\020\211\362\032W\235p\035M$\314J\260"
 111      9D6D38D5 
 111      1089F21A 
 111      579D701D 
 111      4D24CC4A 
 112 00ab F1AADE0D 		.ascii	"\361\252\336\015\204\331Q]C\026.\244\235\332\031z\225"
 112      84D9515D 
 112      43162EA4 
 112      9DDA197A 
 112      95
 113 00bc 4ABE7461 		.ascii	"J\276tai\037\352\230\"\206\255\037\242\222P\352\266"
 113      691FEA98 
 113      2286AD1F 
 113      A29250EA 
 113      B6
 114 00cd C8ACADB5 		.ascii	"\310\254\255\265\200G\353g_\216\234\324\037?\263-\232"
 114      8047EB67 
 114      5F8E9CD4 
 114      1F3FB32D 
 114      9A
 115 00de 97DEE42B 		.ascii	"\227\336\344+\326\022G\314\331\323\276g\253\315\373"
 115      D61247CC 
 115      D9D3BE67 
 115      ABCDFB
 116 00ed D2B3F9B8 		.ascii	"\322\263\371\270\231\"\035.\217\255\177\3306\212+~\200"
 116      99221D2E 
 116      8FAD7FD8 
 116      368A2B7E 
 116      80
 117 00fe 882DDC40 		.ascii	"\210-\334@#n\242Q\314s\030\005- \363e\240\350T\005\271"
 117      236EA251 
 117      CC731805 
 117      2D20F365 
 117      A0E85405 
 118 0113 AAF9E0E2 		.ascii	"\252\371\340\342\223aW\005$\006&\204}\201\340u&Qc\004"
 118      93615705 
 118      24062684 
 118      7D81E075 
 118      26516304 
 119 0127 F0C7E7CE 		.ascii	"\360\307\347\316\305\014 2\267T\2144\243E\205\204D\354"
 119      C50C2032 
 119      B7548C34 
 119      A3458584 
 119      44EC
 120 0139 2F973F5E 		.ascii	"/\227?^\253SZ\320\253\317\007'9\375\325;\343\305#\266"
 120      AB535AD0 
 120      ABCF0727 
 120      39FDD53B 
 120      E3C523B6 
 121 014d 3774D7BF 		.ascii	"7t\327\277G\264\3150\353\007#\320\210\236R\016&\221"
 121      47B4CD30 
 121      EB0723D0 
 121      889E520E 
 121      2691
 122 015f C694CACA 		.ascii	"\306\224\312\312\332\267\211\3633n2'E\013\223\021\273"
 122      DAB789F3 
ARM GAS  C:\Users\Luggi\AppData\Local\Temp\ccysKqFb.s 			page 9


 122      336E3227 
 122      450B9311 
 122      BB
 123 0170 981670D5 		.ascii	"\230\026p\325\024\026\267\221\024`\376\362xf\273jI)"
 123      1416B791 
 123      1460FEF2 
 123      7866BB6A 
 123      4929
 124 0182 3163C22C 		.ascii	"1c\302,\212n\261\331D\231^\376O\224\315\336\371\177"
 124      8A6EB1D9 
 124      44995EFE 
 124      4F94CDDE 
 124      F97F
 125 0194 78DFF9E5 		.ascii	"x\337\371\345}\327x\377\334\207+S\367j\336\2169\252"
 125      7DD778FF 
 125      DC872B53 
 125      F76ADE8E 
 125      39AA
 126 01a6 B7C88473 		.ascii	"\267\310\204s\217Y\275i\263yl\315Tn\026i9\3468)Z\210"
 126      8F59BD69 
 126      B3796CCD 
 126      546E1669 
 126      39E63829 
 127 01bc FD8D143F 		.ascii	"\375\215\024?\334\257\221\357\340\207\017\333\014Iz"
 127      DCAF91EF 
 127      E0870FDB 
 127      0C497A
 128 01cb 3BA05602 		.ascii	";\240V\002\354jK\035K\365\0369\236:\332\325\321s\242"
 128      EC6A4B1D 
 128      4BF51E39 
 128      9E3ADAD5 
 128      D173A2
 129 01de B73BD5D9 		.ascii	"\267;\325\331\336\321\323\272\267\363\360\301\003\255"
 129      DED1D3BA 
 129      B7F3F0C1 
 129      03AD
 130 01ec 2D5DED87 		.ascii	"-]\355\207\366t\323w;\340\363\252"
 130      F674D377 
 130      3BE0F3AA 
 131              		.text
 132              		.section	.gnu.lto_VDAC8_Wakeup.304b250e,"",%progbits
 133 0000 789C7551 		.ascii	"x\234uQMH\024a\030~\237w\276\235\035\177\300\360$\036"
 133      4D481461 
 133      187E9F77 
 133      BE9D1D7F 
 133      C0F0241E 
 134 0014 3C842025 		.ascii	"<\204 %z\211\240S \006\206 \010\202'A\302\366\232 v"
 134      7A89A053 
 134      20068620 
 134      08822741 
 134      C2F69A20 
 135 0029 5CFC4647 		.ascii	"\\\374FG\020\017%\236\002[\351\022\371\257\273\201\213"
 135      100F259E 
 135      025BE912 
 135      F9AFBB81 
 135      8B
 136 003a B7650F1B 		.ascii	"\267e\017\033,Q,\021\211H^\024\364\246.\026C\250\275"
ARM GAS  C:\Users\Luggi\AppData\Local\Temp\ccysKqFb.s 			page 10


 136      2C512C11 
 136      89485E14 
 136      F4A62E16 
 136      43A8BD
 137 004d EF2C2466 		.ascii	"\357,$f\015\314|3\357\367\374\316\347\320\315\353\236"
 137      0DCC7C33 
 137      EFF7FCCE 
 137      E7D0CDEB 
 137      9E
 138 005e DC67206A 		.ascii	"\334g j\226\0251\002\317|\"\362=f\247PG\266\332\024"
 138      96153102 
 138      CF7C22F2 
 138      3D66A750 
 138      47B6DA14 
 139 0072 1F92AD75 		.ascii	"\037\222\255u`*c\003\350\013\201\306\3301\030\303\021"
 139      602A6303 
 139      E80B81C6 
 139      D83118C3 
 139      11
 140 0083 9F306672 		.ascii	"\2370fr\313\257jZ\336Zk\217\363\245\206\311\206\220"
 140      CBAF6A5A 
 140      DE5A6B8F 
 140      F3A586C9 
 140      8690
 141 0095 89CA5CD1 		.ascii	"\211\312\\\321\307;\264\220`N\202\363o5n \230[\225="
 141      C73BB490 
 141      604E82F3 
 141      6F356E20 
 141      985B953D 
 142 00a9 2CC0155F 		.ascii	",\300\025_Z\257\317\331\313\313rav\352.{\206B\206\253"
 142      5AAFCFD9 
 142      CBCB7261 
 142      76EA2E7B 
 142      864286AB 
 143 00bd 0FA27D41 		.ascii	"\017\242}A\251\331\001\263\256\316.&r\251\"+O\005\347"
 143      A9D901B3 
 143      AECE2E26 
 143      72A9222B 
 143      4F05E7
 144 00d0 BFBC58E3 		.ascii	"\277\274X\343\344/;e\275\220\271\254\014,\")\\\207v"
 144      E42F3B65 
 144      BD90B9AC 
 144      0C2C2229 
 144      5C8776
 145 00e3 30BE99FE 		.ascii	"0\276\231\376\230\217)\366'\233\277\321\346\\\003\310"
 145      988F29F6 
 145      279BBFD1 
 145      E65C03C8 
 146 00f3 746FFF73 		.ascii	"to\377s\311;d\231D\237\013~\360\032)\314\371VQ1,!\211"
 146      C93B6499 
 146      449F0B7E 
 146      F01A29CC 
 146      F9565131 
 147 010a 6534467B 		.ascii	"e4F{\027+/3n[k\310.V\004s\032\325\303*\332\350+\202"
 147      172B2F33 
 147      6E5B6BC8 
 147      2E560473 
ARM GAS  C:\Users\Luggi\AppData\Local\Temp\ccysKqFb.s 			page 11


 147      1AD5C32A 
 148 0122 ED89A62B 		.ascii	"\355\211\246+\253\017\251\303\214QQ\200\260\246t\322"
 148      AB0FA9C3 
 148      8C515180 
 148      B0A674D2 
 149 0132 120E15EA 		.ascii	"\022\016\025\352\242\016\331b\355\377:\210(\326\377"
 149      A20ED962 
 149      EDFF3A88 
 149      28D6FF
 150 0141 74C8FF98 		.ascii	"t\310\377\230>\275S\321u\005\234\315\276I\307U7>\236"
 150      3EBD53D1 
 150      75059CCD 
 150      BE49C755 
 150      373E9E
 151 0154 F5ADB996 		.ascii	"\365\255\271\226?\036e\334:8{\254\361\003\204\354a\003"
 151      3F1E65DC 
 151      3A387BAC 
 151      F10384EC 
 151      6103
 152 0166 8D48AB3D 		.ascii	"\215H\253=2\022\230va\376i[U\0263\302{\261\025\237\220"
 152      32129876 
 152      61FE695B 
 152      551633C2 
 152      7BB1159F 
 153 017b ABA3B426 		.ascii	"\253\243\264&\372\345\337\341\347J\335\021\215\364@"
 153      FAE5DFE1 
 153      E74ADD11 
 153      8DF440
 154 018a A0530979 		.ascii	"\240S\011y\273+\361,1\362d4\361t\260o\370\371\310Pb"
 154      BB2BF12C 
 154      31F26434 
 154      F174B06F 
 154      F8F9C850 
 155 019f A0B76FB8 		.ascii	"\240\267o\270\363\376@\377\243\216\316\007\203\275="
 155      F3FE40FF 
 155      A38ECE07 
 155      83BD3D
 156 01ae ED43F41B 		.ascii	"\355C\364\033\350\274\275\354"
 156      E8BCBDEC 
 157              		.text
 158              		.section	.gnu.lto_.symbol_nodes.304b250e,"",%progbits
 159 0000 789C55C8 		.ascii	"x\234U\310\261\021\202@\030D\341w\377\336\035\024A\257"
 159      B1118240 
 159      1844E177 
 159      FFDE1D14 
 159      41AF
 160 0012 4B600146 		.ascii	"K`\001FF\006\014}\220\021S\003P\210\243\214\006\347"
 160      46060C7D 
 160      90115303 
 160      5088A38C 
 160      06E7
 161 0024 266FBE15 		.ascii	"&o\276\025\360\344\267H\206\373\0066\217\251\247\300"
 161      F0E4B748 
 161      86FB0636 
 161      8FA9A7C0 
 162 0034 14568453 		.ascii	"\024V\204S{\207\034\177\316V\353T\234\277f\034?\354"
 162      7B871C7F 
ARM GAS  C:\Users\Luggi\AppData\Local\Temp\ccysKqFb.s 			page 12


 162      CE56EB54 
 162      9CBF661C 
 162      3FEC
 163 0046 5C5A56D7 		.ascii	"\\ZV\327\206Ra=^I\202\363j\016\346\375j\307m\031\224"
 163      8652613D 
 163      5E4982F3 
 163      6A0EE6FD 
 163      6AC76D19 
 164 005b 2BEB32F0 		.ascii	"+\3532\360\006\3675'\253"
 164      06F73527 
 164      AB
 165              		.text
 166              		.section	.gnu.lto_.refs.304b250e,"",%progbits
 167 0000 789C25C7 		.ascii	"x\234%\307\261\015\000 \014\004\261\273Ohh2\000\373"
 167      B10D0020 
 167      0C04B1BB 
 167      4F686832 
 167      00FB
 168 0012 EF0912EE 		.ascii	"\357\011\022\356\\\300\341\023]\011n\234\224\366\273"
 168      5CC0E113 
 168      5D096E9C 
 168      94F6BB
 169 0021 8DE10207 		.ascii	"\215\341\002\007\361\000`"
 169      F10060
 170              		.text
 171              		.section	.gnu.lto_.decls.304b250e,"",%progbits
 172 0000 789C9553 		.ascii	"x\234\225SmL[U\030\276o\317\205\225\322\015\"\0133\374"
 172      6D4C5B55 
 172      18BE6FCF 
 172      8595D20D 
 172      220B33FC 
 173 0014 91750951 		.ascii	"\221u\011QC\366\303\304\204\304\030Q431\032\2248\177"
 173      43F6C3C4 
 173      84C41851 
 173      3433311A 
 173      94387F
 174 0027 0C433A76 		.ascii	"\014C:v\235s\2046\254]\262\177\007\312\002)\304\224"
 174      9D738436 
 174      AC5DB27F 
 174      07CA0229 
 174      C494
 175 0039 45326466 		.ascii	"E2df^\334\206\322u\245c\300\006\035\024D\006\25406h"
 175      5EDC86D2 
 175      75A563C0 
 175      061D1444 
 175      06AC3036 
 176 004e 7005A60C 		.ascii	"p\005\246\0143\243\311\266\324\211\013\302\264\276\347"
 176      33A3C9B6 
 176      D4890BC2 
 176      B4BEE7
 177 005d DC7BED9D 		.ascii	"\334{\355\235Y\247\236\344\275\347\234\234\347y\336"
 177      59A79EE4 
 177      BDE79C9C 
 177      E779DE
 178 006c CF4B0441 		.ascii	"\317K\004A\360\200 \304q\315\244\010\302f<\343&\024"
 178      F08020C4 
 178      71CDA408 
ARM GAS  C:\Users\Luggi\AppData\Local\Temp\ccysKqFb.s 			page 13


 178      C2663CE3 
 178      2614
 179 007e 0B89B501 		.ascii	"\013\211\265\001\315\207\346G\013\240u\241u\243\015"
 179      CD87E647 
 179      0BA075A1 
 179      75A30D
 180 008d A085D090 		.ascii	"\240\205\320\220\"L\012\017/\237\312c:\331h\327\320"
 180      224C0A0F 
 180      2F9FCA63 
 180      3AD968D7 
 180      D0
 181 009e A6D166D0 		.ascii	"\246\321f\320.\243]Pyc\352\356K\242\343\377\237:\376"
 181      2EA35D50 
 181      7963EAEE 
 181      4BA2E3FF 
 181      9F3AFE
 182 00b1 243A2CEE 		.ascii	"$:,\356\264\177\321\231E\353P\371\227\320\210\312\353"
 182      B47FD199 
 182      45EB50F9 
 182      97D088CA 
 182      EB
 183 00c2 7E4C7CAC 		.ascii	"~L|\254\026\351:]MC\257\253\371\212\240\005u\372\242"
 183      16E93A5D 
 183      4D43AFAB 
 183      F98AA005 
 183      75FAA2
 184 00d5 CAF7AB75 		.ascii	"\312\367\253u\034H\342\343\027\003\364\371W\246\322"
 184      1C48E2E3 
 184      1703F4F9 
 184      57A6D2
 185 00e4 7F32C026 		.ascii	"\1772\300&S.\273\366\037\031oI\305\253\331$\262kp}9"
 185      532EBBF6 
 185      1F196F49 
 185      C5ABD924 
 185      B26B707D 
 186 00f9 226E69A6 		.ascii	"\"ni\246\270<.\232)Bq6|\0119\360\025\344\240b\007l\301"
 186      B83C2E9A 
 186      29427136 
 186      7C0939F0 
 186      15E4A062 
 187 0110 EF2E5151 		.ascii	"\357.QQj\256\373\243!\225\030\200\235O\264\334\214\230"
 187      6AAEFBA3 
 187      21951880 
 187      9D4FB4DC 
 187      8C98
 188 0122 F2BD48AB 		.ascii	"\362\275H\253\247C\327\015\011w\015Q\317y\310=N\227"
 188      A743D70D 
 188      09770D51 
 188      CF79C83D 
 188      4E97
 189 0134 02B1FED6 		.ascii	"\002\261\376\326\250\231\216\323\241x\374%.\005^ p\032"
 189      A8998ED3 
 189      A178FC25 
 189      2E055E20 
 189      701A
 190 0146 F219929D 		.ascii	"\362\031\222\2359\005|\220\213\264\033\265\356\027\310"
 190      39057C90 
ARM GAS  C:\Users\Luggi\AppData\Local\Temp\ccysKqFb.s 			page 14


 190      8BB41BB5 
 190      EE17C8
 191 0155 8B5CFAF3 		.ascii	"\213\\\372\363\323\367\276\317\340\012\362\203.ZXK\037"
 191      D3F7BECF 
 191      E00AF283 
 191      2E5A584B 
 191      1F
 192 0166 C4E384F3 		.ascii	"\304\343\204\363\317\350\370g4\276\237\363\335s\213"
 192      CFE8F867 
 192      34BE9FF3 
 192      DD738B
 193 0175 8B84BCCD 		.ascii	"\213\204\274\315\005\306{\026\013\220/\007\344\320\211"
 193      05C67B16 
 193      0B902F07 
 193      E4D089
 194 0184 54C53FA7 		.ascii	"T\305?\247w\352\350\235\032=\300\351m?\257\215\020\362"
 194      77EAE89D 
 194      1A3DC0E9 
 194      6D3FAF8D 
 194      10F2
 195 0196 3EA78FD5 		.ascii	">\247\217\325L\3355*\374\306Sz\376Y\035\377\254\306"
 195      4CDD352A 
 195      FCC6537A 
 195      FE591DFF 
 195      ACC6
 196 01a8 EFE2FC61 		.ascii	"\357\342\374a_\257O$\037q~\365\321\037\345T\026?\015"
 196      5FAF4F24 
 196      1F717EF5 
 196      D11FE554 
 196      163F0D
 197 01bb DC712D98 		.ascii	"\334q-\230e}\005\316\351$\316i\022\335\\b.TWg$\315\240"
 197      657D05CE 
 197      E924CE69 
 197      12DD5C62 
 197      2E545767 
 198 01d2 68B4071B 		.ascii	"h\264\007\0337`\227\262M\274\250\037\207[\207\011\277"
 198      376097B2 
 198      4DBCA81F 
 198      875B8709 
 198      BF
 199 01e3 C6D9B321 		.ascii	"\306\331\263!\032\375\344w\002\246\274zJkh\354\010%"
 199      1AFDE477 
 199      02A6BC7A 
 199      4A6B68EC 
 199      0825
 200 01f5 4F0A909F 		.ascii	"O\012\220\237\003\317\344\010\320\007y\010\343N\240"
 200      03CFE408 
 200      D0077908 
 200      E34EA0
 201 0204 171B791E 		.ascii	"\027\033y\036\033y\022\333\024\013\216z\337p\321B\270"
 201      1B7912DB 
 201      140B8E7A 
 201      DF70D142 
 201      B8
 202 0215 0026E8F9 		.ascii	"\000&\350\371;\014\356Am\235\347\360\260G\024\261\227"
 202      3B0CEE41 
 202      6D9DE7F0 
ARM GAS  C:\Users\Luggi\AppData\Local\Temp\ccysKqFb.s 			page 15


 202      B04714B1 
 202      97
 203 0226 1CB38BCF 		.ascii	"\034\263\213\317\307o\361\233\247\014I\347#\310\347"
 203      C76FF19B 
 203      A70C49E7 
 203      23C8E7
 204 0235 A31FD401 		.ascii	"\243\037\324\001\231\372.:-\222\001%\205/\032o\015o"
 204      99FA2E3A 
 204      2D920125 
 204      852F1A6F 
 204      0D6F
 205 0247 E46588DD 		.ascii	"\344e\210\335\371\341\030\371\224\266\325\320?\343\030"
 205      F9E118F9 
 205      94B6D5D0 
 205      3FE318
 206 0256 3F63C145 		.ascii	"?c\301E]!.j\205\030\340\205\010\324O4\245\221IE\345"
 206      5D212E6A 
 206      8518E085 
 206      08D44F34 
 206      A5914945 
 207 026b EE0DFF1A 		.ascii	"\356\015\377\032\037'*\257u\321Wt\3030\250S\030\324"
 207      1F272AAF 
 207      75D15774 
 207      C330A853 
 207      18D4
 208 027d 14425C21 		.ascii	"\024B\\!\274\274\372\253\231\217|&\323h\375\366\326"
 208      BCBCFAAB 
 208      998F7C26 
 208      D368FDF6 
 208      D6
 209 028e 0AE1236F 		.ascii	"\012\341#o`\327\332{\256\025\003\211*\372!\377l\213"
 209      60D7DA7B 
 209      AE150389 
 209      2AFA21FF 
 209      6C8B
 210 02a0 91DC562E 		.ascii	"\221\334V.\336\326\321\205\014\262\312/\342\261\317"
 210      DED6D185 
 210      0CB2CA2F 
 210      E2B1CF
 211 02af FA474C90 		.ascii	"\372GL\220e\261\3445\361\354e\254\235\000C\230\3730"
 211      65B1E435 
 211      F1EC65AC 
 211      9D004398 
 211      FB30
 212 02c1 CF7D14B2 		.ascii	"\317}\024\262\230\177\030\307\202_\002\013\214\201\205"
 212      987F18C7 
 212      825F020B 
 212      8C8185
 213 02d0 C720634F 		.ascii	"\307 cO\226\246{K\207\252\011\257\343\010\306\311\260"
 213      96A67B4B 
 213      87AA09AF 
 213      E308C6C9 
 213      B0
 214 02e1 6A7F9E66 		.ascii	"j\177\236f\334gsT\240|\335O\013U\3407\217\000\3463 "
 214      DC677354 
 214      A07CDD4F 
 214      0B55E037 
ARM GAS  C:\Users\Luggi\AppData\Local\Temp\ccysKqFb.s 			page 16


 214      8F00E633 
 215 02f6 6BDFD2D4 		.ascii	"k\337\322\324sF\366*h9k]34v4\265\003\344eqTT\004\270"
 215      7346F62A 
 215      68396B5D 
 215      33347634 
 215      B503E465 
 216 030f 8C1A5F27 		.ascii	"\214\032_'\032\314H|=*\015\230\300\350\223e\202\025"
 216      1ACC487C 
 216      3D2A0D98 
 216      C0E89365 
 216      8215
 217 0321 695F89AD 		.ascii	"i_\211\255g\020\227\362\317\327.\317\257\247lk\243T"
 217      671097F2 
 217      CFD72ECF 
 217      AFA76C6B 
 217      A354
 218 0333 8EF5CFDF 		.ascii	"\216\365\317\337\206j*\327P\312~\016\3562\254\270\324"
 218      866A2AD7 
 218      50CA7E0E 
 218      EE32ACB8 
 218      D4
 219 0344 5528AC74 		.ascii	"U(\254t\005&a\033\262\351\321\206\223F\342Q\244z\356"
 219      0526611B 
 219      B2E9D186 
 219      9346E251 
 219      A47AEE
 220 0357 BBFB369A 		.ascii	"\273\3736\232p|]\377a|1\311\310\025\367\\\2322\360\377"
 220      707C5DFF 
 220      617C31C9 
 220      C815F75C 
 220      9A32F0FF 
 221 036b 645C4D3A 		.ascii	"d\\M:\360\207C\346\011J\2150\215\305\235J\024\344\012"
 221      F08743E6 
 221      094A8D30 
 221      8DC59D4A 
 221      14E40A
 222 037e 24463E12 		.ascii	"$F>\022\256Y f7\373\215p\274\323^\347\330\304|_\003"
 222      AE592066 
 222      37FB8D70 
 222      BCD35EE7 
 222      D8C47C5F 
 223 0393 33CF0077 		.ascii	"3\317\000w\004\017\256z6\353\261,\353\004vF\305\316"
 223      040FAE7A 
 223      36EBB12C 
 223      EB047646 
 223      C5CE
 224 03a5 706CE7FD 		.ascii	"pl\347\375\253\336t=\230\215l\002<\013f-\234Y\216?\036"
 224      ABDE743D 
 224      988D6C02 
 224      3C0B662D 
 224      9C598E3F 
 225 03ba 98DFAA87 		.ascii	"\230\337\252\207\007\037\202GTm\266g\356|\365\345\242"
 225      071F8247 
 225      546DB667 
 225      EE7CF5E5 
 225      A2
 226 03cb 82B212EB 		.ascii	"\202\262\022\353A\251\310V\371\301\276\275\251;\336"
ARM GAS  C:\Users\Luggi\AppData\Local\Temp\ccysKqFb.s 			page 17


 226      41A9C856 
 226      F9C1BEBD 
 226      A93BDE
 227 03da 7A37B748 		.ascii	"z7\267H\260\354\220*\245*\253C\332SVbsV\225K\245\305"
 227      B0EC902A 
 227      A52AAB43 
 227      DA535662 
 227      7356954B 
 228 03f0 25B6A2E7 		.ascii	"%\266\242\347K\025x\361\233\333\313\205,\345\374\216"
 228      4B1578F1 
 228      9BDBCB85 
 228      2CE5FC8E 
 229 0400 74C061AB 		.ascii	"t\300a\253R\331\351\252\\\205$\331\315\312\371=\353"
 229      52D9E9AA 
 229      5C8524D9 
 229      CDCAF93D 
 229      EB
 230 0411 7EC96937 		.ascii	"~\311i7\251\017\016\233\375\251\307Io\377PHq\356\253"
 230      A90F0E9B 
 230      FDA9C749 
 230      6FFF5048 
 230      71EEAB
 231 0424 74146C4D 		.ascii	"t\024lM\202*?\3448d\227\016 n\223*)9vZ+\234\222\352"
 231      822A3FE4 
 231      3864970E 
 231      206E932A 
 231      2939765A 
 232 043c EEB54AEB 		.ascii	"\356\265J\353\356\012\351\011\345\262\333Z\276\337i"
 232      EE0AE909 
 232      E5B2DB5A 
 232      BEDF69
 233 044b 2F715439 		.ascii	"/qT9\313\035\351\022\177)q\240\246i\217\325a-;\250\243"
 233      CB1DE912 
 233      7F2971A0 
 233      A6698FD5 
 233      612D3BA8 
 234 0460 2948B14A 		.ascii	")H\261J\332[\360\027\222(F\211"
 234      DA5BF017 
 234      92284689 
 235              		.text
 236              		.section	.gnu.lto_.symtab.304b250e,"",%progbits
 237 0000 56444143 		.ascii	"VDAC8_SaveConfig\000\000\000\000\000\000\000\000\000"
 237      385F5361 
 237      7665436F 
 237      6E666967 
 237      00000000 
 238 0019 000000AC 		.ascii	"\000\000\000\254\000\000\000VDAC8_RestoreConfig\000"
 238      00000056 
 238      44414338 
 238      5F526573 
 238      746F7265 
 239 0034 00000000 		.ascii	"\000\000\000\000\000\000\000\000\000\000\000\256\000"
 239      00000000 
 239      000000AE 
 239      00
 240 0041 00005644 		.ascii	"\000\000VDAC8_Sleep\000\000\000\000\000\000\000\000"
 240      4143385F 
ARM GAS  C:\Users\Luggi\AppData\Local\Temp\ccysKqFb.s 			page 18


 240      536C6565 
 240      70000000 
 240      00000000 
 241 0056 00000000 		.ascii	"\000\000\000\000\260\000\000\000VDAC8_Wakeup\000\000"
 241      B0000000 
 241      56444143 
 241      385F5761 
 241      6B657570 
 242 006c 00000000 		.ascii	"\000\000\000\000\000\000\000\000\000\000\262\000\000"
 242      00000000 
 242      0000B200 
 242      00
 243 0079 00564441 		.ascii	"\000VDAC8_Stop\000\000\002\000\000\000\000\000\000\000"
 243      43385F53 
 243      746F7000 
 243      00020000 
 243      00000000 
 244 008e 0000B400 		.ascii	"\000\000\264\000\000\000VDAC8_SetValue\000\000\002\000"
 244      00005644 
 244      4143385F 
 244      53657456 
 244      616C7565 
 245 00a6 00000000 		.ascii	"\000\000\000\000\000\000\000\000\275\000\000\000VDA"
 245      00000000 
 245      BD000000 
 245      564441
 246 00b5 43385F45 		.ascii	"C8_Enable\000\000\002\000\000\000\000\000\000\000\000"
 246      6E61626C 
 246      65000002 
 246      00000000 
 246      00000000 
 247 00c9 00BF0000 		.ascii	"\000\277\000\000\000"
 247      00
 248              		.text
 249              		.section	.gnu.lto_.opts,"",%progbits
 250 0000 272D666E 		.ascii	"'-fno-trapv' '-fno-strict-overflow' '-mcpu=cortex-m"
 250      6F2D7472 
 250      61707627 
 250      20272D66 
 250      6E6F2D73 
 251 0033 33272027 		.ascii	"3' '-mthumb' '-g' '-Og' '-ffunction-sections' '-flt"
 251      2D6D7468 
 251      756D6227 
 251      20272D67 
 251      2720272D 
 252 0066 6F272027 		.ascii	"o' '-ffat-lto-objects'\000"
 252      2D666661 
 252      742D6C74 
 252      6F2D6F62 
 252      6A656374 
 253              		.text
 254              		.cfi_sections	.debug_frame
 255              		.section	.text.VDAC8_SaveConfig,"ax",%progbits
 256              		.align	2
 257              		.global	VDAC8_SaveConfig
 258              		.thumb
 259              		.thumb_func
ARM GAS  C:\Users\Luggi\AppData\Local\Temp\ccysKqFb.s 			page 19


 260              		.type	VDAC8_SaveConfig, %function
 261              	VDAC8_SaveConfig:
 262              	.LFB0:
 263              		.file 1 "Generated_Source\\PSoC5\\VDAC8_PM.c"
   1:Generated_Source\PSoC5/VDAC8_PM.c **** /*******************************************************************************
   2:Generated_Source\PSoC5/VDAC8_PM.c **** * File Name: VDAC8_PM.c  
   3:Generated_Source\PSoC5/VDAC8_PM.c **** * Version 1.90
   4:Generated_Source\PSoC5/VDAC8_PM.c **** *
   5:Generated_Source\PSoC5/VDAC8_PM.c **** * Description:
   6:Generated_Source\PSoC5/VDAC8_PM.c **** *  This file provides the power management source code to API for the
   7:Generated_Source\PSoC5/VDAC8_PM.c **** *  VDAC8.  
   8:Generated_Source\PSoC5/VDAC8_PM.c **** *
   9:Generated_Source\PSoC5/VDAC8_PM.c **** * Note:
  10:Generated_Source\PSoC5/VDAC8_PM.c **** *  None
  11:Generated_Source\PSoC5/VDAC8_PM.c **** *
  12:Generated_Source\PSoC5/VDAC8_PM.c **** ********************************************************************************
  13:Generated_Source\PSoC5/VDAC8_PM.c **** * Copyright 2008-2012, Cypress Semiconductor Corporation.  All rights reserved.
  14:Generated_Source\PSoC5/VDAC8_PM.c **** * You may use this file only in accordance with the license, terms, conditions, 
  15:Generated_Source\PSoC5/VDAC8_PM.c **** * disclaimers, and limitations in the end user license agreement accompanying 
  16:Generated_Source\PSoC5/VDAC8_PM.c **** * the software package with which this file was provided.
  17:Generated_Source\PSoC5/VDAC8_PM.c **** *******************************************************************************/
  18:Generated_Source\PSoC5/VDAC8_PM.c **** 
  19:Generated_Source\PSoC5/VDAC8_PM.c **** #include "VDAC8.h"
  20:Generated_Source\PSoC5/VDAC8_PM.c **** 
  21:Generated_Source\PSoC5/VDAC8_PM.c **** static VDAC8_backupStruct VDAC8_backup;
  22:Generated_Source\PSoC5/VDAC8_PM.c **** 
  23:Generated_Source\PSoC5/VDAC8_PM.c **** 
  24:Generated_Source\PSoC5/VDAC8_PM.c **** /*******************************************************************************
  25:Generated_Source\PSoC5/VDAC8_PM.c **** * Function Name: VDAC8_SaveConfig
  26:Generated_Source\PSoC5/VDAC8_PM.c **** ********************************************************************************
  27:Generated_Source\PSoC5/VDAC8_PM.c **** * Summary:
  28:Generated_Source\PSoC5/VDAC8_PM.c **** *  Save the current user configuration
  29:Generated_Source\PSoC5/VDAC8_PM.c **** *
  30:Generated_Source\PSoC5/VDAC8_PM.c **** * Parameters:  
  31:Generated_Source\PSoC5/VDAC8_PM.c **** *  void  
  32:Generated_Source\PSoC5/VDAC8_PM.c **** *
  33:Generated_Source\PSoC5/VDAC8_PM.c **** * Return: 
  34:Generated_Source\PSoC5/VDAC8_PM.c **** *  void
  35:Generated_Source\PSoC5/VDAC8_PM.c **** *
  36:Generated_Source\PSoC5/VDAC8_PM.c **** *******************************************************************************/
  37:Generated_Source\PSoC5/VDAC8_PM.c **** void VDAC8_SaveConfig(void) 
  38:Generated_Source\PSoC5/VDAC8_PM.c **** {
 264              		.loc 1 38 0
 265              		.cfi_startproc
 266              		@ args = 0, pretend = 0, frame = 0
 267              		@ frame_needed = 0, uses_anonymous_args = 0
 268              		@ link register save eliminated.
  39:Generated_Source\PSoC5/VDAC8_PM.c ****     if (!((VDAC8_CR1 & VDAC8_SRC_MASK) == VDAC8_SRC_UDB))
 269              		.loc 1 39 0
 270 0000 044B     		ldr	r3, .L3
 271 0002 1B78     		ldrb	r3, [r3]	@ zero_extendqisi2
 272 0004 13F0200F 		tst	r3, #32
 273 0008 03D1     		bne	.L1
  40:Generated_Source\PSoC5/VDAC8_PM.c ****     {
  41:Generated_Source\PSoC5/VDAC8_PM.c ****         VDAC8_backup.data_value = VDAC8_Data;
 274              		.loc 1 41 0
 275 000a 034B     		ldr	r3, .L3+4
ARM GAS  C:\Users\Luggi\AppData\Local\Temp\ccysKqFb.s 			page 20


 276 000c 1A78     		ldrb	r2, [r3]	@ zero_extendqisi2
 277 000e 034B     		ldr	r3, .L3+8
 278 0010 5A70     		strb	r2, [r3, #1]
 279              	.L1:
 280 0012 7047     		bx	lr
 281              	.L4:
 282              		.align	2
 283              	.L3:
 284 0014 29580040 		.word	1073764393
 285 0018 825B0040 		.word	1073765250
 286 001c 00000000 		.word	.LANCHOR0
 287              		.cfi_endproc
 288              	.LFE0:
 289              		.size	VDAC8_SaveConfig, .-VDAC8_SaveConfig
 290              		.section	.text.VDAC8_RestoreConfig,"ax",%progbits
 291              		.align	2
 292              		.global	VDAC8_RestoreConfig
 293              		.thumb
 294              		.thumb_func
 295              		.type	VDAC8_RestoreConfig, %function
 296              	VDAC8_RestoreConfig:
 297              	.LFB1:
  42:Generated_Source\PSoC5/VDAC8_PM.c ****     }
  43:Generated_Source\PSoC5/VDAC8_PM.c **** }
  44:Generated_Source\PSoC5/VDAC8_PM.c **** 
  45:Generated_Source\PSoC5/VDAC8_PM.c **** 
  46:Generated_Source\PSoC5/VDAC8_PM.c **** /*******************************************************************************
  47:Generated_Source\PSoC5/VDAC8_PM.c **** * Function Name: VDAC8_RestoreConfig
  48:Generated_Source\PSoC5/VDAC8_PM.c **** ********************************************************************************
  49:Generated_Source\PSoC5/VDAC8_PM.c **** *
  50:Generated_Source\PSoC5/VDAC8_PM.c **** * Summary:
  51:Generated_Source\PSoC5/VDAC8_PM.c **** *  Restores the current user configuration.
  52:Generated_Source\PSoC5/VDAC8_PM.c **** *
  53:Generated_Source\PSoC5/VDAC8_PM.c **** * Parameters:  
  54:Generated_Source\PSoC5/VDAC8_PM.c **** *  void
  55:Generated_Source\PSoC5/VDAC8_PM.c **** *
  56:Generated_Source\PSoC5/VDAC8_PM.c **** * Return: 
  57:Generated_Source\PSoC5/VDAC8_PM.c **** *  void
  58:Generated_Source\PSoC5/VDAC8_PM.c **** *
  59:Generated_Source\PSoC5/VDAC8_PM.c **** *******************************************************************************/
  60:Generated_Source\PSoC5/VDAC8_PM.c **** void VDAC8_RestoreConfig(void) 
  61:Generated_Source\PSoC5/VDAC8_PM.c **** {
 298              		.loc 1 61 0
 299              		.cfi_startproc
 300              		@ args = 0, pretend = 0, frame = 0
 301              		@ frame_needed = 0, uses_anonymous_args = 0
 302              		@ link register save eliminated.
  62:Generated_Source\PSoC5/VDAC8_PM.c ****     if (!((VDAC8_CR1 & VDAC8_SRC_MASK) == VDAC8_SRC_UDB))
 303              		.loc 1 62 0
 304 0000 0E4B     		ldr	r3, .L8
 305 0002 1B78     		ldrb	r3, [r3]	@ zero_extendqisi2
 306 0004 13F0200F 		tst	r3, #32
 307 0008 16D1     		bne	.L5
  63:Generated_Source\PSoC5/VDAC8_PM.c ****     {
  64:Generated_Source\PSoC5/VDAC8_PM.c ****         if((VDAC8_Strobe & VDAC8_STRB_MASK) == VDAC8_STRB_EN)
 308              		.loc 1 64 0
 309 000a 0D4B     		ldr	r3, .L8+4
ARM GAS  C:\Users\Luggi\AppData\Local\Temp\ccysKqFb.s 			page 21


 310 000c 1B78     		ldrb	r3, [r3]	@ zero_extendqisi2
 311 000e 13F0080F 		tst	r3, #8
 312 0012 0DD0     		beq	.L7
  65:Generated_Source\PSoC5/VDAC8_PM.c ****         {
  66:Generated_Source\PSoC5/VDAC8_PM.c ****             VDAC8_Strobe &= (uint8)(~VDAC8_STRB_MASK);
 313              		.loc 1 66 0
 314 0014 0A4B     		ldr	r3, .L8+4
 315 0016 1A78     		ldrb	r2, [r3]	@ zero_extendqisi2
 316 0018 02F0F702 		and	r2, r2, #247
 317 001c 1A70     		strb	r2, [r3]
  67:Generated_Source\PSoC5/VDAC8_PM.c ****             VDAC8_Data = VDAC8_backup.data_value;
 318              		.loc 1 67 0
 319 001e 094A     		ldr	r2, .L8+8
 320 0020 5178     		ldrb	r1, [r2, #1]	@ zero_extendqisi2
 321 0022 094A     		ldr	r2, .L8+12
 322 0024 1170     		strb	r1, [r2]
  68:Generated_Source\PSoC5/VDAC8_PM.c ****             VDAC8_Strobe |= VDAC8_STRB_EN;
 323              		.loc 1 68 0
 324 0026 1A78     		ldrb	r2, [r3]	@ zero_extendqisi2
 325 0028 42F00802 		orr	r2, r2, #8
 326 002c 1A70     		strb	r2, [r3]
 327 002e 7047     		bx	lr
 328              	.L7:
  69:Generated_Source\PSoC5/VDAC8_PM.c ****         }
  70:Generated_Source\PSoC5/VDAC8_PM.c ****         else
  71:Generated_Source\PSoC5/VDAC8_PM.c ****         {
  72:Generated_Source\PSoC5/VDAC8_PM.c ****             VDAC8_Data = VDAC8_backup.data_value;
 329              		.loc 1 72 0
 330 0030 044B     		ldr	r3, .L8+8
 331 0032 5A78     		ldrb	r2, [r3, #1]	@ zero_extendqisi2
 332 0034 044B     		ldr	r3, .L8+12
 333 0036 1A70     		strb	r2, [r3]
 334              	.L5:
 335 0038 7047     		bx	lr
 336              	.L9:
 337 003a 00BF     		.align	2
 338              	.L8:
 339 003c 29580040 		.word	1073764393
 340 0040 975A0040 		.word	1073765015
 341 0044 00000000 		.word	.LANCHOR0
 342 0048 825B0040 		.word	1073765250
 343              		.cfi_endproc
 344              	.LFE1:
 345              		.size	VDAC8_RestoreConfig, .-VDAC8_RestoreConfig
 346              		.section	.text.VDAC8_Sleep,"ax",%progbits
 347              		.align	2
 348              		.global	VDAC8_Sleep
 349              		.thumb
 350              		.thumb_func
 351              		.type	VDAC8_Sleep, %function
 352              	VDAC8_Sleep:
 353              	.LFB2:
  73:Generated_Source\PSoC5/VDAC8_PM.c ****         }
  74:Generated_Source\PSoC5/VDAC8_PM.c ****     }
  75:Generated_Source\PSoC5/VDAC8_PM.c **** }
  76:Generated_Source\PSoC5/VDAC8_PM.c **** 
  77:Generated_Source\PSoC5/VDAC8_PM.c **** 
ARM GAS  C:\Users\Luggi\AppData\Local\Temp\ccysKqFb.s 			page 22


  78:Generated_Source\PSoC5/VDAC8_PM.c **** /*******************************************************************************
  79:Generated_Source\PSoC5/VDAC8_PM.c **** * Function Name: VDAC8_Sleep
  80:Generated_Source\PSoC5/VDAC8_PM.c **** ********************************************************************************
  81:Generated_Source\PSoC5/VDAC8_PM.c **** * Summary:
  82:Generated_Source\PSoC5/VDAC8_PM.c **** *  Stop and Save the user configuration
  83:Generated_Source\PSoC5/VDAC8_PM.c **** *
  84:Generated_Source\PSoC5/VDAC8_PM.c **** * Parameters:  
  85:Generated_Source\PSoC5/VDAC8_PM.c **** *  void:  
  86:Generated_Source\PSoC5/VDAC8_PM.c **** *
  87:Generated_Source\PSoC5/VDAC8_PM.c **** * Return: 
  88:Generated_Source\PSoC5/VDAC8_PM.c **** *  void
  89:Generated_Source\PSoC5/VDAC8_PM.c **** *
  90:Generated_Source\PSoC5/VDAC8_PM.c **** * Global variables:
  91:Generated_Source\PSoC5/VDAC8_PM.c **** *  VDAC8_backup.enableState:  Is modified depending on the enable 
  92:Generated_Source\PSoC5/VDAC8_PM.c **** *  state  of the block before entering sleep mode.
  93:Generated_Source\PSoC5/VDAC8_PM.c **** *
  94:Generated_Source\PSoC5/VDAC8_PM.c **** *******************************************************************************/
  95:Generated_Source\PSoC5/VDAC8_PM.c **** void VDAC8_Sleep(void) 
  96:Generated_Source\PSoC5/VDAC8_PM.c **** {
 354              		.loc 1 96 0
 355              		.cfi_startproc
 356              		@ args = 0, pretend = 0, frame = 0
 357              		@ frame_needed = 0, uses_anonymous_args = 0
 358 0000 08B5     		push	{r3, lr}
 359              		.cfi_def_cfa_offset 8
 360              		.cfi_offset 3, -8
 361              		.cfi_offset 14, -4
  97:Generated_Source\PSoC5/VDAC8_PM.c ****     /* Save VDAC8's enable state */    
  98:Generated_Source\PSoC5/VDAC8_PM.c ****     if(VDAC8_ACT_PWR_EN == (VDAC8_PWRMGR & VDAC8_ACT_PWR_EN))
 362              		.loc 1 98 0
 363 0002 084B     		ldr	r3, .L14
 364 0004 1B78     		ldrb	r3, [r3]	@ zero_extendqisi2
 365 0006 13F0040F 		tst	r3, #4
 366 000a 03D0     		beq	.L11
  99:Generated_Source\PSoC5/VDAC8_PM.c ****     {
 100:Generated_Source\PSoC5/VDAC8_PM.c ****         /* VDAC8 is enabled */
 101:Generated_Source\PSoC5/VDAC8_PM.c ****         VDAC8_backup.enableState = 1u;
 367              		.loc 1 101 0
 368 000c 0122     		movs	r2, #1
 369 000e 064B     		ldr	r3, .L14+4
 370 0010 1A70     		strb	r2, [r3]
 371 0012 02E0     		b	.L12
 372              	.L11:
 102:Generated_Source\PSoC5/VDAC8_PM.c ****     }
 103:Generated_Source\PSoC5/VDAC8_PM.c ****     else
 104:Generated_Source\PSoC5/VDAC8_PM.c ****     {
 105:Generated_Source\PSoC5/VDAC8_PM.c ****         /* VDAC8 is disabled */
 106:Generated_Source\PSoC5/VDAC8_PM.c ****         VDAC8_backup.enableState = 0u;
 373              		.loc 1 106 0
 374 0014 0022     		movs	r2, #0
 375 0016 044B     		ldr	r3, .L14+4
 376 0018 1A70     		strb	r2, [r3]
 377              	.L12:
 107:Generated_Source\PSoC5/VDAC8_PM.c ****     }
 108:Generated_Source\PSoC5/VDAC8_PM.c ****     
 109:Generated_Source\PSoC5/VDAC8_PM.c ****     VDAC8_Stop();
 378              		.loc 1 109 0
ARM GAS  C:\Users\Luggi\AppData\Local\Temp\ccysKqFb.s 			page 23


 379 001a FFF7FEFF 		bl	VDAC8_Stop
 380              	.LVL0:
 110:Generated_Source\PSoC5/VDAC8_PM.c ****     VDAC8_SaveConfig();
 381              		.loc 1 110 0
 382 001e FFF7FEFF 		bl	VDAC8_SaveConfig
 383              	.LVL1:
 384 0022 08BD     		pop	{r3, pc}
 385              	.L15:
 386              		.align	2
 387              	.L14:
 388 0024 A8430040 		.word	1073759144
 389 0028 00000000 		.word	.LANCHOR0
 390              		.cfi_endproc
 391              	.LFE2:
 392              		.size	VDAC8_Sleep, .-VDAC8_Sleep
 393              		.section	.text.VDAC8_Wakeup,"ax",%progbits
 394              		.align	2
 395              		.global	VDAC8_Wakeup
 396              		.thumb
 397              		.thumb_func
 398              		.type	VDAC8_Wakeup, %function
 399              	VDAC8_Wakeup:
 400              	.LFB3:
 111:Generated_Source\PSoC5/VDAC8_PM.c **** }
 112:Generated_Source\PSoC5/VDAC8_PM.c **** 
 113:Generated_Source\PSoC5/VDAC8_PM.c **** 
 114:Generated_Source\PSoC5/VDAC8_PM.c **** /*******************************************************************************
 115:Generated_Source\PSoC5/VDAC8_PM.c **** * Function Name: VDAC8_Wakeup
 116:Generated_Source\PSoC5/VDAC8_PM.c **** ********************************************************************************
 117:Generated_Source\PSoC5/VDAC8_PM.c **** *
 118:Generated_Source\PSoC5/VDAC8_PM.c **** * Summary:
 119:Generated_Source\PSoC5/VDAC8_PM.c **** *  Restores and enables the user configuration
 120:Generated_Source\PSoC5/VDAC8_PM.c **** *  
 121:Generated_Source\PSoC5/VDAC8_PM.c **** * Parameters:  
 122:Generated_Source\PSoC5/VDAC8_PM.c **** *  void
 123:Generated_Source\PSoC5/VDAC8_PM.c **** *
 124:Generated_Source\PSoC5/VDAC8_PM.c **** * Return: 
 125:Generated_Source\PSoC5/VDAC8_PM.c **** *  void
 126:Generated_Source\PSoC5/VDAC8_PM.c **** *
 127:Generated_Source\PSoC5/VDAC8_PM.c **** * Global variables:
 128:Generated_Source\PSoC5/VDAC8_PM.c **** *  VDAC8_backup.enableState:  Is used to restore the enable state of 
 129:Generated_Source\PSoC5/VDAC8_PM.c **** *  block on wakeup from sleep mode.
 130:Generated_Source\PSoC5/VDAC8_PM.c **** *
 131:Generated_Source\PSoC5/VDAC8_PM.c **** *******************************************************************************/
 132:Generated_Source\PSoC5/VDAC8_PM.c **** void VDAC8_Wakeup(void) 
 133:Generated_Source\PSoC5/VDAC8_PM.c **** {
 401              		.loc 1 133 0
 402              		.cfi_startproc
 403              		@ args = 0, pretend = 0, frame = 0
 404              		@ frame_needed = 0, uses_anonymous_args = 0
 405 0000 08B5     		push	{r3, lr}
 406              		.cfi_def_cfa_offset 8
 407              		.cfi_offset 3, -8
 408              		.cfi_offset 14, -4
 134:Generated_Source\PSoC5/VDAC8_PM.c ****     VDAC8_RestoreConfig();
 409              		.loc 1 134 0
 410 0002 FFF7FEFF 		bl	VDAC8_RestoreConfig
ARM GAS  C:\Users\Luggi\AppData\Local\Temp\ccysKqFb.s 			page 24


 411              	.LVL2:
 135:Generated_Source\PSoC5/VDAC8_PM.c ****     
 136:Generated_Source\PSoC5/VDAC8_PM.c ****     if(VDAC8_backup.enableState == 1u)
 412              		.loc 1 136 0
 413 0006 054B     		ldr	r3, .L19
 414 0008 1B78     		ldrb	r3, [r3]	@ zero_extendqisi2
 415 000a 012B     		cmp	r3, #1
 416 000c 05D1     		bne	.L16
 137:Generated_Source\PSoC5/VDAC8_PM.c ****     {
 138:Generated_Source\PSoC5/VDAC8_PM.c ****         /* Enable VDAC8's operation */
 139:Generated_Source\PSoC5/VDAC8_PM.c ****         VDAC8_Enable();
 417              		.loc 1 139 0
 418 000e FFF7FEFF 		bl	VDAC8_Enable
 419              	.LVL3:
 140:Generated_Source\PSoC5/VDAC8_PM.c **** 
 141:Generated_Source\PSoC5/VDAC8_PM.c ****         /* Restore the data register */
 142:Generated_Source\PSoC5/VDAC8_PM.c ****         VDAC8_SetValue(VDAC8_Data);
 420              		.loc 1 142 0
 421 0012 034B     		ldr	r3, .L19+4
 422 0014 1878     		ldrb	r0, [r3]	@ zero_extendqisi2
 423 0016 FFF7FEFF 		bl	VDAC8_SetValue
 424              	.LVL4:
 425              	.L16:
 426 001a 08BD     		pop	{r3, pc}
 427              	.L20:
 428              		.align	2
 429              	.L19:
 430 001c 00000000 		.word	.LANCHOR0
 431 0020 825B0040 		.word	1073765250
 432              		.cfi_endproc
 433              	.LFE3:
 434              		.size	VDAC8_Wakeup, .-VDAC8_Wakeup
 435              		.bss
 436              		.align	2
 437              		.set	.LANCHOR0,. + 0
 438              		.type	VDAC8_backup, %object
 439              		.size	VDAC8_backup, 2
 440              	VDAC8_backup:
 441 0000 0000     		.space	2
 442 0002 0000     		.text
 443              	.Letext0:
 444              		.file 2 "Generated_Source\\PSoC5\\cytypes.h"
 445              		.file 3 "Generated_Source\\PSoC5\\VDAC8.h"
 446              		.section	.debug_info,"",%progbits
 447              	.Ldebug_info0:
 448 0000 6D010000 		.4byte	0x16d
 449 0004 0400     		.2byte	0x4
 450 0006 00000000 		.4byte	.Ldebug_abbrev0
 451 000a 04       		.byte	0x4
 452 000b 01       		.uleb128 0x1
 453 000c 9F000000 		.4byte	.LASF23
 454 0010 01       		.byte	0x1
 455 0011 ED010000 		.4byte	.LASF24
 456 0015 4F000000 		.4byte	.LASF25
 457 0019 00000000 		.4byte	.Ldebug_ranges0+0
 458 001d 00000000 		.4byte	0
 459 0021 00000000 		.4byte	.Ldebug_line0
ARM GAS  C:\Users\Luggi\AppData\Local\Temp\ccysKqFb.s 			page 25


 460 0025 02       		.uleb128 0x2
 461 0026 01       		.byte	0x1
 462 0027 06       		.byte	0x6
 463 0028 24020000 		.4byte	.LASF0
 464 002c 02       		.uleb128 0x2
 465 002d 01       		.byte	0x1
 466 002e 08       		.byte	0x8
 467 002f 68010000 		.4byte	.LASF1
 468 0033 02       		.uleb128 0x2
 469 0034 02       		.byte	0x2
 470 0035 05       		.byte	0x5
 471 0036 DD010000 		.4byte	.LASF2
 472 003a 02       		.uleb128 0x2
 473 003b 02       		.byte	0x2
 474 003c 07       		.byte	0x7
 475 003d 4A010000 		.4byte	.LASF3
 476 0041 02       		.uleb128 0x2
 477 0042 04       		.byte	0x4
 478 0043 05       		.byte	0x5
 479 0044 0F020000 		.4byte	.LASF4
 480 0048 02       		.uleb128 0x2
 481 0049 04       		.byte	0x4
 482 004a 07       		.byte	0x7
 483 004b 38010000 		.4byte	.LASF5
 484 004f 02       		.uleb128 0x2
 485 0050 08       		.byte	0x8
 486 0051 05       		.byte	0x5
 487 0052 CA010000 		.4byte	.LASF6
 488 0056 02       		.uleb128 0x2
 489 0057 08       		.byte	0x8
 490 0058 07       		.byte	0x7
 491 0059 A4010000 		.4byte	.LASF7
 492 005d 03       		.uleb128 0x3
 493 005e 04       		.byte	0x4
 494 005f 05       		.byte	0x5
 495 0060 696E7400 		.ascii	"int\000"
 496 0064 02       		.uleb128 0x2
 497 0065 04       		.byte	0x4
 498 0066 07       		.byte	0x7
 499 0067 8A010000 		.4byte	.LASF8
 500 006b 04       		.uleb128 0x4
 501 006c E7010000 		.4byte	.LASF12
 502 0070 02       		.byte	0x2
 503 0071 9201     		.2byte	0x192
 504 0073 2C000000 		.4byte	0x2c
 505 0077 02       		.uleb128 0x2
 506 0078 04       		.byte	0x4
 507 0079 04       		.byte	0x4
 508 007a 3D000000 		.4byte	.LASF9
 509 007e 02       		.uleb128 0x2
 510 007f 08       		.byte	0x8
 511 0080 04       		.byte	0x4
 512 0081 76010000 		.4byte	.LASF10
 513 0085 02       		.uleb128 0x2
 514 0086 01       		.byte	0x1
 515 0087 08       		.byte	0x8
 516 0088 D8010000 		.4byte	.LASF11
ARM GAS  C:\Users\Luggi\AppData\Local\Temp\ccysKqFb.s 			page 26


 517 008c 04       		.uleb128 0x4
 518 008d 33010000 		.4byte	.LASF13
 519 0091 02       		.byte	0x2
 520 0092 3C02     		.2byte	0x23c
 521 0094 98000000 		.4byte	0x98
 522 0098 05       		.uleb128 0x5
 523 0099 6B000000 		.4byte	0x6b
 524 009d 06       		.uleb128 0x6
 525 009e 02       		.byte	0x2
 526 009f 03       		.byte	0x3
 527 00a0 25       		.byte	0x25
 528 00a1 BE000000 		.4byte	0xbe
 529 00a5 07       		.uleb128 0x7
 530 00a6 18020000 		.4byte	.LASF14
 531 00aa 03       		.byte	0x3
 532 00ab 27       		.byte	0x27
 533 00ac 6B000000 		.4byte	0x6b
 534 00b0 00       		.byte	0
 535 00b1 07       		.uleb128 0x7
 536 00b2 32000000 		.4byte	.LASF15
 537 00b6 03       		.byte	0x3
 538 00b7 28       		.byte	0x28
 539 00b8 6B000000 		.4byte	0x6b
 540 00bc 01       		.byte	0x1
 541 00bd 00       		.byte	0
 542 00be 08       		.uleb128 0x8
 543 00bf 30020000 		.4byte	.LASF16
 544 00c3 03       		.byte	0x3
 545 00c4 29       		.byte	0x29
 546 00c5 9D000000 		.4byte	0x9d
 547 00c9 09       		.uleb128 0x9
 548 00ca 14000000 		.4byte	.LASF17
 549 00ce 01       		.byte	0x1
 550 00cf 25       		.byte	0x25
 551 00d0 00000000 		.4byte	.LFB0
 552 00d4 20000000 		.4byte	.LFE0-.LFB0
 553 00d8 01       		.uleb128 0x1
 554 00d9 9C       		.byte	0x9c
 555 00da 09       		.uleb128 0x9
 556 00db 00000000 		.4byte	.LASF18
 557 00df 01       		.byte	0x1
 558 00e0 3C       		.byte	0x3c
 559 00e1 00000000 		.4byte	.LFB1
 560 00e5 4C000000 		.4byte	.LFE1-.LFB1
 561 00e9 01       		.uleb128 0x1
 562 00ea 9C       		.byte	0x9c
 563 00eb 0A       		.uleb128 0xa
 564 00ec 43000000 		.4byte	.LASF19
 565 00f0 01       		.byte	0x1
 566 00f1 5F       		.byte	0x5f
 567 00f2 00000000 		.4byte	.LFB2
 568 00f6 2C000000 		.4byte	.LFE2-.LFB2
 569 00fa 01       		.uleb128 0x1
 570 00fb 9C       		.byte	0x9c
 571 00fc 13010000 		.4byte	0x113
 572 0100 0B       		.uleb128 0xb
 573 0101 1E000000 		.4byte	.LVL0
ARM GAS  C:\Users\Luggi\AppData\Local\Temp\ccysKqFb.s 			page 27


 574 0105 55010000 		.4byte	0x155
 575 0109 0B       		.uleb128 0xb
 576 010a 22000000 		.4byte	.LVL1
 577 010e C9000000 		.4byte	0xc9
 578 0112 00       		.byte	0
 579 0113 0A       		.uleb128 0xa
 580 0114 97010000 		.4byte	.LASF20
 581 0118 01       		.byte	0x1
 582 0119 84       		.byte	0x84
 583 011a 00000000 		.4byte	.LFB3
 584 011e 24000000 		.4byte	.LFE3-.LFB3
 585 0122 01       		.uleb128 0x1
 586 0123 9C       		.byte	0x9c
 587 0124 44010000 		.4byte	0x144
 588 0128 0B       		.uleb128 0xb
 589 0129 06000000 		.4byte	.LVL2
 590 012d DA000000 		.4byte	0xda
 591 0131 0B       		.uleb128 0xb
 592 0132 12000000 		.4byte	.LVL3
 593 0136 5C010000 		.4byte	0x15c
 594 013a 0B       		.uleb128 0xb
 595 013b 1A000000 		.4byte	.LVL4
 596 013f 63010000 		.4byte	0x163
 597 0143 00       		.byte	0
 598 0144 0C       		.uleb128 0xc
 599 0145 7D010000 		.4byte	.LASF26
 600 0149 01       		.byte	0x1
 601 014a 15       		.byte	0x15
 602 014b BE000000 		.4byte	0xbe
 603 014f 05       		.uleb128 0x5
 604 0150 03       		.byte	0x3
 605 0151 00000000 		.4byte	VDAC8_backup
 606 0155 0D       		.uleb128 0xd
 607 0156 5D010000 		.4byte	.LASF21
 608 015a 03       		.byte	0x3
 609 015b 34       		.byte	0x34
 610 015c 0D       		.uleb128 0xd
 611 015d 25000000 		.4byte	.LASF22
 612 0161 03       		.byte	0x3
 613 0162 3A       		.byte	0x3a
 614 0163 0E       		.uleb128 0xe
 615 0164 BB010000 		.4byte	.LASF27
 616 0168 03       		.byte	0x3
 617 0169 37       		.byte	0x37
 618 016a 0F       		.uleb128 0xf
 619 016b 6B000000 		.4byte	0x6b
 620 016f 00       		.byte	0
 621 0170 00       		.byte	0
 622              		.section	.debug_abbrev,"",%progbits
 623              	.Ldebug_abbrev0:
 624 0000 01       		.uleb128 0x1
 625 0001 11       		.uleb128 0x11
 626 0002 01       		.byte	0x1
 627 0003 25       		.uleb128 0x25
 628 0004 0E       		.uleb128 0xe
 629 0005 13       		.uleb128 0x13
 630 0006 0B       		.uleb128 0xb
ARM GAS  C:\Users\Luggi\AppData\Local\Temp\ccysKqFb.s 			page 28


 631 0007 03       		.uleb128 0x3
 632 0008 0E       		.uleb128 0xe
 633 0009 1B       		.uleb128 0x1b
 634 000a 0E       		.uleb128 0xe
 635 000b 55       		.uleb128 0x55
 636 000c 17       		.uleb128 0x17
 637 000d 11       		.uleb128 0x11
 638 000e 01       		.uleb128 0x1
 639 000f 10       		.uleb128 0x10
 640 0010 17       		.uleb128 0x17
 641 0011 00       		.byte	0
 642 0012 00       		.byte	0
 643 0013 02       		.uleb128 0x2
 644 0014 24       		.uleb128 0x24
 645 0015 00       		.byte	0
 646 0016 0B       		.uleb128 0xb
 647 0017 0B       		.uleb128 0xb
 648 0018 3E       		.uleb128 0x3e
 649 0019 0B       		.uleb128 0xb
 650 001a 03       		.uleb128 0x3
 651 001b 0E       		.uleb128 0xe
 652 001c 00       		.byte	0
 653 001d 00       		.byte	0
 654 001e 03       		.uleb128 0x3
 655 001f 24       		.uleb128 0x24
 656 0020 00       		.byte	0
 657 0021 0B       		.uleb128 0xb
 658 0022 0B       		.uleb128 0xb
 659 0023 3E       		.uleb128 0x3e
 660 0024 0B       		.uleb128 0xb
 661 0025 03       		.uleb128 0x3
 662 0026 08       		.uleb128 0x8
 663 0027 00       		.byte	0
 664 0028 00       		.byte	0
 665 0029 04       		.uleb128 0x4
 666 002a 16       		.uleb128 0x16
 667 002b 00       		.byte	0
 668 002c 03       		.uleb128 0x3
 669 002d 0E       		.uleb128 0xe
 670 002e 3A       		.uleb128 0x3a
 671 002f 0B       		.uleb128 0xb
 672 0030 3B       		.uleb128 0x3b
 673 0031 05       		.uleb128 0x5
 674 0032 49       		.uleb128 0x49
 675 0033 13       		.uleb128 0x13
 676 0034 00       		.byte	0
 677 0035 00       		.byte	0
 678 0036 05       		.uleb128 0x5
 679 0037 35       		.uleb128 0x35
 680 0038 00       		.byte	0
 681 0039 49       		.uleb128 0x49
 682 003a 13       		.uleb128 0x13
 683 003b 00       		.byte	0
 684 003c 00       		.byte	0
 685 003d 06       		.uleb128 0x6
 686 003e 13       		.uleb128 0x13
 687 003f 01       		.byte	0x1
ARM GAS  C:\Users\Luggi\AppData\Local\Temp\ccysKqFb.s 			page 29


 688 0040 0B       		.uleb128 0xb
 689 0041 0B       		.uleb128 0xb
 690 0042 3A       		.uleb128 0x3a
 691 0043 0B       		.uleb128 0xb
 692 0044 3B       		.uleb128 0x3b
 693 0045 0B       		.uleb128 0xb
 694 0046 01       		.uleb128 0x1
 695 0047 13       		.uleb128 0x13
 696 0048 00       		.byte	0
 697 0049 00       		.byte	0
 698 004a 07       		.uleb128 0x7
 699 004b 0D       		.uleb128 0xd
 700 004c 00       		.byte	0
 701 004d 03       		.uleb128 0x3
 702 004e 0E       		.uleb128 0xe
 703 004f 3A       		.uleb128 0x3a
 704 0050 0B       		.uleb128 0xb
 705 0051 3B       		.uleb128 0x3b
 706 0052 0B       		.uleb128 0xb
 707 0053 49       		.uleb128 0x49
 708 0054 13       		.uleb128 0x13
 709 0055 38       		.uleb128 0x38
 710 0056 0B       		.uleb128 0xb
 711 0057 00       		.byte	0
 712 0058 00       		.byte	0
 713 0059 08       		.uleb128 0x8
 714 005a 16       		.uleb128 0x16
 715 005b 00       		.byte	0
 716 005c 03       		.uleb128 0x3
 717 005d 0E       		.uleb128 0xe
 718 005e 3A       		.uleb128 0x3a
 719 005f 0B       		.uleb128 0xb
 720 0060 3B       		.uleb128 0x3b
 721 0061 0B       		.uleb128 0xb
 722 0062 49       		.uleb128 0x49
 723 0063 13       		.uleb128 0x13
 724 0064 00       		.byte	0
 725 0065 00       		.byte	0
 726 0066 09       		.uleb128 0x9
 727 0067 2E       		.uleb128 0x2e
 728 0068 00       		.byte	0
 729 0069 3F       		.uleb128 0x3f
 730 006a 19       		.uleb128 0x19
 731 006b 03       		.uleb128 0x3
 732 006c 0E       		.uleb128 0xe
 733 006d 3A       		.uleb128 0x3a
 734 006e 0B       		.uleb128 0xb
 735 006f 3B       		.uleb128 0x3b
 736 0070 0B       		.uleb128 0xb
 737 0071 27       		.uleb128 0x27
 738 0072 19       		.uleb128 0x19
 739 0073 11       		.uleb128 0x11
 740 0074 01       		.uleb128 0x1
 741 0075 12       		.uleb128 0x12
 742 0076 06       		.uleb128 0x6
 743 0077 40       		.uleb128 0x40
 744 0078 18       		.uleb128 0x18
ARM GAS  C:\Users\Luggi\AppData\Local\Temp\ccysKqFb.s 			page 30


 745 0079 9742     		.uleb128 0x2117
 746 007b 19       		.uleb128 0x19
 747 007c 00       		.byte	0
 748 007d 00       		.byte	0
 749 007e 0A       		.uleb128 0xa
 750 007f 2E       		.uleb128 0x2e
 751 0080 01       		.byte	0x1
 752 0081 3F       		.uleb128 0x3f
 753 0082 19       		.uleb128 0x19
 754 0083 03       		.uleb128 0x3
 755 0084 0E       		.uleb128 0xe
 756 0085 3A       		.uleb128 0x3a
 757 0086 0B       		.uleb128 0xb
 758 0087 3B       		.uleb128 0x3b
 759 0088 0B       		.uleb128 0xb
 760 0089 27       		.uleb128 0x27
 761 008a 19       		.uleb128 0x19
 762 008b 11       		.uleb128 0x11
 763 008c 01       		.uleb128 0x1
 764 008d 12       		.uleb128 0x12
 765 008e 06       		.uleb128 0x6
 766 008f 40       		.uleb128 0x40
 767 0090 18       		.uleb128 0x18
 768 0091 9742     		.uleb128 0x2117
 769 0093 19       		.uleb128 0x19
 770 0094 01       		.uleb128 0x1
 771 0095 13       		.uleb128 0x13
 772 0096 00       		.byte	0
 773 0097 00       		.byte	0
 774 0098 0B       		.uleb128 0xb
 775 0099 898201   		.uleb128 0x4109
 776 009c 00       		.byte	0
 777 009d 11       		.uleb128 0x11
 778 009e 01       		.uleb128 0x1
 779 009f 31       		.uleb128 0x31
 780 00a0 13       		.uleb128 0x13
 781 00a1 00       		.byte	0
 782 00a2 00       		.byte	0
 783 00a3 0C       		.uleb128 0xc
 784 00a4 34       		.uleb128 0x34
 785 00a5 00       		.byte	0
 786 00a6 03       		.uleb128 0x3
 787 00a7 0E       		.uleb128 0xe
 788 00a8 3A       		.uleb128 0x3a
 789 00a9 0B       		.uleb128 0xb
 790 00aa 3B       		.uleb128 0x3b
 791 00ab 0B       		.uleb128 0xb
 792 00ac 49       		.uleb128 0x49
 793 00ad 13       		.uleb128 0x13
 794 00ae 02       		.uleb128 0x2
 795 00af 18       		.uleb128 0x18
 796 00b0 00       		.byte	0
 797 00b1 00       		.byte	0
 798 00b2 0D       		.uleb128 0xd
 799 00b3 2E       		.uleb128 0x2e
 800 00b4 00       		.byte	0
 801 00b5 3F       		.uleb128 0x3f
ARM GAS  C:\Users\Luggi\AppData\Local\Temp\ccysKqFb.s 			page 31


 802 00b6 19       		.uleb128 0x19
 803 00b7 03       		.uleb128 0x3
 804 00b8 0E       		.uleb128 0xe
 805 00b9 3A       		.uleb128 0x3a
 806 00ba 0B       		.uleb128 0xb
 807 00bb 3B       		.uleb128 0x3b
 808 00bc 0B       		.uleb128 0xb
 809 00bd 27       		.uleb128 0x27
 810 00be 19       		.uleb128 0x19
 811 00bf 3C       		.uleb128 0x3c
 812 00c0 19       		.uleb128 0x19
 813 00c1 00       		.byte	0
 814 00c2 00       		.byte	0
 815 00c3 0E       		.uleb128 0xe
 816 00c4 2E       		.uleb128 0x2e
 817 00c5 01       		.byte	0x1
 818 00c6 3F       		.uleb128 0x3f
 819 00c7 19       		.uleb128 0x19
 820 00c8 03       		.uleb128 0x3
 821 00c9 0E       		.uleb128 0xe
 822 00ca 3A       		.uleb128 0x3a
 823 00cb 0B       		.uleb128 0xb
 824 00cc 3B       		.uleb128 0x3b
 825 00cd 0B       		.uleb128 0xb
 826 00ce 27       		.uleb128 0x27
 827 00cf 19       		.uleb128 0x19
 828 00d0 3C       		.uleb128 0x3c
 829 00d1 19       		.uleb128 0x19
 830 00d2 00       		.byte	0
 831 00d3 00       		.byte	0
 832 00d4 0F       		.uleb128 0xf
 833 00d5 05       		.uleb128 0x5
 834 00d6 00       		.byte	0
 835 00d7 49       		.uleb128 0x49
 836 00d8 13       		.uleb128 0x13
 837 00d9 00       		.byte	0
 838 00da 00       		.byte	0
 839 00db 00       		.byte	0
 840              		.section	.debug_aranges,"",%progbits
 841 0000 34000000 		.4byte	0x34
 842 0004 0200     		.2byte	0x2
 843 0006 00000000 		.4byte	.Ldebug_info0
 844 000a 04       		.byte	0x4
 845 000b 00       		.byte	0
 846 000c 0000     		.2byte	0
 847 000e 0000     		.2byte	0
 848 0010 00000000 		.4byte	.LFB0
 849 0014 20000000 		.4byte	.LFE0-.LFB0
 850 0018 00000000 		.4byte	.LFB1
 851 001c 4C000000 		.4byte	.LFE1-.LFB1
 852 0020 00000000 		.4byte	.LFB2
 853 0024 2C000000 		.4byte	.LFE2-.LFB2
 854 0028 00000000 		.4byte	.LFB3
 855 002c 24000000 		.4byte	.LFE3-.LFB3
 856 0030 00000000 		.4byte	0
 857 0034 00000000 		.4byte	0
 858              		.section	.debug_ranges,"",%progbits
ARM GAS  C:\Users\Luggi\AppData\Local\Temp\ccysKqFb.s 			page 32


 859              	.Ldebug_ranges0:
 860 0000 00000000 		.4byte	.LFB0
 861 0004 20000000 		.4byte	.LFE0
 862 0008 00000000 		.4byte	.LFB1
 863 000c 4C000000 		.4byte	.LFE1
 864 0010 00000000 		.4byte	.LFB2
 865 0014 2C000000 		.4byte	.LFE2
 866 0018 00000000 		.4byte	.LFB3
 867 001c 24000000 		.4byte	.LFE3
 868 0020 00000000 		.4byte	0
 869 0024 00000000 		.4byte	0
 870              		.section	.debug_line,"",%progbits
 871              	.Ldebug_line0:
 872 0000 A5000000 		.section	.debug_str,"MS",%progbits,1
 872      02005000 
 872      00000201 
 872      FB0E0D00 
 872      01010101 
 873              	.LASF18:
 874 0000 56444143 		.ascii	"VDAC8_RestoreConfig\000"
 874      385F5265 
 874      73746F72 
 874      65436F6E 
 874      66696700 
 875              	.LASF17:
 876 0014 56444143 		.ascii	"VDAC8_SaveConfig\000"
 876      385F5361 
 876      7665436F 
 876      6E666967 
 876      00
 877              	.LASF22:
 878 0025 56444143 		.ascii	"VDAC8_Enable\000"
 878      385F456E 
 878      61626C65 
 878      00
 879              	.LASF15:
 880 0032 64617461 		.ascii	"data_value\000"
 880      5F76616C 
 880      756500
 881              	.LASF9:
 882 003d 666C6F61 		.ascii	"float\000"
 882      7400
 883              	.LASF19:
 884 0043 56444143 		.ascii	"VDAC8_Sleep\000"
 884      385F536C 
 884      65657000 
 885              	.LASF25:
 886 004f 433A5C55 		.ascii	"C:\\Users\\Luggi\\Documents\\GitHub\\laserschutzsch"
 886      73657273 
 886      5C4C7567 
 886      67695C44 
 886      6F63756D 
 887 007d 616C7475 		.ascii	"altung\\Laserschutzschaltung.cydsn\000"
 887      6E675C4C 
 887      61736572 
 887      73636875 
 887      747A7363 
ARM GAS  C:\Users\Luggi\AppData\Local\Temp\ccysKqFb.s 			page 33


 888              	.LASF23:
 889 009f 474E5520 		.ascii	"GNU C 4.9.3 20150303 (release) [ARM/embedded-4_9-br"
 889      4320342E 
 889      392E3320 
 889      32303135 
 889      30333033 
 890 00d2 616E6368 		.ascii	"anch revision 221220] -mcpu=cortex-m3 -mthumb -g -O"
 890      20726576 
 890      6973696F 
 890      6E203232 
 890      31323230 
 891 0105 67202D66 		.ascii	"g -ffunction-sections -flto -ffat-lto-objects\000"
 891      66756E63 
 891      74696F6E 
 891      2D736563 
 891      74696F6E 
 892              	.LASF13:
 893 0133 72656738 		.ascii	"reg8\000"
 893      00
 894              	.LASF5:
 895 0138 6C6F6E67 		.ascii	"long unsigned int\000"
 895      20756E73 
 895      69676E65 
 895      6420696E 
 895      7400
 896              	.LASF3:
 897 014a 73686F72 		.ascii	"short unsigned int\000"
 897      7420756E 
 897      7369676E 
 897      65642069 
 897      6E7400
 898              	.LASF21:
 899 015d 56444143 		.ascii	"VDAC8_Stop\000"
 899      385F5374 
 899      6F7000
 900              	.LASF1:
 901 0168 756E7369 		.ascii	"unsigned char\000"
 901      676E6564 
 901      20636861 
 901      7200
 902              	.LASF10:
 903 0176 646F7562 		.ascii	"double\000"
 903      6C6500
 904              	.LASF26:
 905 017d 56444143 		.ascii	"VDAC8_backup\000"
 905      385F6261 
 905      636B7570 
 905      00
 906              	.LASF8:
 907 018a 756E7369 		.ascii	"unsigned int\000"
 907      676E6564 
 907      20696E74 
 907      00
 908              	.LASF20:
 909 0197 56444143 		.ascii	"VDAC8_Wakeup\000"
 909      385F5761 
 909      6B657570 
ARM GAS  C:\Users\Luggi\AppData\Local\Temp\ccysKqFb.s 			page 34


 909      00
 910              	.LASF7:
 911 01a4 6C6F6E67 		.ascii	"long long unsigned int\000"
 911      206C6F6E 
 911      6720756E 
 911      7369676E 
 911      65642069 
 912              	.LASF27:
 913 01bb 56444143 		.ascii	"VDAC8_SetValue\000"
 913      385F5365 
 913      7456616C 
 913      756500
 914              	.LASF6:
 915 01ca 6C6F6E67 		.ascii	"long long int\000"
 915      206C6F6E 
 915      6720696E 
 915      7400
 916              	.LASF11:
 917 01d8 63686172 		.ascii	"char\000"
 917      00
 918              	.LASF2:
 919 01dd 73686F72 		.ascii	"short int\000"
 919      7420696E 
 919      7400
 920              	.LASF12:
 921 01e7 75696E74 		.ascii	"uint8\000"
 921      3800
 922              	.LASF24:
 923 01ed 47656E65 		.ascii	"Generated_Source\\PSoC5\\VDAC8_PM.c\000"
 923      72617465 
 923      645F536F 
 923      75726365 
 923      5C50536F 
 924              	.LASF4:
 925 020f 6C6F6E67 		.ascii	"long int\000"
 925      20696E74 
 925      00
 926              	.LASF14:
 927 0218 656E6162 		.ascii	"enableState\000"
 927      6C655374 
 927      61746500 
 928              	.LASF0:
 929 0224 7369676E 		.ascii	"signed char\000"
 929      65642063 
 929      68617200 
 930              	.LASF16:
 931 0230 56444143 		.ascii	"VDAC8_backupStruct\000"
 931      385F6261 
 931      636B7570 
 931      53747275 
 931      637400
 932              		.comm	__gnu_lto_v1,1,1
 933              		.ident	"GCC: (GNU Tools for ARM Embedded Processors) 4.9.3 20150303 (release) [ARM/embedded-4_9-br
